Parallel: 128 MPI processes (using MPI)
Parallel: MPI Level Required: 0, provided: 0
Date:       Thu Aug 25 11:44:18 2022
Machine:    ash381
git branch:wasatch-low-cost-integ-cmake
git date:   Sat Jul 30 10:34:22 2022 -0600
git hash:   9315f9f96fa6304db4fe79378b145f37ea40016d
Assertion level: 0
CFLAGS:          
CXXFLAGS:        
______________________________________________________________________
Application Component: 	'wasatch'

-------------------------------------------------------------
Wasatch was built against:
  SpatialOps HASH: bd7a2bac76e42e2cb528b02e2cf1291d05c71926
             DATE: Fri Nov 12 11:34:54 2021 -0700
     ExprLib HASH: d2950c77edb22e5f3669ddaaf2d2ed29ceb24d2c
             DATE: Thu Aug 5 12:26:26 2021 -0600
    TabProps HASH: eca0dc5f26b20d4f6b1cebe51b1ae97e11871e83
             DATE: Wed Aug 11 20:11:26 2021 -0600
-------------------------------------------------------------

Linear Solver: 		hypre
Load Balancer: 		Simple
Scheduler: 		MPI
Patch layout: 		(8,4,4)
Grid statistics:
Number of levels:		1
Level 0:
  Periodic boundaries:		[int 1, 1, 1]
  Number of patches:		128
  Total number of cells:	4194304 (32768 avg. per patch)
Total patches in grid:		128
Total cells in grid:		4194304 (32768 avg. per patch)

Using small, individual MPI messages (no message combining)
Detected solver: hypre
SETTING UP CONVECTIVE FLUX EXPRESSION IN X DIRECTION USING CENTRAL
SETTING UP CONVECTIVE FLUX EXPRESSION IN Y DIRECTION USING CENTRAL
SETTING UP CONVECTIVE FLUX EXPRESSION IN Z DIRECTION USING CENTRAL
Setting initial conditions for scalability test equation: scalability0
SETTING UP CONVECTIVE FLUX EXPRESSION IN X DIRECTION USING CENTRAL
SETTING UP CONVECTIVE FLUX EXPRESSION IN Y DIRECTION USING CENTRAL
SETTING UP CONVECTIVE FLUX EXPRESSION IN Z DIRECTION USING CENTRAL
Setting initial conditions for scalability test equation: scalability1
SETTING UP CONVECTIVE FLUX EXPRESSION IN X DIRECTION USING CENTRAL
SETTING UP CONVECTIVE FLUX EXPRESSION IN Y DIRECTION USING CENTRAL
SETTING UP CONVECTIVE FLUX EXPRESSION IN Z DIRECTION USING CENTRAL
Setting initial conditions for scalability test equation: scalability2
SETTING UP CONVECTIVE FLUX EXPRESSION IN X DIRECTION USING CENTRAL
SETTING UP CONVECTIVE FLUX EXPRESSION IN Y DIRECTION USING CENTRAL
SETTING UP CONVECTIVE FLUX EXPRESSION IN Z DIRECTION USING CENTRAL
Setting initial conditions for scalability test equation: scalability3
SETTING UP CONVECTIVE FLUX EXPRESSION IN X DIRECTION USING CENTRAL
SETTING UP CONVECTIVE FLUX EXPRESSION IN Y DIRECTION USING CENTRAL
SETTING UP CONVECTIVE FLUX EXPRESSION IN Z DIRECTION USING CENTRAL
Setting initial conditions for scalability test equation: scalability4
------------------------------------------------
No BoundaryConditions specified
  This message will only occur once

Compiling initialization taskgraph.
------------------------------------------------
SETTING INITIAL BOUNDARY CONDITIONS:
------------------------------------------------
Setting Initial BCs for transport equation 'scalability0'
Setting Initial BCs for transport equation 'scalability1'
Setting Initial BCs for transport equation 'scalability2'
Setting Initial BCs for transport equation 'scalability3'
Setting Initial BCs for transport equation 'scalability4'
------------------------------------------------
Wasatch: done creating initialization task(s)
Scheduling Task 'compute timestep' COMPUTES 'delT' in NEW data warehouse
Wasatch: done creating timestep task(s)
Done with taskgraph compile (0.000175703 seconds)
Warning: addContribution not implemented for LoadBalancerCommon.
WARNING at time step 0 and sim time 0 : lowering the next delT from 1 to the maximum: 1e-05

________________________________________________________________________________
--------------------------------------------------------------------------------
MPIStats:+
--------------------------------------------------------------------------------
                Name:       Total:         Avg:         Min:         Max:    Max rank: Hist %% [  Q1 |  Q2 |  Q3 |  Q4 ]:  %%Load Imbalance
         Count: Comm:          128            1            1            1          126           100.0   0.0   0.0   0.0     0.0
         Count: Gath:          256            2            2            2          126           100.0   0.0   0.0   0.0     0.0
         Count: Redu:          128            1            1            1          126           100.0   0.0   0.0   0.0     0.0
          Time: Comm:     0.351 s       2.74 ms     0.657 ms      6.99 ms           58            35.9  42.2  14.1   7.8    60.7
          Time: Gath:        18 s      0.141 s       21.6 ms     0.174 s            94            14.1   0.0   1.6  84.4    19.3
          Time: Redu:      6.35 s       49.6 ms     0.136 ms      65.3 ms           93            14.8   3.1  10.9  71.1    24.1
Volume Recv TOTAL   :       213 KB      1.67 KB      1.67 KB      1.67 KB          126           100.0   0.0   0.0   0.0     0.0
Volume Recv0: <= 64B:          128            1            1            1          126           100.0   0.0   0.0   0.0     0.0
Volume Recv1: <= 4KB:          256            2            2            2          126           100.0   0.0   0.0   0.0     0.0
Volume Send TOTAL   :      34.5 KB     276.25 B        273 B        277 B          102            18.8   0.0   0.0  81.2     0.3
Volume Send0: <= 64B:          256            2            2            2          126           100.0   0.0   0.0   0.0     0.0
Volume Send1: <= 4KB:          128            1            1            1          126           100.0   0.0   0.0   0.0     0.0


Simulation and run time stats are reported at the end of each time step
EMA == Wall time as an exponential moving average using a window of the last 10 time steps
Timestep 0       Time=0           Next delT=1e-05       Wall Time=0.216079  EMA=0.211214    Memory Used=126.39 MBs (avg) 127.18 MBs (max on rank: 26    )
Warning: finalizeContributions not implemented for LoadBalancerCommon.
Warning: resetCostForecaster not implemented for LoadBalancerCommon.
Compiling taskgraph(s)...
------------------------------------------------
SETTING BOUNDARY CONDITIONS:
------------------------------------------------
Setting BCs for transport equation 'scalability0'
Setting BCs for transport equation 'scalability1'
Setting BCs for transport equation 'scalability2'
Setting BCs for transport equation 'scalability3'
Setting BCs for transport equation 'scalability4'
------------------------------------------------
Wasatch: done creating solution task(s)
Wasatch: done creating solution task(s)
Wasatch: done creating post-processing task(s)
Scheduling Task 'compute timestep' COMPUTES 'delT' in NEW data warehouse
Wasatch: done creating timestep task(s)
Done with taskgraph compile (0.0318624 seconds)

________________________________________________________________________________
--------------------------------------------------------------------------------
MPIStats:+
--------------------------------------------------------------------------------
                Name:       Total:         Avg:         Min:         Max:    Max rank: Hist %% [  Q1 |  Q2 |  Q3 |  Q4 ]:  %%Load Imbalance
         Count: Recv:     6.66e+03           52           52           52          126           100.0   0.0   0.0   0.0     0.0
         Count: Redu:     1.02e+03            8            8            8          126           100.0   0.0   0.0   0.0     0.0
         Count: Send:     6.66e+03           52           52           52          126           100.0   0.0   0.0   0.0     0.0
         Count: Test:      1.1e+03         8.56            8           14          127            87.5   3.1   6.2   3.1    38.8
         Count: Wait:     1.23e+04           96           96           96          126           100.0   0.0   0.0   0.0     0.0
          Time: Recv:      10.7 ms    0.0838 ms    0.0288 ms     0.349 ms          101            83.6  12.5   2.3   1.6    76.0
          Time: Redu:      3.89 s       30.4 ms     0.364 ms      58.4 ms           74            25.0  21.9  28.1  25.0    47.9
          Time: Send:      9.07 s       70.8 ms      55.3 ms        83 ms           11             3.9  32.0  53.1  10.9    14.6
          Time: Test:     0.357 s       2.79 ms    0.0101 ms      9.86 ms           59            60.9  12.5  11.7  14.8    71.7
          Time: Wait:      4.38 s       34.2 ms      2.76 ms      69.1 ms           39            23.4  38.3  14.8  23.4    50.5
Volume Recv TOTAL   :       115 MB       919 KB       919 KB       921 KB            0            99.2   0.0   0.0   0.8     0.2
Volume Recv0: <= 64B:     1.15e+03         9.01            9           10            0            99.2   0.0   0.0   0.8     9.9
Volume Recv1: <= 4KB:     4.23e+03           33           33           38            0            99.2   0.0   0.0   0.8    13.1
Volume Recv2: <= 2MB:     1.54e+03           12           12           12          126           100.0   0.0   0.0   0.0     0.0
Volume Send TOTAL   :       115 MB       921 KB       921 KB       921 KB          126           100.0   0.0   0.0   0.0     0.0
Volume Send0: <= 64B:     1.28e+03           10           10           10          126           100.0   0.0   0.0   0.0     0.0
Volume Send1: <= 4KB:     4.86e+03           38           38           38          126           100.0   0.0   0.0   0.0     0.0
Volume Send2: <= 2MB:     1.54e+03           12           12           12          126           100.0   0.0   0.0   0.0     0.0

Timestep 1       Time=1e-05       Next delT=1e-05       Wall Time=0.406039  EMA=0.189907    Memory Used=137.02 MBs (avg) 137.88 MBs (max on rank: 80    )
Runtime Summary  summary stats for time step 1 at time=1e-05
  Description       Units       Minimum           Rank   Average (128)     Std. Dev.         Maximum           Rank   100*(1-ave/max) '% load imbalance'
  Compilation       [seconds] : 0.0111964       : 32   : 0.0140593       : 0.00335096      : 0.0318624       : 0    : 55.8748
  TaskExec          [seconds] : 0.103566        : 39   : 0.135023        : 0.0150421       : 0.160885        : 11   : 16.0744
  TaskLocalComm     [seconds] : 0.0596152       : 56   : 0.075881        : 0.00503415      : 0.0875907       : 11   : 13.3687
  TaskWaitCommTime  [seconds] : 0.00354873      : 11   : 0.0350401       : 0.0177877       : 0.0699291       : 39   : 49.8919
  NumberOfTasks     [tasks  ] : 8               : 0    : 8               : 0               : 8               : 0    : 0
  NumberOfPatches   [patches] : 1               : 0    : 1               : 0               : 1               : 0    : 0
  NumberOfCells     [cells  ] : 32768           : 0    : 32768           : 0               : 32768           : 0    : 0
  SCIMemoryUsed     [MBytes ] : 1.36204e+08     : 37   : 1.37025e+08     : 300511          : 1.37875e+08     : 80   : 0.61709
  SCIMemoryMaxUsed  [MBytes ] : 1.36204e+08     : 37   : 1.37025e+08     : 300511          : 1.37875e+08     : 80   : 0.61709
  MemoryUsed        [MBytes ] : 7.51796e+08     : 77   : 7.65664e+08     : 6.724e+06       : 7.82078e+08     : 9    : 2.09879
  MemoryResident    [MBytes ] : 1.36204e+08     : 37   : 1.37025e+08     : 300511          : 1.37875e+08     : 80   : 0.61709
  Percentage of time spent in overhead : 5.40735

________________________________________________________________________________
--------------------------------------------------------------------------------
MPIStats:+
--------------------------------------------------------------------------------
                Name:       Total:         Avg:         Min:         Max:    Max rank: Hist %% [  Q1 |  Q2 |  Q3 |  Q4 ]:  %%Load Imbalance
         Count: Recv:     6.66e+03           52           52           52          126           100.0   0.0   0.0   0.0     0.0
         Count: Redu:     1.02e+03            8            8            8          126           100.0   0.0   0.0   0.0     0.0
         Count: Send:     6.66e+03           52           52           52          126           100.0   0.0   0.0   0.0     0.0
         Count: Test:     1.09e+03         8.54            8           15          127            88.3   7.8   3.1   0.8    43.1
         Count: Wait:     1.23e+04           96           96           96          126           100.0   0.0   0.0   0.0     0.0
          Time: Recv:      6.25 ms    0.0488 ms    0.0274 ms     0.276 ms           63            88.3   9.4   1.6   0.8    82.3
          Time: Redu:      1.38 s       10.7 ms     0.428 ms        22 ms           52             2.3  60.9  32.8   3.9    51.2
          Time: Send:      91.5 ms     0.715 ms     0.411 ms      1.11 ms           93            15.6  51.6  27.3   5.5    35.7
          Time: Test:       2.3 ms     0.018 ms  3.19e+03 ns     0.125 ms           47            83.6   3.9   9.4   3.1    85.6
          Time: Wait:      1.14 s       8.94 ms     0.778 ms      29.8 ms           92            43.8  51.6   3.1   1.6    70.0
Volume Recv TOTAL   :       115 MB       919 KB       919 KB       921 KB            0            99.2   0.0   0.0   0.8     0.2
Volume Recv0: <= 64B:     1.15e+03         9.01            9           10            0            99.2   0.0   0.0   0.8     9.9
Volume Recv1: <= 4KB:     4.23e+03           33           33           38            0            99.2   0.0   0.0   0.8    13.1
Volume Recv2: <= 2MB:     1.54e+03           12           12           12          126           100.0   0.0   0.0   0.0     0.0
Volume Send TOTAL   :       115 MB       921 KB       921 KB       921 KB          126           100.0   0.0   0.0   0.0     0.0
Volume Send0: <= 64B:     1.28e+03           10           10           10          126           100.0   0.0   0.0   0.0     0.0
Volume Send1: <= 4KB:     4.86e+03           38           38           38          126           100.0   0.0   0.0   0.0     0.0
Volume Send2: <= 2MB:     1.54e+03           12           12           12          126           100.0   0.0   0.0   0.0     0.0

Timestep 2       Time=2e-05       Next delT=1e-05       Wall Time=0.456743  EMA=0.097105    Memory Used=137.29 MBs (avg) 138.17 MBs (max on rank: 80    )
Runtime Summary  summary stats for time step 2 at time=2e-05
  Description       Units       Minimum           Rank   Average (128)     Std. Dev.         Maximum           Rank   100*(1-ave/max) '% load imbalance'
  TaskExec          [seconds] : 0.0166044       : 92   : 0.037829        : 0.00399161      : 0.046107        : 101  : 17.9538
  TaskLocalComm     [seconds] : 0.00443193      : 62   : 0.00531294      : 0.000504572     : 0.00773668      : 7    : 31.3279
  TaskWaitCommTime  [seconds] : 0.00153856      : 101  : 0.00975085      : 0.00397598      : 0.0307645       : 92   : 68.3049
  NumberOfTasks     [tasks  ] : 8               : 0    : 8               : 0               : 8               : 0    : 0
  NumberOfPatches   [patches] : 1               : 0    : 1               : 0               : 1               : 0    : 0
  NumberOfCells     [cells  ] : 32768           : 0    : 32768           : 0               : 32768           : 0    : 0
  SCIMemoryUsed     [MBytes ] : 1.36454e+08     : 69   : 1.37285e+08     : 299177          : 1.38174e+08     : 80   : 0.643407
  SCIMemoryMaxUsed  [MBytes ] : 1.36454e+08     : 69   : 1.37285e+08     : 299177          : 1.38174e+08     : 80   : 0.643407
  MemoryUsed        [MBytes ] : 7.51952e+08     : 92   : 7.65805e+08     : 6.72867e+06     : 7.82266e+08     : 9    : 2.10431
  MemoryResident    [MBytes ] : 1.36454e+08     : 69   : 1.37285e+08     : 299177          : 1.38174e+08     : 80   : 0.643407
  Percentage of time spent in overhead : 2.70365

________________________________________________________________________________
--------------------------------------------------------------------------------
MPIStats:+
--------------------------------------------------------------------------------
                Name:       Total:         Avg:         Min:         Max:    Max rank: Hist %% [  Q1 |  Q2 |  Q3 |  Q4 ]:  %%Load Imbalance
         Count: Recv:     6.66e+03           52           52           52          126           100.0   0.0   0.0   0.0     0.0
         Count: Redu:     1.02e+03            8            8            8          126           100.0   0.0   0.0   0.0     0.0
         Count: Send:     6.66e+03           52           52           52          126           100.0   0.0   0.0   0.0     0.0
         Count: Test:     1.09e+03         8.54            8           14          127            88.3   3.9   5.5   2.3    39.0
         Count: Wait:     1.23e+04           96           96           96          126           100.0   0.0   0.0   0.0     0.0
          Time: Recv:      5.43 ms    0.0424 ms    0.0288 ms     0.118 ms          119            78.1  13.3   7.0   1.6    64.2
          Time: Redu:     0.965 s       7.54 ms     0.425 ms      17.8 ms          127            21.9  49.2  27.3   1.6    57.6
          Time: Send:      60.5 ms     0.473 ms     0.259 ms     0.761 ms           37            25.8  37.5  27.3   9.4    37.9
          Time: Test:      2.31 ms     0.018 ms   3.1e+03 ns     0.106 ms           95            75.8  10.2   8.6   5.5    82.9
          Time: Wait:     0.337 s       2.64 ms      0.53 ms      13.4 ms          106            60.9  38.3   0.0   0.8    80.3
Volume Recv TOTAL   :       115 MB       919 KB       919 KB       921 KB            0            99.2   0.0   0.0   0.8     0.2
Volume Recv0: <= 64B:     1.15e+03         9.01            9           10            0            99.2   0.0   0.0   0.8     9.9
Volume Recv1: <= 4KB:     4.23e+03           33           33           38            0            99.2   0.0   0.0   0.8    13.1
Volume Recv2: <= 2MB:     1.54e+03           12           12           12          126           100.0   0.0   0.0   0.0     0.0
Volume Send TOTAL   :       115 MB       921 KB       921 KB       921 KB          126           100.0   0.0   0.0   0.0     0.0
Volume Send0: <= 64B:     1.28e+03           10           10           10          126           100.0   0.0   0.0   0.0     0.0
Volume Send1: <= 4KB:     4.86e+03           38           38           38          126           100.0   0.0   0.0   0.0     0.0
Volume Send2: <= 2MB:     1.54e+03           12           12           12          126           100.0   0.0   0.0   0.0     0.0

Timestep 3       Time=3e-05       Next delT=1e-05       Wall Time=0.5019    EMA=0.0711311   Memory Used=137.44 MBs (avg) 138.33 MBs (max on rank: 26    )
Runtime Summary  summary stats for time step 3 at time=3e-05
  Description       Units       Minimum           Rank   Average (128)     Std. Dev.         Maximum           Rank   100*(1-ave/max) '% load imbalance'
  TaskExec          [seconds] : 0.0273881       : 106  : 0.0387753       : 0.00209656      : 0.0410362       : 27   : 5.50972
  TaskLocalComm     [seconds] : 0.00435739      : 120  : 0.00518766      : 0.000452447     : 0.00627299      : 70   : 17.3016
  TaskWaitCommTime  [seconds] : 0.0012498       : 105  : 0.00341849      : 0.00210639      : 0.0147723       : 106  : 76.8588
  NumberOfTasks     [tasks  ] : 8               : 0    : 8               : 0               : 8               : 0    : 0
  NumberOfPatches   [patches] : 1               : 0    : 1               : 0               : 1               : 0    : 0
  NumberOfCells     [cells  ] : 32768           : 0    : 32768           : 0               : 32768           : 0    : 0
  SCIMemoryUsed     [MBytes ] : 1.36757e+08     : 69   : 1.37436e+08     : 315551          : 1.38334e+08     : 26   : 0.649604
  SCIMemoryMaxUsed  [MBytes ] : 1.36757e+08     : 69   : 1.37436e+08     : 315551          : 1.38334e+08     : 26   : 0.649604
  MemoryUsed        [MBytes ] : 7.51952e+08     : 92   : 7.65829e+08     : 6.72467e+06     : 7.82266e+08     : 9    : 2.10125
  MemoryResident    [MBytes ] : 1.36757e+08     : 69   : 1.37436e+08     : 315551          : 1.38334e+08     : 26   : 0.649604
  Percentage of time spent in overhead : 1.80231

________________________________________________________________________________
--------------------------------------------------------------------------------
MPIStats:+
--------------------------------------------------------------------------------
                Name:       Total:         Avg:         Min:         Max:    Max rank: Hist %% [  Q1 |  Q2 |  Q3 |  Q4 ]:  %%Load Imbalance
         Count: Recv:     6.66e+03           52           52           52          126           100.0   0.0   0.0   0.0     0.0
         Count: Redu:     1.02e+03            8            8            8          126           100.0   0.0   0.0   0.0     0.0
         Count: Send:     6.66e+03           52           52           52          126           100.0   0.0   0.0   0.0     0.0
         Count: Test:     1.09e+03         8.51            8           14          127            89.1   3.1   5.5   2.3    39.2
         Count: Wait:     1.23e+04           96           96           96          126           100.0   0.0   0.0   0.0     0.0
          Time: Recv:      5.25 ms     0.041 ms    0.0288 ms     0.103 ms          115            78.9   9.4   5.5   6.2    60.3
          Time: Redu:       1.2 s       9.38 ms     0.403 ms      18.3 ms          127            11.7  42.2  39.1   7.0    48.7
          Time: Send:      55.8 ms     0.436 ms     0.269 ms     0.745 ms           30            40.6  35.9  14.8   8.6    41.5
          Time: Test:      2.11 ms    0.0165 ms  2.68e+03 ns    0.0954 ms          111            78.1   9.4   6.2   6.2    82.7
          Time: Wait:     0.381 s       2.97 ms     0.516 ms      14.6 ms           21            67.2  27.3   0.8   4.7    79.6
Volume Recv TOTAL   :       115 MB       919 KB       919 KB       921 KB            0            99.2   0.0   0.0   0.8     0.2
Volume Recv0: <= 64B:     1.15e+03         9.01            9           10            0            99.2   0.0   0.0   0.8     9.9
Volume Recv1: <= 4KB:     4.23e+03           33           33           38            0            99.2   0.0   0.0   0.8    13.1
Volume Recv2: <= 2MB:     1.54e+03           12           12           12          126           100.0   0.0   0.0   0.0     0.0
Volume Send TOTAL   :       115 MB       921 KB       921 KB       921 KB          126           100.0   0.0   0.0   0.0     0.0
Volume Send0: <= 64B:     1.28e+03           10           10           10          126           100.0   0.0   0.0   0.0     0.0
Volume Send1: <= 4KB:     4.86e+03           38           38           38          126           100.0   0.0   0.0   0.0     0.0
Volume Send2: <= 2MB:     1.54e+03           12           12           12          126           100.0   0.0   0.0   0.0     0.0

Timestep 4       Time=4e-05       Next delT=1e-05       Wall Time=0.547987  EMA=0.0611133   Memory Used=137.54 MBs (avg) 138.33 MBs (max on rank: 26    )
Runtime Summary  summary stats for time step 4 at time=4e-05
  Description       Units       Minimum           Rank   Average (128)     Std. Dev.         Maximum           Rank   100*(1-ave/max) '% load imbalance'
  TaskExec          [seconds] : 0.0279882       : 21   : 0.0394043       : 0.00294793      : 0.0420773       : 27   : 6.35258
  TaskLocalComm     [seconds] : 0.0044707       : 125  : 0.00520341      : 0.000469348     : 0.00619371      : 95   : 15.9889
  TaskWaitCommTime  [seconds] : 0.00124053      : 27   : 0.00376027      : 0.00293274      : 0.01529         : 21   : 75.407
  NumberOfTasks     [tasks  ] : 8               : 0    : 8               : 0               : 8               : 0    : 0
  NumberOfPatches   [patches] : 1               : 0    : 1               : 0               : 1               : 0    : 0
  NumberOfCells     [cells  ] : 32768           : 0    : 32768           : 0               : 32768           : 0    : 0
  SCIMemoryUsed     [MBytes ] : 1.36757e+08     : 69   : 1.37539e+08     : 315063          : 1.38334e+08     : 26   : 0.575002
  SCIMemoryMaxUsed  [MBytes ] : 1.36757e+08     : 69   : 1.37539e+08     : 315063          : 1.38334e+08     : 26   : 0.575002
  MemoryUsed        [MBytes ] : 7.51952e+08     : 92   : 7.65832e+08     : 6.72529e+06     : 7.82266e+08     : 9    : 2.10082
  MemoryResident    [MBytes ] : 1.36757e+08     : 69   : 1.37539e+08     : 315063          : 1.38334e+08     : 26   : 0.575002
  Percentage of time spent in overhead : 1.35146

________________________________________________________________________________
--------------------------------------------------------------------------------
MPIStats:+
--------------------------------------------------------------------------------
                Name:       Total:         Avg:         Min:         Max:    Max rank: Hist %% [  Q1 |  Q2 |  Q3 |  Q4 ]:  %%Load Imbalance
         Count: Recv:     6.66e+03           52           52           52          126           100.0   0.0   0.0   0.0     0.0
         Count: Redu:     1.02e+03            8            8            8          126           100.0   0.0   0.0   0.0     0.0
         Count: Send:     6.66e+03           52           52           52          126           100.0   0.0   0.0   0.0     0.0
         Count: Test:     1.07e+03         8.34            8           14          127            93.0   0.0   4.7   2.3    40.5
         Count: Wait:     1.23e+04           96           96           96          126           100.0   0.0   0.0   0.0     0.0
          Time: Recv:      4.89 ms    0.0382 ms    0.0287 ms    0.0957 ms          125            89.1   2.3   3.1   5.5    60.1
          Time: Redu:      1.22 s        9.5 ms     0.426 ms      14.8 ms          127             6.2  13.3  46.9  33.6    35.7
          Time: Send:        58 ms     0.453 ms     0.277 ms     0.908 ms           94            56.2  28.1  12.5   3.1    50.1
          Time: Test:      1.47 ms    0.0115 ms  2.98e+03 ns    0.0882 ms          111            86.7   3.9   4.7   4.7    87.0
          Time: Wait:      0.29 s       2.27 ms     0.367 ms      13.3 ms           65            84.4   9.4   0.0   6.2    82.9
Volume Recv TOTAL   :       115 MB       919 KB       919 KB       921 KB            0            99.2   0.0   0.0   0.8     0.2
Volume Recv0: <= 64B:     1.15e+03         9.01            9           10            0            99.2   0.0   0.0   0.8     9.9
Volume Recv1: <= 4KB:     4.23e+03           33           33           38            0            99.2   0.0   0.0   0.8    13.1
Volume Recv2: <= 2MB:     1.54e+03           12           12           12          126           100.0   0.0   0.0   0.0     0.0
Volume Send TOTAL   :       115 MB       921 KB       921 KB       921 KB          126           100.0   0.0   0.0   0.0     0.0
Volume Send0: <= 64B:     1.28e+03           10           10           10          126           100.0   0.0   0.0   0.0     0.0
Volume Send1: <= 4KB:     4.86e+03           38           38           38          126           100.0   0.0   0.0   0.0     0.0
Volume Send2: <= 2MB:     1.54e+03           12           12           12          126           100.0   0.0   0.0   0.0     0.0

Timestep 5       Time=5e-05       Next delT=1e-05       Wall Time=0.593565  EMA=0.0559346   Memory Used=137.65 MBs (avg) 138.51 MBs (max on rank: 8     )
Runtime Summary  summary stats for time step 5 at time=5e-05
  Description       Units       Minimum           Rank   Average (128)     Std. Dev.         Maximum           Rank   100*(1-ave/max) '% load imbalance'
  TaskExec          [seconds] : 0.0285722       : 65   : 0.0395938       : 0.00287477      : 0.041776        : 127  : 5.22351
  TaskLocalComm     [seconds] : 0.00440042      : 114  : 0.00522483      : 0.000457341     : 0.00638812      : 109  : 18.2103
  TaskWaitCommTime  [seconds] : 0.000861271     : 127  : 0.00303696      : 0.00287018      : 0.0140843       : 65   : 78.4373
  NumberOfTasks     [tasks  ] : 8               : 0    : 8               : 0               : 8               : 0    : 0
  NumberOfPatches   [patches] : 1               : 0    : 1               : 0               : 1               : 0    : 0
  NumberOfCells     [cells  ] : 32768           : 0    : 32768           : 0               : 32768           : 0    : 0
  SCIMemoryUsed     [MBytes ] : 1.36905e+08     : 95   : 1.37652e+08     : 301015          : 1.38506e+08     : 8    : 0.61696
  SCIMemoryMaxUsed  [MBytes ] : 1.36905e+08     : 95   : 1.37652e+08     : 301015          : 1.38506e+08     : 8    : 0.61696
  MemoryUsed        [MBytes ] : 7.51952e+08     : 92   : 7.65832e+08     : 6.72529e+06     : 7.82266e+08     : 9    : 2.10082
  MemoryResident    [MBytes ] : 1.36905e+08     : 95   : 1.37652e+08     : 301015          : 1.38506e+08     : 8    : 0.61696
  Percentage of time spent in overhead : 1.08073

________________________________________________________________________________
--------------------------------------------------------------------------------
MPIStats:+
--------------------------------------------------------------------------------
                Name:       Total:         Avg:         Min:         Max:    Max rank: Hist %% [  Q1 |  Q2 |  Q3 |  Q4 ]:  %%Load Imbalance
         Count: Recv:     6.66e+03           52           52           52          126           100.0   0.0   0.0   0.0     0.0
         Count: Redu:     1.02e+03            8            8            8          126           100.0   0.0   0.0   0.0     0.0
         Count: Send:     6.66e+03           52           52           52          126           100.0   0.0   0.0   0.0     0.0
         Count: Test:     1.07e+03         8.36            8           14          127            92.2   0.0   5.5   2.3    40.3
         Count: Wait:     1.23e+04           96           96           96          126           100.0   0.0   0.0   0.0     0.0
          Time: Recv:      4.84 ms    0.0378 ms    0.0278 ms    0.0974 ms          115            87.5   4.7   5.5   2.3    61.2
          Time: Redu:     0.694 s       5.42 ms     0.416 ms      11.3 ms          127            28.1  21.1  27.3  23.4    51.8
          Time: Send:      54.4 ms     0.425 ms     0.272 ms     0.834 ms           63            48.4  40.6   9.4   1.6    49.0
          Time: Test:      1.28 ms      0.01 ms  2.93e+03 ns    0.0803 ms          111            86.7   5.5   6.2   1.6    87.5
          Time: Wait:     0.188 s       1.47 ms     0.434 ms      4.28 ms           45            57.0  16.4  21.1   5.5    65.7
Volume Recv TOTAL   :       115 MB       919 KB       919 KB       921 KB            0            99.2   0.0   0.0   0.8     0.2
Volume Recv0: <= 64B:     1.15e+03         9.01            9           10            0            99.2   0.0   0.0   0.8     9.9
Volume Recv1: <= 4KB:     4.23e+03           33           33           38            0            99.2   0.0   0.0   0.8    13.1
Volume Recv2: <= 2MB:     1.54e+03           12           12           12          126           100.0   0.0   0.0   0.0     0.0
Volume Send TOTAL   :       115 MB       921 KB       921 KB       921 KB          126           100.0   0.0   0.0   0.0     0.0
Volume Send0: <= 64B:     1.28e+03           10           10           10          126           100.0   0.0   0.0   0.0     0.0
Volume Send1: <= 4KB:     4.86e+03           38           38           38          126           100.0   0.0   0.0   0.0     0.0
Volume Send2: <= 2MB:     1.54e+03           12           12           12          126           100.0   0.0   0.0   0.0     0.0

Timestep 6       Time=6e-05       Next delT=1e-05       Wall Time=0.636019  EMA=0.0520833   Memory Used=137.74 MBs (avg) 138.63 MBs (max on rank: 26    )
Runtime Summary  summary stats for time step 6 at time=6e-05
  Description       Units       Minimum           Rank   Average (128)     Std. Dev.         Maximum           Rank   100*(1-ave/max) '% load imbalance'
  TaskExec          [seconds] : 0.0341409       : 81   : 0.0373347       : 0.00105069      : 0.0385907       : 126  : 3.25467
  TaskLocalComm     [seconds] : 0.00440358      : 127  : 0.00523896      : 0.000462186     : 0.00630842      : 93   : 16.9529
  TaskWaitCommTime  [seconds] : 0.000940302     : 126  : 0.00221933      : 0.00103761      : 0.00537799      : 81   : 58.733
  NumberOfTasks     [tasks  ] : 8               : 0    : 8               : 0               : 8               : 0    : 0
  NumberOfPatches   [patches] : 1               : 0    : 1               : 0               : 1               : 0    : 0
  NumberOfCells     [cells  ] : 32768           : 0    : 32768           : 0               : 32768           : 0    : 0
  SCIMemoryUsed     [MBytes ] : 1.37056e+08     : 69   : 1.37736e+08     : 314700          : 1.38633e+08     : 26   : 0.647441
  SCIMemoryMaxUsed  [MBytes ] : 1.37056e+08     : 69   : 1.37736e+08     : 314700          : 1.38633e+08     : 26   : 0.647441
  MemoryUsed        [MBytes ] : 7.51952e+08     : 92   : 7.65832e+08     : 6.72529e+06     : 7.82266e+08     : 9    : 2.10082
  MemoryResident    [MBytes ] : 1.37056e+08     : 69   : 1.37736e+08     : 314700          : 1.38633e+08     : 26   : 0.647441
  Percentage of time spent in overhead : 0.899992

________________________________________________________________________________
--------------------------------------------------------------------------------
MPIStats:+
--------------------------------------------------------------------------------
                Name:       Total:         Avg:         Min:         Max:    Max rank: Hist %% [  Q1 |  Q2 |  Q3 |  Q4 ]:  %%Load Imbalance
         Count: Recv:     6.66e+03           52           52           52          126           100.0   0.0   0.0   0.0     0.0
         Count: Redu:     1.02e+03            8            8            8          126           100.0   0.0   0.0   0.0     0.0
         Count: Send:     6.66e+03           52           52           52          126           100.0   0.0   0.0   0.0     0.0
         Count: Test:     1.07e+03         8.37            8           14          127            93.0   0.0   3.9   3.1    40.2
         Count: Wait:     1.23e+04           96           96           96          126           100.0   0.0   0.0   0.0     0.0
          Time: Recv:      4.79 ms    0.0375 ms    0.0282 ms    0.0967 ms           93            87.5   3.9   4.7   3.9    61.3
          Time: Redu:     0.704 s        5.5 ms     0.367 ms      11.4 ms          126            28.1  18.8  30.5  22.7    51.8
          Time: Send:      54.8 ms     0.428 ms      0.24 ms     0.783 ms           63            39.1  39.1  16.4   5.5    45.3
          Time: Test:      1.25 ms  9.78e+03 ns  2.94e+03 ns    0.0781 ms          115            86.7   5.5   3.9   3.9    87.5
          Time: Wait:     0.206 s       1.61 ms     0.473 ms         5 ms          118            56.2  25.0  10.9   7.8    67.7
Volume Recv TOTAL   :       115 MB       919 KB       919 KB       921 KB            0            99.2   0.0   0.0   0.8     0.2
Volume Recv0: <= 64B:     1.15e+03         9.01            9           10            0            99.2   0.0   0.0   0.8     9.9
Volume Recv1: <= 4KB:     4.23e+03           33           33           38            0            99.2   0.0   0.0   0.8    13.1
Volume Recv2: <= 2MB:     1.54e+03           12           12           12          126           100.0   0.0   0.0   0.0     0.0
Volume Send TOTAL   :       115 MB       921 KB       921 KB       921 KB          126           100.0   0.0   0.0   0.0     0.0
Volume Send0: <= 64B:     1.28e+03           10           10           10          126           100.0   0.0   0.0   0.0     0.0
Volume Send1: <= 4KB:     4.86e+03           38           38           38          126           100.0   0.0   0.0   0.0     0.0
Volume Send2: <= 2MB:     1.54e+03           12           12           12          126           100.0   0.0   0.0   0.0     0.0

Timestep 7       Time=7e-05       Next delT=1e-05       Wall Time=0.678666  EMA=0.0497241   Memory Used=137.80 MBs (avg) 138.63 MBs (max on rank: 26    )
Runtime Summary  summary stats for time step 7 at time=7e-05
  Description       Units       Minimum           Rank   Average (128)     Std. Dev.         Maximum           Rank   100*(1-ave/max) '% load imbalance'
  TaskExec          [seconds] : 0.0340654       : 118  : 0.0372723       : 0.00122556      : 0.0386405       : 23   : 3.54089
  TaskLocalComm     [seconds] : 0.00445589      : 116  : 0.00520186      : 0.000417299     : 0.00613186      : 93   : 15.1666
  TaskWaitCommTime  [seconds] : 0.00107508      : 127  : 0.0023788       : 0.00121207      : 0.00575412      : 118  : 58.6591
  NumberOfTasks     [tasks  ] : 8               : 0    : 8               : 0               : 8               : 0    : 0
  NumberOfPatches   [patches] : 1               : 0    : 1               : 0               : 1               : 0    : 0
  NumberOfCells     [cells  ] : 32768           : 0    : 32768           : 0               : 32768           : 0    : 0
  SCIMemoryUsed     [MBytes ] : 1.37056e+08     : 69   : 1.37805e+08     : 307920          : 1.38633e+08     : 26   : 0.597467
  SCIMemoryMaxUsed  [MBytes ] : 1.37056e+08     : 69   : 1.37805e+08     : 307920          : 1.38633e+08     : 26   : 0.597467
  MemoryUsed        [MBytes ] : 7.51952e+08     : 92   : 7.65832e+08     : 6.72529e+06     : 7.82266e+08     : 9    : 2.10082
  MemoryResident    [MBytes ] : 1.37056e+08     : 69   : 1.37805e+08     : 307920          : 1.38633e+08     : 26   : 0.597467
  Percentage of time spent in overhead : 0.77063

________________________________________________________________________________
--------------------------------------------------------------------------------
MPIStats:+
--------------------------------------------------------------------------------
                Name:       Total:         Avg:         Min:         Max:    Max rank: Hist %% [  Q1 |  Q2 |  Q3 |  Q4 ]:  %%Load Imbalance
         Count: Recv:     6.66e+03           52           52           52          126           100.0   0.0   0.0   0.0     0.0
         Count: Redu:     1.02e+03            8            8            8          126           100.0   0.0   0.0   0.0     0.0
         Count: Send:     6.66e+03           52           52           52          126           100.0   0.0   0.0   0.0     0.0
         Count: Test:     1.07e+03         8.35            8           14          127            92.2   0.0   5.5   2.3    40.3
         Count: Wait:     1.23e+04           96           96           96          126           100.0   0.0   0.0   0.0     0.0
          Time: Recv:      4.85 ms    0.0379 ms    0.0289 ms     0.097 ms          127            89.1   3.1   3.1   4.7    60.9
          Time: Redu:     0.732 s       5.72 ms     0.532 ms      11.6 ms          127            28.1  13.3  34.4  24.2    50.6
          Time: Send:      54.4 ms     0.425 ms     0.265 ms     0.837 ms           62            50.0  38.3   8.6   3.1    49.2
          Time: Test:      1.11 ms  8.71e+03 ns  2.88e+03 ns     0.062 ms          127            88.3   0.8   6.2   4.7    86.0
          Time: Wait:     0.182 s       1.42 ms     0.468 ms      3.99 ms           49            56.2  13.3  27.3   3.1    64.3
Volume Recv TOTAL   :       115 MB       919 KB       919 KB       921 KB            0            99.2   0.0   0.0   0.8     0.2
Volume Recv0: <= 64B:     1.15e+03         9.01            9           10            0            99.2   0.0   0.0   0.8     9.9
Volume Recv1: <= 4KB:     4.23e+03           33           33           38            0            99.2   0.0   0.0   0.8    13.1
Volume Recv2: <= 2MB:     1.54e+03           12           12           12          126           100.0   0.0   0.0   0.0     0.0
Volume Send TOTAL   :       115 MB       921 KB       921 KB       921 KB          126           100.0   0.0   0.0   0.0     0.0
Volume Send0: <= 64B:     1.28e+03           10           10           10          126           100.0   0.0   0.0   0.0     0.0
Volume Send1: <= 4KB:     4.86e+03           38           38           38          126           100.0   0.0   0.0   0.0     0.0
Volume Send2: <= 2MB:     1.54e+03           12           12           12          126           100.0   0.0   0.0   0.0     0.0

Timestep 8       Time=8e-05       Next delT=1e-05       Wall Time=0.72138   EMA=0.0481662   Memory Used=137.88 MBs (avg) 138.63 MBs (max on rank: 26    )
Runtime Summary  summary stats for time step 8 at time=8e-05
  Description       Units       Minimum           Rank   Average (128)     Std. Dev.         Maximum           Rank   100*(1-ave/max) '% load imbalance'
  TaskExec          [seconds] : 0.0347108       : 48   : 0.0376378       : 0.000948434     : 0.0388696       : 20   : 3.16913
  TaskLocalComm     [seconds] : 0.00440418      : 118  : 0.00524461      : 0.000433659     : 0.00620575      : 62   : 15.4879
  TaskWaitCommTime  [seconds] : 0.000992568     : 126  : 0.00217961      : 0.000936385     : 0.00502176      : 48   : 56.5966
  NumberOfTasks     [tasks  ] : 8               : 0    : 8               : 0               : 8               : 0    : 0
  NumberOfPatches   [patches] : 1               : 0    : 1               : 0               : 1               : 0    : 0
  NumberOfCells     [cells  ] : 32768           : 0    : 32768           : 0               : 32768           : 0    : 0
  SCIMemoryUsed     [MBytes ] : 1.37236e+08     : 95   : 1.37876e+08     : 275412          : 1.38633e+08     : 26   : 0.546501
  SCIMemoryMaxUsed  [MBytes ] : 1.37236e+08     : 95   : 1.37876e+08     : 275412          : 1.38633e+08     : 26   : 0.546501
  MemoryUsed        [MBytes ] : 7.51952e+08     : 92   : 7.65832e+08     : 6.72529e+06     : 7.82266e+08     : 9    : 2.10082
  MemoryResident    [MBytes ] : 1.37236e+08     : 95   : 1.37876e+08     : 275412          : 1.38633e+08     : 26   : 0.546501
  Percentage of time spent in overhead : 0.673328

________________________________________________________________________________
--------------------------------------------------------------------------------
MPIStats:+
--------------------------------------------------------------------------------
                Name:       Total:         Avg:         Min:         Max:    Max rank: Hist %% [  Q1 |  Q2 |  Q3 |  Q4 ]:  %%Load Imbalance
         Count: Recv:     6.66e+03           52           52           52          126           100.0   0.0   0.0   0.0     0.0
         Count: Redu:     1.02e+03            8            8            8          126           100.0   0.0   0.0   0.0     0.0
         Count: Send:     6.66e+03           52           52           52          126           100.0   0.0   0.0   0.0     0.0
         Count: Test:     1.07e+03         8.34            8           15          127            93.0   3.1   3.1   0.8    44.4
         Count: Wait:     1.23e+04           96           96           96          126           100.0   0.0   0.0   0.0     0.0
          Time: Recv:      4.76 ms    0.0372 ms    0.0286 ms    0.0957 ms           93            89.1   2.3   5.5   3.1    61.2
          Time: Redu:     0.713 s       5.57 ms     0.399 ms      11.5 ms          127            28.1  10.9  39.8  21.1    51.6
          Time: Send:      52.3 ms     0.408 ms     0.244 ms     0.757 ms           93            49.2  34.4  10.9   5.5    46.0
          Time: Test:     0.995 ms  7.77e+03 ns  2.85e+03 ns    0.0537 ms          121            88.3   1.6   4.7   5.5    85.5
          Time: Wait:      0.18 s        1.4 ms     0.476 ms      2.88 ms           49            56.2   1.6  13.3  28.9    51.3
Volume Recv TOTAL   :       115 MB       919 KB       919 KB       921 KB            0            99.2   0.0   0.0   0.8     0.2
Volume Recv0: <= 64B:     1.15e+03         9.01            9           10            0            99.2   0.0   0.0   0.8     9.9
Volume Recv1: <= 4KB:     4.23e+03           33           33           38            0            99.2   0.0   0.0   0.8    13.1
Volume Recv2: <= 2MB:     1.54e+03           12           12           12          126           100.0   0.0   0.0   0.0     0.0
Volume Send TOTAL   :       115 MB       921 KB       921 KB       921 KB          126           100.0   0.0   0.0   0.0     0.0
Volume Send0: <= 64B:     1.28e+03           10           10           10          126           100.0   0.0   0.0   0.0     0.0
Volume Send1: <= 4KB:     4.86e+03           38           38           38          126           100.0   0.0   0.0   0.0     0.0
Volume Send2: <= 2MB:     1.54e+03           12           12           12          126           100.0   0.0   0.0   0.0     0.0

Timestep 9       Time=9e-05       Next delT=1e-05       Wall Time=0.764185  EMA=0.0470941   Memory Used=137.94 MBs (avg) 138.81 MBs (max on rank: 8     )
Runtime Summary  summary stats for time step 9 at time=9e-05
  Description       Units       Minimum           Rank   Average (128)     Std. Dev.         Maximum           Rank   100*(1-ave/max) '% load imbalance'
  TaskExec          [seconds] : 0.0358757       : 36   : 0.0376719       : 0.000892276     : 0.0388195       : 26   : 2.95617
  TaskLocalComm     [seconds] : 0.00445646      : 120  : 0.00520702      : 0.000446946     : 0.00631501      : 93   : 17.5454
  TaskWaitCommTime  [seconds] : 0.00110308      : 20   : 0.00215294      : 0.000880246     : 0.00403798      : 36   : 46.6826
  NumberOfTasks     [tasks  ] : 8               : 0    : 8               : 0               : 8               : 0    : 0
  NumberOfPatches   [patches] : 1               : 0    : 1               : 0               : 1               : 0    : 0
  NumberOfCells     [cells  ] : 32768           : 0    : 32768           : 0               : 32768           : 0    : 0
  SCIMemoryUsed     [MBytes ] : 1.37236e+08     : 95   : 1.37943e+08     : 307014          : 1.38805e+08     : 8    : 0.621141
  SCIMemoryMaxUsed  [MBytes ] : 1.37236e+08     : 95   : 1.37943e+08     : 307014          : 1.38805e+08     : 8    : 0.621141
  MemoryUsed        [MBytes ] : 7.51952e+08     : 92   : 7.65832e+08     : 6.72529e+06     : 7.82266e+08     : 9    : 2.10082
  MemoryResident    [MBytes ] : 1.37236e+08     : 95   : 1.37943e+08     : 307014          : 1.38805e+08     : 8    : 0.621141
  Percentage of time spent in overhead : 0.597354

________________________________________________________________________________
--------------------------------------------------------------------------------
MPIStats:+
--------------------------------------------------------------------------------
                Name:       Total:         Avg:         Min:         Max:    Max rank: Hist %% [  Q1 |  Q2 |  Q3 |  Q4 ]:  %%Load Imbalance
         Count: Recv:     6.66e+03           52           52           52          126           100.0   0.0   0.0   0.0     0.0
         Count: Redu:     1.02e+03            8            8            8          126           100.0   0.0   0.0   0.0     0.0
         Count: Send:     6.66e+03           52           52           52          126           100.0   0.0   0.0   0.0     0.0
         Count: Test:     1.07e+03         8.38            8           16          127            91.4   5.5   2.3   0.8    47.7
         Count: Wait:     1.23e+04           96           96           96          126           100.0   0.0   0.0   0.0     0.0
          Time: Recv:      4.75 ms    0.0371 ms    0.0286 ms    0.0933 ms          127            89.1   3.1   4.7   3.1    60.2
          Time: Redu:     0.725 s       5.66 ms      0.54 ms      11.6 ms          127            28.1  14.1  34.4  23.4    51.3
          Time: Send:      51.5 ms     0.402 ms     0.242 ms     0.761 ms           95            50.8  35.2   7.8   6.2    47.1
          Time: Test:      1.06 ms  8.26e+03 ns  2.81e+03 ns    0.0626 ms          127            89.1   3.1   3.9   3.9    86.8
          Time: Wait:      0.17 s       1.32 ms     0.373 ms       3.1 ms           36            56.2   4.7  29.7   9.4    57.3
Volume Recv TOTAL   :       115 MB       919 KB       919 KB       921 KB            0            99.2   0.0   0.0   0.8     0.2
Volume Recv0: <= 64B:     1.15e+03         9.01            9           10            0            99.2   0.0   0.0   0.8     9.9
Volume Recv1: <= 4KB:     4.23e+03           33           33           38            0            99.2   0.0   0.0   0.8    13.1
Volume Recv2: <= 2MB:     1.54e+03           12           12           12          126           100.0   0.0   0.0   0.0     0.0
Volume Send TOTAL   :       115 MB       921 KB       921 KB       921 KB          126           100.0   0.0   0.0   0.0     0.0
Volume Send0: <= 64B:     1.28e+03           10           10           10          126           100.0   0.0   0.0   0.0     0.0
Volume Send1: <= 4KB:     4.86e+03           38           38           38          126           100.0   0.0   0.0   0.0     0.0
Volume Send2: <= 2MB:     1.54e+03           12           12           12          126           100.0   0.0   0.0   0.0     0.0

Timestep 10      Time=0.0001      Next delT=1e-05       Wall Time=0.806914  EMA=0.0463004   Memory Used=138.03 MBs (avg) 138.81 MBs (max on rank: 8     )
Runtime Summary  summary stats for time step 10 at time=0.0001
  Description       Units       Minimum           Rank   Average (128)     Std. Dev.         Maximum           Rank   100*(1-ave/max) '% load imbalance'
  TaskExec          [seconds] : 0.0356043       : 36   : 0.03777         : 0.000800177     : 0.0388739       : 126  : 2.83985
  TaskLocalComm     [seconds] : 0.00441287      : 127  : 0.00522411      : 0.000411524     : 0.00597187      : 56   : 12.5214
  TaskWaitCommTime  [seconds] : 0.000888725     : 126  : 0.00207726      : 0.000803066     : 0.00431326      : 36   : 51.8402
  NumberOfTasks     [tasks  ] : 8               : 0    : 8               : 0               : 8               : 0    : 0
  NumberOfPatches   [patches] : 1               : 0    : 1               : 0               : 1               : 0    : 0
  NumberOfCells     [cells  ] : 32768           : 0    : 32768           : 0               : 32768           : 0    : 0
  SCIMemoryUsed     [MBytes ] : 1.37359e+08     : 68   : 1.38029e+08     : 315530          : 1.38805e+08     : 8    : 0.559287
  SCIMemoryMaxUsed  [MBytes ] : 1.37359e+08     : 68   : 1.38029e+08     : 315530          : 1.38805e+08     : 8    : 0.559287
  MemoryUsed        [MBytes ] : 7.51952e+08     : 92   : 7.65834e+08     : 6.72274e+06     : 7.82266e+08     : 9    : 2.10059
  MemoryResident    [MBytes ] : 1.37359e+08     : 68   : 1.38029e+08     : 315530          : 1.38805e+08     : 8    : 0.559287
  Percentage of time spent in overhead : 0.536273
Sus: going down successfully
