Parallel: 16 MPI processes (using MPI)
Parallel: MPI Level Required: 0, provided: 0
Date:       Thu Aug 25 11:44:10 2022
Machine:    ash252
git branch:wasatch-low-cost-integ-cmake
git date:   Sat Jul 30 10:34:22 2022 -0600
git hash:   9315f9f96fa6304db4fe79378b145f37ea40016d
Assertion level: 0
CFLAGS:          
CXXFLAGS:        
______________________________________________________________________
Application Component: 	'wasatch'

-------------------------------------------------------------
Wasatch was built against:
  SpatialOps HASH: bd7a2bac76e42e2cb528b02e2cf1291d05c71926
             DATE: Fri Nov 12 11:34:54 2021 -0700
     ExprLib HASH: d2950c77edb22e5f3669ddaaf2d2ed29ceb24d2c
             DATE: Thu Aug 5 12:26:26 2021 -0600
    TabProps HASH: eca0dc5f26b20d4f6b1cebe51b1ae97e11871e83
             DATE: Wed Aug 11 20:11:26 2021 -0600
-------------------------------------------------------------

Linear Solver: 		hypre
Load Balancer: 		Simple
Scheduler: 		MPI
Patch layout: 		(4,2,2)
Grid statistics:
Number of levels:		1
Level 0:
  Periodic boundaries:		[int 1, 1, 1]
  Number of patches:		16
  Total number of cells:	524288 (32768 avg. per patch)
Total patches in grid:		16
Total cells in grid:		524288 (32768 avg. per patch)

Using small, individual MPI messages (no message combining)
Detected solver: hypre
SETTING UP CONVECTIVE FLUX EXPRESSION IN X DIRECTION USING CENTRAL
SETTING UP CONVECTIVE FLUX EXPRESSION IN Y DIRECTION USING CENTRAL
SETTING UP CONVECTIVE FLUX EXPRESSION IN Z DIRECTION USING CENTRAL
Setting initial conditions for scalability test equation: scalability0
SETTING UP CONVECTIVE FLUX EXPRESSION IN X DIRECTION USING CENTRAL
SETTING UP CONVECTIVE FLUX EXPRESSION IN Y DIRECTION USING CENTRAL
SETTING UP CONVECTIVE FLUX EXPRESSION IN Z DIRECTION USING CENTRAL
Setting initial conditions for scalability test equation: scalability1
SETTING UP CONVECTIVE FLUX EXPRESSION IN X DIRECTION USING CENTRAL
SETTING UP CONVECTIVE FLUX EXPRESSION IN Y DIRECTION USING CENTRAL
SETTING UP CONVECTIVE FLUX EXPRESSION IN Z DIRECTION USING CENTRAL
Setting initial conditions for scalability test equation: scalability2
SETTING UP CONVECTIVE FLUX EXPRESSION IN X DIRECTION USING CENTRAL
SETTING UP CONVECTIVE FLUX EXPRESSION IN Y DIRECTION USING CENTRAL
SETTING UP CONVECTIVE FLUX EXPRESSION IN Z DIRECTION USING CENTRAL
Setting initial conditions for scalability test equation: scalability3
SETTING UP CONVECTIVE FLUX EXPRESSION IN X DIRECTION USING CENTRAL
SETTING UP CONVECTIVE FLUX EXPRESSION IN Y DIRECTION USING CENTRAL
SETTING UP CONVECTIVE FLUX EXPRESSION IN Z DIRECTION USING CENTRAL
Setting initial conditions for scalability test equation: scalability4
------------------------------------------------
No BoundaryConditions specified
  This message will only occur once

Compiling initialization taskgraph.
------------------------------------------------
SETTING INITIAL BOUNDARY CONDITIONS:
------------------------------------------------
Setting Initial BCs for transport equation 'scalability0'
Setting Initial BCs for transport equation 'scalability1'
Setting Initial BCs for transport equation 'scalability2'
Setting Initial BCs for transport equation 'scalability3'
Setting Initial BCs for transport equation 'scalability4'
------------------------------------------------
Wasatch: done creating initialization task(s)
Scheduling Task 'compute timestep' COMPUTES 'delT' in NEW data warehouse
Wasatch: done creating timestep task(s)
Done with taskgraph compile (0.000131789 seconds)
Warning: addContribution not implemented for LoadBalancerCommon.
WARNING at time step 0 and sim time 0 : lowering the next delT from 1 to the maximum: 1e-05

________________________________________________________________________________
--------------------------------------------------------------------------------
MPIStats:+
--------------------------------------------------------------------------------
                Name:       Total:         Avg:         Min:         Max:    Max rank: Hist %% [  Q1 |  Q2 |  Q3 |  Q4 ]:  %%Load Imbalance
         Count: Gath:           32            2            2            2            0           100.0   0.0   0.0   0.0     0.0
         Count: Redu:           16            1            1            1            0           100.0   0.0   0.0   0.0     0.0
          Time: Gath:      81.5 ms      5.09 ms     0.439 ms      6.44 ms            6            12.5   0.0  18.8  68.8    20.9
          Time: Redu:      37.1 ms      2.32 ms     0.406 ms      3.29 ms            3            18.8   0.0  25.0  56.2    29.4
Volume Recv TOTAL   :      10.1 KB        649 B        649 B        649 B            0           100.0   0.0   0.0   0.0     0.0
Volume Recv0: <= 64B:           16            1            1            1            0           100.0   0.0   0.0   0.0     0.0
Volume Recv1: <= 4KB:           32            2            2            2            0           100.0   0.0   0.0   0.0     0.0
Volume Send TOTAL   :      4.52 KB        289 B        289 B        289 B            0           100.0   0.0   0.0   0.0     0.0
Volume Send0: <= 64B:           32            2            2            2            0           100.0   0.0   0.0   0.0     0.0
Volume Send1: <= 4KB:           16            1            1            1            0           100.0   0.0   0.0   0.0     0.0


Simulation and run time stats are reported at the end of each time step
EMA == Wall time as an exponential moving average using a window of the last 10 time steps
Timestep 0       Time=0           Next delT=1e-05       Wall Time=0.042846  EMA=0.0346195   Memory Used=125.72 MBs (avg) 126.45 MBs (max on rank: 7     )
Warning: finalizeContributions not implemented for LoadBalancerCommon.
Warning: resetCostForecaster not implemented for LoadBalancerCommon.
Compiling taskgraph(s)...
------------------------------------------------
SETTING BOUNDARY CONDITIONS:
------------------------------------------------
Setting BCs for transport equation 'scalability0'
Setting BCs for transport equation 'scalability1'
Setting BCs for transport equation 'scalability2'
Setting BCs for transport equation 'scalability3'
Setting BCs for transport equation 'scalability4'
------------------------------------------------
Wasatch: done creating solution task(s)
Wasatch: done creating solution task(s)
Wasatch: done creating post-processing task(s)
Scheduling Task 'compute timestep' COMPUTES 'delT' in NEW data warehouse
Wasatch: done creating timestep task(s)
Done with taskgraph compile (0.0113395 seconds)

________________________________________________________________________________
--------------------------------------------------------------------------------
MPIStats:+
--------------------------------------------------------------------------------
                Name:       Total:         Avg:         Min:         Max:    Max rank: Hist %% [  Q1 |  Q2 |  Q3 |  Q4 ]:  %%Load Imbalance
         Count: Recv:          352           22           22           22            0           100.0   0.0   0.0   0.0     0.0
         Count: Redu:          128            8            8            8            0           100.0   0.0   0.0   0.0     0.0
         Count: Send:          352           22           22           22            0           100.0   0.0   0.0   0.0     0.0
         Count: Test:          159         9.94            8           14           15            56.2   0.0  31.2  12.5    29.0
         Count: Wait:          576           36           36           36            0           100.0   0.0   0.0   0.0     0.0
          Time: Recv:     0.525 ms    0.0328 ms    0.0142 ms    0.0745 ms           13            50.0  18.8  25.0   6.2    55.9
          Time: Redu:      38.5 ms       2.4 ms     0.237 ms      4.54 ms           15            12.5  31.2  43.8  12.5    47.0
          Time: Send:      14.1 ms     0.882 ms     0.781 ms         1 ms           14            25.0  18.8  50.0   6.2    12.2
          Time: Test:     0.293 ms    0.0183 ms  6.39e+03 ns    0.0502 ms           14            56.2  31.2   0.0  12.5    63.5
          Time: Wait:      65.1 ms      4.07 ms     0.808 ms      6.76 ms            1            12.5  31.2  37.5  18.8    39.7
Volume Recv TOTAL   :      14.4 MB       919 KB       919 KB       921 KB            0            93.8   0.0   0.0   6.2     0.2
Volume Recv0: <= 64B:           17         1.06            1            2            0            93.8   0.0   0.0   6.2    46.9
Volume Recv1: <= 4KB:          149         9.31            9           14            0            93.8   0.0   0.0   6.2    33.5
Volume Recv2: <= 2MB:          224           14           14           14            0           100.0   0.0   0.0   0.0     0.0
Volume Send TOTAL   :      14.4 MB       921 KB       921 KB       921 KB            0           100.0   0.0   0.0   0.0     0.0
Volume Send0: <= 64B:           32            2            2            2            0           100.0   0.0   0.0   0.0     0.0
Volume Send1: <= 4KB:          224           14           14           14            0           100.0   0.0   0.0   0.0     0.0
Volume Send2: <= 2MB:          224           14           14           14            0           100.0   0.0   0.0   0.0     0.0

Timestep 1       Time=1e-05       Next delT=1e-05       Wall Time=0.0931205 EMA=0.0502263   Memory Used=135.06 MBs (avg) 135.64 MBs (max on rank: 7     )
Runtime Summary  summary stats for time step 1 at time=1e-05
  Description       Units       Minimum           Rank   Average (16)      Std. Dev.         Maximum           Rank   100*(1-ave/max) '% load imbalance'
  Compilation       [seconds] : 0.00876176      : 2    : 0.0097264       : 0.00143126      : 0.0130876       : 7    : 25.6825
  TaskExec          [seconds] : 0.0319253       : 1    : 0.0339642       : 0.00109091      : 0.0356685       : 14   : 4.77814
  TaskLocalComm     [seconds] : 0.00422309      : 0    : 0.00460702      : 0.000506082     : 0.00595402      : 13   : 22.6234
  TaskWaitCommTime  [seconds] : 0.0016368       : 13   : 0.00470142      : 0.00159471      : 0.00754073      : 1    : 37.6531
  NumberOfTasks     [tasks  ] : 8               : 0    : 8               : 0               : 8               : 0    : 0
  NumberOfPatches   [patches] : 1               : 0    : 1               : 0               : 1               : 0    : 0
  NumberOfCells     [cells  ] : 32768           : 0    : 32768           : 0               : 32768           : 0    : 0
  SCIMemoryUsed     [MBytes ] : 1.34525e+08     : 6    : 1.35056e+08     : 284847          : 1.35643e+08     : 7    : 0.43257
  SCIMemoryMaxUsed  [MBytes ] : 1.34525e+08     : 6    : 1.35056e+08     : 284847          : 1.35643e+08     : 7    : 0.43257
  MemoryUsed        [MBytes ] : 7.501e+08       : 4    : 7.59473e+08     : 4.72655e+06     : 7.67185e+08     : 6    : 1.00523
  MemoryResident    [MBytes ] : 1.34525e+08     : 6    : 1.35056e+08     : 284847          : 1.35643e+08     : 7    : 0.43257
  Percentage of time spent in overhead : 18.352

________________________________________________________________________________
--------------------------------------------------------------------------------
MPIStats:+
--------------------------------------------------------------------------------
                Name:       Total:         Avg:         Min:         Max:    Max rank: Hist %% [  Q1 |  Q2 |  Q3 |  Q4 ]:  %%Load Imbalance
         Count: Recv:          352           22           22           22            0           100.0   0.0   0.0   0.0     0.0
         Count: Redu:          128            8            8            8            0           100.0   0.0   0.0   0.0     0.0
         Count: Send:          352           22           22           22            0           100.0   0.0   0.0   0.0     0.0
         Count: Test:          157         9.81            8           13           15            56.2   0.0  18.8  25.0    24.5
         Count: Wait:          576           36           36           36            0           100.0   0.0   0.0   0.0     0.0
          Time: Recv:     0.372 ms    0.0232 ms    0.0122 ms    0.0416 ms           15            43.8  31.2   0.0  25.0    44.1
          Time: Redu:      10.5 ms     0.658 ms     0.254 ms     0.902 ms            1             6.2  25.0  31.2  37.5    27.1
          Time: Send:      5.26 ms     0.329 ms     0.237 ms      0.57 ms           14            50.0  31.2  12.5   6.2    42.3
          Time: Test:     0.189 ms    0.0118 ms  3.92e+03 ns    0.0292 ms           12            43.8  31.2  18.8   6.2    59.6
          Time: Wait:      6.43 ms     0.402 ms     0.376 ms     0.426 ms           11            25.0  25.0  31.2  18.8     5.7
Volume Recv TOTAL   :      14.4 MB       919 KB       919 KB       921 KB            0            93.8   0.0   0.0   6.2     0.2
Volume Recv0: <= 64B:           17         1.06            1            2            0            93.8   0.0   0.0   6.2    46.9
Volume Recv1: <= 4KB:          149         9.31            9           14            0            93.8   0.0   0.0   6.2    33.5
Volume Recv2: <= 2MB:          224           14           14           14            0           100.0   0.0   0.0   0.0     0.0
Volume Send TOTAL   :      14.4 MB       921 KB       921 KB       921 KB            0           100.0   0.0   0.0   0.0     0.0
Volume Send0: <= 64B:           32            2            2            2            0           100.0   0.0   0.0   0.0     0.0
Volume Send1: <= 4KB:          224           14           14           14            0           100.0   0.0   0.0   0.0     0.0
Volume Send2: <= 2MB:          224           14           14           14            0           100.0   0.0   0.0   0.0     0.0

Timestep 2       Time=2e-05       Next delT=1e-05       Wall Time=0.121909  EMA=0.0359342   Memory Used=135.26 MBs (avg) 136.05 MBs (max on rank: 7     )
Runtime Summary  summary stats for time step 2 at time=2e-05
  Description       Units       Minimum           Rank   Average (16)      Std. Dev.         Maximum           Rank   100*(1-ave/max) '% load imbalance'
  TaskExec          [seconds] : 0.0255534       : 0    : 0.0257312       : 7.34623e-05     : 0.025822        : 8    : 0.351433
  TaskLocalComm     [seconds] : 0.00385413      : 7    : 0.00400813      : 8.39924e-05     : 0.00418324      : 12   : 4.18594
  TaskWaitCommTime  [seconds] : 0.000886443     : 8    : 0.000953505     : 4.43643e-05     : 0.00105594      : 3    : 9.70054
  NumberOfTasks     [tasks  ] : 8               : 0    : 8               : 0               : 8               : 0    : 0
  NumberOfPatches   [patches] : 1               : 0    : 1               : 0               : 1               : 0    : 0
  NumberOfCells     [cells  ] : 32768           : 0    : 32768           : 0               : 32768           : 0    : 0
  SCIMemoryUsed     [MBytes ] : 1.34836e+08     : 6    : 1.35256e+08     : 302147          : 1.36049e+08     : 7    : 0.582756
  SCIMemoryMaxUsed  [MBytes ] : 1.34836e+08     : 6    : 1.35256e+08     : 302147          : 1.36049e+08     : 7    : 0.582756
  MemoryUsed        [MBytes ] : 7.501e+08       : 4    : 7.59473e+08     : 4.72655e+06     : 7.67185e+08     : 6    : 1.00523
  MemoryResident    [MBytes ] : 1.34836e+08     : 6    : 1.35256e+08     : 302147          : 1.36049e+08     : 7    : 0.582756
  Percentage of time spent in overhead : 9.17594

________________________________________________________________________________
--------------------------------------------------------------------------------
MPIStats:+
--------------------------------------------------------------------------------
                Name:       Total:         Avg:         Min:         Max:    Max rank: Hist %% [  Q1 |  Q2 |  Q3 |  Q4 ]:  %%Load Imbalance
         Count: Recv:          352           22           22           22            0           100.0   0.0   0.0   0.0     0.0
         Count: Redu:          128            8            8            8            0           100.0   0.0   0.0   0.0     0.0
         Count: Send:          352           22           22           22            0           100.0   0.0   0.0   0.0     0.0
         Count: Test:          158         9.88            8           13           15            56.2   0.0  12.5  31.2    24.0
         Count: Wait:          576           36           36           36            0           100.0   0.0   0.0   0.0     0.0
          Time: Recv:     0.336 ms     0.021 ms    0.0124 ms     0.042 ms           15            56.2  18.8  12.5  12.5    50.1
          Time: Redu:      10.5 ms     0.658 ms     0.261 ms     0.745 ms            1             6.2   0.0   6.2  87.5    11.6
          Time: Send:      4.08 ms     0.255 ms     0.149 ms     0.433 ms           12            25.0  50.0  18.8   6.2    41.1
          Time: Test:     0.217 ms    0.0135 ms  3.74e+03 ns     0.057 ms           11            81.2   6.2   6.2   6.2    76.3
          Time: Wait:      6.52 ms     0.408 ms     0.381 ms     0.445 ms            9            31.2  31.2  18.8  18.8     8.3
Volume Recv TOTAL   :      14.4 MB       919 KB       919 KB       921 KB            0            93.8   0.0   0.0   6.2     0.2
Volume Recv0: <= 64B:           17         1.06            1            2            0            93.8   0.0   0.0   6.2    46.9
Volume Recv1: <= 4KB:          149         9.31            9           14            0            93.8   0.0   0.0   6.2    33.5
Volume Recv2: <= 2MB:          224           14           14           14            0           100.0   0.0   0.0   0.0     0.0
Volume Send TOTAL   :      14.4 MB       921 KB       921 KB       921 KB            0           100.0   0.0   0.0   0.0     0.0
Volume Send0: <= 64B:           32            2            2            2            0           100.0   0.0   0.0   0.0     0.0
Volume Send1: <= 4KB:          224           14           14           14            0           100.0   0.0   0.0   0.0     0.0
Volume Send2: <= 2MB:          224           14           14           14            0           100.0   0.0   0.0   0.0     0.0

Timestep 3       Time=3e-05       Next delT=1e-05       Wall Time=0.150711  EMA=0.0323682   Memory Used=135.42 MBs (avg) 136.05 MBs (max on rank: 7     )
Runtime Summary  summary stats for time step 3 at time=3e-05
  Description       Units       Minimum           Rank   Average (16)      Std. Dev.         Maximum           Rank   100*(1-ave/max) '% load imbalance'
  TaskExec          [seconds] : 0.0256555       : 12   : 0.0257872       : 5.96993e-05     : 0.0258735       : 7    : 0.333582
  TaskLocalComm     [seconds] : 0.00371792      : 11   : 0.003855        : 0.000102502     : 0.00416415      : 12   : 7.42403
  TaskWaitCommTime  [seconds] : 0.000885905     : 0    : 0.000955777     : 4.27986e-05     : 0.00103302      : 9    : 7.47736
  NumberOfTasks     [tasks  ] : 8               : 0    : 8               : 0               : 8               : 0    : 0
  NumberOfPatches   [patches] : 1               : 0    : 1               : 0               : 1               : 0    : 0
  NumberOfCells     [cells  ] : 32768           : 0    : 32768           : 0               : 32768           : 0    : 0
  SCIMemoryUsed     [MBytes ] : 1.34836e+08     : 6    : 1.35416e+08     : 302971          : 1.36049e+08     : 7    : 0.464775
  SCIMemoryMaxUsed  [MBytes ] : 1.34836e+08     : 6    : 1.35416e+08     : 302971          : 1.36049e+08     : 7    : 0.464775
  MemoryUsed        [MBytes ] : 7.501e+08       : 4    : 7.59473e+08     : 4.72655e+06     : 7.67185e+08     : 6    : 1.00523
  MemoryResident    [MBytes ] : 1.34836e+08     : 6    : 1.35416e+08     : 302971          : 1.36049e+08     : 7    : 0.464775
  Percentage of time spent in overhead : 6.11686

________________________________________________________________________________
--------------------------------------------------------------------------------
MPIStats:+
--------------------------------------------------------------------------------
                Name:       Total:         Avg:         Min:         Max:    Max rank: Hist %% [  Q1 |  Q2 |  Q3 |  Q4 ]:  %%Load Imbalance
         Count: Recv:          352           22           22           22            0           100.0   0.0   0.0   0.0     0.0
         Count: Redu:          128            8            8            8            0           100.0   0.0   0.0   0.0     0.0
         Count: Send:          352           22           22           22            0           100.0   0.0   0.0   0.0     0.0
         Count: Test:          161         10.1            8           15           15            50.0  25.0  18.8   6.2    32.9
         Count: Wait:          576           36           36           36            0           100.0   0.0   0.0   0.0     0.0
          Time: Recv:     0.305 ms    0.0191 ms    0.0125 ms    0.0422 ms           13            68.8  18.8   0.0  12.5    54.8
          Time: Redu:      10.4 ms     0.652 ms     0.242 ms     0.814 ms            2             6.2   0.0  50.0  43.8    19.9
          Time: Send:      4.24 ms     0.265 ms     0.149 ms     0.572 ms           13            75.0  12.5   0.0  12.5    53.7
          Time: Test:     0.181 ms    0.0113 ms  3.68e+03 ns    0.0225 ms           12            50.0   0.0  31.2  18.8    49.6
          Time: Wait:      6.23 ms      0.39 ms     0.363 ms     0.429 ms           14            37.5  25.0  31.2   6.2     9.2
Volume Recv TOTAL   :      14.4 MB       919 KB       919 KB       921 KB            0            93.8   0.0   0.0   6.2     0.2
Volume Recv0: <= 64B:           17         1.06            1            2            0            93.8   0.0   0.0   6.2    46.9
Volume Recv1: <= 4KB:          149         9.31            9           14            0            93.8   0.0   0.0   6.2    33.5
Volume Recv2: <= 2MB:          224           14           14           14            0           100.0   0.0   0.0   0.0     0.0
Volume Send TOTAL   :      14.4 MB       921 KB       921 KB       921 KB            0           100.0   0.0   0.0   0.0     0.0
Volume Send0: <= 64B:           32            2            2            2            0           100.0   0.0   0.0   0.0     0.0
Volume Send1: <= 4KB:          224           14           14           14            0           100.0   0.0   0.0   0.0     0.0
Volume Send2: <= 2MB:          224           14           14           14            0           100.0   0.0   0.0   0.0     0.0

Timestep 4       Time=4e-05       Next delT=1e-05       Wall Time=0.179355  EMA=0.0308786   Memory Used=135.61 MBs (avg) 136.32 MBs (max on rank: 7     )
Runtime Summary  summary stats for time step 4 at time=4e-05
  Description       Units       Minimum           Rank   Average (16)      Std. Dev.         Maximum           Rank   100*(1-ave/max) '% load imbalance'
  TaskExec          [seconds] : 0.0254091       : 12   : 0.0255929       : 8.6281e-05      : 0.0257012       : 9    : 0.421339
  TaskLocalComm     [seconds] : 0.00369735      : 1    : 0.00388962      : 0.000155084     : 0.00425514      : 12   : 8.59011
  TaskWaitCommTime  [seconds] : 0.000899047     : 2    : 0.000947822     : 3.73089e-05     : 0.00103268      : 15   : 8.21729
  NumberOfTasks     [tasks  ] : 8               : 0    : 8               : 0               : 8               : 0    : 0
  NumberOfPatches   [patches] : 1               : 0    : 1               : 0               : 1               : 0    : 0
  NumberOfCells     [cells  ] : 32768           : 0    : 32768           : 0               : 32768           : 0    : 0
  SCIMemoryUsed     [MBytes ] : 1.35164e+08     : 6    : 1.35609e+08     : 282130          : 1.36319e+08     : 7    : 0.520943
  SCIMemoryMaxUsed  [MBytes ] : 1.35164e+08     : 6    : 1.35609e+08     : 282130          : 1.36319e+08     : 7    : 0.520943
  MemoryUsed        [MBytes ] : 7.501e+08       : 4    : 7.59486e+08     : 4.7371e+06      : 7.67185e+08     : 6    : 1.0035
  MemoryResident    [MBytes ] : 1.35164e+08     : 6    : 1.35609e+08     : 282130          : 1.36319e+08     : 7    : 0.520943
  Percentage of time spent in overhead : 4.58672

________________________________________________________________________________
--------------------------------------------------------------------------------
MPIStats:+
--------------------------------------------------------------------------------
                Name:       Total:         Avg:         Min:         Max:    Max rank: Hist %% [  Q1 |  Q2 |  Q3 |  Q4 ]:  %%Load Imbalance
         Count: Recv:          352           22           22           22            0           100.0   0.0   0.0   0.0     0.0
         Count: Redu:          128            8            8            8            0           100.0   0.0   0.0   0.0     0.0
         Count: Send:          352           22           22           22            0           100.0   0.0   0.0   0.0     0.0
         Count: Test:          158         9.88            8           13           15            56.2   0.0  12.5  31.2    24.0
         Count: Wait:          576           36           36           36            0           100.0   0.0   0.0   0.0     0.0
          Time: Recv:     0.315 ms    0.0197 ms    0.0131 ms    0.0398 ms           14            68.8  12.5   6.2  12.5    50.5
          Time: Redu:      9.38 ms     0.586 ms     0.268 ms       0.7 ms            1             6.2   6.2  31.2  56.2    16.2
          Time: Send:      3.73 ms     0.233 ms     0.147 ms     0.367 ms           13            37.5  25.0  25.0  12.5    36.5
          Time: Test:     0.159 ms  9.96e+03 ns  3.63e+03 ns    0.0234 ms           12            50.0  31.2   6.2  12.5    57.5
          Time: Wait:      6.54 ms     0.409 ms     0.381 ms     0.432 ms            7            18.8  25.0  25.0  31.2     5.5
Volume Recv TOTAL   :      14.4 MB       919 KB       919 KB       921 KB            0            93.8   0.0   0.0   6.2     0.2
Volume Recv0: <= 64B:           17         1.06            1            2            0            93.8   0.0   0.0   6.2    46.9
Volume Recv1: <= 4KB:          149         9.31            9           14            0            93.8   0.0   0.0   6.2    33.5
Volume Recv2: <= 2MB:          224           14           14           14            0           100.0   0.0   0.0   0.0     0.0
Volume Send TOTAL   :      14.4 MB       921 KB       921 KB       921 KB            0           100.0   0.0   0.0   0.0     0.0
Volume Send0: <= 64B:           32            2            2            2            0           100.0   0.0   0.0   0.0     0.0
Volume Send1: <= 4KB:          224           14           14           14            0           100.0   0.0   0.0   0.0     0.0
Volume Send2: <= 2MB:          224           14           14           14            0           100.0   0.0   0.0   0.0     0.0

Timestep 5       Time=5e-05       Next delT=1e-05       Wall Time=0.208096  EMA=0.0301659   Memory Used=135.73 MBs (avg) 136.32 MBs (max on rank: 7     )
Runtime Summary  summary stats for time step 5 at time=5e-05
  Description       Units       Minimum           Rank   Average (16)      Std. Dev.         Maximum           Rank   100*(1-ave/max) '% load imbalance'
  TaskExec          [seconds] : 0.0255433       : 0    : 0.025709        : 7.57203e-05     : 0.0258231       : 5    : 0.442118
  TaskLocalComm     [seconds] : 0.0037227       : 14   : 0.00384587      : 8.46971e-05     : 0.00398262      : 13   : 3.43346
  TaskWaitCommTime  [seconds] : 0.00091729      : 5    : 0.000972137     : 3.35894e-05     : 0.00105553      : 4    : 7.90073
  NumberOfTasks     [tasks  ] : 8               : 0    : 8               : 0               : 8               : 0    : 0
  NumberOfPatches   [patches] : 1               : 0    : 1               : 0               : 1               : 0    : 0
  NumberOfCells     [cells  ] : 32768           : 0    : 32768           : 0               : 32768           : 0    : 0
  SCIMemoryUsed     [MBytes ] : 1.35164e+08     : 6    : 1.35732e+08     : 303658          : 1.36319e+08     : 7    : 0.430238
  SCIMemoryMaxUsed  [MBytes ] : 1.35164e+08     : 6    : 1.35732e+08     : 303658          : 1.36319e+08     : 7    : 0.430238
  MemoryUsed        [MBytes ] : 7.501e+08       : 4    : 7.59486e+08     : 4.7371e+06      : 7.67185e+08     : 6    : 1.0035
  MemoryResident    [MBytes ] : 1.35164e+08     : 6    : 1.35732e+08     : 303658          : 1.36319e+08     : 7    : 0.430238
  Percentage of time spent in overhead : 3.66788

________________________________________________________________________________
--------------------------------------------------------------------------------
MPIStats:+
--------------------------------------------------------------------------------
                Name:       Total:         Avg:         Min:         Max:    Max rank: Hist %% [  Q1 |  Q2 |  Q3 |  Q4 ]:  %%Load Imbalance
         Count: Recv:          352           22           22           22            0           100.0   0.0   0.0   0.0     0.0
         Count: Redu:          128            8            8            8            0           100.0   0.0   0.0   0.0     0.0
         Count: Send:          352           22           22           22            0           100.0   0.0   0.0   0.0     0.0
         Count: Test:          158         9.88            8           13           15            56.2   0.0  12.5  31.2    24.0
         Count: Wait:          576           36           36           36            0           100.0   0.0   0.0   0.0     0.0
          Time: Recv:       0.3 ms    0.0187 ms    0.0127 ms    0.0315 ms           12            56.2  12.5  25.0   6.2    40.4
          Time: Redu:      12.7 ms     0.796 ms     0.272 ms      1.06 ms            1            12.5  12.5  37.5  37.5    24.7
          Time: Send:      4.04 ms     0.252 ms     0.147 ms     0.415 ms           11            31.2  31.2  18.8  18.8    39.1
          Time: Test:     0.161 ms    0.0101 ms  3.54e+03 ns     0.024 ms            3            56.2   6.2  31.2   6.2    58.0
          Time: Wait:      6.35 ms     0.397 ms     0.362 ms     0.417 ms           10             6.2  25.0  37.5  31.2     4.8
Volume Recv TOTAL   :      14.4 MB       919 KB       919 KB       921 KB            0            93.8   0.0   0.0   6.2     0.2
Volume Recv0: <= 64B:           17         1.06            1            2            0            93.8   0.0   0.0   6.2    46.9
Volume Recv1: <= 4KB:          149         9.31            9           14            0            93.8   0.0   0.0   6.2    33.5
Volume Recv2: <= 2MB:          224           14           14           14            0           100.0   0.0   0.0   0.0     0.0
Volume Send TOTAL   :      14.4 MB       921 KB       921 KB       921 KB            0           100.0   0.0   0.0   0.0     0.0
Volume Send0: <= 64B:           32            2            2            2            0           100.0   0.0   0.0   0.0     0.0
Volume Send1: <= 4KB:          224           14           14           14            0           100.0   0.0   0.0   0.0     0.0
Volume Send2: <= 2MB:          224           14           14           14            0           100.0   0.0   0.0   0.0     0.0

Timestep 6       Time=6e-05       Next delT=1e-05       Wall Time=0.236406  EMA=0.0296359   Memory Used=135.87 MBs (avg) 136.62 MBs (max on rank: 7     )
Runtime Summary  summary stats for time step 6 at time=6e-05
  Description       Units       Minimum           Rank   Average (16)      Std. Dev.         Maximum           Rank   100*(1-ave/max) '% load imbalance'
  TaskExec          [seconds] : 0.0249982       : 0    : 0.0253126       : 0.000106592     : 0.0254226       : 1    : 0.432584
  TaskLocalComm     [seconds] : 0.00371877      : 1    : 0.00386459      : 9.75057e-05     : 0.00400423      : 2    : 3.48729
  TaskWaitCommTime  [seconds] : 0.000869344     : 2    : 0.000943151     : 5.08525e-05     : 0.00106319      : 4    : 11.2908
  NumberOfTasks     [tasks  ] : 8               : 0    : 8               : 0               : 8               : 0    : 0
  NumberOfPatches   [patches] : 1               : 0    : 1               : 0               : 1               : 0    : 0
  NumberOfCells     [cells  ] : 32768           : 0    : 32768           : 0               : 32768           : 0    : 0
  SCIMemoryUsed     [MBytes ] : 1.35434e+08     : 6    : 1.35869e+08     : 289351          : 1.36618e+08     : 7    : 0.54791
  SCIMemoryMaxUsed  [MBytes ] : 1.35434e+08     : 6    : 1.35869e+08     : 289351          : 1.36618e+08     : 7    : 0.54791
  MemoryUsed        [MBytes ] : 7.501e+08       : 4    : 7.59486e+08     : 4.7371e+06      : 7.67185e+08     : 6    : 1.0035
  MemoryResident    [MBytes ] : 1.35434e+08     : 6    : 1.35869e+08     : 289351          : 1.36618e+08     : 7    : 0.54791
  Percentage of time spent in overhead : 3.05449

________________________________________________________________________________
--------------------------------------------------------------------------------
MPIStats:+
--------------------------------------------------------------------------------
                Name:       Total:         Avg:         Min:         Max:    Max rank: Hist %% [  Q1 |  Q2 |  Q3 |  Q4 ]:  %%Load Imbalance
         Count: Recv:          352           22           22           22            0           100.0   0.0   0.0   0.0     0.0
         Count: Redu:          128            8            8            8            0           100.0   0.0   0.0   0.0     0.0
         Count: Send:          352           22           22           22            0           100.0   0.0   0.0   0.0     0.0
         Count: Test:          159         9.94            8           13            3            56.2   0.0  12.5  31.2    23.6
         Count: Wait:          576           36           36           36            0           100.0   0.0   0.0   0.0     0.0
          Time: Recv:     0.295 ms    0.0184 ms    0.0129 ms    0.0294 ms           12            56.2  12.5  18.8  12.5    37.3
          Time: Redu:      9.49 ms     0.593 ms     0.248 ms      0.66 ms            3             6.2   0.0   6.2  87.5    10.1
          Time: Send:      4.04 ms     0.253 ms     0.143 ms     0.427 ms            4            25.0  31.2  37.5   6.2    40.7
          Time: Test:     0.164 ms    0.0102 ms  3.68e+03 ns    0.0232 ms            3            50.0  12.5  25.0  12.5    55.9
          Time: Wait:      6.75 ms     0.422 ms     0.388 ms     0.463 ms           12            31.2  18.8  37.5  12.5     9.0
Volume Recv TOTAL   :      14.4 MB       919 KB       919 KB       921 KB            0            93.8   0.0   0.0   6.2     0.2
Volume Recv0: <= 64B:           17         1.06            1            2            0            93.8   0.0   0.0   6.2    46.9
Volume Recv1: <= 4KB:          149         9.31            9           14            0            93.8   0.0   0.0   6.2    33.5
Volume Recv2: <= 2MB:          224           14           14           14            0           100.0   0.0   0.0   0.0     0.0
Volume Send TOTAL   :      14.4 MB       921 KB       921 KB       921 KB            0           100.0   0.0   0.0   0.0     0.0
Volume Send0: <= 64B:           32            2            2            2            0           100.0   0.0   0.0   0.0     0.0
Volume Send1: <= 4KB:          224           14           14           14            0           100.0   0.0   0.0   0.0     0.0
Volume Send2: <= 2MB:          224           14           14           14            0           100.0   0.0   0.0   0.0     0.0

Timestep 7       Time=7e-05       Next delT=1e-05       Wall Time=0.265341  EMA=0.0294606   Memory Used=136.00 MBs (avg) 136.62 MBs (max on rank: 7     )
Runtime Summary  summary stats for time step 7 at time=7e-05
  Description       Units       Minimum           Rank   Average (16)      Std. Dev.         Maximum           Rank   100*(1-ave/max) '% load imbalance'
  TaskExec          [seconds] : 0.0256112       : 4    : 0.0257687       : 7.88133e-05     : 0.0258769       : 7    : 0.418135
  TaskLocalComm     [seconds] : 0.00373619      : 7    : 0.00386142      : 0.000101854     : 0.00411418      : 4    : 6.14363
  TaskWaitCommTime  [seconds] : 0.000953488     : 7    : 0.00100205      : 3.98049e-05     : 0.00109697      : 4    : 8.65299
  NumberOfTasks     [tasks  ] : 8               : 0    : 8               : 0               : 8               : 0    : 0
  NumberOfPatches   [patches] : 1               : 0    : 1               : 0               : 1               : 0    : 0
  NumberOfCells     [cells  ] : 32768           : 0    : 32768           : 0               : 32768           : 0    : 0
  SCIMemoryUsed     [MBytes ] : 1.35434e+08     : 6    : 1.36005e+08     : 307357          : 1.36618e+08     : 7    : 0.448784
  SCIMemoryMaxUsed  [MBytes ] : 1.35434e+08     : 6    : 1.36005e+08     : 307357          : 1.36618e+08     : 7    : 0.448784
  MemoryUsed        [MBytes ] : 7.501e+08       : 4    : 7.59486e+08     : 4.7371e+06      : 7.67185e+08     : 6    : 1.0035
  MemoryResident    [MBytes ] : 1.35434e+08     : 6    : 1.36005e+08     : 307357          : 1.36618e+08     : 7    : 0.448784
  Percentage of time spent in overhead : 2.61544

________________________________________________________________________________
--------------------------------------------------------------------------------
MPIStats:+
--------------------------------------------------------------------------------
                Name:       Total:         Avg:         Min:         Max:    Max rank: Hist %% [  Q1 |  Q2 |  Q3 |  Q4 ]:  %%Load Imbalance
         Count: Recv:          352           22           22           22            0           100.0   0.0   0.0   0.0     0.0
         Count: Redu:          128            8            8            8            0           100.0   0.0   0.0   0.0     0.0
         Count: Send:          352           22           22           22            0           100.0   0.0   0.0   0.0     0.0
         Count: Test:          157         9.81            8           13           15            56.2   0.0  18.8  25.0    24.5
         Count: Wait:          576           36           36           36            0           100.0   0.0   0.0   0.0     0.0
          Time: Recv:     0.305 ms     0.019 ms    0.0125 ms    0.0305 ms           12            50.0  12.5  18.8  18.8    37.5
          Time: Redu:      13.5 ms     0.843 ms     0.347 ms      1.05 ms            1            12.5   0.0  37.5  50.0    19.6
          Time: Send:       3.5 ms     0.219 ms     0.129 ms     0.372 ms           13            37.5  43.8   0.0  18.8    41.3
          Time: Test:     0.156 ms  9.77e+03 ns  3.56e+03 ns    0.0261 ms           11            50.0  37.5   6.2   6.2    62.6
          Time: Wait:      6.42 ms     0.401 ms     0.377 ms     0.431 ms           14            37.5  25.0   6.2  31.2     6.8
Volume Recv TOTAL   :      14.4 MB       919 KB       919 KB       921 KB            0            93.8   0.0   0.0   6.2     0.2
Volume Recv0: <= 64B:           17         1.06            1            2            0            93.8   0.0   0.0   6.2    46.9
Volume Recv1: <= 4KB:          149         9.31            9           14            0            93.8   0.0   0.0   6.2    33.5
Volume Recv2: <= 2MB:          224           14           14           14            0           100.0   0.0   0.0   0.0     0.0
Volume Send TOTAL   :      14.4 MB       921 KB       921 KB       921 KB            0           100.0   0.0   0.0   0.0     0.0
Volume Send0: <= 64B:           32            2            2            2            0           100.0   0.0   0.0   0.0     0.0
Volume Send1: <= 4KB:          224           14           14           14            0           100.0   0.0   0.0   0.0     0.0
Volume Send2: <= 2MB:          224           14           14           14            0           100.0   0.0   0.0   0.0     0.0

Timestep 8       Time=8e-05       Next delT=1e-05       Wall Time=0.294145  EMA=0.0293146   Memory Used=136.09 MBs (avg) 136.62 MBs (max on rank: 7     )
Runtime Summary  summary stats for time step 8 at time=8e-05
  Description       Units       Minimum           Rank   Average (16)      Std. Dev.         Maximum           Rank   100*(1-ave/max) '% load imbalance'
  TaskExec          [seconds] : 0.0255322       : 0    : 0.0257226       : 7.89757e-05     : 0.0258215       : 7    : 0.382968
  TaskLocalComm     [seconds] : 0.00365284      : 7    : 0.00381305      : 7.31529e-05     : 0.00393019      : 12   : 2.98066
  TaskWaitCommTime  [seconds] : 0.00090784      : 7    : 0.000960386     : 4.49408e-05     : 0.00108061      : 4    : 11.1257
  NumberOfTasks     [tasks  ] : 8               : 0    : 8               : 0               : 8               : 0    : 0
  NumberOfPatches   [patches] : 1               : 0    : 1               : 0               : 1               : 0    : 0
  NumberOfCells     [cells  ] : 32768           : 0    : 32768           : 0               : 32768           : 0    : 0
  SCIMemoryUsed     [MBytes ] : 1.35705e+08     : 6    : 1.36089e+08     : 232372          : 1.36618e+08     : 7    : 0.386948
  SCIMemoryMaxUsed  [MBytes ] : 1.35705e+08     : 6    : 1.36089e+08     : 232372          : 1.36618e+08     : 7    : 0.386948
  MemoryUsed        [MBytes ] : 7.501e+08       : 4    : 7.59486e+08     : 4.7371e+06      : 7.67185e+08     : 6    : 1.0035
  MemoryResident    [MBytes ] : 1.35705e+08     : 6    : 1.36089e+08     : 232372          : 1.36618e+08     : 7    : 0.386948
  Percentage of time spent in overhead : 2.28521

________________________________________________________________________________
--------------------------------------------------------------------------------
MPIStats:+
--------------------------------------------------------------------------------
                Name:       Total:         Avg:         Min:         Max:    Max rank: Hist %% [  Q1 |  Q2 |  Q3 |  Q4 ]:  %%Load Imbalance
         Count: Recv:          352           22           22           22            0           100.0   0.0   0.0   0.0     0.0
         Count: Redu:          128            8            8            8            0           100.0   0.0   0.0   0.0     0.0
         Count: Send:          352           22           22           22            0           100.0   0.0   0.0   0.0     0.0
         Count: Test:          158         9.88            8           13           13            56.2   0.0  18.8  25.0    24.0
         Count: Wait:          576           36           36           36            0           100.0   0.0   0.0   0.0     0.0
          Time: Recv:     0.306 ms    0.0191 ms    0.0123 ms    0.0366 ms           14            68.8   6.2  12.5  12.5    47.8
          Time: Redu:      10.9 ms     0.682 ms     0.316 ms     0.863 ms            2            12.5  18.8   6.2  62.5    21.1
          Time: Send:      3.58 ms     0.224 ms     0.132 ms      0.38 ms            7            31.2  50.0   6.2  12.5    41.2
          Time: Test:     0.191 ms     0.012 ms  3.33e+03 ns    0.0376 ms           14            68.8   6.2  18.8   6.2    68.2
          Time: Wait:      6.26 ms     0.391 ms     0.364 ms     0.411 ms            5            18.8  12.5  31.2  37.5     4.9
Volume Recv TOTAL   :      14.4 MB       919 KB       919 KB       921 KB            0            93.8   0.0   0.0   6.2     0.2
Volume Recv0: <= 64B:           17         1.06            1            2            0            93.8   0.0   0.0   6.2    46.9
Volume Recv1: <= 4KB:          149         9.31            9           14            0            93.8   0.0   0.0   6.2    33.5
Volume Recv2: <= 2MB:          224           14           14           14            0           100.0   0.0   0.0   0.0     0.0
Volume Send TOTAL   :      14.4 MB       921 KB       921 KB       921 KB            0           100.0   0.0   0.0   0.0     0.0
Volume Send0: <= 64B:           32            2            2            2            0           100.0   0.0   0.0   0.0     0.0
Volume Send1: <= 4KB:          224           14           14           14            0           100.0   0.0   0.0   0.0     0.0
Volume Send2: <= 2MB:          224           14           14           14            0           100.0   0.0   0.0   0.0     0.0

Timestep 9       Time=9e-05       Next delT=1e-05       Wall Time=0.322653  EMA=0.0291533   Memory Used=136.26 MBs (avg) 136.89 MBs (max on rank: 7     )
Runtime Summary  summary stats for time step 9 at time=9e-05
  Description       Units       Minimum           Rank   Average (16)      Std. Dev.         Maximum           Rank   100*(1-ave/max) '% load imbalance'
  TaskExec          [seconds] : 0.0253486       : 0    : 0.0255118       : 7.19439e-05     : 0.0255885       : 1    : 0.299624
  TaskLocalComm     [seconds] : 0.00366879      : 14   : 0.00384076      : 0.000104965     : 0.00401773      : 4    : 4.40473
  TaskWaitCommTime  [seconds] : 0.000889294     : 2    : 0.000940167     : 4.01372e-05     : 0.0010421       : 4    : 9.78163
  NumberOfTasks     [tasks  ] : 8               : 0    : 8               : 0               : 8               : 0    : 0
  NumberOfPatches   [patches] : 1               : 0    : 1               : 0               : 1               : 0    : 0
  NumberOfCells     [cells  ] : 32768           : 0    : 32768           : 0               : 32768           : 0    : 0
  SCIMemoryUsed     [MBytes ] : 1.35705e+08     : 6    : 1.36262e+08     : 315590          : 1.36888e+08     : 7    : 0.457623
  SCIMemoryMaxUsed  [MBytes ] : 1.35705e+08     : 6    : 1.36262e+08     : 315590          : 1.36888e+08     : 7    : 0.457623
  MemoryUsed        [MBytes ] : 7.501e+08       : 4    : 7.59486e+08     : 4.7371e+06      : 7.67185e+08     : 6    : 1.0035
  MemoryResident    [MBytes ] : 1.35705e+08     : 6    : 1.36262e+08     : 315590          : 1.36888e+08     : 7    : 0.457623
  Percentage of time spent in overhead : 2.02736

________________________________________________________________________________
--------------------------------------------------------------------------------
MPIStats:+
--------------------------------------------------------------------------------
                Name:       Total:         Avg:         Min:         Max:    Max rank: Hist %% [  Q1 |  Q2 |  Q3 |  Q4 ]:  %%Load Imbalance
         Count: Recv:          352           22           22           22            0           100.0   0.0   0.0   0.0     0.0
         Count: Redu:          128            8            8            8            0           100.0   0.0   0.0   0.0     0.0
         Count: Send:          352           22           22           22            0           100.0   0.0   0.0   0.0     0.0
         Count: Test:          158         9.88            8           13           15            56.2   0.0  12.5  31.2    24.0
         Count: Wait:          576           36           36           36            0           100.0   0.0   0.0   0.0     0.0
          Time: Recv:      0.32 ms      0.02 ms    0.0128 ms    0.0306 ms            7            56.2   6.2  12.5  25.0    34.7
          Time: Redu:      10.2 ms     0.638 ms    0.0806 ms     0.813 ms            1             6.2  18.8   0.0  75.0    21.5
          Time: Send:      3.36 ms      0.21 ms     0.133 ms     0.346 ms            0            50.0  18.8  18.8  12.5    39.4
          Time: Test:     0.181 ms    0.0113 ms  3.56e+03 ns    0.0274 ms           13            43.8  37.5   0.0  18.8    58.6
          Time: Wait:      6.37 ms     0.398 ms     0.363 ms     0.433 ms           14            12.5  37.5  37.5  12.5     8.0
Volume Recv TOTAL   :      14.4 MB       919 KB       919 KB       921 KB            0            93.8   0.0   0.0   6.2     0.2
Volume Recv0: <= 64B:           17         1.06            1            2            0            93.8   0.0   0.0   6.2    46.9
Volume Recv1: <= 4KB:          149         9.31            9           14            0            93.8   0.0   0.0   6.2    33.5
Volume Recv2: <= 2MB:          224           14           14           14            0           100.0   0.0   0.0   0.0     0.0
Volume Send TOTAL   :      14.4 MB       921 KB       921 KB       921 KB            0           100.0   0.0   0.0   0.0     0.0
Volume Send0: <= 64B:           32            2            2            2            0           100.0   0.0   0.0   0.0     0.0
Volume Send1: <= 4KB:          224           14           14           14            0           100.0   0.0   0.0   0.0     0.0
Volume Send2: <= 2MB:          224           14           14           14            0           100.0   0.0   0.0   0.0     0.0

Timestep 10      Time=0.0001      Next delT=1e-05       Wall Time=0.351008  EMA=0.029008    Memory Used=136.33 MBs (avg) 136.89 MBs (max on rank: 7     )
Runtime Summary  summary stats for time step 10 at time=0.0001
  Description       Units       Minimum           Rank   Average (16)      Std. Dev.         Maximum           Rank   100*(1-ave/max) '% load imbalance'
  TaskExec          [seconds] : 0.0249491       : 0    : 0.0253067       : 0.000115514     : 0.0254326       : 6    : 0.495265
  TaskLocalComm     [seconds] : 0.00369466      : 6    : 0.00385169      : 0.000106173     : 0.00401643      : 4    : 4.10172
  TaskWaitCommTime  [seconds] : 0.000889897     : 2    : 0.000951638     : 5.39124e-05     : 0.00106651      : 3    : 10.7705
  NumberOfTasks     [tasks  ] : 8               : 0    : 8               : 0               : 8               : 0    : 0
  NumberOfPatches   [patches] : 1               : 0    : 1               : 0               : 1               : 0    : 0
  NumberOfCells     [cells  ] : 32768           : 0    : 32768           : 0               : 32768           : 0    : 0
  SCIMemoryUsed     [MBytes ] : 1.35975e+08     : 6    : 1.36329e+08     : 254976          : 1.36888e+08     : 7    : 0.408251
  SCIMemoryMaxUsed  [MBytes ] : 1.35975e+08     : 6    : 1.36329e+08     : 254976          : 1.36888e+08     : 7    : 0.408251
  MemoryUsed        [MBytes ] : 7.501e+08       : 4    : 7.59486e+08     : 4.7371e+06      : 7.67185e+08     : 6    : 1.0035
  MemoryResident    [MBytes ] : 1.35975e+08     : 6    : 1.36329e+08     : 254976          : 1.36888e+08     : 7    : 0.408251
  Percentage of time spent in overhead : 1.82006
Sus: going down successfully
