Parallel: 2048 MPI processes (using MPI)
Parallel: MPI Level Required: 0, provided: 0
Date:       Wed Aug 24 10:31:41 2022
Machine:    ash276
git branch:wasatch-low-cost-integ-cmake
git date:   Sat Jul 30 10:34:22 2022 -0600
git hash:   9315f9f96fa6304db4fe79378b145f37ea40016d
Assertion level: 0
CFLAGS:          
CXXFLAGS:        
______________________________________________________________________
Application Component: 	'wasatch'

-------------------------------------------------------------
Wasatch was built against:
  SpatialOps HASH: bd7a2bac76e42e2cb528b02e2cf1291d05c71926
             DATE: Fri Nov 12 11:34:54 2021 -0700
     ExprLib HASH: d2950c77edb22e5f3669ddaaf2d2ed29ceb24d2c
             DATE: Thu Aug 5 12:26:26 2021 -0600
    TabProps HASH: eca0dc5f26b20d4f6b1cebe51b1ae97e11871e83
             DATE: Wed Aug 11 20:11:26 2021 -0600
-------------------------------------------------------------

Linear Solver: 		hypre
Load Balancer: 		Simple
Scheduler: 		MPI
Patch layout: 		(16,16,8)
Grid statistics:
Number of levels:		1
Level 0:
  Number of patches:		2048
  Total number of cells:	68162568 (33282.5 avg. per patch)
Total patches in grid:		2048
Total cells in grid:		68162568 (33282.5 avg. per patch)

Using small, individual MPI messages (no message combining)
Detected solver: hypre
Setting initial conditions for scalability test equation: scalability0
Setting initial conditions for scalability test equation: scalability1
Setting initial conditions for scalability test equation: scalability2
Setting initial conditions for scalability test equation: scalability3
Setting initial conditions for scalability test equation: scalability4
Setting initial conditions for scalability test equation: scalability5
Setting initial conditions for scalability test equation: scalability6
Setting initial conditions for scalability test equation: scalability7
Setting initial conditions for scalability test equation: scalability8
Setting initial conditions for scalability test equation: scalability9
Setting initial conditions for scalability test equation: scalability10
Setting initial conditions for scalability test equation: scalability11
Setting initial conditions for scalability test equation: scalability12
Setting initial conditions for scalability test equation: scalability13
Setting initial conditions for scalability test equation: scalability14
Setting initial conditions for scalability test equation: scalability15
Setting initial conditions for scalability test equation: scalability16
Setting initial conditions for scalability test equation: scalability17
Setting initial conditions for scalability test equation: scalability18
Setting initial conditions for scalability test equation: scalability19
Setting initial conditions for scalability test equation: scalability20
Setting initial conditions for scalability test equation: scalability21
Setting initial conditions for scalability test equation: scalability22
Setting initial conditions for scalability test equation: scalability23
Setting initial conditions for scalability test equation: scalability24
Setting initial conditions for scalability test equation: scalability25
Setting initial conditions for scalability test equation: scalability26
Setting initial conditions for scalability test equation: scalability27
Setting initial conditions for scalability test equation: scalability28
Setting initial conditions for scalability test equation: scalability29
Setting initial conditions for scalability test equation: scalability30
Setting initial conditions for scalability test equation: scalability31
Setting initial conditions for scalability test equation: scalability32
Setting initial conditions for scalability test equation: scalability33
Setting initial conditions for scalability test equation: scalability34
Setting initial conditions for scalability test equation: scalability35
Setting initial conditions for scalability test equation: scalability36
Setting initial conditions for scalability test equation: scalability37
Setting initial conditions for scalability test equation: scalability38
Setting initial conditions for scalability test equation: scalability39
Setting initial conditions for scalability test equation: scalability40
Setting initial conditions for scalability test equation: scalability41
Setting initial conditions for scalability test equation: scalability42
Setting initial conditions for scalability test equation: scalability43
Setting initial conditions for scalability test equation: scalability44
Setting initial conditions for scalability test equation: scalability45
Setting initial conditions for scalability test equation: scalability46
Setting initial conditions for scalability test equation: scalability47
Setting initial conditions for scalability test equation: scalability48
Setting initial conditions for scalability test equation: scalability49
Setting initial conditions for scalability test equation: scalability50
Setting initial conditions for scalability test equation: scalability51
Setting initial conditions for scalability test equation: scalability52
Setting initial conditions for scalability test equation: scalability53
Setting initial conditions for scalability test equation: scalability54
Setting initial conditions for scalability test equation: scalability55
Setting initial conditions for scalability test equation: scalability56
Setting initial conditions for scalability test equation: scalability57
Setting initial conditions for scalability test equation: scalability58
Setting initial conditions for scalability test equation: scalability59
Setting initial conditions for scalability test equation: scalability60
Setting initial conditions for scalability test equation: scalability61
Setting initial conditions for scalability test equation: scalability62
Setting initial conditions for scalability test equation: scalability63
Setting initial conditions for scalability test equation: scalability64
Setting initial conditions for scalability test equation: scalability65
Setting initial conditions for scalability test equation: scalability66
Setting initial conditions for scalability test equation: scalability67
Setting initial conditions for scalability test equation: scalability68
Setting initial conditions for scalability test equation: scalability69
Setting initial conditions for scalability test equation: scalability70
Setting initial conditions for scalability test equation: scalability71
Setting initial conditions for scalability test equation: scalability72
Setting initial conditions for scalability test equation: scalability73
Setting initial conditions for scalability test equation: scalability74
Setting initial conditions for scalability test equation: scalability75
Setting initial conditions for scalability test equation: scalability76
Setting initial conditions for scalability test equation: scalability77
Setting initial conditions for scalability test equation: scalability78
Setting initial conditions for scalability test equation: scalability79
Setting initial conditions for scalability test equation: scalability80
Setting initial conditions for scalability test equation: scalability81
Setting initial conditions for scalability test equation: scalability82
Setting initial conditions for scalability test equation: scalability83
Setting initial conditions for scalability test equation: scalability84
Setting initial conditions for scalability test equation: scalability85
Setting initial conditions for scalability test equation: scalability86
Setting initial conditions for scalability test equation: scalability87
Setting initial conditions for scalability test equation: scalability88
Setting initial conditions for scalability test equation: scalability89
Setting initial conditions for scalability test equation: scalability90
Setting initial conditions for scalability test equation: scalability91
Setting initial conditions for scalability test equation: scalability92
Setting initial conditions for scalability test equation: scalability93
Setting initial conditions for scalability test equation: scalability94
Setting initial conditions for scalability test equation: scalability95
Setting initial conditions for scalability test equation: scalability96
Setting initial conditions for scalability test equation: scalability97
Setting initial conditions for scalability test equation: scalability98
Setting initial conditions for scalability test equation: scalability99
------------------------------------------------

Compiling initialization taskgraph.
------------------------------------------------
SETTING INITIAL BOUNDARY CONDITIONS:
------------------------------------------------
Setting Initial BCs for transport equation 'scalability0'
Setting Initial BCs for transport equation 'scalability1'
Setting Initial BCs for transport equation 'scalability2'
Setting Initial BCs for transport equation 'scalability3'
Setting Initial BCs for transport equation 'scalability4'
Setting Initial BCs for transport equation 'scalability5'
Setting Initial BCs for transport equation 'scalability6'
Setting Initial BCs for transport equation 'scalability7'
Setting Initial BCs for transport equation 'scalability8'
Setting Initial BCs for transport equation 'scalability9'
Setting Initial BCs for transport equation 'scalability10'
Setting Initial BCs for transport equation 'scalability11'
Setting Initial BCs for transport equation 'scalability12'
Setting Initial BCs for transport equation 'scalability13'
Setting Initial BCs for transport equation 'scalability14'
Setting Initial BCs for transport equation 'scalability15'
Setting Initial BCs for transport equation 'scalability16'
Setting Initial BCs for transport equation 'scalability17'
Setting Initial BCs for transport equation 'scalability18'
Setting Initial BCs for transport equation 'scalability19'
Setting Initial BCs for transport equation 'scalability20'
Setting Initial BCs for transport equation 'scalability21'
Setting Initial BCs for transport equation 'scalability22'
Setting Initial BCs for transport equation 'scalability23'
Setting Initial BCs for transport equation 'scalability24'
Setting Initial BCs for transport equation 'scalability25'
Setting Initial BCs for transport equation 'scalability26'
Setting Initial BCs for transport equation 'scalability27'
Setting Initial BCs for transport equation 'scalability28'
Setting Initial BCs for transport equation 'scalability29'
Setting Initial BCs for transport equation 'scalability30'
Setting Initial BCs for transport equation 'scalability31'
Setting Initial BCs for transport equation 'scalability32'
Setting Initial BCs for transport equation 'scalability33'
Setting Initial BCs for transport equation 'scalability34'
Setting Initial BCs for transport equation 'scalability35'
Setting Initial BCs for transport equation 'scalability36'
Setting Initial BCs for transport equation 'scalability37'
Setting Initial BCs for transport equation 'scalability38'
Setting Initial BCs for transport equation 'scalability39'
Setting Initial BCs for transport equation 'scalability40'
Setting Initial BCs for transport equation 'scalability41'
Setting Initial BCs for transport equation 'scalability42'
Setting Initial BCs for transport equation 'scalability43'
Setting Initial BCs for transport equation 'scalability44'
Setting Initial BCs for transport equation 'scalability45'
Setting Initial BCs for transport equation 'scalability46'
Setting Initial BCs for transport equation 'scalability47'
Setting Initial BCs for transport equation 'scalability48'
Setting Initial BCs for transport equation 'scalability49'
Setting Initial BCs for transport equation 'scalability50'
Setting Initial BCs for transport equation 'scalability51'
Setting Initial BCs for transport equation 'scalability52'
Setting Initial BCs for transport equation 'scalability53'
Setting Initial BCs for transport equation 'scalability54'
Setting Initial BCs for transport equation 'scalability55'
Setting Initial BCs for transport equation 'scalability56'
Setting Initial BCs for transport equation 'scalability57'
Setting Initial BCs for transport equation 'scalability58'
Setting Initial BCs for transport equation 'scalability59'
Setting Initial BCs for transport equation 'scalability60'
Setting Initial BCs for transport equation 'scalability61'
Setting Initial BCs for transport equation 'scalability62'
Setting Initial BCs for transport equation 'scalability63'
Setting Initial BCs for transport equation 'scalability64'
Setting Initial BCs for transport equation 'scalability65'
Setting Initial BCs for transport equation 'scalability66'
Setting Initial BCs for transport equation 'scalability67'
Setting Initial BCs for transport equation 'scalability68'
Setting Initial BCs for transport equation 'scalability69'
Setting Initial BCs for transport equation 'scalability70'
Setting Initial BCs for transport equation 'scalability71'
Setting Initial BCs for transport equation 'scalability72'
Setting Initial BCs for transport equation 'scalability73'
Setting Initial BCs for transport equation 'scalability74'
Setting Initial BCs for transport equation 'scalability75'
Setting Initial BCs for transport equation 'scalability76'
Setting Initial BCs for transport equation 'scalability77'
Setting Initial BCs for transport equation 'scalability78'
Setting Initial BCs for transport equation 'scalability79'
Setting Initial BCs for transport equation 'scalability80'
Setting Initial BCs for transport equation 'scalability81'
Setting Initial BCs for transport equation 'scalability82'
Setting Initial BCs for transport equation 'scalability83'
Setting Initial BCs for transport equation 'scalability84'
Setting Initial BCs for transport equation 'scalability85'
Setting Initial BCs for transport equation 'scalability86'
Setting Initial BCs for transport equation 'scalability87'
Setting Initial BCs for transport equation 'scalability88'
Setting Initial BCs for transport equation 'scalability89'
Setting Initial BCs for transport equation 'scalability90'
Setting Initial BCs for transport equation 'scalability91'
Setting Initial BCs for transport equation 'scalability92'
Setting Initial BCs for transport equation 'scalability93'
Setting Initial BCs for transport equation 'scalability94'
Setting Initial BCs for transport equation 'scalability95'
Setting Initial BCs for transport equation 'scalability96'
Setting Initial BCs for transport equation 'scalability97'
Setting Initial BCs for transport equation 'scalability98'
Setting Initial BCs for transport equation 'scalability99'
------------------------------------------------
Wasatch: done creating initialization task(s)
Scheduling Task 'compute timestep' COMPUTES 'delT' in NEW data warehouse
Wasatch: done creating timestep task(s)
Done with taskgraph compile (0.000502629 seconds)
Warning: addContribution not implemented for LoadBalancerCommon.
WARNING at time step 0 and sim time 0 : lowering the next delT from 1 to the maximum: 1e-05

________________________________________________________________________________
--------------------------------------------------------------------------------
MPIStats:+
--------------------------------------------------------------------------------
                Name:       Total:         Avg:         Min:         Max:    Max rank: Hist %% [  Q1 |  Q2 |  Q3 |  Q4 ]:  %%Load Imbalance
         Count: Comm:     2.05e+03            1            1            1         2046           100.0   0.0   0.0   0.0     0.0
         Count: Gath:      4.1e+03            2            2            2         2046           100.0   0.0   0.0   0.0     0.0
         Count: Redu:     2.05e+03            1            1            1         2046           100.0   0.0   0.0   0.0     0.0
          Time: Comm:      11.3 s       5.52 ms      1.98 ms      9.12 ms         1893            11.2  44.8  29.7  14.3    39.5
          Time: Gath:       208 s      0.102 s       37.6 ms     0.262 s          1922            48.3  39.0   8.7   4.0    61.2
          Time: Redu:       107 s       52.3 ms     0.416 ms      87.6 ms           96             5.6  14.8  60.5  19.1    40.3
Volume Recv TOTAL   :      16.5 MB      8.26 KB      8.26 KB      8.26 KB         2046           100.0   0.0   0.0   0.0     0.0
Volume Recv0: <= 64B:     2.05e+03            1            1            1         2046           100.0   0.0   0.0   0.0     0.0
Volume Recv1: <= 4KB:     2.05e+03            1            1            1         2046           100.0   0.0   0.0   0.0     0.0
Volume Recv2: <= 2MB:     2.05e+03            1            1            1         2046           100.0   0.0   0.0   0.0     0.0
Volume Send TOTAL   :       538 KB        269 B        269 B        269 B         2046           100.0   0.0   0.0   0.0     0.0
Volume Send0: <= 64B:      4.1e+03            2            2            2         2046           100.0   0.0   0.0   0.0     0.0
Volume Send1: <= 4KB:     2.05e+03            1            1            1         2046           100.0   0.0   0.0   0.0     0.0


Simulation and run time stats are reported at the end of each time step
EMA == Wall time as an exponential moving average using a window of the last 10 time steps
Timestep 0       Time=0           Next delT=1e-05       Wall Time=0.250139  EMA=0.249257    Memory Used=118.15 MBs (avg) 119.15 MBs (max on rank: 8     )
Warning: finalizeContributions not implemented for LoadBalancerCommon.
Warning: resetCostForecaster not implemented for LoadBalancerCommon.
Compiling taskgraph(s)...
------------------------------------------------
SETTING BOUNDARY CONDITIONS:
------------------------------------------------
Setting BCs for transport equation 'scalability0'
Setting BCs for transport equation 'scalability1'
Setting BCs for transport equation 'scalability2'
Setting BCs for transport equation 'scalability3'
Setting BCs for transport equation 'scalability4'
Setting BCs for transport equation 'scalability5'
Setting BCs for transport equation 'scalability6'
Setting BCs for transport equation 'scalability7'
Setting BCs for transport equation 'scalability8'
Setting BCs for transport equation 'scalability9'
Setting BCs for transport equation 'scalability10'
Setting BCs for transport equation 'scalability11'
Setting BCs for transport equation 'scalability12'
Setting BCs for transport equation 'scalability13'
Setting BCs for transport equation 'scalability14'
Setting BCs for transport equation 'scalability15'
Setting BCs for transport equation 'scalability16'
Setting BCs for transport equation 'scalability17'
Setting BCs for transport equation 'scalability18'
Setting BCs for transport equation 'scalability19'
Setting BCs for transport equation 'scalability20'
Setting BCs for transport equation 'scalability21'
Setting BCs for transport equation 'scalability22'
Setting BCs for transport equation 'scalability23'
Setting BCs for transport equation 'scalability24'
Setting BCs for transport equation 'scalability25'
Setting BCs for transport equation 'scalability26'
Setting BCs for transport equation 'scalability27'
Setting BCs for transport equation 'scalability28'
Setting BCs for transport equation 'scalability29'
Setting BCs for transport equation 'scalability30'
Setting BCs for transport equation 'scalability31'
Setting BCs for transport equation 'scalability32'
Setting BCs for transport equation 'scalability33'
Setting BCs for transport equation 'scalability34'
Setting BCs for transport equation 'scalability35'
Setting BCs for transport equation 'scalability36'
Setting BCs for transport equation 'scalability37'
Setting BCs for transport equation 'scalability38'
Setting BCs for transport equation 'scalability39'
Setting BCs for transport equation 'scalability40'
Setting BCs for transport equation 'scalability41'
Setting BCs for transport equation 'scalability42'
Setting BCs for transport equation 'scalability43'
Setting BCs for transport equation 'scalability44'
Setting BCs for transport equation 'scalability45'
Setting BCs for transport equation 'scalability46'
Setting BCs for transport equation 'scalability47'
Setting BCs for transport equation 'scalability48'
Setting BCs for transport equation 'scalability49'
Setting BCs for transport equation 'scalability50'
Setting BCs for transport equation 'scalability51'
Setting BCs for transport equation 'scalability52'
Setting BCs for transport equation 'scalability53'
Setting BCs for transport equation 'scalability54'
Setting BCs for transport equation 'scalability55'
Setting BCs for transport equation 'scalability56'
Setting BCs for transport equation 'scalability57'
Setting BCs for transport equation 'scalability58'
Setting BCs for transport equation 'scalability59'
Setting BCs for transport equation 'scalability60'
Setting BCs for transport equation 'scalability61'
Setting BCs for transport equation 'scalability62'
Setting BCs for transport equation 'scalability63'
Setting BCs for transport equation 'scalability64'
Setting BCs for transport equation 'scalability65'
Setting BCs for transport equation 'scalability66'
Setting BCs for transport equation 'scalability67'
Setting BCs for transport equation 'scalability68'
Setting BCs for transport equation 'scalability69'
Setting BCs for transport equation 'scalability70'
Setting BCs for transport equation 'scalability71'
Setting BCs for transport equation 'scalability72'
Setting BCs for transport equation 'scalability73'
Setting BCs for transport equation 'scalability74'
Setting BCs for transport equation 'scalability75'
Setting BCs for transport equation 'scalability76'
Setting BCs for transport equation 'scalability77'
Setting BCs for transport equation 'scalability78'
Setting BCs for transport equation 'scalability79'
Setting BCs for transport equation 'scalability80'
Setting BCs for transport equation 'scalability81'
Setting BCs for transport equation 'scalability82'
Setting BCs for transport equation 'scalability83'
Setting BCs for transport equation 'scalability84'
Setting BCs for transport equation 'scalability85'
Setting BCs for transport equation 'scalability86'
Setting BCs for transport equation 'scalability87'
Setting BCs for transport equation 'scalability88'
Setting BCs for transport equation 'scalability89'
Setting BCs for transport equation 'scalability90'
Setting BCs for transport equation 'scalability91'
Setting BCs for transport equation 'scalability92'
Setting BCs for transport equation 'scalability93'
Setting BCs for transport equation 'scalability94'
Setting BCs for transport equation 'scalability95'
Setting BCs for transport equation 'scalability96'
Setting BCs for transport equation 'scalability97'
Setting BCs for transport equation 'scalability98'
Setting BCs for transport equation 'scalability99'
------------------------------------------------
Wasatch: done creating solution task(s)
Wasatch: done creating solution task(s)
Wasatch: done creating post-processing task(s)
Scheduling Task 'compute timestep' COMPUTES 'delT' in NEW data warehouse
Wasatch: done creating timestep task(s)
Done with taskgraph compile (0.115484 seconds)

________________________________________________________________________________
--------------------------------------------------------------------------------
MPIStats:+
--------------------------------------------------------------------------------
                Name:       Total:         Avg:         Min:         Max:    Max rank: Hist %% [  Q1 |  Q2 |  Q3 |  Q4 ]:  %%Load Imbalance
         Count: Recv:      8.9e+04         43.5           14           52         1910             7.0   0.0  35.5  57.4    16.4
         Count: Redu:     1.64e+04            8            8            8         2046           100.0   0.0   0.0   0.0     0.0
         Count: Send:      8.9e+04         43.5           14           52         1910             7.0   0.0  35.5  57.4    16.4
         Count: Test:     2.22e+04         10.8            9           25         2044            77.1  15.9   3.8   3.3    56.6
         Count: Wait:     1.62e+05         78.9           21           96         1910             7.0   0.0  35.5  57.4    17.8
          Time: Recv:     0.292 s      0.143 ms    0.0226 ms     0.871 ms          962            90.5   7.6   1.7   0.3    83.6
          Time: Redu:       674 s      0.329 s      0.424 ms     0.626 s             0             4.8  40.6  45.8   8.8    47.5
          Time: Send:      2.65 s        1.3 ms       0.4 ms      2.01 ms          322             6.7  32.0  53.2   8.1    35.6
          Time: Test:     0.366 s      0.179 ms    0.0335 ms     0.984 ms          719            88.9   7.1   2.8   1.2    81.8
          Time: Wait:       476 s      0.232 s       18.4 ms      0.52 s          2004             9.3  61.6  26.4   2.6    55.3
Volume Recv TOTAL   :      27.6 GB      13.8 MB      7.71 MB        15 MB         1910             0.4   6.6  35.5  57.4     7.9
Volume Recv0: <= 64B:     2.05e+03            1            1            2            0           100.0   0.0   0.0   0.0    50.0
Volume Recv1: <= 4KB:     2.73e+04         13.3            3           17         1910             7.0  35.6   0.0  57.4    21.7
Volume Recv2: <= 2MB:     6.38e+04         31.2           12           36         1910             0.4   6.6  35.5  57.4    13.5
Volume Send TOTAL   :      27.6 GB      13.8 MB      7.71 MB        15 MB         1910             0.4   6.6  35.5  57.4     7.9
Volume Send0: <= 64B:      4.1e+03            2            2            2         2046           100.0   0.0   0.0   0.0     0.0
Volume Send1: <= 4KB:     3.75e+04         18.3            8           22         1910             7.0  35.5   0.0  57.4    16.8
Volume Send2: <= 2MB:     6.38e+04         31.2           12           36         1910             0.4   6.6  35.5  57.4    13.5

Timestep 1       Time=1e-05       Next delT=1e-05       Wall Time=1.42143   EMA=1.17124     Memory Used=230.13 MBs (avg) 236.11 MBs (max on rank: 372   )
Runtime Summary  summary stats for time step 1 at time=1e-05
  Description       Units       Minimum           Rank   Average (2048)    Std. Dev.         Maximum           Rank   100*(1-ave/max) '% load imbalance'
  Compilation       [seconds] : 0.106876        : 7    : 0.300601        : 0.0816584       : 0.524117        : 1874 : 42.6462
  TaskExec          [seconds] : 0.251375        : 1899 : 0.583812        : 0.101954        : 0.842535        : 88   : 30.7077
  TaskLocalComm     [seconds] : 0.0288515       : 1920 : 0.0761398       : 0.0143328       : 0.110034        : 757  : 30.8032
  TaskWaitCommTime  [seconds] : 0.0394843       : 436  : 0.247658        : 0.0715836       : 0.531308        : 2004 : 53.3871
  NumberOfTasks     [tasks  ] : 8               : 0    : 8               : 0               : 8               : 0    : 0
  NumberOfPatches   [patches] : 1               : 0    : 1               : 0               : 1               : 0    : 0
  NumberOfCells     [cells  ] : 32768           : 137  : 33282.5         : 659.365         : 35937           : 0    : 7.38653
  SCIMemoryUsed     [MBytes ] : 2.06967e+08     : 2047 : 2.30134e+08     : 6.463e+06       : 2.36106e+08     : 372  : 2.5292
  SCIMemoryMaxUsed  [MBytes ] : 2.06967e+08     : 2047 : 2.30134e+08     : 6.463e+06       : 2.36106e+08     : 372  : 2.5292
  MemoryUsed        [MBytes ] : 7.50862e+08     : 1920 : 8.27892e+08     : 1.18109e+07     : 8.49273e+08     : 668  : 2.51754
  MemoryResident    [MBytes ] : 2.06967e+08     : 2047 : 2.30134e+08     : 6.463e+06       : 2.36106e+08     : 372  : 2.5292
  Percentage of time spent in overhead : 24.8799

________________________________________________________________________________
--------------------------------------------------------------------------------
MPIStats:+
--------------------------------------------------------------------------------
                Name:       Total:         Avg:         Min:         Max:    Max rank: Hist %% [  Q1 |  Q2 |  Q3 |  Q4 ]:  %%Load Imbalance
         Count: Recv:      8.9e+04         43.5           14           52         1910             7.0   0.0  35.5  57.4    16.4
         Count: Redu:     1.64e+04            8            8            8         2046           100.0   0.0   0.0   0.0     0.0
         Count: Send:      8.9e+04         43.5           14           52         1910             7.0   0.0  35.5  57.4    16.4
         Count: Test:     2.03e+04          9.9            8           25         2018            90.3   5.4   2.9   1.3    60.4
         Count: Wait:     1.62e+05         78.9           20           96         1910             7.0   0.0  35.5  57.4    17.8
          Time: Recv:     0.346 s      0.169 ms    0.0324 ms     0.797 ms          246            79.4  15.8   4.0   0.7    78.8
          Time: Redu:       372 s      0.182 s      0.431 ms     0.365 s             0            12.1  32.5  50.2   5.1    50.2
          Time: Send:     0.697 s      0.341 ms     0.126 ms     0.724 ms         1893            28.2  52.5  18.0   1.3    53.0
          Time: Test:     0.248 s      0.121 ms  4.85e+03 ns     0.967 ms          255            88.0   9.7   1.7   0.6    87.5
          Time: Wait:       391 s      0.191 s       77.5 ms     0.406 s          1839            37.2  43.3  15.6   4.0    53.0
Volume Recv TOTAL   :      27.6 GB      13.8 MB      7.71 MB        15 MB         1910             0.4   6.6  35.5  57.4     7.9
Volume Recv0: <= 64B:     2.05e+03            1            1            2            0           100.0   0.0   0.0   0.0    50.0
Volume Recv1: <= 4KB:     2.73e+04         13.3            3           17         1910             7.0  35.6   0.0  57.4    21.7
Volume Recv2: <= 2MB:     6.38e+04         31.2           12           36         1910             0.4   6.6  35.5  57.4    13.5
Volume Send TOTAL   :      27.6 GB      13.8 MB      7.71 MB        15 MB         1910             0.4   6.6  35.5  57.4     7.9
Volume Send0: <= 64B:      4.1e+03            2            2            2         2046           100.0   0.0   0.0   0.0     0.0
Volume Send1: <= 4KB:     3.75e+04         18.3            8           22         1910             7.0  35.5   0.0  57.4    16.8
Volume Send2: <= 2MB:     6.38e+04         31.2           12           36         1910             0.4   6.6  35.5  57.4    13.5

Timestep 2       Time=2e-05       Next delT=1e-05       Wall Time=2.08055   EMA=0.829827    Memory Used=248.88 MBs (avg) 263.50 MBs (max on rank: 1373  )
Runtime Summary  summary stats for time step 2 at time=2e-05
  Description       Units       Minimum           Rank   Average (2048)    Std. Dev.         Maximum           Rank   100*(1-ave/max) '% load imbalance'
  TaskExec          [seconds] : 0.214132        : 1839 : 0.416105        : 0.0629368       : 0.539616        : 2047 : 22.8886
  TaskLocalComm     [seconds] : 0.0311562       : 120  : 0.0757999       : 0.0144292       : 0.125465        : 246  : 39.5847
  TaskWaitCommTime  [seconds] : 0.0928069       : 1402 : 0.206544        : 0.0610029       : 0.415398        : 1839 : 50.278
  NumberOfTasks     [tasks  ] : 8               : 0    : 8               : 0               : 8               : 0    : 0
  NumberOfPatches   [patches] : 1               : 0    : 1               : 0               : 1               : 0    : 0
  NumberOfCells     [cells  ] : 32768           : 137  : 33282.5         : 659.365         : 35937           : 0    : 7.38653
  SCIMemoryUsed     [MBytes ] : 2.18653e+08     : 1920 : 2.48875e+08     : 8.42269e+06     : 2.635e+08       : 1373 : 5.55004
  SCIMemoryMaxUsed  [MBytes ] : 2.18653e+08     : 1920 : 2.48875e+08     : 8.42269e+06     : 2.635e+08       : 1373 : 5.55004
  MemoryUsed        [MBytes ] : 7.61389e+08     : 1920 : 8.46855e+08     : 1.29169e+07     : 8.69028e+08     : 308  : 2.5515
  MemoryResident    [MBytes ] : 2.18653e+08     : 1920 : 2.48875e+08     : 8.42269e+06     : 2.635e+08       : 1373 : 5.55004
  Percentage of time spent in overhead : 12.4398

________________________________________________________________________________
--------------------------------------------------------------------------------
MPIStats:+
--------------------------------------------------------------------------------
                Name:       Total:         Avg:         Min:         Max:    Max rank: Hist %% [  Q1 |  Q2 |  Q3 |  Q4 ]:  %%Load Imbalance
         Count: Recv:      8.9e+04         43.5           14           52         1910             7.0   0.0  35.5  57.4    16.4
         Count: Redu:     1.64e+04            8            8            8         2046           100.0   0.0   0.0   0.0     0.0
         Count: Send:      8.9e+04         43.5           14           52         1910             7.0   0.0  35.5  57.4    16.4
         Count: Test:     1.94e+04          9.5            8           25         2018            93.0   3.1   2.9   1.0    62.0
         Count: Wait:     1.62e+05         78.9           20           96         1910             7.0   0.0  35.5  57.4    17.8
          Time: Recv:     0.269 s      0.132 ms    0.0231 ms     0.631 ms          426            80.2  15.8   3.3   0.7    79.1
          Time: Redu:       366 s      0.179 s      0.346 ms     0.379 s             3            11.8  39.8  45.7   2.7    52.9
          Time: Send:     0.736 s      0.359 ms     0.112 ms      0.87 ms         1418            28.9  65.4   5.6   0.1    58.7
          Time: Test:     0.194 s     0.0948 ms  3.55e+03 ns      1.13 ms          519            94.5   5.1   0.3   0.1    91.6
          Time: Wait:       367 s      0.179 s       13.2 ms      0.38 s           897             5.3  66.7  19.2   8.8    52.8
Volume Recv TOTAL   :      27.6 GB      13.8 MB      7.71 MB        15 MB         1910             0.4   6.6  35.5  57.4     7.9
Volume Recv0: <= 64B:     2.05e+03            1            1            2            0           100.0   0.0   0.0   0.0    50.0
Volume Recv1: <= 4KB:     2.73e+04         13.3            3           17         1910             7.0  35.6   0.0  57.4    21.7
Volume Recv2: <= 2MB:     6.38e+04         31.2           12           36         1910             0.4   6.6  35.5  57.4    13.5
Volume Send TOTAL   :      27.6 GB      13.8 MB      7.71 MB        15 MB         1910             0.4   6.6  35.5  57.4     7.9
Volume Send0: <= 64B:      4.1e+03            2            2            2         2046           100.0   0.0   0.0   0.0     0.0
Volume Send1: <= 4KB:     3.75e+04         18.3            8           22         1910             7.0  35.5   0.0  57.4    16.8
Volume Send2: <= 2MB:     6.38e+04         31.2           12           36         1910             0.4   6.6  35.5  57.4    13.5

Timestep 3       Time=3e-05       Next delT=1e-05       Wall Time=2.72049   EMA=0.734882    Memory Used=249.01 MBs (avg) 263.50 MBs (max on rank: 1373  )
Runtime Summary  summary stats for time step 3 at time=3e-05
  Description       Units       Minimum           Rank   Average (2048)    Std. Dev.         Maximum           Rank   100*(1-ave/max) '% load imbalance'
  TaskExec          [seconds] : 0.223053        : 897  : 0.412704        : 0.0626772       : 0.590481        : 87   : 30.1072
  TaskLocalComm     [seconds] : 0.0222262       : 1920 : 0.0722212       : 0.0148846       : 0.121678        : 1418 : 40.6457
  TaskWaitCommTime  [seconds] : 0.0232797       : 87   : 0.19391         : 0.0609248       : 0.390818        : 897  : 50.3836
  NumberOfTasks     [tasks  ] : 8               : 0    : 8               : 0               : 8               : 0    : 0
  NumberOfPatches   [patches] : 1               : 0    : 1               : 0               : 1               : 0    : 0
  NumberOfCells     [cells  ] : 32768           : 137  : 33282.5         : 659.365         : 35937           : 0    : 7.38653
  SCIMemoryUsed     [MBytes ] : 2.18653e+08     : 1920 : 2.49013e+08     : 8.29385e+06     : 2.635e+08       : 1373 : 5.49801
  SCIMemoryMaxUsed  [MBytes ] : 2.18653e+08     : 1920 : 2.49013e+08     : 8.29385e+06     : 2.635e+08       : 1373 : 5.49801
  MemoryUsed        [MBytes ] : 7.61389e+08     : 1920 : 8.46962e+08     : 1.28164e+07     : 8.69183e+08     : 668  : 2.55662
  MemoryResident    [MBytes ] : 2.18653e+08     : 1920 : 2.49013e+08     : 8.29385e+06     : 2.635e+08       : 1373 : 5.49801
  Percentage of time spent in overhead : 8.29264

________________________________________________________________________________
--------------------------------------------------------------------------------
MPIStats:+
--------------------------------------------------------------------------------
                Name:       Total:         Avg:         Min:         Max:    Max rank: Hist %% [  Q1 |  Q2 |  Q3 |  Q4 ]:  %%Load Imbalance
         Count: Recv:      8.9e+04         43.5           14           52         1910             7.0   0.0  35.5  57.4    16.4
         Count: Redu:     1.64e+04            8            8            8         2046           100.0   0.0   0.0   0.0     0.0
         Count: Send:      8.9e+04         43.5           14           52         1910             7.0   0.0  35.5  57.4    16.4
         Count: Test:     1.91e+04          9.3            8           25         2018            94.0   2.5   2.5   0.9    62.8
         Count: Wait:     1.62e+05         78.9           20           96         1910             7.0   0.0  35.5  57.4    17.8
          Time: Recv:      0.25 s      0.122 ms    0.0242 ms     0.611 ms          859            81.0  15.5   3.0   0.6    80.1
          Time: Redu:       361 s      0.176 s      0.362 ms     0.383 s             3            12.2  44.0  42.0   1.7    53.9
          Time: Send:     0.747 s      0.365 ms     0.105 ms     0.671 ms          778             8.5  50.0  37.6   3.8    45.6
          Time: Test:     0.164 s     0.0801 ms  3.55e+03 ns     0.885 ms         1400            89.1  10.1   0.5   0.3    90.9
          Time: Wait:       362 s      0.177 s       28.5 ms     0.386 s          2011             7.4  70.6  17.5   4.5    54.2
Volume Recv TOTAL   :      27.6 GB      13.8 MB      7.71 MB        15 MB         1910             0.4   6.6  35.5  57.4     7.9
Volume Recv0: <= 64B:     2.05e+03            1            1            2            0           100.0   0.0   0.0   0.0    50.0
Volume Recv1: <= 4KB:     2.73e+04         13.3            3           17         1910             7.0  35.6   0.0  57.4    21.7
Volume Recv2: <= 2MB:     6.38e+04         31.2           12           36         1910             0.4   6.6  35.5  57.4    13.5
Volume Send TOTAL   :      27.6 GB      13.8 MB      7.71 MB        15 MB         1910             0.4   6.6  35.5  57.4     7.9
Volume Send0: <= 64B:      4.1e+03            2            2            2         2046           100.0   0.0   0.0   0.0     0.0
Volume Send1: <= 4KB:     3.75e+04         18.3            8           22         1910             7.0  35.5   0.0  57.4    16.8
Volume Send2: <= 2MB:     6.38e+04         31.2           12           36         1910             0.4   6.6  35.5  57.4    13.5

Timestep 4       Time=4e-05       Next delT=1e-05       Wall Time=3.35675   EMA=0.695437    Memory Used=249.07 MBs (avg) 263.83 MBs (max on rank: 1373  )
Runtime Summary  summary stats for time step 4 at time=4e-05
  Description       Units       Minimum           Rank   Average (2048)    Std. Dev.         Maximum           Rank   100*(1-ave/max) '% load imbalance'
  TaskExec          [seconds] : 0.216436        : 2011 : 0.410638        : 0.057852        : 0.571473        : 11   : 28.144
  TaskLocalComm     [seconds] : 0.0232179       : 120  : 0.0725549       : 0.0148867       : 0.121144        : 1113 : 40.1086
  TaskWaitCommTime  [seconds] : 0.0389915       : 11   : 0.192068        : 0.05613         : 0.396244        : 2011 : 51.5278
  NumberOfTasks     [tasks  ] : 8               : 0    : 8               : 0               : 8               : 0    : 0
  NumberOfPatches   [patches] : 1               : 0    : 1               : 0               : 1               : 0    : 0
  NumberOfCells     [cells  ] : 32768           : 137  : 33282.5         : 659.365         : 35937           : 0    : 7.38653
  SCIMemoryUsed     [MBytes ] : 2.18673e+08     : 120  : 2.4907e+08      : 8.28403e+06     : 2.63827e+08     : 1373 : 5.59378
  SCIMemoryMaxUsed  [MBytes ] : 2.18673e+08     : 120  : 2.4907e+08      : 8.28403e+06     : 2.63827e+08     : 1373 : 5.59378
  MemoryUsed        [MBytes ] : 7.61389e+08     : 1920 : 8.47002e+08     : 1.27747e+07     : 8.69183e+08     : 668  : 2.552
  MemoryResident    [MBytes ] : 2.18673e+08     : 120  : 2.4907e+08      : 8.28403e+06     : 2.63827e+08     : 1373 : 5.59378
  Percentage of time spent in overhead : 6.21822

________________________________________________________________________________
--------------------------------------------------------------------------------
MPIStats:+
--------------------------------------------------------------------------------
                Name:       Total:         Avg:         Min:         Max:    Max rank: Hist %% [  Q1 |  Q2 |  Q3 |  Q4 ]:  %%Load Imbalance
         Count: Recv:      8.9e+04         43.5           14           52         1910             7.0   0.0  35.5  57.4    16.4
         Count: Redu:     1.64e+04            8            8            8         2046           100.0   0.0   0.0   0.0     0.0
         Count: Send:      8.9e+04         43.5           14           52         1910             7.0   0.0  35.5  57.4    16.4
         Count: Test:     1.91e+04         9.35            8           25         2018            94.5   2.1   2.6   0.9    62.6
         Count: Wait:     1.62e+05         78.9           20           96         1910             7.0   0.0  35.5  57.4    17.8
          Time: Recv:     0.268 s      0.131 ms    0.0256 ms      0.65 ms          845            81.5  15.2   3.1   0.2    79.9
          Time: Redu:       383 s      0.187 s      0.485 ms     0.399 s          2047            10.4  43.1  45.4   1.2    53.0
          Time: Send:     0.753 s      0.368 ms      0.12 ms     0.704 ms         1621            16.1  48.0  34.0   1.8    47.8
          Time: Test:     0.191 s     0.0935 ms  3.63e+03 ns      0.73 ms         1967            77.2  20.8   1.7   0.4    87.2
          Time: Wait:       359 s      0.175 s       27.4 ms     0.359 s           756             6.6  67.1  17.5   8.8    51.2
Volume Recv TOTAL   :      27.6 GB      13.8 MB      7.71 MB        15 MB         1910             0.4   6.6  35.5  57.4     7.9
Volume Recv0: <= 64B:     2.05e+03            1            1            2            0           100.0   0.0   0.0   0.0    50.0
Volume Recv1: <= 4KB:     2.73e+04         13.3            3           17         1910             7.0  35.6   0.0  57.4    21.7
Volume Recv2: <= 2MB:     6.38e+04         31.2           12           36         1910             0.4   6.6  35.5  57.4    13.5
Volume Send TOTAL   :      27.6 GB      13.8 MB      7.71 MB        15 MB         1910             0.4   6.6  35.5  57.4     7.9
Volume Send0: <= 64B:      4.1e+03            2            2            2         2046           100.0   0.0   0.0   0.0     0.0
Volume Send1: <= 4KB:     3.75e+04         18.3            8           22         1910             7.0  35.5   0.0  57.4    16.8
Volume Send2: <= 2MB:     6.38e+04         31.2           12           36         1910             0.4   6.6  35.5  57.4    13.5

Timestep 5       Time=5e-05       Next delT=1e-05       Wall Time=4.00138   EMA=0.678499    Memory Used=249.13 MBs (avg) 263.83 MBs (max on rank: 1373  )
Runtime Summary  summary stats for time step 5 at time=5e-05
  Description       Units       Minimum           Rank   Average (2048)    Std. Dev.         Maximum           Rank   100*(1-ave/max) '% load imbalance'
  TaskExec          [seconds] : 0.224501        : 756  : 0.420957        : 0.0588335       : 0.595294        : 2047 : 29.2859
  TaskLocalComm     [seconds] : 0.0230197       : 120  : 0.0721233       : 0.0142464       : 0.120116        : 1780 : 39.9553
  TaskWaitCommTime  [seconds] : 0.0327423       : 2047 : 0.190137        : 0.0571563       : 0.37814         : 756  : 49.7177
  NumberOfTasks     [tasks  ] : 8               : 0    : 8               : 0               : 8               : 0    : 0
  NumberOfPatches   [patches] : 1               : 0    : 1               : 0               : 1               : 0    : 0
  NumberOfCells     [cells  ] : 32768           : 137  : 33282.5         : 659.365         : 35937           : 0    : 7.38653
  SCIMemoryUsed     [MBytes ] : 2.18673e+08     : 120  : 2.49132e+08     : 8.26151e+06     : 2.63827e+08     : 1373 : 5.56995
  SCIMemoryMaxUsed  [MBytes ] : 2.18673e+08     : 120  : 2.49132e+08     : 8.26151e+06     : 2.63827e+08     : 1373 : 5.56995
  MemoryUsed        [MBytes ] : 7.61389e+08     : 1920 : 8.47044e+08     : 1.27372e+07     : 8.69183e+08     : 548  : 2.54718
  MemoryResident    [MBytes ] : 2.18673e+08     : 120  : 2.49132e+08     : 8.26151e+06     : 2.63827e+08     : 1373 : 5.56995
  Percentage of time spent in overhead : 4.97255

________________________________________________________________________________
--------------------------------------------------------------------------------
MPIStats:+
--------------------------------------------------------------------------------
                Name:       Total:         Avg:         Min:         Max:    Max rank: Hist %% [  Q1 |  Q2 |  Q3 |  Q4 ]:  %%Load Imbalance
         Count: Recv:      8.9e+04         43.5           14           52         1910             7.0   0.0  35.5  57.4    16.4
         Count: Redu:     1.64e+04            8            8            8         2046           100.0   0.0   0.0   0.0     0.0
         Count: Send:      8.9e+04         43.5           14           52         1910             7.0   0.0  35.5  57.4    16.4
         Count: Test:      1.9e+04         9.28            8           25         2026            93.8   2.4   2.8   0.9    62.9
         Count: Wait:     1.62e+05         78.9           20           96         1910             7.0   0.0  35.5  57.4    17.8
          Time: Recv:     0.259 s      0.127 ms     0.026 ms     0.669 ms         1418            83.3  13.1   3.3   0.3    81.1
          Time: Redu:       380 s      0.186 s      0.399 ms     0.402 s             2            12.3  42.5  43.5   1.7    53.8
          Time: Send:     0.745 s      0.364 ms     0.125 ms     0.772 ms         1418            21.6  61.3  15.6   1.5    52.9
          Time: Test:     0.179 s     0.0873 ms  3.78e+03 ns     0.915 ms         1795            90.3   9.0   0.4   0.2    90.5
          Time: Wait:       365 s      0.178 s        9.5 ms     0.363 s          1099             2.9  63.7  22.7  10.7    50.9
Volume Recv TOTAL   :      27.6 GB      13.8 MB      7.71 MB        15 MB         1910             0.4   6.6  35.5  57.4     7.9
Volume Recv0: <= 64B:     2.05e+03            1            1            2            0           100.0   0.0   0.0   0.0    50.0
Volume Recv1: <= 4KB:     2.73e+04         13.3            3           17         1910             7.0  35.6   0.0  57.4    21.7
Volume Recv2: <= 2MB:     6.38e+04         31.2           12           36         1910             0.4   6.6  35.5  57.4    13.5
Volume Send TOTAL   :      27.6 GB      13.8 MB      7.71 MB        15 MB         1910             0.4   6.6  35.5  57.4     7.9
Volume Send0: <= 64B:      4.1e+03            2            2            2         2046           100.0   0.0   0.0   0.0     0.0
Volume Send1: <= 4KB:     3.75e+04         18.3            8           22         1910             7.0  35.5   0.0  57.4    16.8
Volume Send2: <= 2MB:     6.38e+04         31.2           12           36         1910             0.4   6.6  35.5  57.4    13.5

Timestep 6       Time=6e-05       Next delT=1e-05       Wall Time=4.6474    EMA=0.66922     Memory Used=249.17 MBs (avg) 263.83 MBs (max on rank: 1373  )
Runtime Summary  summary stats for time step 6 at time=6e-05
  Description       Units       Minimum           Rank   Average (2048)    Std. Dev.         Maximum           Rank   100*(1-ave/max) '% load imbalance'
  TaskExec          [seconds] : 0.233966        : 724  : 0.419085        : 0.0632351       : 0.599799        : 80   : 30.129
  TaskLocalComm     [seconds] : 0.0258158       : 120  : 0.0731193       : 0.01486         : 0.120386        : 1418 : 39.2629
  TaskWaitCommTime  [seconds] : 0.0215742       : 80   : 0.193164        : 0.0611065       : 0.377084        : 724  : 48.7742
  NumberOfTasks     [tasks  ] : 8               : 0    : 8               : 0               : 8               : 0    : 0
  NumberOfPatches   [patches] : 1               : 0    : 1               : 0               : 1               : 0    : 0
  NumberOfCells     [cells  ] : 32768           : 137  : 33282.5         : 659.365         : 35937           : 0    : 7.38653
  SCIMemoryUsed     [MBytes ] : 2.18952e+08     : 1920 : 2.49166e+08     : 8.27893e+06     : 2.63827e+08     : 1373 : 5.55712
  SCIMemoryMaxUsed  [MBytes ] : 2.18952e+08     : 1920 : 2.49166e+08     : 8.27893e+06     : 2.63827e+08     : 1373 : 5.55712
  MemoryUsed        [MBytes ] : 7.61389e+08     : 1920 : 8.4705e+08      : 1.27324e+07     : 8.69183e+08     : 548  : 2.54647
  MemoryResident    [MBytes ] : 2.18952e+08     : 1920 : 2.49166e+08     : 8.27893e+06     : 2.63827e+08     : 1373 : 5.55712
  Percentage of time spent in overhead : 4.14097

________________________________________________________________________________
--------------------------------------------------------------------------------
MPIStats:+
--------------------------------------------------------------------------------
                Name:       Total:         Avg:         Min:         Max:    Max rank: Hist %% [  Q1 |  Q2 |  Q3 |  Q4 ]:  %%Load Imbalance
         Count: Recv:      8.9e+04         43.5           14           52         1910             7.0   0.0  35.5  57.4    16.4
         Count: Redu:     1.64e+04            8            8            8         2046           100.0   0.0   0.0   0.0     0.0
         Count: Send:      8.9e+04         43.5           14           52         1910             7.0   0.0  35.5  57.4    16.4
         Count: Test:      1.9e+04         9.27            8           25         1947            94.3   2.2   2.8   0.7    62.9
         Count: Wait:     1.62e+05         78.9           20           96         1910             7.0   0.0  35.5  57.4    17.8
          Time: Recv:     0.259 s      0.126 ms    0.0205 ms     0.595 ms          905            78.7  16.7   4.1   0.5    78.8
          Time: Redu:       375 s      0.183 s       0.39 ms     0.395 s             4            11.4  45.2  41.8   1.6    53.6
          Time: Send:     0.756 s      0.369 ms      0.13 ms     0.713 ms          907            20.7  46.6  31.0   1.8    48.2
          Time: Test:     0.181 s     0.0883 ms  4.03e+03 ns     0.908 ms          119            86.6  12.7   0.5   0.1    90.3
          Time: Wait:       367 s      0.179 s       19.6 ms     0.403 s           899             7.5  71.0  17.4   4.1    55.5
Volume Recv TOTAL   :      27.6 GB      13.8 MB      7.71 MB        15 MB         1910             0.4   6.6  35.5  57.4     7.9
Volume Recv0: <= 64B:     2.05e+03            1            1            2            0           100.0   0.0   0.0   0.0    50.0
Volume Recv1: <= 4KB:     2.73e+04         13.3            3           17         1910             7.0  35.6   0.0  57.4    21.7
Volume Recv2: <= 2MB:     6.38e+04         31.2           12           36         1910             0.4   6.6  35.5  57.4    13.5
Volume Send TOTAL   :      27.6 GB      13.8 MB      7.71 MB        15 MB         1910             0.4   6.6  35.5  57.4     7.9
Volume Send0: <= 64B:      4.1e+03            2            2            2         2046           100.0   0.0   0.0   0.0     0.0
Volume Send1: <= 4KB:     3.75e+04         18.3            8           22         1910             7.0  35.5   0.0  57.4    16.8
Volume Send2: <= 2MB:     6.38e+04         31.2           12           36         1910             0.4   6.6  35.5  57.4    13.5

Timestep 7       Time=7e-05       Next delT=1e-05       Wall Time=5.29132   EMA=0.662896    Memory Used=249.21 MBs (avg) 263.83 MBs (max on rank: 1373  )
Runtime Summary  summary stats for time step 7 at time=7e-05
  Description       Units       Minimum           Rank   Average (2048)    Std. Dev.         Maximum           Rank   100*(1-ave/max) '% load imbalance'
  TaskExec          [seconds] : 0.204385        : 899  : 0.416249        : 0.0588461       : 0.586529        : 10   : 29.0318
  TaskLocalComm     [seconds] : 0.0283301       : 120  : 0.0720647       : 0.0146084       : 0.117896        : 905  : 38.8743
  TaskWaitCommTime  [seconds] : 0.0308079       : 10   : 0.194197        : 0.0569537       : 0.413225        : 899  : 53.0046
  NumberOfTasks     [tasks  ] : 8               : 0    : 8               : 0               : 8               : 0    : 0
  NumberOfPatches   [patches] : 1               : 0    : 1               : 0               : 1               : 0    : 0
  NumberOfCells     [cells  ] : 32768           : 137  : 33282.5         : 659.365         : 35937           : 0    : 7.38653
  SCIMemoryUsed     [MBytes ] : 2.18952e+08     : 1920 : 2.4921e+08      : 8.29955e+06     : 2.63827e+08     : 1373 : 5.54052
  SCIMemoryMaxUsed  [MBytes ] : 2.18952e+08     : 1920 : 2.4921e+08      : 8.29955e+06     : 2.63827e+08     : 1373 : 5.54052
  MemoryUsed        [MBytes ] : 7.61389e+08     : 1920 : 8.47051e+08     : 1.27338e+07     : 8.69183e+08     : 548  : 2.5463
  MemoryResident    [MBytes ] : 2.18952e+08     : 1920 : 2.4921e+08      : 8.29955e+06     : 2.63827e+08     : 1373 : 5.54052
  Percentage of time spent in overhead : 3.54576

________________________________________________________________________________
--------------------------------------------------------------------------------
MPIStats:+
--------------------------------------------------------------------------------
                Name:       Total:         Avg:         Min:         Max:    Max rank: Hist %% [  Q1 |  Q2 |  Q3 |  Q4 ]:  %%Load Imbalance
         Count: Recv:      8.9e+04         43.5           14           52         1910             7.0   0.0  35.5  57.4    16.4
         Count: Redu:     1.64e+04            8            8            8         2046           100.0   0.0   0.0   0.0     0.0
         Count: Send:      8.9e+04         43.5           14           52         1910             7.0   0.0  35.5  57.4    16.4
         Count: Test:     1.91e+04         9.34            8           25         1962            93.3   3.1   2.8   0.8    62.6
         Count: Wait:     1.62e+05         78.9           20           96         1910             7.0   0.0  35.5  57.4    17.8
          Time: Recv:     0.262 s      0.128 ms    0.0276 ms     0.571 ms          532            76.4  19.8   3.1   0.6    77.6
          Time: Redu:       359 s      0.175 s      0.349 ms     0.354 s            72            10.7  33.6  53.3   2.4    50.5
          Time: Send:     0.735 s      0.359 ms      0.11 ms     0.738 ms         1126            16.2  59.9  23.0   0.9    51.4
          Time: Test:     0.196 s     0.0955 ms  3.92e+03 ns      1.24 ms          119            96.4   3.2   0.2   0.1    92.3
          Time: Wait:       361 s      0.176 s       40.6 ms     0.372 s          1555            11.5  66.6  16.2   5.7    52.5
Volume Recv TOTAL   :      27.6 GB      13.8 MB      7.71 MB        15 MB         1910             0.4   6.6  35.5  57.4     7.9
Volume Recv0: <= 64B:     2.05e+03            1            1            2            0           100.0   0.0   0.0   0.0    50.0
Volume Recv1: <= 4KB:     2.73e+04         13.3            3           17         1910             7.0  35.6   0.0  57.4    21.7
Volume Recv2: <= 2MB:     6.38e+04         31.2           12           36         1910             0.4   6.6  35.5  57.4    13.5
Volume Send TOTAL   :      27.6 GB      13.8 MB      7.71 MB        15 MB         1910             0.4   6.6  35.5  57.4     7.9
Volume Send0: <= 64B:      4.1e+03            2            2            2         2046           100.0   0.0   0.0   0.0     0.0
Volume Send1: <= 4KB:     3.75e+04         18.3            8           22         1910             7.0  35.5   0.0  57.4    16.8
Volume Send2: <= 2MB:     6.38e+04         31.2           12           36         1910             0.4   6.6  35.5  57.4    13.5

Timestep 8       Time=8e-05       Next delT=1e-05       Wall Time=5.92537   EMA=0.656485    Memory Used=249.26 MBs (avg) 263.83 MBs (max on rank: 1373  )
Runtime Summary  summary stats for time step 8 at time=8e-05
  Description       Units       Minimum           Rank   Average (2048)    Std. Dev.         Maximum           Rank   100*(1-ave/max) '% load imbalance'
  TaskExec          [seconds] : 0.213827        : 1555 : 0.408824        : 0.0572253       : 0.554704        : 72   : 26.2988
  TaskLocalComm     [seconds] : 0.0224298       : 1920 : 0.072493        : 0.0147852       : 0.125448        : 1138 : 42.2126
  TaskWaitCommTime  [seconds] : 0.057165        : 72   : 0.191507        : 0.0556245       : 0.38591         : 1555 : 50.3751
  NumberOfTasks     [tasks  ] : 8               : 0    : 8               : 0               : 8               : 0    : 0
  NumberOfPatches   [patches] : 1               : 0    : 1               : 0               : 1               : 0    : 0
  NumberOfCells     [cells  ] : 32768           : 137  : 33282.5         : 659.365         : 35937           : 0    : 7.38653
  SCIMemoryUsed     [MBytes ] : 2.18952e+08     : 1920 : 2.49261e+08     : 8.28904e+06     : 2.63827e+08     : 1373 : 5.5211
  SCIMemoryMaxUsed  [MBytes ] : 2.18952e+08     : 1920 : 2.49261e+08     : 8.28904e+06     : 2.63827e+08     : 1373 : 5.5211
  MemoryUsed        [MBytes ] : 7.61389e+08     : 1920 : 8.4707e+08      : 1.27245e+07     : 8.69183e+08     : 548  : 2.54415
  MemoryResident    [MBytes ] : 2.18952e+08     : 1920 : 2.49261e+08     : 8.28904e+06     : 2.63827e+08     : 1373 : 5.5211
  Percentage of time spent in overhead : 3.09806

________________________________________________________________________________
--------------------------------------------------------------------------------
MPIStats:+
--------------------------------------------------------------------------------
                Name:       Total:         Avg:         Min:         Max:    Max rank: Hist %% [  Q1 |  Q2 |  Q3 |  Q4 ]:  %%Load Imbalance
         Count: Recv:      8.9e+04         43.5           14           52         1910             7.0   0.0  35.5  57.4    16.4
         Count: Redu:     1.64e+04            8            8            8         2046           100.0   0.0   0.0   0.0     0.0
         Count: Send:      8.9e+04         43.5           14           52         1910             7.0   0.0  35.5  57.4    16.4
         Count: Test:      1.9e+04         9.28            8           24         2027            91.0   4.9   3.1   1.0    61.3
         Count: Wait:     1.62e+05         78.9           20           96         1910             7.0   0.0  35.5  57.4    17.8
          Time: Recv:     0.257 s      0.125 ms    0.0247 ms     0.727 ms         1781            85.0  12.6   2.1   0.2    82.8
          Time: Redu:       380 s      0.186 s      0.363 ms     0.413 s             3            12.7  46.1  39.9   1.2    55.1
          Time: Send:     0.765 s      0.374 ms     0.138 ms     0.712 ms          501            18.3  49.9  29.1   2.8    47.5
          Time: Test:     0.168 s     0.0822 ms  3.53e+03 ns     0.809 ms          760            84.8  14.0   1.0   0.2    89.8
          Time: Wait:       366 s      0.179 s       22.3 ms     0.391 s          1763             7.8  68.7  17.3   6.2    54.3
Volume Recv TOTAL   :      27.6 GB      13.8 MB      7.71 MB        15 MB         1910             0.4   6.6  35.5  57.4     7.9
Volume Recv0: <= 64B:     2.05e+03            1            1            2            0           100.0   0.0   0.0   0.0    50.0
Volume Recv1: <= 4KB:     2.73e+04         13.3            3           17         1910             7.0  35.6   0.0  57.4    21.7
Volume Recv2: <= 2MB:     6.38e+04         31.2           12           36         1910             0.4   6.6  35.5  57.4    13.5
Volume Send TOTAL   :      27.6 GB      13.8 MB      7.71 MB        15 MB         1910             0.4   6.6  35.5  57.4     7.9
Volume Send0: <= 64B:      4.1e+03            2            2            2         2046           100.0   0.0   0.0   0.0     0.0
Volume Send1: <= 4KB:     3.75e+04         18.3            8           22         1910             7.0  35.5   0.0  57.4    16.8
Volume Send2: <= 2MB:     6.38e+04         31.2           12           36         1910             0.4   6.6  35.5  57.4    13.5

Timestep 9       Time=9e-05       Next delT=1e-05       Wall Time=6.57239   EMA=0.654592    Memory Used=249.28 MBs (avg) 263.83 MBs (max on rank: 1373  )
Runtime Summary  summary stats for time step 9 at time=9e-05
  Description       Units       Minimum           Rank   Average (2048)    Std. Dev.         Maximum           Rank   100*(1-ave/max) '% load imbalance'
  TaskExec          [seconds] : 0.207388        : 1763 : 0.419652        : 0.062208        : 0.599096        : 2047 : 29.9525
  TaskLocalComm     [seconds] : 0.0240554       : 120  : 0.0727681       : 0.0145911       : 0.122579        : 905  : 40.6358
  TaskWaitCommTime  [seconds] : 0.0294715       : 3    : 0.193743        : 0.0603394       : 0.404379        : 1763 : 52.0888
  NumberOfTasks     [tasks  ] : 8               : 0    : 8               : 0               : 8               : 0    : 0
  NumberOfPatches   [patches] : 1               : 0    : 1               : 0               : 1               : 0    : 0
  NumberOfCells     [cells  ] : 32768           : 137  : 33282.5         : 659.365         : 35937           : 0    : 7.38653
  SCIMemoryUsed     [MBytes ] : 2.18952e+08     : 1920 : 2.49277e+08     : 8.29307e+06     : 2.63827e+08     : 1373 : 5.5151
  SCIMemoryMaxUsed  [MBytes ] : 2.18952e+08     : 1920 : 2.49277e+08     : 8.29307e+06     : 2.63827e+08     : 1373 : 5.5151
  MemoryUsed        [MBytes ] : 7.61389e+08     : 1920 : 8.47069e+08     : 1.27231e+07     : 8.69183e+08     : 548  : 2.5443
  MemoryResident    [MBytes ] : 2.18952e+08     : 1920 : 2.49277e+08     : 8.29307e+06     : 2.63827e+08     : 1373 : 5.5151
  Percentage of time spent in overhead : 2.7485

________________________________________________________________________________
--------------------------------------------------------------------------------
MPIStats:+
--------------------------------------------------------------------------------
                Name:       Total:         Avg:         Min:         Max:    Max rank: Hist %% [  Q1 |  Q2 |  Q3 |  Q4 ]:  %%Load Imbalance
         Count: Recv:      8.9e+04         43.5           14           52         1910             7.0   0.0  35.5  57.4    16.4
         Count: Redu:     1.64e+04            8            8            8         2046           100.0   0.0   0.0   0.0     0.0
         Count: Send:      8.9e+04         43.5           14           52         1910             7.0   0.0  35.5  57.4    16.4
         Count: Test:      1.9e+04         9.28            8           25         2019            94.0   2.5   2.5   0.9    62.9
         Count: Wait:     1.62e+05         78.9           20           96         1910             7.0   0.0  35.5  57.4    17.8
          Time: Recv:      0.26 s      0.127 ms    0.0257 ms     0.577 ms          436            78.0  17.4   3.8   0.8    78.0
          Time: Redu:       352 s      0.172 s      0.359 ms     0.394 s             3            14.8  50.0  33.9   1.3    56.4
          Time: Send:     0.762 s      0.372 ms     0.113 ms     0.776 ms          906            19.1  56.3  23.8   0.7    52.1
          Time: Test:     0.186 s     0.0906 ms  3.68e+03 ns     0.714 ms          119            77.3  20.3   2.1   0.3    87.3
          Time: Wait:       362 s      0.177 s       19.2 ms     0.361 s           394             5.5  65.1  18.9  10.4    50.9
Volume Recv TOTAL   :      27.6 GB      13.8 MB      7.71 MB        15 MB         1910             0.4   6.6  35.5  57.4     7.9
Volume Recv0: <= 64B:     2.05e+03            1            1            2            0           100.0   0.0   0.0   0.0    50.0
Volume Recv1: <= 4KB:     2.73e+04         13.3            3           17         1910             7.0  35.6   0.0  57.4    21.7
Volume Recv2: <= 2MB:     6.38e+04         31.2           12           36         1910             0.4   6.6  35.5  57.4    13.5
Volume Send TOTAL   :      27.6 GB      13.8 MB      7.71 MB        15 MB         1910             0.4   6.6  35.5  57.4     7.9
Volume Send0: <= 64B:      4.1e+03            2            2            2         2046           100.0   0.0   0.0   0.0     0.0
Volume Send1: <= 4KB:     3.75e+04         18.3            8           22         1910             7.0  35.5   0.0  57.4    16.8
Volume Send2: <= 2MB:     6.38e+04         31.2           12           36         1910             0.4   6.6  35.5  57.4    13.5

Timestep 10      Time=0.0001      Next delT=1e-05       Wall Time=7.20383   EMA=0.650383    Memory Used=249.30 MBs (avg) 263.83 MBs (max on rank: 1373  )
Runtime Summary  summary stats for time step 10 at time=0.0001
  Description       Units       Minimum           Rank   Average (2048)    Std. Dev.         Maximum           Rank   100*(1-ave/max) '% load imbalance'
  TaskExec          [seconds] : 0.220784        : 394  : 0.40574         : 0.0615221       : 0.579542        : 4    : 29.9895
  TaskLocalComm     [seconds] : 0.0228215       : 1920 : 0.0730075       : 0.0147443       : 0.116631        : 436  : 37.4029
  TaskWaitCommTime  [seconds] : 0.03081         : 800  : 0.191911        : 0.0596699       : 0.375726        : 394  : 48.9227
  NumberOfTasks     [tasks  ] : 8               : 0    : 8               : 0               : 8               : 0    : 0
  NumberOfPatches   [patches] : 1               : 0    : 1               : 0               : 1               : 0    : 0
  NumberOfCells     [cells  ] : 32768           : 137  : 33282.5         : 659.365         : 35937           : 0    : 7.38653
  SCIMemoryUsed     [MBytes ] : 2.18952e+08     : 1920 : 2.493e+08       : 8.27833e+06     : 2.63827e+08     : 1373 : 5.50652
  SCIMemoryMaxUsed  [MBytes ] : 2.18952e+08     : 1920 : 2.493e+08       : 8.27833e+06     : 2.63827e+08     : 1373 : 5.50652
  MemoryUsed        [MBytes ] : 7.61389e+08     : 1920 : 8.47085e+08     : 1.27131e+07     : 8.69183e+08     : 548  : 2.54242
  MemoryResident    [MBytes ] : 2.18952e+08     : 1920 : 2.493e+08       : 8.27833e+06     : 2.63827e+08     : 1373 : 5.50652
  Percentage of time spent in overhead : 2.46745
Sus: going down successfully
