Parallel: 256 MPI processes (using MPI)
Parallel: MPI Level Required: 0, provided: 0
Date:       Thu Aug 25 11:03:59 2022
Machine:    ash389
git branch:wasatch-low-cost-integ-cmake
git date:   Sat Jul 30 10:34:22 2022 -0600
git hash:   9315f9f96fa6304db4fe79378b145f37ea40016d
Assertion level: 0
CFLAGS:          
CXXFLAGS:        
______________________________________________________________________
Application Component: 	'wasatch'

-------------------------------------------------------------
Wasatch was built against:
  SpatialOps HASH: bd7a2bac76e42e2cb528b02e2cf1291d05c71926
             DATE: Fri Nov 12 11:34:54 2021 -0700
     ExprLib HASH: d2950c77edb22e5f3669ddaaf2d2ed29ceb24d2c
             DATE: Thu Aug 5 12:26:26 2021 -0600
    TabProps HASH: eca0dc5f26b20d4f6b1cebe51b1ae97e11871e83
             DATE: Wed Aug 11 20:11:26 2021 -0600
-------------------------------------------------------------

Linear Solver: 		hypre
Load Balancer: 		Simple
Scheduler: 		MPI
Patch layout: 		(8,8,4)
Grid statistics:
Number of levels:		1
Level 0:
  Periodic boundaries:		[int 1, 1, 1]
  Number of patches:		256
  Total number of cells:	8388608 (32768 avg. per patch)
Total patches in grid:		256
Total cells in grid:		8388608 (32768 avg. per patch)

Using small, individual MPI messages (no message combining)
Detected solver: hypre
SETTING UP CONVECTIVE FLUX EXPRESSION IN X DIRECTION USING CENTRAL
SETTING UP CONVECTIVE FLUX EXPRESSION IN Y DIRECTION USING CENTRAL
SETTING UP CONVECTIVE FLUX EXPRESSION IN Z DIRECTION USING CENTRAL
Setting initial conditions for scalability test equation: scalability0
SETTING UP CONVECTIVE FLUX EXPRESSION IN X DIRECTION USING CENTRAL
SETTING UP CONVECTIVE FLUX EXPRESSION IN Y DIRECTION USING CENTRAL
SETTING UP CONVECTIVE FLUX EXPRESSION IN Z DIRECTION USING CENTRAL
Setting initial conditions for scalability test equation: scalability1
SETTING UP CONVECTIVE FLUX EXPRESSION IN X DIRECTION USING CENTRAL
SETTING UP CONVECTIVE FLUX EXPRESSION IN Y DIRECTION USING CENTRAL
SETTING UP CONVECTIVE FLUX EXPRESSION IN Z DIRECTION USING CENTRAL
Setting initial conditions for scalability test equation: scalability2
SETTING UP CONVECTIVE FLUX EXPRESSION IN X DIRECTION USING CENTRAL
SETTING UP CONVECTIVE FLUX EXPRESSION IN Y DIRECTION USING CENTRAL
SETTING UP CONVECTIVE FLUX EXPRESSION IN Z DIRECTION USING CENTRAL
Setting initial conditions for scalability test equation: scalability3
SETTING UP CONVECTIVE FLUX EXPRESSION IN X DIRECTION USING CENTRAL
SETTING UP CONVECTIVE FLUX EXPRESSION IN Y DIRECTION USING CENTRAL
SETTING UP CONVECTIVE FLUX EXPRESSION IN Z DIRECTION USING CENTRAL
Setting initial conditions for scalability test equation: scalability4
SETTING UP CONVECTIVE FLUX EXPRESSION IN X DIRECTION USING CENTRAL
SETTING UP CONVECTIVE FLUX EXPRESSION IN Y DIRECTION USING CENTRAL
SETTING UP CONVECTIVE FLUX EXPRESSION IN Z DIRECTION USING CENTRAL
Setting initial conditions for scalability test equation: scalability5
SETTING UP CONVECTIVE FLUX EXPRESSION IN X DIRECTION USING CENTRAL
SETTING UP CONVECTIVE FLUX EXPRESSION IN Y DIRECTION USING CENTRAL
SETTING UP CONVECTIVE FLUX EXPRESSION IN Z DIRECTION USING CENTRAL
Setting initial conditions for scalability test equation: scalability6
SETTING UP CONVECTIVE FLUX EXPRESSION IN X DIRECTION USING CENTRAL
SETTING UP CONVECTIVE FLUX EXPRESSION IN Y DIRECTION USING CENTRAL
SETTING UP CONVECTIVE FLUX EXPRESSION IN Z DIRECTION USING CENTRAL
Setting initial conditions for scalability test equation: scalability7
SETTING UP CONVECTIVE FLUX EXPRESSION IN X DIRECTION USING CENTRAL
SETTING UP CONVECTIVE FLUX EXPRESSION IN Y DIRECTION USING CENTRAL
SETTING UP CONVECTIVE FLUX EXPRESSION IN Z DIRECTION USING CENTRAL
Setting initial conditions for scalability test equation: scalability8
SETTING UP CONVECTIVE FLUX EXPRESSION IN X DIRECTION USING CENTRAL
SETTING UP CONVECTIVE FLUX EXPRESSION IN Y DIRECTION USING CENTRAL
SETTING UP CONVECTIVE FLUX EXPRESSION IN Z DIRECTION USING CENTRAL
Setting initial conditions for scalability test equation: scalability9
SETTING UP CONVECTIVE FLUX EXPRESSION IN X DIRECTION USING CENTRAL
SETTING UP CONVECTIVE FLUX EXPRESSION IN Y DIRECTION USING CENTRAL
SETTING UP CONVECTIVE FLUX EXPRESSION IN Z DIRECTION USING CENTRAL
Setting initial conditions for scalability test equation: scalability10
SETTING UP CONVECTIVE FLUX EXPRESSION IN X DIRECTION USING CENTRAL
SETTING UP CONVECTIVE FLUX EXPRESSION IN Y DIRECTION USING CENTRAL
SETTING UP CONVECTIVE FLUX EXPRESSION IN Z DIRECTION USING CENTRAL
Setting initial conditions for scalability test equation: scalability11
SETTING UP CONVECTIVE FLUX EXPRESSION IN X DIRECTION USING CENTRAL
SETTING UP CONVECTIVE FLUX EXPRESSION IN Y DIRECTION USING CENTRAL
SETTING UP CONVECTIVE FLUX EXPRESSION IN Z DIRECTION USING CENTRAL
Setting initial conditions for scalability test equation: scalability12
SETTING UP CONVECTIVE FLUX EXPRESSION IN X DIRECTION USING CENTRAL
SETTING UP CONVECTIVE FLUX EXPRESSION IN Y DIRECTION USING CENTRAL
SETTING UP CONVECTIVE FLUX EXPRESSION IN Z DIRECTION USING CENTRAL
Setting initial conditions for scalability test equation: scalability13
SETTING UP CONVECTIVE FLUX EXPRESSION IN X DIRECTION USING CENTRAL
SETTING UP CONVECTIVE FLUX EXPRESSION IN Y DIRECTION USING CENTRAL
SETTING UP CONVECTIVE FLUX EXPRESSION IN Z DIRECTION USING CENTRAL
Setting initial conditions for scalability test equation: scalability14
SETTING UP CONVECTIVE FLUX EXPRESSION IN X DIRECTION USING CENTRAL
SETTING UP CONVECTIVE FLUX EXPRESSION IN Y DIRECTION USING CENTRAL
SETTING UP CONVECTIVE FLUX EXPRESSION IN Z DIRECTION USING CENTRAL
Setting initial conditions for scalability test equation: scalability15
SETTING UP CONVECTIVE FLUX EXPRESSION IN X DIRECTION USING CENTRAL
SETTING UP CONVECTIVE FLUX EXPRESSION IN Y DIRECTION USING CENTRAL
SETTING UP CONVECTIVE FLUX EXPRESSION IN Z DIRECTION USING CENTRAL
Setting initial conditions for scalability test equation: scalability16
SETTING UP CONVECTIVE FLUX EXPRESSION IN X DIRECTION USING CENTRAL
SETTING UP CONVECTIVE FLUX EXPRESSION IN Y DIRECTION USING CENTRAL
SETTING UP CONVECTIVE FLUX EXPRESSION IN Z DIRECTION USING CENTRAL
Setting initial conditions for scalability test equation: scalability17
SETTING UP CONVECTIVE FLUX EXPRESSION IN X DIRECTION USING CENTRAL
SETTING UP CONVECTIVE FLUX EXPRESSION IN Y DIRECTION USING CENTRAL
SETTING UP CONVECTIVE FLUX EXPRESSION IN Z DIRECTION USING CENTRAL
Setting initial conditions for scalability test equation: scalability18
SETTING UP CONVECTIVE FLUX EXPRESSION IN X DIRECTION USING CENTRAL
SETTING UP CONVECTIVE FLUX EXPRESSION IN Y DIRECTION USING CENTRAL
SETTING UP CONVECTIVE FLUX EXPRESSION IN Z DIRECTION USING CENTRAL
Setting initial conditions for scalability test equation: scalability19
SETTING UP CONVECTIVE FLUX EXPRESSION IN X DIRECTION USING CENTRAL
SETTING UP CONVECTIVE FLUX EXPRESSION IN Y DIRECTION USING CENTRAL
SETTING UP CONVECTIVE FLUX EXPRESSION IN Z DIRECTION USING CENTRAL
Setting initial conditions for scalability test equation: scalability20
SETTING UP CONVECTIVE FLUX EXPRESSION IN X DIRECTION USING CENTRAL
SETTING UP CONVECTIVE FLUX EXPRESSION IN Y DIRECTION USING CENTRAL
SETTING UP CONVECTIVE FLUX EXPRESSION IN Z DIRECTION USING CENTRAL
Setting initial conditions for scalability test equation: scalability21
SETTING UP CONVECTIVE FLUX EXPRESSION IN X DIRECTION USING CENTRAL
SETTING UP CONVECTIVE FLUX EXPRESSION IN Y DIRECTION USING CENTRAL
SETTING UP CONVECTIVE FLUX EXPRESSION IN Z DIRECTION USING CENTRAL
Setting initial conditions for scalability test equation: scalability22
SETTING UP CONVECTIVE FLUX EXPRESSION IN X DIRECTION USING CENTRAL
SETTING UP CONVECTIVE FLUX EXPRESSION IN Y DIRECTION USING CENTRAL
SETTING UP CONVECTIVE FLUX EXPRESSION IN Z DIRECTION USING CENTRAL
Setting initial conditions for scalability test equation: scalability23
SETTING UP CONVECTIVE FLUX EXPRESSION IN X DIRECTION USING CENTRAL
SETTING UP CONVECTIVE FLUX EXPRESSION IN Y DIRECTION USING CENTRAL
SETTING UP CONVECTIVE FLUX EXPRESSION IN Z DIRECTION USING CENTRAL
Setting initial conditions for scalability test equation: scalability24
SETTING UP CONVECTIVE FLUX EXPRESSION IN X DIRECTION USING CENTRAL
SETTING UP CONVECTIVE FLUX EXPRESSION IN Y DIRECTION USING CENTRAL
SETTING UP CONVECTIVE FLUX EXPRESSION IN Z DIRECTION USING CENTRAL
Setting initial conditions for scalability test equation: scalability25
SETTING UP CONVECTIVE FLUX EXPRESSION IN X DIRECTION USING CENTRAL
SETTING UP CONVECTIVE FLUX EXPRESSION IN Y DIRECTION USING CENTRAL
SETTING UP CONVECTIVE FLUX EXPRESSION IN Z DIRECTION USING CENTRAL
Setting initial conditions for scalability test equation: scalability26
SETTING UP CONVECTIVE FLUX EXPRESSION IN X DIRECTION USING CENTRAL
SETTING UP CONVECTIVE FLUX EXPRESSION IN Y DIRECTION USING CENTRAL
SETTING UP CONVECTIVE FLUX EXPRESSION IN Z DIRECTION USING CENTRAL
Setting initial conditions for scalability test equation: scalability27
SETTING UP CONVECTIVE FLUX EXPRESSION IN X DIRECTION USING CENTRAL
SETTING UP CONVECTIVE FLUX EXPRESSION IN Y DIRECTION USING CENTRAL
SETTING UP CONVECTIVE FLUX EXPRESSION IN Z DIRECTION USING CENTRAL
Setting initial conditions for scalability test equation: scalability28
SETTING UP CONVECTIVE FLUX EXPRESSION IN X DIRECTION USING CENTRAL
SETTING UP CONVECTIVE FLUX EXPRESSION IN Y DIRECTION USING CENTRAL
SETTING UP CONVECTIVE FLUX EXPRESSION IN Z DIRECTION USING CENTRAL
Setting initial conditions for scalability test equation: scalability29
SETTING UP CONVECTIVE FLUX EXPRESSION IN X DIRECTION USING CENTRAL
SETTING UP CONVECTIVE FLUX EXPRESSION IN Y DIRECTION USING CENTRAL
SETTING UP CONVECTIVE FLUX EXPRESSION IN Z DIRECTION USING CENTRAL
Setting initial conditions for scalability test equation: scalability30
SETTING UP CONVECTIVE FLUX EXPRESSION IN X DIRECTION USING CENTRAL
SETTING UP CONVECTIVE FLUX EXPRESSION IN Y DIRECTION USING CENTRAL
SETTING UP CONVECTIVE FLUX EXPRESSION IN Z DIRECTION USING CENTRAL
Setting initial conditions for scalability test equation: scalability31
SETTING UP CONVECTIVE FLUX EXPRESSION IN X DIRECTION USING CENTRAL
SETTING UP CONVECTIVE FLUX EXPRESSION IN Y DIRECTION USING CENTRAL
SETTING UP CONVECTIVE FLUX EXPRESSION IN Z DIRECTION USING CENTRAL
Setting initial conditions for scalability test equation: scalability32
SETTING UP CONVECTIVE FLUX EXPRESSION IN X DIRECTION USING CENTRAL
SETTING UP CONVECTIVE FLUX EXPRESSION IN Y DIRECTION USING CENTRAL
SETTING UP CONVECTIVE FLUX EXPRESSION IN Z DIRECTION USING CENTRAL
Setting initial conditions for scalability test equation: scalability33
SETTING UP CONVECTIVE FLUX EXPRESSION IN X DIRECTION USING CENTRAL
SETTING UP CONVECTIVE FLUX EXPRESSION IN Y DIRECTION USING CENTRAL
SETTING UP CONVECTIVE FLUX EXPRESSION IN Z DIRECTION USING CENTRAL
Setting initial conditions for scalability test equation: scalability34
SETTING UP CONVECTIVE FLUX EXPRESSION IN X DIRECTION USING CENTRAL
SETTING UP CONVECTIVE FLUX EXPRESSION IN Y DIRECTION USING CENTRAL
SETTING UP CONVECTIVE FLUX EXPRESSION IN Z DIRECTION USING CENTRAL
Setting initial conditions for scalability test equation: scalability35
SETTING UP CONVECTIVE FLUX EXPRESSION IN X DIRECTION USING CENTRAL
SETTING UP CONVECTIVE FLUX EXPRESSION IN Y DIRECTION USING CENTRAL
SETTING UP CONVECTIVE FLUX EXPRESSION IN Z DIRECTION USING CENTRAL
Setting initial conditions for scalability test equation: scalability36
SETTING UP CONVECTIVE FLUX EXPRESSION IN X DIRECTION USING CENTRAL
SETTING UP CONVECTIVE FLUX EXPRESSION IN Y DIRECTION USING CENTRAL
SETTING UP CONVECTIVE FLUX EXPRESSION IN Z DIRECTION USING CENTRAL
Setting initial conditions for scalability test equation: scalability37
SETTING UP CONVECTIVE FLUX EXPRESSION IN X DIRECTION USING CENTRAL
SETTING UP CONVECTIVE FLUX EXPRESSION IN Y DIRECTION USING CENTRAL
SETTING UP CONVECTIVE FLUX EXPRESSION IN Z DIRECTION USING CENTRAL
Setting initial conditions for scalability test equation: scalability38
SETTING UP CONVECTIVE FLUX EXPRESSION IN X DIRECTION USING CENTRAL
SETTING UP CONVECTIVE FLUX EXPRESSION IN Y DIRECTION USING CENTRAL
SETTING UP CONVECTIVE FLUX EXPRESSION IN Z DIRECTION USING CENTRAL
Setting initial conditions for scalability test equation: scalability39
SETTING UP CONVECTIVE FLUX EXPRESSION IN X DIRECTION USING CENTRAL
SETTING UP CONVECTIVE FLUX EXPRESSION IN Y DIRECTION USING CENTRAL
SETTING UP CONVECTIVE FLUX EXPRESSION IN Z DIRECTION USING CENTRAL
Setting initial conditions for scalability test equation: scalability40
SETTING UP CONVECTIVE FLUX EXPRESSION IN X DIRECTION USING CENTRAL
SETTING UP CONVECTIVE FLUX EXPRESSION IN Y DIRECTION USING CENTRAL
SETTING UP CONVECTIVE FLUX EXPRESSION IN Z DIRECTION USING CENTRAL
Setting initial conditions for scalability test equation: scalability41
SETTING UP CONVECTIVE FLUX EXPRESSION IN X DIRECTION USING CENTRAL
SETTING UP CONVECTIVE FLUX EXPRESSION IN Y DIRECTION USING CENTRAL
SETTING UP CONVECTIVE FLUX EXPRESSION IN Z DIRECTION USING CENTRAL
Setting initial conditions for scalability test equation: scalability42
SETTING UP CONVECTIVE FLUX EXPRESSION IN X DIRECTION USING CENTRAL
SETTING UP CONVECTIVE FLUX EXPRESSION IN Y DIRECTION USING CENTRAL
SETTING UP CONVECTIVE FLUX EXPRESSION IN Z DIRECTION USING CENTRAL
Setting initial conditions for scalability test equation: scalability43
SETTING UP CONVECTIVE FLUX EXPRESSION IN X DIRECTION USING CENTRAL
SETTING UP CONVECTIVE FLUX EXPRESSION IN Y DIRECTION USING CENTRAL
SETTING UP CONVECTIVE FLUX EXPRESSION IN Z DIRECTION USING CENTRAL
Setting initial conditions for scalability test equation: scalability44
SETTING UP CONVECTIVE FLUX EXPRESSION IN X DIRECTION USING CENTRAL
SETTING UP CONVECTIVE FLUX EXPRESSION IN Y DIRECTION USING CENTRAL
SETTING UP CONVECTIVE FLUX EXPRESSION IN Z DIRECTION USING CENTRAL
Setting initial conditions for scalability test equation: scalability45
SETTING UP CONVECTIVE FLUX EXPRESSION IN X DIRECTION USING CENTRAL
SETTING UP CONVECTIVE FLUX EXPRESSION IN Y DIRECTION USING CENTRAL
SETTING UP CONVECTIVE FLUX EXPRESSION IN Z DIRECTION USING CENTRAL
Setting initial conditions for scalability test equation: scalability46
SETTING UP CONVECTIVE FLUX EXPRESSION IN X DIRECTION USING CENTRAL
SETTING UP CONVECTIVE FLUX EXPRESSION IN Y DIRECTION USING CENTRAL
SETTING UP CONVECTIVE FLUX EXPRESSION IN Z DIRECTION USING CENTRAL
Setting initial conditions for scalability test equation: scalability47
SETTING UP CONVECTIVE FLUX EXPRESSION IN X DIRECTION USING CENTRAL
SETTING UP CONVECTIVE FLUX EXPRESSION IN Y DIRECTION USING CENTRAL
SETTING UP CONVECTIVE FLUX EXPRESSION IN Z DIRECTION USING CENTRAL
Setting initial conditions for scalability test equation: scalability48
SETTING UP CONVECTIVE FLUX EXPRESSION IN X DIRECTION USING CENTRAL
SETTING UP CONVECTIVE FLUX EXPRESSION IN Y DIRECTION USING CENTRAL
SETTING UP CONVECTIVE FLUX EXPRESSION IN Z DIRECTION USING CENTRAL
Setting initial conditions for scalability test equation: scalability49
SETTING UP CONVECTIVE FLUX EXPRESSION IN X DIRECTION USING CENTRAL
SETTING UP CONVECTIVE FLUX EXPRESSION IN Y DIRECTION USING CENTRAL
SETTING UP CONVECTIVE FLUX EXPRESSION IN Z DIRECTION USING CENTRAL
Setting initial conditions for scalability test equation: scalability50
SETTING UP CONVECTIVE FLUX EXPRESSION IN X DIRECTION USING CENTRAL
SETTING UP CONVECTIVE FLUX EXPRESSION IN Y DIRECTION USING CENTRAL
SETTING UP CONVECTIVE FLUX EXPRESSION IN Z DIRECTION USING CENTRAL
Setting initial conditions for scalability test equation: scalability51
SETTING UP CONVECTIVE FLUX EXPRESSION IN X DIRECTION USING CENTRAL
SETTING UP CONVECTIVE FLUX EXPRESSION IN Y DIRECTION USING CENTRAL
SETTING UP CONVECTIVE FLUX EXPRESSION IN Z DIRECTION USING CENTRAL
Setting initial conditions for scalability test equation: scalability52
SETTING UP CONVECTIVE FLUX EXPRESSION IN X DIRECTION USING CENTRAL
SETTING UP CONVECTIVE FLUX EXPRESSION IN Y DIRECTION USING CENTRAL
SETTING UP CONVECTIVE FLUX EXPRESSION IN Z DIRECTION USING CENTRAL
Setting initial conditions for scalability test equation: scalability53
SETTING UP CONVECTIVE FLUX EXPRESSION IN X DIRECTION USING CENTRAL
SETTING UP CONVECTIVE FLUX EXPRESSION IN Y DIRECTION USING CENTRAL
SETTING UP CONVECTIVE FLUX EXPRESSION IN Z DIRECTION USING CENTRAL
Setting initial conditions for scalability test equation: scalability54
SETTING UP CONVECTIVE FLUX EXPRESSION IN X DIRECTION USING CENTRAL
SETTING UP CONVECTIVE FLUX EXPRESSION IN Y DIRECTION USING CENTRAL
SETTING UP CONVECTIVE FLUX EXPRESSION IN Z DIRECTION USING CENTRAL
Setting initial conditions for scalability test equation: scalability55
SETTING UP CONVECTIVE FLUX EXPRESSION IN X DIRECTION USING CENTRAL
SETTING UP CONVECTIVE FLUX EXPRESSION IN Y DIRECTION USING CENTRAL
SETTING UP CONVECTIVE FLUX EXPRESSION IN Z DIRECTION USING CENTRAL
Setting initial conditions for scalability test equation: scalability56
SETTING UP CONVECTIVE FLUX EXPRESSION IN X DIRECTION USING CENTRAL
SETTING UP CONVECTIVE FLUX EXPRESSION IN Y DIRECTION USING CENTRAL
SETTING UP CONVECTIVE FLUX EXPRESSION IN Z DIRECTION USING CENTRAL
Setting initial conditions for scalability test equation: scalability57
SETTING UP CONVECTIVE FLUX EXPRESSION IN X DIRECTION USING CENTRAL
SETTING UP CONVECTIVE FLUX EXPRESSION IN Y DIRECTION USING CENTRAL
SETTING UP CONVECTIVE FLUX EXPRESSION IN Z DIRECTION USING CENTRAL
Setting initial conditions for scalability test equation: scalability58
SETTING UP CONVECTIVE FLUX EXPRESSION IN X DIRECTION USING CENTRAL
SETTING UP CONVECTIVE FLUX EXPRESSION IN Y DIRECTION USING CENTRAL
SETTING UP CONVECTIVE FLUX EXPRESSION IN Z DIRECTION USING CENTRAL
Setting initial conditions for scalability test equation: scalability59
SETTING UP CONVECTIVE FLUX EXPRESSION IN X DIRECTION USING CENTRAL
SETTING UP CONVECTIVE FLUX EXPRESSION IN Y DIRECTION USING CENTRAL
SETTING UP CONVECTIVE FLUX EXPRESSION IN Z DIRECTION USING CENTRAL
Setting initial conditions for scalability test equation: scalability60
SETTING UP CONVECTIVE FLUX EXPRESSION IN X DIRECTION USING CENTRAL
SETTING UP CONVECTIVE FLUX EXPRESSION IN Y DIRECTION USING CENTRAL
SETTING UP CONVECTIVE FLUX EXPRESSION IN Z DIRECTION USING CENTRAL
Setting initial conditions for scalability test equation: scalability61
SETTING UP CONVECTIVE FLUX EXPRESSION IN X DIRECTION USING CENTRAL
SETTING UP CONVECTIVE FLUX EXPRESSION IN Y DIRECTION USING CENTRAL
SETTING UP CONVECTIVE FLUX EXPRESSION IN Z DIRECTION USING CENTRAL
Setting initial conditions for scalability test equation: scalability62
SETTING UP CONVECTIVE FLUX EXPRESSION IN X DIRECTION USING CENTRAL
SETTING UP CONVECTIVE FLUX EXPRESSION IN Y DIRECTION USING CENTRAL
SETTING UP CONVECTIVE FLUX EXPRESSION IN Z DIRECTION USING CENTRAL
Setting initial conditions for scalability test equation: scalability63
SETTING UP CONVECTIVE FLUX EXPRESSION IN X DIRECTION USING CENTRAL
SETTING UP CONVECTIVE FLUX EXPRESSION IN Y DIRECTION USING CENTRAL
SETTING UP CONVECTIVE FLUX EXPRESSION IN Z DIRECTION USING CENTRAL
Setting initial conditions for scalability test equation: scalability64
SETTING UP CONVECTIVE FLUX EXPRESSION IN X DIRECTION USING CENTRAL
SETTING UP CONVECTIVE FLUX EXPRESSION IN Y DIRECTION USING CENTRAL
SETTING UP CONVECTIVE FLUX EXPRESSION IN Z DIRECTION USING CENTRAL
Setting initial conditions for scalability test equation: scalability65
SETTING UP CONVECTIVE FLUX EXPRESSION IN X DIRECTION USING CENTRAL
SETTING UP CONVECTIVE FLUX EXPRESSION IN Y DIRECTION USING CENTRAL
SETTING UP CONVECTIVE FLUX EXPRESSION IN Z DIRECTION USING CENTRAL
Setting initial conditions for scalability test equation: scalability66
SETTING UP CONVECTIVE FLUX EXPRESSION IN X DIRECTION USING CENTRAL
SETTING UP CONVECTIVE FLUX EXPRESSION IN Y DIRECTION USING CENTRAL
SETTING UP CONVECTIVE FLUX EXPRESSION IN Z DIRECTION USING CENTRAL
Setting initial conditions for scalability test equation: scalability67
SETTING UP CONVECTIVE FLUX EXPRESSION IN X DIRECTION USING CENTRAL
SETTING UP CONVECTIVE FLUX EXPRESSION IN Y DIRECTION USING CENTRAL
SETTING UP CONVECTIVE FLUX EXPRESSION IN Z DIRECTION USING CENTRAL
Setting initial conditions for scalability test equation: scalability68
SETTING UP CONVECTIVE FLUX EXPRESSION IN X DIRECTION USING CENTRAL
SETTING UP CONVECTIVE FLUX EXPRESSION IN Y DIRECTION USING CENTRAL
SETTING UP CONVECTIVE FLUX EXPRESSION IN Z DIRECTION USING CENTRAL
Setting initial conditions for scalability test equation: scalability69
SETTING UP CONVECTIVE FLUX EXPRESSION IN X DIRECTION USING CENTRAL
SETTING UP CONVECTIVE FLUX EXPRESSION IN Y DIRECTION USING CENTRAL
SETTING UP CONVECTIVE FLUX EXPRESSION IN Z DIRECTION USING CENTRAL
Setting initial conditions for scalability test equation: scalability70
SETTING UP CONVECTIVE FLUX EXPRESSION IN X DIRECTION USING CENTRAL
SETTING UP CONVECTIVE FLUX EXPRESSION IN Y DIRECTION USING CENTRAL
SETTING UP CONVECTIVE FLUX EXPRESSION IN Z DIRECTION USING CENTRAL
Setting initial conditions for scalability test equation: scalability71
SETTING UP CONVECTIVE FLUX EXPRESSION IN X DIRECTION USING CENTRAL
SETTING UP CONVECTIVE FLUX EXPRESSION IN Y DIRECTION USING CENTRAL
SETTING UP CONVECTIVE FLUX EXPRESSION IN Z DIRECTION USING CENTRAL
Setting initial conditions for scalability test equation: scalability72
SETTING UP CONVECTIVE FLUX EXPRESSION IN X DIRECTION USING CENTRAL
SETTING UP CONVECTIVE FLUX EXPRESSION IN Y DIRECTION USING CENTRAL
SETTING UP CONVECTIVE FLUX EXPRESSION IN Z DIRECTION USING CENTRAL
Setting initial conditions for scalability test equation: scalability73
SETTING UP CONVECTIVE FLUX EXPRESSION IN X DIRECTION USING CENTRAL
SETTING UP CONVECTIVE FLUX EXPRESSION IN Y DIRECTION USING CENTRAL
SETTING UP CONVECTIVE FLUX EXPRESSION IN Z DIRECTION USING CENTRAL
Setting initial conditions for scalability test equation: scalability74
SETTING UP CONVECTIVE FLUX EXPRESSION IN X DIRECTION USING CENTRAL
SETTING UP CONVECTIVE FLUX EXPRESSION IN Y DIRECTION USING CENTRAL
SETTING UP CONVECTIVE FLUX EXPRESSION IN Z DIRECTION USING CENTRAL
Setting initial conditions for scalability test equation: scalability75
SETTING UP CONVECTIVE FLUX EXPRESSION IN X DIRECTION USING CENTRAL
SETTING UP CONVECTIVE FLUX EXPRESSION IN Y DIRECTION USING CENTRAL
SETTING UP CONVECTIVE FLUX EXPRESSION IN Z DIRECTION USING CENTRAL
Setting initial conditions for scalability test equation: scalability76
SETTING UP CONVECTIVE FLUX EXPRESSION IN X DIRECTION USING CENTRAL
SETTING UP CONVECTIVE FLUX EXPRESSION IN Y DIRECTION USING CENTRAL
SETTING UP CONVECTIVE FLUX EXPRESSION IN Z DIRECTION USING CENTRAL
Setting initial conditions for scalability test equation: scalability77
SETTING UP CONVECTIVE FLUX EXPRESSION IN X DIRECTION USING CENTRAL
SETTING UP CONVECTIVE FLUX EXPRESSION IN Y DIRECTION USING CENTRAL
SETTING UP CONVECTIVE FLUX EXPRESSION IN Z DIRECTION USING CENTRAL
Setting initial conditions for scalability test equation: scalability78
SETTING UP CONVECTIVE FLUX EXPRESSION IN X DIRECTION USING CENTRAL
SETTING UP CONVECTIVE FLUX EXPRESSION IN Y DIRECTION USING CENTRAL
SETTING UP CONVECTIVE FLUX EXPRESSION IN Z DIRECTION USING CENTRAL
Setting initial conditions for scalability test equation: scalability79
SETTING UP CONVECTIVE FLUX EXPRESSION IN X DIRECTION USING CENTRAL
SETTING UP CONVECTIVE FLUX EXPRESSION IN Y DIRECTION USING CENTRAL
SETTING UP CONVECTIVE FLUX EXPRESSION IN Z DIRECTION USING CENTRAL
Setting initial conditions for scalability test equation: scalability80
SETTING UP CONVECTIVE FLUX EXPRESSION IN X DIRECTION USING CENTRAL
SETTING UP CONVECTIVE FLUX EXPRESSION IN Y DIRECTION USING CENTRAL
SETTING UP CONVECTIVE FLUX EXPRESSION IN Z DIRECTION USING CENTRAL
Setting initial conditions for scalability test equation: scalability81
SETTING UP CONVECTIVE FLUX EXPRESSION IN X DIRECTION USING CENTRAL
SETTING UP CONVECTIVE FLUX EXPRESSION IN Y DIRECTION USING CENTRAL
SETTING UP CONVECTIVE FLUX EXPRESSION IN Z DIRECTION USING CENTRAL
Setting initial conditions for scalability test equation: scalability82
SETTING UP CONVECTIVE FLUX EXPRESSION IN X DIRECTION USING CENTRAL
SETTING UP CONVECTIVE FLUX EXPRESSION IN Y DIRECTION USING CENTRAL
SETTING UP CONVECTIVE FLUX EXPRESSION IN Z DIRECTION USING CENTRAL
Setting initial conditions for scalability test equation: scalability83
SETTING UP CONVECTIVE FLUX EXPRESSION IN X DIRECTION USING CENTRAL
SETTING UP CONVECTIVE FLUX EXPRESSION IN Y DIRECTION USING CENTRAL
SETTING UP CONVECTIVE FLUX EXPRESSION IN Z DIRECTION USING CENTRAL
Setting initial conditions for scalability test equation: scalability84
SETTING UP CONVECTIVE FLUX EXPRESSION IN X DIRECTION USING CENTRAL
SETTING UP CONVECTIVE FLUX EXPRESSION IN Y DIRECTION USING CENTRAL
SETTING UP CONVECTIVE FLUX EXPRESSION IN Z DIRECTION USING CENTRAL
Setting initial conditions for scalability test equation: scalability85
SETTING UP CONVECTIVE FLUX EXPRESSION IN X DIRECTION USING CENTRAL
SETTING UP CONVECTIVE FLUX EXPRESSION IN Y DIRECTION USING CENTRAL
SETTING UP CONVECTIVE FLUX EXPRESSION IN Z DIRECTION USING CENTRAL
Setting initial conditions for scalability test equation: scalability86
SETTING UP CONVECTIVE FLUX EXPRESSION IN X DIRECTION USING CENTRAL
SETTING UP CONVECTIVE FLUX EXPRESSION IN Y DIRECTION USING CENTRAL
SETTING UP CONVECTIVE FLUX EXPRESSION IN Z DIRECTION USING CENTRAL
Setting initial conditions for scalability test equation: scalability87
SETTING UP CONVECTIVE FLUX EXPRESSION IN X DIRECTION USING CENTRAL
SETTING UP CONVECTIVE FLUX EXPRESSION IN Y DIRECTION USING CENTRAL
SETTING UP CONVECTIVE FLUX EXPRESSION IN Z DIRECTION USING CENTRAL
Setting initial conditions for scalability test equation: scalability88
SETTING UP CONVECTIVE FLUX EXPRESSION IN X DIRECTION USING CENTRAL
SETTING UP CONVECTIVE FLUX EXPRESSION IN Y DIRECTION USING CENTRAL
SETTING UP CONVECTIVE FLUX EXPRESSION IN Z DIRECTION USING CENTRAL
Setting initial conditions for scalability test equation: scalability89
SETTING UP CONVECTIVE FLUX EXPRESSION IN X DIRECTION USING CENTRAL
SETTING UP CONVECTIVE FLUX EXPRESSION IN Y DIRECTION USING CENTRAL
SETTING UP CONVECTIVE FLUX EXPRESSION IN Z DIRECTION USING CENTRAL
Setting initial conditions for scalability test equation: scalability90
SETTING UP CONVECTIVE FLUX EXPRESSION IN X DIRECTION USING CENTRAL
SETTING UP CONVECTIVE FLUX EXPRESSION IN Y DIRECTION USING CENTRAL
SETTING UP CONVECTIVE FLUX EXPRESSION IN Z DIRECTION USING CENTRAL
Setting initial conditions for scalability test equation: scalability91
SETTING UP CONVECTIVE FLUX EXPRESSION IN X DIRECTION USING CENTRAL
SETTING UP CONVECTIVE FLUX EXPRESSION IN Y DIRECTION USING CENTRAL
SETTING UP CONVECTIVE FLUX EXPRESSION IN Z DIRECTION USING CENTRAL
Setting initial conditions for scalability test equation: scalability92
SETTING UP CONVECTIVE FLUX EXPRESSION IN X DIRECTION USING CENTRAL
SETTING UP CONVECTIVE FLUX EXPRESSION IN Y DIRECTION USING CENTRAL
SETTING UP CONVECTIVE FLUX EXPRESSION IN Z DIRECTION USING CENTRAL
Setting initial conditions for scalability test equation: scalability93
SETTING UP CONVECTIVE FLUX EXPRESSION IN X DIRECTION USING CENTRAL
SETTING UP CONVECTIVE FLUX EXPRESSION IN Y DIRECTION USING CENTRAL
SETTING UP CONVECTIVE FLUX EXPRESSION IN Z DIRECTION USING CENTRAL
Setting initial conditions for scalability test equation: scalability94
SETTING UP CONVECTIVE FLUX EXPRESSION IN X DIRECTION USING CENTRAL
SETTING UP CONVECTIVE FLUX EXPRESSION IN Y DIRECTION USING CENTRAL
SETTING UP CONVECTIVE FLUX EXPRESSION IN Z DIRECTION USING CENTRAL
Setting initial conditions for scalability test equation: scalability95
SETTING UP CONVECTIVE FLUX EXPRESSION IN X DIRECTION USING CENTRAL
SETTING UP CONVECTIVE FLUX EXPRESSION IN Y DIRECTION USING CENTRAL
SETTING UP CONVECTIVE FLUX EXPRESSION IN Z DIRECTION USING CENTRAL
Setting initial conditions for scalability test equation: scalability96
SETTING UP CONVECTIVE FLUX EXPRESSION IN X DIRECTION USING CENTRAL
SETTING UP CONVECTIVE FLUX EXPRESSION IN Y DIRECTION USING CENTRAL
SETTING UP CONVECTIVE FLUX EXPRESSION IN Z DIRECTION USING CENTRAL
Setting initial conditions for scalability test equation: scalability97
SETTING UP CONVECTIVE FLUX EXPRESSION IN X DIRECTION USING CENTRAL
SETTING UP CONVECTIVE FLUX EXPRESSION IN Y DIRECTION USING CENTRAL
SETTING UP CONVECTIVE FLUX EXPRESSION IN Z DIRECTION USING CENTRAL
Setting initial conditions for scalability test equation: scalability98
SETTING UP CONVECTIVE FLUX EXPRESSION IN X DIRECTION USING CENTRAL
SETTING UP CONVECTIVE FLUX EXPRESSION IN Y DIRECTION USING CENTRAL
SETTING UP CONVECTIVE FLUX EXPRESSION IN Z DIRECTION USING CENTRAL
Setting initial conditions for scalability test equation: scalability99
------------------------------------------------
No BoundaryConditions specified
  This message will only occur once

Compiling initialization taskgraph.
------------------------------------------------
SETTING INITIAL BOUNDARY CONDITIONS:
------------------------------------------------
Setting Initial BCs for transport equation 'scalability0'
Setting Initial BCs for transport equation 'scalability1'
Setting Initial BCs for transport equation 'scalability2'
Setting Initial BCs for transport equation 'scalability3'
Setting Initial BCs for transport equation 'scalability4'
Setting Initial BCs for transport equation 'scalability5'
Setting Initial BCs for transport equation 'scalability6'
Setting Initial BCs for transport equation 'scalability7'
Setting Initial BCs for transport equation 'scalability8'
Setting Initial BCs for transport equation 'scalability9'
Setting Initial BCs for transport equation 'scalability10'
Setting Initial BCs for transport equation 'scalability11'
Setting Initial BCs for transport equation 'scalability12'
Setting Initial BCs for transport equation 'scalability13'
Setting Initial BCs for transport equation 'scalability14'
Setting Initial BCs for transport equation 'scalability15'
Setting Initial BCs for transport equation 'scalability16'
Setting Initial BCs for transport equation 'scalability17'
Setting Initial BCs for transport equation 'scalability18'
Setting Initial BCs for transport equation 'scalability19'
Setting Initial BCs for transport equation 'scalability20'
Setting Initial BCs for transport equation 'scalability21'
Setting Initial BCs for transport equation 'scalability22'
Setting Initial BCs for transport equation 'scalability23'
Setting Initial BCs for transport equation 'scalability24'
Setting Initial BCs for transport equation 'scalability25'
Setting Initial BCs for transport equation 'scalability26'
Setting Initial BCs for transport equation 'scalability27'
Setting Initial BCs for transport equation 'scalability28'
Setting Initial BCs for transport equation 'scalability29'
Setting Initial BCs for transport equation 'scalability30'
Setting Initial BCs for transport equation 'scalability31'
Setting Initial BCs for transport equation 'scalability32'
Setting Initial BCs for transport equation 'scalability33'
Setting Initial BCs for transport equation 'scalability34'
Setting Initial BCs for transport equation 'scalability35'
Setting Initial BCs for transport equation 'scalability36'
Setting Initial BCs for transport equation 'scalability37'
Setting Initial BCs for transport equation 'scalability38'
Setting Initial BCs for transport equation 'scalability39'
Setting Initial BCs for transport equation 'scalability40'
Setting Initial BCs for transport equation 'scalability41'
Setting Initial BCs for transport equation 'scalability42'
Setting Initial BCs for transport equation 'scalability43'
Setting Initial BCs for transport equation 'scalability44'
Setting Initial BCs for transport equation 'scalability45'
Setting Initial BCs for transport equation 'scalability46'
Setting Initial BCs for transport equation 'scalability47'
Setting Initial BCs for transport equation 'scalability48'
Setting Initial BCs for transport equation 'scalability49'
Setting Initial BCs for transport equation 'scalability50'
Setting Initial BCs for transport equation 'scalability51'
Setting Initial BCs for transport equation 'scalability52'
Setting Initial BCs for transport equation 'scalability53'
Setting Initial BCs for transport equation 'scalability54'
Setting Initial BCs for transport equation 'scalability55'
Setting Initial BCs for transport equation 'scalability56'
Setting Initial BCs for transport equation 'scalability57'
Setting Initial BCs for transport equation 'scalability58'
Setting Initial BCs for transport equation 'scalability59'
Setting Initial BCs for transport equation 'scalability60'
Setting Initial BCs for transport equation 'scalability61'
Setting Initial BCs for transport equation 'scalability62'
Setting Initial BCs for transport equation 'scalability63'
Setting Initial BCs for transport equation 'scalability64'
Setting Initial BCs for transport equation 'scalability65'
Setting Initial BCs for transport equation 'scalability66'
Setting Initial BCs for transport equation 'scalability67'
Setting Initial BCs for transport equation 'scalability68'
Setting Initial BCs for transport equation 'scalability69'
Setting Initial BCs for transport equation 'scalability70'
Setting Initial BCs for transport equation 'scalability71'
Setting Initial BCs for transport equation 'scalability72'
Setting Initial BCs for transport equation 'scalability73'
Setting Initial BCs for transport equation 'scalability74'
Setting Initial BCs for transport equation 'scalability75'
Setting Initial BCs for transport equation 'scalability76'
Setting Initial BCs for transport equation 'scalability77'
Setting Initial BCs for transport equation 'scalability78'
Setting Initial BCs for transport equation 'scalability79'
Setting Initial BCs for transport equation 'scalability80'
Setting Initial BCs for transport equation 'scalability81'
Setting Initial BCs for transport equation 'scalability82'
Setting Initial BCs for transport equation 'scalability83'
Setting Initial BCs for transport equation 'scalability84'
Setting Initial BCs for transport equation 'scalability85'
Setting Initial BCs for transport equation 'scalability86'
Setting Initial BCs for transport equation 'scalability87'
Setting Initial BCs for transport equation 'scalability88'
Setting Initial BCs for transport equation 'scalability89'
Setting Initial BCs for transport equation 'scalability90'
Setting Initial BCs for transport equation 'scalability91'
Setting Initial BCs for transport equation 'scalability92'
Setting Initial BCs for transport equation 'scalability93'
Setting Initial BCs for transport equation 'scalability94'
Setting Initial BCs for transport equation 'scalability95'
Setting Initial BCs for transport equation 'scalability96'
Setting Initial BCs for transport equation 'scalability97'
Setting Initial BCs for transport equation 'scalability98'
Setting Initial BCs for transport equation 'scalability99'
------------------------------------------------
Wasatch: done creating initialization task(s)
Scheduling Task 'compute timestep' COMPUTES 'delT' in NEW data warehouse
Wasatch: done creating timestep task(s)
Done with taskgraph compile (0.000344385 seconds)
Warning: addContribution not implemented for LoadBalancerCommon.
WARNING at time step 0 and sim time 0 : lowering the next delT from 1 to the maximum: 1e-05

________________________________________________________________________________
--------------------------------------------------------------------------------
MPIStats:+
--------------------------------------------------------------------------------
                Name:       Total:         Avg:         Min:         Max:    Max rank: Hist %% [  Q1 |  Q2 |  Q3 |  Q4 ]:  %%Load Imbalance
         Count: Comm:          256            1            1            1          254           100.0   0.0   0.0   0.0     0.0
         Count: Gath:          512            2            2            2          254           100.0   0.0   0.0   0.0     0.0
         Count: Redu:          256            1            1            1          254           100.0   0.0   0.0   0.0     0.0
          Time: Comm:     0.874 s       3.42 ms     0.851 ms       8.2 ms           51            35.2  39.5  19.9   5.5    58.4
          Time: Gath:      23.8 s       92.9 ms      37.7 ms     0.126 s            30             5.9  22.7  38.7  32.8    26.4
          Time: Redu:      17.9 s       69.8 ms     0.207 ms     0.115 s            31             9.8  32.0  18.0  40.2    39.2
Volume Recv TOTAL   :       666 KB       2.6 KB       2.6 KB       2.6 KB          254           100.0   0.0   0.0   0.0     0.0
Volume Recv0: <= 64B:          256            1            1            1          254           100.0   0.0   0.0   0.0     0.0
Volume Recv1: <= 4KB:          512            2            2            2          254           100.0   0.0   0.0   0.0     0.0
Volume Send TOTAL   :      68.6 KB    274.375 B        273 B        277 B           86            65.6   0.0   0.0  34.4     0.9
Volume Send0: <= 64B:          512            2            2            2          254           100.0   0.0   0.0   0.0     0.0
Volume Send1: <= 4KB:          256            1            1            1          254           100.0   0.0   0.0   0.0     0.0


Simulation and run time stats are reported at the end of each time step
EMA == Wall time as an exponential moving average using a window of the last 10 time steps
Timestep 0       Time=0           Next delT=1e-05       Wall Time=0.268337  EMA=0.267542    Memory Used=156.94 MBs (avg) 157.78 MBs (max on rank: 156   )
Warning: finalizeContributions not implemented for LoadBalancerCommon.
Warning: resetCostForecaster not implemented for LoadBalancerCommon.
Compiling taskgraph(s)...
------------------------------------------------
SETTING BOUNDARY CONDITIONS:
------------------------------------------------
Setting BCs for transport equation 'scalability0'
Setting BCs for transport equation 'scalability1'
Setting BCs for transport equation 'scalability2'
Setting BCs for transport equation 'scalability3'
Setting BCs for transport equation 'scalability4'
Setting BCs for transport equation 'scalability5'
Setting BCs for transport equation 'scalability6'
Setting BCs for transport equation 'scalability7'
Setting BCs for transport equation 'scalability8'
Setting BCs for transport equation 'scalability9'
Setting BCs for transport equation 'scalability10'
Setting BCs for transport equation 'scalability11'
Setting BCs for transport equation 'scalability12'
Setting BCs for transport equation 'scalability13'
Setting BCs for transport equation 'scalability14'
Setting BCs for transport equation 'scalability15'
Setting BCs for transport equation 'scalability16'
Setting BCs for transport equation 'scalability17'
Setting BCs for transport equation 'scalability18'
Setting BCs for transport equation 'scalability19'
Setting BCs for transport equation 'scalability20'
Setting BCs for transport equation 'scalability21'
Setting BCs for transport equation 'scalability22'
Setting BCs for transport equation 'scalability23'
Setting BCs for transport equation 'scalability24'
Setting BCs for transport equation 'scalability25'
Setting BCs for transport equation 'scalability26'
Setting BCs for transport equation 'scalability27'
Setting BCs for transport equation 'scalability28'
Setting BCs for transport equation 'scalability29'
Setting BCs for transport equation 'scalability30'
Setting BCs for transport equation 'scalability31'
Setting BCs for transport equation 'scalability32'
Setting BCs for transport equation 'scalability33'
Setting BCs for transport equation 'scalability34'
Setting BCs for transport equation 'scalability35'
Setting BCs for transport equation 'scalability36'
Setting BCs for transport equation 'scalability37'
Setting BCs for transport equation 'scalability38'
Setting BCs for transport equation 'scalability39'
Setting BCs for transport equation 'scalability40'
Setting BCs for transport equation 'scalability41'
Setting BCs for transport equation 'scalability42'
Setting BCs for transport equation 'scalability43'
Setting BCs for transport equation 'scalability44'
Setting BCs for transport equation 'scalability45'
Setting BCs for transport equation 'scalability46'
Setting BCs for transport equation 'scalability47'
Setting BCs for transport equation 'scalability48'
Setting BCs for transport equation 'scalability49'
Setting BCs for transport equation 'scalability50'
Setting BCs for transport equation 'scalability51'
Setting BCs for transport equation 'scalability52'
Setting BCs for transport equation 'scalability53'
Setting BCs for transport equation 'scalability54'
Setting BCs for transport equation 'scalability55'
Setting BCs for transport equation 'scalability56'
Setting BCs for transport equation 'scalability57'
Setting BCs for transport equation 'scalability58'
Setting BCs for transport equation 'scalability59'
Setting BCs for transport equation 'scalability60'
Setting BCs for transport equation 'scalability61'
Setting BCs for transport equation 'scalability62'
Setting BCs for transport equation 'scalability63'
Setting BCs for transport equation 'scalability64'
Setting BCs for transport equation 'scalability65'
Setting BCs for transport equation 'scalability66'
Setting BCs for transport equation 'scalability67'
Setting BCs for transport equation 'scalability68'
Setting BCs for transport equation 'scalability69'
Setting BCs for transport equation 'scalability70'
Setting BCs for transport equation 'scalability71'
Setting BCs for transport equation 'scalability72'
Setting BCs for transport equation 'scalability73'
Setting BCs for transport equation 'scalability74'
Setting BCs for transport equation 'scalability75'
Setting BCs for transport equation 'scalability76'
Setting BCs for transport equation 'scalability77'
Setting BCs for transport equation 'scalability78'
Setting BCs for transport equation 'scalability79'
Setting BCs for transport equation 'scalability80'
Setting BCs for transport equation 'scalability81'
Setting BCs for transport equation 'scalability82'
Setting BCs for transport equation 'scalability83'
Setting BCs for transport equation 'scalability84'
Setting BCs for transport equation 'scalability85'
Setting BCs for transport equation 'scalability86'
Setting BCs for transport equation 'scalability87'
Setting BCs for transport equation 'scalability88'
Setting BCs for transport equation 'scalability89'
Setting BCs for transport equation 'scalability90'
Setting BCs for transport equation 'scalability91'
Setting BCs for transport equation 'scalability92'
Setting BCs for transport equation 'scalability93'
Setting BCs for transport equation 'scalability94'
Setting BCs for transport equation 'scalability95'
Setting BCs for transport equation 'scalability96'
Setting BCs for transport equation 'scalability97'
Setting BCs for transport equation 'scalability98'
Setting BCs for transport equation 'scalability99'
------------------------------------------------
Wasatch: done creating solution task(s)
Wasatch: done creating solution task(s)
Wasatch: done creating post-processing task(s)
Scheduling Task 'compute timestep' COMPUTES 'delT' in NEW data warehouse
Wasatch: done creating timestep task(s)
Done with taskgraph compile (0.409052 seconds)

________________________________________________________________________________
--------------------------------------------------------------------------------
MPIStats:+
--------------------------------------------------------------------------------
                Name:       Total:         Avg:         Min:         Max:    Max rank: Hist %% [  Q1 |  Q2 |  Q3 |  Q4 ]:  %%Load Imbalance
         Count: Recv:     1.33e+04           52           52           52          254           100.0   0.0   0.0   0.0     0.0
         Count: Redu:     2.05e+03            8            8            8          254           100.0   0.0   0.0   0.0     0.0
         Count: Send:     1.33e+04           52           52           52          254           100.0   0.0   0.0   0.0     0.0
         Count: Test:     2.88e+03         11.3            8           32          255            80.5  13.3   3.5   2.7    64.8
         Count: Wait:     2.46e+04           96           96           96          254           100.0   0.0   0.0   0.0     0.0
          Time: Recv:     0.246 s      0.962 ms     0.061 ms      4.04 ms          229            63.3  26.6   7.4   2.7    76.2
          Time: Redu:      45.4 s      0.177 s      0.415 ms     0.302 s           191            10.9  19.9  41.4  27.7    41.2
          Time: Send:      18.3 s       71.3 ms      35.6 ms      88.2 ms          122             2.3   7.8  57.0  32.8    19.1
          Time: Test:     0.199 s      0.776 ms    0.0592 ms      4.56 ms          242            77.0  15.6   4.7   2.7    83.0
          Time: Wait:      32.8 s      0.128 s       10.2 ms     0.396 s           189            47.7  32.8  15.2   4.3    67.6
Volume Recv TOTAL   :      3.78 GB      15.1 MB      15.1 MB      15.1 MB            0            99.6   0.0   0.0   0.4     0.0
Volume Recv0: <= 64B:          257            1            1            2            0            99.6   0.0   0.0   0.4    49.8
Volume Recv1: <= 4KB:     4.36e+03           17           17           22            0            99.6   0.0   0.0   0.4    22.6
Volume Recv2: <= 2MB:     9.22e+03           36           36           36          254           100.0   0.0   0.0   0.0     0.0
Volume Send TOTAL   :      3.78 GB      15.1 MB      15.1 MB      15.1 MB          254           100.0   0.0   0.0   0.0     0.0
Volume Send0: <= 64B:          512            2            2            2          254           100.0   0.0   0.0   0.0     0.0
Volume Send1: <= 4KB:     5.63e+03           22           22           22          254           100.0   0.0   0.0   0.0     0.0
Volume Send2: <= 2MB:     9.22e+03           36           36           36          254           100.0   0.0   0.0   0.0     0.0

Timestep 1       Time=1e-05       Next delT=1e-05       Wall Time=1.61522   EMA=1.34682     Memory Used=281.42 MBs (avg) 282.54 MBs (max on rank: 219   )
Runtime Summary  summary stats for time step 1 at time=1e-05
  Description       Units       Minimum           Rank   Average (256)     Std. Dev.         Maximum           Rank   100*(1-ave/max) '% load imbalance'
  Compilation       [seconds] : 0.324685        : 40   : 0.370039        : 0.0308213       : 0.438216        : 2    : 15.558
  TaskExec          [seconds] : 0.549801        : 129  : 0.780841        : 0.0828369       : 0.915183        : 80   : 14.6792
  TaskLocalComm     [seconds] : 0.132771        : 2    : 0.168593        : 0.0138744       : 0.216118        : 80   : 21.9902
  TaskWaitCommTime  [seconds] : 0.0294074       : 12   : 0.147102        : 0.0846892       : 0.411177        : 189  : 64.2242
  NumberOfTasks     [tasks  ] : 8               : 0    : 8               : 0               : 8               : 0    : 0
  NumberOfPatches   [patches] : 1               : 0    : 1               : 0               : 1               : 0    : 0
  NumberOfCells     [cells  ] : 32768           : 0    : 32768           : 0               : 32768           : 0    : 0
  SCIMemoryUsed     [MBytes ] : 2.79433e+08     : 234  : 2.81419e+08     : 511961          : 2.82542e+08     : 219  : 0.397613
  SCIMemoryMaxUsed  [MBytes ] : 2.79433e+08     : 234  : 2.81419e+08     : 511961          : 2.82542e+08     : 219  : 0.397613
  MemoryUsed        [MBytes ] : 8.7493e+08      : 141  : 9.02528e+08     : 1.00654e+07     : 9.30857e+08     : 98   : 3.04327
  MemoryResident    [MBytes ] : 2.79433e+08     : 234  : 2.81419e+08     : 511961          : 2.82542e+08     : 219  : 0.397613
  Percentage of time spent in overhead : 25.2315

________________________________________________________________________________
--------------------------------------------------------------------------------
MPIStats:+
--------------------------------------------------------------------------------
                Name:       Total:         Avg:         Min:         Max:    Max rank: Hist %% [  Q1 |  Q2 |  Q3 |  Q4 ]:  %%Load Imbalance
         Count: Recv:     1.33e+04           52           52           52          254           100.0   0.0   0.0   0.0     0.0
         Count: Redu:     2.05e+03            8            8            8          254           100.0   0.0   0.0   0.0     0.0
         Count: Send:     1.33e+04           52           52           52          254           100.0   0.0   0.0   0.0     0.0
         Count: Test:     2.76e+03         10.8            8           33          254            89.1   2.7   7.8   0.4    67.3
         Count: Wait:     2.46e+04           96           96           96          254           100.0   0.0   0.0   0.0     0.0
          Time: Recv:     0.135 s      0.529 ms    0.0448 ms      3.26 ms           99            75.8  14.1   8.2   2.0    83.8
          Time: Redu:      52.5 s      0.205 s      0.354 ms     0.421 s           180            10.5  46.9  30.5  12.1    51.2
          Time: Send:      7.48 s       29.2 ms      10.4 ms      36.5 ms           99             2.7   2.7  47.3  47.3    19.9
          Time: Test:      20.6 ms    0.0803 ms  4.53e+03 ns      0.33 ms          230            62.5  25.0  10.2   2.3    75.6
          Time: Wait:      48.1 s      0.188 s       9.65 ms     0.515 s            29            24.6  57.8  14.5   3.1    63.5
Volume Recv TOTAL   :      3.78 GB      15.1 MB      15.1 MB      15.1 MB            0            99.6   0.0   0.0   0.4     0.0
Volume Recv0: <= 64B:          257            1            1            2            0            99.6   0.0   0.0   0.4    49.8
Volume Recv1: <= 4KB:     4.36e+03           17           17           22            0            99.6   0.0   0.0   0.4    22.6
Volume Recv2: <= 2MB:     9.22e+03           36           36           36          254           100.0   0.0   0.0   0.0     0.0
Volume Send TOTAL   :      3.78 GB      15.1 MB      15.1 MB      15.1 MB          254           100.0   0.0   0.0   0.0     0.0
Volume Send0: <= 64B:          512            2            2            2          254           100.0   0.0   0.0   0.0     0.0
Volume Send1: <= 4KB:     5.63e+03           22           22           22          254           100.0   0.0   0.0   0.0     0.0
Volume Send2: <= 2MB:     9.22e+03           36           36           36          254           100.0   0.0   0.0   0.0     0.0

Timestep 2       Time=2e-05       Next delT=1e-05       Wall Time=2.58694   EMA=1.09675     Memory Used=301.45 MBs (avg) 302.54 MBs (max on rank: 219   )
Runtime Summary  summary stats for time step 2 at time=2e-05
  Description       Units       Minimum           Rank   Average (256)     Std. Dev.         Maximum           Rank   100*(1-ave/max) '% load imbalance'
  TaskExec          [seconds] : 0.377059        : 29   : 0.721378        : 0.0919858       : 0.898271        : 180  : 19.6926
  TaskLocalComm     [seconds] : 0.0917721       : 93   : 0.119687        : 0.0095854       : 0.162866        : 99   : 26.5122
  TaskWaitCommTime  [seconds] : 0.0305554       : 178  : 0.206956        : 0.0908551       : 0.540271        : 29   : 61.6941
  NumberOfTasks     [tasks  ] : 8               : 0    : 8               : 0               : 8               : 0    : 0
  NumberOfPatches   [patches] : 1               : 0    : 1               : 0               : 1               : 0    : 0
  NumberOfCells     [cells  ] : 32768           : 0    : 32768           : 0               : 32768           : 0    : 0
  SCIMemoryUsed     [MBytes ] : 2.99475e+08     : 234  : 3.01452e+08     : 494587          : 3.02543e+08     : 219  : 0.360718
  SCIMemoryMaxUsed  [MBytes ] : 2.99475e+08     : 234  : 3.01452e+08     : 494587          : 3.02543e+08     : 219  : 0.360718
  MemoryUsed        [MBytes ] : 8.9507e+08      : 141  : 9.22673e+08     : 1.00681e+07     : 9.50977e+08     : 98   : 2.9763
  MemoryResident    [MBytes ] : 2.99475e+08     : 234  : 3.01452e+08     : 494587          : 3.02543e+08     : 219  : 0.360718
  Percentage of time spent in overhead : 12.6156

________________________________________________________________________________
--------------------------------------------------------------------------------
MPIStats:+
--------------------------------------------------------------------------------
                Name:       Total:         Avg:         Min:         Max:    Max rank: Hist %% [  Q1 |  Q2 |  Q3 |  Q4 ]:  %%Load Imbalance
         Count: Recv:     1.33e+04           52           52           52          254           100.0   0.0   0.0   0.0     0.0
         Count: Redu:     2.05e+03            8            8            8          254           100.0   0.0   0.0   0.0     0.0
         Count: Send:     1.33e+04           52           52           52          254           100.0   0.0   0.0   0.0     0.0
         Count: Test:     2.68e+03         10.5            8           26          235            87.1   2.0   3.5   7.4    59.7
         Count: Wait:     2.46e+04           96           96           96          254           100.0   0.0   0.0   0.0     0.0
          Time: Recv:      61.9 ms     0.242 ms    0.0438 ms      2.17 ms           28            91.0   7.0   1.6   0.4    88.9
          Time: Redu:      85.2 s      0.333 s      0.557 ms     0.503 s           181             4.7  16.0  36.7  42.6    33.8
          Time: Send:       0.7 s       2.74 ms       1.6 ms      5.08 ms           28            47.3  30.5  19.5   2.7    46.2
          Time: Test:      19.5 ms    0.0762 ms  4.07e+03 ns     0.347 ms           97            65.6  23.4   7.0   3.9    78.1
          Time: Wait:      27.7 s      0.108 s       3.16 ms     0.515 s            64            74.6  16.8   3.9   4.7    78.9
Volume Recv TOTAL   :      3.78 GB      15.1 MB      15.1 MB      15.1 MB            0            99.6   0.0   0.0   0.4     0.0
Volume Recv0: <= 64B:          257            1            1            2            0            99.6   0.0   0.0   0.4    49.8
Volume Recv1: <= 4KB:     4.36e+03           17           17           22            0            99.6   0.0   0.0   0.4    22.6
Volume Recv2: <= 2MB:     9.22e+03           36           36           36          254           100.0   0.0   0.0   0.0     0.0
Volume Send TOTAL   :      3.78 GB      15.1 MB      15.1 MB      15.1 MB          254           100.0   0.0   0.0   0.0     0.0
Volume Send0: <= 64B:          512            2            2            2          254           100.0   0.0   0.0   0.0     0.0
Volume Send1: <= 4KB:     5.63e+03           22           22           22          254           100.0   0.0   0.0   0.0     0.0
Volume Send2: <= 2MB:     9.22e+03           36           36           36          254           100.0   0.0   0.0   0.0     0.0

Timestep 3       Time=3e-05       Next delT=1e-05       Wall Time=3.61786   EMA=1.06384     Memory Used=301.70 MBs (avg) 303.85 MBs (max on rank: 240   )
Runtime Summary  summary stats for time step 3 at time=3e-05
  Description       Units       Minimum           Rank   Average (256)     Std. Dev.         Maximum           Rank   100*(1-ave/max) '% load imbalance'
  TaskExec          [seconds] : 0.463294        : 64   : 0.862318        : 0.114508        : 0.96346         : 14   : 10.4978
  TaskLocalComm     [seconds] : 0.0777783       : 193  : 0.0925172       : 0.0102695       : 0.163993        : 28   : 43.5847
  TaskWaitCommTime  [seconds] : 0.0278594       : 236  : 0.129124        : 0.114175        : 0.529665        : 64   : 75.6215
  NumberOfTasks     [tasks  ] : 8               : 0    : 8               : 0               : 8               : 0    : 0
  NumberOfPatches   [patches] : 1               : 0    : 1               : 0               : 1               : 0    : 0
  NumberOfCells     [cells  ] : 32768           : 0    : 32768           : 0               : 32768           : 0    : 0
  SCIMemoryUsed     [MBytes ] : 2.99926e+08     : 255  : 3.01699e+08     : 540753          : 3.03854e+08     : 240  : 0.709099
  SCIMemoryMaxUsed  [MBytes ] : 2.99926e+08     : 255  : 3.01699e+08     : 540753          : 3.03854e+08     : 240  : 0.709099
  MemoryUsed        [MBytes ] : 8.9507e+08      : 141  : 9.2284e+08      : 1.00214e+07     : 9.51144e+08     : 98   : 2.97579
  MemoryResident    [MBytes ] : 2.99926e+08     : 255  : 3.01699e+08     : 540753          : 3.03854e+08     : 240  : 0.709099
  Percentage of time spent in overhead : 8.40984

________________________________________________________________________________
--------------------------------------------------------------------------------
MPIStats:+
--------------------------------------------------------------------------------
                Name:       Total:         Avg:         Min:         Max:    Max rank: Hist %% [  Q1 |  Q2 |  Q3 |  Q4 ]:  %%Load Imbalance
         Count: Recv:     1.33e+04           52           52           52          254           100.0   0.0   0.0   0.0     0.0
         Count: Redu:     2.05e+03            8            8            8          254           100.0   0.0   0.0   0.0     0.0
         Count: Send:     1.33e+04           52           52           52          254           100.0   0.0   0.0   0.0     0.0
         Count: Test:     2.64e+03         10.3            8           26          240            87.9   2.0   3.9   6.2    60.4
         Count: Wait:     2.46e+04           96           96           96          254           100.0   0.0   0.0   0.0     0.0
          Time: Recv:      60.4 ms     0.236 ms    0.0454 ms      2.29 ms           28            90.6   7.8   0.8   0.8    89.7
          Time: Redu:      74.7 s      0.292 s      0.369 ms     0.462 s           238             4.3  16.0  50.4  29.3    36.8
          Time: Send:     0.765 s       2.99 ms      1.48 ms      6.37 ms            4            41.8  46.1  10.2   2.0    53.1
          Time: Test:      14.3 ms    0.0559 ms  4.18e+03 ns     0.572 ms           28            91.4   7.8   0.4   0.4    90.2
          Time: Wait:      27.6 s      0.108 s       4.55 ms     0.463 s            65            67.2  23.4   5.5   3.9    76.7
Volume Recv TOTAL   :      3.78 GB      15.1 MB      15.1 MB      15.1 MB            0            99.6   0.0   0.0   0.4     0.0
Volume Recv0: <= 64B:          257            1            1            2            0            99.6   0.0   0.0   0.4    49.8
Volume Recv1: <= 4KB:     4.36e+03           17           17           22            0            99.6   0.0   0.0   0.4    22.6
Volume Recv2: <= 2MB:     9.22e+03           36           36           36          254           100.0   0.0   0.0   0.0     0.0
Volume Send TOTAL   :      3.78 GB      15.1 MB      15.1 MB      15.1 MB          254           100.0   0.0   0.0   0.0     0.0
Volume Send0: <= 64B:          512            2            2            2          254           100.0   0.0   0.0   0.0     0.0
Volume Send1: <= 4KB:     5.63e+03           22           22           22          254           100.0   0.0   0.0   0.0     0.0
Volume Send2: <= 2MB:     9.22e+03           36           36           36          254           100.0   0.0   0.0   0.0     0.0

Timestep 4       Time=4e-05       Next delT=1e-05       Wall Time=4.60435   EMA=1.0329      Memory Used=301.77 MBs (avg) 303.85 MBs (max on rank: 240   )
Runtime Summary  summary stats for time step 4 at time=4e-05
  Description       Units       Minimum           Rank   Average (256)     Std. Dev.         Maximum           Rank   100*(1-ave/max) '% load imbalance'
  TaskExec          [seconds] : 0.470386        : 65   : 0.818151        : 0.0984773       : 0.921617        : 219  : 11.2265
  TaskLocalComm     [seconds] : 0.079536        : 191  : 0.0938634       : 0.0103552       : 0.170022        : 28   : 44.7935
  TaskWaitCommTime  [seconds] : 0.0256006       : 219  : 0.128454        : 0.0984942       : 0.479063        : 65   : 73.1864
  NumberOfTasks     [tasks  ] : 8               : 0    : 8               : 0               : 8               : 0    : 0
  NumberOfPatches   [patches] : 1               : 0    : 1               : 0               : 1               : 0    : 0
  NumberOfCells     [cells  ] : 32768           : 0    : 32768           : 0               : 32768           : 0    : 0
  SCIMemoryUsed     [MBytes ] : 2.99926e+08     : 255  : 3.01768e+08     : 537401          : 3.03854e+08     : 240  : 0.686457
  SCIMemoryMaxUsed  [MBytes ] : 2.99926e+08     : 255  : 3.01768e+08     : 537401          : 3.03854e+08     : 240  : 0.686457
  MemoryUsed        [MBytes ] : 8.95242e+08     : 141  : 9.2286e+08      : 1.00264e+07     : 9.51144e+08     : 98   : 2.97373
  MemoryResident    [MBytes ] : 2.99926e+08     : 255  : 3.01768e+08     : 537401          : 3.03854e+08     : 240  : 0.686457
  Percentage of time spent in overhead : 6.3061

________________________________________________________________________________
--------------------------------------------------------------------------------
MPIStats:+
--------------------------------------------------------------------------------
                Name:       Total:         Avg:         Min:         Max:    Max rank: Hist %% [  Q1 |  Q2 |  Q3 |  Q4 ]:  %%Load Imbalance
         Count: Recv:     1.33e+04           52           52           52          254           100.0   0.0   0.0   0.0     0.0
         Count: Redu:     2.05e+03            8            8            8          254           100.0   0.0   0.0   0.0     0.0
         Count: Send:     1.33e+04           52           52           52          254           100.0   0.0   0.0   0.0     0.0
         Count: Test:     2.66e+03         10.4            8           25          230            87.9   1.6   3.9   6.6    58.5
         Count: Wait:     2.46e+04           96           96           96          254           100.0   0.0   0.0   0.0     0.0
          Time: Recv:      53.7 ms      0.21 ms    0.0446 ms       2.4 ms           28            93.4   5.9   0.4   0.4    91.2
          Time: Redu:      53.6 s      0.209 s      0.393 ms     0.352 s           107             7.0  27.0  35.5  30.5    40.4
          Time: Send:     0.592 s       2.31 ms      1.15 ms      4.05 ms          160            24.2  48.4  21.5   5.9    42.9
          Time: Test:        15 ms    0.0585 ms  3.94e+03 ns     0.396 ms          235            81.6  12.1   5.1   1.2    85.2
          Time: Wait:      26.5 s      0.103 s       4.64 ms     0.393 s           124            58.6  24.2  14.1   3.1    73.7
Volume Recv TOTAL   :      3.78 GB      15.1 MB      15.1 MB      15.1 MB            0            99.6   0.0   0.0   0.4     0.0
Volume Recv0: <= 64B:          257            1            1            2            0            99.6   0.0   0.0   0.4    49.8
Volume Recv1: <= 4KB:     4.36e+03           17           17           22            0            99.6   0.0   0.0   0.4    22.6
Volume Recv2: <= 2MB:     9.22e+03           36           36           36          254           100.0   0.0   0.0   0.0     0.0
Volume Send TOTAL   :      3.78 GB      15.1 MB      15.1 MB      15.1 MB          254           100.0   0.0   0.0   0.0     0.0
Volume Send0: <= 64B:          512            2            2            2          254           100.0   0.0   0.0   0.0     0.0
Volume Send1: <= 4KB:     5.63e+03           22           22           22          254           100.0   0.0   0.0   0.0     0.0
Volume Send2: <= 2MB:     9.22e+03           36           36           36          254           100.0   0.0   0.0   0.0     0.0

Timestep 5       Time=5e-05       Next delT=1e-05       Wall Time=5.49238   EMA=0.984608    Memory Used=301.79 MBs (avg) 303.85 MBs (max on rank: 240   )
Runtime Summary  summary stats for time step 5 at time=5e-05
  Description       Units       Minimum           Rank   Average (256)     Std. Dev.         Maximum           Rank   100*(1-ave/max) '% load imbalance'
  TaskExec          [seconds] : 0.430002        : 124  : 0.724572        : 0.0918337       : 0.824633        : 233  : 12.1339
  TaskLocalComm     [seconds] : 0.0784063       : 185  : 0.0919703       : 0.00899442      : 0.135863        : 28   : 32.3068
  TaskWaitCommTime  [seconds] : 0.0238991       : 233  : 0.123831        : 0.0912407       : 0.409796        : 124  : 69.7823
  NumberOfTasks     [tasks  ] : 8               : 0    : 8               : 0               : 8               : 0    : 0
  NumberOfPatches   [patches] : 1               : 0    : 1               : 0               : 1               : 0    : 0
  NumberOfCells     [cells  ] : 32768           : 0    : 32768           : 0               : 32768           : 0    : 0
  SCIMemoryUsed     [MBytes ] : 2.99418e+08     : 232  : 3.01794e+08     : 548581          : 3.03854e+08     : 240  : 0.677684
  SCIMemoryMaxUsed  [MBytes ] : 2.99418e+08     : 232  : 3.01794e+08     : 548581          : 3.03854e+08     : 240  : 0.677684
  MemoryUsed        [MBytes ] : 8.95242e+08     : 141  : 9.22856e+08     : 1.00306e+07     : 9.51144e+08     : 98   : 2.97419
  MemoryResident    [MBytes ] : 2.99418e+08     : 232  : 3.01794e+08     : 548581          : 3.03854e+08     : 240  : 0.677684
  Percentage of time spent in overhead : 5.04283

________________________________________________________________________________
--------------------------------------------------------------------------------
MPIStats:+
--------------------------------------------------------------------------------
                Name:       Total:         Avg:         Min:         Max:    Max rank: Hist %% [  Q1 |  Q2 |  Q3 |  Q4 ]:  %%Load Imbalance
         Count: Recv:     1.33e+04           52           52           52          254           100.0   0.0   0.0   0.0     0.0
         Count: Redu:     2.05e+03            8            8            8          254           100.0   0.0   0.0   0.0     0.0
         Count: Send:     1.33e+04           52           52           52          254           100.0   0.0   0.0   0.0     0.0
         Count: Test:     2.61e+03         10.2            8           25          230            89.1   1.6   3.1   6.2    59.2
         Count: Wait:     2.46e+04           96           96           96          254           100.0   0.0   0.0   0.0     0.0
          Time: Recv:      48.7 ms      0.19 ms    0.0458 ms      1.07 ms          239            77.0  14.8   5.9   2.3    82.3
          Time: Redu:      79.6 s      0.311 s      0.461 ms      0.47 s           105             0.8  19.9  45.7  33.6    33.8
          Time: Send:     0.547 s       2.14 ms      0.89 ms      3.71 ms          230            16.0  48.8  26.6   8.6    42.3
          Time: Test:        16 ms    0.0624 ms  4.45e+03 ns     0.381 ms          236            75.4  18.0   5.1   1.6    83.6
          Time: Wait:      21.3 s         83 ms      5.38 ms     0.472 s           128            79.7  12.1   7.4   0.8    82.4
Volume Recv TOTAL   :      3.78 GB      15.1 MB      15.1 MB      15.1 MB            0            99.6   0.0   0.0   0.4     0.0
Volume Recv0: <= 64B:          257            1            1            2            0            99.6   0.0   0.0   0.4    49.8
Volume Recv1: <= 4KB:     4.36e+03           17           17           22            0            99.6   0.0   0.0   0.4    22.6
Volume Recv2: <= 2MB:     9.22e+03           36           36           36          254           100.0   0.0   0.0   0.0     0.0
Volume Send TOTAL   :      3.78 GB      15.1 MB      15.1 MB      15.1 MB          254           100.0   0.0   0.0   0.0     0.0
Volume Send0: <= 64B:          512            2            2            2          254           100.0   0.0   0.0   0.0     0.0
Volume Send1: <= 4KB:     5.63e+03           22           22           22          254           100.0   0.0   0.0   0.0     0.0
Volume Send2: <= 2MB:     9.22e+03           36           36           36          254           100.0   0.0   0.0   0.0     0.0

Timestep 6       Time=6e-05       Next delT=1e-05       Wall Time=6.50374   EMA=0.992253    Memory Used=301.82 MBs (avg) 303.85 MBs (max on rank: 240   )
Runtime Summary  summary stats for time step 6 at time=6e-05
  Description       Units       Minimum           Rank   Average (256)     Std. Dev.         Maximum           Rank   100*(1-ave/max) '% load imbalance'
  TaskExec          [seconds] : 0.478538        : 128  : 0.866878        : 0.0815988       : 0.944511        : 230  : 8.21936
  TaskLocalComm     [seconds] : 0.0789908       : 193  : 0.0930633       : 0.00962281      : 0.151098        : 80   : 38.4086
  TaskWaitCommTime  [seconds] : 0.026986        : 230  : 0.104446        : 0.0816161       : 0.4928          : 128  : 78.8056
  NumberOfTasks     [tasks  ] : 8               : 0    : 8               : 0               : 8               : 0    : 0
  NumberOfPatches   [patches] : 1               : 0    : 1               : 0               : 1               : 0    : 0
  NumberOfCells     [cells  ] : 32768           : 0    : 32768           : 0               : 32768           : 0    : 0
  SCIMemoryUsed     [MBytes ] : 2.99926e+08     : 253  : 3.01822e+08     : 528605          : 3.03854e+08     : 240  : 0.668606
  SCIMemoryMaxUsed  [MBytes ] : 2.99926e+08     : 253  : 3.01822e+08     : 528605          : 3.03854e+08     : 240  : 0.668606
  MemoryUsed        [MBytes ] : 8.95242e+08     : 141  : 9.22863e+08     : 1.00287e+07     : 9.51144e+08     : 98   : 2.97343
  MemoryResident    [MBytes ] : 2.99926e+08     : 253  : 3.01822e+08     : 528605          : 3.03854e+08     : 240  : 0.668606
  Percentage of time spent in overhead : 4.1995

________________________________________________________________________________
--------------------------------------------------------------------------------
MPIStats:+
--------------------------------------------------------------------------------
                Name:       Total:         Avg:         Min:         Max:    Max rank: Hist %% [  Q1 |  Q2 |  Q3 |  Q4 ]:  %%Load Imbalance
         Count: Recv:     1.33e+04           52           52           52          254           100.0   0.0   0.0   0.0     0.0
         Count: Redu:     2.05e+03            8            8            8          254           100.0   0.0   0.0   0.0     0.0
         Count: Send:     1.33e+04           52           52           52          254           100.0   0.0   0.0   0.0     0.0
         Count: Test:     2.62e+03         10.2            8           25          240            88.3   2.3   3.1   6.2    59.1
         Count: Wait:     2.46e+04           96           96           96          254           100.0   0.0   0.0   0.0     0.0
          Time: Recv:      46.4 ms     0.181 ms    0.0459 ms      1.27 ms           94            82.4  12.5   4.7   0.4    85.7
          Time: Redu:      86.2 s      0.337 s      0.421 ms     0.491 s           106             0.4  14.8  54.3  30.5    31.4
          Time: Send:       0.5 s       1.95 ms     0.624 ms      3.71 ms          158            15.6  51.2  28.1   5.1    47.4
          Time: Test:      13.9 ms    0.0541 ms  4.13e+03 ns     0.427 ms          235            84.8  11.7   1.2   2.3    87.3
          Time: Wait:      20.4 s       79.6 ms      4.09 ms      0.56 s            94            82.8  14.8   2.0   0.4    85.8
Volume Recv TOTAL   :      3.78 GB      15.1 MB      15.1 MB      15.1 MB            0            99.6   0.0   0.0   0.4     0.0
Volume Recv0: <= 64B:          257            1            1            2            0            99.6   0.0   0.0   0.4    49.8
Volume Recv1: <= 4KB:     4.36e+03           17           17           22            0            99.6   0.0   0.0   0.4    22.6
Volume Recv2: <= 2MB:     9.22e+03           36           36           36          254           100.0   0.0   0.0   0.0     0.0
Volume Send TOTAL   :      3.78 GB      15.1 MB      15.1 MB      15.1 MB          254           100.0   0.0   0.0   0.0     0.0
Volume Send0: <= 64B:          512            2            2            2          254           100.0   0.0   0.0   0.0     0.0
Volume Send1: <= 4KB:     5.63e+03           22           22           22          254           100.0   0.0   0.0   0.0     0.0
Volume Send2: <= 2MB:     9.22e+03           36           36           36          254           100.0   0.0   0.0   0.0     0.0

Timestep 7       Time=7e-05       Next delT=1e-05       Wall Time=7.53256   EMA=1.0014      Memory Used=301.85 MBs (avg) 303.85 MBs (max on rank: 240   )
Runtime Summary  summary stats for time step 7 at time=7e-05
  Description       Units       Minimum           Rank   Average (256)     Std. Dev.         Maximum           Rank   100*(1-ave/max) '% load imbalance'
  TaskExec          [seconds] : 0.371813        : 94   : 0.887888        : 0.0764573       : 0.962572        : 239  : 7.7588
  TaskLocalComm     [seconds] : 0.0777735       : 193  : 0.0919272       : 0.00899571      : 0.141033        : 94   : 34.8187
  TaskWaitCommTime  [seconds] : 0.0258373       : 239  : 0.101094        : 0.075854        : 0.590724        : 94   : 82.8864
  NumberOfTasks     [tasks  ] : 8               : 0    : 8               : 0               : 8               : 0    : 0
  NumberOfPatches   [patches] : 1               : 0    : 1               : 0               : 1               : 0    : 0
  NumberOfCells     [cells  ] : 32768           : 0    : 32768           : 0               : 32768           : 0    : 0
  SCIMemoryUsed     [MBytes ] : 2.99926e+08     : 255  : 3.01847e+08     : 520852          : 3.03854e+08     : 240  : 0.660439
  SCIMemoryMaxUsed  [MBytes ] : 2.99926e+08     : 255  : 3.01847e+08     : 520852          : 3.03854e+08     : 240  : 0.660439
  MemoryUsed        [MBytes ] : 8.95242e+08     : 141  : 9.22871e+08     : 1.00292e+07     : 9.51144e+08     : 98   : 2.97258
  MemoryResident    [MBytes ] : 2.99926e+08     : 255  : 3.01847e+08     : 520852          : 3.03854e+08     : 240  : 0.660439
  Percentage of time spent in overhead : 3.59587

________________________________________________________________________________
--------------------------------------------------------------------------------
MPIStats:+
--------------------------------------------------------------------------------
                Name:       Total:         Avg:         Min:         Max:    Max rank: Hist %% [  Q1 |  Q2 |  Q3 |  Q4 ]:  %%Load Imbalance
         Count: Recv:     1.33e+04           52           52           52          254           100.0   0.0   0.0   0.0     0.0
         Count: Redu:     2.05e+03            8            8            8          254           100.0   0.0   0.0   0.0     0.0
         Count: Send:     1.33e+04           52           52           52          254           100.0   0.0   0.0   0.0     0.0
         Count: Test:     2.64e+03         10.3            8           26          231            88.3   0.8   4.3   6.6    60.3
         Count: Wait:     2.46e+04           96           96           96          254           100.0   0.0   0.0   0.0     0.0
          Time: Recv:      50.5 ms     0.197 ms    0.0456 ms      1.84 ms           80            90.2   7.4   0.8   1.6    89.3
          Time: Redu:      68.6 s      0.268 s      0.395 ms     0.428 s           105             2.3  19.1  54.7  23.8    37.5
          Time: Send:     0.487 s        1.9 ms     0.687 ms      4.51 ms          230            36.3  51.2  10.2   2.3    57.8
          Time: Test:      12.1 ms    0.0474 ms  4.08e+03 ns     0.602 ms          235            94.1   5.1   0.4   0.4    92.1
          Time: Wait:      20.8 s       81.4 ms      2.37 ms     0.337 s            93            59.0  28.9   4.7   7.4    75.8
Volume Recv TOTAL   :      3.78 GB      15.1 MB      15.1 MB      15.1 MB            0            99.6   0.0   0.0   0.4     0.0
Volume Recv0: <= 64B:          257            1            1            2            0            99.6   0.0   0.0   0.4    49.8
Volume Recv1: <= 4KB:     4.36e+03           17           17           22            0            99.6   0.0   0.0   0.4    22.6
Volume Recv2: <= 2MB:     9.22e+03           36           36           36          254           100.0   0.0   0.0   0.0     0.0
Volume Send TOTAL   :      3.78 GB      15.1 MB      15.1 MB      15.1 MB          254           100.0   0.0   0.0   0.0     0.0
Volume Send0: <= 64B:          512            2            2            2          254           100.0   0.0   0.0   0.0     0.0
Volume Send1: <= 4KB:     5.63e+03           22           22           22          254           100.0   0.0   0.0   0.0     0.0
Volume Send2: <= 2MB:     9.22e+03           36           36           36          254           100.0   0.0   0.0   0.0     0.0

Timestep 8       Time=8e-05       Next delT=1e-05       Wall Time=8.49459   EMA=0.992648    Memory Used=301.87 MBs (avg) 304.12 MBs (max on rank: 240   )
Runtime Summary  summary stats for time step 8 at time=8e-05
  Description       Units       Minimum           Rank   Average (256)     Std. Dev.         Maximum           Rank   100*(1-ave/max) '% load imbalance'
  TaskExec          [seconds] : 0.554892        : 93   : 0.818853        : 0.0834285       : 0.897221        : 236  : 8.73455
  TaskLocalComm     [seconds] : 0.0784493       : 185  : 0.0938142       : 0.0110331       : 0.195932        : 80   : 52.1191
  TaskWaitCommTime  [seconds] : 0.0250817       : 236  : 0.10308         : 0.0832355       : 0.362999        : 93   : 71.6032
  NumberOfTasks     [tasks  ] : 8               : 0    : 8               : 0               : 8               : 0    : 0
  NumberOfPatches   [patches] : 1               : 0    : 1               : 0               : 1               : 0    : 0
  NumberOfCells     [cells  ] : 32768           : 0    : 32768           : 0               : 32768           : 0    : 0
  SCIMemoryUsed     [MBytes ] : 2.99926e+08     : 255  : 3.01874e+08     : 528579          : 3.04124e+08     : 240  : 0.739941
  SCIMemoryMaxUsed  [MBytes ] : 2.99926e+08     : 255  : 3.01874e+08     : 528579          : 3.04124e+08     : 240  : 0.739941
  MemoryUsed        [MBytes ] : 8.95242e+08     : 141  : 9.22873e+08     : 1.00285e+07     : 9.51144e+08     : 98   : 2.97238
  MemoryResident    [MBytes ] : 2.99926e+08     : 255  : 3.01874e+08     : 528579          : 3.04124e+08     : 240  : 0.739941
  Percentage of time spent in overhead : 3.14184

________________________________________________________________________________
--------------------------------------------------------------------------------
MPIStats:+
--------------------------------------------------------------------------------
                Name:       Total:         Avg:         Min:         Max:    Max rank: Hist %% [  Q1 |  Q2 |  Q3 |  Q4 ]:  %%Load Imbalance
         Count: Recv:     1.33e+04           52           52           52          254           100.0   0.0   0.0   0.0     0.0
         Count: Redu:     2.05e+03            8            8            8          254           100.0   0.0   0.0   0.0     0.0
         Count: Send:     1.33e+04           52           52           52          254           100.0   0.0   0.0   0.0     0.0
         Count: Test:     2.59e+03         10.1            8           25          244            89.1   1.2   3.1   6.6    59.6
         Count: Wait:     2.46e+04           96           96           96          254           100.0   0.0   0.0   0.0     0.0
          Time: Recv:      44.3 ms     0.173 ms    0.0462 ms      1.35 ms           33            86.7  10.2   2.7   0.4    87.2
          Time: Redu:      83.9 s      0.328 s      0.367 ms     0.482 s           238             4.3  17.6  31.2  46.9    31.9
          Time: Send:     0.437 s       1.71 ms     0.536 ms      4.14 ms          226            36.3  51.2   9.8   2.7    58.8
          Time: Test:      16.2 ms    0.0635 ms  4.07e+03 ns     0.453 ms           63            77.7  18.8   3.1   0.4    86.0
          Time: Wait:      25.2 s       98.5 ms      4.87 ms     0.515 s            70            81.2  10.2   4.7   3.9    80.9
Volume Recv TOTAL   :      3.78 GB      15.1 MB      15.1 MB      15.1 MB            0            99.6   0.0   0.0   0.4     0.0
Volume Recv0: <= 64B:          257            1            1            2            0            99.6   0.0   0.0   0.4    49.8
Volume Recv1: <= 4KB:     4.36e+03           17           17           22            0            99.6   0.0   0.0   0.4    22.6
Volume Recv2: <= 2MB:     9.22e+03           36           36           36          254           100.0   0.0   0.0   0.0     0.0
Volume Send TOTAL   :      3.78 GB      15.1 MB      15.1 MB      15.1 MB          254           100.0   0.0   0.0   0.0     0.0
Volume Send0: <= 64B:          512            2            2            2          254           100.0   0.0   0.0   0.0     0.0
Volume Send1: <= 4KB:     5.63e+03           22           22           22          254           100.0   0.0   0.0   0.0     0.0
Volume Send2: <= 2MB:     9.22e+03           36           36           36          254           100.0   0.0   0.0   0.0     0.0

Timestep 9       Time=9e-05       Next delT=1e-05       Wall Time=9.51997   EMA=0.999195    Memory Used=301.90 MBs (avg) 304.12 MBs (max on rank: 240   )
Runtime Summary  summary stats for time step 9 at time=9e-05
  Description       Units       Minimum           Rank   Average (256)     Std. Dev.         Maximum           Rank   100*(1-ave/max) '% load imbalance'
  TaskExec          [seconds] : 0.455804        : 67   : 0.866063        : 0.109566        : 0.958645        : 230  : 9.65764
  TaskLocalComm     [seconds] : 0.0774362       : 185  : 0.0918959       : 0.00955397      : 0.156437        : 20   : 41.2568
  TaskWaitCommTime  [seconds] : 0.0258713       : 230  : 0.119404        : 0.109548        : 0.530977        : 70   : 77.5123
  NumberOfTasks     [tasks  ] : 8               : 0    : 8               : 0               : 8               : 0    : 0
  NumberOfPatches   [patches] : 1               : 0    : 1               : 0               : 1               : 0    : 0
  NumberOfCells     [cells  ] : 32768           : 0    : 32768           : 0               : 32768           : 0    : 0
  SCIMemoryUsed     [MBytes ] : 2.99926e+08     : 255  : 3.01903e+08     : 525967          : 3.04124e+08     : 240  : 0.730192
  SCIMemoryMaxUsed  [MBytes ] : 2.99926e+08     : 255  : 3.01903e+08     : 525967          : 3.04124e+08     : 240  : 0.730192
  MemoryUsed        [MBytes ] : 8.95242e+08     : 141  : 9.22877e+08     : 1.00284e+07     : 9.51144e+08     : 98   : 2.97191
  MemoryResident    [MBytes ] : 2.99926e+08     : 255  : 3.01903e+08     : 525967          : 3.04124e+08     : 240  : 0.730192
  Percentage of time spent in overhead : 2.78734

________________________________________________________________________________
--------------------------------------------------------------------------------
MPIStats:+
--------------------------------------------------------------------------------
                Name:       Total:         Avg:         Min:         Max:    Max rank: Hist %% [  Q1 |  Q2 |  Q3 |  Q4 ]:  %%Load Imbalance
         Count: Recv:     1.33e+04           52           52           52          254           100.0   0.0   0.0   0.0     0.0
         Count: Redu:     2.05e+03            8            8            8          254           100.0   0.0   0.0   0.0     0.0
         Count: Send:     1.33e+04           52           52           52          254           100.0   0.0   0.0   0.0     0.0
         Count: Test:     2.62e+03         10.2            8           26          240            89.1   1.6   2.7   6.6    60.6
         Count: Wait:     2.46e+04           96           96           96          254           100.0   0.0   0.0   0.0     0.0
          Time: Recv:        49 ms     0.191 ms    0.0466 ms      1.19 ms           99            80.9  12.1   6.2   0.8    83.9
          Time: Redu:      79.6 s      0.311 s      0.356 ms     0.495 s           214             1.2  18.4  56.2  24.2    37.2
          Time: Send:     0.416 s       1.62 ms     0.446 ms      3.08 ms           90            17.2  45.3  29.7   7.8    47.2
          Time: Test:      12.4 ms    0.0483 ms  3.87e+03 ns       0.4 ms          197            87.9   9.0   2.3   0.8    87.9
          Time: Wait:      23.3 s       90.8 ms      4.08 ms     0.555 s           157            88.7  10.2   0.0   1.2    83.6
Volume Recv TOTAL   :      3.78 GB      15.1 MB      15.1 MB      15.1 MB            0            99.6   0.0   0.0   0.4     0.0
Volume Recv0: <= 64B:          257            1            1            2            0            99.6   0.0   0.0   0.4    49.8
Volume Recv1: <= 4KB:     4.36e+03           17           17           22            0            99.6   0.0   0.0   0.4    22.6
Volume Recv2: <= 2MB:     9.22e+03           36           36           36          254           100.0   0.0   0.0   0.0     0.0
Volume Send TOTAL   :      3.78 GB      15.1 MB      15.1 MB      15.1 MB          254           100.0   0.0   0.0   0.0     0.0
Volume Send0: <= 64B:          512            2            2            2          254           100.0   0.0   0.0   0.0     0.0
Volume Send1: <= 4KB:     5.63e+03           22           22           22          254           100.0   0.0   0.0   0.0     0.0
Volume Send2: <= 2MB:     9.22e+03           36           36           36          254           100.0   0.0   0.0   0.0     0.0

Timestep 10      Time=0.0001      Next delT=1e-05       Wall Time=10.5418   EMA=1.00331     Memory Used=301.91 MBs (avg) 304.12 MBs (max on rank: 240   )
Runtime Summary  summary stats for time step 10 at time=0.0001
  Description       Units       Minimum           Rank   Average (256)     Std. Dev.         Maximum           Rank   100*(1-ave/max) '% load imbalance'
  TaskExec          [seconds] : 0.389267        : 157  : 0.869833        : 0.0727737       : 0.955073        : 230  : 8.92493
  TaskLocalComm     [seconds] : 0.0777811       : 181  : 0.0933559       : 0.00886169      : 0.121225        : 98   : 22.9898
  TaskWaitCommTime  [seconds] : 0.0259521       : 230  : 0.111956        : 0.0727821       : 0.579471        : 157  : 80.6795
  NumberOfTasks     [tasks  ] : 8               : 0    : 8               : 0               : 8               : 0    : 0
  NumberOfPatches   [patches] : 1               : 0    : 1               : 0               : 1               : 0    : 0
  NumberOfCells     [cells  ] : 32768           : 0    : 32768           : 0               : 32768           : 0    : 0
  SCIMemoryUsed     [MBytes ] : 2.96731e+08     : 79   : 3.01909e+08     : 639994          : 3.04124e+08     : 240  : 0.728335
  SCIMemoryMaxUsed  [MBytes ] : 2.96731e+08     : 79   : 3.01909e+08     : 639994          : 3.04124e+08     : 240  : 0.728335
  MemoryUsed        [MBytes ] : 8.95242e+08     : 141  : 9.22858e+08     : 1.0019e+07      : 9.51144e+08     : 98   : 2.97396
  MemoryResident    [MBytes ] : 2.96731e+08     : 79   : 3.01909e+08     : 639994          : 3.04124e+08     : 240  : 0.728335
  Percentage of time spent in overhead : 2.50233
Sus: going down successfully
