Parallel: 32 MPI processes (using MPI)
Parallel: MPI Level Required: 0, provided: 0
Date:       Thu Aug 25 11:03:56 2022
Machine:    ash271
git branch:wasatch-low-cost-integ-cmake
git date:   Sat Jul 30 10:34:22 2022 -0600
git hash:   9315f9f96fa6304db4fe79378b145f37ea40016d
Assertion level: 0
CFLAGS:          
CXXFLAGS:        
______________________________________________________________________
Application Component: 	'wasatch'

-------------------------------------------------------------
Wasatch was built against:
  SpatialOps HASH: bd7a2bac76e42e2cb528b02e2cf1291d05c71926
             DATE: Fri Nov 12 11:34:54 2021 -0700
     ExprLib HASH: d2950c77edb22e5f3669ddaaf2d2ed29ceb24d2c
             DATE: Thu Aug 5 12:26:26 2021 -0600
    TabProps HASH: eca0dc5f26b20d4f6b1cebe51b1ae97e11871e83
             DATE: Wed Aug 11 20:11:26 2021 -0600
-------------------------------------------------------------

Linear Solver: 		hypre
Load Balancer: 		Simple
Scheduler: 		MPI
Patch layout: 		(4,4,2)
Grid statistics:
Number of levels:		1
Level 0:
  Periodic boundaries:		[int 1, 1, 1]
  Number of patches:		32
  Total number of cells:	1048576 (32768 avg. per patch)
Total patches in grid:		32
Total cells in grid:		1048576 (32768 avg. per patch)

Using small, individual MPI messages (no message combining)
Detected solver: hypre
SETTING UP CONVECTIVE FLUX EXPRESSION IN X DIRECTION USING CENTRAL
SETTING UP CONVECTIVE FLUX EXPRESSION IN Y DIRECTION USING CENTRAL
SETTING UP CONVECTIVE FLUX EXPRESSION IN Z DIRECTION USING CENTRAL
Setting initial conditions for scalability test equation: scalability0
SETTING UP CONVECTIVE FLUX EXPRESSION IN X DIRECTION USING CENTRAL
SETTING UP CONVECTIVE FLUX EXPRESSION IN Y DIRECTION USING CENTRAL
SETTING UP CONVECTIVE FLUX EXPRESSION IN Z DIRECTION USING CENTRAL
Setting initial conditions for scalability test equation: scalability1
SETTING UP CONVECTIVE FLUX EXPRESSION IN X DIRECTION USING CENTRAL
SETTING UP CONVECTIVE FLUX EXPRESSION IN Y DIRECTION USING CENTRAL
SETTING UP CONVECTIVE FLUX EXPRESSION IN Z DIRECTION USING CENTRAL
Setting initial conditions for scalability test equation: scalability2
SETTING UP CONVECTIVE FLUX EXPRESSION IN X DIRECTION USING CENTRAL
SETTING UP CONVECTIVE FLUX EXPRESSION IN Y DIRECTION USING CENTRAL
SETTING UP CONVECTIVE FLUX EXPRESSION IN Z DIRECTION USING CENTRAL
Setting initial conditions for scalability test equation: scalability3
SETTING UP CONVECTIVE FLUX EXPRESSION IN X DIRECTION USING CENTRAL
SETTING UP CONVECTIVE FLUX EXPRESSION IN Y DIRECTION USING CENTRAL
SETTING UP CONVECTIVE FLUX EXPRESSION IN Z DIRECTION USING CENTRAL
Setting initial conditions for scalability test equation: scalability4
SETTING UP CONVECTIVE FLUX EXPRESSION IN X DIRECTION USING CENTRAL
SETTING UP CONVECTIVE FLUX EXPRESSION IN Y DIRECTION USING CENTRAL
SETTING UP CONVECTIVE FLUX EXPRESSION IN Z DIRECTION USING CENTRAL
Setting initial conditions for scalability test equation: scalability5
SETTING UP CONVECTIVE FLUX EXPRESSION IN X DIRECTION USING CENTRAL
SETTING UP CONVECTIVE FLUX EXPRESSION IN Y DIRECTION USING CENTRAL
SETTING UP CONVECTIVE FLUX EXPRESSION IN Z DIRECTION USING CENTRAL
Setting initial conditions for scalability test equation: scalability6
SETTING UP CONVECTIVE FLUX EXPRESSION IN X DIRECTION USING CENTRAL
SETTING UP CONVECTIVE FLUX EXPRESSION IN Y DIRECTION USING CENTRAL
SETTING UP CONVECTIVE FLUX EXPRESSION IN Z DIRECTION USING CENTRAL
Setting initial conditions for scalability test equation: scalability7
SETTING UP CONVECTIVE FLUX EXPRESSION IN X DIRECTION USING CENTRAL
SETTING UP CONVECTIVE FLUX EXPRESSION IN Y DIRECTION USING CENTRAL
SETTING UP CONVECTIVE FLUX EXPRESSION IN Z DIRECTION USING CENTRAL
Setting initial conditions for scalability test equation: scalability8
SETTING UP CONVECTIVE FLUX EXPRESSION IN X DIRECTION USING CENTRAL
SETTING UP CONVECTIVE FLUX EXPRESSION IN Y DIRECTION USING CENTRAL
SETTING UP CONVECTIVE FLUX EXPRESSION IN Z DIRECTION USING CENTRAL
Setting initial conditions for scalability test equation: scalability9
SETTING UP CONVECTIVE FLUX EXPRESSION IN X DIRECTION USING CENTRAL
SETTING UP CONVECTIVE FLUX EXPRESSION IN Y DIRECTION USING CENTRAL
SETTING UP CONVECTIVE FLUX EXPRESSION IN Z DIRECTION USING CENTRAL
Setting initial conditions for scalability test equation: scalability10
SETTING UP CONVECTIVE FLUX EXPRESSION IN X DIRECTION USING CENTRAL
SETTING UP CONVECTIVE FLUX EXPRESSION IN Y DIRECTION USING CENTRAL
SETTING UP CONVECTIVE FLUX EXPRESSION IN Z DIRECTION USING CENTRAL
Setting initial conditions for scalability test equation: scalability11
SETTING UP CONVECTIVE FLUX EXPRESSION IN X DIRECTION USING CENTRAL
SETTING UP CONVECTIVE FLUX EXPRESSION IN Y DIRECTION USING CENTRAL
SETTING UP CONVECTIVE FLUX EXPRESSION IN Z DIRECTION USING CENTRAL
Setting initial conditions for scalability test equation: scalability12
SETTING UP CONVECTIVE FLUX EXPRESSION IN X DIRECTION USING CENTRAL
SETTING UP CONVECTIVE FLUX EXPRESSION IN Y DIRECTION USING CENTRAL
SETTING UP CONVECTIVE FLUX EXPRESSION IN Z DIRECTION USING CENTRAL
Setting initial conditions for scalability test equation: scalability13
SETTING UP CONVECTIVE FLUX EXPRESSION IN X DIRECTION USING CENTRAL
SETTING UP CONVECTIVE FLUX EXPRESSION IN Y DIRECTION USING CENTRAL
SETTING UP CONVECTIVE FLUX EXPRESSION IN Z DIRECTION USING CENTRAL
Setting initial conditions for scalability test equation: scalability14
SETTING UP CONVECTIVE FLUX EXPRESSION IN X DIRECTION USING CENTRAL
SETTING UP CONVECTIVE FLUX EXPRESSION IN Y DIRECTION USING CENTRAL
SETTING UP CONVECTIVE FLUX EXPRESSION IN Z DIRECTION USING CENTRAL
Setting initial conditions for scalability test equation: scalability15
SETTING UP CONVECTIVE FLUX EXPRESSION IN X DIRECTION USING CENTRAL
SETTING UP CONVECTIVE FLUX EXPRESSION IN Y DIRECTION USING CENTRAL
SETTING UP CONVECTIVE FLUX EXPRESSION IN Z DIRECTION USING CENTRAL
Setting initial conditions for scalability test equation: scalability16
SETTING UP CONVECTIVE FLUX EXPRESSION IN X DIRECTION USING CENTRAL
SETTING UP CONVECTIVE FLUX EXPRESSION IN Y DIRECTION USING CENTRAL
SETTING UP CONVECTIVE FLUX EXPRESSION IN Z DIRECTION USING CENTRAL
Setting initial conditions for scalability test equation: scalability17
SETTING UP CONVECTIVE FLUX EXPRESSION IN X DIRECTION USING CENTRAL
SETTING UP CONVECTIVE FLUX EXPRESSION IN Y DIRECTION USING CENTRAL
SETTING UP CONVECTIVE FLUX EXPRESSION IN Z DIRECTION USING CENTRAL
Setting initial conditions for scalability test equation: scalability18
SETTING UP CONVECTIVE FLUX EXPRESSION IN X DIRECTION USING CENTRAL
SETTING UP CONVECTIVE FLUX EXPRESSION IN Y DIRECTION USING CENTRAL
SETTING UP CONVECTIVE FLUX EXPRESSION IN Z DIRECTION USING CENTRAL
Setting initial conditions for scalability test equation: scalability19
SETTING UP CONVECTIVE FLUX EXPRESSION IN X DIRECTION USING CENTRAL
SETTING UP CONVECTIVE FLUX EXPRESSION IN Y DIRECTION USING CENTRAL
SETTING UP CONVECTIVE FLUX EXPRESSION IN Z DIRECTION USING CENTRAL
Setting initial conditions for scalability test equation: scalability20
SETTING UP CONVECTIVE FLUX EXPRESSION IN X DIRECTION USING CENTRAL
SETTING UP CONVECTIVE FLUX EXPRESSION IN Y DIRECTION USING CENTRAL
SETTING UP CONVECTIVE FLUX EXPRESSION IN Z DIRECTION USING CENTRAL
Setting initial conditions for scalability test equation: scalability21
SETTING UP CONVECTIVE FLUX EXPRESSION IN X DIRECTION USING CENTRAL
SETTING UP CONVECTIVE FLUX EXPRESSION IN Y DIRECTION USING CENTRAL
SETTING UP CONVECTIVE FLUX EXPRESSION IN Z DIRECTION USING CENTRAL
Setting initial conditions for scalability test equation: scalability22
SETTING UP CONVECTIVE FLUX EXPRESSION IN X DIRECTION USING CENTRAL
SETTING UP CONVECTIVE FLUX EXPRESSION IN Y DIRECTION USING CENTRAL
SETTING UP CONVECTIVE FLUX EXPRESSION IN Z DIRECTION USING CENTRAL
Setting initial conditions for scalability test equation: scalability23
SETTING UP CONVECTIVE FLUX EXPRESSION IN X DIRECTION USING CENTRAL
SETTING UP CONVECTIVE FLUX EXPRESSION IN Y DIRECTION USING CENTRAL
SETTING UP CONVECTIVE FLUX EXPRESSION IN Z DIRECTION USING CENTRAL
Setting initial conditions for scalability test equation: scalability24
SETTING UP CONVECTIVE FLUX EXPRESSION IN X DIRECTION USING CENTRAL
SETTING UP CONVECTIVE FLUX EXPRESSION IN Y DIRECTION USING CENTRAL
SETTING UP CONVECTIVE FLUX EXPRESSION IN Z DIRECTION USING CENTRAL
Setting initial conditions for scalability test equation: scalability25
SETTING UP CONVECTIVE FLUX EXPRESSION IN X DIRECTION USING CENTRAL
SETTING UP CONVECTIVE FLUX EXPRESSION IN Y DIRECTION USING CENTRAL
SETTING UP CONVECTIVE FLUX EXPRESSION IN Z DIRECTION USING CENTRAL
Setting initial conditions for scalability test equation: scalability26
SETTING UP CONVECTIVE FLUX EXPRESSION IN X DIRECTION USING CENTRAL
SETTING UP CONVECTIVE FLUX EXPRESSION IN Y DIRECTION USING CENTRAL
SETTING UP CONVECTIVE FLUX EXPRESSION IN Z DIRECTION USING CENTRAL
Setting initial conditions for scalability test equation: scalability27
SETTING UP CONVECTIVE FLUX EXPRESSION IN X DIRECTION USING CENTRAL
SETTING UP CONVECTIVE FLUX EXPRESSION IN Y DIRECTION USING CENTRAL
SETTING UP CONVECTIVE FLUX EXPRESSION IN Z DIRECTION USING CENTRAL
Setting initial conditions for scalability test equation: scalability28
SETTING UP CONVECTIVE FLUX EXPRESSION IN X DIRECTION USING CENTRAL
SETTING UP CONVECTIVE FLUX EXPRESSION IN Y DIRECTION USING CENTRAL
SETTING UP CONVECTIVE FLUX EXPRESSION IN Z DIRECTION USING CENTRAL
Setting initial conditions for scalability test equation: scalability29
SETTING UP CONVECTIVE FLUX EXPRESSION IN X DIRECTION USING CENTRAL
SETTING UP CONVECTIVE FLUX EXPRESSION IN Y DIRECTION USING CENTRAL
SETTING UP CONVECTIVE FLUX EXPRESSION IN Z DIRECTION USING CENTRAL
Setting initial conditions for scalability test equation: scalability30
SETTING UP CONVECTIVE FLUX EXPRESSION IN X DIRECTION USING CENTRAL
SETTING UP CONVECTIVE FLUX EXPRESSION IN Y DIRECTION USING CENTRAL
SETTING UP CONVECTIVE FLUX EXPRESSION IN Z DIRECTION USING CENTRAL
Setting initial conditions for scalability test equation: scalability31
SETTING UP CONVECTIVE FLUX EXPRESSION IN X DIRECTION USING CENTRAL
SETTING UP CONVECTIVE FLUX EXPRESSION IN Y DIRECTION USING CENTRAL
SETTING UP CONVECTIVE FLUX EXPRESSION IN Z DIRECTION USING CENTRAL
Setting initial conditions for scalability test equation: scalability32
SETTING UP CONVECTIVE FLUX EXPRESSION IN X DIRECTION USING CENTRAL
SETTING UP CONVECTIVE FLUX EXPRESSION IN Y DIRECTION USING CENTRAL
SETTING UP CONVECTIVE FLUX EXPRESSION IN Z DIRECTION USING CENTRAL
Setting initial conditions for scalability test equation: scalability33
SETTING UP CONVECTIVE FLUX EXPRESSION IN X DIRECTION USING CENTRAL
SETTING UP CONVECTIVE FLUX EXPRESSION IN Y DIRECTION USING CENTRAL
SETTING UP CONVECTIVE FLUX EXPRESSION IN Z DIRECTION USING CENTRAL
Setting initial conditions for scalability test equation: scalability34
SETTING UP CONVECTIVE FLUX EXPRESSION IN X DIRECTION USING CENTRAL
SETTING UP CONVECTIVE FLUX EXPRESSION IN Y DIRECTION USING CENTRAL
SETTING UP CONVECTIVE FLUX EXPRESSION IN Z DIRECTION USING CENTRAL
Setting initial conditions for scalability test equation: scalability35
SETTING UP CONVECTIVE FLUX EXPRESSION IN X DIRECTION USING CENTRAL
SETTING UP CONVECTIVE FLUX EXPRESSION IN Y DIRECTION USING CENTRAL
SETTING UP CONVECTIVE FLUX EXPRESSION IN Z DIRECTION USING CENTRAL
Setting initial conditions for scalability test equation: scalability36
SETTING UP CONVECTIVE FLUX EXPRESSION IN X DIRECTION USING CENTRAL
SETTING UP CONVECTIVE FLUX EXPRESSION IN Y DIRECTION USING CENTRAL
SETTING UP CONVECTIVE FLUX EXPRESSION IN Z DIRECTION USING CENTRAL
Setting initial conditions for scalability test equation: scalability37
SETTING UP CONVECTIVE FLUX EXPRESSION IN X DIRECTION USING CENTRAL
SETTING UP CONVECTIVE FLUX EXPRESSION IN Y DIRECTION USING CENTRAL
SETTING UP CONVECTIVE FLUX EXPRESSION IN Z DIRECTION USING CENTRAL
Setting initial conditions for scalability test equation: scalability38
SETTING UP CONVECTIVE FLUX EXPRESSION IN X DIRECTION USING CENTRAL
SETTING UP CONVECTIVE FLUX EXPRESSION IN Y DIRECTION USING CENTRAL
SETTING UP CONVECTIVE FLUX EXPRESSION IN Z DIRECTION USING CENTRAL
Setting initial conditions for scalability test equation: scalability39
SETTING UP CONVECTIVE FLUX EXPRESSION IN X DIRECTION USING CENTRAL
SETTING UP CONVECTIVE FLUX EXPRESSION IN Y DIRECTION USING CENTRAL
SETTING UP CONVECTIVE FLUX EXPRESSION IN Z DIRECTION USING CENTRAL
Setting initial conditions for scalability test equation: scalability40
SETTING UP CONVECTIVE FLUX EXPRESSION IN X DIRECTION USING CENTRAL
SETTING UP CONVECTIVE FLUX EXPRESSION IN Y DIRECTION USING CENTRAL
SETTING UP CONVECTIVE FLUX EXPRESSION IN Z DIRECTION USING CENTRAL
Setting initial conditions for scalability test equation: scalability41
SETTING UP CONVECTIVE FLUX EXPRESSION IN X DIRECTION USING CENTRAL
SETTING UP CONVECTIVE FLUX EXPRESSION IN Y DIRECTION USING CENTRAL
SETTING UP CONVECTIVE FLUX EXPRESSION IN Z DIRECTION USING CENTRAL
Setting initial conditions for scalability test equation: scalability42
SETTING UP CONVECTIVE FLUX EXPRESSION IN X DIRECTION USING CENTRAL
SETTING UP CONVECTIVE FLUX EXPRESSION IN Y DIRECTION USING CENTRAL
SETTING UP CONVECTIVE FLUX EXPRESSION IN Z DIRECTION USING CENTRAL
Setting initial conditions for scalability test equation: scalability43
SETTING UP CONVECTIVE FLUX EXPRESSION IN X DIRECTION USING CENTRAL
SETTING UP CONVECTIVE FLUX EXPRESSION IN Y DIRECTION USING CENTRAL
SETTING UP CONVECTIVE FLUX EXPRESSION IN Z DIRECTION USING CENTRAL
Setting initial conditions for scalability test equation: scalability44
SETTING UP CONVECTIVE FLUX EXPRESSION IN X DIRECTION USING CENTRAL
SETTING UP CONVECTIVE FLUX EXPRESSION IN Y DIRECTION USING CENTRAL
SETTING UP CONVECTIVE FLUX EXPRESSION IN Z DIRECTION USING CENTRAL
Setting initial conditions for scalability test equation: scalability45
SETTING UP CONVECTIVE FLUX EXPRESSION IN X DIRECTION USING CENTRAL
SETTING UP CONVECTIVE FLUX EXPRESSION IN Y DIRECTION USING CENTRAL
SETTING UP CONVECTIVE FLUX EXPRESSION IN Z DIRECTION USING CENTRAL
Setting initial conditions for scalability test equation: scalability46
SETTING UP CONVECTIVE FLUX EXPRESSION IN X DIRECTION USING CENTRAL
SETTING UP CONVECTIVE FLUX EXPRESSION IN Y DIRECTION USING CENTRAL
SETTING UP CONVECTIVE FLUX EXPRESSION IN Z DIRECTION USING CENTRAL
Setting initial conditions for scalability test equation: scalability47
SETTING UP CONVECTIVE FLUX EXPRESSION IN X DIRECTION USING CENTRAL
SETTING UP CONVECTIVE FLUX EXPRESSION IN Y DIRECTION USING CENTRAL
SETTING UP CONVECTIVE FLUX EXPRESSION IN Z DIRECTION USING CENTRAL
Setting initial conditions for scalability test equation: scalability48
SETTING UP CONVECTIVE FLUX EXPRESSION IN X DIRECTION USING CENTRAL
SETTING UP CONVECTIVE FLUX EXPRESSION IN Y DIRECTION USING CENTRAL
SETTING UP CONVECTIVE FLUX EXPRESSION IN Z DIRECTION USING CENTRAL
Setting initial conditions for scalability test equation: scalability49
SETTING UP CONVECTIVE FLUX EXPRESSION IN X DIRECTION USING CENTRAL
SETTING UP CONVECTIVE FLUX EXPRESSION IN Y DIRECTION USING CENTRAL
SETTING UP CONVECTIVE FLUX EXPRESSION IN Z DIRECTION USING CENTRAL
Setting initial conditions for scalability test equation: scalability50
SETTING UP CONVECTIVE FLUX EXPRESSION IN X DIRECTION USING CENTRAL
SETTING UP CONVECTIVE FLUX EXPRESSION IN Y DIRECTION USING CENTRAL
SETTING UP CONVECTIVE FLUX EXPRESSION IN Z DIRECTION USING CENTRAL
Setting initial conditions for scalability test equation: scalability51
SETTING UP CONVECTIVE FLUX EXPRESSION IN X DIRECTION USING CENTRAL
SETTING UP CONVECTIVE FLUX EXPRESSION IN Y DIRECTION USING CENTRAL
SETTING UP CONVECTIVE FLUX EXPRESSION IN Z DIRECTION USING CENTRAL
Setting initial conditions for scalability test equation: scalability52
SETTING UP CONVECTIVE FLUX EXPRESSION IN X DIRECTION USING CENTRAL
SETTING UP CONVECTIVE FLUX EXPRESSION IN Y DIRECTION USING CENTRAL
SETTING UP CONVECTIVE FLUX EXPRESSION IN Z DIRECTION USING CENTRAL
Setting initial conditions for scalability test equation: scalability53
SETTING UP CONVECTIVE FLUX EXPRESSION IN X DIRECTION USING CENTRAL
SETTING UP CONVECTIVE FLUX EXPRESSION IN Y DIRECTION USING CENTRAL
SETTING UP CONVECTIVE FLUX EXPRESSION IN Z DIRECTION USING CENTRAL
Setting initial conditions for scalability test equation: scalability54
SETTING UP CONVECTIVE FLUX EXPRESSION IN X DIRECTION USING CENTRAL
SETTING UP CONVECTIVE FLUX EXPRESSION IN Y DIRECTION USING CENTRAL
SETTING UP CONVECTIVE FLUX EXPRESSION IN Z DIRECTION USING CENTRAL
Setting initial conditions for scalability test equation: scalability55
SETTING UP CONVECTIVE FLUX EXPRESSION IN X DIRECTION USING CENTRAL
SETTING UP CONVECTIVE FLUX EXPRESSION IN Y DIRECTION USING CENTRAL
SETTING UP CONVECTIVE FLUX EXPRESSION IN Z DIRECTION USING CENTRAL
Setting initial conditions for scalability test equation: scalability56
SETTING UP CONVECTIVE FLUX EXPRESSION IN X DIRECTION USING CENTRAL
SETTING UP CONVECTIVE FLUX EXPRESSION IN Y DIRECTION USING CENTRAL
SETTING UP CONVECTIVE FLUX EXPRESSION IN Z DIRECTION USING CENTRAL
Setting initial conditions for scalability test equation: scalability57
SETTING UP CONVECTIVE FLUX EXPRESSION IN X DIRECTION USING CENTRAL
SETTING UP CONVECTIVE FLUX EXPRESSION IN Y DIRECTION USING CENTRAL
SETTING UP CONVECTIVE FLUX EXPRESSION IN Z DIRECTION USING CENTRAL
Setting initial conditions for scalability test equation: scalability58
SETTING UP CONVECTIVE FLUX EXPRESSION IN X DIRECTION USING CENTRAL
SETTING UP CONVECTIVE FLUX EXPRESSION IN Y DIRECTION USING CENTRAL
SETTING UP CONVECTIVE FLUX EXPRESSION IN Z DIRECTION USING CENTRAL
Setting initial conditions for scalability test equation: scalability59
SETTING UP CONVECTIVE FLUX EXPRESSION IN X DIRECTION USING CENTRAL
SETTING UP CONVECTIVE FLUX EXPRESSION IN Y DIRECTION USING CENTRAL
SETTING UP CONVECTIVE FLUX EXPRESSION IN Z DIRECTION USING CENTRAL
Setting initial conditions for scalability test equation: scalability60
SETTING UP CONVECTIVE FLUX EXPRESSION IN X DIRECTION USING CENTRAL
SETTING UP CONVECTIVE FLUX EXPRESSION IN Y DIRECTION USING CENTRAL
SETTING UP CONVECTIVE FLUX EXPRESSION IN Z DIRECTION USING CENTRAL
Setting initial conditions for scalability test equation: scalability61
SETTING UP CONVECTIVE FLUX EXPRESSION IN X DIRECTION USING CENTRAL
SETTING UP CONVECTIVE FLUX EXPRESSION IN Y DIRECTION USING CENTRAL
SETTING UP CONVECTIVE FLUX EXPRESSION IN Z DIRECTION USING CENTRAL
Setting initial conditions for scalability test equation: scalability62
SETTING UP CONVECTIVE FLUX EXPRESSION IN X DIRECTION USING CENTRAL
SETTING UP CONVECTIVE FLUX EXPRESSION IN Y DIRECTION USING CENTRAL
SETTING UP CONVECTIVE FLUX EXPRESSION IN Z DIRECTION USING CENTRAL
Setting initial conditions for scalability test equation: scalability63
SETTING UP CONVECTIVE FLUX EXPRESSION IN X DIRECTION USING CENTRAL
SETTING UP CONVECTIVE FLUX EXPRESSION IN Y DIRECTION USING CENTRAL
SETTING UP CONVECTIVE FLUX EXPRESSION IN Z DIRECTION USING CENTRAL
Setting initial conditions for scalability test equation: scalability64
SETTING UP CONVECTIVE FLUX EXPRESSION IN X DIRECTION USING CENTRAL
SETTING UP CONVECTIVE FLUX EXPRESSION IN Y DIRECTION USING CENTRAL
SETTING UP CONVECTIVE FLUX EXPRESSION IN Z DIRECTION USING CENTRAL
Setting initial conditions for scalability test equation: scalability65
SETTING UP CONVECTIVE FLUX EXPRESSION IN X DIRECTION USING CENTRAL
SETTING UP CONVECTIVE FLUX EXPRESSION IN Y DIRECTION USING CENTRAL
SETTING UP CONVECTIVE FLUX EXPRESSION IN Z DIRECTION USING CENTRAL
Setting initial conditions for scalability test equation: scalability66
SETTING UP CONVECTIVE FLUX EXPRESSION IN X DIRECTION USING CENTRAL
SETTING UP CONVECTIVE FLUX EXPRESSION IN Y DIRECTION USING CENTRAL
SETTING UP CONVECTIVE FLUX EXPRESSION IN Z DIRECTION USING CENTRAL
Setting initial conditions for scalability test equation: scalability67
SETTING UP CONVECTIVE FLUX EXPRESSION IN X DIRECTION USING CENTRAL
SETTING UP CONVECTIVE FLUX EXPRESSION IN Y DIRECTION USING CENTRAL
SETTING UP CONVECTIVE FLUX EXPRESSION IN Z DIRECTION USING CENTRAL
Setting initial conditions for scalability test equation: scalability68
SETTING UP CONVECTIVE FLUX EXPRESSION IN X DIRECTION USING CENTRAL
SETTING UP CONVECTIVE FLUX EXPRESSION IN Y DIRECTION USING CENTRAL
SETTING UP CONVECTIVE FLUX EXPRESSION IN Z DIRECTION USING CENTRAL
Setting initial conditions for scalability test equation: scalability69
SETTING UP CONVECTIVE FLUX EXPRESSION IN X DIRECTION USING CENTRAL
SETTING UP CONVECTIVE FLUX EXPRESSION IN Y DIRECTION USING CENTRAL
SETTING UP CONVECTIVE FLUX EXPRESSION IN Z DIRECTION USING CENTRAL
Setting initial conditions for scalability test equation: scalability70
SETTING UP CONVECTIVE FLUX EXPRESSION IN X DIRECTION USING CENTRAL
SETTING UP CONVECTIVE FLUX EXPRESSION IN Y DIRECTION USING CENTRAL
SETTING UP CONVECTIVE FLUX EXPRESSION IN Z DIRECTION USING CENTRAL
Setting initial conditions for scalability test equation: scalability71
SETTING UP CONVECTIVE FLUX EXPRESSION IN X DIRECTION USING CENTRAL
SETTING UP CONVECTIVE FLUX EXPRESSION IN Y DIRECTION USING CENTRAL
SETTING UP CONVECTIVE FLUX EXPRESSION IN Z DIRECTION USING CENTRAL
Setting initial conditions for scalability test equation: scalability72
SETTING UP CONVECTIVE FLUX EXPRESSION IN X DIRECTION USING CENTRAL
SETTING UP CONVECTIVE FLUX EXPRESSION IN Y DIRECTION USING CENTRAL
SETTING UP CONVECTIVE FLUX EXPRESSION IN Z DIRECTION USING CENTRAL
Setting initial conditions for scalability test equation: scalability73
SETTING UP CONVECTIVE FLUX EXPRESSION IN X DIRECTION USING CENTRAL
SETTING UP CONVECTIVE FLUX EXPRESSION IN Y DIRECTION USING CENTRAL
SETTING UP CONVECTIVE FLUX EXPRESSION IN Z DIRECTION USING CENTRAL
Setting initial conditions for scalability test equation: scalability74
SETTING UP CONVECTIVE FLUX EXPRESSION IN X DIRECTION USING CENTRAL
SETTING UP CONVECTIVE FLUX EXPRESSION IN Y DIRECTION USING CENTRAL
SETTING UP CONVECTIVE FLUX EXPRESSION IN Z DIRECTION USING CENTRAL
Setting initial conditions for scalability test equation: scalability75
SETTING UP CONVECTIVE FLUX EXPRESSION IN X DIRECTION USING CENTRAL
SETTING UP CONVECTIVE FLUX EXPRESSION IN Y DIRECTION USING CENTRAL
SETTING UP CONVECTIVE FLUX EXPRESSION IN Z DIRECTION USING CENTRAL
Setting initial conditions for scalability test equation: scalability76
SETTING UP CONVECTIVE FLUX EXPRESSION IN X DIRECTION USING CENTRAL
SETTING UP CONVECTIVE FLUX EXPRESSION IN Y DIRECTION USING CENTRAL
SETTING UP CONVECTIVE FLUX EXPRESSION IN Z DIRECTION USING CENTRAL
Setting initial conditions for scalability test equation: scalability77
SETTING UP CONVECTIVE FLUX EXPRESSION IN X DIRECTION USING CENTRAL
SETTING UP CONVECTIVE FLUX EXPRESSION IN Y DIRECTION USING CENTRAL
SETTING UP CONVECTIVE FLUX EXPRESSION IN Z DIRECTION USING CENTRAL
Setting initial conditions for scalability test equation: scalability78
SETTING UP CONVECTIVE FLUX EXPRESSION IN X DIRECTION USING CENTRAL
SETTING UP CONVECTIVE FLUX EXPRESSION IN Y DIRECTION USING CENTRAL
SETTING UP CONVECTIVE FLUX EXPRESSION IN Z DIRECTION USING CENTRAL
Setting initial conditions for scalability test equation: scalability79
SETTING UP CONVECTIVE FLUX EXPRESSION IN X DIRECTION USING CENTRAL
SETTING UP CONVECTIVE FLUX EXPRESSION IN Y DIRECTION USING CENTRAL
SETTING UP CONVECTIVE FLUX EXPRESSION IN Z DIRECTION USING CENTRAL
Setting initial conditions for scalability test equation: scalability80
SETTING UP CONVECTIVE FLUX EXPRESSION IN X DIRECTION USING CENTRAL
SETTING UP CONVECTIVE FLUX EXPRESSION IN Y DIRECTION USING CENTRAL
SETTING UP CONVECTIVE FLUX EXPRESSION IN Z DIRECTION USING CENTRAL
Setting initial conditions for scalability test equation: scalability81
SETTING UP CONVECTIVE FLUX EXPRESSION IN X DIRECTION USING CENTRAL
SETTING UP CONVECTIVE FLUX EXPRESSION IN Y DIRECTION USING CENTRAL
SETTING UP CONVECTIVE FLUX EXPRESSION IN Z DIRECTION USING CENTRAL
Setting initial conditions for scalability test equation: scalability82
SETTING UP CONVECTIVE FLUX EXPRESSION IN X DIRECTION USING CENTRAL
SETTING UP CONVECTIVE FLUX EXPRESSION IN Y DIRECTION USING CENTRAL
SETTING UP CONVECTIVE FLUX EXPRESSION IN Z DIRECTION USING CENTRAL
Setting initial conditions for scalability test equation: scalability83
SETTING UP CONVECTIVE FLUX EXPRESSION IN X DIRECTION USING CENTRAL
SETTING UP CONVECTIVE FLUX EXPRESSION IN Y DIRECTION USING CENTRAL
SETTING UP CONVECTIVE FLUX EXPRESSION IN Z DIRECTION USING CENTRAL
Setting initial conditions for scalability test equation: scalability84
SETTING UP CONVECTIVE FLUX EXPRESSION IN X DIRECTION USING CENTRAL
SETTING UP CONVECTIVE FLUX EXPRESSION IN Y DIRECTION USING CENTRAL
SETTING UP CONVECTIVE FLUX EXPRESSION IN Z DIRECTION USING CENTRAL
Setting initial conditions for scalability test equation: scalability85
SETTING UP CONVECTIVE FLUX EXPRESSION IN X DIRECTION USING CENTRAL
SETTING UP CONVECTIVE FLUX EXPRESSION IN Y DIRECTION USING CENTRAL
SETTING UP CONVECTIVE FLUX EXPRESSION IN Z DIRECTION USING CENTRAL
Setting initial conditions for scalability test equation: scalability86
SETTING UP CONVECTIVE FLUX EXPRESSION IN X DIRECTION USING CENTRAL
SETTING UP CONVECTIVE FLUX EXPRESSION IN Y DIRECTION USING CENTRAL
SETTING UP CONVECTIVE FLUX EXPRESSION IN Z DIRECTION USING CENTRAL
Setting initial conditions for scalability test equation: scalability87
SETTING UP CONVECTIVE FLUX EXPRESSION IN X DIRECTION USING CENTRAL
SETTING UP CONVECTIVE FLUX EXPRESSION IN Y DIRECTION USING CENTRAL
SETTING UP CONVECTIVE FLUX EXPRESSION IN Z DIRECTION USING CENTRAL
Setting initial conditions for scalability test equation: scalability88
SETTING UP CONVECTIVE FLUX EXPRESSION IN X DIRECTION USING CENTRAL
SETTING UP CONVECTIVE FLUX EXPRESSION IN Y DIRECTION USING CENTRAL
SETTING UP CONVECTIVE FLUX EXPRESSION IN Z DIRECTION USING CENTRAL
Setting initial conditions for scalability test equation: scalability89
SETTING UP CONVECTIVE FLUX EXPRESSION IN X DIRECTION USING CENTRAL
SETTING UP CONVECTIVE FLUX EXPRESSION IN Y DIRECTION USING CENTRAL
SETTING UP CONVECTIVE FLUX EXPRESSION IN Z DIRECTION USING CENTRAL
Setting initial conditions for scalability test equation: scalability90
SETTING UP CONVECTIVE FLUX EXPRESSION IN X DIRECTION USING CENTRAL
SETTING UP CONVECTIVE FLUX EXPRESSION IN Y DIRECTION USING CENTRAL
SETTING UP CONVECTIVE FLUX EXPRESSION IN Z DIRECTION USING CENTRAL
Setting initial conditions for scalability test equation: scalability91
SETTING UP CONVECTIVE FLUX EXPRESSION IN X DIRECTION USING CENTRAL
SETTING UP CONVECTIVE FLUX EXPRESSION IN Y DIRECTION USING CENTRAL
SETTING UP CONVECTIVE FLUX EXPRESSION IN Z DIRECTION USING CENTRAL
Setting initial conditions for scalability test equation: scalability92
SETTING UP CONVECTIVE FLUX EXPRESSION IN X DIRECTION USING CENTRAL
SETTING UP CONVECTIVE FLUX EXPRESSION IN Y DIRECTION USING CENTRAL
SETTING UP CONVECTIVE FLUX EXPRESSION IN Z DIRECTION USING CENTRAL
Setting initial conditions for scalability test equation: scalability93
SETTING UP CONVECTIVE FLUX EXPRESSION IN X DIRECTION USING CENTRAL
SETTING UP CONVECTIVE FLUX EXPRESSION IN Y DIRECTION USING CENTRAL
SETTING UP CONVECTIVE FLUX EXPRESSION IN Z DIRECTION USING CENTRAL
Setting initial conditions for scalability test equation: scalability94
SETTING UP CONVECTIVE FLUX EXPRESSION IN X DIRECTION USING CENTRAL
SETTING UP CONVECTIVE FLUX EXPRESSION IN Y DIRECTION USING CENTRAL
SETTING UP CONVECTIVE FLUX EXPRESSION IN Z DIRECTION USING CENTRAL
Setting initial conditions for scalability test equation: scalability95
SETTING UP CONVECTIVE FLUX EXPRESSION IN X DIRECTION USING CENTRAL
SETTING UP CONVECTIVE FLUX EXPRESSION IN Y DIRECTION USING CENTRAL
SETTING UP CONVECTIVE FLUX EXPRESSION IN Z DIRECTION USING CENTRAL
Setting initial conditions for scalability test equation: scalability96
SETTING UP CONVECTIVE FLUX EXPRESSION IN X DIRECTION USING CENTRAL
SETTING UP CONVECTIVE FLUX EXPRESSION IN Y DIRECTION USING CENTRAL
SETTING UP CONVECTIVE FLUX EXPRESSION IN Z DIRECTION USING CENTRAL
Setting initial conditions for scalability test equation: scalability97
SETTING UP CONVECTIVE FLUX EXPRESSION IN X DIRECTION USING CENTRAL
SETTING UP CONVECTIVE FLUX EXPRESSION IN Y DIRECTION USING CENTRAL
SETTING UP CONVECTIVE FLUX EXPRESSION IN Z DIRECTION USING CENTRAL
Setting initial conditions for scalability test equation: scalability98
SETTING UP CONVECTIVE FLUX EXPRESSION IN X DIRECTION USING CENTRAL
SETTING UP CONVECTIVE FLUX EXPRESSION IN Y DIRECTION USING CENTRAL
SETTING UP CONVECTIVE FLUX EXPRESSION IN Z DIRECTION USING CENTRAL
Setting initial conditions for scalability test equation: scalability99
------------------------------------------------
No BoundaryConditions specified
  This message will only occur once

Compiling initialization taskgraph.
------------------------------------------------
SETTING INITIAL BOUNDARY CONDITIONS:
------------------------------------------------
Setting Initial BCs for transport equation 'scalability0'
Setting Initial BCs for transport equation 'scalability1'
Setting Initial BCs for transport equation 'scalability2'
Setting Initial BCs for transport equation 'scalability3'
Setting Initial BCs for transport equation 'scalability4'
Setting Initial BCs for transport equation 'scalability5'
Setting Initial BCs for transport equation 'scalability6'
Setting Initial BCs for transport equation 'scalability7'
Setting Initial BCs for transport equation 'scalability8'
Setting Initial BCs for transport equation 'scalability9'
Setting Initial BCs for transport equation 'scalability10'
Setting Initial BCs for transport equation 'scalability11'
Setting Initial BCs for transport equation 'scalability12'
Setting Initial BCs for transport equation 'scalability13'
Setting Initial BCs for transport equation 'scalability14'
Setting Initial BCs for transport equation 'scalability15'
Setting Initial BCs for transport equation 'scalability16'
Setting Initial BCs for transport equation 'scalability17'
Setting Initial BCs for transport equation 'scalability18'
Setting Initial BCs for transport equation 'scalability19'
Setting Initial BCs for transport equation 'scalability20'
Setting Initial BCs for transport equation 'scalability21'
Setting Initial BCs for transport equation 'scalability22'
Setting Initial BCs for transport equation 'scalability23'
Setting Initial BCs for transport equation 'scalability24'
Setting Initial BCs for transport equation 'scalability25'
Setting Initial BCs for transport equation 'scalability26'
Setting Initial BCs for transport equation 'scalability27'
Setting Initial BCs for transport equation 'scalability28'
Setting Initial BCs for transport equation 'scalability29'
Setting Initial BCs for transport equation 'scalability30'
Setting Initial BCs for transport equation 'scalability31'
Setting Initial BCs for transport equation 'scalability32'
Setting Initial BCs for transport equation 'scalability33'
Setting Initial BCs for transport equation 'scalability34'
Setting Initial BCs for transport equation 'scalability35'
Setting Initial BCs for transport equation 'scalability36'
Setting Initial BCs for transport equation 'scalability37'
Setting Initial BCs for transport equation 'scalability38'
Setting Initial BCs for transport equation 'scalability39'
Setting Initial BCs for transport equation 'scalability40'
Setting Initial BCs for transport equation 'scalability41'
Setting Initial BCs for transport equation 'scalability42'
Setting Initial BCs for transport equation 'scalability43'
Setting Initial BCs for transport equation 'scalability44'
Setting Initial BCs for transport equation 'scalability45'
Setting Initial BCs for transport equation 'scalability46'
Setting Initial BCs for transport equation 'scalability47'
Setting Initial BCs for transport equation 'scalability48'
Setting Initial BCs for transport equation 'scalability49'
Setting Initial BCs for transport equation 'scalability50'
Setting Initial BCs for transport equation 'scalability51'
Setting Initial BCs for transport equation 'scalability52'
Setting Initial BCs for transport equation 'scalability53'
Setting Initial BCs for transport equation 'scalability54'
Setting Initial BCs for transport equation 'scalability55'
Setting Initial BCs for transport equation 'scalability56'
Setting Initial BCs for transport equation 'scalability57'
Setting Initial BCs for transport equation 'scalability58'
Setting Initial BCs for transport equation 'scalability59'
Setting Initial BCs for transport equation 'scalability60'
Setting Initial BCs for transport equation 'scalability61'
Setting Initial BCs for transport equation 'scalability62'
Setting Initial BCs for transport equation 'scalability63'
Setting Initial BCs for transport equation 'scalability64'
Setting Initial BCs for transport equation 'scalability65'
Setting Initial BCs for transport equation 'scalability66'
Setting Initial BCs for transport equation 'scalability67'
Setting Initial BCs for transport equation 'scalability68'
Setting Initial BCs for transport equation 'scalability69'
Setting Initial BCs for transport equation 'scalability70'
Setting Initial BCs for transport equation 'scalability71'
Setting Initial BCs for transport equation 'scalability72'
Setting Initial BCs for transport equation 'scalability73'
Setting Initial BCs for transport equation 'scalability74'
Setting Initial BCs for transport equation 'scalability75'
Setting Initial BCs for transport equation 'scalability76'
Setting Initial BCs for transport equation 'scalability77'
Setting Initial BCs for transport equation 'scalability78'
Setting Initial BCs for transport equation 'scalability79'
Setting Initial BCs for transport equation 'scalability80'
Setting Initial BCs for transport equation 'scalability81'
Setting Initial BCs for transport equation 'scalability82'
Setting Initial BCs for transport equation 'scalability83'
Setting Initial BCs for transport equation 'scalability84'
Setting Initial BCs for transport equation 'scalability85'
Setting Initial BCs for transport equation 'scalability86'
Setting Initial BCs for transport equation 'scalability87'
Setting Initial BCs for transport equation 'scalability88'
Setting Initial BCs for transport equation 'scalability89'
Setting Initial BCs for transport equation 'scalability90'
Setting Initial BCs for transport equation 'scalability91'
Setting Initial BCs for transport equation 'scalability92'
Setting Initial BCs for transport equation 'scalability93'
Setting Initial BCs for transport equation 'scalability94'
Setting Initial BCs for transport equation 'scalability95'
Setting Initial BCs for transport equation 'scalability96'
Setting Initial BCs for transport equation 'scalability97'
Setting Initial BCs for transport equation 'scalability98'
Setting Initial BCs for transport equation 'scalability99'
------------------------------------------------
Wasatch: done creating initialization task(s)
Scheduling Task 'compute timestep' COMPUTES 'delT' in NEW data warehouse
Wasatch: done creating timestep task(s)
Done with taskgraph compile (0.000536177 seconds)
Warning: addContribution not implemented for LoadBalancerCommon.
WARNING at time step 0 and sim time 0 : lowering the next delT from 1 to the maximum: 1e-05

________________________________________________________________________________
--------------------------------------------------------------------------------
MPIStats:+
--------------------------------------------------------------------------------
                Name:       Total:         Avg:         Min:         Max:    Max rank: Hist %% [  Q1 |  Q2 |  Q3 |  Q4 ]:  %%Load Imbalance
         Count: Comm:           32            1            1            1           23           100.0   0.0   0.0   0.0     0.0
         Count: Gath:           64            2            2            2            7           100.0   0.0   0.0   0.0     0.0
         Count: Redu:           32            1            1            1           11           100.0   0.0   0.0   0.0     0.0
          Time: Comm:      75.3 ms      2.35 ms     0.794 ms      5.84 ms           22            50.0  25.0  18.8   6.2    59.7
          Time: Gath:     0.963 s       30.1 ms      14.8 ms      37.5 ms           30             6.2  12.5  37.5  43.8    19.8
          Time: Redu:      1.16 s       36.2 ms      0.03 ms      44.9 ms           21             6.2   0.0  21.9  71.9    19.4
Volume Recv TOTAL   :      26.3 KB        841 B        841 B        841 B           18           100.0   0.0   0.0   0.0     0.0
Volume Recv0: <= 64B:           32            1            1            1            2           100.0   0.0   0.0   0.0     0.0
Volume Recv1: <= 4KB:           64            2            2            2           28           100.0   0.0   0.0   0.0     0.0
Volume Send TOTAL   :      8.84 KB        283 B        281 B        285 B            4            50.0   0.0   0.0  50.0     0.7
Volume Send0: <= 64B:           64            2            2            2           24           100.0   0.0   0.0   0.0     0.0
Volume Send1: <= 4KB:           32            1            1            1            8           100.0   0.0   0.0   0.0     0.0


Simulation and run time stats are reported at the end of each time step
EMA == Wall time as an exponential moving average using a window of the last 10 time steps
Timestep 0       Time=0           Next delT=1e-05       Wall Time=0.166532  EMA=0.163592    Memory Used=164.46 MBs (avg) 165.03 MBs (max on rank: 0     )
Warning: finalizeContributions not implemented for LoadBalancerCommon.
Warning: resetCostForecaster not implemented for LoadBalancerCommon.
Compiling taskgraph(s)...
------------------------------------------------
SETTING BOUNDARY CONDITIONS:
------------------------------------------------
Setting BCs for transport equation 'scalability0'
Setting BCs for transport equation 'scalability1'
Setting BCs for transport equation 'scalability2'
Setting BCs for transport equation 'scalability3'
Setting BCs for transport equation 'scalability4'
Setting BCs for transport equation 'scalability5'
Setting BCs for transport equation 'scalability6'
Setting BCs for transport equation 'scalability7'
Setting BCs for transport equation 'scalability8'
Setting BCs for transport equation 'scalability9'
Setting BCs for transport equation 'scalability10'
Setting BCs for transport equation 'scalability11'
Setting BCs for transport equation 'scalability12'
Setting BCs for transport equation 'scalability13'
Setting BCs for transport equation 'scalability14'
Setting BCs for transport equation 'scalability15'
Setting BCs for transport equation 'scalability16'
Setting BCs for transport equation 'scalability17'
Setting BCs for transport equation 'scalability18'
Setting BCs for transport equation 'scalability19'
Setting BCs for transport equation 'scalability20'
Setting BCs for transport equation 'scalability21'
Setting BCs for transport equation 'scalability22'
Setting BCs for transport equation 'scalability23'
Setting BCs for transport equation 'scalability24'
Setting BCs for transport equation 'scalability25'
Setting BCs for transport equation 'scalability26'
Setting BCs for transport equation 'scalability27'
Setting BCs for transport equation 'scalability28'
Setting BCs for transport equation 'scalability29'
Setting BCs for transport equation 'scalability30'
Setting BCs for transport equation 'scalability31'
Setting BCs for transport equation 'scalability32'
Setting BCs for transport equation 'scalability33'
Setting BCs for transport equation 'scalability34'
Setting BCs for transport equation 'scalability35'
Setting BCs for transport equation 'scalability36'
Setting BCs for transport equation 'scalability37'
Setting BCs for transport equation 'scalability38'
Setting BCs for transport equation 'scalability39'
Setting BCs for transport equation 'scalability40'
Setting BCs for transport equation 'scalability41'
Setting BCs for transport equation 'scalability42'
Setting BCs for transport equation 'scalability43'
Setting BCs for transport equation 'scalability44'
Setting BCs for transport equation 'scalability45'
Setting BCs for transport equation 'scalability46'
Setting BCs for transport equation 'scalability47'
Setting BCs for transport equation 'scalability48'
Setting BCs for transport equation 'scalability49'
Setting BCs for transport equation 'scalability50'
Setting BCs for transport equation 'scalability51'
Setting BCs for transport equation 'scalability52'
Setting BCs for transport equation 'scalability53'
Setting BCs for transport equation 'scalability54'
Setting BCs for transport equation 'scalability55'
Setting BCs for transport equation 'scalability56'
Setting BCs for transport equation 'scalability57'
Setting BCs for transport equation 'scalability58'
Setting BCs for transport equation 'scalability59'
Setting BCs for transport equation 'scalability60'
Setting BCs for transport equation 'scalability61'
Setting BCs for transport equation 'scalability62'
Setting BCs for transport equation 'scalability63'
Setting BCs for transport equation 'scalability64'
Setting BCs for transport equation 'scalability65'
Setting BCs for transport equation 'scalability66'
Setting BCs for transport equation 'scalability67'
Setting BCs for transport equation 'scalability68'
Setting BCs for transport equation 'scalability69'
Setting BCs for transport equation 'scalability70'
Setting BCs for transport equation 'scalability71'
Setting BCs for transport equation 'scalability72'
Setting BCs for transport equation 'scalability73'
Setting BCs for transport equation 'scalability74'
Setting BCs for transport equation 'scalability75'
Setting BCs for transport equation 'scalability76'
Setting BCs for transport equation 'scalability77'
Setting BCs for transport equation 'scalability78'
Setting BCs for transport equation 'scalability79'
Setting BCs for transport equation 'scalability80'
Setting BCs for transport equation 'scalability81'
Setting BCs for transport equation 'scalability82'
Setting BCs for transport equation 'scalability83'
Setting BCs for transport equation 'scalability84'
Setting BCs for transport equation 'scalability85'
Setting BCs for transport equation 'scalability86'
Setting BCs for transport equation 'scalability87'
Setting BCs for transport equation 'scalability88'
Setting BCs for transport equation 'scalability89'
Setting BCs for transport equation 'scalability90'
Setting BCs for transport equation 'scalability91'
Setting BCs for transport equation 'scalability92'
Setting BCs for transport equation 'scalability93'
Setting BCs for transport equation 'scalability94'
Setting BCs for transport equation 'scalability95'
Setting BCs for transport equation 'scalability96'
Setting BCs for transport equation 'scalability97'
Setting BCs for transport equation 'scalability98'
Setting BCs for transport equation 'scalability99'
------------------------------------------------
Wasatch: done creating solution task(s)
Wasatch: done creating solution task(s)
Wasatch: done creating post-processing task(s)
Scheduling Task 'compute timestep' COMPUTES 'delT' in NEW data warehouse
Wasatch: done creating timestep task(s)
Done with taskgraph compile (0.406742 seconds)

________________________________________________________________________________
--------------------------------------------------------------------------------
MPIStats:+
--------------------------------------------------------------------------------
                Name:       Total:         Avg:         Min:         Max:    Max rank: Hist %% [  Q1 |  Q2 |  Q3 |  Q4 ]:  %%Load Imbalance
         Count: Recv:     1.09e+03           34           34           34           27           100.0   0.0   0.0   0.0     0.0
         Count: Redu:          256            8            8            8           11           100.0   0.0   0.0   0.0     0.0
         Count: Send:     1.09e+03           34           34           34           29           100.0   0.0   0.0   0.0     0.0
         Count: Test:          430         13.4            8           25           31            56.2  18.8   3.1  21.9    46.2
         Count: Wait:     1.92e+03           60           60           60           21           100.0   0.0   0.0   0.0     0.0
          Time: Recv:      8.02 ms     0.251 ms    0.0826 ms     0.621 ms            1            68.8   3.1   0.0  28.1    59.6
          Time: Redu:      1.58 s       49.5 ms     0.706 ms      86.3 ms           29            12.5  37.5   0.0  50.0    42.6
          Time: Send:     0.333 s       10.4 ms      1.99 ms      19.4 ms           23            46.9   3.1  12.5  37.5    46.3
          Time: Test:      7.44 ms     0.232 ms    0.0157 ms     0.674 ms           25            46.9  21.9  25.0   6.2    65.5
          Time: Wait:      1.13 s       35.2 ms      11.7 ms      67.6 ms           24            31.2  34.4  18.8  15.6    47.9
Volume Recv TOTAL   :       484 MB      15.1 MB      15.1 MB      15.1 MB            0            96.9   0.0   0.0   3.1     0.0
Volume Recv0: <= 64B:           33         1.03            1            2            0            96.9   0.0   0.0   3.1    48.4
Volume Recv1: <= 4KB:          293         9.16            9           14            0            96.9   0.0   0.0   3.1    34.6
Volume Recv2: <= 2MB:          800           25           25           25           12           100.0   0.0   0.0   0.0     0.0
Volume Recv3: >  2MB:           32            1            1            1           20           100.0   0.0   0.0   0.0     0.0
Volume Send TOTAL   :       484 MB      15.1 MB      15.1 MB      15.1 MB            4           100.0   0.0   0.0   0.0     0.0
Volume Send0: <= 64B:           64            2            2            2           24           100.0   0.0   0.0   0.0     0.0
Volume Send1: <= 4KB:          448           14           14           14            8           100.0   0.0   0.0   0.0     0.0
Volume Send2: <= 2MB:          800           25           25           25           16           100.0   0.0   0.0   0.0     0.0
Volume Send3: >  2MB:           32            1            1            1            0           100.0   0.0   0.0   0.0     0.0

Timestep 1       Time=1e-05       Next delT=1e-05       Wall Time=1.14558   EMA=0.978984    Memory Used=285.54 MBs (avg) 286.46 MBs (max on rank: 1     )
Runtime Summary  summary stats for time step 1 at time=1e-05
  Description       Units       Minimum           Rank   Average (32)      Std. Dev.         Maximum           Rank   100*(1-ave/max) '% load imbalance'
  Compilation       [seconds] : 0.313063        : 17   : 0.342436        : 0.0259528       : 0.406742        : 0    : 15.8098
  TaskExec          [seconds] : 0.488985        : 0    : 0.539045        : 0.019063        : 0.570548        : 23   : 5.52142
  TaskLocalComm     [seconds] : 0.0932991       : 25   : 0.0990193       : 0.00342355      : 0.109813        : 28   : 9.82909
  TaskWaitCommTime  [seconds] : 0.0307195       : 13   : 0.0551473       : 0.0162812       : 0.0886488       : 25   : 37.7912
  NumberOfTasks     [tasks  ] : 8               : 0    : 8               : 0               : 8               : 0    : 0
  NumberOfPatches   [patches] : 1               : 0    : 1               : 0               : 1               : 0    : 0
  NumberOfCells     [cells  ] : 32768           : 0    : 32768           : 0               : 32768           : 0    : 0
  SCIMemoryUsed     [MBytes ] : 2.84631e+08     : 28   : 2.85537e+08     : 508655          : 2.86458e+08     : 1    : 0.32141
  SCIMemoryMaxUsed  [MBytes ] : 2.84631e+08     : 28   : 2.85537e+08     : 508655          : 2.86458e+08     : 1    : 0.32141
  MemoryUsed        [MBytes ] : 8.87882e+08     : 2    : 8.99561e+08     : 7.1324e+06      : 9.18565e+08     : 0    : 2.0689
  MemoryResident    [MBytes ] : 2.84631e+08     : 28   : 2.85537e+08     : 508655          : 2.86458e+08     : 1    : 0.32141
  Percentage of time spent in overhead : 33.0649

________________________________________________________________________________
--------------------------------------------------------------------------------
MPIStats:+
--------------------------------------------------------------------------------
                Name:       Total:         Avg:         Min:         Max:    Max rank: Hist %% [  Q1 |  Q2 |  Q3 |  Q4 ]:  %%Load Imbalance
         Count: Recv:     1.09e+03           34           34           34           27           100.0   0.0   0.0   0.0     0.0
         Count: Redu:          256            8            8            8           11           100.0   0.0   0.0   0.0     0.0
         Count: Send:     1.09e+03           34           34           34           29           100.0   0.0   0.0   0.0     0.0
         Count: Test:          414         12.9            8           26           31            62.5  12.5  12.5  12.5    50.2
         Count: Wait:     1.92e+03           60           60           60           21           100.0   0.0   0.0   0.0     0.0
          Time: Recv:      7.22 ms     0.226 ms    0.0354 ms      1.11 ms            7            87.5   3.1   0.0   9.4    79.6
          Time: Redu:     0.733 s       22.9 ms     0.237 ms      50.7 ms           31            50.0   0.0  21.9  28.1    54.9
          Time: Send:     0.739 s       23.1 ms        19 ms      25.7 ms            1             9.4  21.9  34.4  34.4    10.2
          Time: Test:      1.16 ms    0.0361 ms  4.16e+03 ns     0.119 ms           25            50.0  34.4   6.2   9.4    69.7
          Time: Wait:     0.315 s       9.84 ms      7.68 ms      11.2 ms            1             9.4  18.8  40.6  31.2    12.2
Volume Recv TOTAL   :       484 MB      15.1 MB      15.1 MB      15.1 MB            0            96.9   0.0   0.0   3.1     0.0
Volume Recv0: <= 64B:           33         1.03            1            2            0            96.9   0.0   0.0   3.1    48.4
Volume Recv1: <= 4KB:          293         9.16            9           14            0            96.9   0.0   0.0   3.1    34.6
Volume Recv2: <= 2MB:          800           25           25           25           12           100.0   0.0   0.0   0.0     0.0
Volume Recv3: >  2MB:           32            1            1            1           20           100.0   0.0   0.0   0.0     0.0
Volume Send TOTAL   :       484 MB      15.1 MB      15.1 MB      15.1 MB            4           100.0   0.0   0.0   0.0     0.0
Volume Send0: <= 64B:           64            2            2            2           24           100.0   0.0   0.0   0.0     0.0
Volume Send1: <= 4KB:          448           14           14           14            8           100.0   0.0   0.0   0.0     0.0
Volume Send2: <= 2MB:          800           25           25           25           16           100.0   0.0   0.0   0.0     0.0
Volume Send3: >  2MB:           32            1            1            1            0           100.0   0.0   0.0   0.0     0.0

Timestep 2       Time=2e-05       Next delT=1e-05       Wall Time=1.72889   EMA=0.7152      Memory Used=307.33 MBs (avg) 308.47 MBs (max on rank: 1     )
Runtime Summary  summary stats for time step 2 at time=2e-05
  Description       Units       Minimum           Rank   Average (32)      Std. Dev.         Maximum           Rank   100*(1-ave/max) '% load imbalance'
  TaskExec          [seconds] : 0.509941        : 0    : 0.514073        : 0.00253872      : 0.519482        : 31   : 1.04126
  TaskLocalComm     [seconds] : 0.100397        : 31   : 0.110064        : 0.00498588      : 0.117624        : 0    : 6.42756
  TaskWaitCommTime  [seconds] : 0.0270971       : 21   : 0.0308694       : 0.00148145      : 0.0328561       : 4    : 6.0468
  NumberOfTasks     [tasks  ] : 8               : 0    : 8               : 0               : 8               : 0    : 0
  NumberOfPatches   [patches] : 1               : 0    : 1               : 0               : 1               : 0    : 0
  NumberOfCells     [cells  ] : 32768           : 0    : 32768           : 0               : 32768           : 0    : 0
  SCIMemoryUsed     [MBytes ] : 3.05463e+08     : 31   : 3.07334e+08     : 669591          : 3.08466e+08     : 1    : 0.36703
  SCIMemoryMaxUsed  [MBytes ] : 3.05463e+08     : 31   : 3.07334e+08     : 669591          : 3.08466e+08     : 1    : 0.36703
  MemoryUsed        [MBytes ] : 9.09672e+08     : 2    : 9.21286e+08     : 7.11614e+06     : 9.40368e+08     : 0    : 2.02919
  MemoryResident    [MBytes ] : 3.05463e+08     : 31   : 3.07334e+08     : 669591          : 3.08466e+08     : 1    : 0.36703
  Percentage of time spent in overhead : 16.5323

________________________________________________________________________________
--------------------------------------------------------------------------------
MPIStats:+
--------------------------------------------------------------------------------
                Name:       Total:         Avg:         Min:         Max:    Max rank: Hist %% [  Q1 |  Q2 |  Q3 |  Q4 ]:  %%Load Imbalance
         Count: Recv:     1.09e+03           34           34           34           27           100.0   0.0   0.0   0.0     0.0
         Count: Redu:          256            8            8            8           11           100.0   0.0   0.0   0.0     0.0
         Count: Send:     1.09e+03           34           34           34           29           100.0   0.0   0.0   0.0     0.0
         Count: Test:          412         12.9            8           25           31            62.5  12.5   3.1  21.9    48.5
         Count: Wait:     1.92e+03           60           60           60           21           100.0   0.0   0.0   0.0     0.0
          Time: Recv:      9.82 ms     0.307 ms    0.0338 ms      1.24 ms           21            75.0   9.4   3.1  12.5    75.2
          Time: Redu:     0.673 s         21 ms     0.663 ms      46.6 ms           25            50.0   0.0  18.8  31.2    54.9
          Time: Send:      62.2 ms      1.94 ms      1.37 ms       2.9 ms            6            34.4  37.5  15.6  12.5    33.0
          Time: Test:     0.868 ms    0.0271 ms  4.19e+03 ns    0.0659 ms           16            37.5  31.2  15.6  15.6    58.9
          Time: Wait:     0.268 s       8.38 ms      5.77 ms      9.68 ms           28             6.2   9.4  43.8  40.6    13.5
Volume Recv TOTAL   :       484 MB      15.1 MB      15.1 MB      15.1 MB            0            96.9   0.0   0.0   3.1     0.0
Volume Recv0: <= 64B:           33         1.03            1            2            0            96.9   0.0   0.0   3.1    48.4
Volume Recv1: <= 4KB:          293         9.16            9           14            0            96.9   0.0   0.0   3.1    34.6
Volume Recv2: <= 2MB:          800           25           25           25           12           100.0   0.0   0.0   0.0     0.0
Volume Recv3: >  2MB:           32            1            1            1           20           100.0   0.0   0.0   0.0     0.0
Volume Send TOTAL   :       484 MB      15.1 MB      15.1 MB      15.1 MB            4           100.0   0.0   0.0   0.0     0.0
Volume Send0: <= 64B:           64            2            2            2           24           100.0   0.0   0.0   0.0     0.0
Volume Send1: <= 4KB:          448           14           14           14            8           100.0   0.0   0.0   0.0     0.0
Volume Send2: <= 2MB:          800           25           25           25           16           100.0   0.0   0.0   0.0     0.0
Volume Send3: >  2MB:           32            1            1            1            0           100.0   0.0   0.0   0.0     0.0

Timestep 3       Time=3e-05       Next delT=1e-05       Wall Time=2.28603   EMA=0.636169    Memory Used=307.94 MBs (avg) 310.28 MBs (max on rank: 29    )
Runtime Summary  summary stats for time step 3 at time=3e-05
  Description       Units       Minimum           Rank   Average (32)      Std. Dev.         Maximum           Rank   100*(1-ave/max) '% load imbalance'
  TaskExec          [seconds] : 0.489942        : 15   : 0.493594        : 0.00221226      : 0.498545        : 25   : 0.992968
  TaskLocalComm     [seconds] : 0.0787929       : 25   : 0.0847178       : 0.00316189      : 0.091159        : 15   : 7.06583
  TaskWaitCommTime  [seconds] : 0.0272239       : 25   : 0.030245        : 0.00109483      : 0.0318298       : 2    : 4.9789
  NumberOfTasks     [tasks  ] : 8               : 0    : 8               : 0               : 8               : 0    : 0
  NumberOfPatches   [patches] : 1               : 0    : 1               : 0               : 1               : 0    : 0
  NumberOfCells     [cells  ] : 32768           : 0    : 32768           : 0               : 32768           : 0    : 0
  SCIMemoryUsed     [MBytes ] : 3.05463e+08     : 31   : 3.07938e+08     : 1.08556e+06     : 3.1028e+08      : 29   : 0.754889
  SCIMemoryMaxUsed  [MBytes ] : 3.05463e+08     : 31   : 3.07938e+08     : 1.08556e+06     : 3.1028e+08      : 29   : 0.754889
  MemoryUsed        [MBytes ] : 9.09816e+08     : 2    : 9.21833e+08     : 7.0553e+06      : 9.40528e+08     : 0    : 1.98765
  MemoryResident    [MBytes ] : 3.05463e+08     : 31   : 3.07938e+08     : 1.08556e+06     : 3.1028e+08      : 29   : 0.754889
  Percentage of time spent in overhead : 11.0208

________________________________________________________________________________
--------------------------------------------------------------------------------
MPIStats:+
--------------------------------------------------------------------------------
                Name:       Total:         Avg:         Min:         Max:    Max rank: Hist %% [  Q1 |  Q2 |  Q3 |  Q4 ]:  %%Load Imbalance
         Count: Recv:     1.09e+03           34           34           34           27           100.0   0.0   0.0   0.0     0.0
         Count: Redu:          256            8            8            8           11           100.0   0.0   0.0   0.0     0.0
         Count: Send:     1.09e+03           34           34           34           29           100.0   0.0   0.0   0.0     0.0
         Count: Test:          412         12.9            8           25           31            62.5  12.5   3.1  21.9    48.5
         Count: Wait:     1.92e+03           60           60           60           21           100.0   0.0   0.0   0.0     0.0
          Time: Recv:      6.12 ms     0.191 ms    0.0335 ms      1.39 ms           31            90.6   6.2   0.0   3.1    86.2
          Time: Redu:     0.644 s       20.1 ms     0.192 ms      47.1 ms           25            50.0   0.0  18.8  31.2    57.3
          Time: Send:      84.1 ms      2.63 ms      1.29 ms      4.12 ms            7            31.2  31.2  15.6  21.9    36.3
          Time: Test:       1.1 ms    0.0344 ms  4.24e+03 ns     0.189 ms           21            81.2  15.6   0.0   3.1    81.8
          Time: Wait:      0.25 s       7.83 ms      5.72 ms      9.77 ms           10             9.4  28.1  56.2   6.2    19.9
Volume Recv TOTAL   :       484 MB      15.1 MB      15.1 MB      15.1 MB            0            96.9   0.0   0.0   3.1     0.0
Volume Recv0: <= 64B:           33         1.03            1            2            0            96.9   0.0   0.0   3.1    48.4
Volume Recv1: <= 4KB:          293         9.16            9           14            0            96.9   0.0   0.0   3.1    34.6
Volume Recv2: <= 2MB:          800           25           25           25           12           100.0   0.0   0.0   0.0     0.0
Volume Recv3: >  2MB:           32            1            1            1           20           100.0   0.0   0.0   0.0     0.0
Volume Send TOTAL   :       484 MB      15.1 MB      15.1 MB      15.1 MB            4           100.0   0.0   0.0   0.0     0.0
Volume Send0: <= 64B:           64            2            2            2           24           100.0   0.0   0.0   0.0     0.0
Volume Send1: <= 4KB:          448           14           14           14            8           100.0   0.0   0.0   0.0     0.0
Volume Send2: <= 2MB:          800           25           25           25           16           100.0   0.0   0.0   0.0     0.0
Volume Send3: >  2MB:           32            1            1            1            0           100.0   0.0   0.0   0.0     0.0

Timestep 4       Time=4e-05       Next delT=1e-05       Wall Time=2.84371   EMA=0.604776    Memory Used=307.95 MBs (avg) 310.28 MBs (max on rank: 29    )
Runtime Summary  summary stats for time step 4 at time=4e-05
  Description       Units       Minimum           Rank   Average (32)      Std. Dev.         Maximum           Rank   100*(1-ave/max) '% load imbalance'
  TaskExec          [seconds] : 0.49087         : 10   : 0.494152        : 0.00208058      : 0.499257        : 25   : 1.02253
  TaskLocalComm     [seconds] : 0.0798106       : 25   : 0.0861031       : 0.00358076      : 0.0915446       : 15   : 5.94401
  TaskWaitCommTime  [seconds] : 0.0269508       : 25   : 0.0302761       : 0.00110677      : 0.0328488       : 10   : 7.83192
  NumberOfTasks     [tasks  ] : 8               : 0    : 8               : 0               : 8               : 0    : 0
  NumberOfPatches   [patches] : 1               : 0    : 1               : 0               : 1               : 0    : 0
  NumberOfCells     [cells  ] : 32768           : 0    : 32768           : 0               : 32768           : 0    : 0
  SCIMemoryUsed     [MBytes ] : 3.05463e+08     : 31   : 3.07948e+08     : 1.09167e+06     : 3.1028e+08      : 29   : 0.751589
  SCIMemoryMaxUsed  [MBytes ] : 3.05463e+08     : 31   : 3.07948e+08     : 1.09167e+06     : 3.1028e+08      : 29   : 0.751589
  MemoryUsed        [MBytes ] : 9.09816e+08     : 2    : 9.2184e+08      : 7.05821e+06     : 9.40528e+08     : 0    : 1.98689
  MemoryResident    [MBytes ] : 3.05463e+08     : 31   : 3.07948e+08     : 1.09167e+06     : 3.1028e+08      : 29   : 0.751589
  Percentage of time spent in overhead : 8.26391

________________________________________________________________________________
--------------------------------------------------------------------------------
MPIStats:+
--------------------------------------------------------------------------------
                Name:       Total:         Avg:         Min:         Max:    Max rank: Hist %% [  Q1 |  Q2 |  Q3 |  Q4 ]:  %%Load Imbalance
         Count: Recv:     1.09e+03           34           34           34           27           100.0   0.0   0.0   0.0     0.0
         Count: Redu:          256            8            8            8           11           100.0   0.0   0.0   0.0     0.0
         Count: Send:     1.09e+03           34           34           34           29           100.0   0.0   0.0   0.0     0.0
         Count: Test:          412         12.9            8           25           31            62.5  12.5   3.1  21.9    48.5
         Count: Wait:     1.92e+03           60           60           60           21           100.0   0.0   0.0   0.0     0.0
          Time: Recv:      5.72 ms     0.179 ms     0.034 ms      0.57 ms           25            46.9  37.5   6.2   9.4    68.6
          Time: Redu:     0.627 s       19.6 ms     0.172 ms      45.2 ms           25            50.0   0.0  18.8  31.2    56.6
          Time: Send:      68.3 ms      2.13 ms      1.46 ms      3.68 ms           12            59.4  25.0   6.2   9.4    42.0
          Time: Test:     0.845 ms    0.0264 ms  4.38e+03 ns    0.0743 ms           25            37.5  43.8   9.4   9.4    64.4
          Time: Wait:     0.242 s       7.57 ms      5.13 ms      9.11 ms            5             3.1  15.6  65.6  15.6    16.9
Volume Recv TOTAL   :       484 MB      15.1 MB      15.1 MB      15.1 MB            0            96.9   0.0   0.0   3.1     0.0
Volume Recv0: <= 64B:           33         1.03            1            2            0            96.9   0.0   0.0   3.1    48.4
Volume Recv1: <= 4KB:          293         9.16            9           14            0            96.9   0.0   0.0   3.1    34.6
Volume Recv2: <= 2MB:          800           25           25           25           12           100.0   0.0   0.0   0.0     0.0
Volume Recv3: >  2MB:           32            1            1            1           20           100.0   0.0   0.0   0.0     0.0
Volume Send TOTAL   :       484 MB      15.1 MB      15.1 MB      15.1 MB            4           100.0   0.0   0.0   0.0     0.0
Volume Send0: <= 64B:           64            2            2            2           24           100.0   0.0   0.0   0.0     0.0
Volume Send1: <= 4KB:          448           14           14           14            8           100.0   0.0   0.0   0.0     0.0
Volume Send2: <= 2MB:          800           25           25           25           16           100.0   0.0   0.0   0.0     0.0
Volume Send3: >  2MB:           32            1            1            1            0           100.0   0.0   0.0   0.0     0.0

Timestep 5       Time=5e-05       Next delT=1e-05       Wall Time=3.40098   EMA=0.58894     Memory Used=308.07 MBs (avg) 310.56 MBs (max on rank: 27    )
Runtime Summary  summary stats for time step 5 at time=5e-05
  Description       Units       Minimum           Rank   Average (32)      Std. Dev.         Maximum           Rank   100*(1-ave/max) '% load imbalance'
  TaskExec          [seconds] : 0.489711        : 15   : 0.49314         : 0.00214674      : 0.497117        : 25   : 0.800015
  TaskLocalComm     [seconds] : 0.0784801       : 24   : 0.0855552       : 0.00327528      : 0.0901329       : 0    : 5.07889
  TaskWaitCommTime  [seconds] : 0.0277121       : 25   : 0.0301271       : 0.0011206       : 0.0319793       : 4    : 5.7919
  NumberOfTasks     [tasks  ] : 8               : 0    : 8               : 0               : 8               : 0    : 0
  NumberOfPatches   [patches] : 1               : 0    : 1               : 0               : 1               : 0    : 0
  NumberOfCells     [cells  ] : 32768           : 0    : 32768           : 0               : 32768           : 0    : 0
  SCIMemoryUsed     [MBytes ] : 3.05762e+08     : 31   : 3.08067e+08     : 1.11172e+06     : 3.10559e+08     : 27   : 0.80227
  SCIMemoryMaxUsed  [MBytes ] : 3.05762e+08     : 31   : 3.08067e+08     : 1.11172e+06     : 3.10559e+08     : 27   : 0.80227
  MemoryUsed        [MBytes ] : 9.09816e+08     : 2    : 9.21845e+08     : 7.05345e+06     : 9.40528e+08     : 0    : 1.98644
  MemoryResident    [MBytes ] : 3.05762e+08     : 31   : 3.08067e+08     : 1.11172e+06     : 3.10559e+08     : 27   : 0.80227
  Percentage of time spent in overhead : 6.60844

________________________________________________________________________________
--------------------------------------------------------------------------------
MPIStats:+
--------------------------------------------------------------------------------
                Name:       Total:         Avg:         Min:         Max:    Max rank: Hist %% [  Q1 |  Q2 |  Q3 |  Q4 ]:  %%Load Imbalance
         Count: Recv:     1.09e+03           34           34           34           27           100.0   0.0   0.0   0.0     0.0
         Count: Redu:          256            8            8            8           11           100.0   0.0   0.0   0.0     0.0
         Count: Send:     1.09e+03           34           34           34           29           100.0   0.0   0.0   0.0     0.0
         Count: Test:          412         12.9            8           25           31            62.5  12.5   3.1  21.9    48.5
         Count: Wait:     1.92e+03           60           60           60           21           100.0   0.0   0.0   0.0     0.0
          Time: Recv:      5.39 ms     0.168 ms    0.0323 ms     0.622 ms            6            50.0  40.6   3.1   6.2    72.9
          Time: Redu:     0.657 s       20.5 ms     0.189 ms      43.7 ms           25            50.0   0.0  15.6  34.4    53.0
          Time: Send:      62.3 ms      1.95 ms      1.12 ms      3.12 ms           15            21.9  50.0  18.8   9.4    37.7
          Time: Test:      1.01 ms    0.0315 ms  4.38e+03 ns     0.203 ms            7            84.4  12.5   0.0   3.1    84.5
          Time: Wait:     0.243 s       7.59 ms      5.25 ms      9.42 ms            5             6.2  25.0  56.2  12.5    19.4
Volume Recv TOTAL   :       484 MB      15.1 MB      15.1 MB      15.1 MB            0            96.9   0.0   0.0   3.1     0.0
Volume Recv0: <= 64B:           33         1.03            1            2            0            96.9   0.0   0.0   3.1    48.4
Volume Recv1: <= 4KB:          293         9.16            9           14            0            96.9   0.0   0.0   3.1    34.6
Volume Recv2: <= 2MB:          800           25           25           25           12           100.0   0.0   0.0   0.0     0.0
Volume Recv3: >  2MB:           32            1            1            1           20           100.0   0.0   0.0   0.0     0.0
Volume Send TOTAL   :       484 MB      15.1 MB      15.1 MB      15.1 MB            4           100.0   0.0   0.0   0.0     0.0
Volume Send0: <= 64B:           64            2            2            2           24           100.0   0.0   0.0   0.0     0.0
Volume Send1: <= 4KB:          448           14           14           14            8           100.0   0.0   0.0   0.0     0.0
Volume Send2: <= 2MB:          800           25           25           25           16           100.0   0.0   0.0   0.0     0.0
Volume Send3: >  2MB:           32            1            1            1            0           100.0   0.0   0.0   0.0     0.0

Timestep 6       Time=6e-05       Next delT=1e-05       Wall Time=3.95916   EMA=0.580151    Memory Used=308.17 MBs (avg) 310.56 MBs (max on rank: 27    )
Runtime Summary  summary stats for time step 6 at time=6e-05
  Description       Units       Minimum           Rank   Average (32)      Std. Dev.         Maximum           Rank   100*(1-ave/max) '% load imbalance'
  TaskExec          [seconds] : 0.490689        : 0    : 0.494141        : 0.0019598       : 0.497484        : 25   : 0.671897
  TaskLocalComm     [seconds] : 0.0806587       : 25   : 0.0859417       : 0.00301522      : 0.0918228       : 0    : 6.40489
  TaskWaitCommTime  [seconds] : 0.0283409       : 25   : 0.0302815       : 0.000943669     : 0.0320829       : 5    : 5.61473
  NumberOfTasks     [tasks  ] : 8               : 0    : 8               : 0               : 8               : 0    : 0
  NumberOfPatches   [patches] : 1               : 0    : 1               : 0               : 1               : 0    : 0
  NumberOfCells     [cells  ] : 32768           : 0    : 32768           : 0               : 32768           : 0    : 0
  SCIMemoryUsed     [MBytes ] : 3.05762e+08     : 31   : 3.08166e+08     : 1.14998e+06     : 3.10559e+08     : 27   : 0.770451
  SCIMemoryMaxUsed  [MBytes ] : 3.05762e+08     : 31   : 3.08166e+08     : 1.14998e+06     : 3.10559e+08     : 27   : 0.770451
  MemoryUsed        [MBytes ] : 9.09816e+08     : 2    : 9.21845e+08     : 7.05345e+06     : 9.40528e+08     : 0    : 1.98644
  MemoryResident    [MBytes ] : 3.05762e+08     : 31   : 3.08166e+08     : 1.14998e+06     : 3.10559e+08     : 27   : 0.770451
  Percentage of time spent in overhead : 5.50328

________________________________________________________________________________
--------------------------------------------------------------------------------
MPIStats:+
--------------------------------------------------------------------------------
                Name:       Total:         Avg:         Min:         Max:    Max rank: Hist %% [  Q1 |  Q2 |  Q3 |  Q4 ]:  %%Load Imbalance
         Count: Recv:     1.09e+03           34           34           34           27           100.0   0.0   0.0   0.0     0.0
         Count: Redu:          256            8            8            8           11           100.0   0.0   0.0   0.0     0.0
         Count: Send:     1.09e+03           34           34           34           29           100.0   0.0   0.0   0.0     0.0
         Count: Test:          412         12.9            8           25           31            62.5  12.5   3.1  21.9    48.5
         Count: Wait:     1.92e+03           60           60           60           21           100.0   0.0   0.0   0.0     0.0
          Time: Recv:      4.02 ms     0.126 ms    0.0335 ms     0.324 ms           27            59.4   6.2  18.8  15.6    61.2
          Time: Redu:     0.685 s       21.4 ms     0.405 ms      46.1 ms           25            50.0   0.0  12.5  37.5    53.6
          Time: Send:      67.3 ms       2.1 ms       1.1 ms      3.89 ms           22            34.4  50.0   3.1  12.5    45.9
          Time: Test:     0.847 ms    0.0265 ms  4.74e+03 ns     0.086 ms           25            50.0  37.5   9.4   3.1    69.2
          Time: Wait:     0.235 s       7.35 ms      4.86 ms      9.05 ms           11             6.2  25.0  53.1  15.6    18.8
Volume Recv TOTAL   :       484 MB      15.1 MB      15.1 MB      15.1 MB            0            96.9   0.0   0.0   3.1     0.0
Volume Recv0: <= 64B:           33         1.03            1            2            0            96.9   0.0   0.0   3.1    48.4
Volume Recv1: <= 4KB:          293         9.16            9           14            0            96.9   0.0   0.0   3.1    34.6
Volume Recv2: <= 2MB:          800           25           25           25           12           100.0   0.0   0.0   0.0     0.0
Volume Recv3: >  2MB:           32            1            1            1           20           100.0   0.0   0.0   0.0     0.0
Volume Send TOTAL   :       484 MB      15.1 MB      15.1 MB      15.1 MB            4           100.0   0.0   0.0   0.0     0.0
Volume Send0: <= 64B:           64            2            2            2           24           100.0   0.0   0.0   0.0     0.0
Volume Send1: <= 4KB:          448           14           14           14            8           100.0   0.0   0.0   0.0     0.0
Volume Send2: <= 2MB:          800           25           25           25           16           100.0   0.0   0.0   0.0     0.0
Volume Send3: >  2MB:           32            1            1            1            0           100.0   0.0   0.0   0.0     0.0

Timestep 7       Time=7e-05       Next delT=1e-05       Wall Time=4.51794   EMA=0.574808    Memory Used=308.24 MBs (avg) 310.56 MBs (max on rank: 27    )
Runtime Summary  summary stats for time step 7 at time=7e-05
  Description       Units       Minimum           Rank   Average (32)      Std. Dev.         Maximum           Rank   100*(1-ave/max) '% load imbalance'
  TaskExec          [seconds] : 0.491615        : 14   : 0.494813        : 0.00222822      : 0.499432        : 25   : 0.924941
  TaskLocalComm     [seconds] : 0.0787871       : 24   : 0.0853981       : 0.00343407      : 0.0928959       : 9    : 8.07121
  TaskWaitCommTime  [seconds] : 0.0267152       : 24   : 0.0300169       : 0.00128743      : 0.0322633       : 11   : 6.96279
  NumberOfTasks     [tasks  ] : 8               : 0    : 8               : 0               : 8               : 0    : 0
  NumberOfPatches   [patches] : 1               : 0    : 1               : 0               : 1               : 0    : 0
  NumberOfCells     [cells  ] : 32768           : 0    : 32768           : 0               : 32768           : 0    : 0
  SCIMemoryUsed     [MBytes ] : 3.05762e+08     : 31   : 3.08242e+08     : 1.09422e+06     : 3.10559e+08     : 27   : 0.745845
  SCIMemoryMaxUsed  [MBytes ] : 3.05762e+08     : 31   : 3.08242e+08     : 1.09422e+06     : 3.10559e+08     : 27   : 0.745845
  MemoryUsed        [MBytes ] : 9.09816e+08     : 2    : 9.21845e+08     : 7.05345e+06     : 9.40528e+08     : 0    : 1.98644
  MemoryResident    [MBytes ] : 3.05762e+08     : 31   : 3.08242e+08     : 1.09422e+06     : 3.10559e+08     : 27   : 0.745845
  Percentage of time spent in overhead : 4.71226

________________________________________________________________________________
--------------------------------------------------------------------------------
MPIStats:+
--------------------------------------------------------------------------------
                Name:       Total:         Avg:         Min:         Max:    Max rank: Hist %% [  Q1 |  Q2 |  Q3 |  Q4 ]:  %%Load Imbalance
         Count: Recv:     1.09e+03           34           34           34           27           100.0   0.0   0.0   0.0     0.0
         Count: Redu:          256            8            8            8           11           100.0   0.0   0.0   0.0     0.0
         Count: Send:     1.09e+03           34           34           34           29           100.0   0.0   0.0   0.0     0.0
         Count: Test:          412         12.9            8           25           31            62.5  12.5   3.1  21.9    48.5
         Count: Wait:     1.92e+03           60           60           60           21           100.0   0.0   0.0   0.0     0.0
          Time: Recv:       5.3 ms     0.166 ms    0.0346 ms     0.692 ms           17            65.6  25.0   3.1   6.2    76.1
          Time: Redu:     0.617 s       19.3 ms     0.363 ms      41.2 ms           25            50.0   0.0   6.2  43.8    53.3
          Time: Send:      61.3 ms      1.92 ms     0.764 ms      3.66 ms            3            21.9  53.1  18.8   6.2    47.7
          Time: Test:     0.841 ms    0.0263 ms  4.47e+03 ns     0.067 ms           25            37.5  34.4  18.8   9.4    60.8
          Time: Wait:     0.237 s        7.4 ms       5.9 ms      8.58 ms            9             9.4  28.1  53.1   9.4    13.7
Volume Recv TOTAL   :       484 MB      15.1 MB      15.1 MB      15.1 MB            0            96.9   0.0   0.0   3.1     0.0
Volume Recv0: <= 64B:           33         1.03            1            2            0            96.9   0.0   0.0   3.1    48.4
Volume Recv1: <= 4KB:          293         9.16            9           14            0            96.9   0.0   0.0   3.1    34.6
Volume Recv2: <= 2MB:          800           25           25           25           12           100.0   0.0   0.0   0.0     0.0
Volume Recv3: >  2MB:           32            1            1            1           20           100.0   0.0   0.0   0.0     0.0
Volume Send TOTAL   :       484 MB      15.1 MB      15.1 MB      15.1 MB            4           100.0   0.0   0.0   0.0     0.0
Volume Send0: <= 64B:           64            2            2            2           24           100.0   0.0   0.0   0.0     0.0
Volume Send1: <= 4KB:          448           14           14           14            8           100.0   0.0   0.0   0.0     0.0
Volume Send2: <= 2MB:          800           25           25           25           16           100.0   0.0   0.0   0.0     0.0
Volume Send3: >  2MB:           32            1            1            1            0           100.0   0.0   0.0   0.0     0.0

Timestep 8       Time=8e-05       Next delT=1e-05       Wall Time=5.07482   EMA=0.570824    Memory Used=308.26 MBs (avg) 310.56 MBs (max on rank: 27    )
Runtime Summary  summary stats for time step 8 at time=8e-05
  Description       Units       Minimum           Rank   Average (32)      Std. Dev.         Maximum           Rank   100*(1-ave/max) '% load imbalance'
  TaskExec          [seconds] : 0.489707        : 15   : 0.492905        : 0.00200408      : 0.496447        : 16   : 0.713387
  TaskLocalComm     [seconds] : 0.0799829       : 24   : 0.085614        : 0.00339663      : 0.0910922       : 15   : 6.01392
  TaskWaitCommTime  [seconds] : 0.0278513       : 16   : 0.0301757       : 0.000900076     : 0.0318218       : 4    : 5.17304
  NumberOfTasks     [tasks  ] : 8               : 0    : 8               : 0               : 8               : 0    : 0
  NumberOfPatches   [patches] : 1               : 0    : 1               : 0               : 1               : 0    : 0
  NumberOfCells     [cells  ] : 32768           : 0    : 32768           : 0               : 32768           : 0    : 0
  SCIMemoryUsed     [MBytes ] : 3.05762e+08     : 31   : 3.08264e+08     : 1.0778e+06      : 3.10559e+08     : 27   : 0.738962
  SCIMemoryMaxUsed  [MBytes ] : 3.05762e+08     : 31   : 3.08264e+08     : 1.0778e+06      : 3.10559e+08     : 27   : 0.738962
  MemoryUsed        [MBytes ] : 9.09816e+08     : 2    : 9.21845e+08     : 7.05345e+06     : 9.40528e+08     : 0    : 1.98644
  MemoryResident    [MBytes ] : 3.05762e+08     : 31   : 3.08264e+08     : 1.0778e+06      : 3.10559e+08     : 27   : 0.738962
  Percentage of time spent in overhead : 4.11727

________________________________________________________________________________
--------------------------------------------------------------------------------
MPIStats:+
--------------------------------------------------------------------------------
                Name:       Total:         Avg:         Min:         Max:    Max rank: Hist %% [  Q1 |  Q2 |  Q3 |  Q4 ]:  %%Load Imbalance
         Count: Recv:     1.09e+03           34           34           34           27           100.0   0.0   0.0   0.0     0.0
         Count: Redu:          256            8            8            8           11           100.0   0.0   0.0   0.0     0.0
         Count: Send:     1.09e+03           34           34           34           29           100.0   0.0   0.0   0.0     0.0
         Count: Test:          411         12.8            8           25           31            62.5  12.5   3.1  21.9    48.6
         Count: Wait:     1.92e+03           60           60           60           21           100.0   0.0   0.0   0.0     0.0
          Time: Recv:      4.96 ms     0.155 ms    0.0341 ms     0.462 ms           15            50.0  28.1  15.6   6.2    66.4
          Time: Redu:     0.626 s       19.6 ms     0.183 ms      41.6 ms           25            50.0   0.0   9.4  40.6    53.0
          Time: Send:      56.8 ms      1.78 ms      1.03 ms      3.26 ms            3            43.8  37.5  15.6   3.1    45.6
          Time: Test:     0.832 ms     0.026 ms  4.34e+03 ns     0.061 ms           25            37.5  21.9  28.1  12.5    57.4
          Time: Wait:     0.233 s       7.29 ms      5.09 ms      8.69 ms           24             3.1  28.1  43.8  25.0    16.1
Volume Recv TOTAL   :       484 MB      15.1 MB      15.1 MB      15.1 MB            0            96.9   0.0   0.0   3.1     0.0
Volume Recv0: <= 64B:           33         1.03            1            2            0            96.9   0.0   0.0   3.1    48.4
Volume Recv1: <= 4KB:          293         9.16            9           14            0            96.9   0.0   0.0   3.1    34.6
Volume Recv2: <= 2MB:          800           25           25           25           12           100.0   0.0   0.0   0.0     0.0
Volume Recv3: >  2MB:           32            1            1            1           20           100.0   0.0   0.0   0.0     0.0
Volume Send TOTAL   :       484 MB      15.1 MB      15.1 MB      15.1 MB            4           100.0   0.0   0.0   0.0     0.0
Volume Send0: <= 64B:           64            2            2            2           24           100.0   0.0   0.0   0.0     0.0
Volume Send1: <= 4KB:          448           14           14           14            8           100.0   0.0   0.0   0.0     0.0
Volume Send2: <= 2MB:          800           25           25           25           16           100.0   0.0   0.0   0.0     0.0
Volume Send3: >  2MB:           32            1            1            1            0           100.0   0.0   0.0   0.0     0.0

Timestep 9       Time=9e-05       Next delT=1e-05       Wall Time=5.63183   EMA=0.568061    Memory Used=308.31 MBs (avg) 310.56 MBs (max on rank: 27    )
Runtime Summary  summary stats for time step 9 at time=9e-05
  Description       Units       Minimum           Rank   Average (32)      Std. Dev.         Maximum           Rank   100*(1-ave/max) '% load imbalance'
  TaskExec          [seconds] : 0.490374        : 0    : 0.49297         : 0.00200491      : 0.496296        : 25   : 0.670042
  TaskLocalComm     [seconds] : 0.0804975       : 25   : 0.085365        : 0.00320063      : 0.0904613       : 0    : 5.63369
  TaskWaitCommTime  [seconds] : 0.0282938       : 16   : 0.0300945       : 0.000964587     : 0.0322239       : 24   : 6.60801
  NumberOfTasks     [tasks  ] : 8               : 0    : 8               : 0               : 8               : 0    : 0
  NumberOfPatches   [patches] : 1               : 0    : 1               : 0               : 1               : 0    : 0
  NumberOfCells     [cells  ] : 32768           : 0    : 32768           : 0               : 32768           : 0    : 0
  SCIMemoryUsed     [MBytes ] : 3.05762e+08     : 31   : 3.08314e+08     : 1.08226e+06     : 3.10559e+08     : 27   : 0.722847
  SCIMemoryMaxUsed  [MBytes ] : 3.05762e+08     : 31   : 3.08314e+08     : 1.08226e+06     : 3.10559e+08     : 27   : 0.722847
  MemoryUsed        [MBytes ] : 9.09816e+08     : 2    : 9.21845e+08     : 7.05345e+06     : 9.40528e+08     : 0    : 1.98644
  MemoryResident    [MBytes ] : 3.05762e+08     : 31   : 3.08314e+08     : 1.08226e+06     : 3.10559e+08     : 27   : 0.722847
  Percentage of time spent in overhead : 3.65271

________________________________________________________________________________
--------------------------------------------------------------------------------
MPIStats:+
--------------------------------------------------------------------------------
                Name:       Total:         Avg:         Min:         Max:    Max rank: Hist %% [  Q1 |  Q2 |  Q3 |  Q4 ]:  %%Load Imbalance
         Count: Recv:     1.09e+03           34           34           34           27           100.0   0.0   0.0   0.0     0.0
         Count: Redu:          256            8            8            8           11           100.0   0.0   0.0   0.0     0.0
         Count: Send:     1.09e+03           34           34           34           29           100.0   0.0   0.0   0.0     0.0
         Count: Test:          412         12.9            8           25           31            62.5  12.5   3.1  21.9    48.5
         Count: Wait:     1.92e+03           60           60           60           21           100.0   0.0   0.0   0.0     0.0
          Time: Recv:      4.65 ms     0.145 ms    0.0342 ms     0.577 ms            7            65.6  21.9   9.4   3.1    74.8
          Time: Redu:     0.652 s       20.4 ms     0.168 ms      47.9 ms           25            50.0   0.0  25.0  25.0    57.5
          Time: Send:      49.3 ms      1.54 ms     0.388 ms      3.69 ms           18            31.2  53.1  12.5   3.1    58.3
          Time: Test:     0.834 ms    0.0261 ms  4.37e+03 ns    0.0896 ms           25            56.2  31.2   6.2   6.2    70.9
          Time: Wait:      0.23 s       7.19 ms      4.95 ms      8.94 ms           10             3.1  34.4  46.9  15.6    19.6
Volume Recv TOTAL   :       484 MB      15.1 MB      15.1 MB      15.1 MB            0            96.9   0.0   0.0   3.1     0.0
Volume Recv0: <= 64B:           33         1.03            1            2            0            96.9   0.0   0.0   3.1    48.4
Volume Recv1: <= 4KB:          293         9.16            9           14            0            96.9   0.0   0.0   3.1    34.6
Volume Recv2: <= 2MB:          800           25           25           25           12           100.0   0.0   0.0   0.0     0.0
Volume Recv3: >  2MB:           32            1            1            1           20           100.0   0.0   0.0   0.0     0.0
Volume Send TOTAL   :       484 MB      15.1 MB      15.1 MB      15.1 MB            4           100.0   0.0   0.0   0.0     0.0
Volume Send0: <= 64B:           64            2            2            2           24           100.0   0.0   0.0   0.0     0.0
Volume Send1: <= 4KB:          448           14           14           14            8           100.0   0.0   0.0   0.0     0.0
Volume Send2: <= 2MB:          800           25           25           25           16           100.0   0.0   0.0   0.0     0.0
Volume Send3: >  2MB:           32            1            1            1            0           100.0   0.0   0.0   0.0     0.0

Timestep 10      Time=0.0001      Next delT=1e-05       Wall Time=6.1893    EMA=0.566136    Memory Used=308.42 MBs (avg) 310.83 MBs (max on rank: 27    )
Runtime Summary  summary stats for time step 10 at time=0.0001
  Description       Units       Minimum           Rank   Average (32)      Std. Dev.         Maximum           Rank   100*(1-ave/max) '% load imbalance'
  TaskExec          [seconds] : 0.481885        : 23   : 0.493262        : 0.00411541      : 0.499922        : 25   : 1.3321
  TaskLocalComm     [seconds] : 0.0805436       : 24   : 0.0865683       : 0.00498128      : 0.101239        : 27   : 14.4914
  TaskWaitCommTime  [seconds] : 0.0257456       : 25   : 0.0294749       : 0.00178823      : 0.0316065       : 3    : 6.7443
  NumberOfTasks     [tasks  ] : 8               : 0    : 8               : 0               : 8               : 0    : 0
  NumberOfPatches   [patches] : 1               : 0    : 1               : 0               : 1               : 0    : 0
  NumberOfCells     [cells  ] : 32768           : 0    : 32768           : 0               : 32768           : 0    : 0
  SCIMemoryUsed     [MBytes ] : 3.06033e+08     : 31   : 3.08422e+08     : 1.10646e+06     : 3.10829e+08     : 27   : 0.774435
  SCIMemoryMaxUsed  [MBytes ] : 3.06033e+08     : 31   : 3.08422e+08     : 1.10646e+06     : 3.10829e+08     : 27   : 0.774435
  MemoryUsed        [MBytes ] : 9.09816e+08     : 2    : 9.21845e+08     : 7.05345e+06     : 9.40528e+08     : 0    : 1.98644
  MemoryResident    [MBytes ] : 3.06033e+08     : 31   : 3.08422e+08     : 1.10646e+06     : 3.10829e+08     : 27   : 0.774435
  Percentage of time spent in overhead : 3.27921
Sus: going down successfully
