Parallel: 256 MPI processes (using MPI)
Parallel: MPI Level Required: 0, provided: 0
Date:       Thu Aug 25 15:19:15 2022
Machine:    notch178
git branch:wasatch-low-cost-integ-cmake
git date:   Sat Jul 30 10:34:22 2022 -0600
git hash:   9315f9f96fa6304db4fe79378b145f37ea40016d
Assertion level: 0
CFLAGS:          
CXXFLAGS:        
______________________________________________________________________
Application Component: 	'wasatch'

-------------------------------------------------------------
Wasatch was built against:
  SpatialOps HASH: bd7a2bac76e42e2cb528b02e2cf1291d05c71926
             DATE: Fri Nov 12 11:34:54 2021 -0700
     ExprLib HASH: d2950c77edb22e5f3669ddaaf2d2ed29ceb24d2c
             DATE: Thu Aug 5 12:26:26 2021 -0600
    TabProps HASH: eca0dc5f26b20d4f6b1cebe51b1ae97e11871e83
             DATE: Wed Aug 11 20:11:26 2021 -0600
-------------------------------------------------------------

Linear Solver: 		hypre
Load Balancer: 		Simple
Scheduler: 		MPI
Patch layout: 		(8,8,4)
Grid statistics:
Number of levels:		1
Level 0:
  Periodic boundaries:		[int 1, 1, 1]
  Number of patches:		256
  Total number of cells:	8388608 (32768 avg. per patch)
Total patches in grid:		256
Total cells in grid:		8388608 (32768 avg. per patch)

Using small, individual MPI messages (no message combining)
Detected solver: hypre
SETTING UP CONVECTIVE FLUX EXPRESSION IN X DIRECTION USING CENTRAL
SETTING UP CONVECTIVE FLUX EXPRESSION IN Y DIRECTION USING CENTRAL
SETTING UP CONVECTIVE FLUX EXPRESSION IN Z DIRECTION USING CENTRAL
Setting initial conditions for scalability test equation: scalability0
SETTING UP CONVECTIVE FLUX EXPRESSION IN X DIRECTION USING CENTRAL
SETTING UP CONVECTIVE FLUX EXPRESSION IN Y DIRECTION USING CENTRAL
SETTING UP CONVECTIVE FLUX EXPRESSION IN Z DIRECTION USING CENTRAL
Setting initial conditions for scalability test equation: scalability1
SETTING UP CONVECTIVE FLUX EXPRESSION IN X DIRECTION USING CENTRAL
SETTING UP CONVECTIVE FLUX EXPRESSION IN Y DIRECTION USING CENTRAL
SETTING UP CONVECTIVE FLUX EXPRESSION IN Z DIRECTION USING CENTRAL
Setting initial conditions for scalability test equation: scalability2
SETTING UP CONVECTIVE FLUX EXPRESSION IN X DIRECTION USING CENTRAL
SETTING UP CONVECTIVE FLUX EXPRESSION IN Y DIRECTION USING CENTRAL
SETTING UP CONVECTIVE FLUX EXPRESSION IN Z DIRECTION USING CENTRAL
Setting initial conditions for scalability test equation: scalability3
SETTING UP CONVECTIVE FLUX EXPRESSION IN X DIRECTION USING CENTRAL
SETTING UP CONVECTIVE FLUX EXPRESSION IN Y DIRECTION USING CENTRAL
SETTING UP CONVECTIVE FLUX EXPRESSION IN Z DIRECTION USING CENTRAL
Setting initial conditions for scalability test equation: scalability4
SETTING UP CONVECTIVE FLUX EXPRESSION IN X DIRECTION USING CENTRAL
SETTING UP CONVECTIVE FLUX EXPRESSION IN Y DIRECTION USING CENTRAL
SETTING UP CONVECTIVE FLUX EXPRESSION IN Z DIRECTION USING CENTRAL
Setting initial conditions for scalability test equation: scalability5
SETTING UP CONVECTIVE FLUX EXPRESSION IN X DIRECTION USING CENTRAL
SETTING UP CONVECTIVE FLUX EXPRESSION IN Y DIRECTION USING CENTRAL
SETTING UP CONVECTIVE FLUX EXPRESSION IN Z DIRECTION USING CENTRAL
Setting initial conditions for scalability test equation: scalability6
SETTING UP CONVECTIVE FLUX EXPRESSION IN X DIRECTION USING CENTRAL
SETTING UP CONVECTIVE FLUX EXPRESSION IN Y DIRECTION USING CENTRAL
SETTING UP CONVECTIVE FLUX EXPRESSION IN Z DIRECTION USING CENTRAL
Setting initial conditions for scalability test equation: scalability7
SETTING UP CONVECTIVE FLUX EXPRESSION IN X DIRECTION USING CENTRAL
SETTING UP CONVECTIVE FLUX EXPRESSION IN Y DIRECTION USING CENTRAL
SETTING UP CONVECTIVE FLUX EXPRESSION IN Z DIRECTION USING CENTRAL
Setting initial conditions for scalability test equation: scalability8
SETTING UP CONVECTIVE FLUX EXPRESSION IN X DIRECTION USING CENTRAL
SETTING UP CONVECTIVE FLUX EXPRESSION IN Y DIRECTION USING CENTRAL
SETTING UP CONVECTIVE FLUX EXPRESSION IN Z DIRECTION USING CENTRAL
Setting initial conditions for scalability test equation: scalability9
------------------------------------------------
No BoundaryConditions specified
  This message will only occur once

Compiling initialization taskgraph.
------------------------------------------------
SETTING INITIAL BOUNDARY CONDITIONS:
------------------------------------------------
Setting Initial BCs for transport equation 'scalability0'
Setting Initial BCs for transport equation 'scalability1'
Setting Initial BCs for transport equation 'scalability2'
Setting Initial BCs for transport equation 'scalability3'
Setting Initial BCs for transport equation 'scalability4'
Setting Initial BCs for transport equation 'scalability5'
Setting Initial BCs for transport equation 'scalability6'
Setting Initial BCs for transport equation 'scalability7'
Setting Initial BCs for transport equation 'scalability8'
Setting Initial BCs for transport equation 'scalability9'
------------------------------------------------
Wasatch: done creating initialization task(s)
Scheduling Task 'compute timestep' COMPUTES 'delT' in NEW data warehouse
Wasatch: done creating timestep task(s)
Done with taskgraph compile (0.000365162 seconds)
Warning: addContribution not implemented for LoadBalancerCommon.
WARNING at time step 0 and sim time 0 : lowering the next delT from 1 to the maximum: 1e-05

________________________________________________________________________________
--------------------------------------------------------------------------------
MPIStats:+
--------------------------------------------------------------------------------
                Name:       Total:         Avg:         Min:         Max:    Max rank: Hist %% [  Q1 |  Q2 |  Q3 |  Q4 ]:  %%Load Imbalance
         Count: Comm:          256            1            1            1          254           100.0   0.0   0.0   0.0     0.0
         Count: Gath:          512            2            2            2          254           100.0   0.0   0.0   0.0     0.0
         Count: Redu:          256            1            1            1          254           100.0   0.0   0.0   0.0     0.0
          Time: Comm:     0.913 s       3.56 ms      2.46 ms      5.06 ms          210            32.4  23.4  34.8   9.4    29.6
          Time: Gath:      5.87 s       22.9 ms      11.9 ms      32.8 ms           70            27.7  22.7  13.3  36.3    30.1
          Time: Redu:      2.96 s       11.5 ms     0.067 ms      19.8 ms          223            11.7  22.3  44.9  21.1    41.6
Volume Recv TOTAL   :       666 KB       2.6 KB       2.6 KB       2.6 KB          254           100.0   0.0   0.0   0.0     0.0
Volume Recv0: <= 64B:          256            1            1            1          254           100.0   0.0   0.0   0.0     0.0
Volume Recv1: <= 4KB:          512            2            2            2          254           100.0   0.0   0.0   0.0     0.0
Volume Send TOTAL   :      68.6 KB    274.375 B        273 B        277 B           86            65.6   0.0   0.0  34.4     0.9
Volume Send0: <= 64B:          512            2            2            2          254           100.0   0.0   0.0   0.0     0.0
Volume Send1: <= 4KB:          256            1            1            1          254           100.0   0.0   0.0   0.0     0.0


Simulation and run time stats are reported at the end of each time step
EMA == Wall time as an exponential moving average using a window of the last 10 time steps
Timestep 0       Time=0           Next delT=1e-05       Wall Time=0.129302  EMA=0.12886     Memory Used=118.26 MBs (avg) 119.00 MBs (max on rank: 159   )
Warning: finalizeContributions not implemented for LoadBalancerCommon.
Warning: resetCostForecaster not implemented for LoadBalancerCommon.
Compiling taskgraph(s)...
------------------------------------------------
SETTING BOUNDARY CONDITIONS:
------------------------------------------------
Setting BCs for transport equation 'scalability0'
Setting BCs for transport equation 'scalability1'
Setting BCs for transport equation 'scalability2'
Setting BCs for transport equation 'scalability3'
Setting BCs for transport equation 'scalability4'
Setting BCs for transport equation 'scalability5'
Setting BCs for transport equation 'scalability6'
Setting BCs for transport equation 'scalability7'
Setting BCs for transport equation 'scalability8'
Setting BCs for transport equation 'scalability9'
------------------------------------------------
Wasatch: done creating solution task(s)
Wasatch: done creating post-processing task(s)
Scheduling Task 'compute timestep' COMPUTES 'delT' in NEW data warehouse
Wasatch: done creating timestep task(s)
Done with taskgraph compile (0.0295011 seconds)

________________________________________________________________________________
--------------------------------------------------------------------------------
MPIStats:+
--------------------------------------------------------------------------------
                Name:       Total:         Avg:         Min:         Max:    Max rank: Hist %% [  Q1 |  Q2 |  Q3 |  Q4 ]:  %%Load Imbalance
         Count: Recv:     6.66e+03           26           26           26          254           100.0   0.0   0.0   0.0     0.0
         Count: Redu:     2.05e+03            8            8            8          254           100.0   0.0   0.0   0.0     0.0
         Count: Send:     6.66e+03           26           26           26          254           100.0   0.0   0.0   0.0     0.0
         Count: Test:     1.61e+03          6.3            6           12          255            93.0   5.5   0.4   1.2    47.5
         Count: Wait:     1.18e+04           46           46           46          254           100.0   0.0   0.0   0.0     0.0
          Time: Recv:      3.25 ms    0.0127 ms   9.2e+03 ns    0.0364 ms          127            89.8   9.0   0.8   0.4    65.1
          Time: Redu:      2.53 s       9.87 ms     0.396 ms      16.8 ms          190             5.5  33.2  35.2  26.2    41.4
          Time: Send:     0.236 s      0.924 ms     0.717 ms      1.42 ms            7            41.0  56.2   1.2   1.6    35.1
          Time: Test:      2.45 ms  9.56e+03 ns  4.23e+03 ns    0.0782 ms          255            93.8   4.3   0.4   1.6    87.8
          Time: Wait:      1.19 s       4.63 ms     0.376 ms      12.4 ms          142            30.9  41.0  24.2   3.9    62.8
Volume Recv TOTAL   :       128 MB       511 KB       511 KB       513 KB            0            99.6   0.0   0.0   0.4     0.4
Volume Recv0: <= 64B:          257            1            1            2            0            99.6   0.0   0.0   0.4    49.8
Volume Recv1: <= 4KB:     5.38e+03           21           21           26            0            99.6   0.0   0.0   0.4    19.2
Volume Recv2: <= 2MB:     1.54e+03            6            6            6          254           100.0   0.0   0.0   0.0     0.0
Volume Send TOTAL   :       128 MB       513 KB       513 KB       513 KB          254           100.0   0.0   0.0   0.0     0.0
Volume Send0: <= 64B:          512            2            2            2          254           100.0   0.0   0.0   0.0     0.0
Volume Send1: <= 4KB:     6.66e+03           26           26           26          254           100.0   0.0   0.0   0.0     0.0
Volume Send2: <= 2MB:     1.54e+03            6            6            6          254           100.0   0.0   0.0   0.0     0.0

Timestep 1       Time=1e-05       Next delT=1e-05       Wall Time=0.220903  EMA=0.0915374   Memory Used=123.60 MBs (avg) 127.05 MBs (max on rank: 5     )
Runtime Summary  summary stats for time step 1 at time=1e-05
  Description       Units       Minimum           Rank   Average (256)     Std. Dev.         Maximum           Rank   100*(1-ave/max) '% load imbalance'
  Compilation       [seconds] : 0.0171063       : 128  : 0.020943        : 0.00301307      : 0.0295011       : 0    : 29.0096
  TaskExec          [seconds] : 0.0595204       : 224  : 0.0644576       : 0.00280836      : 0.0708222       : 164  : 8.98673
  TaskLocalComm     [seconds] : 0.00211986      : 86   : 0.00262027      : 0.000228977     : 0.00387335      : 251  : 32.3513
  TaskWaitCommTime  [seconds] : 0.000589172     : 118  : 0.00489133      : 0.0028          : 0.0127518       : 142  : 61.6422
  NumberOfTasks     [tasks  ] : 6               : 0    : 6               : 0               : 6               : 0    : 0
  NumberOfPatches   [patches] : 1               : 0    : 1               : 0               : 1               : 0    : 0
  NumberOfCells     [cells  ] : 32768           : 0    : 32768           : 0               : 32768           : 0    : 0
  SCIMemoryUsed     [MBytes ] : 1.22671e+08     : 197  : 1.23604e+08     : 338457          : 1.27054e+08     : 5    : 2.71554
  SCIMemoryMaxUsed  [MBytes ] : 1.22671e+08     : 197  : 1.23604e+08     : 338457          : 1.27054e+08     : 5    : 2.71554
  MemoryUsed        [MBytes ] : 6.42265e+08     : 65   : 6.55604e+08     : 4.55588e+06     : 6.72338e+08     : 96   : 2.48894
  MemoryResident    [MBytes ] : 1.22671e+08     : 197  : 1.23604e+08     : 338457          : 1.27054e+08     : 5    : 2.71554
  Percentage of time spent in overhead : 22.5406

________________________________________________________________________________
--------------------------------------------------------------------------------
MPIStats:+
--------------------------------------------------------------------------------
                Name:       Total:         Avg:         Min:         Max:    Max rank: Hist %% [  Q1 |  Q2 |  Q3 |  Q4 ]:  %%Load Imbalance
         Count: Recv:     6.66e+03           26           26           26          254           100.0   0.0   0.0   0.0     0.0
         Count: Redu:     2.05e+03            8            8            8          254           100.0   0.0   0.0   0.0     0.0
         Count: Send:     6.66e+03           26           26           26          254           100.0   0.0   0.0   0.0     0.0
         Count: Test:     1.62e+03         6.32            6           13          255            91.8   6.6   1.2   0.4    51.4
         Count: Wait:     1.18e+04           46           46           46          254           100.0   0.0   0.0   0.0     0.0
          Time: Recv:      3.17 ms    0.0124 ms  7.28e+03 ns    0.0537 ms          253            90.6   6.2   1.6   1.6    77.0
          Time: Redu:      2.22 s       8.66 ms     0.327 ms      16.3 ms          174            12.5  28.5  44.1  14.8    46.8
          Time: Send:      35.5 ms     0.139 ms    0.0843 ms     0.292 ms          149            71.9   8.2  12.1   7.8    52.5
          Time: Test:      1.48 ms  5.79e+03 ns  1.87e+03 ns     0.043 ms          243            89.5   7.8   2.0   0.8    86.5
          Time: Wait:      0.21 s      0.819 ms     0.237 ms      1.72 ms          160            22.3  53.9  18.4   5.5    52.3
Volume Recv TOTAL   :       128 MB       511 KB       511 KB       513 KB            0            99.6   0.0   0.0   0.4     0.4
Volume Recv0: <= 64B:          257            1            1            2            0            99.6   0.0   0.0   0.4    49.8
Volume Recv1: <= 4KB:     5.38e+03           21           21           26            0            99.6   0.0   0.0   0.4    19.2
Volume Recv2: <= 2MB:     1.54e+03            6            6            6          254           100.0   0.0   0.0   0.0     0.0
Volume Send TOTAL   :       128 MB       513 KB       513 KB       513 KB          254           100.0   0.0   0.0   0.0     0.0
Volume Send0: <= 64B:          512            2            2            2          254           100.0   0.0   0.0   0.0     0.0
Volume Send1: <= 4KB:     6.66e+03           26           26           26          254           100.0   0.0   0.0   0.0     0.0
Volume Send2: <= 2MB:     1.54e+03            6            6            6          254           100.0   0.0   0.0   0.0     0.0

Timestep 2       Time=2e-05       Next delT=1e-05       Wall Time=0.255051  EMA=0.0532777   Memory Used=126.32 MBs (avg) 129.72 MBs (max on rank: 5     )
Runtime Summary  summary stats for time step 2 at time=2e-05
  Description       Units       Minimum           Rank   Average (256)     Std. Dev.         Maximum           Rank   100*(1-ave/max) '% load imbalance'
  TaskExec          [seconds] : 0.0303306       : 40   : 0.0312607       : 0.000254842     : 0.0319128       : 190  : 2.04347
  TaskLocalComm     [seconds] : 0.00175688      : 190  : 0.00225563      : 0.000383244     : 0.00341498      : 221  : 33.949
  TaskWaitCommTime  [seconds] : 0.000571392     : 221  : 0.00114188      : 0.000289108     : 0.00202321      : 1    : 43.561
  NumberOfTasks     [tasks  ] : 6               : 0    : 6               : 0               : 6               : 0    : 0
  NumberOfPatches   [patches] : 1               : 0    : 1               : 0               : 1               : 0    : 0
  NumberOfCells     [cells  ] : 32768           : 0    : 32768           : 0               : 32768           : 0    : 0
  SCIMemoryUsed     [MBytes ] : 1.25452e+08     : 197  : 1.26324e+08     : 338335          : 1.29716e+08     : 5    : 2.61485
  SCIMemoryMaxUsed  [MBytes ] : 1.25452e+08     : 197  : 1.26324e+08     : 338335          : 1.29716e+08     : 5    : 2.61485
  MemoryUsed        [MBytes ] : 6.44784e+08     : 65   : 6.58079e+08     : 4.55692e+06     : 6.74681e+08     : 96   : 2.46066
  MemoryResident    [MBytes ] : 1.25452e+08     : 197  : 1.26324e+08     : 338335          : 1.29716e+08     : 5    : 2.61485
  Percentage of time spent in overhead : 11.2702

________________________________________________________________________________
--------------------------------------------------------------------------------
MPIStats:+
--------------------------------------------------------------------------------
                Name:       Total:         Avg:         Min:         Max:    Max rank: Hist %% [  Q1 |  Q2 |  Q3 |  Q4 ]:  %%Load Imbalance
         Count: Recv:     6.66e+03           26           26           26          254           100.0   0.0   0.0   0.0     0.0
         Count: Redu:     2.05e+03            8            8            8          254           100.0   0.0   0.0   0.0     0.0
         Count: Send:     6.66e+03           26           26           26          254           100.0   0.0   0.0   0.0     0.0
         Count: Test:     1.62e+03         6.31            6           12          255            92.2   6.2   0.4   1.2    47.4
         Count: Wait:     1.18e+04           46           46           46          254           100.0   0.0   0.0   0.0     0.0
          Time: Recv:      3.32 ms     0.013 ms  8.25e+03 ns    0.0737 ms          189            93.8   5.1   0.8   0.4    82.4
          Time: Redu:      2.25 s       8.78 ms      0.32 ms      16.6 ms          174             9.4  34.8  42.6  13.3    47.1
          Time: Send:      26.2 ms     0.102 ms    0.0815 ms     0.252 ms           21            94.9   3.9   0.4   0.8    59.4
          Time: Test:      1.56 ms  6.08e+03 ns  1.94e+03 ns    0.0335 ms          253            83.6   9.4   5.1   2.0    81.8
          Time: Wait:     0.205 s      0.799 ms     0.239 ms      1.79 ms          225            23.0  59.4  14.5   3.1    55.2
Volume Recv TOTAL   :       128 MB       511 KB       511 KB       513 KB            0            99.6   0.0   0.0   0.4     0.4
Volume Recv0: <= 64B:          257            1            1            2            0            99.6   0.0   0.0   0.4    49.8
Volume Recv1: <= 4KB:     5.38e+03           21           21           26            0            99.6   0.0   0.0   0.4    19.2
Volume Recv2: <= 2MB:     1.54e+03            6            6            6          254           100.0   0.0   0.0   0.0     0.0
Volume Send TOTAL   :       128 MB       513 KB       513 KB       513 KB          254           100.0   0.0   0.0   0.0     0.0
Volume Send0: <= 64B:          512            2            2            2          254           100.0   0.0   0.0   0.0     0.0
Volume Send1: <= 4KB:     6.66e+03           26           26           26          254           100.0   0.0   0.0   0.0     0.0
Volume Send2: <= 2MB:     1.54e+03            6            6            6          254           100.0   0.0   0.0   0.0     0.0

Timestep 3       Time=3e-05       Next delT=1e-05       Wall Time=0.288049  EMA=0.043138    Memory Used=129.56 MBs (avg) 130.24 MBs (max on rank: 196   )
Runtime Summary  summary stats for time step 3 at time=3e-05
  Description       Units       Minimum           Rank   Average (256)     Std. Dev.         Maximum           Rank   100*(1-ave/max) '% load imbalance'
  TaskExec          [seconds] : 0.0293203       : 225  : 0.0301332       : 0.000226969     : 0.0307374       : 190  : 1.96565
  TaskLocalComm     [seconds] : 0.00177429      : 190  : 0.00223479      : 0.000355066     : 0.00339341      : 30   : 34.1431
  TaskWaitCommTime  [seconds] : 0.000575033     : 0    : 0.00112819      : 0.000265623     : 0.00219162      : 225  : 48.5225
  NumberOfTasks     [tasks  ] : 6               : 0    : 6               : 0               : 6               : 0    : 0
  NumberOfPatches   [patches] : 1               : 0    : 1               : 0               : 1               : 0    : 0
  NumberOfCells     [cells  ] : 32768           : 0    : 32768           : 0               : 32768           : 0    : 0
  SCIMemoryUsed     [MBytes ] : 1.27914e+08     : 5    : 1.29563e+08     : 288163          : 1.30236e+08     : 196  : 0.517275
  SCIMemoryMaxUsed  [MBytes ] : 1.27914e+08     : 5    : 1.29563e+08     : 288163          : 1.30236e+08     : 196  : 0.517275
  MemoryUsed        [MBytes ] : 6.4793e+08      : 65   : 6.61205e+08     : 4.55535e+06     : 6.77822e+08     : 32   : 2.45164
  MemoryResident    [MBytes ] : 1.27914e+08     : 5    : 1.29563e+08     : 288163          : 1.30236e+08     : 196  : 0.517275
  Percentage of time spent in overhead : 7.51295

________________________________________________________________________________
--------------------------------------------------------------------------------
MPIStats:+
--------------------------------------------------------------------------------
                Name:       Total:         Avg:         Min:         Max:    Max rank: Hist %% [  Q1 |  Q2 |  Q3 |  Q4 ]:  %%Load Imbalance
         Count: Recv:     6.66e+03           26           26           26          254           100.0   0.0   0.0   0.0     0.0
         Count: Redu:     2.05e+03            8            8            8          254           100.0   0.0   0.0   0.0     0.0
         Count: Send:     6.66e+03           26           26           26          254           100.0   0.0   0.0   0.0     0.0
         Count: Test:     1.62e+03         6.31            6           12          255            92.2   5.9   0.8   1.2    47.4
         Count: Wait:     1.18e+04           46           46           46          254           100.0   0.0   0.0   0.0     0.0
          Time: Recv:      3.03 ms    0.0118 ms  7.65e+03 ns    0.0593 ms          253            93.8   4.3   1.6   0.4    80.0
          Time: Redu:      2.15 s       8.38 ms     0.341 ms      16.6 ms          190             7.4  52.7  29.7  10.2    49.4
          Time: Send:      27.2 ms     0.106 ms    0.0806 ms     0.312 ms          250            96.9   2.0   0.4   0.8    65.9
          Time: Test:      1.48 ms  5.78e+03 ns  1.68e+03 ns     0.032 ms           61            82.8  11.3   4.7   1.2    81.9
          Time: Wait:     0.223 s      0.872 ms     0.207 ms      1.95 ms           40            17.2  64.5  15.6   2.7    55.4
Volume Recv TOTAL   :       128 MB       511 KB       511 KB       513 KB            0            99.6   0.0   0.0   0.4     0.4
Volume Recv0: <= 64B:          257            1            1            2            0            99.6   0.0   0.0   0.4    49.8
Volume Recv1: <= 4KB:     5.38e+03           21           21           26            0            99.6   0.0   0.0   0.4    19.2
Volume Recv2: <= 2MB:     1.54e+03            6            6            6          254           100.0   0.0   0.0   0.0     0.0
Volume Send TOTAL   :       128 MB       513 KB       513 KB       513 KB          254           100.0   0.0   0.0   0.0     0.0
Volume Send0: <= 64B:          512            2            2            2          254           100.0   0.0   0.0   0.0     0.0
Volume Send1: <= 4KB:     6.66e+03           26           26           26          254           100.0   0.0   0.0   0.0     0.0
Volume Send2: <= 2MB:     1.54e+03            6            6            6          254           100.0   0.0   0.0   0.0     0.0

Timestep 4       Time=4e-05       Next delT=1e-05       Wall Time=0.319938  EMA=0.0386391   Memory Used=127.30 MBs (avg) 129.92 MBs (max on rank: 5     )
Runtime Summary  summary stats for time step 4 at time=4e-05
  Description       Units       Minimum           Rank   Average (256)     Std. Dev.         Maximum           Rank   100*(1-ave/max) '% load imbalance'
  TaskExec          [seconds] : 0.0279718       : 40   : 0.0289178       : 0.000232633     : 0.0296717       : 61   : 2.54106
  TaskLocalComm     [seconds] : 0.00184223      : 41   : 0.00224661      : 0.000355325     : 0.00355329      : 147  : 36.7738
  TaskWaitCommTime  [seconds] : 0.000574502     : 204  : 0.00119709      : 0.000286072     : 0.00232296      : 40   : 48.4672
  NumberOfTasks     [tasks  ] : 6               : 0    : 6               : 0               : 6               : 0    : 0
  NumberOfPatches   [patches] : 1               : 0    : 1               : 0               : 1               : 0    : 0
  NumberOfCells     [cells  ] : 32768           : 0    : 32768           : 0               : 32768           : 0    : 0
  SCIMemoryUsed     [MBytes ] : 1.25616e+08     : 161  : 1.273e+08       : 691725          : 1.29917e+08     : 5    : 2.01406
  SCIMemoryMaxUsed  [MBytes ] : 1.25616e+08     : 161  : 1.273e+08       : 691725          : 1.29917e+08     : 5    : 2.01406
  MemoryUsed        [MBytes ] : 6.46042e+08     : 65   : 6.58831e+08     : 4.57158e+06     : 6.75938e+08     : 96   : 2.53092
  MemoryResident    [MBytes ] : 1.25616e+08     : 161  : 1.273e+08       : 691725          : 1.29917e+08     : 5    : 2.01406
  Percentage of time spent in overhead : 5.63357

________________________________________________________________________________
--------------------------------------------------------------------------------
MPIStats:+
--------------------------------------------------------------------------------
                Name:       Total:         Avg:         Min:         Max:    Max rank: Hist %% [  Q1 |  Q2 |  Q3 |  Q4 ]:  %%Load Imbalance
         Count: Recv:     6.66e+03           26           26           26          254           100.0   0.0   0.0   0.0     0.0
         Count: Redu:     2.05e+03            8            8            8          254           100.0   0.0   0.0   0.0     0.0
         Count: Send:     6.66e+03           26           26           26          254           100.0   0.0   0.0   0.0     0.0
         Count: Test:     1.61e+03          6.3            6           12          255            92.6   5.9   0.4   1.2    47.5
         Count: Wait:     1.18e+04           46           46           46          254           100.0   0.0   0.0   0.0     0.0
          Time: Recv:      3.56 ms    0.0139 ms  8.29e+03 ns     0.138 ms          180            98.0   0.8   0.0   1.2    89.9
          Time: Redu:      2.03 s       7.94 ms     0.363 ms      14.3 ms          110             5.1  27.0  59.0   9.0    44.6
          Time: Send:      33.8 ms     0.132 ms    0.0842 ms      0.49 ms          124            88.3   6.6   3.1   2.0    73.1
          Time: Test:      1.61 ms  6.29e+03 ns   1.8e+03 ns    0.0477 ms          199            89.8   7.0   2.3   0.8    86.8
          Time: Wait:     0.235 s      0.916 ms     0.234 ms      1.85 ms          180            20.3  38.7  36.7   4.3    50.4
Volume Recv TOTAL   :       128 MB       511 KB       511 KB       513 KB            0            99.6   0.0   0.0   0.4     0.4
Volume Recv0: <= 64B:          257            1            1            2            0            99.6   0.0   0.0   0.4    49.8
Volume Recv1: <= 4KB:     5.38e+03           21           21           26            0            99.6   0.0   0.0   0.4    19.2
Volume Recv2: <= 2MB:     1.54e+03            6            6            6          254           100.0   0.0   0.0   0.0     0.0
Volume Send TOTAL   :       128 MB       513 KB       513 KB       513 KB          254           100.0   0.0   0.0   0.0     0.0
Volume Send0: <= 64B:          512            2            2            2          254           100.0   0.0   0.0   0.0     0.0
Volume Send1: <= 4KB:     6.66e+03           26           26           26          254           100.0   0.0   0.0   0.0     0.0
Volume Send2: <= 2MB:     1.54e+03            6            6            6          254           100.0   0.0   0.0   0.0     0.0

Timestep 5       Time=5e-05       Next delT=1e-05       Wall Time=0.352354  EMA=0.0365615   Memory Used=129.77 MBs (avg) 130.49 MBs (max on rank: 224   )
Runtime Summary  summary stats for time step 5 at time=5e-05
  Description       Units       Minimum           Rank   Average (256)     Std. Dev.         Maximum           Rank   100*(1-ave/max) '% load imbalance'
  TaskExec          [seconds] : 0.0283481       : 180  : 0.029349        : 0.000259011     : 0.0300872       : 110  : 2.45347
  TaskLocalComm     [seconds] : 0.00200977      : 190  : 0.0025949       : 0.000352645     : 0.00367115      : 204  : 29.3166
  TaskWaitCommTime  [seconds] : 0.000577983     : 204  : 0.0012483       : 0.000307228     : 0.002331        : 180  : 46.4482
  NumberOfTasks     [tasks  ] : 6               : 0    : 6               : 0               : 6               : 0    : 0
  NumberOfPatches   [patches] : 1               : 0    : 1               : 0               : 1               : 0    : 0
  NumberOfCells     [cells  ] : 32768           : 0    : 32768           : 0               : 32768           : 0    : 0
  SCIMemoryUsed     [MBytes ] : 1.28119e+08     : 5    : 1.29768e+08     : 290705          : 1.30486e+08     : 224  : 0.550139
  SCIMemoryMaxUsed  [MBytes ] : 1.28119e+08     : 5    : 1.29768e+08     : 290705          : 1.30486e+08     : 224  : 0.550139
  MemoryUsed        [MBytes ] : 6.4793e+08      : 65   : 6.61205e+08     : 4.55535e+06     : 6.77822e+08     : 32   : 2.45164
  MemoryResident    [MBytes ] : 1.28119e+08     : 5    : 1.29768e+08     : 290705          : 1.30486e+08     : 224  : 0.550139
  Percentage of time spent in overhead : 4.50502

________________________________________________________________________________
--------------------------------------------------------------------------------
MPIStats:+
--------------------------------------------------------------------------------
                Name:       Total:         Avg:         Min:         Max:    Max rank: Hist %% [  Q1 |  Q2 |  Q3 |  Q4 ]:  %%Load Imbalance
         Count: Recv:     6.66e+03           26           26           26          254           100.0   0.0   0.0   0.0     0.0
         Count: Redu:     2.05e+03            8            8            8          254           100.0   0.0   0.0   0.0     0.0
         Count: Send:     6.66e+03           26           26           26          254           100.0   0.0   0.0   0.0     0.0
         Count: Test:     1.62e+03         6.31            6           12          255            92.6   5.5   0.8   1.2    47.4
         Count: Wait:     1.18e+04           46           46           46          254           100.0   0.0   0.0   0.0     0.0
          Time: Recv:       2.9 ms    0.0113 ms  7.87e+03 ns    0.0368 ms           62            87.5   9.0   2.3   1.2    69.2
          Time: Redu:      1.73 s       6.75 ms     0.218 ms      13.5 ms          158             3.1  54.7  37.9   4.3    50.2
          Time: Send:      30.5 ms     0.119 ms    0.0796 ms     0.356 ms           94            83.6  12.9   2.3   1.2    66.6
          Time: Test:      1.44 ms  5.64e+03 ns  1.55e+03 ns      0.04 ms          189            89.5   6.6   2.3   1.6    85.9
          Time: Wait:     0.216 s      0.844 ms     0.219 ms      1.55 ms           32            13.7  41.0  37.5   7.8    45.4
Volume Recv TOTAL   :       128 MB       511 KB       511 KB       513 KB            0            99.6   0.0   0.0   0.4     0.4
Volume Recv0: <= 64B:          257            1            1            2            0            99.6   0.0   0.0   0.4    49.8
Volume Recv1: <= 4KB:     5.38e+03           21           21           26            0            99.6   0.0   0.0   0.4    19.2
Volume Recv2: <= 2MB:     1.54e+03            6            6            6          254           100.0   0.0   0.0   0.0     0.0
Volume Send TOTAL   :       128 MB       513 KB       513 KB       513 KB          254           100.0   0.0   0.0   0.0     0.0
Volume Send0: <= 64B:          512            2            2            2          254           100.0   0.0   0.0   0.0     0.0
Volume Send1: <= 4KB:     6.66e+03           26           26           26          254           100.0   0.0   0.0   0.0     0.0
Volume Send2: <= 2MB:     1.54e+03            6            6            6          254           100.0   0.0   0.0   0.0     0.0

Timestep 6       Time=6e-05       Next delT=1e-05       Wall Time=0.383492  EMA=0.0350147   Memory Used=126.88 MBs (avg) 130.08 MBs (max on rank: 5     )
Runtime Summary  summary stats for time step 6 at time=6e-05
  Description       Units       Minimum           Rank   Average (256)     Std. Dev.         Maximum           Rank   100*(1-ave/max) '% load imbalance'
  TaskExec          [seconds] : 0.0276085       : 37   : 0.0283537       : 0.000217885     : 0.0290869       : 189  : 2.52045
  TaskLocalComm     [seconds] : 0.00190864      : 147  : 0.00222939      : 0.000258015     : 0.00330468      : 74   : 32.5384
  TaskWaitCommTime  [seconds] : 0.000571799     : 189  : 0.00117041      : 0.000257178     : 0.00188651      : 101  : 37.959
  NumberOfTasks     [tasks  ] : 6               : 0    : 6               : 0               : 6               : 0    : 0
  NumberOfPatches   [patches] : 1               : 0    : 1               : 0               : 1               : 0    : 0
  NumberOfCells     [cells  ] : 32768           : 0    : 32768           : 0               : 32768           : 0    : 0
  SCIMemoryUsed     [MBytes ] : 1.25182e+08     : 197  : 1.26876e+08     : 986751          : 1.30081e+08     : 5    : 2.46374
  SCIMemoryMaxUsed  [MBytes ] : 1.25182e+08     : 197  : 1.26876e+08     : 986751          : 1.30081e+08     : 5    : 2.46374
  MemoryUsed        [MBytes ] : 6.44153e+08     : 65   : 6.58227e+08     : 4.70476e+06     : 6.75934e+08     : 32   : 2.61964
  MemoryResident    [MBytes ] : 1.25182e+08     : 197  : 1.26876e+08     : 986751          : 1.30081e+08     : 5    : 2.46374
  Percentage of time spent in overhead : 3.75163

________________________________________________________________________________
--------------------------------------------------------------------------------
MPIStats:+
--------------------------------------------------------------------------------
                Name:       Total:         Avg:         Min:         Max:    Max rank: Hist %% [  Q1 |  Q2 |  Q3 |  Q4 ]:  %%Load Imbalance
         Count: Recv:     6.66e+03           26           26           26          254           100.0   0.0   0.0   0.0     0.0
         Count: Redu:     2.05e+03            8            8            8          254           100.0   0.0   0.0   0.0     0.0
         Count: Send:     6.66e+03           26           26           26          254           100.0   0.0   0.0   0.0     0.0
         Count: Test:     1.61e+03          6.3            6           12          255            93.0   5.5   0.4   1.2    47.5
         Count: Wait:     1.18e+04           46           46           46          254           100.0   0.0   0.0   0.0     0.0
          Time: Recv:      2.78 ms    0.0109 ms  8.11e+03 ns    0.0286 ms          254            89.5   6.6   2.0   2.0    62.0
          Time: Redu:      1.59 s       6.19 ms     0.256 ms      11.1 ms          174             0.8  19.1  78.5   1.6    44.1
          Time: Send:      25.8 ms     0.101 ms    0.0771 ms     0.286 ms           98            96.9   2.3   0.0   0.8    64.8
          Time: Test:       1.3 ms  5.08e+03 ns  1.38e+03 ns    0.0282 ms            7            85.5  10.2   2.7   1.6    82.0
          Time: Wait:     0.235 s      0.917 ms     0.263 ms      1.43 ms           64             5.9  30.9  49.2  14.1    36.0
Volume Recv TOTAL   :       128 MB       511 KB       511 KB       513 KB            0            99.6   0.0   0.0   0.4     0.4
Volume Recv0: <= 64B:          257            1            1            2            0            99.6   0.0   0.0   0.4    49.8
Volume Recv1: <= 4KB:     5.38e+03           21           21           26            0            99.6   0.0   0.0   0.4    19.2
Volume Recv2: <= 2MB:     1.54e+03            6            6            6          254           100.0   0.0   0.0   0.0     0.0
Volume Send TOTAL   :       128 MB       513 KB       513 KB       513 KB          254           100.0   0.0   0.0   0.0     0.0
Volume Send0: <= 64B:          512            2            2            2          254           100.0   0.0   0.0   0.0     0.0
Volume Send1: <= 4KB:     6.66e+03           26           26           26          254           100.0   0.0   0.0   0.0     0.0
Volume Send2: <= 2MB:     1.54e+03            6            6            6          254           100.0   0.0   0.0   0.0     0.0

Timestep 7       Time=7e-05       Next delT=1e-05       Wall Time=0.414409  EMA=0.0339902   Memory Used=129.93 MBs (avg) 130.75 MBs (max on rank: 224   )
Runtime Summary  summary stats for time step 7 at time=7e-05
  Description       Units       Minimum           Rank   Average (256)     Std. Dev.         Maximum           Rank   100*(1-ave/max) '% load imbalance'
  TaskExec          [seconds] : 0.0276083       : 101  : 0.0280912       : 0.000185734     : 0.0286501       : 94   : 1.95101
  TaskLocalComm     [seconds] : 0.00195746      : 190  : 0.00219139      : 0.00013938      : 0.00323645      : 138  : 32.2903
  TaskWaitCommTime  [seconds] : 0.000646918     : 138  : 0.00126713      : 0.000186989     : 0.00170205      : 64   : 25.5525
  NumberOfTasks     [tasks  ] : 6               : 0    : 6               : 0               : 6               : 0    : 0
  NumberOfPatches   [patches] : 1               : 0    : 1               : 0               : 1               : 0    : 0
  NumberOfCells     [cells  ] : 32768           : 0    : 32768           : 0               : 32768           : 0    : 0
  SCIMemoryUsed     [MBytes ] : 1.28274e+08     : 5    : 1.29931e+08     : 305685          : 1.30753e+08     : 224  : 0.628032
  SCIMemoryMaxUsed  [MBytes ] : 1.28274e+08     : 5    : 1.29931e+08     : 305685          : 1.30753e+08     : 224  : 0.628032
  MemoryUsed        [MBytes ] : 6.4793e+08      : 65   : 6.61205e+08     : 4.55535e+06     : 6.77822e+08     : 32   : 2.45164
  MemoryResident    [MBytes ] : 1.28274e+08     : 5    : 1.29931e+08     : 305685          : 1.30753e+08     : 224  : 0.628032
  Percentage of time spent in overhead : 3.21238

________________________________________________________________________________
--------------------------------------------------------------------------------
MPIStats:+
--------------------------------------------------------------------------------
                Name:       Total:         Avg:         Min:         Max:    Max rank: Hist %% [  Q1 |  Q2 |  Q3 |  Q4 ]:  %%Load Imbalance
         Count: Recv:     6.66e+03           26           26           26          254           100.0   0.0   0.0   0.0     0.0
         Count: Redu:     2.05e+03            8            8            8          254           100.0   0.0   0.0   0.0     0.0
         Count: Send:     6.66e+03           26           26           26          254           100.0   0.0   0.0   0.0     0.0
         Count: Test:     1.62e+03         6.32            6           12          255            92.2   5.5   1.2   1.2    47.4
         Count: Wait:     1.18e+04           46           46           46          254           100.0   0.0   0.0   0.0     0.0
          Time: Recv:      2.84 ms    0.0111 ms     8e+03 ns    0.0465 ms          253            93.0   6.2   0.0   0.8    76.1
          Time: Redu:      1.34 s       5.25 ms     0.259 ms      11.8 ms          158             0.8  87.9   9.8   1.6    55.5
          Time: Send:      37.8 ms     0.148 ms    0.0734 ms      0.51 ms          131            76.6  11.7   9.8   2.0    71.0
          Time: Test:      1.37 ms  5.35e+03 ns  1.86e+03 ns    0.0331 ms          188            87.5   9.4   2.0   1.2    83.8
          Time: Wait:     0.253 s      0.988 ms     0.316 ms      1.67 ms          101            10.5  35.5  48.0   5.9    40.8
Volume Recv TOTAL   :       128 MB       511 KB       511 KB       513 KB            0            99.6   0.0   0.0   0.4     0.4
Volume Recv0: <= 64B:          257            1            1            2            0            99.6   0.0   0.0   0.4    49.8
Volume Recv1: <= 4KB:     5.38e+03           21           21           26            0            99.6   0.0   0.0   0.4    19.2
Volume Recv2: <= 2MB:     1.54e+03            6            6            6          254           100.0   0.0   0.0   0.0     0.0
Volume Send TOTAL   :       128 MB       513 KB       513 KB       513 KB          254           100.0   0.0   0.0   0.0     0.0
Volume Send0: <= 64B:          512            2            2            2          254           100.0   0.0   0.0   0.0     0.0
Volume Send1: <= 4KB:     6.66e+03           26           26           26          254           100.0   0.0   0.0   0.0     0.0
Volume Send2: <= 2MB:     1.54e+03            6            6            6          254           100.0   0.0   0.0   0.0     0.0

Timestep 8       Time=8e-05       Next delT=1e-05       Wall Time=0.444001  EMA=0.0330126   Memory Used=128.13 MBs (avg) 130.22 MBs (max on rank: 5     )
Runtime Summary  summary stats for time step 8 at time=8e-05
  Description       Units       Minimum           Rank   Average (256)     Std. Dev.         Maximum           Rank   100*(1-ave/max) '% load imbalance'
  TaskExec          [seconds] : 0.0259925       : 101  : 0.0266981       : 0.000209981     : 0.0272928       : 222  : 2.17896
  TaskLocalComm     [seconds] : 0.00195287      : 1    : 0.002228        : 0.000203048     : 0.0033358       : 138  : 33.2094
  TaskWaitCommTime  [seconds] : 0.000577332     : 251  : 0.0013128       : 0.000240441     : 0.00209621      : 101  : 37.3727
  NumberOfTasks     [tasks  ] : 6               : 0    : 6               : 0               : 6               : 0    : 0
  NumberOfPatches   [patches] : 1               : 0    : 1               : 0               : 1               : 0    : 0
  NumberOfCells     [cells  ] : 32768           : 0    : 32768           : 0               : 32768           : 0    : 0
  SCIMemoryUsed     [MBytes ] : 1.27226e+08     : 161  : 1.28131e+08     : 324857          : 1.30216e+08     : 5    : 1.6009
  SCIMemoryMaxUsed  [MBytes ] : 1.27226e+08     : 161  : 1.28131e+08     : 324857          : 1.30216e+08     : 5    : 1.6009
  MemoryUsed        [MBytes ] : 6.46042e+08     : 65   : 6.59328e+08     : 4.55162e+06     : 6.75938e+08     : 96   : 2.45734
  MemoryResident    [MBytes ] : 1.27226e+08     : 161  : 1.28131e+08     : 324857          : 1.30216e+08     : 5    : 1.6009
  Percentage of time spent in overhead : 2.80677

________________________________________________________________________________
--------------------------------------------------------------------------------
MPIStats:+
--------------------------------------------------------------------------------
                Name:       Total:         Avg:         Min:         Max:    Max rank: Hist %% [  Q1 |  Q2 |  Q3 |  Q4 ]:  %%Load Imbalance
         Count: Recv:     6.66e+03           26           26           26          254           100.0   0.0   0.0   0.0     0.0
         Count: Redu:     2.05e+03            8            8            8          254           100.0   0.0   0.0   0.0     0.0
         Count: Send:     6.66e+03           26           26           26          254           100.0   0.0   0.0   0.0     0.0
         Count: Test:     1.61e+03          6.3            6           12          255            93.0   5.5   0.4   1.2    47.5
         Count: Wait:     1.18e+04           46           46           46          254           100.0   0.0   0.0   0.0     0.0
          Time: Recv:      2.87 ms    0.0112 ms  8.11e+03 ns    0.0481 ms          255            94.5   4.3   0.8   0.4    76.7
          Time: Redu:      1.62 s       6.33 ms     0.228 ms      12.8 ms          158             0.8  70.7  27.3   1.2    50.5
          Time: Send:      32.7 ms     0.128 ms    0.0768 ms     0.359 ms          251            82.8   3.1  11.3   2.7    64.4
          Time: Test:      1.47 ms  5.75e+03 ns  1.77e+03 ns    0.0574 ms           61            93.4   5.1   1.2   0.4    90.0
          Time: Wait:     0.239 s      0.933 ms     0.214 ms      1.54 ms           45             8.2  30.5  48.8  12.5    39.4
Volume Recv TOTAL   :       128 MB       511 KB       511 KB       513 KB            0            99.6   0.0   0.0   0.4     0.4
Volume Recv0: <= 64B:          257            1            1            2            0            99.6   0.0   0.0   0.4    49.8
Volume Recv1: <= 4KB:     5.38e+03           21           21           26            0            99.6   0.0   0.0   0.4    19.2
Volume Recv2: <= 2MB:     1.54e+03            6            6            6          254           100.0   0.0   0.0   0.0     0.0
Volume Send TOTAL   :       128 MB       513 KB       513 KB       513 KB          254           100.0   0.0   0.0   0.0     0.0
Volume Send0: <= 64B:          512            2            2            2          254           100.0   0.0   0.0   0.0     0.0
Volume Send1: <= 4KB:     6.66e+03           26           26           26          254           100.0   0.0   0.0   0.0     0.0
Volume Send2: <= 2MB:     1.54e+03            6            6            6          254           100.0   0.0   0.0   0.0     0.0

Timestep 9       Time=9e-05       Next delT=1e-05       Wall Time=0.474894  EMA=0.0325887   Memory Used=130.08 MBs (avg) 130.97 MBs (max on rank: 224   )
Runtime Summary  summary stats for time step 9 at time=9e-05
  Description       Units       Minimum           Rank   Average (256)     Std. Dev.         Maximum           Rank   100*(1-ave/max) '% load imbalance'
  TaskExec          [seconds] : 0.0275426       : 45   : 0.0280772       : 0.000218082     : 0.0287815       : 158  : 2.447
  TaskLocalComm     [seconds] : 0.00193998      : 190  : 0.00223835      : 0.000171343     : 0.00322174      : 138  : 30.5235
  TaskWaitCommTime  [seconds] : 0.000594789     : 138  : 0.00125549      : 0.000232428     : 0.00189051      : 45   : 33.5897
  NumberOfTasks     [tasks  ] : 6               : 0    : 6               : 0               : 6               : 0    : 0
  NumberOfPatches   [patches] : 1               : 0    : 1               : 0               : 1               : 0    : 0
  NumberOfCells     [cells  ] : 32768           : 0    : 32768           : 0               : 32768           : 0    : 0
  SCIMemoryUsed     [MBytes ] : 1.28373e+08     : 5    : 1.30081e+08     : 321351          : 1.30974e+08     : 224  : 0.681456
  SCIMemoryMaxUsed  [MBytes ] : 1.28373e+08     : 5    : 1.30081e+08     : 321351          : 1.30974e+08     : 224  : 0.681456
  MemoryUsed        [MBytes ] : 6.4793e+08      : 65   : 6.61205e+08     : 4.55535e+06     : 6.77822e+08     : 32   : 2.45164
  MemoryResident    [MBytes ] : 1.28373e+08     : 5    : 1.30081e+08     : 321351          : 1.30974e+08     : 224  : 0.681456
  Percentage of time spent in overhead : 2.49008

________________________________________________________________________________
--------------------------------------------------------------------------------
MPIStats:+
--------------------------------------------------------------------------------
                Name:       Total:         Avg:         Min:         Max:    Max rank: Hist %% [  Q1 |  Q2 |  Q3 |  Q4 ]:  %%Load Imbalance
         Count: Recv:     6.66e+03           26           26           26          254           100.0   0.0   0.0   0.0     0.0
         Count: Redu:     2.05e+03            8            8            8          254           100.0   0.0   0.0   0.0     0.0
         Count: Send:     6.66e+03           26           26           26          254           100.0   0.0   0.0   0.0     0.0
         Count: Test:     1.62e+03         6.31            6           13          255            92.6   5.9   1.2   0.4    51.5
         Count: Wait:     1.18e+04           46           46           46          254           100.0   0.0   0.0   0.0     0.0
          Time: Recv:      2.76 ms    0.0108 ms  8.19e+03 ns    0.0287 ms          253            90.6   4.3   3.1   2.0    62.5
          Time: Redu:      1.04 s       4.06 ms      0.24 ms      9.13 ms          158             0.4  76.6  21.1   2.0    55.5
          Time: Send:      26.1 ms     0.102 ms    0.0766 ms     0.382 ms          159            98.8   0.4   0.4   0.4    73.3
          Time: Test:      1.36 ms  5.33e+03 ns  1.66e+03 ns    0.0646 ms          190            96.5   2.7   0.4   0.4    91.8
          Time: Wait:     0.259 s       1.01 ms     0.253 ms      1.51 ms          164             5.1  20.3  49.6  25.0    32.8
Volume Recv TOTAL   :       128 MB       511 KB       511 KB       513 KB            0            99.6   0.0   0.0   0.4     0.4
Volume Recv0: <= 64B:          257            1            1            2            0            99.6   0.0   0.0   0.4    49.8
Volume Recv1: <= 4KB:     5.38e+03           21           21           26            0            99.6   0.0   0.0   0.4    19.2
Volume Recv2: <= 2MB:     1.54e+03            6            6            6          254           100.0   0.0   0.0   0.0     0.0
Volume Send TOTAL   :       128 MB       513 KB       513 KB       513 KB          254           100.0   0.0   0.0   0.0     0.0
Volume Send0: <= 64B:          512            2            2            2          254           100.0   0.0   0.0   0.0     0.0
Volume Send1: <= 4KB:     6.66e+03           26           26           26          254           100.0   0.0   0.0   0.0     0.0
Volume Send2: <= 2MB:     1.54e+03            6            6            6          254           100.0   0.0   0.0   0.0     0.0

Timestep 10      Time=0.0001      Next delT=1e-05       Wall Time=0.50377   EMA=0.0319136   Memory Used=127.42 MBs (avg) 130.31 MBs (max on rank: 5     )
Runtime Summary  summary stats for time step 10 at time=0.0001
  Description       Units       Minimum           Rank   Average (256)     Std. Dev.         Maximum           Rank   100*(1-ave/max) '% load imbalance'
  TaskExec          [seconds] : 0.0255857       : 164  : 0.0259744       : 0.00021161      : 0.0266831       : 158  : 2.65586
  TaskLocalComm     [seconds] : 0.00190624      : 190  : 0.00220192      : 0.000153118     : 0.00325513      : 138  : 32.3555
  TaskWaitCommTime  [seconds] : 0.000648518     : 138  : 0.00134298      : 0.000221288     : 0.00178931      : 17   : 24.9444
  NumberOfTasks     [tasks  ] : 6               : 0    : 6               : 0               : 6               : 0    : 0
  NumberOfPatches   [patches] : 1               : 0    : 1               : 0               : 1               : 0    : 0
  NumberOfCells     [cells  ] : 32768           : 0    : 32768           : 0               : 32768           : 0    : 0
  SCIMemoryUsed     [MBytes ] : 1.26091e+08     : 197  : 1.27417e+08     : 603202          : 1.30314e+08     : 5    : 2.22314
  SCIMemoryMaxUsed  [MBytes ] : 1.26091e+08     : 197  : 1.27417e+08     : 603202          : 1.30314e+08     : 5    : 2.22314
  MemoryUsed        [MBytes ] : 6.44784e+08     : 65   : 6.58467e+08     : 4.6047e+06      : 6.75934e+08     : 32   : 2.58414
  MemoryResident    [MBytes ] : 1.26091e+08     : 197  : 1.27417e+08     : 603202          : 1.30314e+08     : 5    : 2.22314
  Percentage of time spent in overhead : 2.23546
Sus: going down successfully
