Parallel: 32 MPI processes (using MPI)
Parallel: MPI Level Required: 0, provided: 0
Date:       Thu Aug 25 13:12:30 2022
Machine:    notch201
git branch:wasatch-low-cost-integ-cmake
git date:   Sat Jul 30 10:34:22 2022 -0600
git hash:   9315f9f96fa6304db4fe79378b145f37ea40016d
Assertion level: 0
CFLAGS:          
CXXFLAGS:        
______________________________________________________________________
Application Component: 	'wasatch'

-------------------------------------------------------------
Wasatch was built against:
  SpatialOps HASH: bd7a2bac76e42e2cb528b02e2cf1291d05c71926
             DATE: Fri Nov 12 11:34:54 2021 -0700
     ExprLib HASH: d2950c77edb22e5f3669ddaaf2d2ed29ceb24d2c
             DATE: Thu Aug 5 12:26:26 2021 -0600
    TabProps HASH: eca0dc5f26b20d4f6b1cebe51b1ae97e11871e83
             DATE: Wed Aug 11 20:11:26 2021 -0600
-------------------------------------------------------------

Linear Solver: 		hypre
Load Balancer: 		Simple
Scheduler: 		MPI
Patch layout: 		(4,4,2)
Grid statistics:
Number of levels:		1
Level 0:
  Periodic boundaries:		[int 1, 1, 1]
  Number of patches:		32
  Total number of cells:	1048576 (32768 avg. per patch)
Total patches in grid:		32
Total cells in grid:		1048576 (32768 avg. per patch)

Using small, individual MPI messages (no message combining)
Detected solver: hypre
SETTING UP CONVECTIVE FLUX EXPRESSION IN X DIRECTION USING CENTRAL
SETTING UP CONVECTIVE FLUX EXPRESSION IN Y DIRECTION USING CENTRAL
SETTING UP CONVECTIVE FLUX EXPRESSION IN Z DIRECTION USING CENTRAL
Setting initial conditions for scalability test equation: scalability0
SETTING UP CONVECTIVE FLUX EXPRESSION IN X DIRECTION USING CENTRAL
SETTING UP CONVECTIVE FLUX EXPRESSION IN Y DIRECTION USING CENTRAL
SETTING UP CONVECTIVE FLUX EXPRESSION IN Z DIRECTION USING CENTRAL
Setting initial conditions for scalability test equation: scalability1
SETTING UP CONVECTIVE FLUX EXPRESSION IN X DIRECTION USING CENTRAL
SETTING UP CONVECTIVE FLUX EXPRESSION IN Y DIRECTION USING CENTRAL
SETTING UP CONVECTIVE FLUX EXPRESSION IN Z DIRECTION USING CENTRAL
Setting initial conditions for scalability test equation: scalability2
SETTING UP CONVECTIVE FLUX EXPRESSION IN X DIRECTION USING CENTRAL
SETTING UP CONVECTIVE FLUX EXPRESSION IN Y DIRECTION USING CENTRAL
SETTING UP CONVECTIVE FLUX EXPRESSION IN Z DIRECTION USING CENTRAL
Setting initial conditions for scalability test equation: scalability3
SETTING UP CONVECTIVE FLUX EXPRESSION IN X DIRECTION USING CENTRAL
SETTING UP CONVECTIVE FLUX EXPRESSION IN Y DIRECTION USING CENTRAL
SETTING UP CONVECTIVE FLUX EXPRESSION IN Z DIRECTION USING CENTRAL
Setting initial conditions for scalability test equation: scalability4
SETTING UP CONVECTIVE FLUX EXPRESSION IN X DIRECTION USING CENTRAL
SETTING UP CONVECTIVE FLUX EXPRESSION IN Y DIRECTION USING CENTRAL
SETTING UP CONVECTIVE FLUX EXPRESSION IN Z DIRECTION USING CENTRAL
Setting initial conditions for scalability test equation: scalability5
SETTING UP CONVECTIVE FLUX EXPRESSION IN X DIRECTION USING CENTRAL
SETTING UP CONVECTIVE FLUX EXPRESSION IN Y DIRECTION USING CENTRAL
SETTING UP CONVECTIVE FLUX EXPRESSION IN Z DIRECTION USING CENTRAL
Setting initial conditions for scalability test equation: scalability6
SETTING UP CONVECTIVE FLUX EXPRESSION IN X DIRECTION USING CENTRAL
SETTING UP CONVECTIVE FLUX EXPRESSION IN Y DIRECTION USING CENTRAL
SETTING UP CONVECTIVE FLUX EXPRESSION IN Z DIRECTION USING CENTRAL
Setting initial conditions for scalability test equation: scalability7
SETTING UP CONVECTIVE FLUX EXPRESSION IN X DIRECTION USING CENTRAL
SETTING UP CONVECTIVE FLUX EXPRESSION IN Y DIRECTION USING CENTRAL
SETTING UP CONVECTIVE FLUX EXPRESSION IN Z DIRECTION USING CENTRAL
Setting initial conditions for scalability test equation: scalability8
SETTING UP CONVECTIVE FLUX EXPRESSION IN X DIRECTION USING CENTRAL
SETTING UP CONVECTIVE FLUX EXPRESSION IN Y DIRECTION USING CENTRAL
SETTING UP CONVECTIVE FLUX EXPRESSION IN Z DIRECTION USING CENTRAL
Setting initial conditions for scalability test equation: scalability9
------------------------------------------------
No BoundaryConditions specified
  This message will only occur once

Compiling initialization taskgraph.
------------------------------------------------
SETTING INITIAL BOUNDARY CONDITIONS:
------------------------------------------------
Setting Initial BCs for transport equation 'scalability0'
Setting Initial BCs for transport equation 'scalability1'
Setting Initial BCs for transport equation 'scalability2'
Setting Initial BCs for transport equation 'scalability3'
Setting Initial BCs for transport equation 'scalability4'
Setting Initial BCs for transport equation 'scalability5'
Setting Initial BCs for transport equation 'scalability6'
Setting Initial BCs for transport equation 'scalability7'
Setting Initial BCs for transport equation 'scalability8'
Setting Initial BCs for transport equation 'scalability9'
------------------------------------------------
Wasatch: done creating initialization task(s)
Scheduling Task 'compute timestep' COMPUTES 'delT' in NEW data warehouse
Wasatch: done creating timestep task(s)
Done with taskgraph compile (0.00010827 seconds)
Warning: addContribution not implemented for LoadBalancerCommon.
WARNING at time step 0 and sim time 0 : lowering the next delT from 1 to the maximum: 1e-05

________________________________________________________________________________
--------------------------------------------------------------------------------
MPIStats:+
--------------------------------------------------------------------------------
                Name:       Total:         Avg:         Min:         Max:    Max rank: Hist %% [  Q1 |  Q2 |  Q3 |  Q4 ]:  %%Load Imbalance
         Count: Gath:           64            2            2            2            7           100.0   0.0   0.0   0.0     0.0
         Count: Redu:           32            1            1            1           11           100.0   0.0   0.0   0.0     0.0
          Time: Gath:      46.9 ms      1.46 ms     0.491 ms      2.27 ms            2            18.8  31.2  18.8  31.2    35.5
          Time: Redu:      64.2 ms      2.01 ms     0.605 ms      2.46 ms            5             3.1   3.1  34.4  59.4    18.4
Volume Recv TOTAL   :      26.3 KB        841 B        841 B        841 B           18           100.0   0.0   0.0   0.0     0.0
Volume Recv0: <= 64B:           32            1            1            1            2           100.0   0.0   0.0   0.0     0.0
Volume Recv1: <= 4KB:           64            2            2            2           28           100.0   0.0   0.0   0.0     0.0
Volume Send TOTAL   :      8.84 KB        283 B        281 B        285 B            4            50.0   0.0   0.0  50.0     0.7
Volume Send0: <= 64B:           64            2            2            2           24           100.0   0.0   0.0   0.0     0.0
Volume Send1: <= 4KB:           32            1            1            1            8           100.0   0.0   0.0   0.0     0.0


Simulation and run time stats are reported at the end of each time step
EMA == Wall time as an exponential moving average using a window of the last 10 time steps
Timestep 0       Time=0           Next delT=1e-05       Wall Time=0.0874662 EMA=0.0781761   Memory Used=174.36 MBs (avg) 175.21 MBs (max on rank: 1     )
Warning: finalizeContributions not implemented for LoadBalancerCommon.
Warning: resetCostForecaster not implemented for LoadBalancerCommon.
Compiling taskgraph(s)...
------------------------------------------------
SETTING BOUNDARY CONDITIONS:
------------------------------------------------
Setting BCs for transport equation 'scalability0'
Setting BCs for transport equation 'scalability1'
Setting BCs for transport equation 'scalability2'
Setting BCs for transport equation 'scalability3'
Setting BCs for transport equation 'scalability4'
Setting BCs for transport equation 'scalability5'
Setting BCs for transport equation 'scalability6'
Setting BCs for transport equation 'scalability7'
Setting BCs for transport equation 'scalability8'
Setting BCs for transport equation 'scalability9'
------------------------------------------------
Wasatch: done creating solution task(s)
Wasatch: done creating post-processing task(s)
Scheduling Task 'compute timestep' COMPUTES 'delT' in NEW data warehouse
Wasatch: done creating timestep task(s)
Done with taskgraph compile (0.019711 seconds)

________________________________________________________________________________
--------------------------------------------------------------------------------
MPIStats:+
--------------------------------------------------------------------------------
                Name:       Total:         Avg:         Min:         Max:    Max rank: Hist %% [  Q1 |  Q2 |  Q3 |  Q4 ]:  %%Load Imbalance
         Count: Recv:          544           17           17           17           27           100.0   0.0   0.0   0.0     0.0
         Count: Redu:          256            8            8            8           11           100.0   0.0   0.0   0.0     0.0
         Count: Send:          544           17           17           17           29           100.0   0.0   0.0   0.0     0.0
         Count: Test:          228         7.12            6           11           31            65.6  15.6   9.4   9.4    35.2
         Count: Wait:          896           28           28           28           21           100.0   0.0   0.0   0.0     0.0
          Time: Recv:     0.546 ms    0.0171 ms  5.69e+03 ns    0.0624 ms           31            75.0   3.1  12.5   9.4    72.6
          Time: Redu:      46.4 ms      1.45 ms      0.56 ms      2.69 ms           24            25.0  46.9  18.8   9.4    46.0
          Time: Send:      12.4 ms     0.388 ms     0.213 ms     0.429 ms           11             3.1   0.0  25.0  71.9     9.5
          Time: Test:     0.705 ms     0.022 ms  3.51e+03 ns     0.219 ms           31            93.8   0.0   0.0   6.2    89.9
          Time: Wait:      71.6 ms      2.24 ms     0.233 ms      4.53 ms            1            46.9   0.0   9.4  43.8    50.6
Volume Recv TOTAL   :        16 MB       511 KB       511 KB       513 KB            0            96.9   0.0   0.0   3.1     0.4
Volume Recv0: <= 64B:           33         1.03            1            2            0            96.9   0.0   0.0   3.1    48.4
Volume Recv1: <= 4KB:          293         9.16            9           14            0            96.9   0.0   0.0   3.1    34.6
Volume Recv2: <= 2MB:          288            9            9            9           12           100.0   0.0   0.0   0.0     0.0
Volume Send TOTAL   :        16 MB       513 KB       513 KB       513 KB            4           100.0   0.0   0.0   0.0     0.0
Volume Send0: <= 64B:           64            2            2            2           24           100.0   0.0   0.0   0.0     0.0
Volume Send1: <= 4KB:          448           14           14           14            8           100.0   0.0   0.0   0.0     0.0
Volume Send2: <= 2MB:          288            9            9            9           16           100.0   0.0   0.0   0.0     0.0

Timestep 1       Time=1e-05       Next delT=1e-05       Wall Time=0.146798  EMA=0.0592979   Memory Used=179.78 MBs (avg) 182.91 MBs (max on rank: 17    )
Runtime Summary  summary stats for time step 1 at time=1e-05
  Description       Units       Minimum           Rank   Average (32)      Std. Dev.         Maximum           Rank   100*(1-ave/max) '% load imbalance'
  Compilation       [seconds] : 0.0146045       : 24   : 0.0150751       : 0.000855841     : 0.019711        : 0    : 23.5193
  TaskExec          [seconds] : 0.038184        : 0    : 0.0409922       : 0.00185153      : 0.0431105       : 4    : 4.91365
  TaskLocalComm     [seconds] : 0.00127315      : 0    : 0.00153107      : 0.000146405     : 0.00189398      : 11   : 19.1612
  TaskWaitCommTime  [seconds] : 0.000360831     : 0    : 0.00239963      : 0.00180785      : 0.00467116      : 1    : 48.6288
  NumberOfTasks     [tasks  ] : 6               : 0    : 6               : 0               : 6               : 0    : 0
  NumberOfPatches   [patches] : 1               : 0    : 1               : 0               : 1               : 0    : 0
  NumberOfCells     [cells  ] : 32768           : 0    : 32768           : 0               : 32768           : 0    : 0
  SCIMemoryUsed     [MBytes ] : 1.79126e+08     : 2    : 1.79775e+08     : 666381          : 1.82911e+08     : 17   : 1.71443
  SCIMemoryMaxUsed  [MBytes ] : 1.79126e+08     : 2    : 1.79775e+08     : 666381          : 1.82911e+08     : 17   : 1.71443
  MemoryUsed        [MBytes ] : 7.95902e+08     : 26   : 8.10829e+08     : 9.24298e+06     : 8.39086e+08     : 0    : 3.36758
  MemoryResident    [MBytes ] : 1.79126e+08     : 2    : 1.79775e+08     : 666381          : 1.82911e+08     : 17   : 1.71443
  Percentage of time spent in overhead : 25.126

________________________________________________________________________________
--------------------------------------------------------------------------------
MPIStats:+
--------------------------------------------------------------------------------
                Name:       Total:         Avg:         Min:         Max:    Max rank: Hist %% [  Q1 |  Q2 |  Q3 |  Q4 ]:  %%Load Imbalance
         Count: Recv:          544           17           17           17           27           100.0   0.0   0.0   0.0     0.0
         Count: Redu:          256            8            8            8           11           100.0   0.0   0.0   0.0     0.0
         Count: Send:          544           17           17           17           29           100.0   0.0   0.0   0.0     0.0
         Count: Test:          236         7.38            6           11           31            56.2  21.9   9.4  12.5    33.0
         Count: Wait:          896           28           28           28           21           100.0   0.0   0.0   0.0     0.0
          Time: Recv:     0.338 ms    0.0106 ms  5.35e+03 ns    0.0322 ms           29            71.9   9.4  12.5   6.2    67.1
          Time: Redu:      34.5 ms      1.08 ms     0.268 ms      2.61 ms           25            40.6  40.6   3.1  15.6    58.7
          Time: Send:      5.62 ms     0.176 ms     0.063 ms     0.262 ms           30             6.2  25.0  56.2  12.5    33.0
          Time: Test:     0.255 ms  7.98e+03 ns  2.24e+03 ns    0.0284 ms           27            65.6  18.8   6.2   9.4    71.9
          Time: Wait:      18.8 ms     0.589 ms      0.21 ms     0.813 ms            3             9.4  15.6  46.9  28.1    27.5
Volume Recv TOTAL   :        16 MB       511 KB       511 KB       513 KB            0            96.9   0.0   0.0   3.1     0.4
Volume Recv0: <= 64B:           33         1.03            1            2            0            96.9   0.0   0.0   3.1    48.4
Volume Recv1: <= 4KB:          293         9.16            9           14            0            96.9   0.0   0.0   3.1    34.6
Volume Recv2: <= 2MB:          288            9            9            9           12           100.0   0.0   0.0   0.0     0.0
Volume Send TOTAL   :        16 MB       513 KB       513 KB       513 KB            4           100.0   0.0   0.0   0.0     0.0
Volume Send0: <= 64B:           64            2            2            2           24           100.0   0.0   0.0   0.0     0.0
Volume Send1: <= 4KB:          448           14           14           14            8           100.0   0.0   0.0   0.0     0.0
Volume Send2: <= 2MB:          288            9            9            9           16           100.0   0.0   0.0   0.0     0.0

Timestep 2       Time=2e-05       Next delT=1e-05       Wall Time=0.161354  EMA=0.0294701   Memory Used=182.61 MBs (avg) 185.62 MBs (max on rank: 17    )
Runtime Summary  summary stats for time step 2 at time=2e-05
  Description       Units       Minimum           Rank   Average (32)      Std. Dev.         Maximum           Rank   100*(1-ave/max) '% load imbalance'
  TaskExec          [seconds] : 0.0123296       : 0    : 0.0125927       : 0.000157031     : 0.0130735       : 10   : 3.67768
  TaskLocalComm     [seconds] : 0.00129315      : 25   : 0.0015052       : 0.000111771     : 0.00174763      : 26   : 13.872
  TaskWaitCommTime  [seconds] : 0.000412572     : 25   : 0.000852014     : 0.000156607     : 0.00104675      : 7    : 18.6042
  NumberOfTasks     [tasks  ] : 6               : 0    : 6               : 0               : 6               : 0    : 0
  NumberOfPatches   [patches] : 1               : 0    : 1               : 0               : 1               : 0    : 0
  NumberOfCells     [cells  ] : 32768           : 0    : 32768           : 0               : 32768           : 0    : 0
  SCIMemoryUsed     [MBytes ] : 1.81948e+08     : 21   : 1.82605e+08     : 646874          : 1.85618e+08     : 17   : 1.62342
  SCIMemoryMaxUsed  [MBytes ] : 1.81948e+08     : 21   : 1.82605e+08     : 646874          : 1.85618e+08     : 17   : 1.62342
  MemoryUsed        [MBytes ] : 7.98462e+08     : 26   : 8.13357e+08     : 9.20992e+06     : 8.41429e+08     : 0    : 3.33621
  MemoryResident    [MBytes ] : 1.81948e+08     : 21   : 1.82605e+08     : 646874          : 1.85618e+08     : 17   : 1.62342
  Percentage of time spent in overhead : 12.5629

________________________________________________________________________________
--------------------------------------------------------------------------------
MPIStats:+
--------------------------------------------------------------------------------
                Name:       Total:         Avg:         Min:         Max:    Max rank: Hist %% [  Q1 |  Q2 |  Q3 |  Q4 ]:  %%Load Imbalance
         Count: Recv:          544           17           17           17           27           100.0   0.0   0.0   0.0     0.0
         Count: Redu:          256            8            8            8           11           100.0   0.0   0.0   0.0     0.0
         Count: Send:          544           17           17           17           29           100.0   0.0   0.0   0.0     0.0
         Count: Test:          234         7.31            6           11           31            65.6  12.5   6.2  15.6    33.5
         Count: Wait:          896           28           28           28           21           100.0   0.0   0.0   0.0     0.0
          Time: Recv:      0.28 ms  8.75e+03 ns   4.5e+03 ns    0.0236 ms           27            71.9   9.4  12.5   6.2    62.9
          Time: Redu:      32.1 ms         1 ms     0.209 ms      2.78 ms           24            37.5  50.0   0.0  12.5    63.9
          Time: Send:       2.9 ms    0.0907 ms    0.0497 ms     0.247 ms           14            75.0  12.5   9.4   3.1    63.2
          Time: Test:     0.244 ms  7.63e+03 ns  2.25e+03 ns    0.0209 ms            4            53.1  28.1   9.4   9.4    63.4
          Time: Wait:      14.4 ms     0.451 ms     0.131 ms     0.649 ms            1            12.5  15.6  28.1  43.8    30.5
Volume Recv TOTAL   :        16 MB       511 KB       511 KB       513 KB            0            96.9   0.0   0.0   3.1     0.4
Volume Recv0: <= 64B:           33         1.03            1            2            0            96.9   0.0   0.0   3.1    48.4
Volume Recv1: <= 4KB:          293         9.16            9           14            0            96.9   0.0   0.0   3.1    34.6
Volume Recv2: <= 2MB:          288            9            9            9           12           100.0   0.0   0.0   0.0     0.0
Volume Send TOTAL   :        16 MB       513 KB       513 KB       513 KB            4           100.0   0.0   0.0   0.0     0.0
Volume Send0: <= 64B:           64            2            2            2           24           100.0   0.0   0.0   0.0     0.0
Volume Send1: <= 4KB:          448           14           14           14            8           100.0   0.0   0.0   0.0     0.0
Volume Send2: <= 2MB:          288            9            9            9           16           100.0   0.0   0.0   0.0     0.0

Timestep 3       Time=3e-05       Next delT=1e-05       Wall Time=0.173811  EMA=0.0209639   Memory Used=185.75 MBs (avg) 186.71 MBs (max on rank: 1     )
Runtime Summary  summary stats for time step 3 at time=3e-05
  Description       Units       Minimum           Rank   Average (32)      Std. Dev.         Maximum           Rank   100*(1-ave/max) '% load imbalance'
  TaskExec          [seconds] : 0.0105067       : 0    : 0.0107081       : 0.000162727     : 0.0111264       : 24   : 3.75968
  TaskLocalComm     [seconds] : 0.00111967      : 24   : 0.0013686       : 0.000118201     : 0.00177977      : 14   : 23.1025
  TaskWaitCommTime  [seconds] : 0.000272591     : 24   : 0.000686804     : 0.000159105     : 0.000840183     : 5    : 18.2554
  NumberOfTasks     [tasks  ] : 6               : 0    : 6               : 0               : 6               : 0    : 0
  NumberOfPatches   [patches] : 1               : 0    : 1               : 0               : 1               : 0    : 0
  NumberOfCells     [cells  ] : 32768           : 0    : 32768           : 0               : 32768           : 0    : 0
  SCIMemoryUsed     [MBytes ] : 1.83878e+08     : 17   : 1.85753e+08     : 489750          : 1.86708e+08     : 1    : 0.511498
  SCIMemoryMaxUsed  [MBytes ] : 1.83878e+08     : 17   : 1.85753e+08     : 489750          : 1.86708e+08     : 1    : 0.511498
  MemoryUsed        [MBytes ] : 8.01608e+08     : 26   : 8.16344e+08     : 9.37725e+06     : 8.44575e+08     : 0    : 3.34256
  MemoryResident    [MBytes ] : 1.83878e+08     : 17   : 1.85753e+08     : 489750          : 1.86708e+08     : 1    : 0.511498
  Percentage of time spent in overhead : 8.37468

________________________________________________________________________________
--------------------------------------------------------------------------------
MPIStats:+
--------------------------------------------------------------------------------
                Name:       Total:         Avg:         Min:         Max:    Max rank: Hist %% [  Q1 |  Q2 |  Q3 |  Q4 ]:  %%Load Imbalance
         Count: Recv:          544           17           17           17           27           100.0   0.0   0.0   0.0     0.0
         Count: Redu:          256            8            8            8           11           100.0   0.0   0.0   0.0     0.0
         Count: Send:          544           17           17           17           29           100.0   0.0   0.0   0.0     0.0
         Count: Test:          231         7.22            6           11           31            68.8  12.5   0.0  18.8    34.4
         Count: Wait:          896           28           28           28           21           100.0   0.0   0.0   0.0     0.0
          Time: Recv:     0.306 ms  9.56e+03 ns   4.5e+03 ns    0.0348 ms           31            71.9  18.8   6.2   3.1    72.5
          Time: Redu:      41.3 ms      1.29 ms     0.243 ms      3.13 ms           25            37.5  50.0   0.0  12.5    58.9
          Time: Send:       2.7 ms    0.0843 ms     0.047 ms      0.15 ms           31            50.0  31.2   3.1  15.6    43.8
          Time: Test:     0.195 ms  6.08e+03 ns  1.66e+03 ns    0.0253 ms           30            71.9  25.0   0.0   3.1    76.0
          Time: Wait:        15 ms      0.47 ms     0.144 ms     0.701 ms           14            12.5  15.6  50.0  21.9    32.9
Volume Recv TOTAL   :        16 MB       511 KB       511 KB       513 KB            0            96.9   0.0   0.0   3.1     0.4
Volume Recv0: <= 64B:           33         1.03            1            2            0            96.9   0.0   0.0   3.1    48.4
Volume Recv1: <= 4KB:          293         9.16            9           14            0            96.9   0.0   0.0   3.1    34.6
Volume Recv2: <= 2MB:          288            9            9            9           12           100.0   0.0   0.0   0.0     0.0
Volume Send TOTAL   :        16 MB       513 KB       513 KB       513 KB            4           100.0   0.0   0.0   0.0     0.0
Volume Send0: <= 64B:           64            2            2            2           24           100.0   0.0   0.0   0.0     0.0
Volume Send1: <= 4KB:          448           14           14           14            8           100.0   0.0   0.0   0.0     0.0
Volume Send2: <= 2MB:          288            9            9            9           16           100.0   0.0   0.0   0.0     0.0

Timestep 4       Time=4e-05       Next delT=1e-05       Wall Time=0.185904  EMA=0.0174151   Memory Used=184.13 MBs (avg) 185.90 MBs (max on rank: 17    )
Runtime Summary  summary stats for time step 4 at time=4e-05
  Description       Units       Minimum           Rank   Average (32)      Std. Dev.         Maximum           Rank   100*(1-ave/max) '% load imbalance'
  TaskExec          [seconds] : 0.0101111       : 0    : 0.0102685       : 0.000147349     : 0.0107072       : 25   : 4.09759
  TaskLocalComm     [seconds] : 0.00119237      : 25   : 0.00140726      : 0.000104234     : 0.00164248      : 23   : 14.321
  TaskWaitCommTime  [seconds] : 0.000297621     : 25   : 0.000716765     : 0.00015219      : 0.000894284     : 22   : 19.8504
  NumberOfTasks     [tasks  ] : 6               : 0    : 6               : 0               : 6               : 0    : 0
  NumberOfPatches   [patches] : 1               : 0    : 1               : 0               : 1               : 0    : 0
  NumberOfCells     [cells  ] : 32768           : 0    : 32768           : 0               : 32768           : 0    : 0
  SCIMemoryUsed     [MBytes ] : 1.83562e+08     : 31   : 1.84131e+08     : 478628          : 1.85897e+08     : 17   : 0.949928
  SCIMemoryMaxUsed  [MBytes ] : 1.83562e+08     : 31   : 1.84131e+08     : 478628          : 1.85897e+08     : 17   : 0.949928
  MemoryUsed        [MBytes ] : 7.99719e+08     : 26   : 8.14576e+08     : 9.2442e+06      : 8.42686e+08     : 0    : 3.33585
  MemoryResident    [MBytes ] : 1.83562e+08     : 31   : 1.84131e+08     : 478628          : 1.85897e+08     : 17   : 0.949928
  Percentage of time spent in overhead : 6.27973

________________________________________________________________________________
--------------------------------------------------------------------------------
MPIStats:+
--------------------------------------------------------------------------------
                Name:       Total:         Avg:         Min:         Max:    Max rank: Hist %% [  Q1 |  Q2 |  Q3 |  Q4 ]:  %%Load Imbalance
         Count: Recv:          544           17           17           17           27           100.0   0.0   0.0   0.0     0.0
         Count: Redu:          256            8            8            8           11           100.0   0.0   0.0   0.0     0.0
         Count: Send:          544           17           17           17           29           100.0   0.0   0.0   0.0     0.0
         Count: Test:          235         7.34            6           11           31            62.5  15.6   9.4  12.5    33.2
         Count: Wait:          896           28           28           28           21           100.0   0.0   0.0   0.0     0.0
          Time: Recv:     0.319 ms  9.95e+03 ns  4.62e+03 ns    0.0388 ms           31            75.0  18.8   3.1   3.1    74.4
          Time: Redu:      32.1 ms         1 ms     0.229 ms      2.69 ms           24            40.6  43.8   3.1  12.5    62.7
          Time: Send:      2.59 ms     0.081 ms    0.0448 ms     0.161 ms           13            59.4  28.1   0.0  12.5    49.8
          Time: Test:      0.22 ms  6.89e+03 ns  2.51e+03 ns    0.0262 ms           30            65.6  31.2   0.0   3.1    73.7
          Time: Wait:      16.2 ms     0.507 ms     0.164 ms     0.724 ms           22            12.5   9.4  46.9  31.2    29.9
Volume Recv TOTAL   :        16 MB       511 KB       511 KB       513 KB            0            96.9   0.0   0.0   3.1     0.4
Volume Recv0: <= 64B:           33         1.03            1            2            0            96.9   0.0   0.0   3.1    48.4
Volume Recv1: <= 4KB:          293         9.16            9           14            0            96.9   0.0   0.0   3.1    34.6
Volume Recv2: <= 2MB:          288            9            9            9           12           100.0   0.0   0.0   0.0     0.0
Volume Send TOTAL   :        16 MB       513 KB       513 KB       513 KB            4           100.0   0.0   0.0   0.0     0.0
Volume Send0: <= 64B:           64            2            2            2           24           100.0   0.0   0.0   0.0     0.0
Volume Send1: <= 4KB:          448           14           14           14            8           100.0   0.0   0.0   0.0     0.0
Volume Send2: <= 2MB:          288            9            9            9           16           100.0   0.0   0.0   0.0     0.0

Timestep 5       Time=5e-05       Next delT=1e-05       Wall Time=0.19812   EMA=0.0156822   Memory Used=186.04 MBs (avg) 187.10 MBs (max on rank: 0     )
Runtime Summary  summary stats for time step 5 at time=5e-05
  Description       Units       Minimum           Rank   Average (32)      Std. Dev.         Maximum           Rank   100*(1-ave/max) '% load imbalance'
  TaskExec          [seconds] : 0.0101749       : 22   : 0.0103308       : 0.000156212     : 0.0107701       : 25   : 4.07941
  TaskLocalComm     [seconds] : 0.00121419      : 25   : 0.00141262      : 9.5289e-05      : 0.00171309      : 3    : 17.5392
  TaskWaitCommTime  [seconds] : 0.000337801     : 25   : 0.00076178      : 0.000156303     : 0.000909463     : 22   : 16.2385
  NumberOfTasks     [tasks  ] : 6               : 0    : 6               : 0               : 6               : 0    : 0
  NumberOfPatches   [patches] : 1               : 0    : 1               : 0               : 1               : 0    : 0
  NumberOfCells     [cells  ] : 32768           : 0    : 32768           : 0               : 32768           : 0    : 0
  SCIMemoryUsed     [MBytes ] : 1.84156e+08     : 17   : 1.86035e+08     : 496983          : 1.87097e+08     : 0    : 0.567423
  SCIMemoryMaxUsed  [MBytes ] : 1.84156e+08     : 17   : 1.86035e+08     : 496983          : 1.87097e+08     : 0    : 0.567423
  MemoryUsed        [MBytes ] : 8.01608e+08     : 26   : 8.16344e+08     : 9.37725e+06     : 8.44575e+08     : 0    : 3.34256
  MemoryResident    [MBytes ] : 1.84156e+08     : 17   : 1.86035e+08     : 496983          : 1.87097e+08     : 0    : 0.567423
  Percentage of time spent in overhead : 5.02174

________________________________________________________________________________
--------------------------------------------------------------------------------
MPIStats:+
--------------------------------------------------------------------------------
                Name:       Total:         Avg:         Min:         Max:    Max rank: Hist %% [  Q1 |  Q2 |  Q3 |  Q4 ]:  %%Load Imbalance
         Count: Recv:          544           17           17           17           27           100.0   0.0   0.0   0.0     0.0
         Count: Redu:          256            8            8            8           11           100.0   0.0   0.0   0.0     0.0
         Count: Send:          544           17           17           17           29           100.0   0.0   0.0   0.0     0.0
         Count: Test:          236         7.38            6           12           25            59.4  21.9  12.5   6.2    38.5
         Count: Wait:          896           28           28           28           21           100.0   0.0   0.0   0.0     0.0
          Time: Recv:     0.302 ms  9.44e+03 ns  4.55e+03 ns    0.0301 ms           30            71.9  12.5   9.4   6.2    68.6
          Time: Redu:      35.8 ms      1.12 ms     0.256 ms      3.14 ms           25            50.0  37.5   3.1   9.4    64.3
          Time: Send:      2.71 ms    0.0846 ms    0.0496 ms     0.165 ms           30            75.0   6.2   0.0  18.8    48.8
          Time: Test:     0.256 ms  8.01e+03 ns  2.26e+03 ns    0.0227 ms           19            50.0  34.4   9.4   6.2    64.7
          Time: Wait:      15.6 ms     0.487 ms     0.138 ms     0.734 ms            9             9.4  28.1  31.2  31.2    33.7
Volume Recv TOTAL   :        16 MB       511 KB       511 KB       513 KB            0            96.9   0.0   0.0   3.1     0.4
Volume Recv0: <= 64B:           33         1.03            1            2            0            96.9   0.0   0.0   3.1    48.4
Volume Recv1: <= 4KB:          293         9.16            9           14            0            96.9   0.0   0.0   3.1    34.6
Volume Recv2: <= 2MB:          288            9            9            9           12           100.0   0.0   0.0   0.0     0.0
Volume Send TOTAL   :        16 MB       513 KB       513 KB       513 KB            4           100.0   0.0   0.0   0.0     0.0
Volume Send0: <= 64B:           64            2            2            2           24           100.0   0.0   0.0   0.0     0.0
Volume Send1: <= 4KB:          448           14           14           14            8           100.0   0.0   0.0   0.0     0.0
Volume Send2: <= 2MB:          288            9            9            9           16           100.0   0.0   0.0   0.0     0.0

Timestep 6       Time=6e-05       Next delT=1e-05       Wall Time=0.210298  EMA=0.014681    Memory Used=182.56 MBs (avg) 186.16 MBs (max on rank: 17    )
Runtime Summary  summary stats for time step 6 at time=6e-05
  Description       Units       Minimum           Rank   Average (32)      Std. Dev.         Maximum           Rank   100*(1-ave/max) '% load imbalance'
  TaskExec          [seconds] : 0.0101904       : 22   : 0.0103485       : 0.000138814     : 0.010754        : 25   : 3.77006
  TaskLocalComm     [seconds] : 0.00121552      : 25   : 0.00140578      : 7.81952e-05     : 0.00163108      : 23   : 13.8128
  TaskWaitCommTime  [seconds] : 0.000306411     : 25   : 0.000728214     : 0.000152917     : 0.000919523     : 6    : 20.8052
  NumberOfTasks     [tasks  ] : 6               : 0    : 6               : 0               : 6               : 0    : 0
  NumberOfPatches   [patches] : 1               : 0    : 1               : 0               : 1               : 0    : 0
  NumberOfCells     [cells  ] : 32768           : 0    : 32768           : 0               : 32768           : 0    : 0
  SCIMemoryUsed     [MBytes ] : 1.81912e+08     : 2    : 1.82559e+08     : 752921          : 1.86163e+08     : 17   : 1.93578
  SCIMemoryMaxUsed  [MBytes ] : 1.81912e+08     : 2    : 1.82559e+08     : 752921          : 1.86163e+08     : 17   : 1.93578
  MemoryUsed        [MBytes ] : 7.97831e+08     : 26   : 8.12748e+08     : 9.19493e+06     : 8.40798e+08     : 0    : 3.33617
  MemoryResident    [MBytes ] : 1.81912e+08     : 2    : 1.82559e+08     : 752921          : 1.86163e+08     : 17   : 1.93578
  Percentage of time spent in overhead : 4.18194

________________________________________________________________________________
--------------------------------------------------------------------------------
MPIStats:+
--------------------------------------------------------------------------------
                Name:       Total:         Avg:         Min:         Max:    Max rank: Hist %% [  Q1 |  Q2 |  Q3 |  Q4 ]:  %%Load Imbalance
         Count: Recv:          544           17           17           17           27           100.0   0.0   0.0   0.0     0.0
         Count: Redu:          256            8            8            8           11           100.0   0.0   0.0   0.0     0.0
         Count: Send:          544           17           17           17           29           100.0   0.0   0.0   0.0     0.0
         Count: Test:          237         7.41            6           11           31            62.5  18.8   0.0  18.8    32.7
         Count: Wait:          896           28           28           28           21           100.0   0.0   0.0   0.0     0.0
          Time: Recv:     0.257 ms  8.02e+03 ns  4.73e+03 ns    0.0205 ms           29            78.1   6.2   9.4   6.2    60.9
          Time: Redu:        40 ms      1.25 ms     0.246 ms      2.93 ms           25            34.4  50.0   3.1  12.5    57.4
          Time: Send:      2.28 ms    0.0712 ms    0.0426 ms     0.149 ms           16            34.4  62.5   0.0   3.1    52.1
          Time: Test:      0.26 ms  8.12e+03 ns   2.1e+03 ns    0.0243 ms           24            59.4  25.0   6.2   9.4    66.6
          Time: Wait:      16.4 ms     0.511 ms     0.143 ms     0.687 ms            9            12.5   0.0  43.8  43.8    25.6
Volume Recv TOTAL   :        16 MB       511 KB       511 KB       513 KB            0            96.9   0.0   0.0   3.1     0.4
Volume Recv0: <= 64B:           33         1.03            1            2            0            96.9   0.0   0.0   3.1    48.4
Volume Recv1: <= 4KB:          293         9.16            9           14            0            96.9   0.0   0.0   3.1    34.6
Volume Recv2: <= 2MB:          288            9            9            9           12           100.0   0.0   0.0   0.0     0.0
Volume Send TOTAL   :        16 MB       513 KB       513 KB       513 KB            4           100.0   0.0   0.0   0.0     0.0
Volume Send0: <= 64B:           64            2            2            2           24           100.0   0.0   0.0   0.0     0.0
Volume Send1: <= 4KB:          448           14           14           14            8           100.0   0.0   0.0   0.0     0.0
Volume Send2: <= 2MB:          288            9            9            9           16           100.0   0.0   0.0   0.0     0.0

Timestep 7       Time=7e-05       Next delT=1e-05       Wall Time=0.22336   EMA=0.0142759   Memory Used=186.27 MBs (avg) 187.51 MBs (max on rank: 0     )
Runtime Summary  summary stats for time step 7 at time=7e-05
  Description       Units       Minimum           Rank   Average (32)      Std. Dev.         Maximum           Rank   100*(1-ave/max) '% load imbalance'
  TaskExec          [seconds] : 0.0110339       : 29   : 0.01121         : 0.000141967     : 0.0116529       : 25   : 3.80076
  TaskLocalComm     [seconds] : 0.00120298      : 25   : 0.00138301      : 6.76333e-05     : 0.00148751      : 22   : 7.02516
  TaskWaitCommTime  [seconds] : 0.000297951     : 25   : 0.000763366     : 0.000142902     : 0.000893754     : 28   : 14.5889
  NumberOfTasks     [tasks  ] : 6               : 0    : 6               : 0               : 6               : 0    : 0
  NumberOfPatches   [patches] : 1               : 0    : 1               : 0               : 1               : 0    : 0
  NumberOfCells     [cells  ] : 32768           : 0    : 32768           : 0               : 32768           : 0    : 0
  SCIMemoryUsed     [MBytes ] : 1.84386e+08     : 17   : 1.86271e+08     : 508892          : 1.87515e+08     : 0    : 0.663226
  SCIMemoryMaxUsed  [MBytes ] : 1.84386e+08     : 17   : 1.86271e+08     : 508892          : 1.87515e+08     : 0    : 0.663226
  MemoryUsed        [MBytes ] : 8.01608e+08     : 26   : 8.16344e+08     : 9.37725e+06     : 8.44575e+08     : 0    : 3.34256
  MemoryResident    [MBytes ] : 1.84386e+08     : 17   : 1.86271e+08     : 508892          : 1.87515e+08     : 0    : 0.663226
  Percentage of time spent in overhead : 3.58084

________________________________________________________________________________
--------------------------------------------------------------------------------
MPIStats:+
--------------------------------------------------------------------------------
                Name:       Total:         Avg:         Min:         Max:    Max rank: Hist %% [  Q1 |  Q2 |  Q3 |  Q4 ]:  %%Load Imbalance
         Count: Recv:          544           17           17           17           27           100.0   0.0   0.0   0.0     0.0
         Count: Redu:          256            8            8            8           11           100.0   0.0   0.0   0.0     0.0
         Count: Send:          544           17           17           17           29           100.0   0.0   0.0   0.0     0.0
         Count: Test:          235         7.34            6           11           31            62.5  21.9   0.0  15.6    33.2
         Count: Wait:          896           28           28           28           21           100.0   0.0   0.0   0.0     0.0
          Time: Recv:     0.267 ms  8.33e+03 ns   4.9e+03 ns    0.0275 ms           31            78.1  15.6   3.1   3.1    69.7
          Time: Redu:      40.2 ms      1.25 ms     0.233 ms      3.21 ms           10            37.5  53.1   0.0   9.4    60.9
          Time: Send:      2.51 ms    0.0785 ms    0.0483 ms     0.208 ms            1            90.6   0.0   6.2   3.1    62.3
          Time: Test:     0.263 ms  8.23e+03 ns  2.43e+03 ns    0.0221 ms            2            50.0  37.5   6.2   6.2    62.8
          Time: Wait:      17.6 ms      0.55 ms     0.149 ms     0.814 ms           14             9.4  18.8  46.9  25.0    32.4
Volume Recv TOTAL   :        16 MB       511 KB       511 KB       513 KB            0            96.9   0.0   0.0   3.1     0.4
Volume Recv0: <= 64B:           33         1.03            1            2            0            96.9   0.0   0.0   3.1    48.4
Volume Recv1: <= 4KB:          293         9.16            9           14            0            96.9   0.0   0.0   3.1    34.6
Volume Recv2: <= 2MB:          288            9            9            9           12           100.0   0.0   0.0   0.0     0.0
Volume Send TOTAL   :        16 MB       513 KB       513 KB       513 KB            4           100.0   0.0   0.0   0.0     0.0
Volume Send0: <= 64B:           64            2            2            2           24           100.0   0.0   0.0   0.0     0.0
Volume Send1: <= 4KB:          448           14           14           14            8           100.0   0.0   0.0   0.0     0.0
Volume Send2: <= 2MB:          288            9            9            9           16           100.0   0.0   0.0   0.0     0.0

Timestep 8       Time=8e-05       Next delT=1e-05       Wall Time=0.235525  EMA=0.013807    Memory Used=184.62 MBs (avg) 186.39 MBs (max on rank: 17    )
Runtime Summary  summary stats for time step 8 at time=8e-05
  Description       Units       Minimum           Rank   Average (32)      Std. Dev.         Maximum           Rank   100*(1-ave/max) '% load imbalance'
  TaskExec          [seconds] : 0.0100958       : 0    : 0.0102527       : 0.000164906     : 0.0107577       : 25   : 4.69421
  TaskLocalComm     [seconds] : 0.00119646      : 25   : 0.00136696      : 8.44709e-05     : 0.00166036      : 11   : 17.6705
  TaskWaitCommTime  [seconds] : 0.000318171     : 25   : 0.000817416     : 0.000165881     : 0.000986353     : 6    : 17.1274
  NumberOfTasks     [tasks  ] : 6               : 0    : 6               : 0               : 6               : 0    : 0
  NumberOfPatches   [patches] : 1               : 0    : 1               : 0               : 1               : 0    : 0
  NumberOfCells     [cells  ] : 32768           : 0    : 32768           : 0               : 32768           : 0    : 0
  SCIMemoryUsed     [MBytes ] : 1.84013e+08     : 2    : 1.84619e+08     : 503249          : 1.86393e+08     : 17   : 0.951317
  SCIMemoryMaxUsed  [MBytes ] : 1.84013e+08     : 2    : 1.84619e+08     : 503249          : 1.86393e+08     : 17   : 0.951317
  MemoryUsed        [MBytes ] : 7.99719e+08     : 26   : 8.14576e+08     : 9.2442e+06      : 8.42686e+08     : 0    : 3.33585
  MemoryResident    [MBytes ] : 1.84013e+08     : 2    : 1.84619e+08     : 503249          : 1.86393e+08     : 17   : 0.951317
  Percentage of time spent in overhead : 3.12871

________________________________________________________________________________
--------------------------------------------------------------------------------
MPIStats:+
--------------------------------------------------------------------------------
                Name:       Total:         Avg:         Min:         Max:    Max rank: Hist %% [  Q1 |  Q2 |  Q3 |  Q4 ]:  %%Load Imbalance
         Count: Recv:          544           17           17           17           27           100.0   0.0   0.0   0.0     0.0
         Count: Redu:          256            8            8            8           11           100.0   0.0   0.0   0.0     0.0
         Count: Send:          544           17           17           17           29           100.0   0.0   0.0   0.0     0.0
         Count: Test:          232         7.25            6           11           31            68.8  12.5   0.0  18.8    34.1
         Count: Wait:          896           28           28           28           21           100.0   0.0   0.0   0.0     0.0
          Time: Recv:     0.313 ms  9.79e+03 ns  4.62e+03 ns    0.0456 ms           27            84.4  12.5   0.0   3.1    78.5
          Time: Redu:      30.1 ms     0.941 ms      0.23 ms      2.72 ms           25            46.9  43.8   0.0   9.4    65.4
          Time: Send:      2.36 ms    0.0738 ms    0.0592 ms     0.153 ms           27            90.6   3.1   3.1   3.1    51.6
          Time: Test:     0.236 ms  7.38e+03 ns  2.23e+03 ns    0.0206 ms           25            59.4  18.8   9.4  12.5    64.1
          Time: Wait:      16.7 ms     0.521 ms     0.135 ms     0.721 ms            5             9.4   9.4  43.8  37.5    27.7
Volume Recv TOTAL   :        16 MB       511 KB       511 KB       513 KB            0            96.9   0.0   0.0   3.1     0.4
Volume Recv0: <= 64B:           33         1.03            1            2            0            96.9   0.0   0.0   3.1    48.4
Volume Recv1: <= 4KB:          293         9.16            9           14            0            96.9   0.0   0.0   3.1    34.6
Volume Recv2: <= 2MB:          288            9            9            9           12           100.0   0.0   0.0   0.0     0.0
Volume Send TOTAL   :        16 MB       513 KB       513 KB       513 KB            4           100.0   0.0   0.0   0.0     0.0
Volume Send0: <= 64B:           64            2            2            2           24           100.0   0.0   0.0   0.0     0.0
Volume Send1: <= 4KB:          448           14           14           14            8           100.0   0.0   0.0   0.0     0.0
Volume Send2: <= 2MB:          288            9            9            9           16           100.0   0.0   0.0   0.0     0.0

Timestep 9       Time=9e-05       Next delT=1e-05       Wall Time=0.247666  EMA=0.0134738   Memory Used=186.50 MBs (avg) 187.94 MBs (max on rank: 0     )
Runtime Summary  summary stats for time step 9 at time=9e-05
  Description       Units       Minimum           Rank   Average (32)      Std. Dev.         Maximum           Rank   100*(1-ave/max) '% load imbalance'
  TaskExec          [seconds] : 0.0100955       : 29   : 0.0102501       : 0.000161985     : 0.010724        : 25   : 4.41936
  TaskLocalComm     [seconds] : 0.00119903      : 25   : 0.00141441      : 9.50433e-05     : 0.00175509      : 27   : 19.4109
  TaskWaitCommTime  [seconds] : 0.000306292     : 25   : 0.000779679     : 0.000162266     : 0.000933433     : 17   : 16.4719
  NumberOfTasks     [tasks  ] : 6               : 0    : 6               : 0               : 6               : 0    : 0
  NumberOfPatches   [patches] : 1               : 0    : 1               : 0               : 1               : 0    : 0
  NumberOfCells     [cells  ] : 32768           : 0    : 32768           : 0               : 32768           : 0    : 0
  SCIMemoryUsed     [MBytes ] : 1.84603e+08     : 17   : 1.86499e+08     : 526642          : 1.87941e+08     : 0    : 0.767288
  SCIMemoryMaxUsed  [MBytes ] : 1.84603e+08     : 17   : 1.86499e+08     : 526642          : 1.87941e+08     : 0    : 0.767288
  MemoryUsed        [MBytes ] : 8.01608e+08     : 26   : 8.16344e+08     : 9.37725e+06     : 8.44575e+08     : 0    : 3.34256
  MemoryResident    [MBytes ] : 1.84603e+08     : 17   : 1.86499e+08     : 526642          : 1.87941e+08     : 0    : 0.767288
  Percentage of time spent in overhead : 2.77569

________________________________________________________________________________
--------------------------------------------------------------------------------
MPIStats:+
--------------------------------------------------------------------------------
                Name:       Total:         Avg:         Min:         Max:    Max rank: Hist %% [  Q1 |  Q2 |  Q3 |  Q4 ]:  %%Load Imbalance
         Count: Recv:          544           17           17           17           27           100.0   0.0   0.0   0.0     0.0
         Count: Redu:          256            8            8            8           11           100.0   0.0   0.0   0.0     0.0
         Count: Send:          544           17           17           17           29           100.0   0.0   0.0   0.0     0.0
         Count: Test:          233         7.28            6           12           25            65.6  12.5  15.6   6.2    39.3
         Count: Wait:          896           28           28           28           21           100.0   0.0   0.0   0.0     0.0
          Time: Recv:     0.274 ms  8.56e+03 ns  5.08e+03 ns    0.0195 ms           29            71.9   3.1  15.6   9.4    56.2
          Time: Redu:      29.9 ms     0.935 ms     0.193 ms      3.14 ms           25            62.5  28.1   3.1   6.2    70.2
          Time: Send:      2.34 ms    0.0731 ms    0.0518 ms     0.149 ms            5            81.2  15.6   0.0   3.1    51.1
          Time: Test:     0.247 ms  7.73e+03 ns  2.29e+03 ns    0.0244 ms           24            59.4  28.1   3.1   9.4    68.3
          Time: Wait:      17.2 ms     0.536 ms     0.132 ms     0.874 ms           14             9.4  28.1  50.0  12.5    38.7
Volume Recv TOTAL   :        16 MB       511 KB       511 KB       513 KB            0            96.9   0.0   0.0   3.1     0.4
Volume Recv0: <= 64B:           33         1.03            1            2            0            96.9   0.0   0.0   3.1    48.4
Volume Recv1: <= 4KB:          293         9.16            9           14            0            96.9   0.0   0.0   3.1    34.6
Volume Recv2: <= 2MB:          288            9            9            9           12           100.0   0.0   0.0   0.0     0.0
Volume Send TOTAL   :        16 MB       513 KB       513 KB       513 KB            4           100.0   0.0   0.0   0.0     0.0
Volume Send0: <= 64B:           64            2            2            2           24           100.0   0.0   0.0   0.0     0.0
Volume Send1: <= 4KB:          448           14           14           14            8           100.0   0.0   0.0   0.0     0.0
Volume Send2: <= 2MB:          288            9            9            9           16           100.0   0.0   0.0   0.0     0.0

Timestep 10      Time=0.0001      Next delT=1e-05       Wall Time=0.259826  EMA=0.0132349   Memory Used=183.62 MBs (avg) 186.61 MBs (max on rank: 17    )
Runtime Summary  summary stats for time step 10 at time=0.0001
  Description       Units       Minimum           Rank   Average (32)      Std. Dev.         Maximum           Rank   100*(1-ave/max) '% load imbalance'
  TaskExec          [seconds] : 0.0100193       : 14   : 0.0102498       : 0.000178711     : 0.0108278       : 25   : 5.33791
  TaskLocalComm     [seconds] : 0.0011793       : 25   : 0.0014042       : 6.73395e-05     : 0.00152414      : 5    : 7.86936
  TaskWaitCommTime  [seconds] : 0.000289942     : 25   : 0.000805698     : 0.000165496     : 0.00104592      : 6    : 22.9678
  NumberOfTasks     [tasks  ] : 6               : 0    : 6               : 0               : 6               : 0    : 0
  NumberOfPatches   [patches] : 1               : 0    : 1               : 0               : 1               : 0    : 0
  NumberOfCells     [cells  ] : 32768           : 0    : 32768           : 0               : 32768           : 0    : 0
  SCIMemoryUsed     [MBytes ] : 1.82948e+08     : 2    : 1.83617e+08     : 680078          : 1.86606e+08     : 17   : 1.60132
  SCIMemoryMaxUsed  [MBytes ] : 1.82948e+08     : 2    : 1.83617e+08     : 680078          : 1.86606e+08     : 17   : 1.60132
  MemoryUsed        [MBytes ] : 7.98462e+08     : 26   : 8.13357e+08     : 9.20992e+06     : 8.41429e+08     : 0    : 3.33621
  MemoryResident    [MBytes ] : 1.82948e+08     : 2    : 1.83617e+08     : 680078          : 1.86606e+08     : 17   : 1.60132
  Percentage of time spent in overhead : 2.49186
Sus: going down successfully
