Parallel: 512 MPI processes (using MPI)
Parallel: MPI Level Required: 0, provided: 0
Date:       Thu Aug 25 11:44:45 2022
Machine:    ash290
git branch:wasatch-low-cost-integ-cmake
git date:   Sat Jul 30 10:34:22 2022 -0600
git hash:   9315f9f96fa6304db4fe79378b145f37ea40016d
Assertion level: 0
CFLAGS:          
CXXFLAGS:        
______________________________________________________________________
Application Component: 	'wasatch'

-------------------------------------------------------------
Wasatch was built against:
  SpatialOps HASH: bd7a2bac76e42e2cb528b02e2cf1291d05c71926
             DATE: Fri Nov 12 11:34:54 2021 -0700
     ExprLib HASH: d2950c77edb22e5f3669ddaaf2d2ed29ceb24d2c
             DATE: Thu Aug 5 12:26:26 2021 -0600
    TabProps HASH: eca0dc5f26b20d4f6b1cebe51b1ae97e11871e83
             DATE: Wed Aug 11 20:11:26 2021 -0600
-------------------------------------------------------------

Linear Solver: 		hypre
Load Balancer: 		Simple
Scheduler: 		MPI
Patch layout: 		(8,8,8)
Grid statistics:
Number of levels:		1
Level 0:
  Periodic boundaries:		[int 1, 1, 1]
  Number of patches:		512
  Total number of cells:	16777216 (32768 avg. per patch)
Total patches in grid:		512
Total cells in grid:		16777216 (32768 avg. per patch)

Using small, individual MPI messages (no message combining)
Detected solver: hypre
SETTING UP CONVECTIVE FLUX EXPRESSION IN X DIRECTION USING CENTRAL
SETTING UP CONVECTIVE FLUX EXPRESSION IN Y DIRECTION USING CENTRAL
SETTING UP CONVECTIVE FLUX EXPRESSION IN Z DIRECTION USING CENTRAL
Setting initial conditions for scalability test equation: scalability0
SETTING UP CONVECTIVE FLUX EXPRESSION IN X DIRECTION USING CENTRAL
SETTING UP CONVECTIVE FLUX EXPRESSION IN Y DIRECTION USING CENTRAL
SETTING UP CONVECTIVE FLUX EXPRESSION IN Z DIRECTION USING CENTRAL
Setting initial conditions for scalability test equation: scalability1
SETTING UP CONVECTIVE FLUX EXPRESSION IN X DIRECTION USING CENTRAL
SETTING UP CONVECTIVE FLUX EXPRESSION IN Y DIRECTION USING CENTRAL
SETTING UP CONVECTIVE FLUX EXPRESSION IN Z DIRECTION USING CENTRAL
Setting initial conditions for scalability test equation: scalability2
SETTING UP CONVECTIVE FLUX EXPRESSION IN X DIRECTION USING CENTRAL
SETTING UP CONVECTIVE FLUX EXPRESSION IN Y DIRECTION USING CENTRAL
SETTING UP CONVECTIVE FLUX EXPRESSION IN Z DIRECTION USING CENTRAL
Setting initial conditions for scalability test equation: scalability3
SETTING UP CONVECTIVE FLUX EXPRESSION IN X DIRECTION USING CENTRAL
SETTING UP CONVECTIVE FLUX EXPRESSION IN Y DIRECTION USING CENTRAL
SETTING UP CONVECTIVE FLUX EXPRESSION IN Z DIRECTION USING CENTRAL
Setting initial conditions for scalability test equation: scalability4
SETTING UP CONVECTIVE FLUX EXPRESSION IN X DIRECTION USING CENTRAL
SETTING UP CONVECTIVE FLUX EXPRESSION IN Y DIRECTION USING CENTRAL
SETTING UP CONVECTIVE FLUX EXPRESSION IN Z DIRECTION USING CENTRAL
Setting initial conditions for scalability test equation: scalability5
SETTING UP CONVECTIVE FLUX EXPRESSION IN X DIRECTION USING CENTRAL
SETTING UP CONVECTIVE FLUX EXPRESSION IN Y DIRECTION USING CENTRAL
SETTING UP CONVECTIVE FLUX EXPRESSION IN Z DIRECTION USING CENTRAL
Setting initial conditions for scalability test equation: scalability6
SETTING UP CONVECTIVE FLUX EXPRESSION IN X DIRECTION USING CENTRAL
SETTING UP CONVECTIVE FLUX EXPRESSION IN Y DIRECTION USING CENTRAL
SETTING UP CONVECTIVE FLUX EXPRESSION IN Z DIRECTION USING CENTRAL
Setting initial conditions for scalability test equation: scalability7
SETTING UP CONVECTIVE FLUX EXPRESSION IN X DIRECTION USING CENTRAL
SETTING UP CONVECTIVE FLUX EXPRESSION IN Y DIRECTION USING CENTRAL
SETTING UP CONVECTIVE FLUX EXPRESSION IN Z DIRECTION USING CENTRAL
Setting initial conditions for scalability test equation: scalability8
SETTING UP CONVECTIVE FLUX EXPRESSION IN X DIRECTION USING CENTRAL
SETTING UP CONVECTIVE FLUX EXPRESSION IN Y DIRECTION USING CENTRAL
SETTING UP CONVECTIVE FLUX EXPRESSION IN Z DIRECTION USING CENTRAL
Setting initial conditions for scalability test equation: scalability9
------------------------------------------------
No BoundaryConditions specified
  This message will only occur once

Compiling initialization taskgraph.
------------------------------------------------
SETTING INITIAL BOUNDARY CONDITIONS:
------------------------------------------------
Setting Initial BCs for transport equation 'scalability0'
Setting Initial BCs for transport equation 'scalability1'
Setting Initial BCs for transport equation 'scalability2'
Setting Initial BCs for transport equation 'scalability3'
Setting Initial BCs for transport equation 'scalability4'
Setting Initial BCs for transport equation 'scalability5'
Setting Initial BCs for transport equation 'scalability6'
Setting Initial BCs for transport equation 'scalability7'
Setting Initial BCs for transport equation 'scalability8'
Setting Initial BCs for transport equation 'scalability9'
------------------------------------------------
Wasatch: done creating initialization task(s)
Scheduling Task 'compute timestep' COMPUTES 'delT' in NEW data warehouse
Wasatch: done creating timestep task(s)
Done with taskgraph compile (0.000456961 seconds)
Warning: addContribution not implemented for LoadBalancerCommon.
WARNING at time step 0 and sim time 0 : lowering the next delT from 1 to the maximum: 1e-05

________________________________________________________________________________
--------------------------------------------------------------------------------
MPIStats:+
--------------------------------------------------------------------------------
                Name:       Total:         Avg:         Min:         Max:    Max rank: Hist %% [  Q1 |  Q2 |  Q3 |  Q4 ]:  %%Load Imbalance
         Count: Comm:          512            1            1            1          510           100.0   0.0   0.0   0.0     0.0
         Count: Gath:     1.02e+03            2            2            2          510           100.0   0.0   0.0   0.0     0.0
         Count: Redu:          512            1            1            1          510           100.0   0.0   0.0   0.0     0.0
          Time: Comm:      3.72 s       7.27 ms      1.27 ms      11.6 ms          441             6.8  39.8  22.1  31.2    37.5
          Time: Gath:      43.5 s         85 ms      27.3 ms     0.162 s           158            39.8  29.1   2.0  29.1    47.5
          Time: Redu:       144 s      0.281 s      0.279 ms     0.286 s           255             0.2   0.0   0.0  99.8     1.9
Volume Recv TOTAL   :      2.08 MB      4.17 KB      4.17 KB      4.17 KB          510           100.0   0.0   0.0   0.0     0.0
Volume Recv0: <= 64B:          512            1            1            1          510           100.0   0.0   0.0   0.0     0.0
Volume Recv1: <= 4KB:     1.02e+03            2            2            2          510           100.0   0.0   0.0   0.0     0.0
Volume Send TOTAL   :       136 KB    272.812 B        269 B        273 B          486             4.7   0.0   0.0  95.3     0.1
Volume Send0: <= 64B:     1.02e+03            2            2            2          510           100.0   0.0   0.0   0.0     0.0
Volume Send1: <= 4KB:          512            1            1            1          510           100.0   0.0   0.0   0.0     0.0


Simulation and run time stats are reported at the end of each time step
EMA == Wall time as an exponential moving average using a window of the last 10 time steps
Timestep 0       Time=0           Next delT=1e-05       Wall Time=0.436536  EMA=0.435883    Memory Used=88.69 MBs  (avg) 89.59 MBs  (max on rank: 304   )
Warning: finalizeContributions not implemented for LoadBalancerCommon.
Warning: resetCostForecaster not implemented for LoadBalancerCommon.
Compiling taskgraph(s)...
------------------------------------------------
SETTING BOUNDARY CONDITIONS:
------------------------------------------------
Setting BCs for transport equation 'scalability0'
Setting BCs for transport equation 'scalability1'
Setting BCs for transport equation 'scalability2'
Setting BCs for transport equation 'scalability3'
Setting BCs for transport equation 'scalability4'
Setting BCs for transport equation 'scalability5'
Setting BCs for transport equation 'scalability6'
Setting BCs for transport equation 'scalability7'
Setting BCs for transport equation 'scalability8'
Setting BCs for transport equation 'scalability9'
------------------------------------------------
Wasatch: done creating solution task(s)
Wasatch: done creating post-processing task(s)
Scheduling Task 'compute timestep' COMPUTES 'delT' in NEW data warehouse
Wasatch: done creating timestep task(s)
Done with taskgraph compile (0.0233365 seconds)

________________________________________________________________________________
--------------------------------------------------------------------------------
MPIStats:+
--------------------------------------------------------------------------------
                Name:       Total:         Avg:         Min:         Max:    Max rank: Hist %% [  Q1 |  Q2 |  Q3 |  Q4 ]:  %%Load Imbalance
         Count: Recv:     1.33e+04           26           26           26          510           100.0   0.0   0.0   0.0     0.0
         Count: Redu:      4.1e+03            8            8            8          510           100.0   0.0   0.0   0.0     0.0
         Count: Send:     1.33e+04           26           26           26          510           100.0   0.0   0.0   0.0     0.0
         Count: Test:     3.22e+03          6.3            6           12          511            95.7   2.7   0.2   1.4    47.5
         Count: Wait:     2.36e+04           46           46           46          510           100.0   0.0   0.0   0.0     0.0
          Time: Recv:      15.6 ms    0.0306 ms    0.0148 ms    0.0931 ms          506            71.5  23.0   4.9   0.6    67.2
          Time: Redu:      15.3 s       29.8 ms     0.556 ms      39.7 ms           16             1.4   2.9  40.8  54.9    25.0
          Time: Send:     0.541 s       1.06 ms     0.842 ms      1.58 ms          222            42.4  48.4   6.6   2.5    33.0
          Time: Test:      42.7 ms    0.0835 ms   7.1e+03 ns     0.464 ms          185            89.6   8.8   0.6   1.0    82.0
          Time: Wait:      2.07 s       4.05 ms     0.404 ms        45 ms          440            95.3   1.0   0.6   3.1    91.0
Volume Recv TOTAL   :       255 MB       511 KB       511 KB       513 KB            0            99.8   0.0   0.0   0.2     0.4
Volume Recv0: <= 64B:          513            1            1            2            0            99.8   0.0   0.0   0.2    49.9
Volume Recv1: <= 4KB:     1.08e+04           21           21           26            0            99.8   0.0   0.0   0.2    19.2
Volume Recv2: <= 2MB:     3.07e+03            6            6            6          510           100.0   0.0   0.0   0.0     0.0
Volume Send TOTAL   :       256 MB       513 KB       513 KB       513 KB          510           100.0   0.0   0.0   0.0     0.0
Volume Send0: <= 64B:     1.02e+03            2            2            2          510           100.0   0.0   0.0   0.0     0.0
Volume Send1: <= 4KB:     1.33e+04           26           26           26          510           100.0   0.0   0.0   0.0     0.0
Volume Send2: <= 2MB:     3.07e+03            6            6            6          510           100.0   0.0   0.0   0.0     0.0

Timestep 1       Time=1e-05       Next delT=1e-05       Wall Time=0.521767  EMA=0.0851597   Memory Used=100.33 MBs (avg) 101.18 MBs (max on rank: 192   )
Runtime Summary  summary stats for time step 1 at time=1e-05
  Description       Units       Minimum           Rank   Average (512)     Std. Dev.         Maximum           Rank   100*(1-ave/max) '% load imbalance'
  Compilation       [seconds] : 0.0104595       : 142  : 0.012057        : 0.00106798      : 0.0233365       : 0    : 48.3342
  TaskExec          [seconds] : 0.0254357       : 440  : 0.0669539       : 0.00754015      : 0.0714176       : 88   : 6.25006
  TaskLocalComm     [seconds] : 0.00286314      : 386  : 0.00368348      : 0.00038969      : 0.00527188      : 8    : 30.1298
  TaskWaitCommTime  [seconds] : 0.000686683     : 407  : 0.00443867      : 0.00720298      : 0.0454348       : 440  : 90.2307
  NumberOfTasks     [tasks  ] : 6               : 0    : 6               : 0               : 6               : 0    : 0
  NumberOfPatches   [patches] : 1               : 0    : 1               : 0               : 1               : 0    : 0
  NumberOfCells     [cells  ] : 32768           : 0    : 32768           : 0               : 32768           : 0    : 0
  SCIMemoryUsed     [MBytes ] : 9.9242e+07      : 487  : 1.00326e+08     : 317441          : 1.01175e+08     : 192  : 0.838956
  SCIMemoryMaxUsed  [MBytes ] : 9.9242e+07      : 487  : 1.00326e+08     : 317441          : 1.01175e+08     : 192  : 0.838956
  MemoryUsed        [MBytes ] : 6.80849e+08     : 379  : 7.02777e+08     : 8.12546e+06     : 7.19536e+08     : 64   : 2.3291
  MemoryResident    [MBytes ] : 9.9242e+07      : 487  : 1.00326e+08     : 317441          : 1.01175e+08     : 192  : 0.838956
  Percentage of time spent in overhead : 13.8374

________________________________________________________________________________
--------------------------------------------------------------------------------
MPIStats:+
--------------------------------------------------------------------------------
                Name:       Total:         Avg:         Min:         Max:    Max rank: Hist %% [  Q1 |  Q2 |  Q3 |  Q4 ]:  %%Load Imbalance
         Count: Recv:     1.33e+04           26           26           26          510           100.0   0.0   0.0   0.0     0.0
         Count: Redu:      4.1e+03            8            8            8          510           100.0   0.0   0.0   0.0     0.0
         Count: Send:     1.33e+04           26           26           26          510           100.0   0.0   0.0   0.0     0.0
         Count: Test:     3.23e+03          6.3            6           12          511            95.3   3.1   0.2   1.4    47.5
         Count: Wait:     2.36e+04           46           46           46          510           100.0   0.0   0.0   0.0     0.0
          Time: Recv:      10.8 ms    0.0211 ms    0.0127 ms    0.0905 ms          510            82.2  13.9   1.8   2.1    76.7
          Time: Redu:      9.58 s       18.7 ms     0.609 ms      30.9 ms          499            13.3  13.3  42.2  31.2    39.4
          Time: Send:      68.7 ms     0.134 ms    0.0888 ms     0.288 ms           63            65.8  27.7   4.9   1.6    53.4
          Time: Test:      7.84 ms    0.0153 ms  2.28e+03 ns     0.454 ms          453            98.6   0.0   0.2   1.2    96.6
          Time: Wait:      3.05 s       5.96 ms     0.256 ms      31.6 ms          207            76.6   1.4  12.9   9.2    81.1
Volume Recv TOTAL   :       255 MB       511 KB       511 KB       513 KB            0            99.8   0.0   0.0   0.2     0.4
Volume Recv0: <= 64B:          513            1            1            2            0            99.8   0.0   0.0   0.2    49.9
Volume Recv1: <= 4KB:     1.08e+04           21           21           26            0            99.8   0.0   0.0   0.2    19.2
Volume Recv2: <= 2MB:     3.07e+03            6            6            6          510           100.0   0.0   0.0   0.0     0.0
Volume Send TOTAL   :       256 MB       513 KB       513 KB       513 KB          510           100.0   0.0   0.0   0.0     0.0
Volume Send0: <= 64B:     1.02e+03            2            2            2          510           100.0   0.0   0.0   0.0     0.0
Volume Send1: <= 4KB:     1.33e+04           26           26           26          510           100.0   0.0   0.0   0.0     0.0
Volume Send2: <= 2MB:     3.07e+03            6            6            6          510           100.0   0.0   0.0   0.0     0.0

Timestep 2       Time=2e-05       Next delT=1e-05       Wall Time=0.569162  EMA=0.0599846   Memory Used=100.39 MBs (avg) 101.26 MBs (max on rank: 248   )
Runtime Summary  summary stats for time step 2 at time=2e-05
  Description       Units       Minimum           Rank   Average (512)     Std. Dev.         Maximum           Rank   100*(1-ave/max) '% load imbalance'
  TaskExec          [seconds] : 0.0133397       : 207  : 0.0388562       : 0.00920035      : 0.0446286       : 399  : 12.9345
  TaskLocalComm     [seconds] : 0.00244396      : 382  : 0.00303452      : 0.00035945      : 0.00485518      : 186  : 37.4994
  TaskWaitCommTime  [seconds] : 0.000563529     : 487  : 0.00637824      : 0.00915121      : 0.0319957       : 207  : 80.0653
  NumberOfTasks     [tasks  ] : 6               : 0    : 6               : 0               : 6               : 0    : 0
  NumberOfPatches   [patches] : 1               : 0    : 1               : 0               : 1               : 0    : 0
  NumberOfCells     [cells  ] : 32768           : 0    : 32768           : 0               : 32768           : 0    : 0
  SCIMemoryUsed     [MBytes ] : 9.9328e+07      : 25   : 1.00386e+08     : 325411          : 1.01257e+08     : 248  : 0.86062
  SCIMemoryMaxUsed  [MBytes ] : 9.9328e+07      : 25   : 1.00386e+08     : 325411          : 1.01257e+08     : 248  : 0.86062
  MemoryUsed        [MBytes ] : 6.80849e+08     : 379  : 7.02892e+08     : 7.96009e+06     : 7.19536e+08     : 64   : 2.31313
  MemoryResident    [MBytes ] : 9.9328e+07      : 25   : 1.00386e+08     : 325411          : 1.01257e+08     : 248  : 0.86062
  Percentage of time spent in overhead : 6.91866

________________________________________________________________________________
--------------------------------------------------------------------------------
MPIStats:+
--------------------------------------------------------------------------------
                Name:       Total:         Avg:         Min:         Max:    Max rank: Hist %% [  Q1 |  Q2 |  Q3 |  Q4 ]:  %%Load Imbalance
         Count: Recv:     1.33e+04           26           26           26          510           100.0   0.0   0.0   0.0     0.0
         Count: Redu:      4.1e+03            8            8            8          510           100.0   0.0   0.0   0.0     0.0
         Count: Send:     1.33e+04           26           26           26          510           100.0   0.0   0.0   0.0     0.0
         Count: Test:     3.22e+03          6.3            6           12          511            95.5   2.9   0.2   1.4    47.5
         Count: Wait:     2.36e+04           46           46           46          510           100.0   0.0   0.0   0.0     0.0
          Time: Recv:      11.3 ms    0.0221 ms    0.0138 ms      0.11 ms          507            89.5   7.2   2.1   1.2    79.9
          Time: Redu:      10.9 s       21.3 ms     0.438 ms      32.3 ms          496             2.7  17.2  58.0  22.1    34.0
          Time: Send:        83 ms     0.162 ms    0.0996 ms     0.342 ms           63            60.5  30.1   7.0   2.3    52.6
          Time: Test:      5.18 ms    0.0101 ms  2.39e+03 ns     0.139 ms          191            93.8   5.1   0.8   0.4    92.7
          Time: Wait:      1.07 s       2.09 ms     0.271 ms      36.6 ms          255            95.9   0.0   1.6   2.5    94.3
Volume Recv TOTAL   :       255 MB       511 KB       511 KB       513 KB            0            99.8   0.0   0.0   0.2     0.4
Volume Recv0: <= 64B:          513            1            1            2            0            99.8   0.0   0.0   0.2    49.9
Volume Recv1: <= 4KB:     1.08e+04           21           21           26            0            99.8   0.0   0.0   0.2    19.2
Volume Recv2: <= 2MB:     3.07e+03            6            6            6          510           100.0   0.0   0.0   0.0     0.0
Volume Send TOTAL   :       256 MB       513 KB       513 KB       513 KB          510           100.0   0.0   0.0   0.0     0.0
Volume Send0: <= 64B:     1.02e+03            2            2            2          510           100.0   0.0   0.0   0.0     0.0
Volume Send1: <= 4KB:     1.33e+04           26           26           26          510           100.0   0.0   0.0   0.0     0.0
Volume Send2: <= 2MB:     3.07e+03            6            6            6          510           100.0   0.0   0.0   0.0     0.0

Timestep 3       Time=3e-05       Next delT=1e-05       Wall Time=0.622791  EMA=0.0568068   Memory Used=100.45 MBs (avg) 101.49 MBs (max on rank: 402   )
Runtime Summary  summary stats for time step 3 at time=3e-05
  Description       Units       Minimum           Rank   Average (512)     Std. Dev.         Maximum           Rank   100*(1-ave/max) '% load imbalance'
  TaskExec          [seconds] : 0.0142039       : 255  : 0.048922        : 0.00601912      : 0.0508519       : 402  : 3.79516
  TaskLocalComm     [seconds] : 0.00249689      : 380  : 0.00312377      : 0.000318702     : 0.00430426      : 486  : 27.426
  TaskWaitCommTime  [seconds] : 0.000632477     : 511  : 0.00250931      : 0.00600529      : 0.037032        : 255  : 93.224
  NumberOfTasks     [tasks  ] : 6               : 0    : 6               : 0               : 6               : 0    : 0
  NumberOfPatches   [patches] : 1               : 0    : 1               : 0               : 1               : 0    : 0
  NumberOfCells     [cells  ] : 32768           : 0    : 32768           : 0               : 32768           : 0    : 0
  SCIMemoryUsed     [MBytes ] : 9.9328e+07      : 25   : 1.00451e+08     : 356064          : 1.01487e+08     : 402  : 1.02069
  SCIMemoryMaxUsed  [MBytes ] : 9.9328e+07      : 25   : 1.00451e+08     : 356064          : 1.01487e+08     : 402  : 1.02069
  MemoryUsed        [MBytes ] : 6.80849e+08     : 379  : 7.02893e+08     : 7.96039e+06     : 7.19536e+08     : 64   : 2.31304
  MemoryResident    [MBytes ] : 9.9328e+07      : 25   : 1.00451e+08     : 356064          : 1.01487e+08     : 402  : 1.02069
  Percentage of time spent in overhead : 4.61212

________________________________________________________________________________
--------------------------------------------------------------------------------
MPIStats:+
--------------------------------------------------------------------------------
                Name:       Total:         Avg:         Min:         Max:    Max rank: Hist %% [  Q1 |  Q2 |  Q3 |  Q4 ]:  %%Load Imbalance
         Count: Recv:     1.33e+04           26           26           26          510           100.0   0.0   0.0   0.0     0.0
         Count: Redu:      4.1e+03            8            8            8          510           100.0   0.0   0.0   0.0     0.0
         Count: Send:     1.33e+04           26           26           26          510           100.0   0.0   0.0   0.0     0.0
         Count: Test:     3.22e+03         6.29            6           12          511            95.7   2.7   0.2   1.4    47.6
         Count: Wait:     2.36e+04           46           46           46          510           100.0   0.0   0.0   0.0     0.0
          Time: Recv:      11.1 ms    0.0216 ms    0.0125 ms     0.121 ms          511            90.2   7.4   1.6   0.8    82.1
          Time: Redu:      8.99 s       17.6 ms     0.617 ms      28.4 ms          477             5.5  14.1  60.4  20.1    38.2
          Time: Send:      88.4 ms     0.173 ms     0.111 ms     0.376 ms           63            64.6  28.1   5.9   1.4    54.1
          Time: Test:      4.98 ms  9.72e+03 ns  2.28e+03 ns     0.101 ms           61            90.8   6.2   2.1   0.8    90.4
          Time: Wait:       1.3 s       2.54 ms     0.228 ms      32.1 ms          210            93.2   0.0   1.6   5.3    92.1
Volume Recv TOTAL   :       255 MB       511 KB       511 KB       513 KB            0            99.8   0.0   0.0   0.2     0.4
Volume Recv0: <= 64B:          513            1            1            2            0            99.8   0.0   0.0   0.2    49.9
Volume Recv1: <= 4KB:     1.08e+04           21           21           26            0            99.8   0.0   0.0   0.2    19.2
Volume Recv2: <= 2MB:     3.07e+03            6            6            6          510           100.0   0.0   0.0   0.0     0.0
Volume Send TOTAL   :       256 MB       513 KB       513 KB       513 KB          510           100.0   0.0   0.0   0.0     0.0
Volume Send0: <= 64B:     1.02e+03            2            2            2          510           100.0   0.0   0.0   0.0     0.0
Volume Send1: <= 4KB:     1.33e+04           26           26           26          510           100.0   0.0   0.0   0.0     0.0
Volume Send2: <= 2MB:     3.07e+03            6            6            6          510           100.0   0.0   0.0   0.0     0.0

Timestep 4       Time=4e-05       Next delT=1e-05       Wall Time=0.671743  EMA=0.0536639   Memory Used=100.52 MBs (avg) 101.49 MBs (max on rank: 402   )
Runtime Summary  summary stats for time step 4 at time=4e-05
  Description       Units       Minimum           Rank   Average (512)     Std. Dev.         Maximum           Rank   100*(1-ave/max) '% load imbalance'
  TaskExec          [seconds] : 0.0143373       : 210  : 0.0437822       : 0.0066314       : 0.046179        : 465  : 5.19018
  TaskLocalComm     [seconds] : 0.00257255      : 426  : 0.00316129      : 0.000291969     : 0.00383845      : 505  : 17.6414
  TaskWaitCommTime  [seconds] : 0.000528085     : 463  : 0.00295592      : 0.00661778      : 0.032464        : 210  : 90.8948
  NumberOfTasks     [tasks  ] : 6               : 0    : 6               : 0               : 6               : 0    : 0
  NumberOfPatches   [patches] : 1               : 0    : 1               : 0               : 1               : 0    : 0
  NumberOfCells     [cells  ] : 32768           : 0    : 32768           : 0               : 32768           : 0    : 0
  SCIMemoryUsed     [MBytes ] : 9.9328e+07      : 25   : 1.00516e+08     : 363245          : 1.01487e+08     : 402  : 0.95658
  SCIMemoryMaxUsed  [MBytes ] : 9.9328e+07      : 25   : 1.00516e+08     : 363245          : 1.01487e+08     : 402  : 0.95658
  MemoryUsed        [MBytes ] : 6.80849e+08     : 379  : 7.02893e+08     : 7.96039e+06     : 7.19536e+08     : 64   : 2.31304
  MemoryResident    [MBytes ] : 9.9328e+07      : 25   : 1.00516e+08     : 363245          : 1.01487e+08     : 402  : 0.95658
  Percentage of time spent in overhead : 3.45838

________________________________________________________________________________
--------------------------------------------------------------------------------
MPIStats:+
--------------------------------------------------------------------------------
                Name:       Total:         Avg:         Min:         Max:    Max rank: Hist %% [  Q1 |  Q2 |  Q3 |  Q4 ]:  %%Load Imbalance
         Count: Recv:     1.33e+04           26           26           26          510           100.0   0.0   0.0   0.0     0.0
         Count: Redu:      4.1e+03            8            8            8          510           100.0   0.0   0.0   0.0     0.0
         Count: Send:     1.33e+04           26           26           26          510           100.0   0.0   0.0   0.0     0.0
         Count: Test:      3.2e+03         6.26            6           12          511            96.1   2.3   0.2   1.4    47.8
         Count: Wait:     2.36e+04           46           46           46          510           100.0   0.0   0.0   0.0     0.0
          Time: Recv:      11.1 ms    0.0216 ms    0.0137 ms      0.15 ms          507            95.5   2.9   0.8   0.8    85.6
          Time: Redu:      9.31 s       18.2 ms     0.617 ms      31.5 ms          507             7.8  16.6  60.2  15.4    42.3
          Time: Send:      93.6 ms     0.183 ms     0.113 ms     0.372 ms          454            56.8  32.8   7.4   2.9    50.9
          Time: Test:      4.56 ms  8.91e+03 ns  2.02e+03 ns     0.122 ms          447            93.9   4.5   1.2   0.4    92.7
          Time: Wait:      1.94 s       3.79 ms     0.166 ms      32.8 ms          205            85.9   1.4   7.6   5.1    88.5
Volume Recv TOTAL   :       255 MB       511 KB       511 KB       513 KB            0            99.8   0.0   0.0   0.2     0.4
Volume Recv0: <= 64B:          513            1            1            2            0            99.8   0.0   0.0   0.2    49.9
Volume Recv1: <= 4KB:     1.08e+04           21           21           26            0            99.8   0.0   0.0   0.2    19.2
Volume Recv2: <= 2MB:     3.07e+03            6            6            6          510           100.0   0.0   0.0   0.0     0.0
Volume Send TOTAL   :       256 MB       513 KB       513 KB       513 KB          510           100.0   0.0   0.0   0.0     0.0
Volume Send0: <= 64B:     1.02e+03            2            2            2          510           100.0   0.0   0.0   0.0     0.0
Volume Send1: <= 4KB:     1.33e+04           26           26           26          510           100.0   0.0   0.0   0.0     0.0
Volume Send2: <= 2MB:     3.07e+03            6            6            6          510           100.0   0.0   0.0   0.0     0.0

Timestep 5       Time=5e-05       Next delT=1e-05       Wall Time=0.720312  EMA=0.0519654   Memory Used=100.57 MBs (avg) 101.65 MBs (max on rank: 248   )
Runtime Summary  summary stats for time step 5 at time=5e-05
  Description       Units       Minimum           Rank   Average (512)     Std. Dev.         Maximum           Rank   100*(1-ave/max) '% load imbalance'
  TaskExec          [seconds] : 0.0131624       : 205  : 0.0421357       : 0.00781753      : 0.0458866       : 390  : 8.17442
  TaskLocalComm     [seconds] : 0.00257989      : 380  : 0.00320352      : 0.00031478      : 0.00394105      : 191  : 18.714
  TaskWaitCommTime  [seconds] : 0.00047641      : 507  : 0.00420636      : 0.00779789      : 0.0332539       : 205  : 87.3508
  NumberOfTasks     [tasks  ] : 6               : 0    : 6               : 0               : 6               : 0    : 0
  NumberOfPatches   [patches] : 1               : 0    : 1               : 0               : 1               : 0    : 0
  NumberOfCells     [cells  ] : 32768           : 0    : 32768           : 0               : 32768           : 0    : 0
  SCIMemoryUsed     [MBytes ] : 9.9328e+07      : 25   : 1.00567e+08     : 364266          : 1.01646e+08     : 248  : 1.06209
  SCIMemoryMaxUsed  [MBytes ] : 9.9328e+07      : 25   : 1.00567e+08     : 364266          : 1.01646e+08     : 248  : 1.06209
  MemoryUsed        [MBytes ] : 6.80849e+08     : 379  : 7.02893e+08     : 7.96039e+06     : 7.19536e+08     : 64   : 2.31304
  MemoryResident    [MBytes ] : 9.9328e+07      : 25   : 1.00567e+08     : 364266          : 1.01646e+08     : 248  : 1.06209
  Percentage of time spent in overhead : 2.76558

________________________________________________________________________________
--------------------------------------------------------------------------------
MPIStats:+
--------------------------------------------------------------------------------
                Name:       Total:         Avg:         Min:         Max:    Max rank: Hist %% [  Q1 |  Q2 |  Q3 |  Q4 ]:  %%Load Imbalance
         Count: Recv:     1.33e+04           26           26           26          510           100.0   0.0   0.0   0.0     0.0
         Count: Redu:      4.1e+03            8            8            8          510           100.0   0.0   0.0   0.0     0.0
         Count: Send:     1.33e+04           26           26           26          510           100.0   0.0   0.0   0.0     0.0
         Count: Test:     3.18e+03         6.21            6           12          511            96.5   1.8   0.4   1.4    48.2
         Count: Wait:     2.36e+04           46           46           46          510           100.0   0.0   0.0   0.0     0.0
          Time: Recv:      10.3 ms    0.0202 ms     0.013 ms      0.14 ms          511            95.9   2.5   0.6   1.0    85.6
          Time: Redu:      12.6 s       24.5 ms     0.613 ms      38.7 ms          243             5.3  12.7  59.6  22.5    36.6
          Time: Send:      96.5 ms     0.188 ms     0.119 ms     0.376 ms          474            56.2  31.8   8.6   3.3    49.8
          Time: Test:      4.52 ms  8.82e+03 ns  2.08e+03 ns     0.117 ms          508            92.6   4.1   2.5   0.8    92.5
          Time: Wait:      2.06 s       4.03 ms      0.17 ms      37.1 ms          426            87.7   0.4   6.6   5.3    89.1
Volume Recv TOTAL   :       255 MB       511 KB       511 KB       513 KB            0            99.8   0.0   0.0   0.2     0.4
Volume Recv0: <= 64B:          513            1            1            2            0            99.8   0.0   0.0   0.2    49.9
Volume Recv1: <= 4KB:     1.08e+04           21           21           26            0            99.8   0.0   0.0   0.2    19.2
Volume Recv2: <= 2MB:     3.07e+03            6            6            6          510           100.0   0.0   0.0   0.0     0.0
Volume Send TOTAL   :       256 MB       513 KB       513 KB       513 KB          510           100.0   0.0   0.0   0.0     0.0
Volume Send0: <= 64B:     1.02e+03            2            2            2          510           100.0   0.0   0.0   0.0     0.0
Volume Send1: <= 4KB:     1.33e+04           26           26           26          510           100.0   0.0   0.0   0.0     0.0
Volume Send2: <= 2MB:     3.07e+03            6            6            6          510           100.0   0.0   0.0   0.0     0.0

Timestep 6       Time=6e-05       Next delT=1e-05       Wall Time=0.77592   EMA=0.0530067   Memory Used=100.63 MBs (avg) 101.65 MBs (max on rank: 248   )
Runtime Summary  summary stats for time step 6 at time=6e-05
  Description       Units       Minimum           Rank   Average (512)     Std. Dev.         Maximum           Rank   100*(1-ave/max) '% load imbalance'
  TaskExec          [seconds] : 0.0159402       : 426  : 0.0489729       : 0.00945288      : 0.0529306       : 462  : 7.47729
  TaskLocalComm     [seconds] : 0.00263226      : 43   : 0.00319308      : 0.000303727     : 0.00389395      : 249  : 17.999
  TaskWaitCommTime  [seconds] : 0.000516241     : 463  : 0.00444321      : 0.00944115      : 0.0375319       : 426  : 88.1615
  NumberOfTasks     [tasks  ] : 6               : 0    : 6               : 0               : 6               : 0    : 0
  NumberOfPatches   [patches] : 1               : 0    : 1               : 0               : 1               : 0    : 0
  NumberOfCells     [cells  ] : 32768           : 0    : 32768           : 0               : 32768           : 0    : 0
  SCIMemoryUsed     [MBytes ] : 9.96352e+07     : 213  : 1.00631e+08     : 354576          : 1.01646e+08     : 248  : 0.998584
  SCIMemoryMaxUsed  [MBytes ] : 9.96352e+07     : 213  : 1.00631e+08     : 354576          : 1.01646e+08     : 248  : 0.998584
  MemoryUsed        [MBytes ] : 6.80849e+08     : 379  : 7.02893e+08     : 7.96039e+06     : 7.19536e+08     : 64   : 2.31304
  MemoryResident    [MBytes ] : 9.96352e+07     : 213  : 1.00631e+08     : 354576          : 1.01646e+08     : 248  : 0.998584
  Percentage of time spent in overhead : 2.30308

________________________________________________________________________________
--------------------------------------------------------------------------------
MPIStats:+
--------------------------------------------------------------------------------
                Name:       Total:         Avg:         Min:         Max:    Max rank: Hist %% [  Q1 |  Q2 |  Q3 |  Q4 ]:  %%Load Imbalance
         Count: Recv:     1.33e+04           26           26           26          510           100.0   0.0   0.0   0.0     0.0
         Count: Redu:      4.1e+03            8            8            8          510           100.0   0.0   0.0   0.0     0.0
         Count: Send:     1.33e+04           26           26           26          510           100.0   0.0   0.0   0.0     0.0
         Count: Test:     3.17e+03         6.18            6           12          511            97.1   1.2   0.4   1.4    48.5
         Count: Wait:     2.36e+04           46           46           46          510           100.0   0.0   0.0   0.0     0.0
          Time: Recv:      10.4 ms    0.0204 ms    0.0136 ms     0.152 ms          511            96.7   1.8   0.6   1.0    86.6
          Time: Redu:        11 s       21.5 ms     0.623 ms      33.9 ms           64             5.5  13.1  52.1  29.3    36.5
          Time: Send:      96.4 ms     0.188 ms     0.109 ms     0.426 ms          454            61.1  30.3   7.6   1.0    55.7
          Time: Test:       3.8 ms  7.41e+03 ns  2.12e+03 ns     0.106 ms          509            93.6   3.9   2.0   0.6    93.0
          Time: Wait:      1.36 s       2.66 ms      0.15 ms      37.6 ms          424            93.0   0.0   2.7   4.3    92.9
Volume Recv TOTAL   :       255 MB       511 KB       511 KB       513 KB            0            99.8   0.0   0.0   0.2     0.4
Volume Recv0: <= 64B:          513            1            1            2            0            99.8   0.0   0.0   0.2    49.9
Volume Recv1: <= 4KB:     1.08e+04           21           21           26            0            99.8   0.0   0.0   0.2    19.2
Volume Recv2: <= 2MB:     3.07e+03            6            6            6          510           100.0   0.0   0.0   0.0     0.0
Volume Send TOTAL   :       256 MB       513 KB       513 KB       513 KB          510           100.0   0.0   0.0   0.0     0.0
Volume Send0: <= 64B:     1.02e+03            2            2            2          510           100.0   0.0   0.0   0.0     0.0
Volume Send1: <= 4KB:     1.33e+04           26           26           26          510           100.0   0.0   0.0   0.0     0.0
Volume Send2: <= 2MB:     3.07e+03            6            6            6          510           100.0   0.0   0.0   0.0     0.0

Timestep 7       Time=7e-05       Next delT=1e-05       Wall Time=0.82923   EMA=0.0530826   Memory Used=100.68 MBs (avg) 101.65 MBs (max on rank: 248   )
Runtime Summary  summary stats for time step 7 at time=7e-05
  Description       Units       Minimum           Rank   Average (512)     Std. Dev.         Maximum           Rank   100*(1-ave/max) '% load imbalance'
  TaskExec          [seconds] : 0.0130873       : 424  : 0.0480339       : 0.00780554      : 0.0506242       : 396  : 5.11666
  TaskLocalComm     [seconds] : 0.00256665      : 0    : 0.0032013       : 0.000315159     : 0.00396652      : 164  : 19.2921
  TaskWaitCommTime  [seconds] : 0.000474423     : 510  : 0.00307165      : 0.007798        : 0.0380482       : 424  : 91.927
  NumberOfTasks     [tasks  ] : 6               : 0    : 6               : 0               : 6               : 0    : 0
  NumberOfPatches   [patches] : 1               : 0    : 1               : 0               : 1               : 0    : 0
  NumberOfCells     [cells  ] : 32768           : 0    : 32768           : 0               : 32768           : 0    : 0
  SCIMemoryUsed     [MBytes ] : 9.97171e+07     : 25   : 1.00683e+08     : 354377          : 1.01646e+08     : 248  : 0.948142
  SCIMemoryMaxUsed  [MBytes ] : 9.97171e+07     : 25   : 1.00683e+08     : 354377          : 1.01646e+08     : 248  : 0.948142
  MemoryUsed        [MBytes ] : 6.80849e+08     : 379  : 7.02893e+08     : 7.96039e+06     : 7.19536e+08     : 64   : 2.31304
  MemoryResident    [MBytes ] : 9.97171e+07     : 25   : 1.00683e+08     : 354377          : 1.01646e+08     : 248  : 0.948142
  Percentage of time spent in overhead : 1.97205

________________________________________________________________________________
--------------------------------------------------------------------------------
MPIStats:+
--------------------------------------------------------------------------------
                Name:       Total:         Avg:         Min:         Max:    Max rank: Hist %% [  Q1 |  Q2 |  Q3 |  Q4 ]:  %%Load Imbalance
         Count: Recv:     1.33e+04           26           26           26          510           100.0   0.0   0.0   0.0     0.0
         Count: Redu:      4.1e+03            8            8            8          510           100.0   0.0   0.0   0.0     0.0
         Count: Send:     1.33e+04           26           26           26          510           100.0   0.0   0.0   0.0     0.0
         Count: Test:     3.16e+03         6.17            6           13          510            97.7   0.8   1.2   0.4    52.6
         Count: Wait:     2.36e+04           46           46           46          510           100.0   0.0   0.0   0.0     0.0
          Time: Recv:      9.91 ms    0.0194 ms    0.0136 ms     0.132 ms          505            96.9   1.6   0.2   1.4    85.4
          Time: Redu:      11.2 s       21.8 ms     0.596 ms      34.7 ms           22             6.2  12.5  57.8  23.4    37.2
          Time: Send:      93.8 ms     0.183 ms     0.114 ms     0.418 ms          452            68.0  23.6   7.8   0.6    56.2
          Time: Test:      3.65 ms  7.12e+03 ns   2.2e+03 ns      0.12 ms          497            95.5   2.0   1.8   0.8    94.1
          Time: Wait:      1.69 s       3.29 ms     0.136 ms      36.9 ms          426            90.4   1.8   2.1   5.7    91.1
Volume Recv TOTAL   :       255 MB       511 KB       511 KB       513 KB            0            99.8   0.0   0.0   0.2     0.4
Volume Recv0: <= 64B:          513            1            1            2            0            99.8   0.0   0.0   0.2    49.9
Volume Recv1: <= 4KB:     1.08e+04           21           21           26            0            99.8   0.0   0.0   0.2    19.2
Volume Recv2: <= 2MB:     3.07e+03            6            6            6          510           100.0   0.0   0.0   0.0     0.0
Volume Send TOTAL   :       256 MB       513 KB       513 KB       513 KB          510           100.0   0.0   0.0   0.0     0.0
Volume Send0: <= 64B:     1.02e+03            2            2            2          510           100.0   0.0   0.0   0.0     0.0
Volume Send1: <= 4KB:     1.33e+04           26           26           26          510           100.0   0.0   0.0   0.0     0.0
Volume Send2: <= 2MB:     3.07e+03            6            6            6          510           100.0   0.0   0.0   0.0     0.0

Timestep 8       Time=8e-05       Next delT=1e-05       Wall Time=0.882461  EMA=0.0531157   Memory Used=100.74 MBs (avg) 101.65 MBs (max on rank: 72    )
Runtime Summary  summary stats for time step 8 at time=8e-05
  Description       Units       Minimum           Rank   Average (512)     Std. Dev.         Maximum           Rank   100*(1-ave/max) '% load imbalance'
  TaskExec          [seconds] : 0.0138421       : 426  : 0.0473505       : 0.00858383      : 0.0505899       : 388  : 6.40332
  TaskLocalComm     [seconds] : 0.0025586       : 380  : 0.00319528      : 0.000312696     : 0.00391526      : 164  : 18.389
  TaskWaitCommTime  [seconds] : 0.000434796     : 510  : 0.00370191      : 0.00857144      : 0.0372703       : 426  : 90.0674
  NumberOfTasks     [tasks  ] : 6               : 0    : 6               : 0               : 6               : 0    : 0
  NumberOfPatches   [patches] : 1               : 0    : 1               : 0               : 1               : 0    : 0
  NumberOfCells     [cells  ] : 32768           : 0    : 32768           : 0               : 32768           : 0    : 0
  SCIMemoryUsed     [MBytes ] : 9.97171e+07     : 25   : 1.00736e+08     : 363075          : 1.0165e+08      : 72   : 0.899325
  SCIMemoryMaxUsed  [MBytes ] : 9.97171e+07     : 25   : 1.00736e+08     : 363075          : 1.0165e+08      : 72   : 0.899325
  MemoryUsed        [MBytes ] : 6.80849e+08     : 379  : 7.02893e+08     : 7.96039e+06     : 7.19536e+08     : 64   : 2.31304
  MemoryResident    [MBytes ] : 9.97171e+07     : 25   : 1.00736e+08     : 363075          : 1.0165e+08      : 72   : 0.899325
  Percentage of time spent in overhead : 1.72305

________________________________________________________________________________
--------------------------------------------------------------------------------
MPIStats:+
--------------------------------------------------------------------------------
                Name:       Total:         Avg:         Min:         Max:    Max rank: Hist %% [  Q1 |  Q2 |  Q3 |  Q4 ]:  %%Load Imbalance
         Count: Recv:     1.33e+04           26           26           26          510           100.0   0.0   0.0   0.0     0.0
         Count: Redu:      4.1e+03            8            8            8          510           100.0   0.0   0.0   0.0     0.0
         Count: Send:     1.33e+04           26           26           26          510           100.0   0.0   0.0   0.0     0.0
         Count: Test:     3.17e+03         6.19            6           12          511            97.1   1.4   0.2   1.4    48.4
         Count: Wait:     2.36e+04           46           46           46          510           100.0   0.0   0.0   0.0     0.0
          Time: Recv:      10.5 ms    0.0205 ms    0.0138 ms     0.145 ms          505            96.7   1.8   0.8   0.8    85.9
          Time: Redu:      11.5 s       22.4 ms     0.359 ms        34 ms           30             3.9  15.8  55.3  25.0    34.1
          Time: Send:      94.6 ms     0.185 ms     0.118 ms     0.385 ms          376            59.8  30.7   7.8   1.8    52.0
          Time: Test:      3.95 ms  7.71e+03 ns  2.14e+03 ns     0.156 ms          511            95.7   3.7   0.4   0.2    95.1
          Time: Wait:      1.33 s       2.59 ms     0.189 ms      36.8 ms          200            93.2   0.8   2.1   3.9    92.9
Volume Recv TOTAL   :       255 MB       511 KB       511 KB       513 KB            0            99.8   0.0   0.0   0.2     0.4
Volume Recv0: <= 64B:          513            1            1            2            0            99.8   0.0   0.0   0.2    49.9
Volume Recv1: <= 4KB:     1.08e+04           21           21           26            0            99.8   0.0   0.0   0.2    19.2
Volume Recv2: <= 2MB:     3.07e+03            6            6            6          510           100.0   0.0   0.0   0.0     0.0
Volume Send TOTAL   :       256 MB       513 KB       513 KB       513 KB          510           100.0   0.0   0.0   0.0     0.0
Volume Send0: <= 64B:     1.02e+03            2            2            2          510           100.0   0.0   0.0   0.0     0.0
Volume Send1: <= 4KB:     1.33e+04           26           26           26          510           100.0   0.0   0.0   0.0     0.0
Volume Send2: <= 2MB:     3.07e+03            6            6            6          510           100.0   0.0   0.0   0.0     0.0

Timestep 9       Time=9e-05       Next delT=1e-05       Wall Time=0.936762  EMA=0.0533527   Memory Used=100.78 MBs (avg) 101.68 MBs (max on rank: 108   )
Runtime Summary  summary stats for time step 9 at time=9e-05
  Description       Units       Minimum           Rank   Average (512)     Std. Dev.         Maximum           Rank   100*(1-ave/max) '% load imbalance'
  TaskExec          [seconds] : 0.0147722       : 0    : 0.0490819       : 0.00744111      : 0.0515899       : 396  : 4.86134
  TaskLocalComm     [seconds] : 0.00260973      : 468  : 0.00321345      : 0.000316234     : 0.00388009      : 178  : 17.1809
  TaskWaitCommTime  [seconds] : 0.000490469     : 508  : 0.00300987      : 0.00742945      : 0.037204        : 200  : 91.9098
  NumberOfTasks     [tasks  ] : 6               : 0    : 6               : 0               : 6               : 0    : 0
  NumberOfPatches   [patches] : 1               : 0    : 1               : 0               : 1               : 0    : 0
  NumberOfCells     [cells  ] : 32768           : 0    : 32768           : 0               : 32768           : 0    : 0
  SCIMemoryUsed     [MBytes ] : 9.97171e+07     : 25   : 1.0078e+08      : 364010          : 1.01683e+08     : 108  : 0.888611
  SCIMemoryMaxUsed  [MBytes ] : 9.97171e+07     : 25   : 1.0078e+08      : 364010          : 1.01683e+08     : 108  : 0.888611
  MemoryUsed        [MBytes ] : 6.80849e+08     : 379  : 7.02893e+08     : 7.96039e+06     : 7.19536e+08     : 64   : 2.31304
  MemoryResident    [MBytes ] : 9.97171e+07     : 25   : 1.0078e+08      : 364010          : 1.01683e+08     : 108  : 0.888611
  Percentage of time spent in overhead : 1.52863

________________________________________________________________________________
--------------------------------------------------------------------------------
MPIStats:+
--------------------------------------------------------------------------------
                Name:       Total:         Avg:         Min:         Max:    Max rank: Hist %% [  Q1 |  Q2 |  Q3 |  Q4 ]:  %%Load Imbalance
         Count: Recv:     1.33e+04           26           26           26          510           100.0   0.0   0.0   0.0     0.0
         Count: Redu:      4.1e+03            8            8            8          510           100.0   0.0   0.0   0.0     0.0
         Count: Send:     1.33e+04           26           26           26          510           100.0   0.0   0.0   0.0     0.0
         Count: Test:     3.16e+03         6.18            6           12          511            97.3   1.0   0.4   1.4    48.5
         Count: Wait:     2.36e+04           46           46           46          510           100.0   0.0   0.0   0.0     0.0
          Time: Recv:      10.1 ms    0.0197 ms    0.0134 ms     0.147 ms          505            95.9   2.5   0.8   0.8    86.6
          Time: Redu:      11.7 s       22.8 ms     0.607 ms      34.8 ms          191             4.3  11.5  58.0  26.2    34.4
          Time: Send:      93.3 ms     0.182 ms     0.116 ms     0.379 ms           63            59.6  31.2   7.8   1.4    51.9
          Time: Test:      3.85 ms  7.51e+03 ns  1.96e+03 ns     0.177 ms          511            96.5   2.9   0.2   0.4    95.8
          Time: Wait:      1.56 s       3.05 ms     0.199 ms      36.3 ms           98            91.4   0.2   3.9   4.5    91.6
Volume Recv TOTAL   :       255 MB       511 KB       511 KB       513 KB            0            99.8   0.0   0.0   0.2     0.4
Volume Recv0: <= 64B:          513            1            1            2            0            99.8   0.0   0.0   0.2    49.9
Volume Recv1: <= 4KB:     1.08e+04           21           21           26            0            99.8   0.0   0.0   0.2    19.2
Volume Recv2: <= 2MB:     3.07e+03            6            6            6          510           100.0   0.0   0.0   0.0     0.0
Volume Send TOTAL   :       256 MB       513 KB       513 KB       513 KB          510           100.0   0.0   0.0   0.0     0.0
Volume Send0: <= 64B:     1.02e+03            2            2            2          510           100.0   0.0   0.0   0.0     0.0
Volume Send1: <= 4KB:     1.33e+04           26           26           26          510           100.0   0.0   0.0   0.0     0.0
Volume Send2: <= 2MB:     3.07e+03            6            6            6          510           100.0   0.0   0.0   0.0     0.0

Timestep 10      Time=0.0001      Next delT=1e-05       Wall Time=0.991074  EMA=0.0535272   Memory Used=100.82 MBs (avg) 101.92 MBs (max on rank: 248   )
Runtime Summary  summary stats for time step 10 at time=0.0001
  Description       Units       Minimum           Rank   Average (512)     Std. Dev.         Maximum           Rank   100*(1-ave/max) '% load imbalance'
  TaskExec          [seconds] : 0.0152747       : 104  : 0.0486754       : 0.00803601      : 0.0516306       : 405  : 5.7238
  TaskLocalComm     [seconds] : 0.0025952       : 0    : 0.00321462      : 0.000309777     : 0.00400586      : 186  : 19.752
  TaskWaitCommTime  [seconds] : 0.00054035      : 463  : 0.00346078      : 0.00802386      : 0.0368112       : 104  : 90.5986
  NumberOfTasks     [tasks  ] : 6               : 0    : 6               : 0               : 6               : 0    : 0
  NumberOfPatches   [patches] : 1               : 0    : 1               : 0               : 1               : 0    : 0
  NumberOfCells     [cells  ] : 32768           : 0    : 32768           : 0               : 32768           : 0    : 0
  SCIMemoryUsed     [MBytes ] : 9.97171e+07     : 25   : 1.00824e+08     : 376330          : 1.01917e+08     : 248  : 1.07242
  SCIMemoryMaxUsed  [MBytes ] : 9.97171e+07     : 25   : 1.00824e+08     : 376330          : 1.01917e+08     : 248  : 1.07242
  MemoryUsed        [MBytes ] : 6.80849e+08     : 379  : 7.02893e+08     : 7.96039e+06     : 7.19536e+08     : 64   : 2.31304
  MemoryResident    [MBytes ] : 9.97171e+07     : 25   : 1.00824e+08     : 376330          : 1.01917e+08     : 248  : 1.07242
  Percentage of time spent in overhead : 1.37232
Sus: going down successfully
