Parallel: 64 MPI processes (using MPI)
Parallel: MPI Level Required: 0, provided: 0
Date:       Thu Aug 25 13:15:48 2022
Machine:    notch201
git branch:wasatch-low-cost-integ-cmake
git date:   Sat Jul 30 10:34:22 2022 -0600
git hash:   9315f9f96fa6304db4fe79378b145f37ea40016d
Assertion level: 0
CFLAGS:          
CXXFLAGS:        
______________________________________________________________________
Application Component: 	'wasatch'

-------------------------------------------------------------
Wasatch was built against:
  SpatialOps HASH: bd7a2bac76e42e2cb528b02e2cf1291d05c71926
             DATE: Fri Nov 12 11:34:54 2021 -0700
     ExprLib HASH: d2950c77edb22e5f3669ddaaf2d2ed29ceb24d2c
             DATE: Thu Aug 5 12:26:26 2021 -0600
    TabProps HASH: eca0dc5f26b20d4f6b1cebe51b1ae97e11871e83
             DATE: Wed Aug 11 20:11:26 2021 -0600
-------------------------------------------------------------

Linear Solver: 		hypre
Load Balancer: 		Simple
Scheduler: 		MPI
Patch layout: 		(4,4,4)
Grid statistics:
Number of levels:		1
Level 0:
  Periodic boundaries:		[int 1, 1, 1]
  Number of patches:		64
  Total number of cells:	2097152 (32768 avg. per patch)
Total patches in grid:		64
Total cells in grid:		2097152 (32768 avg. per patch)

Using small, individual MPI messages (no message combining)
Detected solver: hypre
SETTING UP CONVECTIVE FLUX EXPRESSION IN X DIRECTION USING CENTRAL
SETTING UP CONVECTIVE FLUX EXPRESSION IN Y DIRECTION USING CENTRAL
SETTING UP CONVECTIVE FLUX EXPRESSION IN Z DIRECTION USING CENTRAL
Setting initial conditions for scalability test equation: scalability0
SETTING UP CONVECTIVE FLUX EXPRESSION IN X DIRECTION USING CENTRAL
SETTING UP CONVECTIVE FLUX EXPRESSION IN Y DIRECTION USING CENTRAL
SETTING UP CONVECTIVE FLUX EXPRESSION IN Z DIRECTION USING CENTRAL
Setting initial conditions for scalability test equation: scalability1
SETTING UP CONVECTIVE FLUX EXPRESSION IN X DIRECTION USING CENTRAL
SETTING UP CONVECTIVE FLUX EXPRESSION IN Y DIRECTION USING CENTRAL
SETTING UP CONVECTIVE FLUX EXPRESSION IN Z DIRECTION USING CENTRAL
Setting initial conditions for scalability test equation: scalability2
SETTING UP CONVECTIVE FLUX EXPRESSION IN X DIRECTION USING CENTRAL
SETTING UP CONVECTIVE FLUX EXPRESSION IN Y DIRECTION USING CENTRAL
SETTING UP CONVECTIVE FLUX EXPRESSION IN Z DIRECTION USING CENTRAL
Setting initial conditions for scalability test equation: scalability3
SETTING UP CONVECTIVE FLUX EXPRESSION IN X DIRECTION USING CENTRAL
SETTING UP CONVECTIVE FLUX EXPRESSION IN Y DIRECTION USING CENTRAL
SETTING UP CONVECTIVE FLUX EXPRESSION IN Z DIRECTION USING CENTRAL
Setting initial conditions for scalability test equation: scalability4
SETTING UP CONVECTIVE FLUX EXPRESSION IN X DIRECTION USING CENTRAL
SETTING UP CONVECTIVE FLUX EXPRESSION IN Y DIRECTION USING CENTRAL
SETTING UP CONVECTIVE FLUX EXPRESSION IN Z DIRECTION USING CENTRAL
Setting initial conditions for scalability test equation: scalability5
SETTING UP CONVECTIVE FLUX EXPRESSION IN X DIRECTION USING CENTRAL
SETTING UP CONVECTIVE FLUX EXPRESSION IN Y DIRECTION USING CENTRAL
SETTING UP CONVECTIVE FLUX EXPRESSION IN Z DIRECTION USING CENTRAL
Setting initial conditions for scalability test equation: scalability6
SETTING UP CONVECTIVE FLUX EXPRESSION IN X DIRECTION USING CENTRAL
SETTING UP CONVECTIVE FLUX EXPRESSION IN Y DIRECTION USING CENTRAL
SETTING UP CONVECTIVE FLUX EXPRESSION IN Z DIRECTION USING CENTRAL
Setting initial conditions for scalability test equation: scalability7
SETTING UP CONVECTIVE FLUX EXPRESSION IN X DIRECTION USING CENTRAL
SETTING UP CONVECTIVE FLUX EXPRESSION IN Y DIRECTION USING CENTRAL
SETTING UP CONVECTIVE FLUX EXPRESSION IN Z DIRECTION USING CENTRAL
Setting initial conditions for scalability test equation: scalability8
SETTING UP CONVECTIVE FLUX EXPRESSION IN X DIRECTION USING CENTRAL
SETTING UP CONVECTIVE FLUX EXPRESSION IN Y DIRECTION USING CENTRAL
SETTING UP CONVECTIVE FLUX EXPRESSION IN Z DIRECTION USING CENTRAL
Setting initial conditions for scalability test equation: scalability9
------------------------------------------------
No BoundaryConditions specified
  This message will only occur once

Compiling initialization taskgraph.
------------------------------------------------
SETTING INITIAL BOUNDARY CONDITIONS:
------------------------------------------------
Setting Initial BCs for transport equation 'scalability0'
Setting Initial BCs for transport equation 'scalability1'
Setting Initial BCs for transport equation 'scalability2'
Setting Initial BCs for transport equation 'scalability3'
Setting Initial BCs for transport equation 'scalability4'
Setting Initial BCs for transport equation 'scalability5'
Setting Initial BCs for transport equation 'scalability6'
Setting Initial BCs for transport equation 'scalability7'
Setting Initial BCs for transport equation 'scalability8'
Setting Initial BCs for transport equation 'scalability9'
------------------------------------------------
Wasatch: done creating initialization task(s)
Scheduling Task 'compute timestep' COMPUTES 'delT' in NEW data warehouse
Wasatch: done creating timestep task(s)
Done with taskgraph compile (0.00014381 seconds)
Warning: addContribution not implemented for LoadBalancerCommon.
WARNING at time step 0 and sim time 0 : lowering the next delT from 1 to the maximum: 1e-05

________________________________________________________________________________
--------------------------------------------------------------------------------
MPIStats:+
--------------------------------------------------------------------------------
                Name:       Total:         Avg:         Min:         Max:    Max rank: Hist %% [  Q1 |  Q2 |  Q3 |  Q4 ]:  %%Load Imbalance
         Count: Gath:          128            2            2            2            0           100.0   0.0   0.0   0.0     0.0
         Count: Redu:           64            1            1            1            0           100.0   0.0   0.0   0.0     0.0
          Time: Gath:     0.432 s       6.76 ms      1.35 ms      8.12 ms           11             4.7  17.2   4.7  73.4    16.8
          Time: Redu:     0.518 s        8.1 ms      0.37 ms      9.73 ms           40             9.4   6.2   1.6  82.8    16.8
Volume Recv TOTAL   :      70.6 KB       1.1 KB       1.1 KB       1.1 KB            0           100.0   0.0   0.0   0.0     0.0
Volume Recv0: <= 64B:           64            1            1            1            0           100.0   0.0   0.0   0.0     0.0
Volume Recv1: <= 4KB:          128            2            2            2            0           100.0   0.0   0.0   0.0     0.0
Volume Send TOTAL   :      17.4 KB      278.5 B        277 B        281 B            0            62.5   0.0   0.0  37.5     0.9
Volume Send0: <= 64B:          128            2            2            2            0           100.0   0.0   0.0   0.0     0.0
Volume Send1: <= 4KB:           64            1            1            1            0           100.0   0.0   0.0   0.0     0.0


Simulation and run time stats are reported at the end of each time step
EMA == Wall time as an exponential moving average using a window of the last 10 time steps
Timestep 0       Time=0           Next delT=1e-05       Wall Time=0.105508  EMA=0.0970286   Memory Used=109.50 MBs (avg) 110.26 MBs (max on rank: 5     )
Warning: finalizeContributions not implemented for LoadBalancerCommon.
Warning: resetCostForecaster not implemented for LoadBalancerCommon.
Compiling taskgraph(s)...
------------------------------------------------
SETTING BOUNDARY CONDITIONS:
------------------------------------------------
Setting BCs for transport equation 'scalability0'
Setting BCs for transport equation 'scalability1'
Setting BCs for transport equation 'scalability2'
Setting BCs for transport equation 'scalability3'
Setting BCs for transport equation 'scalability4'
Setting BCs for transport equation 'scalability5'
Setting BCs for transport equation 'scalability6'
Setting BCs for transport equation 'scalability7'
Setting BCs for transport equation 'scalability8'
Setting BCs for transport equation 'scalability9'
------------------------------------------------
Wasatch: done creating solution task(s)
Wasatch: done creating post-processing task(s)
Scheduling Task 'compute timestep' COMPUTES 'delT' in NEW data warehouse
Wasatch: done creating timestep task(s)
Done with taskgraph compile (0.0170918 seconds)

________________________________________________________________________________
--------------------------------------------------------------------------------
MPIStats:+
--------------------------------------------------------------------------------
                Name:       Total:         Avg:         Min:         Max:    Max rank: Hist %% [  Q1 |  Q2 |  Q3 |  Q4 ]:  %%Load Imbalance
         Count: Recv:     1.66e+03           26           26           26            0           100.0   0.0   0.0   0.0     0.0
         Count: Redu:          512            8            8            8            0           100.0   0.0   0.0   0.0     0.0
         Count: Send:     1.66e+03           26           26           26            0           100.0   0.0   0.0   0.0     0.0
         Count: Test:          429          6.7            6           12           63            84.4   7.8   3.1   4.7    44.1
         Count: Wait:     2.94e+03           46           46           46            0           100.0   0.0   0.0   0.0     0.0
          Time: Recv:     0.847 ms    0.0132 ms  9.25e+03 ns    0.0321 ms           63            82.8  10.9   4.7   1.6    58.7
          Time: Redu:     0.404 s       6.31 ms     0.442 ms      9.74 ms           46            14.1   1.6  51.6  32.8    35.2
          Time: Send:        45 ms     0.703 ms     0.599 ms      1.07 ms           39            64.1  32.8   1.6   1.6    34.4
          Time: Test:     0.988 ms    0.0154 ms  4.82e+03 ns     0.197 ms           63            96.9   1.6   0.0   1.6    92.2
          Time: Wait:     0.193 s       3.02 ms     0.476 ms      5.02 ms           24            20.3   9.4  50.0  20.3    39.9
Volume Recv TOTAL   :      31.9 MB       511 KB       511 KB       513 KB            0            98.4   0.0   0.0   1.6     0.4
Volume Recv0: <= 64B:           65         1.02            1            2            0            98.4   0.0   0.0   1.6    49.2
Volume Recv1: <= 4KB:     1.35e+03         21.1           21           26            0            98.4   0.0   0.0   1.6    18.9
Volume Recv2: <= 2MB:          384            6            6            6            0           100.0   0.0   0.0   0.0     0.0
Volume Send TOTAL   :      32.1 MB       513 KB       513 KB       513 KB            0           100.0   0.0   0.0   0.0     0.0
Volume Send0: <= 64B:          128            2            2            2            0           100.0   0.0   0.0   0.0     0.0
Volume Send1: <= 4KB:     1.66e+03           26           26           26            0           100.0   0.0   0.0   0.0     0.0
Volume Send2: <= 2MB:          384            6            6            6            0           100.0   0.0   0.0   0.0     0.0

Timestep 1       Time=1e-05       Next delT=1e-05       Wall Time=0.183511  EMA=0.0779657   Memory Used=114.95 MBs (avg) 115.59 MBs (max on rank: 44    )
Runtime Summary  summary stats for time step 1 at time=1e-05
  Description       Units       Minimum           Rank   Average (64)      Std. Dev.         Maximum           Rank   100*(1-ave/max) '% load imbalance'
  Compilation       [seconds] : 0.0167219       : 19   : 0.0175302       : 0.00121791      : 0.0215815       : 32   : 18.772
  TaskExec          [seconds] : 0.0541967       : 32   : 0.0557535       : 0.000956572     : 0.0581485       : 58   : 4.11888
  TaskLocalComm     [seconds] : 0.00222623      : 40   : 0.00244461      : 0.000154461     : 0.00341966      : 39   : 28.5131
  TaskWaitCommTime  [seconds] : 0.000807673     : 20   : 0.0032874       : 0.00131839      : 0.00529668      : 24   : 37.9348
  NumberOfTasks     [tasks  ] : 6               : 0    : 6               : 0               : 6               : 0    : 0
  NumberOfPatches   [patches] : 1               : 0    : 1               : 0               : 1               : 0    : 0
  NumberOfCells     [cells  ] : 32768           : 0    : 32768           : 0               : 32768           : 0    : 0
  SCIMemoryUsed     [MBytes ] : 1.14573e+08     : 21   : 1.14946e+08     : 250243          : 1.15589e+08     : 44   : 0.556786
  SCIMemoryMaxUsed  [MBytes ] : 1.14573e+08     : 21   : 1.14946e+08     : 250243          : 1.15589e+08     : 44   : 0.556786
  MemoryUsed        [MBytes ] : 6.63622e+08     : 6    : 6.63634e+08     : 36978.9         : 6.63802e+08     : 0    : 0.025328
  MemoryResident    [MBytes ] : 1.14573e+08     : 21   : 1.14946e+08     : 250243          : 1.15589e+08     : 44   : 0.556786
  Percentage of time spent in overhead : 22.1857

________________________________________________________________________________
--------------------------------------------------------------------------------
MPIStats:+
--------------------------------------------------------------------------------
                Name:       Total:         Avg:         Min:         Max:    Max rank: Hist %% [  Q1 |  Q2 |  Q3 |  Q4 ]:  %%Load Imbalance
         Count: Recv:     1.66e+03           26           26           26            0           100.0   0.0   0.0   0.0     0.0
         Count: Redu:          512            8            8            8            0           100.0   0.0   0.0   0.0     0.0
         Count: Send:     1.66e+03           26           26           26            0           100.0   0.0   0.0   0.0     0.0
         Count: Test:          440         6.88            6           12           62            81.2   4.7   9.4   4.7    42.7
         Count: Wait:     2.94e+03           46           46           46            0           100.0   0.0   0.0   0.0     0.0
          Time: Recv:     0.776 ms    0.0121 ms  7.99e+03 ns    0.0483 ms           61            89.1   7.8   1.6   1.6    74.9
          Time: Redu:     0.482 s       7.54 ms     0.195 ms      12.3 ms           62             9.4   1.6  68.8  20.3    38.9
          Time: Send:      7.47 ms     0.117 ms    0.0963 ms     0.204 ms            0            71.9  25.0   1.6   1.6    42.9
          Time: Test:     0.488 ms  7.62e+03 ns  2.16e+03 ns    0.0412 ms           46            81.2  12.5   4.7   1.6    81.5
          Time: Wait:      33.4 ms     0.523 ms     0.252 ms     0.728 ms           49            17.2  10.9  50.0  21.9    28.3
Volume Recv TOTAL   :      31.9 MB       511 KB       511 KB       513 KB            0            98.4   0.0   0.0   1.6     0.4
Volume Recv0: <= 64B:           65         1.02            1            2            0            98.4   0.0   0.0   1.6    49.2
Volume Recv1: <= 4KB:     1.35e+03         21.1           21           26            0            98.4   0.0   0.0   1.6    18.9
Volume Recv2: <= 2MB:          384            6            6            6            0           100.0   0.0   0.0   0.0     0.0
Volume Send TOTAL   :      32.1 MB       513 KB       513 KB       513 KB            0           100.0   0.0   0.0   0.0     0.0
Volume Send0: <= 64B:          128            2            2            2            0           100.0   0.0   0.0   0.0     0.0
Volume Send1: <= 4KB:     1.66e+03           26           26           26            0           100.0   0.0   0.0   0.0     0.0
Volume Send2: <= 2MB:          384            6            6            6            0           100.0   0.0   0.0   0.0     0.0

Timestep 2       Time=2e-05       Next delT=1e-05       Wall Time=0.216174  EMA=0.0477639   Memory Used=117.75 MBs (avg) 118.40 MBs (max on rank: 44    )
Runtime Summary  summary stats for time step 2 at time=2e-05
  Description       Units       Minimum           Rank   Average (64)      Std. Dev.         Maximum           Rank   100*(1-ave/max) '% load imbalance'
  TaskExec          [seconds] : 0.0297519       : 32   : 0.0302368       : 0.000179273     : 0.0304943       : 59   : 0.844449
  TaskLocalComm     [seconds] : 0.00182107      : 57   : 0.00217192      : 0.000388815     : 0.00317005      : 41   : 31.4864
  TaskWaitCommTime  [seconds] : 0.000611132     : 61   : 0.000857632     : 0.000124962     : 0.00106048      : 49   : 19.1283
  NumberOfTasks     [tasks  ] : 6               : 0    : 6               : 0               : 6               : 0    : 0
  NumberOfPatches   [patches] : 1               : 0    : 1               : 0               : 1               : 0    : 0
  NumberOfCells     [cells  ] : 32768           : 0    : 32768           : 0               : 32768           : 0    : 0
  SCIMemoryUsed     [MBytes ] : 1.17359e+08     : 35   : 1.1775e+08      : 238437          : 1.18399e+08     : 44   : 0.547951
  SCIMemoryMaxUsed  [MBytes ] : 1.17359e+08     : 35   : 1.1775e+08      : 238437          : 1.18399e+08     : 44   : 0.547951
  MemoryUsed        [MBytes ] : 6.66137e+08     : 1    : 6.66138e+08     : 1930.87         : 6.66145e+08     : 0    : 0.00107604
  MemoryResident    [MBytes ] : 1.17359e+08     : 35   : 1.1775e+08      : 238437          : 1.18399e+08     : 44   : 0.547951
  Percentage of time spent in overhead : 11.0928

________________________________________________________________________________
--------------------------------------------------------------------------------
MPIStats:+
--------------------------------------------------------------------------------
                Name:       Total:         Avg:         Min:         Max:    Max rank: Hist %% [  Q1 |  Q2 |  Q3 |  Q4 ]:  %%Load Imbalance
         Count: Recv:     1.66e+03           26           26           26            0           100.0   0.0   0.0   0.0     0.0
         Count: Redu:          512            8            8            8            0           100.0   0.0   0.0   0.0     0.0
         Count: Send:     1.66e+03           26           26           26            0           100.0   0.0   0.0   0.0     0.0
         Count: Test:          437         6.83            6           12           62            78.1  14.1   3.1   4.7    43.1
         Count: Wait:     2.94e+03           46           46           46            0           100.0   0.0   0.0   0.0     0.0
          Time: Recv:     0.855 ms    0.0134 ms  8.48e+03 ns    0.0515 ms           15            84.4  10.9   1.6   3.1    74.1
          Time: Redu:     0.435 s       6.79 ms     0.201 ms        12 ms           56             6.2   6.2  78.1   9.4    43.4
          Time: Send:      6.88 ms     0.108 ms    0.0872 ms     0.196 ms            0            82.8  15.6   0.0   1.6    45.2
          Time: Test:       0.5 ms  7.81e+03 ns  2.05e+03 ns    0.0391 ms           12            73.4  17.2   7.8   1.6    80.0
          Time: Wait:      39.4 ms     0.615 ms     0.257 ms     0.843 ms           19            10.9  12.5  46.9  29.7    27.0
Volume Recv TOTAL   :      31.9 MB       511 KB       511 KB       513 KB            0            98.4   0.0   0.0   1.6     0.4
Volume Recv0: <= 64B:           65         1.02            1            2            0            98.4   0.0   0.0   1.6    49.2
Volume Recv1: <= 4KB:     1.35e+03         21.1           21           26            0            98.4   0.0   0.0   1.6    18.9
Volume Recv2: <= 2MB:          384            6            6            6            0           100.0   0.0   0.0   0.0     0.0
Volume Send TOTAL   :      32.1 MB       513 KB       513 KB       513 KB            0           100.0   0.0   0.0   0.0     0.0
Volume Send0: <= 64B:          128            2            2            2            0           100.0   0.0   0.0   0.0     0.0
Volume Send1: <= 4KB:     1.66e+03           26           26           26            0           100.0   0.0   0.0   0.0     0.0
Volume Send2: <= 2MB:          384            6            6            6            0           100.0   0.0   0.0   0.0     0.0

Timestep 3       Time=3e-05       Next delT=1e-05       Wall Time=0.247074  EMA=0.0393318   Memory Used=121.06 MBs (avg) 121.72 MBs (max on rank: 44    )
Runtime Summary  summary stats for time step 3 at time=3e-05
  Description       Units       Minimum           Rank   Average (64)      Std. Dev.         Maximum           Rank   100*(1-ave/max) '% load imbalance'
  TaskExec          [seconds] : 0.0278573       : 20   : 0.0283654       : 0.000149937     : 0.0287767       : 28   : 1.42939
  TaskLocalComm     [seconds] : 0.00186998      : 28   : 0.00215943      : 0.000329931     : 0.00317573      : 41   : 32.0021
  TaskWaitCommTime  [seconds] : 0.000587442     : 2    : 0.000978188     : 0.000146189     : 0.00117758      : 19   : 16.9326
  NumberOfTasks     [tasks  ] : 6               : 0    : 6               : 0               : 6               : 0    : 0
  NumberOfPatches   [patches] : 1               : 0    : 1               : 0               : 1               : 0    : 0
  NumberOfCells     [cells  ] : 32768           : 0    : 32768           : 0               : 32768           : 0    : 0
  SCIMemoryUsed     [MBytes ] : 1.20644e+08     : 35   : 1.21063e+08     : 246323          : 1.21721e+08     : 44   : 0.540305
  SCIMemoryMaxUsed  [MBytes ] : 1.20644e+08     : 35   : 1.21063e+08     : 246323          : 1.21721e+08     : 44   : 0.540305
  MemoryUsed        [MBytes ] : 6.69282e+08     : 1    : 6.69288e+08     : 40427.8         : 6.69606e+08     : 0    : 0.0475312
  MemoryResident    [MBytes ] : 1.20644e+08     : 35   : 1.21063e+08     : 246323          : 1.21721e+08     : 44   : 0.540305
  Percentage of time spent in overhead : 7.39467

________________________________________________________________________________
--------------------------------------------------------------------------------
MPIStats:+
--------------------------------------------------------------------------------
                Name:       Total:         Avg:         Min:         Max:    Max rank: Hist %% [  Q1 |  Q2 |  Q3 |  Q4 ]:  %%Load Imbalance
         Count: Recv:     1.66e+03           26           26           26            0           100.0   0.0   0.0   0.0     0.0
         Count: Redu:          512            8            8            8            0           100.0   0.0   0.0   0.0     0.0
         Count: Send:     1.66e+03           26           26           26            0           100.0   0.0   0.0   0.0     0.0
         Count: Test:          437         6.83            6           12           62            79.7   9.4   6.2   4.7    43.1
         Count: Wait:     2.94e+03           46           46           46            0           100.0   0.0   0.0   0.0     0.0
          Time: Recv:     0.727 ms    0.0114 ms  8.25e+03 ns    0.0433 ms           61            93.8   3.1   1.6   1.6    73.7
          Time: Redu:      0.38 s       5.93 ms     0.225 ms      11.3 ms           57             6.2  40.6  45.3   7.8    47.3
          Time: Send:      7.06 ms      0.11 ms    0.0879 ms     0.218 ms            0            79.7  18.8   0.0   1.6    49.5
          Time: Test:     0.442 ms  6.91e+03 ns  1.95e+03 ns    0.0279 ms           57            73.4  12.5  10.9   3.1    75.2
          Time: Wait:        39 ms     0.609 ms     0.248 ms     0.829 ms           10             7.8   9.4  53.1  29.7    26.6
Volume Recv TOTAL   :      31.9 MB       511 KB       511 KB       513 KB            0            98.4   0.0   0.0   1.6     0.4
Volume Recv0: <= 64B:           65         1.02            1            2            0            98.4   0.0   0.0   1.6    49.2
Volume Recv1: <= 4KB:     1.35e+03         21.1           21           26            0            98.4   0.0   0.0   1.6    18.9
Volume Recv2: <= 2MB:          384            6            6            6            0           100.0   0.0   0.0   0.0     0.0
Volume Send TOTAL   :      32.1 MB       513 KB       513 KB       513 KB            0           100.0   0.0   0.0   0.0     0.0
Volume Send0: <= 64B:          128            2            2            2            0           100.0   0.0   0.0   0.0     0.0
Volume Send1: <= 4KB:     1.66e+03           26           26           26            0           100.0   0.0   0.0   0.0     0.0
Volume Send2: <= 2MB:          384            6            6            6            0           100.0   0.0   0.0   0.0     0.0

Timestep 4       Time=4e-05       Next delT=1e-05       Wall Time=0.276974  EMA=0.0355586   Memory Used=118.11 MBs (avg) 119.79 MBs (max on rank: 0     )
Runtime Summary  summary stats for time step 4 at time=4e-05
  Description       Units       Minimum           Rank   Average (64)      Std. Dev.         Maximum           Rank   100*(1-ave/max) '% load imbalance'
  TaskExec          [seconds] : 0.0268159       : 61   : 0.0273273       : 0.000125635     : 0.0276289       : 4    : 1.0916
  TaskLocalComm     [seconds] : 0.00191642      : 45   : 0.00215477      : 0.000277725     : 0.00326818      : 61   : 34.0681
  TaskWaitCommTime  [seconds] : 0.000574742     : 20   : 0.000978511     : 0.000133597     : 0.00113173      : 10   : 13.5388
  NumberOfTasks     [tasks  ] : 6               : 0    : 6               : 0               : 6               : 0    : 0
  NumberOfPatches   [patches] : 1               : 0    : 1               : 0               : 1               : 0    : 0
  NumberOfCells     [cells  ] : 32768           : 0    : 32768           : 0               : 32768           : 0    : 0
  SCIMemoryUsed     [MBytes ] : 1.17674e+08     : 35   : 1.18114e+08     : 357526          : 1.19792e+08     : 0    : 1.40024
  SCIMemoryMaxUsed  [MBytes ] : 1.17674e+08     : 35   : 1.18114e+08     : 357526          : 1.19792e+08     : 0    : 1.40024
  MemoryUsed        [MBytes ] : 6.66137e+08     : 1    : 6.66182e+08     : 250728          : 6.67718e+08     : 0    : 0.230009
  MemoryResident    [MBytes ] : 1.17674e+08     : 35   : 1.18114e+08     : 357526          : 1.19792e+08     : 0    : 1.40024
  Percentage of time spent in overhead : 5.54488

________________________________________________________________________________
--------------------------------------------------------------------------------
MPIStats:+
--------------------------------------------------------------------------------
                Name:       Total:         Avg:         Min:         Max:    Max rank: Hist %% [  Q1 |  Q2 |  Q3 |  Q4 ]:  %%Load Imbalance
         Count: Recv:     1.66e+03           26           26           26            0           100.0   0.0   0.0   0.0     0.0
         Count: Redu:          512            8            8            8            0           100.0   0.0   0.0   0.0     0.0
         Count: Send:     1.66e+03           26           26           26            0           100.0   0.0   0.0   0.0     0.0
         Count: Test:          440         6.88            6           12           63            78.1   7.8   7.8   6.2    42.7
         Count: Wait:     2.94e+03           46           46           46            0           100.0   0.0   0.0   0.0     0.0
          Time: Recv:     0.771 ms    0.0121 ms  8.29e+03 ns    0.0521 ms           61            90.6   6.2   1.6   1.6    76.9
          Time: Redu:     0.419 s       6.55 ms     0.187 ms      11.2 ms           17             3.1   0.0  92.2   4.7    41.7
          Time: Send:       7.2 ms     0.112 ms     0.095 ms     0.255 ms            0            98.4   0.0   0.0   1.6    55.8
          Time: Test:     0.434 ms  6.78e+03 ns  2.28e+03 ns     0.026 ms           57            73.4  14.1   7.8   4.7    74.0
          Time: Wait:      44.5 ms     0.695 ms     0.237 ms     0.881 ms           26             3.1   6.2  42.2  48.4    21.1
Volume Recv TOTAL   :      31.9 MB       511 KB       511 KB       513 KB            0            98.4   0.0   0.0   1.6     0.4
Volume Recv0: <= 64B:           65         1.02            1            2            0            98.4   0.0   0.0   1.6    49.2
Volume Recv1: <= 4KB:     1.35e+03         21.1           21           26            0            98.4   0.0   0.0   1.6    18.9
Volume Recv2: <= 2MB:          384            6            6            6            0           100.0   0.0   0.0   0.0     0.0
Volume Send TOTAL   :      32.1 MB       513 KB       513 KB       513 KB            0           100.0   0.0   0.0   0.0     0.0
Volume Send0: <= 64B:          128            2            2            2            0           100.0   0.0   0.0   0.0     0.0
Volume Send1: <= 4KB:     1.66e+03           26           26           26            0           100.0   0.0   0.0   0.0     0.0
Volume Send2: <= 2MB:          384            6            6            6            0           100.0   0.0   0.0   0.0     0.0

Timestep 5       Time=5e-05       Next delT=1e-05       Wall Time=0.307938  EMA=0.034027    Memory Used=121.37 MBs (avg) 122.03 MBs (max on rank: 44    )
Runtime Summary  summary stats for time step 5 at time=5e-05
  Description       Units       Minimum           Rank   Average (64)      Std. Dev.         Maximum           Rank   100*(1-ave/max) '% load imbalance'
  TaskExec          [seconds] : 0.0278745       : 61   : 0.028396        : 0.00011673      : 0.0286872       : 28   : 1.01528
  TaskLocalComm     [seconds] : 0.00194952      : 28   : 0.00214198      : 0.000224899     : 0.00334723      : 61   : 36.0075
  TaskWaitCommTime  [seconds] : 0.000627363     : 41   : 0.00107869      : 0.000128093     : 0.0012368       : 54   : 12.7834
  NumberOfTasks     [tasks  ] : 6               : 0    : 6               : 0               : 6               : 0    : 0
  NumberOfPatches   [patches] : 1               : 0    : 1               : 0               : 1               : 0    : 0
  NumberOfCells     [cells  ] : 32768           : 0    : 32768           : 0               : 32768           : 0    : 0
  SCIMemoryUsed     [MBytes ] : 1.2102e+08      : 21   : 1.21373e+08     : 243561          : 1.22032e+08     : 44   : 0.539766
  SCIMemoryMaxUsed  [MBytes ] : 1.2102e+08      : 21   : 1.21373e+08     : 243561          : 1.22032e+08     : 44   : 0.539766
  MemoryUsed        [MBytes ] : 6.69282e+08     : 1    : 6.69288e+08     : 40427.8         : 6.69606e+08     : 0    : 0.0475312
  MemoryResident    [MBytes ] : 1.2102e+08      : 21   : 1.21373e+08     : 243561          : 1.22032e+08     : 44   : 0.539766
  Percentage of time spent in overhead : 4.4341

________________________________________________________________________________
--------------------------------------------------------------------------------
MPIStats:+
--------------------------------------------------------------------------------
                Name:       Total:         Avg:         Min:         Max:    Max rank: Hist %% [  Q1 |  Q2 |  Q3 |  Q4 ]:  %%Load Imbalance
         Count: Recv:     1.66e+03           26           26           26            0           100.0   0.0   0.0   0.0     0.0
         Count: Redu:          512            8            8            8            0           100.0   0.0   0.0   0.0     0.0
         Count: Send:     1.66e+03           26           26           26            0           100.0   0.0   0.0   0.0     0.0
         Count: Test:          435          6.8            6           12           62            79.7  12.5   3.1   4.7    43.4
         Count: Wait:     2.94e+03           46           46           46            0           100.0   0.0   0.0   0.0     0.0
          Time: Recv:     0.695 ms    0.0109 ms   7.7e+03 ns    0.0462 ms           61            93.8   4.7   0.0   1.6    76.5
          Time: Redu:     0.288 s        4.5 ms      0.17 ms      7.39 ms           29             3.1  17.2  68.8  10.9    39.1
          Time: Send:        12 ms     0.187 ms     0.102 ms     0.278 ms           62             4.7  59.4  23.4  12.5    32.7
          Time: Test:      0.43 ms  6.71e+03 ns  2.24e+03 ns    0.0325 ms           57            73.4  21.9   3.1   1.6    79.4
          Time: Wait:      42.7 ms     0.668 ms     0.253 ms     0.851 ms            5             3.1   6.2  56.2  34.4    21.6
Volume Recv TOTAL   :      31.9 MB       511 KB       511 KB       513 KB            0            98.4   0.0   0.0   1.6     0.4
Volume Recv0: <= 64B:           65         1.02            1            2            0            98.4   0.0   0.0   1.6    49.2
Volume Recv1: <= 4KB:     1.35e+03         21.1           21           26            0            98.4   0.0   0.0   1.6    18.9
Volume Recv2: <= 2MB:          384            6            6            6            0           100.0   0.0   0.0   0.0     0.0
Volume Send TOTAL   :      32.1 MB       513 KB       513 KB       513 KB            0           100.0   0.0   0.0   0.0     0.0
Volume Send0: <= 64B:          128            2            2            2            0           100.0   0.0   0.0   0.0     0.0
Volume Send1: <= 4KB:     1.66e+03           26           26           26            0           100.0   0.0   0.0   0.0     0.0
Volume Send2: <= 2MB:          384            6            6            6            0           100.0   0.0   0.0   0.0     0.0

Timestep 6       Time=6e-05       Next delT=1e-05       Wall Time=0.336679  EMA=0.0325167   Memory Used=119.59 MBs (avg) 120.29 MBs (max on rank: 44    )
Runtime Summary  summary stats for time step 6 at time=6e-05
  Description       Units       Minimum           Rank   Average (64)      Std. Dev.         Maximum           Rank   100*(1-ave/max) '% load imbalance'
  TaskExec          [seconds] : 0.0256336       : 61   : 0.0260629       : 9.96865e-05     : 0.0262278       : 3    : 0.628565
  TaskLocalComm     [seconds] : 0.00203722      : 53   : 0.00221216      : 0.000223659     : 0.00334644      : 61   : 33.8953
  TaskWaitCommTime  [seconds] : 0.000613972     : 61   : 0.00105306      : 0.000109015     : 0.00116745      : 7    : 9.79858
  NumberOfTasks     [tasks  ] : 6               : 0    : 6               : 0               : 6               : 0    : 0
  NumberOfPatches   [patches] : 1               : 0    : 1               : 0               : 1               : 0    : 0
  NumberOfCells     [cells  ] : 32768           : 0    : 32768           : 0               : 32768           : 0    : 0
  SCIMemoryUsed     [MBytes ] : 1.17764e+08     : 10   : 1.19588e+08     : 339596          : 1.20291e+08     : 44   : 0.584661
  SCIMemoryMaxUsed  [MBytes ] : 1.17764e+08     : 10   : 1.19588e+08     : 339596          : 1.20291e+08     : 44   : 0.584661
  MemoryUsed        [MBytes ] : 6.6551e+08      : 10   : 6.67359e+08     : 247345          : 6.67398e+08     : 1    : 0.00588794
  MemoryResident    [MBytes ] : 1.17764e+08     : 10   : 1.19588e+08     : 339596          : 1.20291e+08     : 44   : 0.584661
  Percentage of time spent in overhead : 3.69257

________________________________________________________________________________
--------------------------------------------------------------------------------
MPIStats:+
--------------------------------------------------------------------------------
                Name:       Total:         Avg:         Min:         Max:    Max rank: Hist %% [  Q1 |  Q2 |  Q3 |  Q4 ]:  %%Load Imbalance
         Count: Recv:     1.66e+03           26           26           26            0           100.0   0.0   0.0   0.0     0.0
         Count: Redu:          512            8            8            8            0           100.0   0.0   0.0   0.0     0.0
         Count: Send:     1.66e+03           26           26           26            0           100.0   0.0   0.0   0.0     0.0
         Count: Test:          432         6.75            6           12           63            81.2   9.4   4.7   4.7    43.8
         Count: Wait:     2.94e+03           46           46           46            0           100.0   0.0   0.0   0.0     0.0
          Time: Recv:     0.718 ms    0.0112 ms  8.11e+03 ns    0.0387 ms           61            92.2   3.1   1.6   3.1    71.0
          Time: Redu:      52.5 ms     0.821 ms     0.197 ms      1.86 ms           59            32.8  35.9  25.0   6.2    55.8
          Time: Send:      6.94 ms     0.108 ms    0.0876 ms     0.234 ms            0            92.2   6.2   0.0   1.6    53.8
          Time: Test:     0.407 ms  6.36e+03 ns   1.9e+03 ns    0.0322 ms           59            78.1  17.2   1.6   3.1    80.2
          Time: Wait:      43.6 ms     0.682 ms     0.279 ms     0.852 ms           50             4.7   7.8  43.8  43.8    20.0
Volume Recv TOTAL   :      31.9 MB       511 KB       511 KB       513 KB            0            98.4   0.0   0.0   1.6     0.4
Volume Recv0: <= 64B:           65         1.02            1            2            0            98.4   0.0   0.0   1.6    49.2
Volume Recv1: <= 4KB:     1.35e+03         21.1           21           26            0            98.4   0.0   0.0   1.6    18.9
Volume Recv2: <= 2MB:          384            6            6            6            0           100.0   0.0   0.0   0.0     0.0
Volume Send TOTAL   :      32.1 MB       513 KB       513 KB       513 KB            0           100.0   0.0   0.0   0.0     0.0
Volume Send0: <= 64B:          128            2            2            2            0           100.0   0.0   0.0   0.0     0.0
Volume Send1: <= 4KB:     1.66e+03           26           26           26            0           100.0   0.0   0.0   0.0     0.0
Volume Send2: <= 2MB:          384            6            6            6            0           100.0   0.0   0.0   0.0     0.0

Timestep 7       Time=7e-05       Next delT=1e-05       Wall Time=0.361684  EMA=0.0306389   Memory Used=121.65 MBs (avg) 122.33 MBs (max on rank: 44    )
Runtime Summary  summary stats for time step 7 at time=7e-05
  Description       Units       Minimum           Rank   Average (64)      Std. Dev.         Maximum           Rank   100*(1-ave/max) '% load imbalance'
  TaskExec          [seconds] : 0.0222532       : 61   : 0.0225094       : 9.22124e-05     : 0.0227613       : 16   : 1.10658
  TaskLocalComm     [seconds] : 0.00193964      : 45   : 0.00212566      : 0.000189803     : 0.00310826      : 61   : 31.6126
  TaskWaitCommTime  [seconds] : 0.000595872     : 61   : 0.00107361      : 0.000133959     : 0.00124182      : 30   : 13.5448
  NumberOfTasks     [tasks  ] : 6               : 0    : 6               : 0               : 6               : 0    : 0
  NumberOfPatches   [patches] : 1               : 0    : 1               : 0               : 1               : 0    : 0
  NumberOfCells     [cells  ] : 32768           : 0    : 32768           : 0               : 32768           : 0    : 0
  SCIMemoryUsed     [MBytes ] : 1.21258e+08     : 38   : 1.2165e+08      : 247704          : 1.22327e+08     : 44   : 0.553742
  SCIMemoryMaxUsed  [MBytes ] : 1.21258e+08     : 38   : 1.2165e+08      : 247704          : 1.22327e+08     : 44   : 0.553742
  MemoryUsed        [MBytes ] : 6.69282e+08     : 1    : 6.69288e+08     : 40427.8         : 6.69606e+08     : 0    : 0.0475312
  MemoryResident    [MBytes ] : 1.21258e+08     : 38   : 1.2165e+08      : 247704          : 1.22327e+08     : 44   : 0.553742
  Percentage of time spent in overhead : 3.16181

________________________________________________________________________________
--------------------------------------------------------------------------------
MPIStats:+
--------------------------------------------------------------------------------
                Name:       Total:         Avg:         Min:         Max:    Max rank: Hist %% [  Q1 |  Q2 |  Q3 |  Q4 ]:  %%Load Imbalance
         Count: Recv:     1.66e+03           26           26           26            0           100.0   0.0   0.0   0.0     0.0
         Count: Redu:          512            8            8            8            0           100.0   0.0   0.0   0.0     0.0
         Count: Send:     1.66e+03           26           26           26            0           100.0   0.0   0.0   0.0     0.0
         Count: Test:          434         6.78            6           12           63            82.8   7.8   4.7   4.7    43.5
         Count: Wait:     2.94e+03           46           46           46            0           100.0   0.0   0.0   0.0     0.0
          Time: Recv:      0.67 ms    0.0105 ms  8.11e+03 ns    0.0251 ms           63            90.6   3.1   1.6   4.7    58.2
          Time: Redu:      58.4 ms     0.912 ms     0.192 ms      1.99 ms            3            34.4  31.2  21.9  12.5    54.2
          Time: Send:      6.88 ms     0.107 ms    0.0886 ms     0.205 ms            0            81.2  17.2   0.0   1.6    47.5
          Time: Test:     0.349 ms  5.46e+03 ns  1.62e+03 ns    0.0207 ms           43            76.6   7.8  12.5   3.1    73.6
          Time: Wait:      44.9 ms     0.702 ms     0.541 ms     0.842 ms           15            17.2  20.3  40.6  21.9    16.6
Volume Recv TOTAL   :      31.9 MB       511 KB       511 KB       513 KB            0            98.4   0.0   0.0   1.6     0.4
Volume Recv0: <= 64B:           65         1.02            1            2            0            98.4   0.0   0.0   1.6    49.2
Volume Recv1: <= 4KB:     1.35e+03         21.1           21           26            0            98.4   0.0   0.0   1.6    18.9
Volume Recv2: <= 2MB:          384            6            6            6            0           100.0   0.0   0.0   0.0     0.0
Volume Send TOTAL   :      32.1 MB       513 KB       513 KB       513 KB            0           100.0   0.0   0.0   0.0     0.0
Volume Send0: <= 64B:          128            2            2            2            0           100.0   0.0   0.0   0.0     0.0
Volume Send1: <= 4KB:     1.66e+03           26           26           26            0           100.0   0.0   0.0   0.0     0.0
Volume Send2: <= 2MB:          384            6            6            6            0           100.0   0.0   0.0   0.0     0.0

Timestep 8       Time=8e-05       Next delT=1e-05       Wall Time=0.386699  EMA=0.0293891   Memory Used=119.89 MBs (avg) 120.58 MBs (max on rank: 44    )
Runtime Summary  summary stats for time step 8 at time=8e-05
  Description       Units       Minimum           Rank   Average (64)      Std. Dev.         Maximum           Rank   100*(1-ave/max) '% load imbalance'
  TaskExec          [seconds] : 0.0223774       : 38   : 0.0225301       : 6.22212e-05     : 0.0226546       : 28   : 0.549705
  TaskLocalComm     [seconds] : 0.00198241      : 55   : 0.00209673      : 7.09994e-05     : 0.00229105      : 44   : 8.48174
  TaskWaitCommTime  [seconds] : 0.000874034     : 0    : 0.00109548      : 6.47589e-05     : 0.00122539      : 10   : 10.602
  NumberOfTasks     [tasks  ] : 6               : 0    : 6               : 0               : 6               : 0    : 0
  NumberOfPatches   [patches] : 1               : 0    : 1               : 0               : 1               : 0    : 0
  NumberOfCells     [cells  ] : 32768           : 0    : 32768           : 0               : 32768           : 0    : 0
  SCIMemoryUsed     [MBytes ] : 1.19493e+08     : 38   : 1.19889e+08     : 244291          : 1.20582e+08     : 44   : 0.574758
  SCIMemoryMaxUsed  [MBytes ] : 1.19493e+08     : 38   : 1.19889e+08     : 244291          : 1.20582e+08     : 44   : 0.574758
  MemoryUsed        [MBytes ] : 6.67394e+08     : 4    : 6.67398e+08     : 729.801         : 6.67402e+08     : 0    : 0.000613723
  MemoryResident    [MBytes ] : 1.19493e+08     : 38   : 1.19889e+08     : 244291          : 1.20582e+08     : 44   : 0.574758
  Percentage of time spent in overhead : 2.76259

________________________________________________________________________________
--------------------------------------------------------------------------------
MPIStats:+
--------------------------------------------------------------------------------
                Name:       Total:         Avg:         Min:         Max:    Max rank: Hist %% [  Q1 |  Q2 |  Q3 |  Q4 ]:  %%Load Imbalance
         Count: Recv:     1.66e+03           26           26           26            0           100.0   0.0   0.0   0.0     0.0
         Count: Redu:          512            8            8            8            0           100.0   0.0   0.0   0.0     0.0
         Count: Send:     1.66e+03           26           26           26            0           100.0   0.0   0.0   0.0     0.0
         Count: Test:          437         6.83            6           12           63            79.7   9.4   6.2   4.7    43.1
         Count: Wait:     2.94e+03           46           46           46            0           100.0   0.0   0.0   0.0     0.0
          Time: Recv:     0.683 ms    0.0107 ms  7.81e+03 ns    0.0295 ms           61            92.2   1.6   1.6   4.7    63.8
          Time: Redu:      51.7 ms     0.808 ms     0.192 ms      1.62 ms            3            18.8  42.2  28.1  10.9    50.2
          Time: Send:      6.98 ms     0.109 ms    0.0888 ms     0.206 ms            0            79.7  18.8   0.0   1.6    47.0
          Time: Test:     0.397 ms   6.2e+03 ns  1.87e+03 ns    0.0356 ms           46            79.7  18.8   0.0   1.6    82.6
          Time: Wait:      46.9 ms     0.734 ms       0.5 ms     0.904 ms           17             4.7  23.4  53.1  18.8    18.9
Volume Recv TOTAL   :      31.9 MB       511 KB       511 KB       513 KB            0            98.4   0.0   0.0   1.6     0.4
Volume Recv0: <= 64B:           65         1.02            1            2            0            98.4   0.0   0.0   1.6    49.2
Volume Recv1: <= 4KB:     1.35e+03         21.1           21           26            0            98.4   0.0   0.0   1.6    18.9
Volume Recv2: <= 2MB:          384            6            6            6            0           100.0   0.0   0.0   0.0     0.0
Volume Send TOTAL   :      32.1 MB       513 KB       513 KB       513 KB            0           100.0   0.0   0.0   0.0     0.0
Volume Send0: <= 64B:          128            2            2            2            0           100.0   0.0   0.0   0.0     0.0
Volume Send1: <= 4KB:     1.66e+03           26           26           26            0           100.0   0.0   0.0   0.0     0.0
Volume Send2: <= 2MB:          384            6            6            6            0           100.0   0.0   0.0   0.0     0.0

Timestep 9       Time=9e-05       Next delT=1e-05       Wall Time=0.411803  EMA=0.0285318   Memory Used=121.91 MBs (avg) 122.59 MBs (max on rank: 44    )
Runtime Summary  summary stats for time step 9 at time=9e-05
  Description       Units       Minimum           Rank   Average (64)      Std. Dev.         Maximum           Rank   100*(1-ave/max) '% load imbalance'
  TaskExec          [seconds] : 0.0224099       : 30   : 0.0225528       : 6.72148e-05     : 0.0227447       : 47   : 0.843664
  TaskLocalComm     [seconds] : 0.00197635      : 45   : 0.0021184       : 9.98216e-05     : 0.00248632      : 41   : 14.7977
  TaskWaitCommTime  [seconds] : 0.000799363     : 0    : 0.00113027      : 8.55707e-05     : 0.00126435      : 30   : 10.6051
  NumberOfTasks     [tasks  ] : 6               : 0    : 6               : 0               : 6               : 0    : 0
  NumberOfPatches   [patches] : 1               : 0    : 1               : 0               : 1               : 0    : 0
  NumberOfCells     [cells  ] : 32768           : 0    : 32768           : 0               : 32768           : 0    : 0
  SCIMemoryUsed     [MBytes ] : 1.21508e+08     : 38   : 1.2191e+08      : 250390          : 1.22585e+08     : 44   : 0.55101
  SCIMemoryMaxUsed  [MBytes ] : 1.21508e+08     : 38   : 1.2191e+08      : 250390          : 1.22585e+08     : 44   : 0.55101
  MemoryUsed        [MBytes ] : 6.69282e+08     : 1    : 6.69288e+08     : 40427.8         : 6.69606e+08     : 0    : 0.0475312
  MemoryResident    [MBytes ] : 1.21508e+08     : 38   : 1.2191e+08      : 250390          : 1.22585e+08     : 44   : 0.55101
  Percentage of time spent in overhead : 2.45088

________________________________________________________________________________
--------------------------------------------------------------------------------
MPIStats:+
--------------------------------------------------------------------------------
                Name:       Total:         Avg:         Min:         Max:    Max rank: Hist %% [  Q1 |  Q2 |  Q3 |  Q4 ]:  %%Load Imbalance
         Count: Recv:     1.66e+03           26           26           26            0           100.0   0.0   0.0   0.0     0.0
         Count: Redu:          512            8            8            8            0           100.0   0.0   0.0   0.0     0.0
         Count: Send:     1.66e+03           26           26           26            0           100.0   0.0   0.0   0.0     0.0
         Count: Test:          433         6.77            6           12           62            81.2  12.5   1.6   4.7    43.6
         Count: Wait:     2.94e+03           46           46           46            0           100.0   0.0   0.0   0.0     0.0
          Time: Recv:     0.678 ms    0.0106 ms  8.26e+03 ns    0.0257 ms           63            93.8   1.6   0.0   4.7    58.8
          Time: Redu:      86.4 ms      1.35 ms     0.197 ms      2.58 ms           39            21.9  32.8  25.0  20.3    47.7
          Time: Send:      7.02 ms      0.11 ms    0.0873 ms     0.196 ms            0            68.8  29.7   0.0   1.6    44.0
          Time: Test:     0.371 ms   5.8e+03 ns  2.08e+03 ns    0.0245 ms           45            79.7   9.4   7.8   3.1    76.4
          Time: Wait:      46.7 ms     0.729 ms     0.488 ms     0.896 ms           37             6.2  28.1  45.3  20.3    18.6
Volume Recv TOTAL   :      31.9 MB       511 KB       511 KB       513 KB            0            98.4   0.0   0.0   1.6     0.4
Volume Recv0: <= 64B:           65         1.02            1            2            0            98.4   0.0   0.0   1.6    49.2
Volume Recv1: <= 4KB:     1.35e+03         21.1           21           26            0            98.4   0.0   0.0   1.6    18.9
Volume Recv2: <= 2MB:          384            6            6            6            0           100.0   0.0   0.0   0.0     0.0
Volume Send TOTAL   :      32.1 MB       513 KB       513 KB       513 KB            0           100.0   0.0   0.0   0.0     0.0
Volume Send0: <= 64B:          128            2            2            2            0           100.0   0.0   0.0   0.0     0.0
Volume Send1: <= 4KB:     1.66e+03           26           26           26            0           100.0   0.0   0.0   0.0     0.0
Volume Send2: <= 2MB:          384            6            6            6            0           100.0   0.0   0.0   0.0     0.0

Timestep 10      Time=0.0001      Next delT=1e-05       Wall Time=0.437518  EMA=0.0280193   Memory Used=119.81 MBs (avg) 120.58 MBs (max on rank: 0     )
Runtime Summary  summary stats for time step 10 at time=0.0001
  Description       Units       Minimum           Rank   Average (64)      Std. Dev.         Maximum           Rank   100*(1-ave/max) '% load imbalance'
  TaskExec          [seconds] : 0.0229092       : 49   : 0.0230636       : 7.16899e-05     : 0.023254        : 12   : 0.818569
  TaskLocalComm     [seconds] : 0.0020184       : 46   : 0.00213541      : 8.92214e-05     : 0.00253696      : 41   : 15.8278
  TaskWaitCommTime  [seconds] : 0.000830093     : 0    : 0.00113128      : 8.57033e-05     : 0.00128101      : 13   : 11.689
  NumberOfTasks     [tasks  ] : 6               : 0    : 6               : 0               : 6               : 0    : 0
  NumberOfPatches   [patches] : 1               : 0    : 1               : 0               : 1               : 0    : 0
  NumberOfCells     [cells  ] : 32768           : 0    : 32768           : 0               : 32768           : 0    : 0
  SCIMemoryUsed     [MBytes ] : 1.18944e+08     : 10   : 1.19814e+08     : 281920          : 1.20582e+08     : 0    : 0.637016
  SCIMemoryMaxUsed  [MBytes ] : 1.18944e+08     : 10   : 1.19814e+08     : 281920          : 1.20582e+08     : 0    : 0.637016
  MemoryUsed        [MBytes ] : 6.66141e+08     : 10   : 6.67078e+08     : 143045          : 6.67718e+08     : 0    : 0.0958106
  MemoryResident    [MBytes ] : 1.18944e+08     : 10   : 1.19814e+08     : 281920          : 1.20582e+08     : 0    : 0.637016
  Percentage of time spent in overhead : 2.20026
Sus: going down successfully
