Parallel: 16 MPI processes (using MPI)
Parallel: MPI Level Required: 0, provided: 0
Date:       Thu Aug 25 11:04:06 2022
Machine:    ash253
git branch:wasatch-low-cost-integ-cmake
git date:   Sat Jul 30 10:34:22 2022 -0600
git hash:   9315f9f96fa6304db4fe79378b145f37ea40016d
Assertion level: 0
CFLAGS:          
CXXFLAGS:        
______________________________________________________________________
Application Component: 	'wasatch'

-------------------------------------------------------------
Wasatch was built against:
  SpatialOps HASH: bd7a2bac76e42e2cb528b02e2cf1291d05c71926
             DATE: Fri Nov 12 11:34:54 2021 -0700
     ExprLib HASH: d2950c77edb22e5f3669ddaaf2d2ed29ceb24d2c
             DATE: Thu Aug 5 12:26:26 2021 -0600
    TabProps HASH: eca0dc5f26b20d4f6b1cebe51b1ae97e11871e83
             DATE: Wed Aug 11 20:11:26 2021 -0600
-------------------------------------------------------------

Linear Solver: 		hypre
Load Balancer: 		Simple
Scheduler: 		MPI
Patch layout: 		(4,2,2)
Grid statistics:
Number of levels:		1
Level 0:
  Periodic boundaries:		[int 1, 1, 1]
  Number of patches:		16
  Total number of cells:	524288 (32768 avg. per patch)
Total patches in grid:		16
Total cells in grid:		524288 (32768 avg. per patch)

Using small, individual MPI messages (no message combining)
Detected solver: hypre
SETTING UP CONVECTIVE FLUX EXPRESSION IN X DIRECTION USING CENTRAL
SETTING UP CONVECTIVE FLUX EXPRESSION IN Y DIRECTION USING CENTRAL
SETTING UP CONVECTIVE FLUX EXPRESSION IN Z DIRECTION USING CENTRAL
Setting initial conditions for scalability test equation: scalability0
SETTING UP CONVECTIVE FLUX EXPRESSION IN X DIRECTION USING CENTRAL
SETTING UP CONVECTIVE FLUX EXPRESSION IN Y DIRECTION USING CENTRAL
SETTING UP CONVECTIVE FLUX EXPRESSION IN Z DIRECTION USING CENTRAL
Setting initial conditions for scalability test equation: scalability1
SETTING UP CONVECTIVE FLUX EXPRESSION IN X DIRECTION USING CENTRAL
SETTING UP CONVECTIVE FLUX EXPRESSION IN Y DIRECTION USING CENTRAL
SETTING UP CONVECTIVE FLUX EXPRESSION IN Z DIRECTION USING CENTRAL
Setting initial conditions for scalability test equation: scalability2
SETTING UP CONVECTIVE FLUX EXPRESSION IN X DIRECTION USING CENTRAL
SETTING UP CONVECTIVE FLUX EXPRESSION IN Y DIRECTION USING CENTRAL
SETTING UP CONVECTIVE FLUX EXPRESSION IN Z DIRECTION USING CENTRAL
Setting initial conditions for scalability test equation: scalability3
SETTING UP CONVECTIVE FLUX EXPRESSION IN X DIRECTION USING CENTRAL
SETTING UP CONVECTIVE FLUX EXPRESSION IN Y DIRECTION USING CENTRAL
SETTING UP CONVECTIVE FLUX EXPRESSION IN Z DIRECTION USING CENTRAL
Setting initial conditions for scalability test equation: scalability4
SETTING UP CONVECTIVE FLUX EXPRESSION IN X DIRECTION USING CENTRAL
SETTING UP CONVECTIVE FLUX EXPRESSION IN Y DIRECTION USING CENTRAL
SETTING UP CONVECTIVE FLUX EXPRESSION IN Z DIRECTION USING CENTRAL
Setting initial conditions for scalability test equation: scalability5
SETTING UP CONVECTIVE FLUX EXPRESSION IN X DIRECTION USING CENTRAL
SETTING UP CONVECTIVE FLUX EXPRESSION IN Y DIRECTION USING CENTRAL
SETTING UP CONVECTIVE FLUX EXPRESSION IN Z DIRECTION USING CENTRAL
Setting initial conditions for scalability test equation: scalability6
SETTING UP CONVECTIVE FLUX EXPRESSION IN X DIRECTION USING CENTRAL
SETTING UP CONVECTIVE FLUX EXPRESSION IN Y DIRECTION USING CENTRAL
SETTING UP CONVECTIVE FLUX EXPRESSION IN Z DIRECTION USING CENTRAL
Setting initial conditions for scalability test equation: scalability7
SETTING UP CONVECTIVE FLUX EXPRESSION IN X DIRECTION USING CENTRAL
SETTING UP CONVECTIVE FLUX EXPRESSION IN Y DIRECTION USING CENTRAL
SETTING UP CONVECTIVE FLUX EXPRESSION IN Z DIRECTION USING CENTRAL
Setting initial conditions for scalability test equation: scalability8
SETTING UP CONVECTIVE FLUX EXPRESSION IN X DIRECTION USING CENTRAL
SETTING UP CONVECTIVE FLUX EXPRESSION IN Y DIRECTION USING CENTRAL
SETTING UP CONVECTIVE FLUX EXPRESSION IN Z DIRECTION USING CENTRAL
Setting initial conditions for scalability test equation: scalability9
SETTING UP CONVECTIVE FLUX EXPRESSION IN X DIRECTION USING CENTRAL
SETTING UP CONVECTIVE FLUX EXPRESSION IN Y DIRECTION USING CENTRAL
SETTING UP CONVECTIVE FLUX EXPRESSION IN Z DIRECTION USING CENTRAL
Setting initial conditions for scalability test equation: scalability10
SETTING UP CONVECTIVE FLUX EXPRESSION IN X DIRECTION USING CENTRAL
SETTING UP CONVECTIVE FLUX EXPRESSION IN Y DIRECTION USING CENTRAL
SETTING UP CONVECTIVE FLUX EXPRESSION IN Z DIRECTION USING CENTRAL
Setting initial conditions for scalability test equation: scalability11
SETTING UP CONVECTIVE FLUX EXPRESSION IN X DIRECTION USING CENTRAL
SETTING UP CONVECTIVE FLUX EXPRESSION IN Y DIRECTION USING CENTRAL
SETTING UP CONVECTIVE FLUX EXPRESSION IN Z DIRECTION USING CENTRAL
Setting initial conditions for scalability test equation: scalability12
SETTING UP CONVECTIVE FLUX EXPRESSION IN X DIRECTION USING CENTRAL
SETTING UP CONVECTIVE FLUX EXPRESSION IN Y DIRECTION USING CENTRAL
SETTING UP CONVECTIVE FLUX EXPRESSION IN Z DIRECTION USING CENTRAL
Setting initial conditions for scalability test equation: scalability13
SETTING UP CONVECTIVE FLUX EXPRESSION IN X DIRECTION USING CENTRAL
SETTING UP CONVECTIVE FLUX EXPRESSION IN Y DIRECTION USING CENTRAL
SETTING UP CONVECTIVE FLUX EXPRESSION IN Z DIRECTION USING CENTRAL
Setting initial conditions for scalability test equation: scalability14
SETTING UP CONVECTIVE FLUX EXPRESSION IN X DIRECTION USING CENTRAL
SETTING UP CONVECTIVE FLUX EXPRESSION IN Y DIRECTION USING CENTRAL
SETTING UP CONVECTIVE FLUX EXPRESSION IN Z DIRECTION USING CENTRAL
Setting initial conditions for scalability test equation: scalability15
SETTING UP CONVECTIVE FLUX EXPRESSION IN X DIRECTION USING CENTRAL
SETTING UP CONVECTIVE FLUX EXPRESSION IN Y DIRECTION USING CENTRAL
SETTING UP CONVECTIVE FLUX EXPRESSION IN Z DIRECTION USING CENTRAL
Setting initial conditions for scalability test equation: scalability16
SETTING UP CONVECTIVE FLUX EXPRESSION IN X DIRECTION USING CENTRAL
SETTING UP CONVECTIVE FLUX EXPRESSION IN Y DIRECTION USING CENTRAL
SETTING UP CONVECTIVE FLUX EXPRESSION IN Z DIRECTION USING CENTRAL
Setting initial conditions for scalability test equation: scalability17
SETTING UP CONVECTIVE FLUX EXPRESSION IN X DIRECTION USING CENTRAL
SETTING UP CONVECTIVE FLUX EXPRESSION IN Y DIRECTION USING CENTRAL
SETTING UP CONVECTIVE FLUX EXPRESSION IN Z DIRECTION USING CENTRAL
Setting initial conditions for scalability test equation: scalability18
SETTING UP CONVECTIVE FLUX EXPRESSION IN X DIRECTION USING CENTRAL
SETTING UP CONVECTIVE FLUX EXPRESSION IN Y DIRECTION USING CENTRAL
SETTING UP CONVECTIVE FLUX EXPRESSION IN Z DIRECTION USING CENTRAL
Setting initial conditions for scalability test equation: scalability19
SETTING UP CONVECTIVE FLUX EXPRESSION IN X DIRECTION USING CENTRAL
SETTING UP CONVECTIVE FLUX EXPRESSION IN Y DIRECTION USING CENTRAL
SETTING UP CONVECTIVE FLUX EXPRESSION IN Z DIRECTION USING CENTRAL
Setting initial conditions for scalability test equation: scalability20
SETTING UP CONVECTIVE FLUX EXPRESSION IN X DIRECTION USING CENTRAL
SETTING UP CONVECTIVE FLUX EXPRESSION IN Y DIRECTION USING CENTRAL
SETTING UP CONVECTIVE FLUX EXPRESSION IN Z DIRECTION USING CENTRAL
Setting initial conditions for scalability test equation: scalability21
SETTING UP CONVECTIVE FLUX EXPRESSION IN X DIRECTION USING CENTRAL
SETTING UP CONVECTIVE FLUX EXPRESSION IN Y DIRECTION USING CENTRAL
SETTING UP CONVECTIVE FLUX EXPRESSION IN Z DIRECTION USING CENTRAL
Setting initial conditions for scalability test equation: scalability22
SETTING UP CONVECTIVE FLUX EXPRESSION IN X DIRECTION USING CENTRAL
SETTING UP CONVECTIVE FLUX EXPRESSION IN Y DIRECTION USING CENTRAL
SETTING UP CONVECTIVE FLUX EXPRESSION IN Z DIRECTION USING CENTRAL
Setting initial conditions for scalability test equation: scalability23
SETTING UP CONVECTIVE FLUX EXPRESSION IN X DIRECTION USING CENTRAL
SETTING UP CONVECTIVE FLUX EXPRESSION IN Y DIRECTION USING CENTRAL
SETTING UP CONVECTIVE FLUX EXPRESSION IN Z DIRECTION USING CENTRAL
Setting initial conditions for scalability test equation: scalability24
SETTING UP CONVECTIVE FLUX EXPRESSION IN X DIRECTION USING CENTRAL
SETTING UP CONVECTIVE FLUX EXPRESSION IN Y DIRECTION USING CENTRAL
SETTING UP CONVECTIVE FLUX EXPRESSION IN Z DIRECTION USING CENTRAL
Setting initial conditions for scalability test equation: scalability25
SETTING UP CONVECTIVE FLUX EXPRESSION IN X DIRECTION USING CENTRAL
SETTING UP CONVECTIVE FLUX EXPRESSION IN Y DIRECTION USING CENTRAL
SETTING UP CONVECTIVE FLUX EXPRESSION IN Z DIRECTION USING CENTRAL
Setting initial conditions for scalability test equation: scalability26
SETTING UP CONVECTIVE FLUX EXPRESSION IN X DIRECTION USING CENTRAL
SETTING UP CONVECTIVE FLUX EXPRESSION IN Y DIRECTION USING CENTRAL
SETTING UP CONVECTIVE FLUX EXPRESSION IN Z DIRECTION USING CENTRAL
Setting initial conditions for scalability test equation: scalability27
SETTING UP CONVECTIVE FLUX EXPRESSION IN X DIRECTION USING CENTRAL
SETTING UP CONVECTIVE FLUX EXPRESSION IN Y DIRECTION USING CENTRAL
SETTING UP CONVECTIVE FLUX EXPRESSION IN Z DIRECTION USING CENTRAL
Setting initial conditions for scalability test equation: scalability28
SETTING UP CONVECTIVE FLUX EXPRESSION IN X DIRECTION USING CENTRAL
SETTING UP CONVECTIVE FLUX EXPRESSION IN Y DIRECTION USING CENTRAL
SETTING UP CONVECTIVE FLUX EXPRESSION IN Z DIRECTION USING CENTRAL
Setting initial conditions for scalability test equation: scalability29
SETTING UP CONVECTIVE FLUX EXPRESSION IN X DIRECTION USING CENTRAL
SETTING UP CONVECTIVE FLUX EXPRESSION IN Y DIRECTION USING CENTRAL
SETTING UP CONVECTIVE FLUX EXPRESSION IN Z DIRECTION USING CENTRAL
Setting initial conditions for scalability test equation: scalability30
SETTING UP CONVECTIVE FLUX EXPRESSION IN X DIRECTION USING CENTRAL
SETTING UP CONVECTIVE FLUX EXPRESSION IN Y DIRECTION USING CENTRAL
SETTING UP CONVECTIVE FLUX EXPRESSION IN Z DIRECTION USING CENTRAL
Setting initial conditions for scalability test equation: scalability31
SETTING UP CONVECTIVE FLUX EXPRESSION IN X DIRECTION USING CENTRAL
SETTING UP CONVECTIVE FLUX EXPRESSION IN Y DIRECTION USING CENTRAL
SETTING UP CONVECTIVE FLUX EXPRESSION IN Z DIRECTION USING CENTRAL
Setting initial conditions for scalability test equation: scalability32
SETTING UP CONVECTIVE FLUX EXPRESSION IN X DIRECTION USING CENTRAL
SETTING UP CONVECTIVE FLUX EXPRESSION IN Y DIRECTION USING CENTRAL
SETTING UP CONVECTIVE FLUX EXPRESSION IN Z DIRECTION USING CENTRAL
Setting initial conditions for scalability test equation: scalability33
SETTING UP CONVECTIVE FLUX EXPRESSION IN X DIRECTION USING CENTRAL
SETTING UP CONVECTIVE FLUX EXPRESSION IN Y DIRECTION USING CENTRAL
SETTING UP CONVECTIVE FLUX EXPRESSION IN Z DIRECTION USING CENTRAL
Setting initial conditions for scalability test equation: scalability34
SETTING UP CONVECTIVE FLUX EXPRESSION IN X DIRECTION USING CENTRAL
SETTING UP CONVECTIVE FLUX EXPRESSION IN Y DIRECTION USING CENTRAL
SETTING UP CONVECTIVE FLUX EXPRESSION IN Z DIRECTION USING CENTRAL
Setting initial conditions for scalability test equation: scalability35
SETTING UP CONVECTIVE FLUX EXPRESSION IN X DIRECTION USING CENTRAL
SETTING UP CONVECTIVE FLUX EXPRESSION IN Y DIRECTION USING CENTRAL
SETTING UP CONVECTIVE FLUX EXPRESSION IN Z DIRECTION USING CENTRAL
Setting initial conditions for scalability test equation: scalability36
SETTING UP CONVECTIVE FLUX EXPRESSION IN X DIRECTION USING CENTRAL
SETTING UP CONVECTIVE FLUX EXPRESSION IN Y DIRECTION USING CENTRAL
SETTING UP CONVECTIVE FLUX EXPRESSION IN Z DIRECTION USING CENTRAL
Setting initial conditions for scalability test equation: scalability37
SETTING UP CONVECTIVE FLUX EXPRESSION IN X DIRECTION USING CENTRAL
SETTING UP CONVECTIVE FLUX EXPRESSION IN Y DIRECTION USING CENTRAL
SETTING UP CONVECTIVE FLUX EXPRESSION IN Z DIRECTION USING CENTRAL
Setting initial conditions for scalability test equation: scalability38
SETTING UP CONVECTIVE FLUX EXPRESSION IN X DIRECTION USING CENTRAL
SETTING UP CONVECTIVE FLUX EXPRESSION IN Y DIRECTION USING CENTRAL
SETTING UP CONVECTIVE FLUX EXPRESSION IN Z DIRECTION USING CENTRAL
Setting initial conditions for scalability test equation: scalability39
SETTING UP CONVECTIVE FLUX EXPRESSION IN X DIRECTION USING CENTRAL
SETTING UP CONVECTIVE FLUX EXPRESSION IN Y DIRECTION USING CENTRAL
SETTING UP CONVECTIVE FLUX EXPRESSION IN Z DIRECTION USING CENTRAL
Setting initial conditions for scalability test equation: scalability40
SETTING UP CONVECTIVE FLUX EXPRESSION IN X DIRECTION USING CENTRAL
SETTING UP CONVECTIVE FLUX EXPRESSION IN Y DIRECTION USING CENTRAL
SETTING UP CONVECTIVE FLUX EXPRESSION IN Z DIRECTION USING CENTRAL
Setting initial conditions for scalability test equation: scalability41
SETTING UP CONVECTIVE FLUX EXPRESSION IN X DIRECTION USING CENTRAL
SETTING UP CONVECTIVE FLUX EXPRESSION IN Y DIRECTION USING CENTRAL
SETTING UP CONVECTIVE FLUX EXPRESSION IN Z DIRECTION USING CENTRAL
Setting initial conditions for scalability test equation: scalability42
SETTING UP CONVECTIVE FLUX EXPRESSION IN X DIRECTION USING CENTRAL
SETTING UP CONVECTIVE FLUX EXPRESSION IN Y DIRECTION USING CENTRAL
SETTING UP CONVECTIVE FLUX EXPRESSION IN Z DIRECTION USING CENTRAL
Setting initial conditions for scalability test equation: scalability43
SETTING UP CONVECTIVE FLUX EXPRESSION IN X DIRECTION USING CENTRAL
SETTING UP CONVECTIVE FLUX EXPRESSION IN Y DIRECTION USING CENTRAL
SETTING UP CONVECTIVE FLUX EXPRESSION IN Z DIRECTION USING CENTRAL
Setting initial conditions for scalability test equation: scalability44
SETTING UP CONVECTIVE FLUX EXPRESSION IN X DIRECTION USING CENTRAL
SETTING UP CONVECTIVE FLUX EXPRESSION IN Y DIRECTION USING CENTRAL
SETTING UP CONVECTIVE FLUX EXPRESSION IN Z DIRECTION USING CENTRAL
Setting initial conditions for scalability test equation: scalability45
SETTING UP CONVECTIVE FLUX EXPRESSION IN X DIRECTION USING CENTRAL
SETTING UP CONVECTIVE FLUX EXPRESSION IN Y DIRECTION USING CENTRAL
SETTING UP CONVECTIVE FLUX EXPRESSION IN Z DIRECTION USING CENTRAL
Setting initial conditions for scalability test equation: scalability46
SETTING UP CONVECTIVE FLUX EXPRESSION IN X DIRECTION USING CENTRAL
SETTING UP CONVECTIVE FLUX EXPRESSION IN Y DIRECTION USING CENTRAL
SETTING UP CONVECTIVE FLUX EXPRESSION IN Z DIRECTION USING CENTRAL
Setting initial conditions for scalability test equation: scalability47
SETTING UP CONVECTIVE FLUX EXPRESSION IN X DIRECTION USING CENTRAL
SETTING UP CONVECTIVE FLUX EXPRESSION IN Y DIRECTION USING CENTRAL
SETTING UP CONVECTIVE FLUX EXPRESSION IN Z DIRECTION USING CENTRAL
Setting initial conditions for scalability test equation: scalability48
SETTING UP CONVECTIVE FLUX EXPRESSION IN X DIRECTION USING CENTRAL
SETTING UP CONVECTIVE FLUX EXPRESSION IN Y DIRECTION USING CENTRAL
SETTING UP CONVECTIVE FLUX EXPRESSION IN Z DIRECTION USING CENTRAL
Setting initial conditions for scalability test equation: scalability49
SETTING UP CONVECTIVE FLUX EXPRESSION IN X DIRECTION USING CENTRAL
SETTING UP CONVECTIVE FLUX EXPRESSION IN Y DIRECTION USING CENTRAL
SETTING UP CONVECTIVE FLUX EXPRESSION IN Z DIRECTION USING CENTRAL
Setting initial conditions for scalability test equation: scalability50
SETTING UP CONVECTIVE FLUX EXPRESSION IN X DIRECTION USING CENTRAL
SETTING UP CONVECTIVE FLUX EXPRESSION IN Y DIRECTION USING CENTRAL
SETTING UP CONVECTIVE FLUX EXPRESSION IN Z DIRECTION USING CENTRAL
Setting initial conditions for scalability test equation: scalability51
SETTING UP CONVECTIVE FLUX EXPRESSION IN X DIRECTION USING CENTRAL
SETTING UP CONVECTIVE FLUX EXPRESSION IN Y DIRECTION USING CENTRAL
SETTING UP CONVECTIVE FLUX EXPRESSION IN Z DIRECTION USING CENTRAL
Setting initial conditions for scalability test equation: scalability52
SETTING UP CONVECTIVE FLUX EXPRESSION IN X DIRECTION USING CENTRAL
SETTING UP CONVECTIVE FLUX EXPRESSION IN Y DIRECTION USING CENTRAL
SETTING UP CONVECTIVE FLUX EXPRESSION IN Z DIRECTION USING CENTRAL
Setting initial conditions for scalability test equation: scalability53
SETTING UP CONVECTIVE FLUX EXPRESSION IN X DIRECTION USING CENTRAL
SETTING UP CONVECTIVE FLUX EXPRESSION IN Y DIRECTION USING CENTRAL
SETTING UP CONVECTIVE FLUX EXPRESSION IN Z DIRECTION USING CENTRAL
Setting initial conditions for scalability test equation: scalability54
SETTING UP CONVECTIVE FLUX EXPRESSION IN X DIRECTION USING CENTRAL
SETTING UP CONVECTIVE FLUX EXPRESSION IN Y DIRECTION USING CENTRAL
SETTING UP CONVECTIVE FLUX EXPRESSION IN Z DIRECTION USING CENTRAL
Setting initial conditions for scalability test equation: scalability55
SETTING UP CONVECTIVE FLUX EXPRESSION IN X DIRECTION USING CENTRAL
SETTING UP CONVECTIVE FLUX EXPRESSION IN Y DIRECTION USING CENTRAL
SETTING UP CONVECTIVE FLUX EXPRESSION IN Z DIRECTION USING CENTRAL
Setting initial conditions for scalability test equation: scalability56
SETTING UP CONVECTIVE FLUX EXPRESSION IN X DIRECTION USING CENTRAL
SETTING UP CONVECTIVE FLUX EXPRESSION IN Y DIRECTION USING CENTRAL
SETTING UP CONVECTIVE FLUX EXPRESSION IN Z DIRECTION USING CENTRAL
Setting initial conditions for scalability test equation: scalability57
SETTING UP CONVECTIVE FLUX EXPRESSION IN X DIRECTION USING CENTRAL
SETTING UP CONVECTIVE FLUX EXPRESSION IN Y DIRECTION USING CENTRAL
SETTING UP CONVECTIVE FLUX EXPRESSION IN Z DIRECTION USING CENTRAL
Setting initial conditions for scalability test equation: scalability58
SETTING UP CONVECTIVE FLUX EXPRESSION IN X DIRECTION USING CENTRAL
SETTING UP CONVECTIVE FLUX EXPRESSION IN Y DIRECTION USING CENTRAL
SETTING UP CONVECTIVE FLUX EXPRESSION IN Z DIRECTION USING CENTRAL
Setting initial conditions for scalability test equation: scalability59
SETTING UP CONVECTIVE FLUX EXPRESSION IN X DIRECTION USING CENTRAL
SETTING UP CONVECTIVE FLUX EXPRESSION IN Y DIRECTION USING CENTRAL
SETTING UP CONVECTIVE FLUX EXPRESSION IN Z DIRECTION USING CENTRAL
Setting initial conditions for scalability test equation: scalability60
SETTING UP CONVECTIVE FLUX EXPRESSION IN X DIRECTION USING CENTRAL
SETTING UP CONVECTIVE FLUX EXPRESSION IN Y DIRECTION USING CENTRAL
SETTING UP CONVECTIVE FLUX EXPRESSION IN Z DIRECTION USING CENTRAL
Setting initial conditions for scalability test equation: scalability61
SETTING UP CONVECTIVE FLUX EXPRESSION IN X DIRECTION USING CENTRAL
SETTING UP CONVECTIVE FLUX EXPRESSION IN Y DIRECTION USING CENTRAL
SETTING UP CONVECTIVE FLUX EXPRESSION IN Z DIRECTION USING CENTRAL
Setting initial conditions for scalability test equation: scalability62
SETTING UP CONVECTIVE FLUX EXPRESSION IN X DIRECTION USING CENTRAL
SETTING UP CONVECTIVE FLUX EXPRESSION IN Y DIRECTION USING CENTRAL
SETTING UP CONVECTIVE FLUX EXPRESSION IN Z DIRECTION USING CENTRAL
Setting initial conditions for scalability test equation: scalability63
SETTING UP CONVECTIVE FLUX EXPRESSION IN X DIRECTION USING CENTRAL
SETTING UP CONVECTIVE FLUX EXPRESSION IN Y DIRECTION USING CENTRAL
SETTING UP CONVECTIVE FLUX EXPRESSION IN Z DIRECTION USING CENTRAL
Setting initial conditions for scalability test equation: scalability64
SETTING UP CONVECTIVE FLUX EXPRESSION IN X DIRECTION USING CENTRAL
SETTING UP CONVECTIVE FLUX EXPRESSION IN Y DIRECTION USING CENTRAL
SETTING UP CONVECTIVE FLUX EXPRESSION IN Z DIRECTION USING CENTRAL
Setting initial conditions for scalability test equation: scalability65
SETTING UP CONVECTIVE FLUX EXPRESSION IN X DIRECTION USING CENTRAL
SETTING UP CONVECTIVE FLUX EXPRESSION IN Y DIRECTION USING CENTRAL
SETTING UP CONVECTIVE FLUX EXPRESSION IN Z DIRECTION USING CENTRAL
Setting initial conditions for scalability test equation: scalability66
SETTING UP CONVECTIVE FLUX EXPRESSION IN X DIRECTION USING CENTRAL
SETTING UP CONVECTIVE FLUX EXPRESSION IN Y DIRECTION USING CENTRAL
SETTING UP CONVECTIVE FLUX EXPRESSION IN Z DIRECTION USING CENTRAL
Setting initial conditions for scalability test equation: scalability67
SETTING UP CONVECTIVE FLUX EXPRESSION IN X DIRECTION USING CENTRAL
SETTING UP CONVECTIVE FLUX EXPRESSION IN Y DIRECTION USING CENTRAL
SETTING UP CONVECTIVE FLUX EXPRESSION IN Z DIRECTION USING CENTRAL
Setting initial conditions for scalability test equation: scalability68
SETTING UP CONVECTIVE FLUX EXPRESSION IN X DIRECTION USING CENTRAL
SETTING UP CONVECTIVE FLUX EXPRESSION IN Y DIRECTION USING CENTRAL
SETTING UP CONVECTIVE FLUX EXPRESSION IN Z DIRECTION USING CENTRAL
Setting initial conditions for scalability test equation: scalability69
SETTING UP CONVECTIVE FLUX EXPRESSION IN X DIRECTION USING CENTRAL
SETTING UP CONVECTIVE FLUX EXPRESSION IN Y DIRECTION USING CENTRAL
SETTING UP CONVECTIVE FLUX EXPRESSION IN Z DIRECTION USING CENTRAL
Setting initial conditions for scalability test equation: scalability70
SETTING UP CONVECTIVE FLUX EXPRESSION IN X DIRECTION USING CENTRAL
SETTING UP CONVECTIVE FLUX EXPRESSION IN Y DIRECTION USING CENTRAL
SETTING UP CONVECTIVE FLUX EXPRESSION IN Z DIRECTION USING CENTRAL
Setting initial conditions for scalability test equation: scalability71
SETTING UP CONVECTIVE FLUX EXPRESSION IN X DIRECTION USING CENTRAL
SETTING UP CONVECTIVE FLUX EXPRESSION IN Y DIRECTION USING CENTRAL
SETTING UP CONVECTIVE FLUX EXPRESSION IN Z DIRECTION USING CENTRAL
Setting initial conditions for scalability test equation: scalability72
SETTING UP CONVECTIVE FLUX EXPRESSION IN X DIRECTION USING CENTRAL
SETTING UP CONVECTIVE FLUX EXPRESSION IN Y DIRECTION USING CENTRAL
SETTING UP CONVECTIVE FLUX EXPRESSION IN Z DIRECTION USING CENTRAL
Setting initial conditions for scalability test equation: scalability73
SETTING UP CONVECTIVE FLUX EXPRESSION IN X DIRECTION USING CENTRAL
SETTING UP CONVECTIVE FLUX EXPRESSION IN Y DIRECTION USING CENTRAL
SETTING UP CONVECTIVE FLUX EXPRESSION IN Z DIRECTION USING CENTRAL
Setting initial conditions for scalability test equation: scalability74
SETTING UP CONVECTIVE FLUX EXPRESSION IN X DIRECTION USING CENTRAL
SETTING UP CONVECTIVE FLUX EXPRESSION IN Y DIRECTION USING CENTRAL
SETTING UP CONVECTIVE FLUX EXPRESSION IN Z DIRECTION USING CENTRAL
Setting initial conditions for scalability test equation: scalability75
SETTING UP CONVECTIVE FLUX EXPRESSION IN X DIRECTION USING CENTRAL
SETTING UP CONVECTIVE FLUX EXPRESSION IN Y DIRECTION USING CENTRAL
SETTING UP CONVECTIVE FLUX EXPRESSION IN Z DIRECTION USING CENTRAL
Setting initial conditions for scalability test equation: scalability76
SETTING UP CONVECTIVE FLUX EXPRESSION IN X DIRECTION USING CENTRAL
SETTING UP CONVECTIVE FLUX EXPRESSION IN Y DIRECTION USING CENTRAL
SETTING UP CONVECTIVE FLUX EXPRESSION IN Z DIRECTION USING CENTRAL
Setting initial conditions for scalability test equation: scalability77
SETTING UP CONVECTIVE FLUX EXPRESSION IN X DIRECTION USING CENTRAL
SETTING UP CONVECTIVE FLUX EXPRESSION IN Y DIRECTION USING CENTRAL
SETTING UP CONVECTIVE FLUX EXPRESSION IN Z DIRECTION USING CENTRAL
Setting initial conditions for scalability test equation: scalability78
SETTING UP CONVECTIVE FLUX EXPRESSION IN X DIRECTION USING CENTRAL
SETTING UP CONVECTIVE FLUX EXPRESSION IN Y DIRECTION USING CENTRAL
SETTING UP CONVECTIVE FLUX EXPRESSION IN Z DIRECTION USING CENTRAL
Setting initial conditions for scalability test equation: scalability79
SETTING UP CONVECTIVE FLUX EXPRESSION IN X DIRECTION USING CENTRAL
SETTING UP CONVECTIVE FLUX EXPRESSION IN Y DIRECTION USING CENTRAL
SETTING UP CONVECTIVE FLUX EXPRESSION IN Z DIRECTION USING CENTRAL
Setting initial conditions for scalability test equation: scalability80
SETTING UP CONVECTIVE FLUX EXPRESSION IN X DIRECTION USING CENTRAL
SETTING UP CONVECTIVE FLUX EXPRESSION IN Y DIRECTION USING CENTRAL
SETTING UP CONVECTIVE FLUX EXPRESSION IN Z DIRECTION USING CENTRAL
Setting initial conditions for scalability test equation: scalability81
SETTING UP CONVECTIVE FLUX EXPRESSION IN X DIRECTION USING CENTRAL
SETTING UP CONVECTIVE FLUX EXPRESSION IN Y DIRECTION USING CENTRAL
SETTING UP CONVECTIVE FLUX EXPRESSION IN Z DIRECTION USING CENTRAL
Setting initial conditions for scalability test equation: scalability82
SETTING UP CONVECTIVE FLUX EXPRESSION IN X DIRECTION USING CENTRAL
SETTING UP CONVECTIVE FLUX EXPRESSION IN Y DIRECTION USING CENTRAL
SETTING UP CONVECTIVE FLUX EXPRESSION IN Z DIRECTION USING CENTRAL
Setting initial conditions for scalability test equation: scalability83
SETTING UP CONVECTIVE FLUX EXPRESSION IN X DIRECTION USING CENTRAL
SETTING UP CONVECTIVE FLUX EXPRESSION IN Y DIRECTION USING CENTRAL
SETTING UP CONVECTIVE FLUX EXPRESSION IN Z DIRECTION USING CENTRAL
Setting initial conditions for scalability test equation: scalability84
SETTING UP CONVECTIVE FLUX EXPRESSION IN X DIRECTION USING CENTRAL
SETTING UP CONVECTIVE FLUX EXPRESSION IN Y DIRECTION USING CENTRAL
SETTING UP CONVECTIVE FLUX EXPRESSION IN Z DIRECTION USING CENTRAL
Setting initial conditions for scalability test equation: scalability85
SETTING UP CONVECTIVE FLUX EXPRESSION IN X DIRECTION USING CENTRAL
SETTING UP CONVECTIVE FLUX EXPRESSION IN Y DIRECTION USING CENTRAL
SETTING UP CONVECTIVE FLUX EXPRESSION IN Z DIRECTION USING CENTRAL
Setting initial conditions for scalability test equation: scalability86
SETTING UP CONVECTIVE FLUX EXPRESSION IN X DIRECTION USING CENTRAL
SETTING UP CONVECTIVE FLUX EXPRESSION IN Y DIRECTION USING CENTRAL
SETTING UP CONVECTIVE FLUX EXPRESSION IN Z DIRECTION USING CENTRAL
Setting initial conditions for scalability test equation: scalability87
SETTING UP CONVECTIVE FLUX EXPRESSION IN X DIRECTION USING CENTRAL
SETTING UP CONVECTIVE FLUX EXPRESSION IN Y DIRECTION USING CENTRAL
SETTING UP CONVECTIVE FLUX EXPRESSION IN Z DIRECTION USING CENTRAL
Setting initial conditions for scalability test equation: scalability88
SETTING UP CONVECTIVE FLUX EXPRESSION IN X DIRECTION USING CENTRAL
SETTING UP CONVECTIVE FLUX EXPRESSION IN Y DIRECTION USING CENTRAL
SETTING UP CONVECTIVE FLUX EXPRESSION IN Z DIRECTION USING CENTRAL
Setting initial conditions for scalability test equation: scalability89
SETTING UP CONVECTIVE FLUX EXPRESSION IN X DIRECTION USING CENTRAL
SETTING UP CONVECTIVE FLUX EXPRESSION IN Y DIRECTION USING CENTRAL
SETTING UP CONVECTIVE FLUX EXPRESSION IN Z DIRECTION USING CENTRAL
Setting initial conditions for scalability test equation: scalability90
SETTING UP CONVECTIVE FLUX EXPRESSION IN X DIRECTION USING CENTRAL
SETTING UP CONVECTIVE FLUX EXPRESSION IN Y DIRECTION USING CENTRAL
SETTING UP CONVECTIVE FLUX EXPRESSION IN Z DIRECTION USING CENTRAL
Setting initial conditions for scalability test equation: scalability91
SETTING UP CONVECTIVE FLUX EXPRESSION IN X DIRECTION USING CENTRAL
SETTING UP CONVECTIVE FLUX EXPRESSION IN Y DIRECTION USING CENTRAL
SETTING UP CONVECTIVE FLUX EXPRESSION IN Z DIRECTION USING CENTRAL
Setting initial conditions for scalability test equation: scalability92
SETTING UP CONVECTIVE FLUX EXPRESSION IN X DIRECTION USING CENTRAL
SETTING UP CONVECTIVE FLUX EXPRESSION IN Y DIRECTION USING CENTRAL
SETTING UP CONVECTIVE FLUX EXPRESSION IN Z DIRECTION USING CENTRAL
Setting initial conditions for scalability test equation: scalability93
SETTING UP CONVECTIVE FLUX EXPRESSION IN X DIRECTION USING CENTRAL
SETTING UP CONVECTIVE FLUX EXPRESSION IN Y DIRECTION USING CENTRAL
SETTING UP CONVECTIVE FLUX EXPRESSION IN Z DIRECTION USING CENTRAL
Setting initial conditions for scalability test equation: scalability94
SETTING UP CONVECTIVE FLUX EXPRESSION IN X DIRECTION USING CENTRAL
SETTING UP CONVECTIVE FLUX EXPRESSION IN Y DIRECTION USING CENTRAL
SETTING UP CONVECTIVE FLUX EXPRESSION IN Z DIRECTION USING CENTRAL
Setting initial conditions for scalability test equation: scalability95
SETTING UP CONVECTIVE FLUX EXPRESSION IN X DIRECTION USING CENTRAL
SETTING UP CONVECTIVE FLUX EXPRESSION IN Y DIRECTION USING CENTRAL
SETTING UP CONVECTIVE FLUX EXPRESSION IN Z DIRECTION USING CENTRAL
Setting initial conditions for scalability test equation: scalability96
SETTING UP CONVECTIVE FLUX EXPRESSION IN X DIRECTION USING CENTRAL
SETTING UP CONVECTIVE FLUX EXPRESSION IN Y DIRECTION USING CENTRAL
SETTING UP CONVECTIVE FLUX EXPRESSION IN Z DIRECTION USING CENTRAL
Setting initial conditions for scalability test equation: scalability97
SETTING UP CONVECTIVE FLUX EXPRESSION IN X DIRECTION USING CENTRAL
SETTING UP CONVECTIVE FLUX EXPRESSION IN Y DIRECTION USING CENTRAL
SETTING UP CONVECTIVE FLUX EXPRESSION IN Z DIRECTION USING CENTRAL
Setting initial conditions for scalability test equation: scalability98
SETTING UP CONVECTIVE FLUX EXPRESSION IN X DIRECTION USING CENTRAL
SETTING UP CONVECTIVE FLUX EXPRESSION IN Y DIRECTION USING CENTRAL
SETTING UP CONVECTIVE FLUX EXPRESSION IN Z DIRECTION USING CENTRAL
Setting initial conditions for scalability test equation: scalability99
------------------------------------------------
No BoundaryConditions specified
  This message will only occur once

Compiling initialization taskgraph.
------------------------------------------------
SETTING INITIAL BOUNDARY CONDITIONS:
------------------------------------------------
Setting Initial BCs for transport equation 'scalability0'
Setting Initial BCs for transport equation 'scalability1'
Setting Initial BCs for transport equation 'scalability2'
Setting Initial BCs for transport equation 'scalability3'
Setting Initial BCs for transport equation 'scalability4'
Setting Initial BCs for transport equation 'scalability5'
Setting Initial BCs for transport equation 'scalability6'
Setting Initial BCs for transport equation 'scalability7'
Setting Initial BCs for transport equation 'scalability8'
Setting Initial BCs for transport equation 'scalability9'
Setting Initial BCs for transport equation 'scalability10'
Setting Initial BCs for transport equation 'scalability11'
Setting Initial BCs for transport equation 'scalability12'
Setting Initial BCs for transport equation 'scalability13'
Setting Initial BCs for transport equation 'scalability14'
Setting Initial BCs for transport equation 'scalability15'
Setting Initial BCs for transport equation 'scalability16'
Setting Initial BCs for transport equation 'scalability17'
Setting Initial BCs for transport equation 'scalability18'
Setting Initial BCs for transport equation 'scalability19'
Setting Initial BCs for transport equation 'scalability20'
Setting Initial BCs for transport equation 'scalability21'
Setting Initial BCs for transport equation 'scalability22'
Setting Initial BCs for transport equation 'scalability23'
Setting Initial BCs for transport equation 'scalability24'
Setting Initial BCs for transport equation 'scalability25'
Setting Initial BCs for transport equation 'scalability26'
Setting Initial BCs for transport equation 'scalability27'
Setting Initial BCs for transport equation 'scalability28'
Setting Initial BCs for transport equation 'scalability29'
Setting Initial BCs for transport equation 'scalability30'
Setting Initial BCs for transport equation 'scalability31'
Setting Initial BCs for transport equation 'scalability32'
Setting Initial BCs for transport equation 'scalability33'
Setting Initial BCs for transport equation 'scalability34'
Setting Initial BCs for transport equation 'scalability35'
Setting Initial BCs for transport equation 'scalability36'
Setting Initial BCs for transport equation 'scalability37'
Setting Initial BCs for transport equation 'scalability38'
Setting Initial BCs for transport equation 'scalability39'
Setting Initial BCs for transport equation 'scalability40'
Setting Initial BCs for transport equation 'scalability41'
Setting Initial BCs for transport equation 'scalability42'
Setting Initial BCs for transport equation 'scalability43'
Setting Initial BCs for transport equation 'scalability44'
Setting Initial BCs for transport equation 'scalability45'
Setting Initial BCs for transport equation 'scalability46'
Setting Initial BCs for transport equation 'scalability47'
Setting Initial BCs for transport equation 'scalability48'
Setting Initial BCs for transport equation 'scalability49'
Setting Initial BCs for transport equation 'scalability50'
Setting Initial BCs for transport equation 'scalability51'
Setting Initial BCs for transport equation 'scalability52'
Setting Initial BCs for transport equation 'scalability53'
Setting Initial BCs for transport equation 'scalability54'
Setting Initial BCs for transport equation 'scalability55'
Setting Initial BCs for transport equation 'scalability56'
Setting Initial BCs for transport equation 'scalability57'
Setting Initial BCs for transport equation 'scalability58'
Setting Initial BCs for transport equation 'scalability59'
Setting Initial BCs for transport equation 'scalability60'
Setting Initial BCs for transport equation 'scalability61'
Setting Initial BCs for transport equation 'scalability62'
Setting Initial BCs for transport equation 'scalability63'
Setting Initial BCs for transport equation 'scalability64'
Setting Initial BCs for transport equation 'scalability65'
Setting Initial BCs for transport equation 'scalability66'
Setting Initial BCs for transport equation 'scalability67'
Setting Initial BCs for transport equation 'scalability68'
Setting Initial BCs for transport equation 'scalability69'
Setting Initial BCs for transport equation 'scalability70'
Setting Initial BCs for transport equation 'scalability71'
Setting Initial BCs for transport equation 'scalability72'
Setting Initial BCs for transport equation 'scalability73'
Setting Initial BCs for transport equation 'scalability74'
Setting Initial BCs for transport equation 'scalability75'
Setting Initial BCs for transport equation 'scalability76'
Setting Initial BCs for transport equation 'scalability77'
Setting Initial BCs for transport equation 'scalability78'
Setting Initial BCs for transport equation 'scalability79'
Setting Initial BCs for transport equation 'scalability80'
Setting Initial BCs for transport equation 'scalability81'
Setting Initial BCs for transport equation 'scalability82'
Setting Initial BCs for transport equation 'scalability83'
Setting Initial BCs for transport equation 'scalability84'
Setting Initial BCs for transport equation 'scalability85'
Setting Initial BCs for transport equation 'scalability86'
Setting Initial BCs for transport equation 'scalability87'
Setting Initial BCs for transport equation 'scalability88'
Setting Initial BCs for transport equation 'scalability89'
Setting Initial BCs for transport equation 'scalability90'
Setting Initial BCs for transport equation 'scalability91'
Setting Initial BCs for transport equation 'scalability92'
Setting Initial BCs for transport equation 'scalability93'
Setting Initial BCs for transport equation 'scalability94'
Setting Initial BCs for transport equation 'scalability95'
Setting Initial BCs for transport equation 'scalability96'
Setting Initial BCs for transport equation 'scalability97'
Setting Initial BCs for transport equation 'scalability98'
Setting Initial BCs for transport equation 'scalability99'
------------------------------------------------
Wasatch: done creating initialization task(s)
Scheduling Task 'compute timestep' COMPUTES 'delT' in NEW data warehouse
Wasatch: done creating timestep task(s)
Done with taskgraph compile (0.000248348 seconds)
Warning: addContribution not implemented for LoadBalancerCommon.
WARNING at time step 0 and sim time 0 : lowering the next delT from 1 to the maximum: 1e-05

________________________________________________________________________________
--------------------------------------------------------------------------------
MPIStats:+
--------------------------------------------------------------------------------
                Name:       Total:         Avg:         Min:         Max:    Max rank: Hist %% [  Q1 |  Q2 |  Q3 |  Q4 ]:  %%Load Imbalance
         Count: Gath:           32            2            2            2            0           100.0   0.0   0.0   0.0     0.0
         Count: Redu:           16            1            1            1            0           100.0   0.0   0.0   0.0     0.0
          Time: Gath:     0.162 s       10.1 ms      2.36 ms      12.4 ms            1            12.5  12.5   0.0  75.0    18.1
          Time: Redu:      70.9 ms      4.43 ms       0.3 ms      9.78 ms            2            25.0  50.0   0.0  25.0    54.7
Volume Recv TOTAL   :      10.1 KB        649 B        649 B        649 B            0           100.0   0.0   0.0   0.0     0.0
Volume Recv0: <= 64B:           16            1            1            1            0           100.0   0.0   0.0   0.0     0.0
Volume Recv1: <= 4KB:           32            2            2            2            0           100.0   0.0   0.0   0.0     0.0
Volume Send TOTAL   :      4.52 KB        289 B        289 B        289 B            0           100.0   0.0   0.0   0.0     0.0
Volume Send0: <= 64B:           32            2            2            2            0           100.0   0.0   0.0   0.0     0.0
Volume Send1: <= 4KB:           16            1            1            1            0           100.0   0.0   0.0   0.0     0.0


Simulation and run time stats are reported at the end of each time step
EMA == Wall time as an exponential moving average using a window of the last 10 time steps
Timestep 0       Time=0           Next delT=1e-05       Wall Time=0.120053  EMA=0.117223    Memory Used=155.27 MBs (avg) 155.76 MBs (max on rank: 7     )
Warning: finalizeContributions not implemented for LoadBalancerCommon.
Warning: resetCostForecaster not implemented for LoadBalancerCommon.
Compiling taskgraph(s)...
------------------------------------------------
SETTING BOUNDARY CONDITIONS:
------------------------------------------------
Setting BCs for transport equation 'scalability0'
Setting BCs for transport equation 'scalability1'
Setting BCs for transport equation 'scalability2'
Setting BCs for transport equation 'scalability3'
Setting BCs for transport equation 'scalability4'
Setting BCs for transport equation 'scalability5'
Setting BCs for transport equation 'scalability6'
Setting BCs for transport equation 'scalability7'
Setting BCs for transport equation 'scalability8'
Setting BCs for transport equation 'scalability9'
Setting BCs for transport equation 'scalability10'
Setting BCs for transport equation 'scalability11'
Setting BCs for transport equation 'scalability12'
Setting BCs for transport equation 'scalability13'
Setting BCs for transport equation 'scalability14'
Setting BCs for transport equation 'scalability15'
Setting BCs for transport equation 'scalability16'
Setting BCs for transport equation 'scalability17'
Setting BCs for transport equation 'scalability18'
Setting BCs for transport equation 'scalability19'
Setting BCs for transport equation 'scalability20'
Setting BCs for transport equation 'scalability21'
Setting BCs for transport equation 'scalability22'
Setting BCs for transport equation 'scalability23'
Setting BCs for transport equation 'scalability24'
Setting BCs for transport equation 'scalability25'
Setting BCs for transport equation 'scalability26'
Setting BCs for transport equation 'scalability27'
Setting BCs for transport equation 'scalability28'
Setting BCs for transport equation 'scalability29'
Setting BCs for transport equation 'scalability30'
Setting BCs for transport equation 'scalability31'
Setting BCs for transport equation 'scalability32'
Setting BCs for transport equation 'scalability33'
Setting BCs for transport equation 'scalability34'
Setting BCs for transport equation 'scalability35'
Setting BCs for transport equation 'scalability36'
Setting BCs for transport equation 'scalability37'
Setting BCs for transport equation 'scalability38'
Setting BCs for transport equation 'scalability39'
Setting BCs for transport equation 'scalability40'
Setting BCs for transport equation 'scalability41'
Setting BCs for transport equation 'scalability42'
Setting BCs for transport equation 'scalability43'
Setting BCs for transport equation 'scalability44'
Setting BCs for transport equation 'scalability45'
Setting BCs for transport equation 'scalability46'
Setting BCs for transport equation 'scalability47'
Setting BCs for transport equation 'scalability48'
Setting BCs for transport equation 'scalability49'
Setting BCs for transport equation 'scalability50'
Setting BCs for transport equation 'scalability51'
Setting BCs for transport equation 'scalability52'
Setting BCs for transport equation 'scalability53'
Setting BCs for transport equation 'scalability54'
Setting BCs for transport equation 'scalability55'
Setting BCs for transport equation 'scalability56'
Setting BCs for transport equation 'scalability57'
Setting BCs for transport equation 'scalability58'
Setting BCs for transport equation 'scalability59'
Setting BCs for transport equation 'scalability60'
Setting BCs for transport equation 'scalability61'
Setting BCs for transport equation 'scalability62'
Setting BCs for transport equation 'scalability63'
Setting BCs for transport equation 'scalability64'
Setting BCs for transport equation 'scalability65'
Setting BCs for transport equation 'scalability66'
Setting BCs for transport equation 'scalability67'
Setting BCs for transport equation 'scalability68'
Setting BCs for transport equation 'scalability69'
Setting BCs for transport equation 'scalability70'
Setting BCs for transport equation 'scalability71'
Setting BCs for transport equation 'scalability72'
Setting BCs for transport equation 'scalability73'
Setting BCs for transport equation 'scalability74'
Setting BCs for transport equation 'scalability75'
Setting BCs for transport equation 'scalability76'
Setting BCs for transport equation 'scalability77'
Setting BCs for transport equation 'scalability78'
Setting BCs for transport equation 'scalability79'
Setting BCs for transport equation 'scalability80'
Setting BCs for transport equation 'scalability81'
Setting BCs for transport equation 'scalability82'
Setting BCs for transport equation 'scalability83'
Setting BCs for transport equation 'scalability84'
Setting BCs for transport equation 'scalability85'
Setting BCs for transport equation 'scalability86'
Setting BCs for transport equation 'scalability87'
Setting BCs for transport equation 'scalability88'
Setting BCs for transport equation 'scalability89'
Setting BCs for transport equation 'scalability90'
Setting BCs for transport equation 'scalability91'
Setting BCs for transport equation 'scalability92'
Setting BCs for transport equation 'scalability93'
Setting BCs for transport equation 'scalability94'
Setting BCs for transport equation 'scalability95'
Setting BCs for transport equation 'scalability96'
Setting BCs for transport equation 'scalability97'
Setting BCs for transport equation 'scalability98'
Setting BCs for transport equation 'scalability99'
------------------------------------------------
Wasatch: done creating solution task(s)
Wasatch: done creating solution task(s)
Wasatch: done creating solution task(s)
Wasatch: done creating post-processing task(s)
Scheduling Task 'compute timestep' COMPUTES 'delT' in NEW data warehouse
Wasatch: done creating timestep task(s)
Done with taskgraph compile (0.555718 seconds)

________________________________________________________________________________
--------------------------------------------------------------------------------
MPIStats:+
--------------------------------------------------------------------------------
                Name:       Total:         Avg:         Min:         Max:    Max rank: Hist %% [  Q1 |  Q2 |  Q3 |  Q4 ]:  %%Load Imbalance
         Count: Recv:          528           33           33           33            0           100.0   0.0   0.0   0.0     0.0
         Count: Redu:          128            8            8            8            0           100.0   0.0   0.0   0.0     0.0
         Count: Send:          528           33           33           33            0           100.0   0.0   0.0   0.0     0.0
         Count: Test:          354         22.1           14           28           15            18.8  12.5  37.5  31.2    21.0
         Count: Wait:          896           56           56           56            0           100.0   0.0   0.0   0.0     0.0
          Time: Recv:      2.07 ms     0.129 ms    0.0845 ms     0.173 ms           10            25.0  18.8  37.5  18.8    25.3
          Time: Redu:     0.226 s       14.1 ms     0.329 ms      29.3 ms            3            43.8   6.2  12.5  37.5    51.7
          Time: Send:      55.3 ms      3.46 ms      2.42 ms      5.12 ms            5            43.8  25.0  25.0   6.2    32.4
          Time: Test:      1.54 ms    0.0963 ms    0.0405 ms      0.45 ms            2            93.8   0.0   0.0   6.2    78.6
          Time: Wait:     0.354 s       22.1 ms      19.7 ms      33.3 ms            2            81.2   6.2   0.0  12.5    33.6
Volume Recv TOTAL   :       404 MB      25.2 MB      25.2 MB      25.2 MB            0            93.8   0.0   0.0   6.2     0.0
Volume Recv0: <= 64B:           17         1.06            1            2            0            93.8   0.0   0.0   6.2    46.9
Volume Recv1: <= 4KB:           53         3.31            3            8            0            93.8   0.0   0.0   6.2    58.6
Volume Recv2: <= 2MB:          432           27           27           27            0           100.0   0.0   0.0   0.0     0.0
Volume Recv3: >  2MB:           64            4            4            4            0           100.0   0.0   0.0   0.0     0.0
Volume Send TOTAL   :       404 MB      25.2 MB      25.2 MB      25.2 MB            0           100.0   0.0   0.0   0.0     0.0
Volume Send0: <= 64B:           32            2            2            2            0           100.0   0.0   0.0   0.0     0.0
Volume Send1: <= 4KB:          128            8            8            8            0           100.0   0.0   0.0   0.0     0.0
Volume Send2: <= 2MB:          432           27           27           27            0           100.0   0.0   0.0   0.0     0.0
Volume Send3: >  2MB:           64            4            4            4            0           100.0   0.0   0.0   0.0     0.0

Timestep 1       Time=1e-05       Next delT=1e-05       Wall Time=1.52983   EMA=1.40972     Memory Used=316.24 MBs (avg) 317.34 MBs (max on rank: 0     )
Runtime Summary  summary stats for time step 1 at time=1e-05
  Description       Units       Minimum           Rank   Average (16)      Std. Dev.         Maximum           Rank   100*(1-ave/max) '% load imbalance'
  Compilation       [seconds] : 0.529677        : 2    : 0.546819        : 0.00854882      : 0.555718        : 0    : 1.60144
  TaskExec          [seconds] : 0.727464        : 0    : 0.736163        : 0.00728584      : 0.751853        : 3    : 2.08676
  TaskLocalComm     [seconds] : 0.148714        : 7    : 0.152647        : 0.0027213       : 0.155628        : 10   : 1.91529
  TaskWaitCommTime  [seconds] : 0.0518929       : 12   : 0.057204        : 0.00333787      : 0.0651099       : 2    : 12.1424
  NumberOfTasks     [tasks  ] : 10              : 0    : 10              : 0               : 10              : 0    : 0
  NumberOfPatches   [patches] : 1               : 0    : 1               : 0               : 1               : 0    : 0
  NumberOfCells     [cells  ] : 32768           : 0    : 32768           : 0               : 32768           : 0    : 0
  SCIMemoryUsed     [MBytes ] : 3.15134e+08     : 15   : 3.16239e+08     : 622624          : 3.17338e+08     : 0    : 0.346079
  SCIMemoryMaxUsed  [MBytes ] : 3.15134e+08     : 15   : 3.16239e+08     : 622624          : 3.17338e+08     : 0    : 0.346079
  MemoryUsed        [MBytes ] : 9.18176e+08     : 2    : 9.30515e+08     : 7.01118e+06     : 9.40589e+08     : 8    : 1.07107
  MemoryResident    [MBytes ] : 3.15134e+08     : 15   : 3.16239e+08     : 622624          : 3.17338e+08     : 0    : 0.346079
  Percentage of time spent in overhead : 36.6296

________________________________________________________________________________
--------------------------------------------------------------------------------
MPIStats:+
--------------------------------------------------------------------------------
                Name:       Total:         Avg:         Min:         Max:    Max rank: Hist %% [  Q1 |  Q2 |  Q3 |  Q4 ]:  %%Load Imbalance
         Count: Recv:          528           33           33           33            0           100.0   0.0   0.0   0.0     0.0
         Count: Redu:          128            8            8            8            0           100.0   0.0   0.0   0.0     0.0
         Count: Send:          528           33           33           33            0           100.0   0.0   0.0   0.0     0.0
         Count: Test:          361         22.6           14           31           15            25.0  18.8  37.5  18.8    27.2
         Count: Wait:          896           56           56           56            0           100.0   0.0   0.0   0.0     0.0
          Time: Recv:      1.67 ms     0.104 ms    0.0729 ms     0.168 ms           10            37.5  43.8  12.5   6.2    37.9
          Time: Redu:     0.259 s       16.2 ms     0.344 ms      40.6 ms           15            43.8   6.2  37.5  12.5    60.2
          Time: Send:     0.359 s       22.5 ms      17.8 ms      25.2 ms            8            12.5  12.5  37.5  37.5    10.9
          Time: Test:      1.78 ms     0.111 ms    0.0204 ms     0.628 ms           13            87.5   0.0   6.2   6.2    82.3
          Time: Wait:     0.217 s       13.6 ms      9.62 ms      15.8 ms            1             6.2  18.8  31.2  43.8    14.2
Volume Recv TOTAL   :       404 MB      25.2 MB      25.2 MB      25.2 MB            0            93.8   0.0   0.0   6.2     0.0
Volume Recv0: <= 64B:           17         1.06            1            2            0            93.8   0.0   0.0   6.2    46.9
Volume Recv1: <= 4KB:           53         3.31            3            8            0            93.8   0.0   0.0   6.2    58.6
Volume Recv2: <= 2MB:          432           27           27           27            0           100.0   0.0   0.0   0.0     0.0
Volume Recv3: >  2MB:           64            4            4            4            0           100.0   0.0   0.0   0.0     0.0
Volume Send TOTAL   :       404 MB      25.2 MB      25.2 MB      25.2 MB            0           100.0   0.0   0.0   0.0     0.0
Volume Send0: <= 64B:           32            2            2            2            0           100.0   0.0   0.0   0.0     0.0
Volume Send1: <= 4KB:          128            8            8            8            0           100.0   0.0   0.0   0.0     0.0
Volume Send2: <= 2MB:          432           27           27           27            0           100.0   0.0   0.0   0.0     0.0
Volume Send3: >  2MB:           64            4            4            4            0           100.0   0.0   0.0   0.0     0.0

Timestep 2       Time=2e-05       Next delT=1e-05       Wall Time=2.39374   EMA=1.04585     Memory Used=328.70 MBs (avg) 330.93 MBs (max on rank: 0     )
Runtime Summary  summary stats for time step 2 at time=2e-05
  Description       Units       Minimum           Rank   Average (16)      Std. Dev.         Maximum           Rank   100*(1-ave/max) '% load imbalance'
  TaskExec          [seconds] : 0.746104        : 10   : 0.750737        : 0.00510532      : 0.764576        : 15   : 1.81003
  TaskLocalComm     [seconds] : 0.161522        : 14   : 0.170821        : 0.00404514      : 0.17675         : 10   : 3.35494
  TaskWaitCommTime  [seconds] : 0.0356796       : 15   : 0.0503297       : 0.00507112      : 0.0544681       : 1    : 7.59786
  NumberOfTasks     [tasks  ] : 10              : 0    : 10              : 0               : 10              : 0    : 0
  NumberOfPatches   [patches] : 1               : 0    : 1               : 0               : 1               : 0    : 0
  NumberOfCells     [cells  ] : 32768           : 0    : 32768           : 0               : 32768           : 0    : 0
  SCIMemoryUsed     [MBytes ] : 3.26242e+08     : 15   : 3.28704e+08     : 1.45569e+06     : 3.30932e+08     : 0    : 0.67324
  SCIMemoryMaxUsed  [MBytes ] : 3.26242e+08     : 15   : 3.28704e+08     : 1.45569e+06     : 3.30932e+08     : 0    : 0.67324
  MemoryUsed        [MBytes ] : 9.31652e+08     : 2    : 9.42865e+08     : 7.07649e+06     : 9.54053e+08     : 4    : 1.17268
  MemoryResident    [MBytes ] : 3.26242e+08     : 15   : 3.28704e+08     : 1.45569e+06     : 3.30932e+08     : 0    : 0.67324
  Percentage of time spent in overhead : 18.3147

________________________________________________________________________________
--------------------------------------------------------------------------------
MPIStats:+
--------------------------------------------------------------------------------
                Name:       Total:         Avg:         Min:         Max:    Max rank: Hist %% [  Q1 |  Q2 |  Q3 |  Q4 ]:  %%Load Imbalance
         Count: Recv:          528           33           33           33            0           100.0   0.0   0.0   0.0     0.0
         Count: Redu:          128            8            8            8            0           100.0   0.0   0.0   0.0     0.0
         Count: Send:          528           33           33           33            0           100.0   0.0   0.0   0.0     0.0
         Count: Test:          361         22.6           14           31           15            25.0  18.8  31.2  25.0    27.2
         Count: Wait:          896           56           56           56            0           100.0   0.0   0.0   0.0     0.0
          Time: Recv:      1.44 ms    0.0901 ms    0.0563 ms      0.13 ms            2            18.8  37.5  31.2  12.5    30.5
          Time: Redu:     0.227 s       14.2 ms      1.04 ms      26.7 ms           13            25.0  18.8  18.8  37.5    46.8
          Time: Send:      49.9 ms      3.12 ms       1.9 ms      4.74 ms           12            18.8  50.0  12.5  18.8    34.3
          Time: Test:      1.23 ms    0.0772 ms    0.0314 ms     0.264 ms           11            81.2   0.0  12.5   6.2    70.8
          Time: Wait:     0.208 s         13 ms      12.1 ms      14.3 ms            6            31.2  37.5  18.8  12.5     9.1
Volume Recv TOTAL   :       404 MB      25.2 MB      25.2 MB      25.2 MB            0            93.8   0.0   0.0   6.2     0.0
Volume Recv0: <= 64B:           17         1.06            1            2            0            93.8   0.0   0.0   6.2    46.9
Volume Recv1: <= 4KB:           53         3.31            3            8            0            93.8   0.0   0.0   6.2    58.6
Volume Recv2: <= 2MB:          432           27           27           27            0           100.0   0.0   0.0   0.0     0.0
Volume Recv3: >  2MB:           64            4            4            4            0           100.0   0.0   0.0   0.0     0.0
Volume Send TOTAL   :       404 MB      25.2 MB      25.2 MB      25.2 MB            0           100.0   0.0   0.0   0.0     0.0
Volume Send0: <= 64B:           32            2            2            2            0           100.0   0.0   0.0   0.0     0.0
Volume Send1: <= 4KB:          128            8            8            8            0           100.0   0.0   0.0   0.0     0.0
Volume Send2: <= 2MB:          432           27           27           27            0           100.0   0.0   0.0   0.0     0.0
Volume Send3: >  2MB:           64            4            4            4            0           100.0   0.0   0.0   0.0     0.0

Timestep 3       Time=3e-05       Next delT=1e-05       Wall Time=3.24222   EMA=0.947163    Memory Used=329.66 MBs (avg) 332.11 MBs (max on rank: 4     )
Runtime Summary  summary stats for time step 3 at time=3e-05
  Description       Units       Minimum           Rank   Average (16)      Std. Dev.         Maximum           Rank   100*(1-ave/max) '% load imbalance'
  TaskExec          [seconds] : 0.733692        : 1    : 0.736629        : 0.00191172      : 0.740242        : 13   : 0.488125
  TaskLocalComm     [seconds] : 0.148321        : 11   : 0.151408        : 0.00213488      : 0.155593        : 12   : 2.68959
  TaskWaitCommTime  [seconds] : 0.0480649       : 0    : 0.0524317       : 0.00155472      : 0.0542893       : 9    : 3.42172
  NumberOfTasks     [tasks  ] : 10              : 0    : 10              : 0               : 10              : 0    : 0
  NumberOfPatches   [patches] : 1               : 0    : 1               : 0               : 1               : 0    : 0
  NumberOfCells     [cells  ] : 32768           : 0    : 32768           : 0               : 32768           : 0    : 0
  SCIMemoryUsed     [MBytes ] : 3.27848e+08     : 3    : 3.29663e+08     : 1.30047e+06     : 3.32108e+08     : 4    : 0.735992
  SCIMemoryMaxUsed  [MBytes ] : 3.27848e+08     : 3    : 3.29663e+08     : 1.30047e+06     : 3.32108e+08     : 4    : 0.735992
  MemoryUsed        [MBytes ] : 9.31652e+08     : 2    : 9.43805e+08     : 7.29411e+06     : 9.55716e+08     : 4    : 1.24628
  MemoryResident    [MBytes ] : 3.27848e+08     : 3    : 3.29663e+08     : 1.30047e+06     : 3.32108e+08     : 4    : 0.735992
  Percentage of time spent in overhead : 12.2089

________________________________________________________________________________
--------------------------------------------------------------------------------
MPIStats:+
--------------------------------------------------------------------------------
                Name:       Total:         Avg:         Min:         Max:    Max rank: Hist %% [  Q1 |  Q2 |  Q3 |  Q4 ]:  %%Load Imbalance
         Count: Recv:          528           33           33           33            0           100.0   0.0   0.0   0.0     0.0
         Count: Redu:          128            8            8            8            0           100.0   0.0   0.0   0.0     0.0
         Count: Send:          528           33           33           33            0           100.0   0.0   0.0   0.0     0.0
         Count: Test:          362         22.6           14           31           15            25.0  18.8  31.2  25.0    27.0
         Count: Wait:          896           56           56           56            0           100.0   0.0   0.0   0.0     0.0
          Time: Recv:      1.46 ms     0.091 ms    0.0594 ms     0.131 ms           14            31.2  25.0  31.2  12.5    30.3
          Time: Redu:     0.235 s       14.7 ms     0.316 ms      27.8 ms           13            25.0  18.8  31.2  25.0    47.3
          Time: Send:      44.9 ms       2.8 ms      1.94 ms      3.82 ms            4            18.8  37.5  25.0  18.8    26.6
          Time: Test:      1.47 ms    0.0921 ms    0.0274 ms     0.296 ms           10            68.8  12.5  12.5   6.2    68.9
          Time: Wait:     0.199 s       12.4 ms      11.1 ms      14.3 ms           10            31.2  12.5  37.5  18.8    12.8
Volume Recv TOTAL   :       404 MB      25.2 MB      25.2 MB      25.2 MB            0            93.8   0.0   0.0   6.2     0.0
Volume Recv0: <= 64B:           17         1.06            1            2            0            93.8   0.0   0.0   6.2    46.9
Volume Recv1: <= 4KB:           53         3.31            3            8            0            93.8   0.0   0.0   6.2    58.6
Volume Recv2: <= 2MB:          432           27           27           27            0           100.0   0.0   0.0   0.0     0.0
Volume Recv3: >  2MB:           64            4            4            4            0           100.0   0.0   0.0   0.0     0.0
Volume Send TOTAL   :       404 MB      25.2 MB      25.2 MB      25.2 MB            0           100.0   0.0   0.0   0.0     0.0
Volume Send0: <= 64B:           32            2            2            2            0           100.0   0.0   0.0   0.0     0.0
Volume Send1: <= 4KB:          128            8            8            8            0           100.0   0.0   0.0   0.0     0.0
Volume Send2: <= 2MB:          432           27           27           27            0           100.0   0.0   0.0   0.0     0.0
Volume Send3: >  2MB:           64            4            4            4            0           100.0   0.0   0.0   0.0     0.0

Timestep 4       Time=4e-05       Next delT=1e-05       Wall Time=4.09132   EMA=0.90794     Memory Used=329.91 MBs (avg) 332.41 MBs (max on rank: 4     )
Runtime Summary  summary stats for time step 4 at time=4e-05
  Description       Units       Minimum           Rank   Average (16)      Std. Dev.         Maximum           Rank   100*(1-ave/max) '% load imbalance'
  TaskExec          [seconds] : 0.733892        : 2    : 0.737051        : 0.00221113      : 0.741515        : 13   : 0.601967
  TaskLocalComm     [seconds] : 0.148178        : 13   : 0.151802        : 0.00220098      : 0.155589        : 8    : 2.43387
  TaskWaitCommTime  [seconds] : 0.0476798       : 0    : 0.0519982       : 0.00160395      : 0.0539631       : 1    : 3.64126
  NumberOfTasks     [tasks  ] : 10              : 0    : 10              : 0               : 10              : 0    : 0
  NumberOfPatches   [patches] : 1               : 0    : 1               : 0               : 1               : 0    : 0
  NumberOfCells     [cells  ] : 32768           : 0    : 32768           : 0               : 32768           : 0    : 0
  SCIMemoryUsed     [MBytes ] : 3.2818e+08      : 3    : 3.29907e+08     : 1.25813e+06     : 3.32407e+08     : 4    : 0.752119
  SCIMemoryMaxUsed  [MBytes ] : 3.2818e+08      : 3    : 3.29907e+08     : 1.25813e+06     : 3.32407e+08     : 4    : 0.752119
  MemoryUsed        [MBytes ] : 9.31652e+08     : 2    : 9.43805e+08     : 7.29411e+06     : 9.55716e+08     : 4    : 1.24628
  MemoryResident    [MBytes ] : 3.2818e+08      : 3    : 3.29907e+08     : 1.25813e+06     : 3.32407e+08     : 4    : 0.752119
  Percentage of time spent in overhead : 9.15483

________________________________________________________________________________
--------------------------------------------------------------------------------
MPIStats:+
--------------------------------------------------------------------------------
                Name:       Total:         Avg:         Min:         Max:    Max rank: Hist %% [  Q1 |  Q2 |  Q3 |  Q4 ]:  %%Load Imbalance
         Count: Recv:          528           33           33           33            0           100.0   0.0   0.0   0.0     0.0
         Count: Redu:          128            8            8            8            0           100.0   0.0   0.0   0.0     0.0
         Count: Send:          528           33           33           33            0           100.0   0.0   0.0   0.0     0.0
         Count: Test:          359         22.4           14           31           15            25.0  18.8  37.5  18.8    27.6
         Count: Wait:          896           56           56           56            0           100.0   0.0   0.0   0.0     0.0
          Time: Recv:      1.41 ms    0.0882 ms    0.0607 ms     0.123 ms            2            25.0  25.0  37.5  12.5    28.3
          Time: Redu:     0.211 s       13.2 ms     0.311 ms        26 ms           13            25.0  18.8  37.5  18.8    49.2
          Time: Send:      38.2 ms      2.39 ms      1.37 ms      4.49 ms            7            37.5  43.8  12.5   6.2    46.8
          Time: Test:      1.36 ms    0.0849 ms    0.0289 ms      0.28 ms            7            75.0   0.0  12.5  12.5    69.7
          Time: Wait:     0.195 s       12.2 ms      10.6 ms      13.7 ms           12            12.5  43.8  25.0  18.8    11.4
Volume Recv TOTAL   :       404 MB      25.2 MB      25.2 MB      25.2 MB            0            93.8   0.0   0.0   6.2     0.0
Volume Recv0: <= 64B:           17         1.06            1            2            0            93.8   0.0   0.0   6.2    46.9
Volume Recv1: <= 4KB:           53         3.31            3            8            0            93.8   0.0   0.0   6.2    58.6
Volume Recv2: <= 2MB:          432           27           27           27            0           100.0   0.0   0.0   0.0     0.0
Volume Recv3: >  2MB:           64            4            4            4            0           100.0   0.0   0.0   0.0     0.0
Volume Send TOTAL   :       404 MB      25.2 MB      25.2 MB      25.2 MB            0           100.0   0.0   0.0   0.0     0.0
Volume Send0: <= 64B:           32            2            2            2            0           100.0   0.0   0.0   0.0     0.0
Volume Send1: <= 4KB:          128            8            8            8            0           100.0   0.0   0.0   0.0     0.0
Volume Send2: <= 2MB:          432           27           27           27            0           100.0   0.0   0.0   0.0     0.0
Volume Send3: >  2MB:           64            4            4            4            0           100.0   0.0   0.0   0.0     0.0

Timestep 5       Time=5e-05       Next delT=1e-05       Wall Time=4.93877   EMA=0.887778    Memory Used=330.04 MBs (avg) 332.41 MBs (max on rank: 4     )
Runtime Summary  summary stats for time step 5 at time=5e-05
  Description       Units       Minimum           Rank   Average (16)      Std. Dev.         Maximum           Rank   100*(1-ave/max) '% load imbalance'
  TaskExec          [seconds] : 0.73146         : 8    : 0.735366        : 0.00207753      : 0.740048        : 13   : 0.632727
  TaskLocalComm     [seconds] : 0.148586        : 13   : 0.151658        : 0.00188078      : 0.155485        : 8    : 2.46163
  TaskWaitCommTime  [seconds] : 0.0482234       : 0    : 0.0520265       : 0.00149685      : 0.0540816       : 8    : 3.80011
  NumberOfTasks     [tasks  ] : 10              : 0    : 10              : 0               : 10              : 0    : 0
  NumberOfPatches   [patches] : 1               : 0    : 1               : 0               : 1               : 0    : 0
  NumberOfCells     [cells  ] : 32768           : 0    : 32768           : 0               : 32768           : 0    : 0
  SCIMemoryUsed     [MBytes ] : 3.2818e+08      : 3    : 3.30044e+08     : 1.21994e+06     : 3.32407e+08     : 4    : 0.710917
  SCIMemoryMaxUsed  [MBytes ] : 3.2818e+08      : 3    : 3.30044e+08     : 1.21994e+06     : 3.32407e+08     : 4    : 0.710917
  MemoryUsed        [MBytes ] : 9.31652e+08     : 2    : 9.43919e+08     : 7.35951e+06     : 9.55716e+08     : 4    : 1.23428
  MemoryResident    [MBytes ] : 3.2818e+08      : 3    : 3.30044e+08     : 1.21994e+06     : 3.32407e+08     : 4    : 0.710917
  Percentage of time spent in overhead : 7.32088

________________________________________________________________________________
--------------------------------------------------------------------------------
MPIStats:+
--------------------------------------------------------------------------------
                Name:       Total:         Avg:         Min:         Max:    Max rank: Hist %% [  Q1 |  Q2 |  Q3 |  Q4 ]:  %%Load Imbalance
         Count: Recv:          528           33           33           33            0           100.0   0.0   0.0   0.0     0.0
         Count: Redu:          128            8            8            8            0           100.0   0.0   0.0   0.0     0.0
         Count: Send:          528           33           33           33            0           100.0   0.0   0.0   0.0     0.0
         Count: Test:          362         22.6           14           31           15            25.0  18.8  31.2  25.0    27.0
         Count: Wait:          896           56           56           56            0           100.0   0.0   0.0   0.0     0.0
          Time: Recv:      1.43 ms    0.0895 ms    0.0623 ms     0.159 ms            2            56.2  31.2   6.2   6.2    43.8
          Time: Redu:     0.262 s       16.4 ms       0.3 ms      27.3 ms           15            12.5  25.0  18.8  43.8    40.0
          Time: Send:      32.1 ms      2.01 ms     0.842 ms      4.06 ms            2            31.2  56.2   6.2   6.2    50.6
          Time: Test:      1.03 ms    0.0643 ms    0.0232 ms     0.369 ms           15            93.8   0.0   0.0   6.2    82.5
          Time: Wait:     0.186 s       11.7 ms      10.2 ms      12.9 ms            8            18.8  18.8  43.8  18.8     9.4
Volume Recv TOTAL   :       404 MB      25.2 MB      25.2 MB      25.2 MB            0            93.8   0.0   0.0   6.2     0.0
Volume Recv0: <= 64B:           17         1.06            1            2            0            93.8   0.0   0.0   6.2    46.9
Volume Recv1: <= 4KB:           53         3.31            3            8            0            93.8   0.0   0.0   6.2    58.6
Volume Recv2: <= 2MB:          432           27           27           27            0           100.0   0.0   0.0   0.0     0.0
Volume Recv3: >  2MB:           64            4            4            4            0           100.0   0.0   0.0   0.0     0.0
Volume Send TOTAL   :       404 MB      25.2 MB      25.2 MB      25.2 MB            0           100.0   0.0   0.0   0.0     0.0
Volume Send0: <= 64B:           32            2            2            2            0           100.0   0.0   0.0   0.0     0.0
Volume Send1: <= 4KB:          128            8            8            8            0           100.0   0.0   0.0   0.0     0.0
Volume Send2: <= 2MB:          432           27           27           27            0           100.0   0.0   0.0   0.0     0.0
Volume Send3: >  2MB:           64            4            4            4            0           100.0   0.0   0.0   0.0     0.0

Timestep 6       Time=6e-05       Next delT=1e-05       Wall Time=5.78904   EMA=0.877061    Memory Used=330.09 MBs (avg) 332.41 MBs (max on rank: 4     )
Runtime Summary  summary stats for time step 6 at time=6e-05
  Description       Units       Minimum           Rank   Average (16)      Std. Dev.         Maximum           Rank   100*(1-ave/max) '% load imbalance'
  TaskExec          [seconds] : 0.733035        : 2    : 0.737912        : 0.00225832      : 0.741954        : 15   : 0.544708
  TaskLocalComm     [seconds] : 0.14784         : 7    : 0.151774        : 0.0029579       : 0.159677        : 2    : 4.94961
  TaskWaitCommTime  [seconds] : 0.0487646       : 0    : 0.0517884       : 0.00129163      : 0.0536536       : 1    : 3.47636
  NumberOfTasks     [tasks  ] : 10              : 0    : 10              : 0               : 10              : 0    : 0
  NumberOfPatches   [patches] : 1               : 0    : 1               : 0               : 1               : 0    : 0
  NumberOfCells     [cells  ] : 32768           : 0    : 32768           : 0               : 32768           : 0    : 0
  SCIMemoryUsed     [MBytes ] : 3.2818e+08      : 3    : 3.30094e+08     : 1.23134e+06     : 3.32407e+08     : 4    : 0.695668
  SCIMemoryMaxUsed  [MBytes ] : 3.2818e+08      : 3    : 3.30094e+08     : 1.23134e+06     : 3.32407e+08     : 4    : 0.695668
  MemoryUsed        [MBytes ] : 9.31652e+08     : 2    : 9.43919e+08     : 7.35951e+06     : 9.55716e+08     : 4    : 1.23428
  MemoryResident    [MBytes ] : 3.2818e+08      : 3    : 3.30094e+08     : 1.23134e+06     : 3.32407e+08     : 4    : 0.695668
  Percentage of time spent in overhead : 6.09658

________________________________________________________________________________
--------------------------------------------------------------------------------
MPIStats:+
--------------------------------------------------------------------------------
                Name:       Total:         Avg:         Min:         Max:    Max rank: Hist %% [  Q1 |  Q2 |  Q3 |  Q4 ]:  %%Load Imbalance
         Count: Recv:          528           33           33           33            0           100.0   0.0   0.0   0.0     0.0
         Count: Redu:          128            8            8            8            0           100.0   0.0   0.0   0.0     0.0
         Count: Send:          528           33           33           33            0           100.0   0.0   0.0   0.0     0.0
         Count: Test:          362         22.6           14           31           15            25.0  18.8  31.2  25.0    27.0
         Count: Wait:          896           56           56           56            0           100.0   0.0   0.0   0.0     0.0
          Time: Recv:      1.47 ms    0.0917 ms    0.0634 ms     0.127 ms            2            37.5  12.5  37.5  12.5    27.8
          Time: Redu:     0.212 s       13.3 ms     0.293 ms      25.2 ms           13            31.2  12.5  25.0  31.2    47.3
          Time: Send:      30.8 ms      1.92 ms     0.963 ms      2.75 ms            3            25.0  25.0  18.8  31.2    30.2
          Time: Test:     0.916 ms    0.0573 ms    0.0322 ms     0.192 ms            7            87.5   6.2   0.0   6.2    70.1
          Time: Wait:     0.186 s       11.6 ms      10.3 ms      13.1 ms            8            18.8  31.2  31.2  18.8    11.1
Volume Recv TOTAL   :       404 MB      25.2 MB      25.2 MB      25.2 MB            0            93.8   0.0   0.0   6.2     0.0
Volume Recv0: <= 64B:           17         1.06            1            2            0            93.8   0.0   0.0   6.2    46.9
Volume Recv1: <= 4KB:           53         3.31            3            8            0            93.8   0.0   0.0   6.2    58.6
Volume Recv2: <= 2MB:          432           27           27           27            0           100.0   0.0   0.0   0.0     0.0
Volume Recv3: >  2MB:           64            4            4            4            0           100.0   0.0   0.0   0.0     0.0
Volume Send TOTAL   :       404 MB      25.2 MB      25.2 MB      25.2 MB            0           100.0   0.0   0.0   0.0     0.0
Volume Send0: <= 64B:           32            2            2            2            0           100.0   0.0   0.0   0.0     0.0
Volume Send1: <= 4KB:          128            8            8            8            0           100.0   0.0   0.0   0.0     0.0
Volume Send2: <= 2MB:          432           27           27           27            0           100.0   0.0   0.0   0.0     0.0
Volume Send3: >  2MB:           64            4            4            4            0           100.0   0.0   0.0   0.0     0.0

Timestep 7       Time=7e-05       Next delT=1e-05       Wall Time=6.63635   EMA=0.869623    Memory Used=330.51 MBs (avg) 332.78 MBs (max on rank: 8     )
Runtime Summary  summary stats for time step 7 at time=7e-05
  Description       Units       Minimum           Rank   Average (16)      Std. Dev.         Maximum           Rank   100*(1-ave/max) '% load imbalance'
  TaskExec          [seconds] : 0.731531        : 9    : 0.735089        : 0.00233678      : 0.738749        : 7    : 0.495344
  TaskLocalComm     [seconds] : 0.147347        : 7    : 0.151653        : 0.00221636      : 0.155364        : 2    : 2.38905
  TaskWaitCommTime  [seconds] : 0.0476334       : 0    : 0.0518821       : 0.0016174       : 0.0541583       : 8    : 4.20285
  NumberOfTasks     [tasks  ] : 10              : 0    : 10              : 0               : 10              : 0    : 0
  NumberOfPatches   [patches] : 1               : 0    : 1               : 0               : 1               : 0    : 0
  NumberOfCells     [cells  ] : 32768           : 0    : 32768           : 0               : 32768           : 0    : 0
  SCIMemoryUsed     [MBytes ] : 3.28495e+08     : 15   : 3.30507e+08     : 1.2569e+06      : 3.32784e+08     : 8    : 0.684034
  SCIMemoryMaxUsed  [MBytes ] : 3.28495e+08     : 15   : 3.30507e+08     : 1.2569e+06      : 3.32784e+08     : 8    : 0.684034
  MemoryUsed        [MBytes ] : 9.31652e+08     : 2    : 9.44127e+08     : 7.39036e+06     : 9.55716e+08     : 4    : 1.21253
  MemoryResident    [MBytes ] : 3.28495e+08     : 15   : 3.30507e+08     : 1.2569e+06      : 3.32784e+08     : 8    : 0.684034
  Percentage of time spent in overhead : 5.22028

________________________________________________________________________________
--------------------------------------------------------------------------------
MPIStats:+
--------------------------------------------------------------------------------
                Name:       Total:         Avg:         Min:         Max:    Max rank: Hist %% [  Q1 |  Q2 |  Q3 |  Q4 ]:  %%Load Imbalance
         Count: Recv:          528           33           33           33            0           100.0   0.0   0.0   0.0     0.0
         Count: Redu:          128            8            8            8            0           100.0   0.0   0.0   0.0     0.0
         Count: Send:          528           33           33           33            0           100.0   0.0   0.0   0.0     0.0
         Count: Test:          362         22.6           14           31           15            25.0  18.8  31.2  25.0    27.0
         Count: Wait:          896           56           56           56            0           100.0   0.0   0.0   0.0     0.0
          Time: Recv:      1.41 ms    0.0879 ms     0.039 ms     0.125 ms            2             6.2  25.0  43.8  25.0    29.7
          Time: Redu:     0.231 s       14.4 ms     0.314 ms        26 ms           15            25.0  25.0   6.2  43.8    44.5
          Time: Send:      37.2 ms      2.32 ms     0.833 ms      3.86 ms            1            25.0  31.2  25.0  18.8    39.8
          Time: Test:      1.16 ms    0.0724 ms    0.0314 ms     0.204 ms            3            81.2   0.0   0.0  18.8    64.5
          Time: Wait:     0.191 s       11.9 ms      10.4 ms      13.1 ms            1            18.8  12.5  43.8  25.0     8.8
Volume Recv TOTAL   :       404 MB      25.2 MB      25.2 MB      25.2 MB            0            93.8   0.0   0.0   6.2     0.0
Volume Recv0: <= 64B:           17         1.06            1            2            0            93.8   0.0   0.0   6.2    46.9
Volume Recv1: <= 4KB:           53         3.31            3            8            0            93.8   0.0   0.0   6.2    58.6
Volume Recv2: <= 2MB:          432           27           27           27            0           100.0   0.0   0.0   0.0     0.0
Volume Recv3: >  2MB:           64            4            4            4            0           100.0   0.0   0.0   0.0     0.0
Volume Send TOTAL   :       404 MB      25.2 MB      25.2 MB      25.2 MB            0           100.0   0.0   0.0   0.0     0.0
Volume Send0: <= 64B:           32            2            2            2            0           100.0   0.0   0.0   0.0     0.0
Volume Send1: <= 4KB:          128            8            8            8            0           100.0   0.0   0.0   0.0     0.0
Volume Send2: <= 2MB:          432           27           27           27            0           100.0   0.0   0.0   0.0     0.0
Volume Send3: >  2MB:           64            4            4            4            0           100.0   0.0   0.0   0.0     0.0

Timestep 8       Time=8e-05       Next delT=1e-05       Wall Time=7.48634   EMA=0.865259    Memory Used=330.52 MBs (avg) 332.78 MBs (max on rank: 8     )
Runtime Summary  summary stats for time step 8 at time=8e-05
  Description       Units       Minimum           Rank   Average (16)      Std. Dev.         Maximum           Rank   100*(1-ave/max) '% load imbalance'
  TaskExec          [seconds] : 0.733388        : 1    : 0.737288        : 0.00224094      : 0.741197        : 7    : 0.527303
  TaskLocalComm     [seconds] : 0.146682        : 7    : 0.15228         : 0.00289981      : 0.15783         : 2    : 3.51651
  TaskWaitCommTime  [seconds] : 0.0506881       : 0    : 0.0521034       : 0.000849314     : 0.0535897       : 4    : 2.77346
  NumberOfTasks     [tasks  ] : 10              : 0    : 10              : 0               : 10              : 0    : 0
  NumberOfPatches   [patches] : 1               : 0    : 1               : 0               : 1               : 0    : 0
  NumberOfCells     [cells  ] : 32768           : 0    : 32768           : 0               : 32768           : 0    : 0
  SCIMemoryUsed     [MBytes ] : 3.28495e+08     : 15   : 3.30524e+08     : 1.25005e+06     : 3.32784e+08     : 8    : 0.678957
  SCIMemoryMaxUsed  [MBytes ] : 3.28495e+08     : 15   : 3.30524e+08     : 1.25005e+06     : 3.32784e+08     : 8    : 0.678957
  MemoryUsed        [MBytes ] : 9.31652e+08     : 2    : 9.44127e+08     : 7.39036e+06     : 9.55716e+08     : 4    : 1.21253
  MemoryResident    [MBytes ] : 3.28495e+08     : 15   : 3.30524e+08     : 1.25005e+06     : 3.32784e+08     : 8    : 0.678957
  Percentage of time spent in overhead : 4.56115

________________________________________________________________________________
--------------------------------------------------------------------------------
MPIStats:+
--------------------------------------------------------------------------------
                Name:       Total:         Avg:         Min:         Max:    Max rank: Hist %% [  Q1 |  Q2 |  Q3 |  Q4 ]:  %%Load Imbalance
         Count: Recv:          528           33           33           33            0           100.0   0.0   0.0   0.0     0.0
         Count: Redu:          128            8            8            8            0           100.0   0.0   0.0   0.0     0.0
         Count: Send:          528           33           33           33            0           100.0   0.0   0.0   0.0     0.0
         Count: Test:          360         22.5           14           30           15            18.8  25.0  25.0  31.2    25.0
         Count: Wait:          896           56           56           56            0           100.0   0.0   0.0   0.0     0.0
          Time: Recv:      1.41 ms    0.0884 ms    0.0381 ms     0.134 ms            2             6.2  43.8  37.5  12.5    34.2
          Time: Redu:     0.202 s       12.6 ms     0.313 ms      24.7 ms           13            37.5  12.5  25.0  25.0    48.8
          Time: Send:      26.7 ms      1.67 ms      1.17 ms      2.29 ms            3            37.5  31.2   0.0  31.2    27.1
          Time: Test:      1.29 ms    0.0808 ms    0.0221 ms     0.458 ms           15            87.5   6.2   0.0   6.2    82.4
          Time: Wait:     0.189 s       11.8 ms      10.4 ms      13.2 ms            1            25.0  18.8  31.2  25.0    10.3
Volume Recv TOTAL   :       404 MB      25.2 MB      25.2 MB      25.2 MB            0            93.8   0.0   0.0   6.2     0.0
Volume Recv0: <= 64B:           17         1.06            1            2            0            93.8   0.0   0.0   6.2    46.9
Volume Recv1: <= 4KB:           53         3.31            3            8            0            93.8   0.0   0.0   6.2    58.6
Volume Recv2: <= 2MB:          432           27           27           27            0           100.0   0.0   0.0   0.0     0.0
Volume Recv3: >  2MB:           64            4            4            4            0           100.0   0.0   0.0   0.0     0.0
Volume Send TOTAL   :       404 MB      25.2 MB      25.2 MB      25.2 MB            0           100.0   0.0   0.0   0.0     0.0
Volume Send0: <= 64B:           32            2            2            2            0           100.0   0.0   0.0   0.0     0.0
Volume Send1: <= 4KB:          128            8            8            8            0           100.0   0.0   0.0   0.0     0.0
Volume Send2: <= 2MB:          432           27           27           27            0           100.0   0.0   0.0   0.0     0.0
Volume Send3: >  2MB:           64            4            4            4            0           100.0   0.0   0.0   0.0     0.0

Timestep 9       Time=9e-05       Next delT=1e-05       Wall Time=8.33329   EMA=0.861597    Memory Used=330.54 MBs (avg) 332.78 MBs (max on rank: 8     )
Runtime Summary  summary stats for time step 9 at time=9e-05
  Description       Units       Minimum           Rank   Average (16)      Std. Dev.         Maximum           Rank   100*(1-ave/max) '% load imbalance'
  TaskExec          [seconds] : 0.731817        : 2    : 0.734211        : 0.00182712      : 0.738003        : 13   : 0.513835
  TaskLocalComm     [seconds] : 0.146361        : 11   : 0.151492        : 0.00233552      : 0.155078        : 4    : 2.31229
  TaskWaitCommTime  [seconds] : 0.0497997       : 0    : 0.052467        : 0.00121065      : 0.0540983       : 9    : 3.01538
  NumberOfTasks     [tasks  ] : 10              : 0    : 10              : 0               : 10              : 0    : 0
  NumberOfPatches   [patches] : 1               : 0    : 1               : 0               : 1               : 0    : 0
  NumberOfCells     [cells  ] : 32768           : 0    : 32768           : 0               : 32768           : 0    : 0
  SCIMemoryUsed     [MBytes ] : 3.28495e+08     : 15   : 3.30541e+08     : 1.24861e+06     : 3.32784e+08     : 8    : 0.673879
  SCIMemoryMaxUsed  [MBytes ] : 3.28495e+08     : 15   : 3.30541e+08     : 1.24861e+06     : 3.32784e+08     : 8    : 0.673879
  MemoryUsed        [MBytes ] : 9.31652e+08     : 2    : 9.44127e+08     : 7.39036e+06     : 9.55716e+08     : 4    : 1.21253
  MemoryResident    [MBytes ] : 3.28495e+08     : 15   : 3.30541e+08     : 1.24861e+06     : 3.32784e+08     : 8    : 0.673879
  Percentage of time spent in overhead : 4.0465

________________________________________________________________________________
--------------------------------------------------------------------------------
MPIStats:+
--------------------------------------------------------------------------------
                Name:       Total:         Avg:         Min:         Max:    Max rank: Hist %% [  Q1 |  Q2 |  Q3 |  Q4 ]:  %%Load Imbalance
         Count: Recv:          528           33           33           33            0           100.0   0.0   0.0   0.0     0.0
         Count: Redu:          128            8            8            8            0           100.0   0.0   0.0   0.0     0.0
         Count: Send:          528           33           33           33            0           100.0   0.0   0.0   0.0     0.0
         Count: Test:          363         22.7           14           31           15            25.0  18.8  31.2  25.0    26.8
         Count: Wait:          896           56           56           56            0           100.0   0.0   0.0   0.0     0.0
          Time: Recv:      1.48 ms    0.0924 ms    0.0563 ms     0.126 ms           14            18.8  37.5  18.8  25.0    26.5
          Time: Redu:     0.183 s       11.4 ms     0.302 ms      24.2 ms           13            37.5   6.2  37.5  18.8    52.8
          Time: Send:      26.1 ms      1.63 ms     0.346 ms      3.85 ms            1            25.0  50.0  18.8   6.2    57.6
          Time: Test:      1.11 ms    0.0694 ms    0.0203 ms     0.289 ms            3            87.5   0.0   6.2   6.2    76.0
          Time: Wait:     0.189 s       11.8 ms      10.3 ms      12.7 ms            8            18.8   6.2  37.5  37.5     7.1
Volume Recv TOTAL   :       404 MB      25.2 MB      25.2 MB      25.2 MB            0            93.8   0.0   0.0   6.2     0.0
Volume Recv0: <= 64B:           17         1.06            1            2            0            93.8   0.0   0.0   6.2    46.9
Volume Recv1: <= 4KB:           53         3.31            3            8            0            93.8   0.0   0.0   6.2    58.6
Volume Recv2: <= 2MB:          432           27           27           27            0           100.0   0.0   0.0   0.0     0.0
Volume Recv3: >  2MB:           64            4            4            4            0           100.0   0.0   0.0   0.0     0.0
Volume Send TOTAL   :       404 MB      25.2 MB      25.2 MB      25.2 MB            0           100.0   0.0   0.0   0.0     0.0
Volume Send0: <= 64B:           32            2            2            2            0           100.0   0.0   0.0   0.0     0.0
Volume Send1: <= 4KB:          128            8            8            8            0           100.0   0.0   0.0   0.0     0.0
Volume Send2: <= 2MB:          432           27           27           27            0           100.0   0.0   0.0   0.0     0.0
Volume Send3: >  2MB:           64            4            4            4            0           100.0   0.0   0.0   0.0     0.0

Timestep 10      Time=0.0001      Next delT=1e-05       Wall Time=9.17732   EMA=0.858403    Memory Used=330.66 MBs (avg) 333.05 MBs (max on rank: 8     )
Runtime Summary  summary stats for time step 10 at time=0.0001
  Description       Units       Minimum           Rank   Average (16)      Std. Dev.         Maximum           Rank   100*(1-ave/max) '% load imbalance'
  TaskExec          [seconds] : 0.728148        : 10   : 0.73155         : 0.00261618      : 0.736901        : 13   : 0.726132
  TaskLocalComm     [seconds] : 0.148954        : 13   : 0.15205         : 0.00233025      : 0.156229        : 10   : 2.67491
  TaskWaitCommTime  [seconds] : 0.0458039       : 0    : 0.0517985       : 0.00195606      : 0.0537621       : 10   : 3.65238
  NumberOfTasks     [tasks  ] : 10              : 0    : 10              : 0               : 10              : 0    : 0
  NumberOfPatches   [patches] : 1               : 0    : 1               : 0               : 1               : 0    : 0
  NumberOfCells     [cells  ] : 32768           : 0    : 32768           : 0               : 32768           : 0    : 0
  SCIMemoryUsed     [MBytes ] : 3.28765e+08     : 15   : 3.30659e+08     : 1.29227e+06     : 3.33054e+08     : 8    : 0.71899
  SCIMemoryMaxUsed  [MBytes ] : 3.28765e+08     : 15   : 3.30659e+08     : 1.29227e+06     : 3.33054e+08     : 8    : 0.71899
  MemoryUsed        [MBytes ] : 9.31652e+08     : 2    : 9.44127e+08     : 7.39036e+06     : 9.55716e+08     : 4    : 1.21253
  MemoryResident    [MBytes ] : 3.28765e+08     : 15   : 3.30659e+08     : 1.29227e+06     : 3.33054e+08     : 8    : 0.71899
  Percentage of time spent in overhead : 3.63273
Sus: going down successfully
