Parallel: 64 MPI processes (using MPI)
Parallel: MPI Level Required: 0, provided: 0
Date:       Tue Aug 23 15:56:05 2022
Machine:    ash363
git branch:wasatch-low-cost-integ-cmake
git date:   Sat Jul 30 10:34:22 2022 -0600
git hash:   9315f9f96fa6304db4fe79378b145f37ea40016d
Assertion level: 0
CFLAGS:          
CXXFLAGS:        
______________________________________________________________________
Application Component: 	'wasatch'

-------------------------------------------------------------
Wasatch was built against:
  SpatialOps HASH: bd7a2bac76e42e2cb528b02e2cf1291d05c71926
             DATE: Fri Nov 12 11:34:54 2021 -0700
     ExprLib HASH: d2950c77edb22e5f3669ddaaf2d2ed29ceb24d2c
             DATE: Thu Aug 5 12:26:26 2021 -0600
    TabProps HASH: eca0dc5f26b20d4f6b1cebe51b1ae97e11871e83
             DATE: Wed Aug 11 20:11:26 2021 -0600
-------------------------------------------------------------

Linear Solver: 		hypre
Load Balancer: 		Simple
Scheduler: 		MPI
Patch layout: 		(4,4,4)
Grid statistics:
Number of levels:		1
Level 0:
  Number of patches:		64
  Total number of cells:	2197000 (34328.1 avg. per patch)
Total patches in grid:		64
Total cells in grid:		2197000 (34328.1 avg. per patch)

Using small, individual MPI messages (no message combining)
Detected solver: hypre
Setting initial conditions for scalability test equation: scalability0
Setting initial conditions for scalability test equation: scalability1
Setting initial conditions for scalability test equation: scalability2
Setting initial conditions for scalability test equation: scalability3
Setting initial conditions for scalability test equation: scalability4
Setting initial conditions for scalability test equation: scalability5
Setting initial conditions for scalability test equation: scalability6
Setting initial conditions for scalability test equation: scalability7
Setting initial conditions for scalability test equation: scalability8
Setting initial conditions for scalability test equation: scalability9
Setting initial conditions for scalability test equation: scalability10
Setting initial conditions for scalability test equation: scalability11
Setting initial conditions for scalability test equation: scalability12
Setting initial conditions for scalability test equation: scalability13
Setting initial conditions for scalability test equation: scalability14
Setting initial conditions for scalability test equation: scalability15
Setting initial conditions for scalability test equation: scalability16
Setting initial conditions for scalability test equation: scalability17
Setting initial conditions for scalability test equation: scalability18
Setting initial conditions for scalability test equation: scalability19
Setting initial conditions for scalability test equation: scalability20
Setting initial conditions for scalability test equation: scalability21
Setting initial conditions for scalability test equation: scalability22
Setting initial conditions for scalability test equation: scalability23
Setting initial conditions for scalability test equation: scalability24
Setting initial conditions for scalability test equation: scalability25
Setting initial conditions for scalability test equation: scalability26
Setting initial conditions for scalability test equation: scalability27
Setting initial conditions for scalability test equation: scalability28
Setting initial conditions for scalability test equation: scalability29
Setting initial conditions for scalability test equation: scalability30
Setting initial conditions for scalability test equation: scalability31
Setting initial conditions for scalability test equation: scalability32
Setting initial conditions for scalability test equation: scalability33
Setting initial conditions for scalability test equation: scalability34
Setting initial conditions for scalability test equation: scalability35
Setting initial conditions for scalability test equation: scalability36
Setting initial conditions for scalability test equation: scalability37
Setting initial conditions for scalability test equation: scalability38
Setting initial conditions for scalability test equation: scalability39
Setting initial conditions for scalability test equation: scalability40
Setting initial conditions for scalability test equation: scalability41
Setting initial conditions for scalability test equation: scalability42
Setting initial conditions for scalability test equation: scalability43
Setting initial conditions for scalability test equation: scalability44
Setting initial conditions for scalability test equation: scalability45
Setting initial conditions for scalability test equation: scalability46
Setting initial conditions for scalability test equation: scalability47
Setting initial conditions for scalability test equation: scalability48
Setting initial conditions for scalability test equation: scalability49
Setting initial conditions for scalability test equation: scalability50
Setting initial conditions for scalability test equation: scalability51
Setting initial conditions for scalability test equation: scalability52
Setting initial conditions for scalability test equation: scalability53
Setting initial conditions for scalability test equation: scalability54
Setting initial conditions for scalability test equation: scalability55
Setting initial conditions for scalability test equation: scalability56
Setting initial conditions for scalability test equation: scalability57
Setting initial conditions for scalability test equation: scalability58
Setting initial conditions for scalability test equation: scalability59
Setting initial conditions for scalability test equation: scalability60
Setting initial conditions for scalability test equation: scalability61
Setting initial conditions for scalability test equation: scalability62
Setting initial conditions for scalability test equation: scalability63
Setting initial conditions for scalability test equation: scalability64
Setting initial conditions for scalability test equation: scalability65
Setting initial conditions for scalability test equation: scalability66
Setting initial conditions for scalability test equation: scalability67
Setting initial conditions for scalability test equation: scalability68
Setting initial conditions for scalability test equation: scalability69
Setting initial conditions for scalability test equation: scalability70
Setting initial conditions for scalability test equation: scalability71
Setting initial conditions for scalability test equation: scalability72
Setting initial conditions for scalability test equation: scalability73
Setting initial conditions for scalability test equation: scalability74
Setting initial conditions for scalability test equation: scalability75
Setting initial conditions for scalability test equation: scalability76
Setting initial conditions for scalability test equation: scalability77
Setting initial conditions for scalability test equation: scalability78
Setting initial conditions for scalability test equation: scalability79
Setting initial conditions for scalability test equation: scalability80
Setting initial conditions for scalability test equation: scalability81
Setting initial conditions for scalability test equation: scalability82
Setting initial conditions for scalability test equation: scalability83
Setting initial conditions for scalability test equation: scalability84
Setting initial conditions for scalability test equation: scalability85
Setting initial conditions for scalability test equation: scalability86
Setting initial conditions for scalability test equation: scalability87
Setting initial conditions for scalability test equation: scalability88
Setting initial conditions for scalability test equation: scalability89
Setting initial conditions for scalability test equation: scalability90
Setting initial conditions for scalability test equation: scalability91
Setting initial conditions for scalability test equation: scalability92
Setting initial conditions for scalability test equation: scalability93
Setting initial conditions for scalability test equation: scalability94
Setting initial conditions for scalability test equation: scalability95
Setting initial conditions for scalability test equation: scalability96
Setting initial conditions for scalability test equation: scalability97
Setting initial conditions for scalability test equation: scalability98
Setting initial conditions for scalability test equation: scalability99
------------------------------------------------

Compiling initialization taskgraph.
------------------------------------------------
SETTING INITIAL BOUNDARY CONDITIONS:
------------------------------------------------
Setting Initial BCs for transport equation 'scalability0'
Setting Initial BCs for transport equation 'scalability1'
Setting Initial BCs for transport equation 'scalability2'
Setting Initial BCs for transport equation 'scalability3'
Setting Initial BCs for transport equation 'scalability4'
Setting Initial BCs for transport equation 'scalability5'
Setting Initial BCs for transport equation 'scalability6'
Setting Initial BCs for transport equation 'scalability7'
Setting Initial BCs for transport equation 'scalability8'
Setting Initial BCs for transport equation 'scalability9'
Setting Initial BCs for transport equation 'scalability10'
Setting Initial BCs for transport equation 'scalability11'
Setting Initial BCs for transport equation 'scalability12'
Setting Initial BCs for transport equation 'scalability13'
Setting Initial BCs for transport equation 'scalability14'
Setting Initial BCs for transport equation 'scalability15'
Setting Initial BCs for transport equation 'scalability16'
Setting Initial BCs for transport equation 'scalability17'
Setting Initial BCs for transport equation 'scalability18'
Setting Initial BCs for transport equation 'scalability19'
Setting Initial BCs for transport equation 'scalability20'
Setting Initial BCs for transport equation 'scalability21'
Setting Initial BCs for transport equation 'scalability22'
Setting Initial BCs for transport equation 'scalability23'
Setting Initial BCs for transport equation 'scalability24'
Setting Initial BCs for transport equation 'scalability25'
Setting Initial BCs for transport equation 'scalability26'
Setting Initial BCs for transport equation 'scalability27'
Setting Initial BCs for transport equation 'scalability28'
Setting Initial BCs for transport equation 'scalability29'
Setting Initial BCs for transport equation 'scalability30'
Setting Initial BCs for transport equation 'scalability31'
Setting Initial BCs for transport equation 'scalability32'
Setting Initial BCs for transport equation 'scalability33'
Setting Initial BCs for transport equation 'scalability34'
Setting Initial BCs for transport equation 'scalability35'
Setting Initial BCs for transport equation 'scalability36'
Setting Initial BCs for transport equation 'scalability37'
Setting Initial BCs for transport equation 'scalability38'
Setting Initial BCs for transport equation 'scalability39'
Setting Initial BCs for transport equation 'scalability40'
Setting Initial BCs for transport equation 'scalability41'
Setting Initial BCs for transport equation 'scalability42'
Setting Initial BCs for transport equation 'scalability43'
Setting Initial BCs for transport equation 'scalability44'
Setting Initial BCs for transport equation 'scalability45'
Setting Initial BCs for transport equation 'scalability46'
Setting Initial BCs for transport equation 'scalability47'
Setting Initial BCs for transport equation 'scalability48'
Setting Initial BCs for transport equation 'scalability49'
Setting Initial BCs for transport equation 'scalability50'
Setting Initial BCs for transport equation 'scalability51'
Setting Initial BCs for transport equation 'scalability52'
Setting Initial BCs for transport equation 'scalability53'
Setting Initial BCs for transport equation 'scalability54'
Setting Initial BCs for transport equation 'scalability55'
Setting Initial BCs for transport equation 'scalability56'
Setting Initial BCs for transport equation 'scalability57'
Setting Initial BCs for transport equation 'scalability58'
Setting Initial BCs for transport equation 'scalability59'
Setting Initial BCs for transport equation 'scalability60'
Setting Initial BCs for transport equation 'scalability61'
Setting Initial BCs for transport equation 'scalability62'
Setting Initial BCs for transport equation 'scalability63'
Setting Initial BCs for transport equation 'scalability64'
Setting Initial BCs for transport equation 'scalability65'
Setting Initial BCs for transport equation 'scalability66'
Setting Initial BCs for transport equation 'scalability67'
Setting Initial BCs for transport equation 'scalability68'
Setting Initial BCs for transport equation 'scalability69'
Setting Initial BCs for transport equation 'scalability70'
Setting Initial BCs for transport equation 'scalability71'
Setting Initial BCs for transport equation 'scalability72'
Setting Initial BCs for transport equation 'scalability73'
Setting Initial BCs for transport equation 'scalability74'
Setting Initial BCs for transport equation 'scalability75'
Setting Initial BCs for transport equation 'scalability76'
Setting Initial BCs for transport equation 'scalability77'
Setting Initial BCs for transport equation 'scalability78'
Setting Initial BCs for transport equation 'scalability79'
Setting Initial BCs for transport equation 'scalability80'
Setting Initial BCs for transport equation 'scalability81'
Setting Initial BCs for transport equation 'scalability82'
Setting Initial BCs for transport equation 'scalability83'
Setting Initial BCs for transport equation 'scalability84'
Setting Initial BCs for transport equation 'scalability85'
Setting Initial BCs for transport equation 'scalability86'
Setting Initial BCs for transport equation 'scalability87'
Setting Initial BCs for transport equation 'scalability88'
Setting Initial BCs for transport equation 'scalability89'
Setting Initial BCs for transport equation 'scalability90'
Setting Initial BCs for transport equation 'scalability91'
Setting Initial BCs for transport equation 'scalability92'
Setting Initial BCs for transport equation 'scalability93'
Setting Initial BCs for transport equation 'scalability94'
Setting Initial BCs for transport equation 'scalability95'
Setting Initial BCs for transport equation 'scalability96'
Setting Initial BCs for transport equation 'scalability97'
Setting Initial BCs for transport equation 'scalability98'
Setting Initial BCs for transport equation 'scalability99'
------------------------------------------------
Wasatch: done creating initialization task(s)
Scheduling Task 'compute timestep' COMPUTES 'delT' in NEW data warehouse
Wasatch: done creating timestep task(s)
Done with taskgraph compile (0.000449593 seconds)
Warning: addContribution not implemented for LoadBalancerCommon.
WARNING at time step 0 and sim time 0 : lowering the next delT from 1 to the maximum: 1e-05

________________________________________________________________________________
--------------------------------------------------------------------------------
MPIStats:+
--------------------------------------------------------------------------------
                Name:       Total:         Avg:         Min:         Max:    Max rank: Hist %% [  Q1 |  Q2 |  Q3 |  Q4 ]:  %%Load Imbalance
         Count: Comm:           64            1            1            1            0           100.0   0.0   0.0   0.0     0.0
         Count: Gath:          128            2            2            2            0           100.0   0.0   0.0   0.0     0.0
         Count: Redu:           64            1            1            1            0           100.0   0.0   0.0   0.0     0.0
          Time: Comm:     0.198 s        3.1 ms     0.998 ms      7.15 ms           28            46.9  31.2   6.2  15.6    56.6
          Time: Gath:         3 s       46.9 ms      32.8 ms      55.4 ms           36             3.1  25.0  48.4  23.4    15.5
          Time: Redu:      2.53 s       39.5 ms     0.029 ms      49.8 ms            4             3.1   3.1  21.9  71.9    20.6
Volume Recv TOTAL   :      32.6 KB        521 B        521 B        521 B            0           100.0   0.0   0.0   0.0     0.0
Volume Recv0: <= 64B:           64            1            1            1            0           100.0   0.0   0.0   0.0     0.0
Volume Recv1: <= 4KB:          128            2            2            2            0           100.0   0.0   0.0   0.0     0.0
Volume Send TOTAL   :      16.8 KB        269 B        269 B        269 B            0           100.0   0.0   0.0   0.0     0.0
Volume Send0: <= 64B:          128            2            2            2            0           100.0   0.0   0.0   0.0     0.0
Volume Send1: <= 4KB:           64            1            1            1            0           100.0   0.0   0.0   0.0     0.0


Simulation and run time stats are reported at the end of each time step
EMA == Wall time as an exponential moving average using a window of the last 10 time steps
Timestep 0       Time=0           Next delT=1e-05       Wall Time=0.165999  EMA=0.165294    Memory Used=164.66 MBs (avg) 168.05 MBs (max on rank: 0     )
Warning: finalizeContributions not implemented for LoadBalancerCommon.
Warning: resetCostForecaster not implemented for LoadBalancerCommon.
Compiling taskgraph(s)...
------------------------------------------------
SETTING BOUNDARY CONDITIONS:
------------------------------------------------
Setting BCs for transport equation 'scalability0'
Setting BCs for transport equation 'scalability1'
Setting BCs for transport equation 'scalability2'
Setting BCs for transport equation 'scalability3'
Setting BCs for transport equation 'scalability4'
Setting BCs for transport equation 'scalability5'
Setting BCs for transport equation 'scalability6'
Setting BCs for transport equation 'scalability7'
Setting BCs for transport equation 'scalability8'
Setting BCs for transport equation 'scalability9'
Setting BCs for transport equation 'scalability10'
Setting BCs for transport equation 'scalability11'
Setting BCs for transport equation 'scalability12'
Setting BCs for transport equation 'scalability13'
Setting BCs for transport equation 'scalability14'
Setting BCs for transport equation 'scalability15'
Setting BCs for transport equation 'scalability16'
Setting BCs for transport equation 'scalability17'
Setting BCs for transport equation 'scalability18'
Setting BCs for transport equation 'scalability19'
Setting BCs for transport equation 'scalability20'
Setting BCs for transport equation 'scalability21'
Setting BCs for transport equation 'scalability22'
Setting BCs for transport equation 'scalability23'
Setting BCs for transport equation 'scalability24'
Setting BCs for transport equation 'scalability25'
Setting BCs for transport equation 'scalability26'
Setting BCs for transport equation 'scalability27'
Setting BCs for transport equation 'scalability28'
Setting BCs for transport equation 'scalability29'
Setting BCs for transport equation 'scalability30'
Setting BCs for transport equation 'scalability31'
Setting BCs for transport equation 'scalability32'
Setting BCs for transport equation 'scalability33'
Setting BCs for transport equation 'scalability34'
Setting BCs for transport equation 'scalability35'
Setting BCs for transport equation 'scalability36'
Setting BCs for transport equation 'scalability37'
Setting BCs for transport equation 'scalability38'
Setting BCs for transport equation 'scalability39'
Setting BCs for transport equation 'scalability40'
Setting BCs for transport equation 'scalability41'
Setting BCs for transport equation 'scalability42'
Setting BCs for transport equation 'scalability43'
Setting BCs for transport equation 'scalability44'
Setting BCs for transport equation 'scalability45'
Setting BCs for transport equation 'scalability46'
Setting BCs for transport equation 'scalability47'
Setting BCs for transport equation 'scalability48'
Setting BCs for transport equation 'scalability49'
Setting BCs for transport equation 'scalability50'
Setting BCs for transport equation 'scalability51'
Setting BCs for transport equation 'scalability52'
Setting BCs for transport equation 'scalability53'
Setting BCs for transport equation 'scalability54'
Setting BCs for transport equation 'scalability55'
Setting BCs for transport equation 'scalability56'
Setting BCs for transport equation 'scalability57'
Setting BCs for transport equation 'scalability58'
Setting BCs for transport equation 'scalability59'
Setting BCs for transport equation 'scalability60'
Setting BCs for transport equation 'scalability61'
Setting BCs for transport equation 'scalability62'
Setting BCs for transport equation 'scalability63'
Setting BCs for transport equation 'scalability64'
Setting BCs for transport equation 'scalability65'
Setting BCs for transport equation 'scalability66'
Setting BCs for transport equation 'scalability67'
Setting BCs for transport equation 'scalability68'
Setting BCs for transport equation 'scalability69'
Setting BCs for transport equation 'scalability70'
Setting BCs for transport equation 'scalability71'
Setting BCs for transport equation 'scalability72'
Setting BCs for transport equation 'scalability73'
Setting BCs for transport equation 'scalability74'
Setting BCs for transport equation 'scalability75'
Setting BCs for transport equation 'scalability76'
Setting BCs for transport equation 'scalability77'
Setting BCs for transport equation 'scalability78'
Setting BCs for transport equation 'scalability79'
Setting BCs for transport equation 'scalability80'
Setting BCs for transport equation 'scalability81'
Setting BCs for transport equation 'scalability82'
Setting BCs for transport equation 'scalability83'
Setting BCs for transport equation 'scalability84'
Setting BCs for transport equation 'scalability85'
Setting BCs for transport equation 'scalability86'
Setting BCs for transport equation 'scalability87'
Setting BCs for transport equation 'scalability88'
Setting BCs for transport equation 'scalability89'
Setting BCs for transport equation 'scalability90'
Setting BCs for transport equation 'scalability91'
Setting BCs for transport equation 'scalability92'
Setting BCs for transport equation 'scalability93'
Setting BCs for transport equation 'scalability94'
Setting BCs for transport equation 'scalability95'
Setting BCs for transport equation 'scalability96'
Setting BCs for transport equation 'scalability97'
Setting BCs for transport equation 'scalability98'
Setting BCs for transport equation 'scalability99'
------------------------------------------------
Wasatch: done creating solution task(s)
Wasatch: done creating solution task(s)
Wasatch: done creating solution task(s)
Wasatch: done creating post-processing task(s)
Scheduling Task 'compute timestep' COMPUTES 'delT' in NEW data warehouse
Wasatch: done creating timestep task(s)
Done with taskgraph compile (0.197644 seconds)

________________________________________________________________________________
--------------------------------------------------------------------------------
MPIStats:+
--------------------------------------------------------------------------------
                Name:       Total:         Avg:         Min:         Max:    Max rank: Hist %% [  Q1 |  Q2 |  Q3 |  Q4 ]:  %%Load Imbalance
         Count: Recv:     2.81e+03         43.9           21           78           21            50.0   0.0  37.5  12.5    43.8
         Count: Redu:          512            8            8            8            0           100.0   0.0   0.0   0.0     0.0
         Count: Send:     2.81e+03         43.9           21           78           21            50.0   0.0  37.5  12.5    43.8
         Count: Test:     1.02e+03           16           10           30           31            56.2   7.8  23.4  12.5    46.8
         Count: Wait:        5e+03         78.1           32          146           21            50.0   0.0  37.5  12.5    46.5
          Time: Recv:      38.1 ms     0.595 ms    0.0293 ms      4.66 ms           47            87.5   9.4   1.6   1.6    87.2
          Time: Redu:      5.87 s       91.7 ms     0.282 ms      0.14 s            15             6.2  15.6  35.9  42.2    34.4
          Time: Send:     0.623 s       9.74 ms      1.97 ms      21.9 ms           17            28.1  50.0  17.2   4.7    55.6
          Time: Test:      14.2 ms     0.223 ms     0.017 ms      1.64 ms            7            92.2   6.2   0.0   1.6    86.4
          Time: Wait:      12.1 s      0.189 s       19.8 ms      0.32 s            63            12.5  25.0  43.8  18.8    40.9
Volume Recv TOTAL   :      1.19 GB        19 MB      12.8 MB      24.9 MB           21            12.5  37.5  37.5  12.5    23.9
Volume Recv0: <= 64B:           65         1.02            1            2            0            98.4   0.0   0.0   1.6    49.2
Volume Recv1: <= 4KB:          717         11.2            4           25           21            50.0  37.5   0.0  12.5    55.2
Volume Recv2: <= 2MB:     2.16e+03         33.8           18           54           21            12.5  37.5  37.5  12.5    37.5
Volume Send TOTAL   :      1.19 GB        19 MB      12.8 MB      24.9 MB           21            12.5  37.5  37.5  12.5    23.9
Volume Send0: <= 64B:          128            2            2            2            0           100.0   0.0   0.0   0.0     0.0
Volume Send1: <= 4KB:     1.03e+03         16.1            9           30           21            50.0  37.5   0.0  12.5    46.2
Volume Send2: <= 2MB:     2.16e+03         33.8           18           54           21            12.5  37.5  37.5  12.5    37.5

Timestep 1       Time=1e-05       Next delT=1e-05       Wall Time=1.1439    EMA=0.977842    Memory Used=296.96 MBs (avg) 322.93 MBs (max on rank: 25    )
Runtime Summary  summary stats for time step 1 at time=1e-05
  Description       Units       Minimum           Rank   Average (64)      Std. Dev.         Maximum           Rank   100*(1-ave/max) '% load imbalance'
  Compilation       [seconds] : 0.15507         : 3    : 0.247226        : 0.0628749       : 0.390264        : 42   : 36.6517
  TaskExec          [seconds] : 0.423777        : 22   : 0.467394        : 0.0273366       : 0.515089        : 2    : 9.25959
  TaskLocalComm     [seconds] : 0.0585593       : 63   : 0.107115        : 0.0299192       : 0.194598        : 42   : 44.9559
  TaskWaitCommTime  [seconds] : 0.0570523       : 42   : 0.211055        : 0.0698931       : 0.332289        : 63   : 36.4844
  NumberOfTasks     [tasks  ] : 10              : 0    : 10              : 0               : 10              : 0    : 0
  NumberOfPatches   [patches] : 1               : 0    : 1               : 0               : 1               : 0    : 0
  NumberOfCells     [cells  ] : 32768           : 21   : 34328.1         : 922.08          : 35937           : 0    : 4.47693
  SCIMemoryUsed     [MBytes ] : 2.72986e+08     : 63   : 2.96956e+08     : 1.42217e+07     : 3.22929e+08     : 25   : 8.04297
  SCIMemoryMaxUsed  [MBytes ] : 2.72986e+08     : 63   : 2.96956e+08     : 1.42217e+07     : 3.22929e+08     : 25   : 8.04297
  MemoryUsed        [MBytes ] : 8.72133e+08     : 51   : 9.05829e+08     : 1.63635e+07     : 9.37611e+08     : 25   : 3.38975
  MemoryResident    [MBytes ] : 2.72986e+08     : 63   : 2.96956e+08     : 1.42217e+07     : 3.22929e+08     : 25   : 8.04297
  Percentage of time spent in overhead : 23.9377

________________________________________________________________________________
--------------------------------------------------------------------------------
MPIStats:+
--------------------------------------------------------------------------------
                Name:       Total:         Avg:         Min:         Max:    Max rank: Hist %% [  Q1 |  Q2 |  Q3 |  Q4 ]:  %%Load Imbalance
         Count: Recv:     2.81e+03         43.9           21           78           21            50.0   0.0  37.5  12.5    43.8
         Count: Redu:          512            8            8            8            0           100.0   0.0   0.0   0.0     0.0
         Count: Send:     2.81e+03         43.9           21           78           21            50.0   0.0  37.5  12.5    43.8
         Count: Test:          879         13.7           10           28           53            71.9   3.1  15.6   9.4    50.9
         Count: Wait:     4.98e+03         77.8           32          146           21            50.0   0.0  37.5  12.5    46.7
          Time: Recv:      13.6 ms     0.213 ms    0.0318 ms       1.8 ms           47            89.1   6.2   0.0   4.7    88.2
          Time: Redu:      6.29 s       98.2 ms     0.343 ms     0.172 s            12             6.2  28.1  42.2  23.4    43.0
          Time: Send:     0.889 s       13.9 ms      6.41 ms      21.1 ms           38             7.8  32.8  50.0   9.4    34.0
          Time: Test:      2.35 ms    0.0367 ms  5.21e+03 ns     0.129 ms           47            56.2  23.4  12.5   7.8    71.6
          Time: Wait:      5.04 s       78.8 ms      9.23 ms     0.175 s            51            31.2  28.1  25.0  15.6    54.9
Volume Recv TOTAL   :      1.19 GB        19 MB      12.8 MB      24.9 MB           21            12.5  37.5  37.5  12.5    23.9
Volume Recv0: <= 64B:           65         1.02            1            2            0            98.4   0.0   0.0   1.6    49.2
Volume Recv1: <= 4KB:          717         11.2            4           25           21            50.0  37.5   0.0  12.5    55.2
Volume Recv2: <= 2MB:     2.16e+03         33.8           18           54           21            12.5  37.5  37.5  12.5    37.5
Volume Send TOTAL   :      1.19 GB        19 MB      12.8 MB      24.9 MB           21            12.5  37.5  37.5  12.5    23.9
Volume Send0: <= 64B:          128            2            2            2            0           100.0   0.0   0.0   0.0     0.0
Volume Send1: <= 4KB:     1.03e+03         16.1            9           30           21            50.0  37.5   0.0  12.5    46.2
Volume Send2: <= 2MB:     2.16e+03         33.8           18           54           21            12.5  37.5  37.5  12.5    37.5

Timestep 2       Time=2e-05       Next delT=1e-05       Wall Time=1.75473   EMA=0.733167    Memory Used=304.47 MBs (avg) 332.95 MBs (max on rank: 37    )
Runtime Summary  summary stats for time step 2 at time=2e-05
  Description       Units       Minimum           Rank   Average (64)      Std. Dev.         Maximum           Rank   100*(1-ave/max) '% load imbalance'
  TaskExec          [seconds] : 0.390895        : 19   : 0.460554        : 0.0367127       : 0.518496        : 13   : 11.1752
  TaskLocalComm     [seconds] : 0.0567578       : 48   : 0.108953        : 0.0342149       : 0.229885        : 38   : 52.6055
  TaskWaitCommTime  [seconds] : 0.0360667       : 46   : 0.10014         : 0.0415555       : 0.185452        : 51   : 46.0025
  NumberOfTasks     [tasks  ] : 10              : 0    : 10              : 0               : 10              : 0    : 0
  NumberOfPatches   [patches] : 1               : 0    : 1               : 0               : 1               : 0    : 0
  NumberOfCells     [cells  ] : 32768           : 21   : 34328.1         : 922.08          : 35937           : 0    : 4.47693
  SCIMemoryUsed     [MBytes ] : 2.77766e+08     : 51   : 3.04468e+08     : 1.57214e+07     : 3.32952e+08     : 37   : 8.55489
  SCIMemoryMaxUsed  [MBytes ] : 2.77766e+08     : 51   : 3.04468e+08     : 1.57214e+07     : 3.32952e+08     : 37   : 8.55489
  MemoryUsed        [MBytes ] : 8.75819e+08     : 51   : 9.13327e+08     : 1.77055e+07     : 9.47601e+08     : 25   : 3.61697
  MemoryResident    [MBytes ] : 2.77766e+08     : 51   : 3.04468e+08     : 1.57214e+07     : 3.32952e+08     : 37   : 8.55489
  Percentage of time spent in overhead : 11.9688

________________________________________________________________________________
--------------------------------------------------------------------------------
MPIStats:+
--------------------------------------------------------------------------------
                Name:       Total:         Avg:         Min:         Max:    Max rank: Hist %% [  Q1 |  Q2 |  Q3 |  Q4 ]:  %%Load Imbalance
         Count: Recv:     2.81e+03         43.9           21           78           21            50.0   0.0  37.5  12.5    43.8
         Count: Redu:          512            8            8            8            0           100.0   0.0   0.0   0.0     0.0
         Count: Send:     2.81e+03         43.9           21           78           21            50.0   0.0  37.5  12.5    43.8
         Count: Test:          891         13.9           10           30           57            71.9   3.1  20.3   4.7    53.6
         Count: Wait:     4.98e+03         77.8           32          146           21            50.0   0.0  37.5  12.5    46.7
          Time: Recv:      14.7 ms      0.23 ms    0.0335 ms      1.91 ms           47            87.5   7.8   1.6   3.1    88.0
          Time: Redu:      5.55 s       86.7 ms     0.306 ms      0.15 s            15             6.2  29.7  43.8  20.3    42.0
          Time: Send:     0.191 s       2.99 ms      1.55 ms      5.17 ms           41            37.5  34.4  17.2  10.9    42.2
          Time: Test:      3.79 ms    0.0592 ms  5.74e+03 ns     0.365 ms           61            81.2   9.4   7.8   1.6    83.8
          Time: Wait:      4.29 s       67.1 ms      8.08 ms     0.142 s            48            34.4  21.9  20.3  23.4    52.8
Volume Recv TOTAL   :      1.19 GB        19 MB      12.8 MB      24.9 MB           21            12.5  37.5  37.5  12.5    23.9
Volume Recv0: <= 64B:           65         1.02            1            2            0            98.4   0.0   0.0   1.6    49.2
Volume Recv1: <= 4KB:          717         11.2            4           25           21            50.0  37.5   0.0  12.5    55.2
Volume Recv2: <= 2MB:     2.16e+03         33.8           18           54           21            12.5  37.5  37.5  12.5    37.5
Volume Send TOTAL   :      1.19 GB        19 MB      12.8 MB      24.9 MB           21            12.5  37.5  37.5  12.5    23.9
Volume Send0: <= 64B:          128            2            2            2            0           100.0   0.0   0.0   0.0     0.0
Volume Send1: <= 4KB:     1.03e+03         16.1            9           30           21            50.0  37.5   0.0  12.5    46.2
Volume Send2: <= 2MB:     2.16e+03         33.8           18           54           21            12.5  37.5  37.5  12.5    37.5

Timestep 3       Time=3e-05       Next delT=1e-05       Wall Time=2.33657   EMA=0.657503    Memory Used=304.81 MBs (avg) 332.95 MBs (max on rank: 37    )
Runtime Summary  summary stats for time step 3 at time=3e-05
  Description       Units       Minimum           Rank   Average (64)      Std. Dev.         Maximum           Rank   100*(1-ave/max) '% load imbalance'
  TaskExec          [seconds] : 0.393126        : 16   : 0.444099        : 0.0319885       : 0.493434        : 14   : 9.99832
  TaskLocalComm     [seconds] : 0.0512887       : 48   : 0.0970497       : 0.0313164       : 0.18326         : 37   : 47.0427
  TaskWaitCommTime  [seconds] : 0.0354148       : 39   : 0.0889295       : 0.0362949       : 0.153201        : 48   : 41.9523
  NumberOfTasks     [tasks  ] : 10              : 0    : 10              : 0               : 10              : 0    : 0
  NumberOfPatches   [patches] : 1               : 0    : 1               : 0               : 1               : 0    : 0
  NumberOfCells     [cells  ] : 32768           : 21   : 34328.1         : 922.08          : 35937           : 0    : 4.47693
  SCIMemoryUsed     [MBytes ] : 2.78389e+08     : 63   : 3.04813e+08     : 1.55744e+07     : 3.32952e+08     : 37   : 8.45125
  SCIMemoryMaxUsed  [MBytes ] : 2.78389e+08     : 63   : 3.04813e+08     : 1.55744e+07     : 3.32952e+08     : 37   : 8.45125
  MemoryUsed        [MBytes ] : 8.7756e+08      : 51   : 9.1368e+08      : 1.74534e+07     : 9.47761e+08     : 25   : 3.59592
  MemoryResident    [MBytes ] : 2.78389e+08     : 63   : 3.04813e+08     : 1.55744e+07     : 3.32952e+08     : 37   : 8.45125
  Percentage of time spent in overhead : 7.97861

________________________________________________________________________________
--------------------------------------------------------------------------------
MPIStats:+
--------------------------------------------------------------------------------
                Name:       Total:         Avg:         Min:         Max:    Max rank: Hist %% [  Q1 |  Q2 |  Q3 |  Q4 ]:  %%Load Imbalance
         Count: Recv:     2.81e+03         43.9           21           78           21            50.0   0.0  37.5  12.5    43.8
         Count: Redu:          512            8            8            8            0           100.0   0.0   0.0   0.0     0.0
         Count: Send:     2.81e+03         43.9           21           78           21            50.0   0.0  37.5  12.5    43.8
         Count: Test:          884         13.8           10           28           53            71.9   3.1  12.5  12.5    50.7
         Count: Wait:     4.98e+03         77.8           32          146           21            50.0   0.0  37.5  12.5    46.7
          Time: Recv:      12.8 ms     0.199 ms    0.0349 ms      1.26 ms           44            82.8  10.9   3.1   3.1    84.2
          Time: Redu:      5.53 s       86.4 ms     0.335 ms     0.152 s            15             6.2  31.2  40.6  21.9    43.2
          Time: Send:     0.174 s       2.72 ms      1.13 ms      4.82 ms           58            25.0  37.5  26.6  10.9    43.6
          Time: Test:      4.48 ms      0.07 ms  5.35e+03 ns     0.416 ms           44            81.2   9.4   4.7   4.7    83.2
          Time: Wait:      4.41 s       68.9 ms      11.4 ms     0.147 s            48            35.9  21.9  23.4  18.8    53.2
Volume Recv TOTAL   :      1.19 GB        19 MB      12.8 MB      24.9 MB           21            12.5  37.5  37.5  12.5    23.9
Volume Recv0: <= 64B:           65         1.02            1            2            0            98.4   0.0   0.0   1.6    49.2
Volume Recv1: <= 4KB:          717         11.2            4           25           21            50.0  37.5   0.0  12.5    55.2
Volume Recv2: <= 2MB:     2.16e+03         33.8           18           54           21            12.5  37.5  37.5  12.5    37.5
Volume Send TOTAL   :      1.19 GB        19 MB      12.8 MB      24.9 MB           21            12.5  37.5  37.5  12.5    23.9
Volume Send0: <= 64B:          128            2            2            2            0           100.0   0.0   0.0   0.0     0.0
Volume Send1: <= 4KB:     1.03e+03         16.1            9           30           21            50.0  37.5   0.0  12.5    46.2
Volume Send2: <= 2MB:     2.16e+03         33.8           18           54           21            12.5  37.5  37.5  12.5    37.5

Timestep 4       Time=4e-05       Next delT=1e-05       Wall Time=2.92118   EMA=0.628348    Memory Used=304.99 MBs (avg) 332.95 MBs (max on rank: 37    )
Runtime Summary  summary stats for time step 4 at time=4e-05
  Description       Units       Minimum           Rank   Average (64)      Std. Dev.         Maximum           Rank   100*(1-ave/max) '% load imbalance'
  TaskExec          [seconds] : 0.394922        : 16   : 0.444791        : 0.0323296       : 0.493875        : 11   : 9.93849
  TaskLocalComm     [seconds] : 0.0496408       : 48   : 0.097501        : 0.0318678       : 0.18391         : 41   : 46.9845
  TaskWaitCommTime  [seconds] : 0.0387284       : 46   : 0.0910063       : 0.0370112       : 0.158588        : 48   : 42.6148
  NumberOfTasks     [tasks  ] : 10              : 0    : 10              : 0               : 10              : 0    : 0
  NumberOfPatches   [patches] : 1               : 0    : 1               : 0               : 1               : 0    : 0
  NumberOfCells     [cells  ] : 32768           : 21   : 34328.1         : 922.08          : 35937           : 0    : 4.47693
  SCIMemoryUsed     [MBytes ] : 2.78516e+08     : 15   : 3.04988e+08     : 1.55722e+07     : 3.32952e+08     : 37   : 8.39881
  SCIMemoryMaxUsed  [MBytes ] : 2.78516e+08     : 15   : 3.04988e+08     : 1.55722e+07     : 3.32952e+08     : 37   : 8.39881
  MemoryUsed        [MBytes ] : 8.7756e+08      : 51   : 9.13789e+08     : 1.75653e+07     : 9.47761e+08     : 25   : 3.58443
  MemoryResident    [MBytes ] : 2.78516e+08     : 15   : 3.04988e+08     : 1.55722e+07     : 3.32952e+08     : 37   : 8.39881
  Percentage of time spent in overhead : 5.98274

________________________________________________________________________________
--------------------------------------------------------------------------------
MPIStats:+
--------------------------------------------------------------------------------
                Name:       Total:         Avg:         Min:         Max:    Max rank: Hist %% [  Q1 |  Q2 |  Q3 |  Q4 ]:  %%Load Imbalance
         Count: Recv:     2.81e+03         43.9           21           78           21            50.0   0.0  37.5  12.5    43.8
         Count: Redu:          512            8            8            8            0           100.0   0.0   0.0   0.0     0.0
         Count: Send:     2.81e+03         43.9           21           78           21            50.0   0.0  37.5  12.5    43.8
         Count: Test:          885         13.8           10           28           53            71.9   3.1  12.5  12.5    50.6
         Count: Wait:     4.98e+03         77.8           32          146           21            50.0   0.0  37.5  12.5    46.7
          Time: Recv:      11.7 ms     0.183 ms    0.0385 ms       1.1 ms           47            81.2  14.1   1.6   3.1    83.4
          Time: Redu:      5.53 s       86.5 ms     0.332 ms     0.147 s            15             6.2  29.7  40.6  23.4    41.3
          Time: Send:     0.139 s       2.17 ms      0.62 ms      4.39 ms           57            23.4  48.4  21.9   6.2    50.4
          Time: Test:      3.12 ms    0.0488 ms  6.04e+03 ns     0.411 ms           59            93.8   3.1   1.6   1.6    88.1
          Time: Wait:      4.28 s       66.9 ms      10.4 ms     0.145 s            48            35.9  20.3  23.4  20.3    53.8
Volume Recv TOTAL   :      1.19 GB        19 MB      12.8 MB      24.9 MB           21            12.5  37.5  37.5  12.5    23.9
Volume Recv0: <= 64B:           65         1.02            1            2            0            98.4   0.0   0.0   1.6    49.2
Volume Recv1: <= 4KB:          717         11.2            4           25           21            50.0  37.5   0.0  12.5    55.2
Volume Recv2: <= 2MB:     2.16e+03         33.8           18           54           21            12.5  37.5  37.5  12.5    37.5
Volume Send TOTAL   :      1.19 GB        19 MB      12.8 MB      24.9 MB           21            12.5  37.5  37.5  12.5    23.9
Volume Send0: <= 64B:          128            2            2            2            0           100.0   0.0   0.0   0.0     0.0
Volume Send1: <= 4KB:     1.03e+03         16.1            9           30           21            50.0  37.5   0.0  12.5    46.2
Volume Send2: <= 2MB:     2.16e+03         33.8           18           54           21            12.5  37.5  37.5  12.5    37.5

Timestep 5       Time=5e-05       Next delT=1e-05       Wall Time=3.50337   EMA=0.612961    Memory Used=305.10 MBs (avg) 333.26 MBs (max on rank: 25    )
Runtime Summary  summary stats for time step 5 at time=5e-05
  Description       Units       Minimum           Rank   Average (64)      Std. Dev.         Maximum           Rank   100*(1-ave/max) '% load imbalance'
  TaskExec          [seconds] : 0.395631        : 16   : 0.444271        : 0.0321904       : 0.494955        : 11   : 10.2401
  TaskLocalComm     [seconds] : 0.0490916       : 48   : 0.0965868       : 0.0311783       : 0.182056        : 37   : 46.9467
  TaskWaitCommTime  [seconds] : 0.0378136       : 46   : 0.0890404       : 0.0366136       : 0.156217        : 48   : 43.002
  NumberOfTasks     [tasks  ] : 10              : 0    : 10              : 0               : 10              : 0    : 0
  NumberOfPatches   [patches] : 1               : 0    : 1               : 0               : 1               : 0    : 0
  NumberOfCells     [cells  ] : 32768           : 21   : 34328.1         : 922.08          : 35937           : 0    : 4.47693
  SCIMemoryUsed     [MBytes ] : 2.78991e+08     : 12   : 3.05103e+08     : 1.55443e+07     : 3.33259e+08     : 25   : 8.44864
  SCIMemoryMaxUsed  [MBytes ] : 2.78991e+08     : 12   : 3.05103e+08     : 1.55443e+07     : 3.33259e+08     : 25   : 8.44864
  MemoryUsed        [MBytes ] : 8.7756e+08      : 51   : 9.13819e+08     : 1.75301e+07     : 9.47761e+08     : 25   : 3.58129
  MemoryResident    [MBytes ] : 2.78991e+08     : 12   : 3.05103e+08     : 1.55443e+07     : 3.33259e+08     : 25   : 8.44864
  Percentage of time spent in overhead : 4.78425

________________________________________________________________________________
--------------------------------------------------------------------------------
MPIStats:+
--------------------------------------------------------------------------------
                Name:       Total:         Avg:         Min:         Max:    Max rank: Hist %% [  Q1 |  Q2 |  Q3 |  Q4 ]:  %%Load Imbalance
         Count: Recv:     2.81e+03         43.9           21           78           21            50.0   0.0  37.5  12.5    43.8
         Count: Redu:          512            8            8            8            0           100.0   0.0   0.0   0.0     0.0
         Count: Send:     2.81e+03         43.9           21           78           21            50.0   0.0  37.5  12.5    43.8
         Count: Test:          891         13.9           10           30           57            71.9   3.1  20.3   4.7    53.6
         Count: Wait:     4.98e+03         77.8           32          146           21            50.0   0.0  37.5  12.5    46.7
          Time: Recv:      12.2 ms      0.19 ms    0.0367 ms      1.12 ms           29            82.8   9.4   4.7   3.1    83.0
          Time: Redu:      5.58 s       87.2 ms     0.298 ms     0.156 s            15             6.2  32.8  42.2  18.8    44.1
          Time: Send:     0.124 s       1.94 ms      0.86 ms      3.31 ms           41            25.0  39.1  20.3  15.6    41.4
          Time: Test:       2.7 ms    0.0422 ms   6.1e+03 ns     0.204 ms           63            64.1  28.1   3.1   4.7    79.3
          Time: Wait:      4.33 s       67.7 ms      10.1 ms     0.146 s            48            37.5  20.3  21.9  20.3    53.6
Volume Recv TOTAL   :      1.19 GB        19 MB      12.8 MB      24.9 MB           21            12.5  37.5  37.5  12.5    23.9
Volume Recv0: <= 64B:           65         1.02            1            2            0            98.4   0.0   0.0   1.6    49.2
Volume Recv1: <= 4KB:          717         11.2            4           25           21            50.0  37.5   0.0  12.5    55.2
Volume Recv2: <= 2MB:     2.16e+03         33.8           18           54           21            12.5  37.5  37.5  12.5    37.5
Volume Send TOTAL   :      1.19 GB        19 MB      12.8 MB      24.9 MB           21            12.5  37.5  37.5  12.5    23.9
Volume Send0: <= 64B:          128            2            2            2            0           100.0   0.0   0.0   0.0     0.0
Volume Send1: <= 4KB:     1.03e+03         16.1            9           30           21            50.0  37.5   0.0  12.5    46.2
Volume Send2: <= 2MB:     2.16e+03         33.8           18           54           21            12.5  37.5  37.5  12.5    37.5

Timestep 6       Time=6e-05       Next delT=1e-05       Wall Time=4.08683   EMA=0.604532    Memory Used=305.08 MBs (avg) 333.26 MBs (max on rank: 25    )
Runtime Summary  summary stats for time step 6 at time=6e-05
  Description       Units       Minimum           Rank   Average (64)      Std. Dev.         Maximum           Rank   100*(1-ave/max) '% load imbalance'
  TaskExec          [seconds] : 0.391405        : 16   : 0.444561        : 0.0327529       : 0.493969        : 7    : 10.0023
  TaskLocalComm     [seconds] : 0.0506994       : 48   : 0.0970822       : 0.0314634       : 0.185177        : 37   : 47.5733
  TaskWaitCommTime  [seconds] : 0.037318        : 46   : 0.0898101       : 0.0371671       : 0.15726         : 48   : 42.8907
  NumberOfTasks     [tasks  ] : 10              : 0    : 10              : 0               : 10              : 0    : 0
  NumberOfPatches   [patches] : 1               : 0    : 1               : 0               : 1               : 0    : 0
  NumberOfCells     [cells  ] : 32768           : 21   : 34328.1         : 922.08          : 35937           : 0    : 4.47693
  SCIMemoryUsed     [MBytes ] : 2.78991e+08     : 12   : 3.05082e+08     : 1.55636e+07     : 3.33259e+08     : 25   : 8.45502
  SCIMemoryMaxUsed  [MBytes ] : 2.78991e+08     : 12   : 3.05082e+08     : 1.55636e+07     : 3.33259e+08     : 25   : 8.45502
  MemoryUsed        [MBytes ] : 8.7756e+08      : 51   : 9.1374e+08      : 1.75575e+07     : 9.47761e+08     : 25   : 3.5896
  MemoryResident    [MBytes ] : 2.78991e+08     : 12   : 3.05082e+08     : 1.55636e+07     : 3.33259e+08     : 25   : 8.45502
  Percentage of time spent in overhead : 3.98416

________________________________________________________________________________
--------------------------------------------------------------------------------
MPIStats:+
--------------------------------------------------------------------------------
                Name:       Total:         Avg:         Min:         Max:    Max rank: Hist %% [  Q1 |  Q2 |  Q3 |  Q4 ]:  %%Load Imbalance
         Count: Recv:     2.81e+03         43.9           21           78           21            50.0   0.0  37.5  12.5    43.8
         Count: Redu:          512            8            8            8            0           100.0   0.0   0.0   0.0     0.0
         Count: Send:     2.81e+03         43.9           21           78           21            50.0   0.0  37.5  12.5    43.8
         Count: Test:          904         14.1           10           30           54            71.9   3.1  17.2   7.8    52.9
         Count: Wait:     4.98e+03         77.8           32          146           21            50.0   0.0  37.5  12.5    46.7
          Time: Recv:      11.4 ms     0.178 ms    0.0346 ms     0.979 ms           44            79.7  14.1   4.7   1.6    81.8
          Time: Redu:      5.52 s       86.2 ms     0.313 ms     0.149 s            12             6.2  32.8  40.6  20.3    42.2
          Time: Send:     0.122 s       1.91 ms      1.04 ms      3.01 ms           36            25.0  31.2  32.8  10.9    36.6
          Time: Test:      3.15 ms    0.0492 ms  5.47e+03 ns     0.285 ms           13            84.4   6.2   4.7   4.7    82.7
          Time: Wait:      4.22 s         66 ms      9.48 ms     0.143 s            48            34.4  23.4  23.4  18.8    53.7
Volume Recv TOTAL   :      1.19 GB        19 MB      12.8 MB      24.9 MB           21            12.5  37.5  37.5  12.5    23.9
Volume Recv0: <= 64B:           65         1.02            1            2            0            98.4   0.0   0.0   1.6    49.2
Volume Recv1: <= 4KB:          717         11.2            4           25           21            50.0  37.5   0.0  12.5    55.2
Volume Recv2: <= 2MB:     2.16e+03         33.8           18           54           21            12.5  37.5  37.5  12.5    37.5
Volume Send TOTAL   :      1.19 GB        19 MB      12.8 MB      24.9 MB           21            12.5  37.5  37.5  12.5    23.9
Volume Send0: <= 64B:          128            2            2            2            0           100.0   0.0   0.0   0.0     0.0
Volume Send1: <= 4KB:     1.03e+03         16.1            9           30           21            50.0  37.5   0.0  12.5    46.2
Volume Send2: <= 2MB:     2.16e+03         33.8           18           54           21            12.5  37.5  37.5  12.5    37.5

Timestep 7       Time=7e-05       Next delT=1e-05       Wall Time=4.66783   EMA=0.598649    Memory Used=305.21 MBs (avg) 333.26 MBs (max on rank: 25    )
Runtime Summary  summary stats for time step 7 at time=7e-05
  Description       Units       Minimum           Rank   Average (64)      Std. Dev.         Maximum           Rank   100*(1-ave/max) '% load imbalance'
  TaskExec          [seconds] : 0.392697        : 16   : 0.443662        : 0.0320656       : 0.493736        : 11   : 10.142
  TaskLocalComm     [seconds] : 0.0501703       : 51   : 0.0969449       : 0.0310461       : 0.182696        : 37   : 46.9364
  TaskWaitCommTime  [seconds] : 0.0347595       : 46   : 0.0881691       : 0.0362988       : 0.153583        : 48   : 42.5917
  NumberOfTasks     [tasks  ] : 10              : 0    : 10              : 0               : 10              : 0    : 0
  NumberOfPatches   [patches] : 1               : 0    : 1               : 0               : 1               : 0    : 0
  NumberOfCells     [cells  ] : 32768           : 21   : 34328.1         : 922.08          : 35937           : 0    : 4.47693
  SCIMemoryUsed     [MBytes ] : 2.78991e+08     : 12   : 3.05212e+08     : 1.55579e+07     : 3.33259e+08     : 25   : 8.416
  SCIMemoryMaxUsed  [MBytes ] : 2.78991e+08     : 12   : 3.05212e+08     : 1.55579e+07     : 3.33259e+08     : 25   : 8.416
  MemoryUsed        [MBytes ] : 8.7756e+08      : 51   : 9.13824e+08     : 1.75484e+07     : 9.47761e+08     : 25   : 3.58081
  MemoryResident    [MBytes ] : 2.78991e+08     : 12   : 3.05212e+08     : 1.55579e+07     : 3.33259e+08     : 25   : 8.416
  Percentage of time spent in overhead : 3.41149

________________________________________________________________________________
--------------------------------------------------------------------------------
MPIStats:+
--------------------------------------------------------------------------------
                Name:       Total:         Avg:         Min:         Max:    Max rank: Hist %% [  Q1 |  Q2 |  Q3 |  Q4 ]:  %%Load Imbalance
         Count: Recv:     2.81e+03         43.9           21           78           21            50.0   0.0  37.5  12.5    43.8
         Count: Redu:          512            8            8            8            0           100.0   0.0   0.0   0.0     0.0
         Count: Send:     2.81e+03         43.9           21           78           21            50.0   0.0  37.5  12.5    43.8
         Count: Test:          890         13.9           10           30           57            71.9   3.1  20.3   4.7    53.6
         Count: Wait:     4.98e+03         77.8           32          146           21            50.0   0.0  37.5  12.5    46.7
          Time: Recv:      10.9 ms      0.17 ms    0.0345 ms     0.609 ms           28            67.2  12.5  12.5   7.8    72.1
          Time: Redu:      5.55 s       86.7 ms     0.331 ms     0.149 s            12             6.2  28.1  40.6  25.0    41.7
          Time: Send:     0.112 s       1.75 ms     0.426 ms      3.77 ms            0            23.4  48.4  20.3   7.8    53.6
          Time: Test:      3.23 ms    0.0504 ms   5.6e+03 ns     0.207 ms           57            59.4  29.7   6.2   4.7    75.6
          Time: Wait:      4.34 s       67.7 ms      9.59 ms     0.143 s            51            34.4  21.9  20.3  23.4    52.7
Volume Recv TOTAL   :      1.19 GB        19 MB      12.8 MB      24.9 MB           21            12.5  37.5  37.5  12.5    23.9
Volume Recv0: <= 64B:           65         1.02            1            2            0            98.4   0.0   0.0   1.6    49.2
Volume Recv1: <= 4KB:          717         11.2            4           25           21            50.0  37.5   0.0  12.5    55.2
Volume Recv2: <= 2MB:     2.16e+03         33.8           18           54           21            12.5  37.5  37.5  12.5    37.5
Volume Send TOTAL   :      1.19 GB        19 MB      12.8 MB      24.9 MB           21            12.5  37.5  37.5  12.5    23.9
Volume Send0: <= 64B:          128            2            2            2            0           100.0   0.0   0.0   0.0     0.0
Volume Send1: <= 4KB:     1.03e+03         16.1            9           30           21            50.0  37.5   0.0  12.5    46.2
Volume Send2: <= 2MB:     2.16e+03         33.8           18           54           21            12.5  37.5  37.5  12.5    37.5

Timestep 8       Time=8e-05       Next delT=1e-05       Wall Time=5.25134   EMA=0.595286    Memory Used=305.24 MBs (avg) 333.26 MBs (max on rank: 25    )
Runtime Summary  summary stats for time step 8 at time=8e-05
  Description       Units       Minimum           Rank   Average (64)      Std. Dev.         Maximum           Rank   100*(1-ave/max) '% load imbalance'
  TaskExec          [seconds] : 0.396209        : 16   : 0.444305        : 0.0321453       : 0.493322        : 14   : 9.93606
  TaskLocalComm     [seconds] : 0.0500385       : 51   : 0.0968572       : 0.0313102       : 0.182824        : 42   : 47.0215
  TaskWaitCommTime  [seconds] : 0.0376285       : 39   : 0.0899667       : 0.036667        : 0.15397         : 48   : 41.5688
  NumberOfTasks     [tasks  ] : 10              : 0    : 10              : 0               : 10              : 0    : 0
  NumberOfPatches   [patches] : 1               : 0    : 1               : 0               : 1               : 0    : 0
  NumberOfCells     [cells  ] : 32768           : 21   : 34328.1         : 922.08          : 35937           : 0    : 4.47693
  SCIMemoryUsed     [MBytes ] : 2.79294e+08     : 12   : 3.05237e+08     : 1.5552e+07      : 3.33259e+08     : 25   : 8.40852
  SCIMemoryMaxUsed  [MBytes ] : 2.79294e+08     : 12   : 3.05237e+08     : 1.5552e+07      : 3.33259e+08     : 25   : 8.40852
  MemoryUsed        [MBytes ] : 8.7756e+08      : 51   : 9.13824e+08     : 1.75484e+07     : 9.47761e+08     : 25   : 3.58081
  MemoryResident    [MBytes ] : 2.79294e+08     : 12   : 3.05237e+08     : 1.5552e+07      : 3.33259e+08     : 25   : 8.40852
  Percentage of time spent in overhead : 2.98074

________________________________________________________________________________
--------------------------------------------------------------------------------
MPIStats:+
--------------------------------------------------------------------------------
                Name:       Total:         Avg:         Min:         Max:    Max rank: Hist %% [  Q1 |  Q2 |  Q3 |  Q4 ]:  %%Load Imbalance
         Count: Recv:     2.81e+03         43.9           21           78           21            50.0   0.0  37.5  12.5    43.8
         Count: Redu:          512            8            8            8            0           100.0   0.0   0.0   0.0     0.0
         Count: Send:     2.81e+03         43.9           21           78           21            50.0   0.0  37.5  12.5    43.8
         Count: Test:          888         13.9           10           30           54            71.9   3.1  21.9   3.1    53.8
         Count: Wait:     4.98e+03         77.8           32          146           21            50.0   0.0  37.5  12.5    46.7
          Time: Recv:      11.2 ms     0.175 ms    0.0372 ms      1.34 ms           44            90.6   7.8   0.0   1.6    87.0
          Time: Redu:      5.53 s       86.4 ms     0.322 ms     0.148 s            15             6.2  31.2  35.9  26.6    41.5
          Time: Send:        98 ms      1.53 ms     0.503 ms      3.56 ms            4            37.5  42.2  15.6   4.7    57.0
          Time: Test:      2.86 ms    0.0446 ms  5.71e+03 ns     0.226 ms           14            67.2  25.0   0.0   7.8    80.2
          Time: Wait:      4.36 s       68.2 ms      9.67 ms     0.144 s            51            34.4  21.9  20.3  23.4    52.7
Volume Recv TOTAL   :      1.19 GB        19 MB      12.8 MB      24.9 MB           21            12.5  37.5  37.5  12.5    23.9
Volume Recv0: <= 64B:           65         1.02            1            2            0            98.4   0.0   0.0   1.6    49.2
Volume Recv1: <= 4KB:          717         11.2            4           25           21            50.0  37.5   0.0  12.5    55.2
Volume Recv2: <= 2MB:     2.16e+03         33.8           18           54           21            12.5  37.5  37.5  12.5    37.5
Volume Send TOTAL   :      1.19 GB        19 MB      12.8 MB      24.9 MB           21            12.5  37.5  37.5  12.5    23.9
Volume Send0: <= 64B:          128            2            2            2            0           100.0   0.0   0.0   0.0     0.0
Volume Send1: <= 4KB:     1.03e+03         16.1            9           30           21            50.0  37.5   0.0  12.5    46.2
Volume Send2: <= 2MB:     2.16e+03         33.8           18           54           21            12.5  37.5  37.5  12.5    37.5

Timestep 9       Time=9e-05       Next delT=1e-05       Wall Time=5.83486   EMA=0.592933    Memory Used=305.27 MBs (avg) 333.26 MBs (max on rank: 25    )
Runtime Summary  summary stats for time step 9 at time=9e-05
  Description       Units       Minimum           Rank   Average (64)      Std. Dev.         Maximum           Rank   100*(1-ave/max) '% load imbalance'
  TaskExec          [seconds] : 0.398211        : 16   : 0.444153        : 0.0321128       : 0.492157        : 11   : 9.75385
  TaskLocalComm     [seconds] : 0.049649        : 51   : 0.0963535       : 0.0311743       : 0.183949        : 42   : 47.6194
  TaskWaitCommTime  [seconds] : 0.0389518       : 46   : 0.0903523       : 0.0366035       : 0.153566        : 48   : 41.1638
  NumberOfTasks     [tasks  ] : 10              : 0    : 10              : 0               : 10              : 0    : 0
  NumberOfPatches   [patches] : 1               : 0    : 1               : 0               : 1               : 0    : 0
  NumberOfCells     [cells  ] : 32768           : 21   : 34328.1         : 922.08          : 35937           : 0    : 4.47693
  SCIMemoryUsed     [MBytes ] : 2.79294e+08     : 12   : 3.05271e+08     : 1.55327e+07     : 3.33259e+08     : 25   : 8.39817
  SCIMemoryMaxUsed  [MBytes ] : 2.79294e+08     : 12   : 3.05271e+08     : 1.55327e+07     : 3.33259e+08     : 25   : 8.39817
  MemoryUsed        [MBytes ] : 8.7756e+08      : 51   : 9.13824e+08     : 1.75484e+07     : 9.47761e+08     : 25   : 3.58081
  MemoryResident    [MBytes ] : 2.79294e+08     : 12   : 3.05271e+08     : 1.55327e+07     : 3.33259e+08     : 25   : 8.39817
  Percentage of time spent in overhead : 2.64442

________________________________________________________________________________
--------------------------------------------------------------------------------
MPIStats:+
--------------------------------------------------------------------------------
                Name:       Total:         Avg:         Min:         Max:    Max rank: Hist %% [  Q1 |  Q2 |  Q3 |  Q4 ]:  %%Load Imbalance
         Count: Recv:     2.81e+03         43.9           21           78           21            50.0   0.0  37.5  12.5    43.8
         Count: Redu:          512            8            8            8            0           100.0   0.0   0.0   0.0     0.0
         Count: Send:     2.81e+03         43.9           21           78           21            50.0   0.0  37.5  12.5    43.8
         Count: Test:          884         13.8           10           28           53            71.9   3.1  12.5  12.5    50.7
         Count: Wait:     4.98e+03         77.8           32          146           21            50.0   0.0  37.5  12.5    46.7
          Time: Recv:      13.2 ms     0.206 ms    0.0386 ms      1.97 ms           28            95.3   3.1   0.0   1.6    89.5
          Time: Redu:       5.5 s       85.9 ms     0.334 ms     0.147 s            12             6.2  26.6  42.2  25.0    41.5
          Time: Send:      95.9 ms       1.5 ms     0.436 ms      4.03 ms           41            48.4  42.2   6.2   3.1    62.8
          Time: Test:       2.9 ms    0.0454 ms  5.59e+03 ns     0.509 ms           60            95.3   3.1   0.0   1.6    91.1
          Time: Wait:      4.34 s       67.8 ms      10.3 ms     0.145 s            51            34.4  21.9  21.9  21.9    53.2
Volume Recv TOTAL   :      1.19 GB        19 MB      12.8 MB      24.9 MB           21            12.5  37.5  37.5  12.5    23.9
Volume Recv0: <= 64B:           65         1.02            1            2            0            98.4   0.0   0.0   1.6    49.2
Volume Recv1: <= 4KB:          717         11.2            4           25           21            50.0  37.5   0.0  12.5    55.2
Volume Recv2: <= 2MB:     2.16e+03         33.8           18           54           21            12.5  37.5  37.5  12.5    37.5
Volume Send TOTAL   :      1.19 GB        19 MB      12.8 MB      24.9 MB           21            12.5  37.5  37.5  12.5    23.9
Volume Send0: <= 64B:          128            2            2            2            0           100.0   0.0   0.0   0.0     0.0
Volume Send1: <= 4KB:     1.03e+03         16.1            9           30           21            50.0  37.5   0.0  12.5    46.2
Volume Send2: <= 2MB:     2.16e+03         33.8           18           54           21            12.5  37.5  37.5  12.5    37.5

Timestep 10      Time=0.0001      Next delT=1e-05       Wall Time=6.41757   EMA=0.591074    Memory Used=305.32 MBs (avg) 333.26 MBs (max on rank: 25    )
Runtime Summary  summary stats for time step 10 at time=0.0001
  Description       Units       Minimum           Rank   Average (64)      Std. Dev.         Maximum           Rank   100*(1-ave/max) '% load imbalance'
  TaskExec          [seconds] : 0.396132        : 16   : 0.443351        : 0.0320113       : 0.492362        : 11   : 9.95439
  TaskLocalComm     [seconds] : 0.0500978       : 51   : 0.0966597       : 0.0314609       : 0.182937        : 41   : 47.1622
  TaskWaitCommTime  [seconds] : 0.038191        : 46   : 0.0900842       : 0.0365734       : 0.154067        : 51   : 41.5292
  NumberOfTasks     [tasks  ] : 10              : 0    : 10              : 0               : 10              : 0    : 0
  NumberOfPatches   [patches] : 1               : 0    : 1               : 0               : 1               : 0    : 0
  NumberOfCells     [cells  ] : 32768           : 21   : 34328.1         : 922.08          : 35937           : 0    : 4.47693
  SCIMemoryUsed     [MBytes ] : 2.79294e+08     : 12   : 3.05317e+08     : 1.55224e+07     : 3.33259e+08     : 25   : 8.38438
  SCIMemoryMaxUsed  [MBytes ] : 2.79294e+08     : 12   : 3.05317e+08     : 1.55224e+07     : 3.33259e+08     : 25   : 8.38438
  MemoryUsed        [MBytes ] : 8.7756e+08      : 51   : 9.13824e+08     : 1.75484e+07     : 9.47761e+08     : 25   : 3.58081
  MemoryResident    [MBytes ] : 2.79294e+08     : 12   : 3.05317e+08     : 1.55224e+07     : 3.33259e+08     : 25   : 8.38438
  Percentage of time spent in overhead : 2.37401
Sus: going down successfully
