Parallel: 16 MPI processes (using MPI)
Parallel: MPI Level Required: 0, provided: 0
Date:       Thu Aug 25 12:42:47 2022
Machine:    notch201
git branch:wasatch-low-cost-integ-cmake
git date:   Sat Jul 30 10:34:22 2022 -0600
git hash:   9315f9f96fa6304db4fe79378b145f37ea40016d
Assertion level: 0
CFLAGS:          
CXXFLAGS:        
______________________________________________________________________
Application Component: 	'wasatch'

-------------------------------------------------------------
Wasatch was built against:
  SpatialOps HASH: bd7a2bac76e42e2cb528b02e2cf1291d05c71926
             DATE: Fri Nov 12 11:34:54 2021 -0700
     ExprLib HASH: d2950c77edb22e5f3669ddaaf2d2ed29ceb24d2c
             DATE: Thu Aug 5 12:26:26 2021 -0600
    TabProps HASH: eca0dc5f26b20d4f6b1cebe51b1ae97e11871e83
             DATE: Wed Aug 11 20:11:26 2021 -0600
-------------------------------------------------------------

Linear Solver: 		hypre
Load Balancer: 		Simple
Scheduler: 		MPI
Patch layout: 		(4,2,2)
Grid statistics:
Number of levels:		1
Level 0:
  Periodic boundaries:		[int 1, 1, 1]
  Number of patches:		16
  Total number of cells:	524288 (32768 avg. per patch)
Total patches in grid:		16
Total cells in grid:		524288 (32768 avg. per patch)

Using small, individual MPI messages (no message combining)
Detected solver: hypre
SETTING UP CONVECTIVE FLUX EXPRESSION IN X DIRECTION USING CENTRAL
SETTING UP CONVECTIVE FLUX EXPRESSION IN Y DIRECTION USING CENTRAL
SETTING UP CONVECTIVE FLUX EXPRESSION IN Z DIRECTION USING CENTRAL
Setting initial conditions for scalability test equation: scalability0
SETTING UP CONVECTIVE FLUX EXPRESSION IN X DIRECTION USING CENTRAL
SETTING UP CONVECTIVE FLUX EXPRESSION IN Y DIRECTION USING CENTRAL
SETTING UP CONVECTIVE FLUX EXPRESSION IN Z DIRECTION USING CENTRAL
Setting initial conditions for scalability test equation: scalability1
SETTING UP CONVECTIVE FLUX EXPRESSION IN X DIRECTION USING CENTRAL
SETTING UP CONVECTIVE FLUX EXPRESSION IN Y DIRECTION USING CENTRAL
SETTING UP CONVECTIVE FLUX EXPRESSION IN Z DIRECTION USING CENTRAL
Setting initial conditions for scalability test equation: scalability2
------------------------------------------------
No BoundaryConditions specified
  This message will only occur once

Compiling initialization taskgraph.
------------------------------------------------
SETTING INITIAL BOUNDARY CONDITIONS:
------------------------------------------------
Setting Initial BCs for transport equation 'scalability0'
Setting Initial BCs for transport equation 'scalability1'
Setting Initial BCs for transport equation 'scalability2'
------------------------------------------------
Wasatch: done creating initialization task(s)
Scheduling Task 'compute timestep' COMPUTES 'delT' in NEW data warehouse
Wasatch: done creating timestep task(s)
Done with taskgraph compile (0.00014518 seconds)
Warning: addContribution not implemented for LoadBalancerCommon.
WARNING at time step 0 and sim time 0 : lowering the next delT from 1 to the maximum: 1e-05

________________________________________________________________________________
--------------------------------------------------------------------------------
MPIStats:+
--------------------------------------------------------------------------------
                Name:       Total:         Avg:         Min:         Max:    Max rank: Hist %% [  Q1 |  Q2 |  Q3 |  Q4 ]:  %%Load Imbalance
         Count: Gath:           32            2            2            2            0           100.0   0.0   0.0   0.0     0.0
         Count: Redu:           16            1            1            1            0           100.0   0.0   0.0   0.0     0.0
          Time: Gath:      11.9 ms     0.746 ms      0.63 ms     0.877 ms            3            25.0  37.5  12.5  25.0    15.0
          Time: Redu:      13.4 ms     0.835 ms     0.765 ms     0.978 ms            7            43.8  31.2  18.8   6.2    14.6
Volume Recv TOTAL   :      10.1 KB        649 B        649 B        649 B            0           100.0   0.0   0.0   0.0     0.0
Volume Recv0: <= 64B:           16            1            1            1            0           100.0   0.0   0.0   0.0     0.0
Volume Recv1: <= 4KB:           32            2            2            2            0           100.0   0.0   0.0   0.0     0.0
Volume Send TOTAL   :      4.52 KB        289 B        289 B        289 B            0           100.0   0.0   0.0   0.0     0.0
Volume Send0: <= 64B:           32            2            2            2            0           100.0   0.0   0.0   0.0     0.0
Volume Send1: <= 4KB:           16            1            1            1            0           100.0   0.0   0.0   0.0     0.0


Simulation and run time stats are reported at the end of each time step
EMA == Wall time as an exponential moving average using a window of the last 10 time steps
Timestep 0       Time=0           Next delT=1e-05       Wall Time=0.087447  EMA=0.078424    Memory Used=169.18 MBs (avg) 169.85 MBs (max on rank: 9     )
Warning: finalizeContributions not implemented for LoadBalancerCommon.
Warning: resetCostForecaster not implemented for LoadBalancerCommon.
Compiling taskgraph(s)...
------------------------------------------------
SETTING BOUNDARY CONDITIONS:
------------------------------------------------
Setting BCs for transport equation 'scalability0'
Setting BCs for transport equation 'scalability1'
Setting BCs for transport equation 'scalability2'
------------------------------------------------
Wasatch: done creating solution task(s)
Wasatch: done creating post-processing task(s)
Scheduling Task 'compute timestep' COMPUTES 'delT' in NEW data warehouse
Wasatch: done creating timestep task(s)
Done with taskgraph compile (0.0141554 seconds)

________________________________________________________________________________
--------------------------------------------------------------------------------
MPIStats:+
--------------------------------------------------------------------------------
                Name:       Total:         Avg:         Min:         Max:    Max rank: Hist %% [  Q1 |  Q2 |  Q3 |  Q4 ]:  %%Load Imbalance
         Count: Recv:          176           11           11           11            0           100.0   0.0   0.0   0.0     0.0
         Count: Redu:          128            8            8            8            0           100.0   0.0   0.0   0.0     0.0
         Count: Send:          176           11           11           11            0           100.0   0.0   0.0   0.0     0.0
         Count: Test:          118         7.38            6           11           15            56.2  25.0  12.5   6.2    33.0
         Count: Wait:          256           16           16           16            0           100.0   0.0   0.0   0.0     0.0
          Time: Recv:     0.201 ms    0.0126 ms   3.8e+03 ns    0.0345 ms           13            68.8   6.2   0.0  25.0    63.6
          Time: Redu:      12.4 ms     0.778 ms     0.413 ms      1.15 ms            0            25.0  25.0  25.0  25.0    32.2
          Time: Send:      4.36 ms     0.272 ms     0.209 ms     0.317 ms           14             6.2  31.2  31.2  31.2    14.0
          Time: Test:     0.308 ms    0.0192 ms   3.5e+03 ns     0.183 ms           14            93.8   0.0   0.0   6.2    89.5
          Time: Wait:      19.4 ms      1.21 ms     0.107 ms      1.91 ms            1            31.2   0.0   6.2  62.5    36.5
Volume Recv TOTAL   :       2.4 MB       154 KB       153 KB       155 KB            0            93.8   0.0   0.0   6.2     1.2
Volume Recv0: <= 64B:           17         1.06            1            2            0            93.8   0.0   0.0   6.2    46.9
Volume Recv1: <= 4KB:          133         8.31            8           13            0            93.8   0.0   0.0   6.2    36.1
Volume Recv2: <= 2MB:           64            4            4            4            0           100.0   0.0   0.0   0.0     0.0
Volume Send TOTAL   :      2.43 MB       155 KB       155 KB       155 KB            0           100.0   0.0   0.0   0.0     0.0
Volume Send0: <= 64B:           32            2            2            2            0           100.0   0.0   0.0   0.0     0.0
Volume Send1: <= 4KB:          208           13           13           13            0           100.0   0.0   0.0   0.0     0.0
Volume Send2: <= 2MB:           64            4            4            4            0           100.0   0.0   0.0   0.0     0.0

Timestep 1       Time=1e-05       Next delT=1e-05       Wall Time=0.133621  EMA=0.0461451   Memory Used=174.72 MBs (avg) 175.29 MBs (max on rank: 13    )
Runtime Summary  summary stats for time step 1 at time=1e-05
  Description       Units       Minimum           Rank   Average (16)      Std. Dev.         Maximum           Rank   100*(1-ave/max) '% load imbalance'
  Compilation       [seconds] : 0.0120315       : 3    : 0.0123194       : 0.000493914     : 0.0141554       : 0    : 12.9702
  TaskExec          [seconds] : 0.0311591       : 0    : 0.0319137       : 0.000746834     : 0.0332441       : 8    : 4.00189
  TaskLocalComm     [seconds] : 0.000516521     : 0    : 0.000614633     : 5.36601e-05     : 0.000751841     : 14   : 18.2497
  TaskWaitCommTime  [seconds] : 0.000147821     : 0    : 0.00126296      : 0.000762255     : 0.00194949      : 1    : 35.2158
  NumberOfTasks     [tasks  ] : 6               : 0    : 6               : 0               : 6               : 0    : 0
  NumberOfPatches   [patches] : 1               : 0    : 1               : 0               : 1               : 0    : 0
  NumberOfCells     [cells  ] : 32768           : 0    : 32768           : 0               : 32768           : 0    : 0
  SCIMemoryUsed     [MBytes ] : 1.74182e+08     : 2    : 1.74725e+08     : 340315          : 1.75292e+08     : 13   : 0.323774
  SCIMemoryMaxUsed  [MBytes ] : 1.74182e+08     : 2    : 1.74725e+08     : 340315          : 1.75292e+08     : 13   : 0.323774
  MemoryUsed        [MBytes ] : 7.48302e+08     : 1    : 7.57444e+08     : 5.38815e+06     : 7.65497e+08     : 15   : 1.05199
  MemoryResident    [MBytes ] : 1.74182e+08     : 2    : 1.74725e+08     : 340315          : 1.75292e+08     : 13   : 0.323774
  Percentage of time spent in overhead : 26.717

________________________________________________________________________________
--------------------------------------------------------------------------------
MPIStats:+
--------------------------------------------------------------------------------
                Name:       Total:         Avg:         Min:         Max:    Max rank: Hist %% [  Q1 |  Q2 |  Q3 |  Q4 ]:  %%Load Imbalance
         Count: Recv:          176           11           11           11            0           100.0   0.0   0.0   0.0     0.0
         Count: Redu:          128            8            8            8            0           100.0   0.0   0.0   0.0     0.0
         Count: Send:          176           11           11           11            0           100.0   0.0   0.0   0.0     0.0
         Count: Test:          120          7.5            6           11           15            56.2  18.8  12.5  12.5    31.8
         Count: Wait:          256           16           16           16            0           100.0   0.0   0.0   0.0     0.0
          Time: Recv:     0.101 ms  6.33e+03 ns  2.17e+03 ns    0.0167 ms            7            56.2  12.5  25.0   6.2    62.1
          Time: Redu:      16.2 ms      1.02 ms      0.15 ms      1.56 ms           13            25.0   0.0  31.2  43.8    35.1
          Time: Send:     0.879 ms    0.0549 ms    0.0281 ms     0.119 ms            3            68.8   6.2  12.5  12.5    54.0
          Time: Test:    0.0637 ms  3.98e+03 ns       850 ns  7.28e+03 ns            5            25.0  12.5  37.5  25.0    45.3
          Time: Wait:      1.06 ms    0.0664 ms    0.0486 ms     0.109 ms            4            56.2  37.5   0.0   6.2    39.2
Volume Recv TOTAL   :       2.4 MB       154 KB       153 KB       155 KB            0            93.8   0.0   0.0   6.2     1.2
Volume Recv0: <= 64B:           17         1.06            1            2            0            93.8   0.0   0.0   6.2    46.9
Volume Recv1: <= 4KB:          133         8.31            8           13            0            93.8   0.0   0.0   6.2    36.1
Volume Recv2: <= 2MB:           64            4            4            4            0           100.0   0.0   0.0   0.0     0.0
Volume Send TOTAL   :      2.43 MB       155 KB       155 KB       155 KB            0           100.0   0.0   0.0   0.0     0.0
Volume Send0: <= 64B:           32            2            2            2            0           100.0   0.0   0.0   0.0     0.0
Volume Send1: <= 4KB:          208           13           13           13            0           100.0   0.0   0.0   0.0     0.0
Volume Send2: <= 2MB:           64            4            4            4            0           100.0   0.0   0.0   0.0     0.0

Timestep 2       Time=2e-05       Next delT=1e-05       Wall Time=0.138056  EMA=0.0183387   Memory Used=175.36 MBs (avg) 175.94 MBs (max on rank: 13    )
Runtime Summary  summary stats for time step 2 at time=2e-05
  Description       Units       Minimum           Rank   Average (16)      Std. Dev.         Maximum           Rank   100*(1-ave/max) '% load imbalance'
  TaskExec          [seconds] : 0.00372537      : 0    : 0.00394733      : 8.29131e-05     : 0.00403998      : 8    : 2.29335
  TaskLocalComm     [seconds] : 0.000286741     : 1    : 0.000374148     : 6.47171e-05     : 0.000507311     : 2    : 26.2488
  TaskWaitCommTime  [seconds] : 8.218e-05       : 13   : 0.000106605     : 1.39797e-05     : 0.00014209      : 4    : 24.9735
  NumberOfTasks     [tasks  ] : 6               : 0    : 6               : 0               : 6               : 0    : 0
  NumberOfPatches   [patches] : 1               : 0    : 1               : 0               : 1               : 0    : 0
  NumberOfCells     [cells  ] : 32768           : 0    : 32768           : 0               : 32768           : 0    : 0
  SCIMemoryUsed     [MBytes ] : 1.74772e+08     : 2    : 1.75362e+08     : 333103          : 1.75944e+08     : 13   : 0.330579
  SCIMemoryMaxUsed  [MBytes ] : 1.74772e+08     : 2    : 1.75362e+08     : 333103          : 1.75944e+08     : 13   : 0.330579
  MemoryUsed        [MBytes ] : 7.48646e+08     : 1    : 7.58314e+08     : 4.83524e+06     : 7.65833e+08     : 10   : 0.981803
  MemoryResident    [MBytes ] : 1.74772e+08     : 2    : 1.75362e+08     : 333103          : 1.75944e+08     : 13   : 0.330579
  Percentage of time spent in overhead : 13.3584

________________________________________________________________________________
--------------------------------------------------------------------------------
MPIStats:+
--------------------------------------------------------------------------------
                Name:       Total:         Avg:         Min:         Max:    Max rank: Hist %% [  Q1 |  Q2 |  Q3 |  Q4 ]:  %%Load Imbalance
         Count: Recv:          176           11           11           11            0           100.0   0.0   0.0   0.0     0.0
         Count: Redu:          128            8            8            8            0           100.0   0.0   0.0   0.0     0.0
         Count: Send:          176           11           11           11            0           100.0   0.0   0.0   0.0     0.0
         Count: Test:          123         7.69            6           11           15            56.2  12.5   6.2  25.0    30.1
         Count: Wait:          256           16           16           16            0           100.0   0.0   0.0   0.0     0.0
          Time: Recv:    0.0742 ms  4.64e+03 ns   1.6e+03 ns    0.0122 ms           14            62.5  18.8   6.2  12.5    62.0
          Time: Redu:      16.6 ms      1.04 ms     0.149 ms      1.49 ms           13            25.0   0.0   0.0  75.0    30.4
          Time: Send:     0.747 ms    0.0467 ms      0.02 ms     0.126 ms           10            68.8  18.8   0.0  12.5    62.8
          Time: Test:    0.0719 ms  4.49e+03 ns       870 ns     0.012 ms            6            50.0  31.2   6.2  12.5    62.6
          Time: Wait:     0.975 ms    0.0609 ms    0.0454 ms    0.0748 ms            6            18.8  25.0  37.5  18.8    18.5
Volume Recv TOTAL   :       2.4 MB       154 KB       153 KB       155 KB            0            93.8   0.0   0.0   6.2     1.2
Volume Recv0: <= 64B:           17         1.06            1            2            0            93.8   0.0   0.0   6.2    46.9
Volume Recv1: <= 4KB:          133         8.31            8           13            0            93.8   0.0   0.0   6.2    36.1
Volume Recv2: <= 2MB:           64            4            4            4            0           100.0   0.0   0.0   0.0     0.0
Volume Send TOTAL   :      2.43 MB       155 KB       155 KB       155 KB            0           100.0   0.0   0.0   0.0     0.0
Volume Send0: <= 64B:           32            2            2            2            0           100.0   0.0   0.0   0.0     0.0
Volume Send1: <= 4KB:          208           13           13           13            0           100.0   0.0   0.0   0.0     0.0
Volume Send2: <= 2MB:           64            4            4            4            0           100.0   0.0   0.0   0.0     0.0

Timestep 3       Time=3e-05       Next delT=1e-05       Wall Time=0.142489  EMA=0.0113855   Memory Used=176.44 MBs (avg) 177.06 MBs (max on rank: 13    )
Runtime Summary  summary stats for time step 3 at time=3e-05
  Description       Units       Minimum           Rank   Average (16)      Std. Dev.         Maximum           Rank   100*(1-ave/max) '% load imbalance'
  TaskExec          [seconds] : 0.00378388      : 0    : 0.00384362      : 3.75046e-05     : 0.00390088      : 12   : 1.46787
  TaskLocalComm     [seconds] : 0.000271971     : 0    : 0.00035481      : 6.0897e-05      : 0.000500542     : 10   : 29.1148
  TaskWaitCommTime  [seconds] : 7.591e-05       : 13   : 0.000102958     : 1.72185e-05     : 0.000132401     : 6    : 22.2379
  NumberOfTasks     [tasks  ] : 6               : 0    : 6               : 0               : 6               : 0    : 0
  NumberOfPatches   [patches] : 1               : 0    : 1               : 0               : 1               : 0    : 0
  NumberOfCells     [cells  ] : 32768           : 0    : 32768           : 0               : 32768           : 0    : 0
  SCIMemoryUsed     [MBytes ] : 1.75882e+08     : 2    : 1.7644e+08      : 331949          : 1.77058e+08     : 13   : 0.34903
  SCIMemoryMaxUsed  [MBytes ] : 1.75882e+08     : 2    : 1.7644e+08      : 331949          : 1.77058e+08     : 13   : 0.34903
  MemoryUsed        [MBytes ] : 7.49588e+08     : 1    : 7.59258e+08     : 4.83578e+06     : 7.66779e+08     : 10   : 0.980892
  MemoryResident    [MBytes ] : 1.75882e+08     : 2    : 1.7644e+08      : 331949          : 1.77058e+08     : 13   : 0.34903
  Percentage of time spent in overhead : 8.90499

________________________________________________________________________________
--------------------------------------------------------------------------------
MPIStats:+
--------------------------------------------------------------------------------
                Name:       Total:         Avg:         Min:         Max:    Max rank: Hist %% [  Q1 |  Q2 |  Q3 |  Q4 ]:  %%Load Imbalance
         Count: Recv:          176           11           11           11            0           100.0   0.0   0.0   0.0     0.0
         Count: Redu:          128            8            8            8            0           100.0   0.0   0.0   0.0     0.0
         Count: Send:          176           11           11           11            0           100.0   0.0   0.0   0.0     0.0
         Count: Test:          123         7.69            6           12           15            56.2  12.5  25.0   6.2    35.9
         Count: Wait:          256           16           16           16            0           100.0   0.0   0.0   0.0     0.0
          Time: Recv:    0.0805 ms  5.03e+03 ns  1.61e+03 ns    0.0148 ms           15            62.5  18.8  12.5   6.2    66.0
          Time: Redu:      16.9 ms      1.06 ms     0.156 ms      1.61 ms           13            25.0   0.0  37.5  37.5    34.5
          Time: Send:       0.8 ms      0.05 ms    0.0189 ms     0.101 ms           11            50.0  12.5  18.8  18.8    50.3
          Time: Test:    0.0703 ms   4.4e+03 ns       850 ns   8.9e+03 ns           15            31.2  31.2  12.5  25.0    50.6
          Time: Wait:     0.888 ms    0.0555 ms    0.0394 ms    0.0774 ms            2            25.0  37.5  25.0  12.5    28.3
Volume Recv TOTAL   :       2.4 MB       154 KB       153 KB       155 KB            0            93.8   0.0   0.0   6.2     1.2
Volume Recv0: <= 64B:           17         1.06            1            2            0            93.8   0.0   0.0   6.2    46.9
Volume Recv1: <= 4KB:          133         8.31            8           13            0            93.8   0.0   0.0   6.2    36.1
Volume Recv2: <= 2MB:           64            4            4            4            0           100.0   0.0   0.0   0.0     0.0
Volume Send TOTAL   :      2.43 MB       155 KB       155 KB       155 KB            0           100.0   0.0   0.0   0.0     0.0
Volume Send0: <= 64B:           32            2            2            2            0           100.0   0.0   0.0   0.0     0.0
Volume Send1: <= 4KB:          208           13           13           13            0           100.0   0.0   0.0   0.0     0.0
Volume Send2: <= 2MB:           64            4            4            4            0           100.0   0.0   0.0   0.0     0.0

Timestep 4       Time=4e-05       Next delT=1e-05       Wall Time=0.146547  EMA=0.00845455  Memory Used=175.93 MBs (avg) 176.52 MBs (max on rank: 13    )
Runtime Summary  summary stats for time step 4 at time=4e-05
  Description       Units       Minimum           Rank   Average (16)      Std. Dev.         Maximum           Rank   100*(1-ave/max) '% load imbalance'
  TaskExec          [seconds] : 0.00341484      : 0    : 0.00348552      : 3.36775e-05     : 0.00353486      : 12   : 1.39591
  TaskLocalComm     [seconds] : 0.000268661     : 0    : 0.000352387     : 6.39749e-05     : 0.000439361     : 10   : 19.7955
  TaskWaitCommTime  [seconds] : 7.051e-05       : 13   : 9.27253e-05     : 1.55214e-05     : 0.000120881     : 2    : 23.2921
  NumberOfTasks     [tasks  ] : 6               : 0    : 6               : 0               : 6               : 0    : 0
  NumberOfPatches   [patches] : 1               : 0    : 1               : 0               : 1               : 0    : 0
  NumberOfCells     [cells  ] : 32768           : 0    : 32768           : 0               : 32768           : 0    : 0
  SCIMemoryUsed     [MBytes ] : 1.75374e+08     : 2    : 1.75928e+08     : 323048          : 1.76521e+08     : 13   : 0.335878
  SCIMemoryMaxUsed  [MBytes ] : 1.75374e+08     : 2    : 1.75928e+08     : 323048          : 1.76521e+08     : 13   : 0.335878
  MemoryUsed        [MBytes ] : 7.48962e+08     : 1    : 7.58629e+08     : 4.8356e+06      : 7.66149e+08     : 10   : 0.981466
  MemoryResident    [MBytes ] : 1.75374e+08     : 2    : 1.75928e+08     : 323048          : 1.76521e+08     : 13   : 0.335878
  Percentage of time spent in overhead : 6.67738

________________________________________________________________________________
--------------------------------------------------------------------------------
MPIStats:+
--------------------------------------------------------------------------------
                Name:       Total:         Avg:         Min:         Max:    Max rank: Hist %% [  Q1 |  Q2 |  Q3 |  Q4 ]:  %%Load Imbalance
         Count: Recv:          176           11           11           11            0           100.0   0.0   0.0   0.0     0.0
         Count: Redu:          128            8            8            8            0           100.0   0.0   0.0   0.0     0.0
         Count: Send:          176           11           11           11            0           100.0   0.0   0.0   0.0     0.0
         Count: Test:          122         7.62            6           11           15            56.2  12.5  12.5  18.8    30.7
         Count: Wait:          256           16           16           16            0           100.0   0.0   0.0   0.0     0.0
          Time: Recv:    0.0776 ms  4.85e+03 ns  1.49e+03 ns    0.0112 ms           14            56.2  12.5  18.8  12.5    56.7
          Time: Redu:      15.5 ms     0.969 ms     0.142 ms      1.45 ms            4            25.0   0.0  31.2  43.8    33.3
          Time: Send:     0.628 ms    0.0392 ms    0.0193 ms     0.133 ms            3            87.5   0.0   6.2   6.2    70.6
          Time: Test:    0.0642 ms  4.01e+03 ns       870 ns  9.53e+03 ns           11            31.2  43.8   6.2  18.8    57.9
          Time: Wait:     0.861 ms    0.0538 ms    0.0371 ms    0.0697 ms            2            25.0  25.0  25.0  25.0    22.8
Volume Recv TOTAL   :       2.4 MB       154 KB       153 KB       155 KB            0            93.8   0.0   0.0   6.2     1.2
Volume Recv0: <= 64B:           17         1.06            1            2            0            93.8   0.0   0.0   6.2    46.9
Volume Recv1: <= 4KB:          133         8.31            8           13            0            93.8   0.0   0.0   6.2    36.1
Volume Recv2: <= 2MB:           64            4            4            4            0           100.0   0.0   0.0   0.0     0.0
Volume Send TOTAL   :      2.43 MB       155 KB       155 KB       155 KB            0           100.0   0.0   0.0   0.0     0.0
Volume Send0: <= 64B:           32            2            2            2            0           100.0   0.0   0.0   0.0     0.0
Volume Send1: <= 4KB:          208           13           13           13            0           100.0   0.0   0.0   0.0     0.0
Volume Send2: <= 2MB:           64            4            4            4            0           100.0   0.0   0.0   0.0     0.0

Timestep 5       Time=5e-05       Next delT=1e-05       Wall Time=0.150617  EMA=0.00699282  Memory Used=176.68 MBs (avg) 177.25 MBs (max on rank: 13    )
Runtime Summary  summary stats for time step 5 at time=5e-05
  Description       Units       Minimum           Rank   Average (16)      Std. Dev.         Maximum           Rank   100*(1-ave/max) '% load imbalance'
  TaskExec          [seconds] : 0.00343464      : 0    : 0.00349278      : 3.46217e-05     : 0.0035467       : 12   : 1.52032
  TaskLocalComm     [seconds] : 0.00027283      : 1    : 0.000337951     : 5.18416e-05     : 0.000450421     : 3    : 24.9699
  TaskWaitCommTime  [seconds] : 6.8401e-05      : 13   : 9.15634e-05     : 1.54766e-05     : 0.0001147       : 2    : 20.1714
  NumberOfTasks     [tasks  ] : 6               : 0    : 6               : 0               : 6               : 0    : 0
  NumberOfPatches   [patches] : 1               : 0    : 1               : 0               : 1               : 0    : 0
  NumberOfCells     [cells  ] : 32768           : 0    : 32768           : 0               : 32768           : 0    : 0
  SCIMemoryUsed     [MBytes ] : 1.76091e+08     : 2    : 1.76681e+08     : 322356          : 1.7725e+08      : 13   : 0.321209
  SCIMemoryMaxUsed  [MBytes ] : 1.76091e+08     : 2    : 1.76681e+08     : 322356          : 1.7725e+08      : 13   : 0.321209
  MemoryUsed        [MBytes ] : 7.49588e+08     : 1    : 7.59258e+08     : 4.83578e+06     : 7.66779e+08     : 10   : 0.980892
  MemoryResident    [MBytes ] : 1.76091e+08     : 2    : 1.76681e+08     : 322356          : 1.7725e+08      : 13   : 0.321209
  Percentage of time spent in overhead : 5.33973

________________________________________________________________________________
--------------------------------------------------------------------------------
MPIStats:+
--------------------------------------------------------------------------------
                Name:       Total:         Avg:         Min:         Max:    Max rank: Hist %% [  Q1 |  Q2 |  Q3 |  Q4 ]:  %%Load Imbalance
         Count: Recv:          176           11           11           11            0           100.0   0.0   0.0   0.0     0.0
         Count: Redu:          128            8            8            8            0           100.0   0.0   0.0   0.0     0.0
         Count: Send:          176           11           11           11            0           100.0   0.0   0.0   0.0     0.0
         Count: Test:          121         7.56            6           11           15            56.2  18.8   6.2  18.8    31.2
         Count: Wait:          256           16           16           16            0           100.0   0.0   0.0   0.0     0.0
          Time: Recv:    0.0814 ms  5.09e+03 ns  1.45e+03 ns    0.0142 ms           15            62.5  12.5  18.8   6.2    64.2
          Time: Redu:      15.6 ms     0.973 ms      0.16 ms      1.51 ms           12            25.0   0.0  25.0  50.0    35.5
          Time: Send:     0.534 ms    0.0334 ms    0.0195 ms    0.0949 ms            6            81.2  12.5   0.0   6.2    64.8
          Time: Test:    0.0665 ms  4.15e+03 ns       900 ns  9.02e+03 ns            5            31.2  37.5  18.8  12.5    53.9
          Time: Wait:     0.866 ms    0.0541 ms    0.0409 ms    0.0673 ms           11            37.5   6.2  31.2  25.0    19.5
Volume Recv TOTAL   :       2.4 MB       154 KB       153 KB       155 KB            0            93.8   0.0   0.0   6.2     1.2
Volume Recv0: <= 64B:           17         1.06            1            2            0            93.8   0.0   0.0   6.2    46.9
Volume Recv1: <= 4KB:          133         8.31            8           13            0            93.8   0.0   0.0   6.2    36.1
Volume Recv2: <= 2MB:           64            4            4            4            0           100.0   0.0   0.0   0.0     0.0
Volume Send TOTAL   :      2.43 MB       155 KB       155 KB       155 KB            0           100.0   0.0   0.0   0.0     0.0
Volume Send0: <= 64B:           32            2            2            2            0           100.0   0.0   0.0   0.0     0.0
Volume Send1: <= 4KB:          208           13           13           13            0           100.0   0.0   0.0   0.0     0.0
Volume Send2: <= 2MB:           64            4            4            4            0           100.0   0.0   0.0   0.0     0.0

Timestep 6       Time=6e-05       Next delT=1e-05       Wall Time=0.154598  EMA=0.00613228  Memory Used=176.14 MBs (avg) 176.72 MBs (max on rank: 13    )
Runtime Summary  summary stats for time step 6 at time=6e-05
  Description       Units       Minimum           Rank   Average (16)      Std. Dev.         Maximum           Rank   100*(1-ave/max) '% load imbalance'
  TaskExec          [seconds] : 0.00334209      : 0    : 0.00339466      : 3.17891e-05     : 0.00344996      : 8    : 1.60298
  TaskLocalComm     [seconds] : 0.000267611     : 8    : 0.000327591     : 4.80505e-05     : 0.000441202     : 6    : 25.7503
  TaskWaitCommTime  [seconds] : 7.263e-05       : 12   : 9.27036e-05     : 1.4862e-05      : 0.000112051     : 11   : 17.2666
  NumberOfTasks     [tasks  ] : 6               : 0    : 6               : 0               : 6               : 0    : 0
  NumberOfPatches   [patches] : 1               : 0    : 1               : 0               : 1               : 0    : 0
  NumberOfCells     [cells  ] : 32768           : 0    : 32768           : 0               : 32768           : 0    : 0
  SCIMemoryUsed     [MBytes ] : 1.75559e+08     : 2    : 1.76138e+08     : 324221          : 1.76722e+08     : 13   : 0.330282
  SCIMemoryMaxUsed  [MBytes ] : 1.75559e+08     : 2    : 1.76138e+08     : 324221          : 1.76722e+08     : 13   : 0.330282
  MemoryUsed        [MBytes ] : 7.48962e+08     : 1    : 7.58629e+08     : 4.8356e+06      : 7.66149e+08     : 10   : 0.981466
  MemoryResident    [MBytes ] : 1.75559e+08     : 2    : 1.76138e+08     : 324221          : 1.76722e+08     : 13   : 0.330282
  Percentage of time spent in overhead : 4.44675

________________________________________________________________________________
--------------------------------------------------------------------------------
MPIStats:+
--------------------------------------------------------------------------------
                Name:       Total:         Avg:         Min:         Max:    Max rank: Hist %% [  Q1 |  Q2 |  Q3 |  Q4 ]:  %%Load Imbalance
         Count: Recv:          176           11           11           11            0           100.0   0.0   0.0   0.0     0.0
         Count: Redu:          128            8            8            8            0           100.0   0.0   0.0   0.0     0.0
         Count: Send:          176           11           11           11            0           100.0   0.0   0.0   0.0     0.0
         Count: Test:          122         7.62            6           11           15            56.2  12.5  12.5  18.8    30.7
         Count: Wait:          256           16           16           16            0           100.0   0.0   0.0   0.0     0.0
          Time: Recv:    0.0708 ms  4.43e+03 ns   1.5e+03 ns     0.011 ms           14            56.2  18.8  12.5  12.5    59.6
          Time: Redu:      15.4 ms     0.962 ms     0.159 ms      1.42 ms            1            25.0   0.0  25.0  50.0    32.1
          Time: Send:     0.648 ms    0.0405 ms    0.0177 ms    0.0925 ms            7            68.8  12.5   6.2  12.5    56.3
          Time: Test:    0.0754 ms  4.71e+03 ns       870 ns    0.0117 ms            2            50.0  25.0   6.2  18.8    59.9
          Time: Wait:     0.843 ms    0.0527 ms    0.0382 ms    0.0683 ms            2            25.0  18.8  37.5  18.8    22.9
Volume Recv TOTAL   :       2.4 MB       154 KB       153 KB       155 KB            0            93.8   0.0   0.0   6.2     1.2
Volume Recv0: <= 64B:           17         1.06            1            2            0            93.8   0.0   0.0   6.2    46.9
Volume Recv1: <= 4KB:          133         8.31            8           13            0            93.8   0.0   0.0   6.2    36.1
Volume Recv2: <= 2MB:           64            4            4            4            0           100.0   0.0   0.0   0.0     0.0
Volume Send TOTAL   :      2.43 MB       155 KB       155 KB       155 KB            0           100.0   0.0   0.0   0.0     0.0
Volume Send0: <= 64B:           32            2            2            2            0           100.0   0.0   0.0   0.0     0.0
Volume Send1: <= 4KB:          208           13           13           13            0           100.0   0.0   0.0   0.0     0.0
Volume Send2: <= 2MB:           64            4            4            4            0           100.0   0.0   0.0   0.0     0.0

Timestep 7       Time=7e-05       Next delT=1e-05       Wall Time=0.158625  EMA=0.00560606  Memory Used=176.85 MBs (avg) 177.42 MBs (max on rank: 13    )
Runtime Summary  summary stats for time step 7 at time=7e-05
  Description       Units       Minimum           Rank   Average (16)      Std. Dev.         Maximum           Rank   100*(1-ave/max) '% load imbalance'
  TaskExec          [seconds] : 0.00338963      : 0    : 0.00345565      : 3.4878e-05      : 0.00350767      : 12   : 1.48299
  TaskLocalComm     [seconds] : 0.000265851     : 12   : 0.000337222     : 5.09239e-05     : 0.000437891     : 10   : 22.9896
  TaskWaitCommTime  [seconds] : 6.882e-05       : 12   : 9.01988e-05     : 1.40223e-05     : 0.00011213      : 2    : 19.5587
  NumberOfTasks     [tasks  ] : 6               : 0    : 6               : 0               : 6               : 0    : 0
  NumberOfPatches   [patches] : 1               : 0    : 1               : 0               : 1               : 0    : 0
  NumberOfCells     [cells  ] : 32768           : 0    : 32768           : 0               : 32768           : 0    : 0
  SCIMemoryUsed     [MBytes ] : 1.76284e+08     : 2    : 1.76846e+08     : 315652          : 1.77418e+08     : 13   : 0.322348
  SCIMemoryMaxUsed  [MBytes ] : 1.76284e+08     : 2    : 1.76846e+08     : 315652          : 1.77418e+08     : 13   : 0.322348
  MemoryUsed        [MBytes ] : 7.49588e+08     : 1    : 7.59258e+08     : 4.83578e+06     : 7.66779e+08     : 10   : 0.980892
  MemoryResident    [MBytes ] : 1.76284e+08     : 2    : 1.76846e+08     : 315652          : 1.77418e+08     : 13   : 0.322348
  Percentage of time spent in overhead : 3.80759

________________________________________________________________________________
--------------------------------------------------------------------------------
MPIStats:+
--------------------------------------------------------------------------------
                Name:       Total:         Avg:         Min:         Max:    Max rank: Hist %% [  Q1 |  Q2 |  Q3 |  Q4 ]:  %%Load Imbalance
         Count: Recv:          176           11           11           11            0           100.0   0.0   0.0   0.0     0.0
         Count: Redu:          128            8            8            8            0           100.0   0.0   0.0   0.0     0.0
         Count: Send:          176           11           11           11            0           100.0   0.0   0.0   0.0     0.0
         Count: Test:          122         7.62            6           11           15            56.2  12.5  12.5  18.8    30.7
         Count: Wait:          256           16           16           16            0           100.0   0.0   0.0   0.0     0.0
          Time: Recv:    0.0703 ms  4.39e+03 ns  1.58e+03 ns    0.0105 ms           14            56.2  18.8  12.5  12.5    58.1
          Time: Redu:      15.5 ms     0.969 ms     0.147 ms      1.49 ms            4            25.0   0.0  25.0  50.0    34.9
          Time: Send:     0.527 ms    0.0329 ms    0.0174 ms    0.0893 ms            6            87.5   0.0   6.2   6.2    63.1
          Time: Test:     0.074 ms  4.63e+03 ns       870 ns    0.0104 ms           10            37.5  25.0  25.0  12.5    55.6
          Time: Wait:     0.839 ms    0.0524 ms    0.0385 ms    0.0664 ms            2            31.2  18.8  31.2  18.8    21.1
Volume Recv TOTAL   :       2.4 MB       154 KB       153 KB       155 KB            0            93.8   0.0   0.0   6.2     1.2
Volume Recv0: <= 64B:           17         1.06            1            2            0            93.8   0.0   0.0   6.2    46.9
Volume Recv1: <= 4KB:          133         8.31            8           13            0            93.8   0.0   0.0   6.2    36.1
Volume Recv2: <= 2MB:           64            4            4            4            0           100.0   0.0   0.0   0.0     0.0
Volume Send TOTAL   :      2.43 MB       155 KB       155 KB       155 KB            0           100.0   0.0   0.0   0.0     0.0
Volume Send0: <= 64B:           32            2            2            2            0           100.0   0.0   0.0   0.0     0.0
Volume Send1: <= 4KB:          208           13           13           13            0           100.0   0.0   0.0   0.0     0.0
Volume Send2: <= 2MB:           64            4            4            4            0           100.0   0.0   0.0   0.0     0.0

Timestep 8       Time=8e-05       Next delT=1e-05       Wall Time=0.162582  EMA=0.00523947  Memory Used=176.30 MBs (avg) 176.88 MBs (max on rank: 13    )
Runtime Summary  summary stats for time step 8 at time=8e-05
  Description       Units       Minimum           Rank   Average (16)      Std. Dev.         Maximum           Rank   100*(1-ave/max) '% load imbalance'
  TaskExec          [seconds] : 0.00332297      : 0    : 0.00338557      : 3.12099e-05     : 0.00343702      : 8    : 1.49704
  TaskLocalComm     [seconds] : 0.000267531     : 4    : 0.000327741     : 4.77824e-05     : 0.000435771     : 6    : 24.7906
  TaskWaitCommTime  [seconds] : 7.0131e-05      : 13   : 8.96791e-05     : 1.36614e-05     : 0.0001122       : 2    : 20.0721
  NumberOfTasks     [tasks  ] : 6               : 0    : 6               : 0               : 6               : 0    : 0
  NumberOfPatches   [patches] : 1               : 0    : 1               : 0               : 1               : 0    : 0
  NumberOfCells     [cells  ] : 32768           : 0    : 32768           : 0               : 32768           : 0    : 0
  SCIMemoryUsed     [MBytes ] : 1.75759e+08     : 2    : 1.76301e+08     : 316441          : 1.76878e+08     : 13   : 0.326228
  SCIMemoryMaxUsed  [MBytes ] : 1.75759e+08     : 2    : 1.76301e+08     : 316441          : 1.76878e+08     : 13   : 0.326228
  MemoryUsed        [MBytes ] : 7.48962e+08     : 1    : 7.58629e+08     : 4.8356e+06      : 7.66149e+08     : 10   : 0.981466
  MemoryResident    [MBytes ] : 1.75759e+08     : 2    : 1.76301e+08     : 316441          : 1.76878e+08     : 13   : 0.326228
  Percentage of time spent in overhead : 3.32683

________________________________________________________________________________
--------------------------------------------------------------------------------
MPIStats:+
--------------------------------------------------------------------------------
                Name:       Total:         Avg:         Min:         Max:    Max rank: Hist %% [  Q1 |  Q2 |  Q3 |  Q4 ]:  %%Load Imbalance
         Count: Recv:          176           11           11           11            0           100.0   0.0   0.0   0.0     0.0
         Count: Redu:          128            8            8            8            0           100.0   0.0   0.0   0.0     0.0
         Count: Send:          176           11           11           11            0           100.0   0.0   0.0   0.0     0.0
         Count: Test:          123         7.69            6           11           15            56.2  12.5   6.2  25.0    30.1
         Count: Wait:          256           16           16           16            0           100.0   0.0   0.0   0.0     0.0
          Time: Recv:    0.0671 ms  4.19e+03 ns  1.49e+03 ns    0.0104 ms           14            62.5  18.8   6.2  12.5    59.9
          Time: Redu:      15.6 ms     0.973 ms     0.155 ms      1.44 ms            1            25.0   0.0  37.5  37.5    32.4
          Time: Send:     0.632 ms    0.0395 ms    0.0188 ms     0.166 ms            5            87.5   0.0   6.2   6.2    76.2
          Time: Test:      0.08 ms     5e+03 ns       940 ns     0.015 ms            5            62.5  12.5  18.8   6.2    66.6
          Time: Wait:     0.833 ms    0.0521 ms    0.0386 ms    0.0716 ms           10            37.5  25.0  25.0  12.5    27.3
Volume Recv TOTAL   :       2.4 MB       154 KB       153 KB       155 KB            0            93.8   0.0   0.0   6.2     1.2
Volume Recv0: <= 64B:           17         1.06            1            2            0            93.8   0.0   0.0   6.2    46.9
Volume Recv1: <= 4KB:          133         8.31            8           13            0            93.8   0.0   0.0   6.2    36.1
Volume Recv2: <= 2MB:           64            4            4            4            0           100.0   0.0   0.0   0.0     0.0
Volume Send TOTAL   :      2.43 MB       155 KB       155 KB       155 KB            0           100.0   0.0   0.0   0.0     0.0
Volume Send0: <= 64B:           32            2            2            2            0           100.0   0.0   0.0   0.0     0.0
Volume Send1: <= 4KB:          208           13           13           13            0           100.0   0.0   0.0   0.0     0.0
Volume Send2: <= 2MB:           64            4            4            4            0           100.0   0.0   0.0   0.0     0.0

Timestep 9       Time=9e-05       Next delT=1e-05       Wall Time=0.166622  EMA=0.00499961  Memory Used=177.01 MBs (avg) 177.59 MBs (max on rank: 13    )
Runtime Summary  summary stats for time step 9 at time=9e-05
  Description       Units       Minimum           Rank   Average (16)      Std. Dev.         Maximum           Rank   100*(1-ave/max) '% load imbalance'
  TaskExec          [seconds] : 0.00341363      : 0    : 0.00347109      : 3.66122e-05     : 0.00353026      : 8    : 1.67618
  TaskLocalComm     [seconds] : 0.000266381     : 0    : 0.000335701     : 6.19454e-05     : 0.000462211     : 5    : 27.3706
  TaskWaitCommTime  [seconds] : 7.022e-05       : 12   : 8.95859e-05     : 1.51827e-05     : 0.000119161     : 10   : 24.8195
  NumberOfTasks     [tasks  ] : 6               : 0    : 6               : 0               : 6               : 0    : 0
  NumberOfPatches   [patches] : 1               : 0    : 1               : 0               : 1               : 0    : 0
  NumberOfCells     [cells  ] : 32768           : 0    : 32768           : 0               : 32768           : 0    : 0
  SCIMemoryUsed     [MBytes ] : 1.76468e+08     : 2    : 1.77012e+08     : 322856          : 1.7759e+08      : 13   : 0.325639
  SCIMemoryMaxUsed  [MBytes ] : 1.76468e+08     : 2    : 1.77012e+08     : 322856          : 1.7759e+08      : 13   : 0.325639
  MemoryUsed        [MBytes ] : 7.49588e+08     : 1    : 7.59258e+08     : 4.83578e+06     : 7.66779e+08     : 10   : 0.980892
  MemoryResident    [MBytes ] : 1.76468e+08     : 2    : 1.77012e+08     : 322856          : 1.7759e+08      : 13   : 0.325639
  Percentage of time spent in overhead : 2.95145

________________________________________________________________________________
--------------------------------------------------------------------------------
MPIStats:+
--------------------------------------------------------------------------------
                Name:       Total:         Avg:         Min:         Max:    Max rank: Hist %% [  Q1 |  Q2 |  Q3 |  Q4 ]:  %%Load Imbalance
         Count: Recv:          176           11           11           11            0           100.0   0.0   0.0   0.0     0.0
         Count: Redu:          128            8            8            8            0           100.0   0.0   0.0   0.0     0.0
         Count: Send:          176           11           11           11            0           100.0   0.0   0.0   0.0     0.0
         Count: Test:          125         7.81            6           11           15            50.0  12.5  12.5  25.0    29.0
         Count: Wait:          256           16           16           16            0           100.0   0.0   0.0   0.0     0.0
          Time: Recv:     0.066 ms  4.12e+03 ns  1.49e+03 ns    0.0104 ms           15            62.5  18.8   0.0  18.8    60.3
          Time: Redu:      15.9 ms     0.991 ms     0.144 ms      1.52 ms           13            25.0   0.0  25.0  50.0    34.8
          Time: Send:     0.577 ms     0.036 ms    0.0181 ms     0.101 ms           14            81.2   6.2   0.0  12.5    64.5
          Time: Test:    0.0843 ms  5.27e+03 ns       940 ns    0.0108 ms            2            31.2  31.2  18.8  18.8    51.2
          Time: Wait:     0.823 ms    0.0514 ms    0.0402 ms    0.0656 ms            2            25.0  25.0  43.8   6.2    21.6
Volume Recv TOTAL   :       2.4 MB       154 KB       153 KB       155 KB            0            93.8   0.0   0.0   6.2     1.2
Volume Recv0: <= 64B:           17         1.06            1            2            0            93.8   0.0   0.0   6.2    46.9
Volume Recv1: <= 4KB:          133         8.31            8           13            0            93.8   0.0   0.0   6.2    36.1
Volume Recv2: <= 2MB:           64            4            4            4            0           100.0   0.0   0.0   0.0     0.0
Volume Send TOTAL   :      2.43 MB       155 KB       155 KB       155 KB            0           100.0   0.0   0.0   0.0     0.0
Volume Send0: <= 64B:           32            2            2            2            0           100.0   0.0   0.0   0.0     0.0
Volume Send1: <= 4KB:          208           13           13           13            0           100.0   0.0   0.0   0.0     0.0
Volume Send2: <= 2MB:           64            4            4            4            0           100.0   0.0   0.0   0.0     0.0

Timestep 10      Time=0.0001      Next delT=1e-05       Wall Time=0.170597  EMA=0.00481343  Memory Used=176.45 MBs (avg) 177.03 MBs (max on rank: 13    )
Runtime Summary  summary stats for time step 10 at time=0.0001
  Description       Units       Minimum           Rank   Average (16)      Std. Dev.         Maximum           Rank   100*(1-ave/max) '% load imbalance'
  TaskExec          [seconds] : 0.00333898      : 0    : 0.00340516      : 3.2332e-05      : 0.00345679      : 8    : 1.49369
  TaskLocalComm     [seconds] : 0.00027083      : 8    : 0.000333521     : 5.50226e-05     : 0.000456031     : 14   : 26.8645
  TaskWaitCommTime  [seconds] : 7.1011e-05      : 13   : 8.91497e-05     : 1.23909e-05     : 0.00011021      : 2    : 19.1093
  NumberOfTasks     [tasks  ] : 6               : 0    : 6               : 0               : 6               : 0    : 0
  NumberOfPatches   [patches] : 1               : 0    : 1               : 0               : 1               : 0    : 0
  NumberOfCells     [cells  ] : 32768           : 0    : 32768           : 0               : 32768           : 0    : 0
  SCIMemoryUsed     [MBytes ] : 1.75903e+08     : 2    : 1.76453e+08     : 321908          : 1.77033e+08     : 13   : 0.327676
  SCIMemoryMaxUsed  [MBytes ] : 1.75903e+08     : 2    : 1.76453e+08     : 321908          : 1.77033e+08     : 13   : 0.327676
  MemoryUsed        [MBytes ] : 7.48962e+08     : 1    : 7.58629e+08     : 4.8356e+06      : 7.66149e+08     : 10   : 0.981466
  MemoryResident    [MBytes ] : 1.75903e+08     : 2    : 1.76453e+08     : 321908          : 1.77033e+08     : 13   : 0.327676
  Percentage of time spent in overhead : 2.64966
Sus: going down successfully
