Parallel: 128 MPI processes (using MPI)
Parallel: MPI Level Required: 0, provided: 0
Date:       Thu Aug 25 11:42:24 2022
Machine:    ash259
git branch:wasatch-low-cost-integ-cmake
git date:   Sat Jul 30 10:34:22 2022 -0600
git hash:   9315f9f96fa6304db4fe79378b145f37ea40016d
Assertion level: 0
CFLAGS:          
CXXFLAGS:        
______________________________________________________________________
Application Component: 	'wasatch'

-------------------------------------------------------------
Wasatch was built against:
  SpatialOps HASH: bd7a2bac76e42e2cb528b02e2cf1291d05c71926
             DATE: Fri Nov 12 11:34:54 2021 -0700
     ExprLib HASH: d2950c77edb22e5f3669ddaaf2d2ed29ceb24d2c
             DATE: Thu Aug 5 12:26:26 2021 -0600
    TabProps HASH: eca0dc5f26b20d4f6b1cebe51b1ae97e11871e83
             DATE: Wed Aug 11 20:11:26 2021 -0600
-------------------------------------------------------------

Linear Solver: 		hypre
Load Balancer: 		Simple
Scheduler: 		MPI
Patch layout: 		(8,4,4)
Grid statistics:
Number of levels:		1
Level 0:
  Periodic boundaries:		[int 1, 1, 1]
  Number of patches:		128
  Total number of cells:	4194304 (32768 avg. per patch)
Total patches in grid:		128
Total cells in grid:		4194304 (32768 avg. per patch)

Using small, individual MPI messages (no message combining)
Detected solver: hypre
SETTING UP CONVECTIVE FLUX EXPRESSION IN X DIRECTION USING CENTRAL
SETTING UP CONVECTIVE FLUX EXPRESSION IN Y DIRECTION USING CENTRAL
SETTING UP CONVECTIVE FLUX EXPRESSION IN Z DIRECTION USING CENTRAL
Setting initial conditions for scalability test equation: scalability0
SETTING UP CONVECTIVE FLUX EXPRESSION IN X DIRECTION USING CENTRAL
SETTING UP CONVECTIVE FLUX EXPRESSION IN Y DIRECTION USING CENTRAL
SETTING UP CONVECTIVE FLUX EXPRESSION IN Z DIRECTION USING CENTRAL
Setting initial conditions for scalability test equation: scalability1
SETTING UP CONVECTIVE FLUX EXPRESSION IN X DIRECTION USING CENTRAL
SETTING UP CONVECTIVE FLUX EXPRESSION IN Y DIRECTION USING CENTRAL
SETTING UP CONVECTIVE FLUX EXPRESSION IN Z DIRECTION USING CENTRAL
Setting initial conditions for scalability test equation: scalability2
------------------------------------------------
No BoundaryConditions specified
  This message will only occur once

Compiling initialization taskgraph.
------------------------------------------------
SETTING INITIAL BOUNDARY CONDITIONS:
------------------------------------------------
Setting Initial BCs for transport equation 'scalability0'
Setting Initial BCs for transport equation 'scalability1'
Setting Initial BCs for transport equation 'scalability2'
------------------------------------------------
Wasatch: done creating initialization task(s)
Scheduling Task 'compute timestep' COMPUTES 'delT' in NEW data warehouse
Wasatch: done creating timestep task(s)
Done with taskgraph compile (0.000256316 seconds)
Warning: addContribution not implemented for LoadBalancerCommon.
WARNING at time step 0 and sim time 0 : lowering the next delT from 1 to the maximum: 1e-05

________________________________________________________________________________
--------------------------------------------------------------------------------
MPIStats:+
--------------------------------------------------------------------------------
                Name:       Total:         Avg:         Min:         Max:    Max rank: Hist %% [  Q1 |  Q2 |  Q3 |  Q4 ]:  %%Load Imbalance
         Count: Comm:          128            1            1            1          126           100.0   0.0   0.0   0.0     0.0
         Count: Gath:          256            2            2            2          126           100.0   0.0   0.0   0.0     0.0
         Count: Redu:          128            1            1            1          126           100.0   0.0   0.0   0.0     0.0
          Time: Comm:     0.511 s       3.99 ms      1.12 ms      10.2 ms           46            48.4  31.2  14.1   6.2    61.0
          Time: Gath:      6.89 s       53.9 ms      30.9 ms      71.1 ms           42            10.9  25.0  39.1  25.0    24.2
          Time: Redu:      16.4 s      0.128 s      0.129 ms     0.153 s            77            14.8   0.0   0.0  85.2    15.9
Volume Recv TOTAL   :       213 KB      1.67 KB      1.67 KB      1.67 KB          126           100.0   0.0   0.0   0.0     0.0
Volume Recv0: <= 64B:          128            1            1            1          126           100.0   0.0   0.0   0.0     0.0
Volume Recv1: <= 4KB:          256            2            2            2          126           100.0   0.0   0.0   0.0     0.0
Volume Send TOTAL   :      34.5 KB     276.25 B        273 B        277 B          102            18.8   0.0   0.0  81.2     0.3
Volume Send0: <= 64B:          256            2            2            2          126           100.0   0.0   0.0   0.0     0.0
Volume Send1: <= 4KB:          128            1            1            1          126           100.0   0.0   0.0   0.0     0.0


Simulation and run time stats are reported at the end of each time step
EMA == Wall time as an exponential moving average using a window of the last 10 time steps
Timestep 0       Time=0           Next delT=1e-05       Wall Time=0.187289  EMA=0.186474    Memory Used=126.05 MBs (avg) 126.94 MBs (max on rank: 113   )
Warning: finalizeContributions not implemented for LoadBalancerCommon.
Warning: resetCostForecaster not implemented for LoadBalancerCommon.
Compiling taskgraph(s)...
------------------------------------------------
SETTING BOUNDARY CONDITIONS:
------------------------------------------------
Setting BCs for transport equation 'scalability0'
Setting BCs for transport equation 'scalability1'
Setting BCs for transport equation 'scalability2'
------------------------------------------------
Wasatch: done creating solution task(s)
Wasatch: done creating post-processing task(s)
Scheduling Task 'compute timestep' COMPUTES 'delT' in NEW data warehouse
Wasatch: done creating timestep task(s)
Done with taskgraph compile (0.02339 seconds)

________________________________________________________________________________
--------------------------------------------------------------------------------
MPIStats:+
--------------------------------------------------------------------------------
                Name:       Total:         Avg:         Min:         Max:    Max rank: Hist %% [  Q1 |  Q2 |  Q3 |  Q4 ]:  %%Load Imbalance
         Count: Recv:     3.33e+03           26           26           26          126           100.0   0.0   0.0   0.0     0.0
         Count: Redu:     1.02e+03            8            8            8          126           100.0   0.0   0.0   0.0     0.0
         Count: Send:     3.33e+03           26           26           26          126           100.0   0.0   0.0   0.0     0.0
         Count: Test:          807          6.3            6           12          127            93.8   3.1   1.6   1.6    47.5
         Count: Wait:     5.89e+03           46           46           46          126           100.0   0.0   0.0   0.0     0.0
          Time: Recv:      4.17 ms    0.0326 ms    0.0131 ms    0.0741 ms           29            46.9  28.1  20.3   4.7    56.0
          Time: Redu:      4.36 s       34.1 ms     0.424 ms      44.6 ms          110            14.8   0.0  11.7  73.4    23.7
          Time: Send:      8.96 s         70 ms      55.7 ms      79.2 ms            4             7.0  21.1  43.8  28.1    11.6
          Time: Test:     0.377 s       2.94 ms  8.25e+03 ns      12.9 ms           64            64.8  15.6  12.5   7.0    77.1
          Time: Wait:      1.54 s         12 ms     0.118 ms      28.7 ms          114            35.2  21.1  27.3  16.4    58.2
Volume Recv TOTAL   :      19.2 MB       153 KB       153 KB       155 KB            0            99.2   0.0   0.0   0.8     1.3
Volume Recv0: <= 64B:     1.15e+03         9.01            9           10            0            99.2   0.0   0.0   0.8     9.9
Volume Recv1: <= 4KB:     1.67e+03           13           13           18            0            99.2   0.0   0.0   0.8    27.6
Volume Recv2: <= 2MB:          768            6            6            6          126           100.0   0.0   0.0   0.0     0.0
Volume Send TOTAL   :      19.4 MB       155 KB       155 KB       155 KB          126           100.0   0.0   0.0   0.0     0.0
Volume Send0: <= 64B:     1.28e+03           10           10           10          126           100.0   0.0   0.0   0.0     0.0
Volume Send1: <= 4KB:      2.3e+03           18           18           18          126           100.0   0.0   0.0   0.0     0.0
Volume Send2: <= 2MB:          768            6            6            6          126           100.0   0.0   0.0   0.0     0.0

Timestep 1       Time=1e-05       Next delT=1e-05       Wall Time=0.332075  EMA=0.144713    Memory Used=133.98 MBs (avg) 134.78 MBs (max on rank: 113   )
Runtime Summary  summary stats for time step 1 at time=1e-05
  Description       Units       Minimum           Rank   Average (128)     Std. Dev.         Maximum           Rank   100*(1-ave/max) '% load imbalance'
  Compilation       [seconds] : 0.00564015      : 48   : 0.00839698      : 0.00489569      : 0.02339         : 0    : 64.1001
  TaskExec          [seconds] : 0.104804        : 17   : 0.119984        : 0.00600468      : 0.130533        : 46   : 8.08166
  TaskLocalComm     [seconds] : 0.0565089       : 55   : 0.0708661       : 0.00483729      : 0.080125        : 4    : 11.5556
  TaskWaitCommTime  [seconds] : 0.000207028     : 11   : 0.0121384       : 0.00836315      : 0.028869        : 114  : 57.9535
  NumberOfTasks     [tasks  ] : 6               : 0    : 6               : 0               : 6               : 0    : 0
  NumberOfPatches   [patches] : 1               : 0    : 1               : 0               : 1               : 0    : 0
  NumberOfCells     [cells  ] : 32768           : 0    : 32768           : 0               : 32768           : 0    : 0
  SCIMemoryUsed     [MBytes ] : 1.3319e+08      : 53   : 1.33977e+08     : 306083          : 1.34783e+08     : 113  : 0.597892
  SCIMemoryMaxUsed  [MBytes ] : 1.3319e+08      : 53   : 1.33977e+08     : 306083          : 1.34783e+08     : 113  : 0.597892
  MemoryUsed        [MBytes ] : 7.3615e+08      : 49   : 7.59029e+08     : 8.45042e+06     : 7.79088e+08     : 13   : 2.5746
  MemoryResident    [MBytes ] : 1.3319e+08      : 53   : 1.33977e+08     : 306083          : 1.34783e+08     : 113  : 0.597892
  Percentage of time spent in overhead : 3.97236

________________________________________________________________________________
--------------------------------------------------------------------------------
MPIStats:+
--------------------------------------------------------------------------------
                Name:       Total:         Avg:         Min:         Max:    Max rank: Hist %% [  Q1 |  Q2 |  Q3 |  Q4 ]:  %%Load Imbalance
         Count: Recv:     3.33e+03           26           26           26          126           100.0   0.0   0.0   0.0     0.0
         Count: Redu:     1.02e+03            8            8            8          126           100.0   0.0   0.0   0.0     0.0
         Count: Send:     3.33e+03           26           26           26          126           100.0   0.0   0.0   0.0     0.0
         Count: Test:          819          6.4            6           12          126            90.6   5.5   1.6   2.3    46.7
         Count: Wait:     5.89e+03           46           46           46          126           100.0   0.0   0.0   0.0     0.0
          Time: Recv:      2.37 ms    0.0185 ms    0.0111 ms    0.0471 ms          113            76.6   9.4   4.7   9.4    60.7
          Time: Redu:         1 s       7.84 ms     0.488 ms      12.5 ms           15            11.7   5.5  55.5  27.3    37.3
          Time: Send:        41 ms     0.321 ms    0.0947 ms     0.501 ms           59             5.5  33.6  43.8  17.2    36.1
          Time: Test:      1.27 ms  9.89e+03 ns  1.84e+03 ns    0.0932 ms          115            85.9   9.4   3.1   1.6    89.4
          Time: Wait:     0.181 s       1.41 ms     0.077 ms      10.1 ms           36            85.9   0.0   1.6  12.5    86.0
Volume Recv TOTAL   :      19.2 MB       153 KB       153 KB       155 KB            0            99.2   0.0   0.0   0.8     1.3
Volume Recv0: <= 64B:     1.15e+03         9.01            9           10            0            99.2   0.0   0.0   0.8     9.9
Volume Recv1: <= 4KB:     1.67e+03           13           13           18            0            99.2   0.0   0.0   0.8    27.6
Volume Recv2: <= 2MB:          768            6            6            6          126           100.0   0.0   0.0   0.0     0.0
Volume Send TOTAL   :      19.4 MB       155 KB       155 KB       155 KB          126           100.0   0.0   0.0   0.0     0.0
Volume Send0: <= 64B:     1.28e+03           10           10           10          126           100.0   0.0   0.0   0.0     0.0
Volume Send1: <= 4KB:      2.3e+03           18           18           18          126           100.0   0.0   0.0   0.0     0.0
Volume Send2: <= 2MB:          768            6            6            6          126           100.0   0.0   0.0   0.0     0.0

Timestep 2       Time=2e-05       Next delT=1e-05       Wall Time=0.350811  EMA=0.0607284   Memory Used=134.00 MBs (avg) 134.78 MBs (max on rank: 113   )
Runtime Summary  summary stats for time step 2 at time=2e-05
  Description       Units       Minimum           Rank   Average (128)     Std. Dev.         Maximum           Rank   100*(1-ave/max) '% load imbalance'
  TaskExec          [seconds] : 0.00707692      : 36   : 0.0157989       : 0.00311442      : 0.0172161       : 105  : 8.23153
  TaskLocalComm     [seconds] : 0.000784315     : 95   : 0.0011843       : 0.000201785     : 0.00179903      : 29   : 34.17
  TaskWaitCommTime  [seconds] : 0.000160228     : 111  : 0.00151434      : 0.00308929      : 0.0102596       : 36   : 85.2398
  NumberOfTasks     [tasks  ] : 6               : 0    : 6               : 0               : 6               : 0    : 0
  NumberOfPatches   [patches] : 1               : 0    : 1               : 0               : 1               : 0    : 0
  NumberOfCells     [cells  ] : 32768           : 0    : 32768           : 0               : 32768           : 0    : 0
  SCIMemoryUsed     [MBytes ] : 1.3319e+08      : 53   : 1.34003e+08     : 303117          : 1.34783e+08     : 113  : 0.578756
  SCIMemoryMaxUsed  [MBytes ] : 1.3319e+08      : 53   : 1.34003e+08     : 303117          : 1.34783e+08     : 113  : 0.578756
  MemoryUsed        [MBytes ] : 7.3615e+08      : 49   : 7.59029e+08     : 8.45042e+06     : 7.79088e+08     : 13   : 2.5746
  MemoryResident    [MBytes ] : 1.3319e+08      : 53   : 1.34003e+08     : 303117          : 1.34783e+08     : 113  : 0.578756
  Percentage of time spent in overhead : 1.98617

________________________________________________________________________________
--------------------------------------------------------------------------------
MPIStats:+
--------------------------------------------------------------------------------
                Name:       Total:         Avg:         Min:         Max:    Max rank: Hist %% [  Q1 |  Q2 |  Q3 |  Q4 ]:  %%Load Imbalance
         Count: Recv:     3.33e+03           26           26           26          126           100.0   0.0   0.0   0.0     0.0
         Count: Redu:     1.02e+03            8            8            8          126           100.0   0.0   0.0   0.0     0.0
         Count: Send:     3.33e+03           26           26           26          126           100.0   0.0   0.0   0.0     0.0
         Count: Test:          811         6.34            6           12          126            92.2   3.1   2.3   2.3    47.2
         Count: Wait:     5.89e+03           46           46           46          126           100.0   0.0   0.0   0.0     0.0
          Time: Recv:      2.42 ms    0.0189 ms    0.0126 ms    0.0547 ms          125            83.6   8.6   3.9   3.9    65.4
          Time: Redu:     0.385 s       3.01 ms      0.57 ms      5.11 ms           97             3.9  53.1  12.5  30.5    41.1
          Time: Send:        23 ms     0.179 ms    0.0784 ms     0.331 ms           88            40.6  18.8  28.1  12.5    45.8
          Time: Test:      1.04 ms  8.09e+03 ns  1.92e+03 ns    0.0682 ms          126            85.2   7.0   5.5   2.3    88.1
          Time: Wait:      19.4 ms     0.151 ms    0.0714 ms      0.67 ms           30            92.2   4.7   1.6   1.6    77.4
Volume Recv TOTAL   :      19.2 MB       153 KB       153 KB       155 KB            0            99.2   0.0   0.0   0.8     1.3
Volume Recv0: <= 64B:     1.15e+03         9.01            9           10            0            99.2   0.0   0.0   0.8     9.9
Volume Recv1: <= 4KB:     1.67e+03           13           13           18            0            99.2   0.0   0.0   0.8    27.6
Volume Recv2: <= 2MB:          768            6            6            6          126           100.0   0.0   0.0   0.0     0.0
Volume Send TOTAL   :      19.4 MB       155 KB       155 KB       155 KB          126           100.0   0.0   0.0   0.0     0.0
Volume Send0: <= 64B:     1.28e+03           10           10           10          126           100.0   0.0   0.0   0.0     0.0
Volume Send1: <= 4KB:      2.3e+03           18           18           18          126           100.0   0.0   0.0   0.0     0.0
Volume Send2: <= 2MB:          768            6            6            6          126           100.0   0.0   0.0   0.0     0.0

Timestep 3       Time=3e-05       Next delT=1e-05       Wall Time=0.364782  EMA=0.0373497   Memory Used=134.07 MBs (avg) 134.78 MBs (max on rank: 113   )
Runtime Summary  summary stats for time step 3 at time=3e-05
  Description       Units       Minimum           Rank   Average (128)     Std. Dev.         Maximum           Rank   100*(1-ave/max) '% load imbalance'
  TaskExec          [seconds] : 0.0112655       : 0    : 0.0123461       : 0.000161277     : 0.0125036       : 105  : 1.25953
  TaskLocalComm     [seconds] : 0.00073082      : 94   : 0.00101721      : 0.00017154      : 0.00163421      : 0    : 37.7554
  TaskWaitCommTime  [seconds] : 0.000158892     : 111  : 0.00024497      : 9.32361e-05     : 0.000764216     : 30   : 67.945
  NumberOfTasks     [tasks  ] : 6               : 0    : 6               : 0               : 6               : 0    : 0
  NumberOfPatches   [patches] : 1               : 0    : 1               : 0               : 1               : 0    : 0
  NumberOfCells     [cells  ] : 32768           : 0    : 32768           : 0               : 32768           : 0    : 0
  SCIMemoryUsed     [MBytes ] : 1.3319e+08      : 53   : 1.34066e+08     : 305113          : 1.34783e+08     : 113  : 0.53196
  SCIMemoryMaxUsed  [MBytes ] : 1.3319e+08      : 53   : 1.34066e+08     : 305113          : 1.34783e+08     : 113  : 0.53196
  MemoryUsed        [MBytes ] : 7.3615e+08      : 49   : 7.59029e+08     : 8.45042e+06     : 7.79088e+08     : 13   : 2.5746
  MemoryResident    [MBytes ] : 1.3319e+08      : 53   : 1.34066e+08     : 305113          : 1.34783e+08     : 113  : 0.53196
  Percentage of time spent in overhead : 1.32402

________________________________________________________________________________
--------------------------------------------------------------------------------
MPIStats:+
--------------------------------------------------------------------------------
                Name:       Total:         Avg:         Min:         Max:    Max rank: Hist %% [  Q1 |  Q2 |  Q3 |  Q4 ]:  %%Load Imbalance
         Count: Recv:     3.33e+03           26           26           26          126           100.0   0.0   0.0   0.0     0.0
         Count: Redu:     1.02e+03            8            8            8          126           100.0   0.0   0.0   0.0     0.0
         Count: Send:     3.33e+03           26           26           26          126           100.0   0.0   0.0   0.0     0.0
         Count: Test:          809         6.32            6           12          127            92.2   3.9   1.6   2.3    47.3
         Count: Wait:     5.89e+03           46           46           46          126           100.0   0.0   0.0   0.0     0.0
          Time: Recv:      2.34 ms    0.0183 ms    0.0127 ms    0.0514 ms          127            83.6   8.6   4.7   3.1    64.3
          Time: Redu:     0.299 s       2.34 ms     0.252 ms      4.07 ms          107             4.7  56.2   7.8  31.2    42.5
          Time: Send:      20.2 ms     0.158 ms    0.0695 ms      0.29 ms           86            47.7  10.2  28.1  14.1    45.6
          Time: Test:     0.979 ms  7.65e+03 ns  1.95e+03 ns    0.0701 ms          123            87.5   5.5   6.2   0.8    89.1
          Time: Wait:      17.5 ms     0.137 ms    0.0641 ms     0.586 ms           33            94.5   2.3   1.6   1.6    76.6
Volume Recv TOTAL   :      19.2 MB       153 KB       153 KB       155 KB            0            99.2   0.0   0.0   0.8     1.3
Volume Recv0: <= 64B:     1.15e+03         9.01            9           10            0            99.2   0.0   0.0   0.8     9.9
Volume Recv1: <= 4KB:     1.67e+03           13           13           18            0            99.2   0.0   0.0   0.8    27.6
Volume Recv2: <= 2MB:          768            6            6            6          126           100.0   0.0   0.0   0.0     0.0
Volume Send TOTAL   :      19.4 MB       155 KB       155 KB       155 KB          126           100.0   0.0   0.0   0.0     0.0
Volume Send0: <= 64B:     1.28e+03           10           10           10          126           100.0   0.0   0.0   0.0     0.0
Volume Send1: <= 4KB:      2.3e+03           18           18           18          126           100.0   0.0   0.0   0.0     0.0
Volume Send2: <= 2MB:          768            6            6            6          126           100.0   0.0   0.0   0.0     0.0

Timestep 4       Time=4e-05       Next delT=1e-05       Wall Time=0.378078  EMA=0.0277283   Memory Used=134.15 MBs (avg) 135.11 MBs (max on rank: 113   )
Runtime Summary  summary stats for time step 4 at time=4e-05
  Description       Units       Minimum           Rank   Average (128)     Std. Dev.         Maximum           Rank   100*(1-ave/max) '% load imbalance'
  TaskExec          [seconds] : 0.0107083       : 0    : 0.0117196       : 0.000143162     : 0.0118396       : 109  : 1.01325
  TaskLocalComm     [seconds] : 0.000749276     : 92   : 0.000942713     : 0.000148145     : 0.00151332      : 0    : 37.7057
  TaskWaitCommTime  [seconds] : 0.000153014     : 111  : 0.000228981     : 7.52453e-05     : 0.00068558      : 33   : 66.6004
  NumberOfTasks     [tasks  ] : 6               : 0    : 6               : 0               : 6               : 0    : 0
  NumberOfPatches   [patches] : 1               : 0    : 1               : 0               : 1               : 0    : 0
  NumberOfCells     [cells  ] : 32768           : 0    : 32768           : 0               : 32768           : 0    : 0
  SCIMemoryUsed     [MBytes ] : 1.3328e+08      : 69   : 1.34145e+08     : 316547          : 1.35115e+08     : 113  : 0.717612
  SCIMemoryMaxUsed  [MBytes ] : 1.3328e+08      : 69   : 1.34145e+08     : 316547          : 1.35115e+08     : 113  : 0.717612
  MemoryUsed        [MBytes ] : 7.3615e+08      : 49   : 7.59029e+08     : 8.45042e+06     : 7.79088e+08     : 13   : 2.5746
  MemoryResident    [MBytes ] : 1.3328e+08      : 69   : 1.34145e+08     : 316547          : 1.35115e+08     : 113  : 0.717612
  Percentage of time spent in overhead : 0.992811

________________________________________________________________________________
--------------------------------------------------------------------------------
MPIStats:+
--------------------------------------------------------------------------------
                Name:       Total:         Avg:         Min:         Max:    Max rank: Hist %% [  Q1 |  Q2 |  Q3 |  Q4 ]:  %%Load Imbalance
         Count: Recv:     3.33e+03           26           26           26          126           100.0   0.0   0.0   0.0     0.0
         Count: Redu:     1.02e+03            8            8            8          126           100.0   0.0   0.0   0.0     0.0
         Count: Send:     3.33e+03           26           26           26          126           100.0   0.0   0.0   0.0     0.0
         Count: Test:          812         6.34            6           12          127            91.4   3.9   1.6   3.1    47.1
         Count: Wait:     5.89e+03           46           46           46          126           100.0   0.0   0.0   0.0     0.0
          Time: Recv:      2.32 ms    0.0181 ms    0.0131 ms    0.0572 ms          127            88.3   7.0   1.6   3.1    68.3
          Time: Redu:     0.279 s       2.18 ms     0.238 ms      3.91 ms          107             1.6  57.8   9.4  31.2    44.4
          Time: Send:      16.5 ms     0.129 ms    0.0708 ms     0.305 ms          102            68.0  13.3  14.1   4.7    57.6
          Time: Test:     0.932 ms  7.28e+03 ns  1.92e+03 ns    0.0546 ms           93            84.4   7.0   4.7   3.9    86.7
          Time: Wait:        16 ms     0.125 ms    0.0571 ms     0.329 ms            1            60.2  35.9   3.1   0.8    61.9
Volume Recv TOTAL   :      19.2 MB       153 KB       153 KB       155 KB            0            99.2   0.0   0.0   0.8     1.3
Volume Recv0: <= 64B:     1.15e+03         9.01            9           10            0            99.2   0.0   0.0   0.8     9.9
Volume Recv1: <= 4KB:     1.67e+03           13           13           18            0            99.2   0.0   0.0   0.8    27.6
Volume Recv2: <= 2MB:          768            6            6            6          126           100.0   0.0   0.0   0.0     0.0
Volume Send TOTAL   :      19.4 MB       155 KB       155 KB       155 KB          126           100.0   0.0   0.0   0.0     0.0
Volume Send0: <= 64B:     1.28e+03           10           10           10          126           100.0   0.0   0.0   0.0     0.0
Volume Send1: <= 4KB:      2.3e+03           18           18           18          126           100.0   0.0   0.0   0.0     0.0
Volume Send2: <= 2MB:          768            6            6            6          126           100.0   0.0   0.0   0.0     0.0

Timestep 5       Time=5e-05       Next delT=1e-05       Wall Time=0.391249  EMA=0.0228758   Memory Used=134.20 MBs (avg) 135.11 MBs (max on rank: 113   )
Runtime Summary  summary stats for time step 5 at time=5e-05
  Description       Units       Minimum           Rank   Average (128)     Std. Dev.         Maximum           Rank   100*(1-ave/max) '% load imbalance'
  TaskExec          [seconds] : 0.0106034       : 0    : 0.0116081       : 0.000127635     : 0.0117052       : 109  : 0.829555
  TaskLocalComm     [seconds] : 0.000714103     : 94   : 0.000910358     : 0.000143524     : 0.00154543      : 5    : 41.0937
  TaskWaitCommTime  [seconds] : 0.000137556     : 125  : 0.000217543     : 4.81897e-05     : 0.000476616     : 0    : 54.3567
  NumberOfTasks     [tasks  ] : 6               : 0    : 6               : 0               : 6               : 0    : 0
  NumberOfPatches   [patches] : 1               : 0    : 1               : 0               : 1               : 0    : 0
  NumberOfCells     [cells  ] : 32768           : 0    : 32768           : 0               : 32768           : 0    : 0
  SCIMemoryUsed     [MBytes ] : 1.33517e+08     : 53   : 1.34203e+08     : 307448          : 1.35115e+08     : 113  : 0.674816
  SCIMemoryMaxUsed  [MBytes ] : 1.33517e+08     : 53   : 1.34203e+08     : 307448          : 1.35115e+08     : 113  : 0.674816
  MemoryUsed        [MBytes ] : 7.3615e+08      : 49   : 7.59029e+08     : 8.45042e+06     : 7.79088e+08     : 13   : 2.5746
  MemoryResident    [MBytes ] : 1.33517e+08     : 53   : 1.34203e+08     : 307448          : 1.35115e+08     : 113  : 0.674816
  Percentage of time spent in overhead : 0.793926

________________________________________________________________________________
--------------------------------------------------------------------------------
MPIStats:+
--------------------------------------------------------------------------------
                Name:       Total:         Avg:         Min:         Max:    Max rank: Hist %% [  Q1 |  Q2 |  Q3 |  Q4 ]:  %%Load Imbalance
         Count: Recv:     3.33e+03           26           26           26          126           100.0   0.0   0.0   0.0     0.0
         Count: Redu:     1.02e+03            8            8            8          126           100.0   0.0   0.0   0.0     0.0
         Count: Send:     3.33e+03           26           26           26          126           100.0   0.0   0.0   0.0     0.0
         Count: Test:          810         6.33            6           12          127            93.0   3.1   1.6   2.3    47.3
         Count: Wait:     5.89e+03           46           46           46          126           100.0   0.0   0.0   0.0     0.0
          Time: Recv:      2.29 ms    0.0179 ms    0.0131 ms    0.0539 ms          125            85.2   9.4   3.1   2.3    66.8
          Time: Redu:     0.331 s       2.59 ms     0.237 ms       4.3 ms          109             1.6  56.2   8.6  33.6    39.9
          Time: Send:      16.9 ms     0.132 ms    0.0732 ms     0.319 ms           63            68.8  14.8  12.5   3.9    58.7
          Time: Test:     0.936 ms  7.31e+03 ns  1.99e+03 ns    0.0504 ms          117            83.6   7.0   3.1   6.2    85.5
          Time: Wait:      16.3 ms     0.127 ms     0.055 ms     0.354 ms            1            65.6  31.2   0.8   2.3    64.1
Volume Recv TOTAL   :      19.2 MB       153 KB       153 KB       155 KB            0            99.2   0.0   0.0   0.8     1.3
Volume Recv0: <= 64B:     1.15e+03         9.01            9           10            0            99.2   0.0   0.0   0.8     9.9
Volume Recv1: <= 4KB:     1.67e+03           13           13           18            0            99.2   0.0   0.0   0.8    27.6
Volume Recv2: <= 2MB:          768            6            6            6          126           100.0   0.0   0.0   0.0     0.0
Volume Send TOTAL   :      19.4 MB       155 KB       155 KB       155 KB          126           100.0   0.0   0.0   0.0     0.0
Volume Send0: <= 64B:     1.28e+03           10           10           10          126           100.0   0.0   0.0   0.0     0.0
Volume Send1: <= 4KB:      2.3e+03           18           18           18          126           100.0   0.0   0.0   0.0     0.0
Volume Send2: <= 2MB:          768            6            6            6          126           100.0   0.0   0.0   0.0     0.0

Timestep 6       Time=6e-05       Next delT=1e-05       Wall Time=0.404828  EMA=0.0202194   Memory Used=134.24 MBs (avg) 135.11 MBs (max on rank: 113   )
Runtime Summary  summary stats for time step 6 at time=6e-05
  Description       Units       Minimum           Rank   Average (128)     Std. Dev.         Maximum           Rank   100*(1-ave/max) '% load imbalance'
  TaskExec          [seconds] : 0.0108791       : 0    : 0.0120342       : 0.000115693     : 0.0121228       : 105  : 0.731475
  TaskLocalComm     [seconds] : 0.000736467     : 94   : 0.000898576     : 0.000108498     : 0.00154149      : 0    : 41.7072
  TaskWaitCommTime  [seconds] : 0.000134146     : 111  : 0.000216886     : 5.11197e-05     : 0.000596939     : 0    : 63.667
  NumberOfTasks     [tasks  ] : 6               : 0    : 6               : 0               : 6               : 0    : 0
  NumberOfPatches   [patches] : 1               : 0    : 1               : 0               : 1               : 0    : 0
  NumberOfCells     [cells  ] : 32768           : 0    : 32768           : 0               : 32768           : 0    : 0
  SCIMemoryUsed     [MBytes ] : 1.33517e+08     : 53   : 1.34241e+08     : 318021          : 1.35115e+08     : 113  : 0.646562
  SCIMemoryMaxUsed  [MBytes ] : 1.33517e+08     : 53   : 1.34241e+08     : 318021          : 1.35115e+08     : 113  : 0.646562
  MemoryUsed        [MBytes ] : 7.3615e+08      : 49   : 7.59029e+08     : 8.45042e+06     : 7.79088e+08     : 13   : 2.5746
  MemoryResident    [MBytes ] : 1.33517e+08     : 53   : 1.34241e+08     : 318021          : 1.35115e+08     : 113  : 0.646562
  Percentage of time spent in overhead : 0.661155

________________________________________________________________________________
--------------------------------------------------------------------------------
MPIStats:+
--------------------------------------------------------------------------------
                Name:       Total:         Avg:         Min:         Max:    Max rank: Hist %% [  Q1 |  Q2 |  Q3 |  Q4 ]:  %%Load Imbalance
         Count: Recv:     3.33e+03           26           26           26          126           100.0   0.0   0.0   0.0     0.0
         Count: Redu:     1.02e+03            8            8            8          126           100.0   0.0   0.0   0.0     0.0
         Count: Send:     3.33e+03           26           26           26          126           100.0   0.0   0.0   0.0     0.0
         Count: Test:          807          6.3            6           12          127            93.0   2.3   2.3   2.3    47.5
         Count: Wait:     5.89e+03           46           46           46          126           100.0   0.0   0.0   0.0     0.0
          Time: Recv:       2.3 ms    0.0179 ms    0.0132 ms    0.0568 ms          127            85.2  10.2   3.1   1.6    68.4
          Time: Redu:     0.313 s       2.45 ms     0.248 ms      4.21 ms          109             1.6  56.2   8.6  33.6    42.0
          Time: Send:      16.2 ms     0.127 ms    0.0738 ms     0.332 ms           78            75.0  10.9  10.9   3.1    61.9
          Time: Test:     0.879 ms  6.86e+03 ns  1.96e+03 ns    0.0497 ms          123            85.2   6.2   3.9   4.7    86.2
          Time: Wait:      15.8 ms     0.124 ms    0.0673 ms     0.303 ms            0            60.2  36.7   1.6   1.6    59.2
Volume Recv TOTAL   :      19.2 MB       153 KB       153 KB       155 KB            0            99.2   0.0   0.0   0.8     1.3
Volume Recv0: <= 64B:     1.15e+03         9.01            9           10            0            99.2   0.0   0.0   0.8     9.9
Volume Recv1: <= 4KB:     1.67e+03           13           13           18            0            99.2   0.0   0.0   0.8    27.6
Volume Recv2: <= 2MB:          768            6            6            6          126           100.0   0.0   0.0   0.0     0.0
Volume Send TOTAL   :      19.4 MB       155 KB       155 KB       155 KB          126           100.0   0.0   0.0   0.0     0.0
Volume Send0: <= 64B:     1.28e+03           10           10           10          126           100.0   0.0   0.0   0.0     0.0
Volume Send1: <= 4KB:      2.3e+03           18           18           18          126           100.0   0.0   0.0   0.0     0.0
Volume Send2: <= 2MB:          768            6            6            6          126           100.0   0.0   0.0   0.0     0.0

Timestep 7       Time=7e-05       Next delT=1e-05       Wall Time=0.418316  EMA=0.0185367   Memory Used=134.27 MBs (avg) 135.11 MBs (max on rank: 113   )
Runtime Summary  summary stats for time step 7 at time=7e-05
  Description       Units       Minimum           Rank   Average (128)     Std. Dev.         Maximum           Rank   100*(1-ave/max) '% load imbalance'
  TaskExec          [seconds] : 0.0108654       : 0    : 0.0119616       : 0.000110974     : 0.0120553       : 109  : 0.7771
  TaskLocalComm     [seconds] : 0.000725949     : 108  : 0.000894342     : 0.000105549     : 0.00148788      : 18   : 39.8914
  TaskWaitCommTime  [seconds] : 0.000149427     : 126  : 0.000213535     : 4.65966e-05     : 0.000605876     : 0    : 64.7559
  NumberOfTasks     [tasks  ] : 6               : 0    : 6               : 0               : 6               : 0    : 0
  NumberOfPatches   [patches] : 1               : 0    : 1               : 0               : 1               : 0    : 0
  NumberOfCells     [cells  ] : 32768           : 0    : 32768           : 0               : 32768           : 0    : 0
  SCIMemoryUsed     [MBytes ] : 1.33517e+08     : 53   : 1.34274e+08     : 321743          : 1.35115e+08     : 113  : 0.622333
  SCIMemoryMaxUsed  [MBytes ] : 1.33517e+08     : 53   : 1.34274e+08     : 321743          : 1.35115e+08     : 113  : 0.622333
  MemoryUsed        [MBytes ] : 7.3615e+08      : 49   : 7.59029e+08     : 8.45042e+06     : 7.79088e+08     : 13   : 2.5746
  MemoryResident    [MBytes ] : 1.33517e+08     : 53   : 1.34274e+08     : 321743          : 1.35115e+08     : 113  : 0.622333
  Percentage of time spent in overhead : 0.566122

________________________________________________________________________________
--------------------------------------------------------------------------------
MPIStats:+
--------------------------------------------------------------------------------
                Name:       Total:         Avg:         Min:         Max:    Max rank: Hist %% [  Q1 |  Q2 |  Q3 |  Q4 ]:  %%Load Imbalance
         Count: Recv:     3.33e+03           26           26           26          126           100.0   0.0   0.0   0.0     0.0
         Count: Redu:     1.02e+03            8            8            8          126           100.0   0.0   0.0   0.0     0.0
         Count: Send:     3.33e+03           26           26           26          126           100.0   0.0   0.0   0.0     0.0
         Count: Test:          809         6.32            6           13          127            92.2   4.7   2.3   0.8    51.4
         Count: Wait:     5.89e+03           46           46           46          126           100.0   0.0   0.0   0.0     0.0
          Time: Recv:      2.24 ms    0.0175 ms    0.0128 ms    0.0486 ms          124            85.9   5.5   4.7   3.9    64.0
          Time: Redu:     0.332 s        2.6 ms      0.24 ms      4.24 ms           93             1.6  56.2   7.8  34.4    38.8
          Time: Send:      15.5 ms     0.121 ms    0.0695 ms       0.3 ms           65            71.9  16.4   7.8   3.9    59.8
          Time: Test:     0.846 ms  6.61e+03 ns  1.96e+03 ns    0.0503 ms          119            85.2   7.0   3.1   4.7    86.9
          Time: Wait:      15.7 ms     0.122 ms    0.0662 ms     0.447 ms            1            97.7   0.0   0.8   1.6    72.6
Volume Recv TOTAL   :      19.2 MB       153 KB       153 KB       155 KB            0            99.2   0.0   0.0   0.8     1.3
Volume Recv0: <= 64B:     1.15e+03         9.01            9           10            0            99.2   0.0   0.0   0.8     9.9
Volume Recv1: <= 4KB:     1.67e+03           13           13           18            0            99.2   0.0   0.0   0.8    27.6
Volume Recv2: <= 2MB:          768            6            6            6          126           100.0   0.0   0.0   0.0     0.0
Volume Send TOTAL   :      19.4 MB       155 KB       155 KB       155 KB          126           100.0   0.0   0.0   0.0     0.0
Volume Send0: <= 64B:     1.28e+03           10           10           10          126           100.0   0.0   0.0   0.0     0.0
Volume Send1: <= 4KB:      2.3e+03           18           18           18          126           100.0   0.0   0.0   0.0     0.0
Volume Send2: <= 2MB:          768            6            6            6          126           100.0   0.0   0.0   0.0     0.0

Timestep 8       Time=8e-05       Next delT=1e-05       Wall Time=0.431928  EMA=0.0174422   Memory Used=134.31 MBs (avg) 135.11 MBs (max on rank: 113   )
Runtime Summary  summary stats for time step 8 at time=8e-05
  Description       Units       Minimum           Rank   Average (128)     Std. Dev.         Maximum           Rank   100*(1-ave/max) '% load imbalance'
  TaskExec          [seconds] : 0.0107259       : 0    : 0.0120676       : 0.000132284     : 0.0121649       : 109  : 0.799372
  TaskLocalComm     [seconds] : 0.000733147     : 96   : 0.000885214     : 0.000113281     : 0.00171544      : 0    : 48.3972
  TaskWaitCommTime  [seconds] : 0.000147023     : 126  : 0.000214154     : 5.66662e-05     : 0.000660615     : 0    : 67.5826
  NumberOfTasks     [tasks  ] : 6               : 0    : 6               : 0               : 6               : 0    : 0
  NumberOfPatches   [patches] : 1               : 0    : 1               : 0               : 1               : 0    : 0
  NumberOfCells     [cells  ] : 32768           : 0    : 32768           : 0               : 32768           : 0    : 0
  SCIMemoryUsed     [MBytes ] : 1.33517e+08     : 53   : 1.34305e+08     : 329248          : 1.35115e+08     : 113  : 0.598958
  SCIMemoryMaxUsed  [MBytes ] : 1.33517e+08     : 53   : 1.34305e+08     : 329248          : 1.35115e+08     : 113  : 0.598958
  MemoryUsed        [MBytes ] : 7.3615e+08      : 49   : 7.59029e+08     : 8.45042e+06     : 7.79088e+08     : 13   : 2.5746
  MemoryResident    [MBytes ] : 1.33517e+08     : 53   : 1.34305e+08     : 329248          : 1.35115e+08     : 113  : 0.598958
  Percentage of time spent in overhead : 0.494642

________________________________________________________________________________
--------------------------------------------------------------------------------
MPIStats:+
--------------------------------------------------------------------------------
                Name:       Total:         Avg:         Min:         Max:    Max rank: Hist %% [  Q1 |  Q2 |  Q3 |  Q4 ]:  %%Load Imbalance
         Count: Recv:     3.33e+03           26           26           26          126           100.0   0.0   0.0   0.0     0.0
         Count: Redu:     1.02e+03            8            8            8          126           100.0   0.0   0.0   0.0     0.0
         Count: Send:     3.33e+03           26           26           26          126           100.0   0.0   0.0   0.0     0.0
         Count: Test:          807          6.3            6           12          127            93.0   3.1   1.6   2.3    47.5
         Count: Wait:     5.89e+03           46           46           46          126           100.0   0.0   0.0   0.0     0.0
          Time: Recv:      2.26 ms    0.0177 ms    0.0133 ms    0.0517 ms          127            87.5   7.8   2.3   2.3    65.8
          Time: Redu:      0.34 s       2.66 ms     0.259 ms      4.42 ms          105             1.6  56.2   7.8  34.4    40.0
          Time: Send:      16.1 ms     0.126 ms    0.0713 ms     0.299 ms           90            69.5  12.5  12.5   5.5    57.9
          Time: Test:     0.844 ms  6.59e+03 ns  1.98e+03 ns    0.0576 ms          111            85.2  11.7   0.8   2.3    88.6
          Time: Wait:      15.7 ms     0.123 ms    0.0579 ms     0.366 ms            1            81.2  16.4   0.0   2.3    66.5
Volume Recv TOTAL   :      19.2 MB       153 KB       153 KB       155 KB            0            99.2   0.0   0.0   0.8     1.3
Volume Recv0: <= 64B:     1.15e+03         9.01            9           10            0            99.2   0.0   0.0   0.8     9.9
Volume Recv1: <= 4KB:     1.67e+03           13           13           18            0            99.2   0.0   0.0   0.8    27.6
Volume Recv2: <= 2MB:          768            6            6            6          126           100.0   0.0   0.0   0.0     0.0
Volume Send TOTAL   :      19.4 MB       155 KB       155 KB       155 KB          126           100.0   0.0   0.0   0.0     0.0
Volume Send0: <= 64B:     1.28e+03           10           10           10          126           100.0   0.0   0.0   0.0     0.0
Volume Send1: <= 4KB:      2.3e+03           18           18           18          126           100.0   0.0   0.0   0.0     0.0
Volume Send2: <= 2MB:          768            6            6            6          126           100.0   0.0   0.0   0.0     0.0

Timestep 9       Time=9e-05       Next delT=1e-05       Wall Time=0.44558   EMA=0.016684    Memory Used=134.35 MBs (avg) 135.11 MBs (max on rank: 113   )
Runtime Summary  summary stats for time step 9 at time=9e-05
  Description       Units       Minimum           Rank   Average (128)     Std. Dev.         Maximum           Rank   100*(1-ave/max) '% load imbalance'
  TaskExec          [seconds] : 0.0108218       : 0    : 0.0121188       : 0.00012949      : 0.0122174       : 107  : 0.807085
  TaskLocalComm     [seconds] : 0.000722215     : 94   : 0.000892684     : 0.000112191     : 0.00156164      : 0    : 42.8368
  TaskWaitCommTime  [seconds] : 0.0001478       : 111  : 0.000213732     : 5.87519e-05     : 0.000736628     : 0    : 70.9851
  NumberOfTasks     [tasks  ] : 6               : 0    : 6               : 0               : 6               : 0    : 0
  NumberOfPatches   [patches] : 1               : 0    : 1               : 0               : 1               : 0    : 0
  NumberOfCells     [cells  ] : 32768           : 0    : 32768           : 0               : 32768           : 0    : 0
  SCIMemoryUsed     [MBytes ] : 1.33517e+08     : 53   : 1.34346e+08     : 325813          : 1.35115e+08     : 113  : 0.569187
  SCIMemoryMaxUsed  [MBytes ] : 1.33517e+08     : 53   : 1.34346e+08     : 325813          : 1.35115e+08     : 113  : 0.569187
  MemoryUsed        [MBytes ] : 7.3615e+08      : 49   : 7.59029e+08     : 8.45042e+06     : 7.79088e+08     : 13   : 2.5746
  MemoryResident    [MBytes ] : 1.33517e+08     : 53   : 1.34346e+08     : 325813          : 1.35115e+08     : 113  : 0.569187
  Percentage of time spent in overhead : 0.43883

________________________________________________________________________________
--------------------------------------------------------------------------------
MPIStats:+
--------------------------------------------------------------------------------
                Name:       Total:         Avg:         Min:         Max:    Max rank: Hist %% [  Q1 |  Q2 |  Q3 |  Q4 ]:  %%Load Imbalance
         Count: Recv:     3.33e+03           26           26           26          126           100.0   0.0   0.0   0.0     0.0
         Count: Redu:     1.02e+03            8            8            8          126           100.0   0.0   0.0   0.0     0.0
         Count: Send:     3.33e+03           26           26           26          126           100.0   0.0   0.0   0.0     0.0
         Count: Test:          809         6.32            6           13          127            92.2   4.7   2.3   0.8    51.4
         Count: Wait:     5.89e+03           46           46           46          126           100.0   0.0   0.0   0.0     0.0
          Time: Recv:      2.25 ms    0.0175 ms    0.0125 ms    0.0518 ms          126            86.7   8.6   1.6   3.1    66.1
          Time: Redu:     0.331 s       2.59 ms      0.25 ms      4.29 ms          105             1.6  56.2   7.8  34.4    39.7
          Time: Send:      15.4 ms      0.12 ms    0.0715 ms     0.315 ms          126            75.0  11.7  10.9   2.3    61.8
          Time: Test:     0.896 ms     7e+03 ns  1.85e+03 ns     0.059 ms          119            85.9   5.5   7.0   1.6    88.1
          Time: Wait:      15.4 ms      0.12 ms    0.0669 ms     0.322 ms            0            78.9  18.8   0.8   1.6    62.8
Volume Recv TOTAL   :      19.2 MB       153 KB       153 KB       155 KB            0            99.2   0.0   0.0   0.8     1.3
Volume Recv0: <= 64B:     1.15e+03         9.01            9           10            0            99.2   0.0   0.0   0.8     9.9
Volume Recv1: <= 4KB:     1.67e+03           13           13           18            0            99.2   0.0   0.0   0.8    27.6
Volume Recv2: <= 2MB:          768            6            6            6          126           100.0   0.0   0.0   0.0     0.0
Volume Send TOTAL   :      19.4 MB       155 KB       155 KB       155 KB          126           100.0   0.0   0.0   0.0     0.0
Volume Send0: <= 64B:     1.28e+03           10           10           10          126           100.0   0.0   0.0   0.0     0.0
Volume Send1: <= 4KB:      2.3e+03           18           18           18          126           100.0   0.0   0.0   0.0     0.0
Volume Send2: <= 2MB:          768            6            6            6          126           100.0   0.0   0.0   0.0     0.0

Timestep 10      Time=0.0001      Next delT=1e-05       Wall Time=0.459168  EMA=0.016121    Memory Used=134.38 MBs (avg) 135.11 MBs (max on rank: 113   )
Runtime Summary  summary stats for time step 10 at time=0.0001
  Description       Units       Minimum           Rank   Average (128)     Std. Dev.         Maximum           Rank   100*(1-ave/max) '% load imbalance'
  TaskExec          [seconds] : 0.0108413       : 0    : 0.0120432       : 0.000118262     : 0.0121448       : 97   : 0.836477
  TaskLocalComm     [seconds] : 0.000733795     : 96   : 0.000885168     : 0.000104796     : 0.00156441      : 0    : 43.4186
  TaskWaitCommTime  [seconds] : 0.000145817     : 126  : 0.000211315     : 4.56495e-05     : 0.000624896     : 0    : 66.184
  NumberOfTasks     [tasks  ] : 6               : 0    : 6               : 0               : 6               : 0    : 0
  NumberOfPatches   [patches] : 1               : 0    : 1               : 0               : 1               : 0    : 0
  NumberOfCells     [cells  ] : 32768           : 0    : 32768           : 0               : 32768           : 0    : 0
  SCIMemoryUsed     [MBytes ] : 1.33517e+08     : 53   : 1.3438e+08      : 315264          : 1.35115e+08     : 113  : 0.544012
  SCIMemoryMaxUsed  [MBytes ] : 1.33517e+08     : 53   : 1.3438e+08      : 315264          : 1.35115e+08     : 113  : 0.544012
  MemoryUsed        [MBytes ] : 7.3615e+08      : 49   : 7.59029e+08     : 8.45042e+06     : 7.79088e+08     : 13   : 2.5746
  MemoryResident    [MBytes ] : 1.33517e+08     : 53   : 1.3438e+08      : 315264          : 1.35115e+08     : 113  : 0.544012
  Percentage of time spent in overhead : 0.393958
Sus: going down successfully
