Parallel: 32 MPI processes (using MPI)
Parallel: MPI Level Required: 0, provided: 0
Date:       Thu Aug 25 11:42:33 2022
Machine:    ash253
git branch:wasatch-low-cost-integ-cmake
git date:   Sat Jul 30 10:34:22 2022 -0600
git hash:   9315f9f96fa6304db4fe79378b145f37ea40016d
Assertion level: 0
CFLAGS:          
CXXFLAGS:        
______________________________________________________________________
Application Component: 	'wasatch'

-------------------------------------------------------------
Wasatch was built against:
  SpatialOps HASH: bd7a2bac76e42e2cb528b02e2cf1291d05c71926
             DATE: Fri Nov 12 11:34:54 2021 -0700
     ExprLib HASH: d2950c77edb22e5f3669ddaaf2d2ed29ceb24d2c
             DATE: Thu Aug 5 12:26:26 2021 -0600
    TabProps HASH: eca0dc5f26b20d4f6b1cebe51b1ae97e11871e83
             DATE: Wed Aug 11 20:11:26 2021 -0600
-------------------------------------------------------------

Linear Solver: 		hypre
Load Balancer: 		Simple
Scheduler: 		MPI
Patch layout: 		(4,4,2)
Grid statistics:
Number of levels:		1
Level 0:
  Periodic boundaries:		[int 1, 1, 1]
  Number of patches:		32
  Total number of cells:	1048576 (32768 avg. per patch)
Total patches in grid:		32
Total cells in grid:		1048576 (32768 avg. per patch)

Using small, individual MPI messages (no message combining)
Detected solver: hypre
SETTING UP CONVECTIVE FLUX EXPRESSION IN X DIRECTION USING CENTRAL
SETTING UP CONVECTIVE FLUX EXPRESSION IN Y DIRECTION USING CENTRAL
SETTING UP CONVECTIVE FLUX EXPRESSION IN Z DIRECTION USING CENTRAL
Setting initial conditions for scalability test equation: scalability0
SETTING UP CONVECTIVE FLUX EXPRESSION IN X DIRECTION USING CENTRAL
SETTING UP CONVECTIVE FLUX EXPRESSION IN Y DIRECTION USING CENTRAL
SETTING UP CONVECTIVE FLUX EXPRESSION IN Z DIRECTION USING CENTRAL
Setting initial conditions for scalability test equation: scalability1
SETTING UP CONVECTIVE FLUX EXPRESSION IN X DIRECTION USING CENTRAL
SETTING UP CONVECTIVE FLUX EXPRESSION IN Y DIRECTION USING CENTRAL
SETTING UP CONVECTIVE FLUX EXPRESSION IN Z DIRECTION USING CENTRAL
Setting initial conditions for scalability test equation: scalability2
------------------------------------------------
No BoundaryConditions specified
  This message will only occur once

Compiling initialization taskgraph.
------------------------------------------------
SETTING INITIAL BOUNDARY CONDITIONS:
------------------------------------------------
Setting Initial BCs for transport equation 'scalability0'
Setting Initial BCs for transport equation 'scalability1'
Setting Initial BCs for transport equation 'scalability2'
------------------------------------------------
Wasatch: done creating initialization task(s)
Scheduling Task 'compute timestep' COMPUTES 'delT' in NEW data warehouse
Wasatch: done creating timestep task(s)
Done with taskgraph compile (0.000189317 seconds)
Warning: addContribution not implemented for LoadBalancerCommon.
WARNING at time step 0 and sim time 0 : lowering the next delT from 1 to the maximum: 1e-05

________________________________________________________________________________
--------------------------------------------------------------------------------
MPIStats:+
--------------------------------------------------------------------------------
                Name:       Total:         Avg:         Min:         Max:    Max rank: Hist %% [  Q1 |  Q2 |  Q3 |  Q4 ]:  %%Load Imbalance
         Count: Comm:           32            1            1            1           23           100.0   0.0   0.0   0.0     0.0
         Count: Gath:           64            2            2            2            7           100.0   0.0   0.0   0.0     0.0
         Count: Redu:           32            1            1            1           11           100.0   0.0   0.0   0.0     0.0
          Time: Comm:        77 ms      2.41 ms     0.813 ms      5.85 ms           26            43.8  37.5   6.2  12.5    58.9
          Time: Gath:      1.47 s       46.1 ms      21.4 ms      70.9 ms            7            50.0   0.0   3.1  46.9    35.0
          Time: Redu:     0.166 s       5.19 ms    0.0314 ms      10.8 ms            1            50.0   3.1   0.0  46.9    51.8
Volume Recv TOTAL   :      26.3 KB        841 B        841 B        841 B           18           100.0   0.0   0.0   0.0     0.0
Volume Recv0: <= 64B:           32            1            1            1            2           100.0   0.0   0.0   0.0     0.0
Volume Recv1: <= 4KB:           64            2            2            2           28           100.0   0.0   0.0   0.0     0.0
Volume Send TOTAL   :      8.84 KB        283 B        281 B        285 B            4            50.0   0.0   0.0  50.0     0.7
Volume Send0: <= 64B:           64            2            2            2           24           100.0   0.0   0.0   0.0     0.0
Volume Send1: <= 4KB:           32            1            1            1            8           100.0   0.0   0.0   0.0     0.0


Simulation and run time stats are reported at the end of each time step
EMA == Wall time as an exponential moving average using a window of the last 10 time steps
Timestep 0       Time=0           Next delT=1e-05       Wall Time=0.0952379 EMA=0.0919539   Memory Used=133.48 MBs (avg) 134.59 MBs (max on rank: 0     )
Warning: finalizeContributions not implemented for LoadBalancerCommon.
Warning: resetCostForecaster not implemented for LoadBalancerCommon.
Compiling taskgraph(s)...
------------------------------------------------
SETTING BOUNDARY CONDITIONS:
------------------------------------------------
Setting BCs for transport equation 'scalability0'
Setting BCs for transport equation 'scalability1'
Setting BCs for transport equation 'scalability2'
------------------------------------------------
Wasatch: done creating solution task(s)
Wasatch: done creating post-processing task(s)
Scheduling Task 'compute timestep' COMPUTES 'delT' in NEW data warehouse
Wasatch: done creating timestep task(s)
Done with taskgraph compile (3.65979 seconds)

________________________________________________________________________________
--------------------------------------------------------------------------------
MPIStats:+
--------------------------------------------------------------------------------
                Name:       Total:         Avg:         Min:         Max:    Max rank: Hist %% [  Q1 |  Q2 |  Q3 |  Q4 ]:  %%Load Imbalance
         Count: Recv:          544           17           17           17           27           100.0   0.0   0.0   0.0     0.0
         Count: Redu:          256            8            8            8           11           100.0   0.0   0.0   0.0     0.0
         Count: Send:          544           17           17           17           29           100.0   0.0   0.0   0.0     0.0
         Count: Test:          330         10.3            6           20           12            56.2  18.8   3.1  21.9    48.4
         Count: Wait:          896           28           28           28           21           100.0   0.0   0.0   0.0     0.0
          Time: Recv:       0.9 ms    0.0281 ms  9.62e+03 ns    0.0521 ms            7            40.6   6.2  31.2  21.9    46.0
          Time: Redu:      50.7 s       1.58 s      0.704 ms      3.62 s            12            56.2   0.0   0.0  43.8    56.2
          Time: Send:     0.846 s       26.4 ms     0.396 ms      31.6 ms           19             3.1   0.0   6.2  90.6    16.4
          Time: Test:      17.3 ms      0.54 ms  6.24e+03 ns      3.67 ms           24            75.0  12.5   6.2   6.2    85.3
          Time: Wait:      61.7 s       1.93 s      0.194 ms      3.63 s             3            46.9   0.0   0.0  53.1    46.9
Volume Recv TOTAL   :       4.8 MB       153 KB       153 KB       155 KB            0            96.9   0.0   0.0   3.1     1.3
Volume Recv0: <= 64B:          161         5.03            5            6            0            96.9   0.0   0.0   3.1    16.1
Volume Recv1: <= 4KB:          293         9.16            9           14            0            96.9   0.0   0.0   3.1    34.6
Volume Recv2: <= 2MB:          160            5            5            5           12           100.0   0.0   0.0   0.0     0.0
Volume Send TOTAL   :      4.86 MB       155 KB       155 KB       155 KB            4           100.0   0.0   0.0   0.0     0.0
Volume Send0: <= 64B:          192            6            6            6           24           100.0   0.0   0.0   0.0     0.0
Volume Send1: <= 4KB:          448           14           14           14            8           100.0   0.0   0.0   0.0     0.0
Volume Send2: <= 2MB:          160            5            5            5           16           100.0   0.0   0.0   0.0     0.0

Timestep 1       Time=1e-05       Next delT=1e-05       Wall Time=3.7665    EMA=3.67121     Memory Used=141.12 MBs (avg) 142.13 MBs (max on rank: 0     )
Runtime Summary  summary stats for time step 1 at time=1e-05
  Description       Units       Minimum           Rank   Average (32)      Std. Dev.         Maximum           Rank   100*(1-ave/max) '% load imbalance'
  Compilation       [seconds] : 0.00537181      : 8    : 0.120766        : 0.645799        : 3.65979         : 0    : 96.7002
  TaskExec          [seconds] : 0.00970857      : 0    : 1.62022         : 1.82638         : 3.66217         : 21   : 55.7579
  TaskLocalComm     [seconds] : 0.00140458      : 0    : 0.0272072       : 0.00535639      : 0.0323181       : 19   : 15.8143
  TaskWaitCommTime  [seconds] : 0.000304502     : 0    : 1.9287          : 1.83702         : 3.63062         : 3    : 46.8768
  NumberOfTasks     [tasks  ] : 6               : 0    : 6               : 0               : 6               : 0    : 0
  NumberOfPatches   [patches] : 1               : 0    : 1               : 0               : 1               : 0    : 0
  NumberOfCells     [cells  ] : 32768           : 0    : 32768           : 0               : 32768           : 0    : 0
  SCIMemoryUsed     [MBytes ] : 1.40587e+08     : 14   : 1.41118e+08     : 301674          : 1.42127e+08     : 0    : 0.710305
  SCIMemoryMaxUsed  [MBytes ] : 1.40587e+08     : 14   : 1.41118e+08     : 301674          : 1.42127e+08     : 0    : 0.710305
  MemoryUsed        [MBytes ] : 7.51849e+08     : 4    : 7.61303e+08     : 5.4437e+06      : 7.73947e+08     : 0    : 1.63378
  MemoryResident    [MBytes ] : 1.40587e+08     : 14   : 1.41118e+08     : 301674          : 1.42127e+08     : 0    : 0.710305
  Percentage of time spent in overhead : 3.26668

________________________________________________________________________________
--------------------------------------------------------------------------------
MPIStats:+
--------------------------------------------------------------------------------
                Name:       Total:         Avg:         Min:         Max:    Max rank: Hist %% [  Q1 |  Q2 |  Q3 |  Q4 ]:  %%Load Imbalance
         Count: Recv:          544           17           17           17           27           100.0   0.0   0.0   0.0     0.0
         Count: Redu:          256            8            8            8           11           100.0   0.0   0.0   0.0     0.0
         Count: Send:          544           17           17           17           29           100.0   0.0   0.0   0.0     0.0
         Count: Test:          223         6.97            6           11           31            71.9   9.4   9.4   9.4    36.6
         Count: Wait:          896           28           28           28           21           100.0   0.0   0.0   0.0     0.0
          Time: Recv:      0.44 ms    0.0137 ms  7.68e+03 ns    0.0347 ms           27            65.6  18.8  12.5   3.1    60.4
          Time: Redu:      74.6 ms      2.33 ms     0.228 ms      3.09 ms           14             6.2   0.0  53.1  40.6    24.7
          Time: Send:      6.38 ms     0.199 ms    0.0692 ms     0.331 ms            9            12.5  40.6  31.2  15.6    39.9
          Time: Test:     0.303 ms  9.48e+03 ns  1.98e+03 ns    0.0519 ms           24            75.0  18.8   3.1   3.1    81.7
          Time: Wait:      3.27 ms     0.102 ms    0.0752 ms     0.212 ms            1            81.2   9.4   0.0   9.4    51.8
Volume Recv TOTAL   :       4.8 MB       153 KB       153 KB       155 KB            0            96.9   0.0   0.0   3.1     1.3
Volume Recv0: <= 64B:          161         5.03            5            6            0            96.9   0.0   0.0   3.1    16.1
Volume Recv1: <= 4KB:          293         9.16            9           14            0            96.9   0.0   0.0   3.1    34.6
Volume Recv2: <= 2MB:          160            5            5            5           12           100.0   0.0   0.0   0.0     0.0
Volume Send TOTAL   :      4.86 MB       155 KB       155 KB       155 KB            4           100.0   0.0   0.0   0.0     0.0
Volume Send0: <= 64B:          192            6            6            6           24           100.0   0.0   0.0   0.0     0.0
Volume Send1: <= 4KB:          448           14           14           14            8           100.0   0.0   0.0   0.0     0.0
Volume Send2: <= 2MB:          160            5            5            5           16           100.0   0.0   0.0   0.0     0.0

Timestep 2       Time=2e-05       Next delT=1e-05       Wall Time=3.77715   EMA=1.23084     Memory Used=141.19 MBs (avg) 142.39 MBs (max on rank: 0     )
Runtime Summary  summary stats for time step 2 at time=2e-05
  Description       Units       Minimum           Rank   Average (32)      Std. Dev.         Maximum           Rank   100*(1-ave/max) '% load imbalance'
  TaskExec          [seconds] : 0.00859455      : 0    : 0.00928193      : 0.000147148     : 0.0094194       : 9    : 1.45945
  TaskLocalComm     [seconds] : 0.000770094     : 27   : 0.000904262     : 0.000106342     : 0.00128701      : 12   : 29.7392
  TaskWaitCommTime  [seconds] : 0.000156029     : 11   : 0.000186186     : 4.25485e-05     : 0.000343898     : 0    : 45.86
  NumberOfTasks     [tasks  ] : 6               : 0    : 6               : 0               : 6               : 0    : 0
  NumberOfPatches   [patches] : 1               : 0    : 1               : 0               : 1               : 0    : 0
  NumberOfCells     [cells  ] : 32768           : 0    : 32768           : 0               : 32768           : 0    : 0
  SCIMemoryUsed     [MBytes ] : 1.40587e+08     : 14   : 1.41185e+08     : 332079          : 1.42393e+08     : 0    : 0.848489
  SCIMemoryMaxUsed  [MBytes ] : 1.40587e+08     : 14   : 1.41185e+08     : 332079          : 1.42393e+08     : 0    : 0.848489
  MemoryUsed        [MBytes ] : 7.51849e+08     : 4    : 7.61303e+08     : 5.4437e+06      : 7.73947e+08     : 0    : 1.63378
  MemoryResident    [MBytes ] : 1.40587e+08     : 14   : 1.41185e+08     : 332079          : 1.42393e+08     : 0    : 0.848489
  Percentage of time spent in overhead : 1.63333

________________________________________________________________________________
--------------------------------------------------------------------------------
MPIStats:+
--------------------------------------------------------------------------------
                Name:       Total:         Avg:         Min:         Max:    Max rank: Hist %% [  Q1 |  Q2 |  Q3 |  Q4 ]:  %%Load Imbalance
         Count: Recv:          544           17           17           17           27           100.0   0.0   0.0   0.0     0.0
         Count: Redu:          256            8            8            8           11           100.0   0.0   0.0   0.0     0.0
         Count: Send:          544           17           17           17           29           100.0   0.0   0.0   0.0     0.0
         Count: Test:          219         6.84            6           11           31            75.0   9.4   6.2   9.4    37.8
         Count: Wait:          896           28           28           28           21           100.0   0.0   0.0   0.0     0.0
          Time: Recv:     0.474 ms    0.0148 ms  8.34e+03 ns     0.036 ms           31            68.8  12.5   6.2  12.5    58.9
          Time: Redu:      65.9 ms      2.06 ms     0.202 ms      2.85 ms           10             6.2   3.1  46.9  43.8    27.7
          Time: Send:      3.16 ms    0.0986 ms    0.0589 ms     0.202 ms           29            62.5   3.1  25.0   9.4    51.1
          Time: Test:      0.32 ms      0.01 ms     2e+03 ns    0.0365 ms           28            65.6  12.5  15.6   6.2    72.6
          Time: Wait:      2.97 ms    0.0928 ms    0.0627 ms     0.175 ms            1            53.1  40.6   3.1   3.1    47.1
Volume Recv TOTAL   :       4.8 MB       153 KB       153 KB       155 KB            0            96.9   0.0   0.0   3.1     1.3
Volume Recv0: <= 64B:          161         5.03            5            6            0            96.9   0.0   0.0   3.1    16.1
Volume Recv1: <= 4KB:          293         9.16            9           14            0            96.9   0.0   0.0   3.1    34.6
Volume Recv2: <= 2MB:          160            5            5            5           12           100.0   0.0   0.0   0.0     0.0
Volume Send TOTAL   :      4.86 MB       155 KB       155 KB       155 KB            4           100.0   0.0   0.0   0.0     0.0
Volume Send0: <= 64B:          192            6            6            6           24           100.0   0.0   0.0   0.0     0.0
Volume Send1: <= 4KB:          448           14           14           14            8           100.0   0.0   0.0   0.0     0.0
Volume Send2: <= 2MB:          160            5            5            5           16           100.0   0.0   0.0   0.0     0.0

Timestep 3       Time=3e-05       Next delT=1e-05       Wall Time=3.78756   EMA=0.620626    Memory Used=141.31 MBs (avg) 142.39 MBs (max on rank: 0     )
Runtime Summary  summary stats for time step 3 at time=3e-05
  Description       Units       Minimum           Rank   Average (32)      Std. Dev.         Maximum           Rank   100*(1-ave/max) '% load imbalance'
  TaskExec          [seconds] : 0.00844932      : 0    : 0.0090727       : 0.000137876     : 0.00919644      : 5    : 1.34551
  TaskLocalComm     [seconds] : 0.000671614     : 13   : 0.000776415     : 0.000100734     : 0.00114127      : 12   : 31.9695
  TaskWaitCommTime  [seconds] : 0.000147584     : 27   : 0.000176259     : 3.19426e-05     : 0.000306811     : 0    : 42.5514
  NumberOfTasks     [tasks  ] : 6               : 0    : 6               : 0               : 6               : 0    : 0
  NumberOfPatches   [patches] : 1               : 0    : 1               : 0               : 1               : 0    : 0
  NumberOfCells     [cells  ] : 32768           : 0    : 32768           : 0               : 32768           : 0    : 0
  SCIMemoryUsed     [MBytes ] : 1.40587e+08     : 14   : 1.4131e+08      : 345943          : 1.42393e+08     : 0    : 0.760485
  SCIMemoryMaxUsed  [MBytes ] : 1.40587e+08     : 14   : 1.4131e+08      : 345943          : 1.42393e+08     : 0    : 0.760485
  MemoryUsed        [MBytes ] : 7.51849e+08     : 4    : 7.61303e+08     : 5.4437e+06      : 7.73947e+08     : 0    : 1.63378
  MemoryResident    [MBytes ] : 1.40587e+08     : 14   : 1.4131e+08      : 345943          : 1.42393e+08     : 0    : 0.760485
  Percentage of time spent in overhead : 1.08881

________________________________________________________________________________
--------------------------------------------------------------------------------
MPIStats:+
--------------------------------------------------------------------------------
                Name:       Total:         Avg:         Min:         Max:    Max rank: Hist %% [  Q1 |  Q2 |  Q3 |  Q4 ]:  %%Load Imbalance
         Count: Recv:          544           17           17           17           27           100.0   0.0   0.0   0.0     0.0
         Count: Redu:          256            8            8            8           11           100.0   0.0   0.0   0.0     0.0
         Count: Send:          544           17           17           17           29           100.0   0.0   0.0   0.0     0.0
         Count: Test:          222         6.94            6           11           31            75.0   9.4   0.0  15.6    36.9
         Count: Wait:          896           28           28           28           21           100.0   0.0   0.0   0.0     0.0
          Time: Recv:     0.469 ms    0.0147 ms  8.12e+03 ns    0.0386 ms           31            68.8  15.6   6.2   9.4    62.0
          Time: Redu:      72.8 ms      2.27 ms     0.202 ms      2.93 ms            8             6.2   0.0  50.0  43.8    22.3
          Time: Send:      3.32 ms     0.104 ms    0.0592 ms     0.231 ms            9            62.5  18.8   9.4   9.4    55.1
          Time: Test:     0.263 ms  8.21e+03 ns  1.88e+03 ns    0.0243 ms           26            59.4  15.6   6.2  18.8    66.2
          Time: Wait:       2.9 ms    0.0908 ms    0.0647 ms     0.177 ms            0            62.5  28.1   6.2   3.1    48.6
Volume Recv TOTAL   :       4.8 MB       153 KB       153 KB       155 KB            0            96.9   0.0   0.0   3.1     1.3
Volume Recv0: <= 64B:          161         5.03            5            6            0            96.9   0.0   0.0   3.1    16.1
Volume Recv1: <= 4KB:          293         9.16            9           14            0            96.9   0.0   0.0   3.1    34.6
Volume Recv2: <= 2MB:          160            5            5            5           12           100.0   0.0   0.0   0.0     0.0
Volume Send TOTAL   :      4.86 MB       155 KB       155 KB       155 KB            4           100.0   0.0   0.0   0.0     0.0
Volume Send0: <= 64B:          192            6            6            6           24           100.0   0.0   0.0   0.0     0.0
Volume Send1: <= 4KB:          448           14           14           14            8           100.0   0.0   0.0   0.0     0.0
Volume Send2: <= 2MB:          160            5            5            5           16           100.0   0.0   0.0   0.0     0.0

Timestep 4       Time=4e-05       Next delT=1e-05       Wall Time=3.79809   EMA=0.376587    Memory Used=141.41 MBs (avg) 142.39 MBs (max on rank: 0     )
Runtime Summary  summary stats for time step 4 at time=4e-05
  Description       Units       Minimum           Rank   Average (32)      Std. Dev.         Maximum           Rank   100*(1-ave/max) '% load imbalance'
  TaskExec          [seconds] : 0.00852894      : 0    : 0.00920889      : 0.00013795      : 0.00931264      : 9    : 1.11413
  TaskLocalComm     [seconds] : 0.000682708     : 3    : 0.000785552     : 9.27684e-05     : 0.0010826       : 0    : 27.4385
  TaskWaitCommTime  [seconds] : 0.000147869     : 31   : 0.000174655     : 3.85057e-05     : 0.000363161     : 0    : 51.9071
  NumberOfTasks     [tasks  ] : 6               : 0    : 6               : 0               : 6               : 0    : 0
  NumberOfPatches   [patches] : 1               : 0    : 1               : 0               : 1               : 0    : 0
  NumberOfCells     [cells  ] : 32768           : 0    : 32768           : 0               : 32768           : 0    : 0
  SCIMemoryUsed     [MBytes ] : 1.40796e+08     : 27   : 1.41413e+08     : 301602          : 1.42393e+08     : 0    : 0.688751
  SCIMemoryMaxUsed  [MBytes ] : 1.40796e+08     : 27   : 1.41413e+08     : 301602          : 1.42393e+08     : 0    : 0.688751
  MemoryUsed        [MBytes ] : 7.51849e+08     : 4    : 7.61303e+08     : 5.4437e+06      : 7.73947e+08     : 0    : 1.63378
  MemoryResident    [MBytes ] : 1.40796e+08     : 27   : 1.41413e+08     : 301602          : 1.42393e+08     : 0    : 0.688751
  Percentage of time spent in overhead : 0.816441

________________________________________________________________________________
--------------------------------------------------------------------------------
MPIStats:+
--------------------------------------------------------------------------------
                Name:       Total:         Avg:         Min:         Max:    Max rank: Hist %% [  Q1 |  Q2 |  Q3 |  Q4 ]:  %%Load Imbalance
         Count: Recv:          544           17           17           17           27           100.0   0.0   0.0   0.0     0.0
         Count: Redu:          256            8            8            8           11           100.0   0.0   0.0   0.0     0.0
         Count: Send:          544           17           17           17           29           100.0   0.0   0.0   0.0     0.0
         Count: Test:          221         6.91            6           11           31            75.0   9.4   6.2   9.4    37.2
         Count: Wait:          896           28           28           28           21           100.0   0.0   0.0   0.0     0.0
          Time: Recv:     0.454 ms    0.0142 ms   8.9e+03 ns    0.0336 ms           31            68.8  12.5  12.5   6.2    57.7
          Time: Redu:      63.9 ms         2 ms     0.184 ms      2.71 ms            8             6.2   0.0  50.0  43.8    26.3
          Time: Send:      3.05 ms    0.0952 ms     0.058 ms     0.191 ms           25            68.8   0.0  15.6  15.6    50.2
          Time: Test:       0.3 ms  9.37e+03 ns  2.02e+03 ns    0.0427 ms           23            68.8  18.8   9.4   3.1    78.1
          Time: Wait:      3.07 ms    0.0959 ms    0.0664 ms     0.282 ms            1            90.6   3.1   3.1   3.1    66.0
Volume Recv TOTAL   :       4.8 MB       153 KB       153 KB       155 KB            0            96.9   0.0   0.0   3.1     1.3
Volume Recv0: <= 64B:          161         5.03            5            6            0            96.9   0.0   0.0   3.1    16.1
Volume Recv1: <= 4KB:          293         9.16            9           14            0            96.9   0.0   0.0   3.1    34.6
Volume Recv2: <= 2MB:          160            5            5            5           12           100.0   0.0   0.0   0.0     0.0
Volume Send TOTAL   :      4.86 MB       155 KB       155 KB       155 KB            4           100.0   0.0   0.0   0.0     0.0
Volume Send0: <= 64B:          192            6            6            6           24           100.0   0.0   0.0   0.0     0.0
Volume Send1: <= 4KB:          448           14           14           14            8           100.0   0.0   0.0   0.0     0.0
Volume Send2: <= 2MB:          160            5            5            5           16           100.0   0.0   0.0   0.0     0.0

Timestep 5       Time=5e-05       Next delT=1e-05       Wall Time=3.80825   EMA=0.254445    Memory Used=141.48 MBs (avg) 142.69 MBs (max on rank: 0     )
Runtime Summary  summary stats for time step 5 at time=5e-05
  Description       Units       Minimum           Rank   Average (32)      Std. Dev.         Maximum           Rank   100*(1-ave/max) '% load imbalance'
  TaskExec          [seconds] : 0.00829119      : 0    : 0.00900832      : 0.000150701     : 0.00914007      : 3    : 1.44147
  TaskLocalComm     [seconds] : 0.000679395     : 9    : 0.000782843     : 0.000109665     : 0.00123116      : 0    : 36.4139
  TaskWaitCommTime  [seconds] : 0.000152123     : 30   : 0.000179339     : 4.59517e-05     : 0.000355006     : 1    : 49.4829
  NumberOfTasks     [tasks  ] : 6               : 0    : 6               : 0               : 6               : 0    : 0
  NumberOfPatches   [patches] : 1               : 0    : 1               : 0               : 1               : 0    : 0
  NumberOfCells     [cells  ] : 32768           : 0    : 32768           : 0               : 32768           : 0    : 0
  SCIMemoryUsed     [MBytes ] : 1.40972e+08     : 10   : 1.41476e+08     : 321100          : 1.42692e+08     : 0    : 0.852093
  SCIMemoryMaxUsed  [MBytes ] : 1.40972e+08     : 10   : 1.41476e+08     : 321100          : 1.42692e+08     : 0    : 0.852093
  MemoryUsed        [MBytes ] : 7.51849e+08     : 4    : 7.61303e+08     : 5.4437e+06      : 7.73947e+08     : 0    : 1.63378
  MemoryResident    [MBytes ] : 1.40972e+08     : 10   : 1.41476e+08     : 321100          : 1.42692e+08     : 0    : 0.852093
  Percentage of time spent in overhead : 0.652887

________________________________________________________________________________
--------------------------------------------------------------------------------
MPIStats:+
--------------------------------------------------------------------------------
                Name:       Total:         Avg:         Min:         Max:    Max rank: Hist %% [  Q1 |  Q2 |  Q3 |  Q4 ]:  %%Load Imbalance
         Count: Recv:          544           17           17           17           27           100.0   0.0   0.0   0.0     0.0
         Count: Redu:          256            8            8            8           11           100.0   0.0   0.0   0.0     0.0
         Count: Send:          544           17           17           17           29           100.0   0.0   0.0   0.0     0.0
         Count: Test:          223         6.97            6           11           31            75.0   9.4   3.1  12.5    36.6
         Count: Wait:          896           28           28           28           21           100.0   0.0   0.0   0.0     0.0
          Time: Recv:     0.444 ms    0.0139 ms  8.31e+03 ns    0.0346 ms           31            68.8   9.4  15.6   6.2    59.9
          Time: Redu:      22.3 ms     0.698 ms     0.313 ms      1.05 ms            3            28.1  21.9   9.4  40.6    33.6
          Time: Send:      2.56 ms      0.08 ms    0.0469 ms     0.221 ms           15            87.5   0.0   6.2   6.2    63.8
          Time: Test:     0.319 ms  9.98e+03 ns  1.95e+03 ns    0.0351 ms           21            53.1  28.1  12.5   6.2    71.6
          Time: Wait:      2.82 ms    0.0882 ms      0.07 ms     0.105 ms           20            25.0  18.8  31.2  25.0    16.0
Volume Recv TOTAL   :       4.8 MB       153 KB       153 KB       155 KB            0            96.9   0.0   0.0   3.1     1.3
Volume Recv0: <= 64B:          161         5.03            5            6            0            96.9   0.0   0.0   3.1    16.1
Volume Recv1: <= 4KB:          293         9.16            9           14            0            96.9   0.0   0.0   3.1    34.6
Volume Recv2: <= 2MB:          160            5            5            5           12           100.0   0.0   0.0   0.0     0.0
Volume Send TOTAL   :      4.86 MB       155 KB       155 KB       155 KB            4           100.0   0.0   0.0   0.0     0.0
Volume Send0: <= 64B:          192            6            6            6           24           100.0   0.0   0.0   0.0     0.0
Volume Send1: <= 4KB:          448           14           14           14            8           100.0   0.0   0.0   0.0     0.0
Volume Send2: <= 2MB:          160            5            5            5           16           100.0   0.0   0.0   0.0     0.0

Timestep 6       Time=6e-05       Next delT=1e-05       Wall Time=3.81732   EMA=0.184338    Memory Used=141.52 MBs (avg) 142.69 MBs (max on rank: 0     )
Runtime Summary  summary stats for time step 6 at time=6e-05
  Description       Units       Minimum           Rank   Average (32)      Std. Dev.         Maximum           Rank   100*(1-ave/max) '% load imbalance'
  TaskExec          [seconds] : 0.00777712      : 0    : 0.00795529      : 5.86117e-05     : 0.00803373      : 3    : 0.976349
  TaskLocalComm     [seconds] : 0.000613057     : 0    : 0.00073949      : 4.77217e-05     : 0.00083274      : 15   : 11.198
  TaskWaitCommTime  [seconds] : 0.000156035     : 27   : 0.000169617     : 1.00937e-05     : 0.000191854     : 20   : 11.5908
  NumberOfTasks     [tasks  ] : 6               : 0    : 6               : 0               : 6               : 0    : 0
  NumberOfPatches   [patches] : 1               : 0    : 1               : 0               : 1               : 0    : 0
  NumberOfCells     [cells  ] : 32768           : 0    : 32768           : 0               : 32768           : 0    : 0
  SCIMemoryUsed     [MBytes ] : 1.41013e+08     : 14   : 1.41519e+08     : 331770          : 1.42692e+08     : 0    : 0.822401
  SCIMemoryMaxUsed  [MBytes ] : 1.41013e+08     : 14   : 1.41519e+08     : 331770          : 1.42692e+08     : 0    : 0.822401
  MemoryUsed        [MBytes ] : 7.51849e+08     : 4    : 7.61303e+08     : 5.4437e+06      : 7.73947e+08     : 0    : 1.63378
  MemoryResident    [MBytes ] : 1.41013e+08     : 14   : 1.41519e+08     : 331770          : 1.42692e+08     : 0    : 0.822401
  Percentage of time spent in overhead : 0.543703

________________________________________________________________________________
--------------------------------------------------------------------------------
MPIStats:+
--------------------------------------------------------------------------------
                Name:       Total:         Avg:         Min:         Max:    Max rank: Hist %% [  Q1 |  Q2 |  Q3 |  Q4 ]:  %%Load Imbalance
         Count: Recv:          544           17           17           17           27           100.0   0.0   0.0   0.0     0.0
         Count: Redu:          256            8            8            8           11           100.0   0.0   0.0   0.0     0.0
         Count: Send:          544           17           17           17           29           100.0   0.0   0.0   0.0     0.0
         Count: Test:          221         6.91            6           11           31            75.0   9.4   3.1  12.5    37.2
         Count: Wait:          896           28           28           28           21           100.0   0.0   0.0   0.0     0.0
          Time: Recv:     0.442 ms    0.0138 ms  8.54e+03 ns    0.0339 ms           31            68.8   9.4  18.8   3.1    59.3
          Time: Redu:      24.1 ms     0.753 ms     0.323 ms      1.12 ms           15            25.0  28.1   0.0  46.9    32.6
          Time: Send:         3 ms    0.0938 ms     0.053 ms     0.204 ms           17            71.9   0.0  12.5  15.6    54.0
          Time: Test:     0.221 ms  6.92e+03 ns  1.85e+03 ns    0.0276 ms           25            65.6  21.9   6.2   6.2    74.9
          Time: Wait:      2.79 ms    0.0872 ms    0.0684 ms     0.105 ms            7            15.6  25.0  40.6  18.8    17.1
Volume Recv TOTAL   :       4.8 MB       153 KB       153 KB       155 KB            0            96.9   0.0   0.0   3.1     1.3
Volume Recv0: <= 64B:          161         5.03            5            6            0            96.9   0.0   0.0   3.1    16.1
Volume Recv1: <= 4KB:          293         9.16            9           14            0            96.9   0.0   0.0   3.1    34.6
Volume Recv2: <= 2MB:          160            5            5            5           12           100.0   0.0   0.0   0.0     0.0
Volume Send TOTAL   :      4.86 MB       155 KB       155 KB       155 KB            4           100.0   0.0   0.0   0.0     0.0
Volume Send0: <= 64B:          192            6            6            6           24           100.0   0.0   0.0   0.0     0.0
Volume Send1: <= 4KB:          448           14           14           14            8           100.0   0.0   0.0   0.0     0.0
Volume Send2: <= 2MB:          160            5            5            5           16           100.0   0.0   0.0   0.0     0.0

Timestep 7       Time=7e-05       Next delT=1e-05       Wall Time=3.82638   EMA=0.140518    Memory Used=141.63 MBs (avg) 142.96 MBs (max on rank: 0     )
Runtime Summary  summary stats for time step 7 at time=7e-05
  Description       Units       Minimum           Rank   Average (32)      Std. Dev.         Maximum           Rank   100*(1-ave/max) '% load imbalance'
  TaskExec          [seconds] : 0.00778903      : 0    : 0.0079495       : 5.49212e-05     : 0.00801521      : 13   : 0.819807
  TaskLocalComm     [seconds] : 0.000652392     : 12   : 0.000752796     : 5.35051e-05     : 0.000876053     : 17   : 14.0696
  TaskWaitCommTime  [seconds] : 0.000153505     : 31   : 0.000170304     : 8.78729e-06     : 0.000185142     : 4    : 8.01449
  NumberOfTasks     [tasks  ] : 6               : 0    : 6               : 0               : 6               : 0    : 0
  NumberOfPatches   [patches] : 1               : 0    : 1               : 0               : 1               : 0    : 0
  NumberOfCells     [cells  ] : 32768           : 0    : 32768           : 0               : 32768           : 0    : 0
  SCIMemoryUsed     [MBytes ] : 1.41013e+08     : 14   : 1.4163e+08      : 367244          : 1.42963e+08     : 0    : 0.932495
  SCIMemoryMaxUsed  [MBytes ] : 1.41013e+08     : 14   : 1.4163e+08      : 367244          : 1.42963e+08     : 0    : 0.932495
  MemoryUsed        [MBytes ] : 7.51849e+08     : 4    : 7.61303e+08     : 5.4437e+06      : 7.73947e+08     : 0    : 1.63378
  MemoryResident    [MBytes ] : 1.41013e+08     : 14   : 1.4163e+08      : 367244          : 1.42963e+08     : 0    : 0.932495
  Percentage of time spent in overhead : 0.465552

________________________________________________________________________________
--------------------------------------------------------------------------------
MPIStats:+
--------------------------------------------------------------------------------
                Name:       Total:         Avg:         Min:         Max:    Max rank: Hist %% [  Q1 |  Q2 |  Q3 |  Q4 ]:  %%Load Imbalance
         Count: Recv:          544           17           17           17           27           100.0   0.0   0.0   0.0     0.0
         Count: Redu:          256            8            8            8           11           100.0   0.0   0.0   0.0     0.0
         Count: Send:          544           17           17           17           29           100.0   0.0   0.0   0.0     0.0
         Count: Test:          221         6.91            6           11           31            71.9  12.5   6.2   9.4    37.2
         Count: Wait:          896           28           28           28           21           100.0   0.0   0.0   0.0     0.0
          Time: Recv:     0.443 ms    0.0138 ms  8.51e+03 ns    0.0339 ms           31            68.8   9.4  15.6   6.2    59.3
          Time: Redu:      25.2 ms     0.787 ms     0.333 ms      1.24 ms           13            50.0   0.0   9.4  40.6    36.4
          Time: Send:      2.55 ms    0.0798 ms    0.0571 ms     0.176 ms           14            81.2   3.1   9.4   6.2    54.8
          Time: Test:     0.321 ms      0.01 ms  1.91e+03 ns    0.0461 ms           30            68.8  21.9   6.2   3.1    78.2
          Time: Wait:      2.84 ms    0.0889 ms    0.0713 ms     0.113 ms           17            31.2  34.4  18.8  15.6    21.2
Volume Recv TOTAL   :       4.8 MB       153 KB       153 KB       155 KB            0            96.9   0.0   0.0   3.1     1.3
Volume Recv0: <= 64B:          161         5.03            5            6            0            96.9   0.0   0.0   3.1    16.1
Volume Recv1: <= 4KB:          293         9.16            9           14            0            96.9   0.0   0.0   3.1    34.6
Volume Recv2: <= 2MB:          160            5            5            5           12           100.0   0.0   0.0   0.0     0.0
Volume Send TOTAL   :      4.86 MB       155 KB       155 KB       155 KB            4           100.0   0.0   0.0   0.0     0.0
Volume Send0: <= 64B:          192            6            6            6           24           100.0   0.0   0.0   0.0     0.0
Volume Send1: <= 4KB:          448           14           14           14            8           100.0   0.0   0.0   0.0     0.0
Volume Send2: <= 2MB:          160            5            5            5           16           100.0   0.0   0.0   0.0     0.0

Timestep 8       Time=8e-05       Next delT=1e-05       Wall Time=3.83552   EMA=0.111323    Memory Used=141.68 MBs (avg) 142.96 MBs (max on rank: 0     )
Runtime Summary  summary stats for time step 8 at time=8e-05
  Description       Units       Minimum           Rank   Average (32)      Std. Dev.         Maximum           Rank   100*(1-ave/max) '% load imbalance'
  TaskExec          [seconds] : 0.0078615       : 0    : 0.00803054      : 6.29993e-05     : 0.00811108      : 3    : 0.992986
  TaskLocalComm     [seconds] : 0.000660178     : 12   : 0.000740011     : 4.74001e-05     : 0.000830549     : 5    : 10.901
  TaskWaitCommTime  [seconds] : 0.00014887      : 8    : 0.000171828     : 1.2101e-05      : 0.000199722     : 17   : 13.9665
  NumberOfTasks     [tasks  ] : 6               : 0    : 6               : 0               : 6               : 0    : 0
  NumberOfPatches   [patches] : 1               : 0    : 1               : 0               : 1               : 0    : 0
  NumberOfCells     [cells  ] : 32768           : 0    : 32768           : 0               : 32768           : 0    : 0
  SCIMemoryUsed     [MBytes ] : 1.41013e+08     : 14   : 1.41677e+08     : 358575          : 1.42963e+08     : 0    : 0.899547
  SCIMemoryMaxUsed  [MBytes ] : 1.41013e+08     : 14   : 1.41677e+08     : 358575          : 1.42963e+08     : 0    : 0.899547
  MemoryUsed        [MBytes ] : 7.51849e+08     : 4    : 7.61303e+08     : 5.4437e+06      : 7.73947e+08     : 0    : 1.63378
  MemoryResident    [MBytes ] : 1.41013e+08     : 14   : 1.41677e+08     : 358575          : 1.42963e+08     : 0    : 0.899547
  Percentage of time spent in overhead : 0.40677

________________________________________________________________________________
--------------------------------------------------------------------------------
MPIStats:+
--------------------------------------------------------------------------------
                Name:       Total:         Avg:         Min:         Max:    Max rank: Hist %% [  Q1 |  Q2 |  Q3 |  Q4 ]:  %%Load Imbalance
         Count: Recv:          544           17           17           17           27           100.0   0.0   0.0   0.0     0.0
         Count: Redu:          256            8            8            8           11           100.0   0.0   0.0   0.0     0.0
         Count: Send:          544           17           17           17           29           100.0   0.0   0.0   0.0     0.0
         Count: Test:          223         6.97            6           11           29            71.9  12.5   3.1  12.5    36.6
         Count: Wait:          896           28           28           28           21           100.0   0.0   0.0   0.0     0.0
          Time: Recv:     0.438 ms    0.0137 ms  8.47e+03 ns    0.0315 ms           29            68.8  15.6   9.4   6.2    56.6
          Time: Redu:        25 ms     0.781 ms     0.328 ms      1.19 ms           13            25.0  25.0   9.4  40.6    34.6
          Time: Send:      2.54 ms    0.0794 ms    0.0509 ms     0.202 ms           31            84.4   3.1   6.2   6.2    60.7
          Time: Test:     0.299 ms  9.34e+03 ns  1.87e+03 ns    0.0497 ms           29            75.0  18.8   3.1   3.1    81.2
          Time: Wait:      2.79 ms    0.0873 ms    0.0622 ms     0.108 ms           17            12.5  25.0  43.8  18.8    18.9
Volume Recv TOTAL   :       4.8 MB       153 KB       153 KB       155 KB            0            96.9   0.0   0.0   3.1     1.3
Volume Recv0: <= 64B:          161         5.03            5            6            0            96.9   0.0   0.0   3.1    16.1
Volume Recv1: <= 4KB:          293         9.16            9           14            0            96.9   0.0   0.0   3.1    34.6
Volume Recv2: <= 2MB:          160            5            5            5           12           100.0   0.0   0.0   0.0     0.0
Volume Send TOTAL   :      4.86 MB       155 KB       155 KB       155 KB            4           100.0   0.0   0.0   0.0     0.0
Volume Send0: <= 64B:          192            6            6            6           24           100.0   0.0   0.0   0.0     0.0
Volume Send1: <= 4KB:          448           14           14           14            8           100.0   0.0   0.0   0.0     0.0
Volume Send2: <= 2MB:          160            5            5            5           16           100.0   0.0   0.0   0.0     0.0

Timestep 9       Time=9e-05       Next delT=1e-05       Wall Time=3.84468   EMA=0.0908912   Memory Used=141.74 MBs (avg) 142.96 MBs (max on rank: 0     )
Runtime Summary  summary stats for time step 9 at time=9e-05
  Description       Units       Minimum           Rank   Average (32)      Std. Dev.         Maximum           Rank   100*(1-ave/max) '% load imbalance'
  TaskExec          [seconds] : 0.0079236       : 0    : 0.00807201      : 5.34897e-05     : 0.00813638      : 4    : 0.791203
  TaskLocalComm     [seconds] : 0.000676126     : 10   : 0.000748399     : 5.03736e-05     : 0.000915857     : 31   : 18.2843
  TaskWaitCommTime  [seconds] : 0.000147798     : 31   : 0.000167851     : 1.06944e-05     : 0.000193091     : 17   : 13.0715
  NumberOfTasks     [tasks  ] : 6               : 0    : 6               : 0               : 6               : 0    : 0
  NumberOfPatches   [patches] : 1               : 0    : 1               : 0               : 1               : 0    : 0
  NumberOfCells     [cells  ] : 32768           : 0    : 32768           : 0               : 32768           : 0    : 0
  SCIMemoryUsed     [MBytes ] : 1.4116e+08      : 27   : 1.41743e+08     : 327270          : 1.42963e+08     : 0    : 0.853347
  SCIMemoryMaxUsed  [MBytes ] : 1.4116e+08      : 27   : 1.41743e+08     : 327270          : 1.42963e+08     : 0    : 0.853347
  MemoryUsed        [MBytes ] : 7.51849e+08     : 4    : 7.61303e+08     : 5.4437e+06      : 7.73947e+08     : 0    : 1.63378
  MemoryResident    [MBytes ] : 1.4116e+08      : 27   : 1.41743e+08     : 327270          : 1.42963e+08     : 0    : 0.853347
  Percentage of time spent in overhead : 0.360873

________________________________________________________________________________
--------------------------------------------------------------------------------
MPIStats:+
--------------------------------------------------------------------------------
                Name:       Total:         Avg:         Min:         Max:    Max rank: Hist %% [  Q1 |  Q2 |  Q3 |  Q4 ]:  %%Load Imbalance
         Count: Recv:          544           17           17           17           27           100.0   0.0   0.0   0.0     0.0
         Count: Redu:          256            8            8            8           11           100.0   0.0   0.0   0.0     0.0
         Count: Send:          544           17           17           17           29           100.0   0.0   0.0   0.0     0.0
         Count: Test:          223         6.97            6           11           31            71.9  12.5   6.2   9.4    36.6
         Count: Wait:          896           28           28           28           21           100.0   0.0   0.0   0.0     0.0
          Time: Recv:     0.458 ms    0.0143 ms   8.5e+03 ns     0.034 ms           31            62.5  18.8  12.5   6.2    57.8
          Time: Redu:      24.2 ms     0.755 ms     0.318 ms      1.12 ms           11            25.0  25.0   9.4  40.6    32.5
          Time: Send:      2.23 ms    0.0695 ms    0.0474 ms     0.167 ms           13            90.6   3.1   3.1   3.1    58.3
          Time: Test:     0.291 ms   9.1e+03 ns  1.91e+03 ns    0.0303 ms           31            59.4  18.8   9.4  12.5    69.9
          Time: Wait:      2.75 ms     0.086 ms    0.0677 ms     0.109 ms           17            18.8  31.2  43.8   6.2    20.8
Volume Recv TOTAL   :       4.8 MB       153 KB       153 KB       155 KB            0            96.9   0.0   0.0   3.1     1.3
Volume Recv0: <= 64B:          161         5.03            5            6            0            96.9   0.0   0.0   3.1    16.1
Volume Recv1: <= 4KB:          293         9.16            9           14            0            96.9   0.0   0.0   3.1    34.6
Volume Recv2: <= 2MB:          160            5            5            5           12           100.0   0.0   0.0   0.0     0.0
Volume Send TOTAL   :      4.86 MB       155 KB       155 KB       155 KB            4           100.0   0.0   0.0   0.0     0.0
Volume Send0: <= 64B:          192            6            6            6           24           100.0   0.0   0.0   0.0     0.0
Volume Send1: <= 4KB:          448           14           14           14            8           100.0   0.0   0.0   0.0     0.0
Volume Send2: <= 2MB:          160            5            5            5           16           100.0   0.0   0.0   0.0     0.0

Timestep 10      Time=0.0001      Next delT=1e-05       Wall Time=3.85383   EMA=0.0760274   Memory Used=141.81 MBs (avg) 143.29 MBs (max on rank: 0     )
Runtime Summary  summary stats for time step 10 at time=0.0001
  Description       Units       Minimum           Rank   Average (32)      Std. Dev.         Maximum           Rank   100*(1-ave/max) '% load imbalance'
  TaskExec          [seconds] : 0.0079097       : 0    : 0.0080399       : 5.96351e-05     : 0.00812728      : 1    : 1.0751
  TaskLocalComm     [seconds] : 0.000637704     : 0    : 0.000732548     : 4.41938e-05     : 0.000819444     : 13   : 10.6043
  TaskWaitCommTime  [seconds] : 0.000152927     : 1    : 0.000168165     : 1.10397e-05     : 0.00019583      : 17   : 14.127
  NumberOfTasks     [tasks  ] : 6               : 0    : 6               : 0               : 6               : 0    : 0
  NumberOfPatches   [patches] : 1               : 0    : 1               : 0               : 1               : 0    : 0
  NumberOfCells     [cells  ] : 32768           : 0    : 32768           : 0               : 32768           : 0    : 0
  SCIMemoryUsed     [MBytes ] : 1.41271e+08     : 10   : 1.41815e+08     : 378475          : 1.4329e+08      : 0    : 1.0297
  SCIMemoryMaxUsed  [MBytes ] : 1.41271e+08     : 10   : 1.41815e+08     : 378475          : 1.4329e+08      : 0    : 1.0297
  MemoryUsed        [MBytes ] : 7.51849e+08     : 4    : 7.61303e+08     : 5.4437e+06      : 7.73947e+08     : 0    : 1.63378
  MemoryResident    [MBytes ] : 1.41271e+08     : 10   : 1.41815e+08     : 378475          : 1.4329e+08      : 0    : 1.0297
  Percentage of time spent in overhead : 0.323972
Sus: going down successfully
