Parallel: 512 MPI processes (using MPI)
Parallel: MPI Level Required: 0, provided: 0
Date:       Thu Aug 25 15:38:38 2022
Machine:    notch178
git branch:wasatch-low-cost-integ-cmake
git date:   Sat Jul 30 10:34:22 2022 -0600
git hash:   9315f9f96fa6304db4fe79378b145f37ea40016d
Assertion level: 0
CFLAGS:          
CXXFLAGS:        
______________________________________________________________________
Application Component: 	'wasatch'

-------------------------------------------------------------
Wasatch was built against:
  SpatialOps HASH: bd7a2bac76e42e2cb528b02e2cf1291d05c71926
             DATE: Fri Nov 12 11:34:54 2021 -0700
     ExprLib HASH: d2950c77edb22e5f3669ddaaf2d2ed29ceb24d2c
             DATE: Thu Aug 5 12:26:26 2021 -0600
    TabProps HASH: eca0dc5f26b20d4f6b1cebe51b1ae97e11871e83
             DATE: Wed Aug 11 20:11:26 2021 -0600
-------------------------------------------------------------

Linear Solver: 		hypre
Load Balancer: 		Simple
Scheduler: 		MPI
Patch layout: 		(8,8,8)
Grid statistics:
Number of levels:		1
Level 0:
  Periodic boundaries:		[int 1, 1, 1]
  Number of patches:		512
  Total number of cells:	16777216 (32768 avg. per patch)
Total patches in grid:		512
Total cells in grid:		16777216 (32768 avg. per patch)

Using small, individual MPI messages (no message combining)
Detected solver: hypre
SETTING UP CONVECTIVE FLUX EXPRESSION IN X DIRECTION USING CENTRAL
SETTING UP CONVECTIVE FLUX EXPRESSION IN Y DIRECTION USING CENTRAL
SETTING UP CONVECTIVE FLUX EXPRESSION IN Z DIRECTION USING CENTRAL
Setting initial conditions for scalability test equation: scalability0
SETTING UP CONVECTIVE FLUX EXPRESSION IN X DIRECTION USING CENTRAL
SETTING UP CONVECTIVE FLUX EXPRESSION IN Y DIRECTION USING CENTRAL
SETTING UP CONVECTIVE FLUX EXPRESSION IN Z DIRECTION USING CENTRAL
Setting initial conditions for scalability test equation: scalability1
SETTING UP CONVECTIVE FLUX EXPRESSION IN X DIRECTION USING CENTRAL
SETTING UP CONVECTIVE FLUX EXPRESSION IN Y DIRECTION USING CENTRAL
SETTING UP CONVECTIVE FLUX EXPRESSION IN Z DIRECTION USING CENTRAL
Setting initial conditions for scalability test equation: scalability2
------------------------------------------------
No BoundaryConditions specified
  This message will only occur once

Compiling initialization taskgraph.
------------------------------------------------
SETTING INITIAL BOUNDARY CONDITIONS:
------------------------------------------------
Setting Initial BCs for transport equation 'scalability0'
Setting Initial BCs for transport equation 'scalability1'
Setting Initial BCs for transport equation 'scalability2'
------------------------------------------------
Wasatch: done creating initialization task(s)
Scheduling Task 'compute timestep' COMPUTES 'delT' in NEW data warehouse
Wasatch: done creating timestep task(s)
Done with taskgraph compile (0.000141551 seconds)
Warning: addContribution not implemented for LoadBalancerCommon.
WARNING at time step 0 and sim time 0 : lowering the next delT from 1 to the maximum: 1e-05

________________________________________________________________________________
--------------------------------------------------------------------------------
MPIStats:+
--------------------------------------------------------------------------------
                Name:       Total:         Avg:         Min:         Max:    Max rank: Hist %% [  Q1 |  Q2 |  Q3 |  Q4 ]:  %%Load Imbalance
         Count: Comm:          512            1            1            1          510           100.0   0.0   0.0   0.0     0.0
         Count: Gath:     1.02e+03            2            2            2          510           100.0   0.0   0.0   0.0     0.0
         Count: Redu:          512            1            1            1          510           100.0   0.0   0.0   0.0     0.0
          Time: Comm:      1.78 s       3.48 ms      1.62 ms      6.28 ms           98            30.7  35.9  25.6   7.8    44.7
          Time: Gath:      19.6 s       38.3 ms        18 ms        59 ms          292            12.7  41.2  36.1  10.0    35.1
          Time: Redu:      4.45 s        8.7 ms      0.17 ms      14.8 ms          284             3.1  32.6  42.4  21.9    41.2
Volume Recv TOTAL   :      2.08 MB      4.17 KB      4.17 KB      4.17 KB          510           100.0   0.0   0.0   0.0     0.0
Volume Recv0: <= 64B:          512            1            1            1          510           100.0   0.0   0.0   0.0     0.0
Volume Recv1: <= 4KB:     1.02e+03            2            2            2          510           100.0   0.0   0.0   0.0     0.0
Volume Send TOTAL   :       136 KB    272.812 B        269 B        273 B          486             4.7   0.0   0.0  95.3     0.1
Volume Send0: <= 64B:     1.02e+03            2            2            2          510           100.0   0.0   0.0   0.0     0.0
Volume Send1: <= 4KB:          512            1            1            1          510           100.0   0.0   0.0   0.0     0.0


Simulation and run time stats are reported at the end of each time step
EMA == Wall time as an exponential moving average using a window of the last 10 time steps
Timestep 0       Time=0           Next delT=1e-05       Wall Time=0.0801636 EMA=0.0787282   Memory Used=116.23 MBs (avg) 117.33 MBs (max on rank: 216   )
Warning: finalizeContributions not implemented for LoadBalancerCommon.
Warning: resetCostForecaster not implemented for LoadBalancerCommon.
Compiling taskgraph(s)...
------------------------------------------------
SETTING BOUNDARY CONDITIONS:
------------------------------------------------
Setting BCs for transport equation 'scalability0'
Setting BCs for transport equation 'scalability1'
Setting BCs for transport equation 'scalability2'
------------------------------------------------
Wasatch: done creating solution task(s)
Wasatch: done creating post-processing task(s)
Scheduling Task 'compute timestep' COMPUTES 'delT' in NEW data warehouse
Wasatch: done creating timestep task(s)
Done with taskgraph compile (0.00821464 seconds)

________________________________________________________________________________
--------------------------------------------------------------------------------
MPIStats:+
--------------------------------------------------------------------------------
                Name:       Total:         Avg:         Min:         Max:    Max rank: Hist %% [  Q1 |  Q2 |  Q3 |  Q4 ]:  %%Load Imbalance
         Count: Recv:     1.33e+04           26           26           26          510           100.0   0.0   0.0   0.0     0.0
         Count: Redu:      4.1e+03            8            8            8          510           100.0   0.0   0.0   0.0     0.0
         Count: Send:     1.33e+04           26           26           26          510           100.0   0.0   0.0   0.0     0.0
         Count: Test:     3.17e+03         6.19            6           12          511            97.1   1.4   0.2   1.4    48.4
         Count: Wait:     2.36e+04           46           46           46          510           100.0   0.0   0.0   0.0     0.0
          Time: Recv:      5.54 ms    0.0108 ms  7.81e+03 ns    0.0382 ms          511            97.5   1.2   0.4   1.0    71.6
          Time: Redu:      5.74 s       11.2 ms     0.308 ms        19 ms          303            15.2  18.4  33.2  33.2    41.0
          Time: Send:     0.426 s      0.833 ms     0.595 ms      1.19 ms          105             9.8  70.5  16.6   3.1    29.7
          Time: Test:      4.42 ms  8.62e+03 ns   2.7e+03 ns     0.244 ms          471            98.2   1.4   0.0   0.4    96.5
          Time: Wait:      4.93 s       9.63 ms     0.141 ms      22.1 ms          192            54.3   1.8  10.0  34.0    56.4
Volume Recv TOTAL   :      76.7 MB       153 KB       153 KB       155 KB            0            99.8   0.0   0.0   0.2     1.3
Volume Recv0: <= 64B:     4.61e+03            9            9           10            0            99.8   0.0   0.0   0.2    10.0
Volume Recv1: <= 4KB:     6.66e+03           13           13           18            0            99.8   0.0   0.0   0.2    27.7
Volume Recv2: <= 2MB:     3.07e+03            6            6            6          510           100.0   0.0   0.0   0.0     0.0
Volume Send TOTAL   :      77.7 MB       155 KB       155 KB       155 KB          510           100.0   0.0   0.0   0.0     0.0
Volume Send0: <= 64B:     5.12e+03           10           10           10          510           100.0   0.0   0.0   0.0     0.0
Volume Send1: <= 4KB:     9.22e+03           18           18           18          510           100.0   0.0   0.0   0.0     0.0
Volume Send2: <= 2MB:     3.07e+03            6            6            6          510           100.0   0.0   0.0   0.0     0.0

Timestep 1       Time=1e-05       Next delT=1e-05       Wall Time=0.120363  EMA=0.0401627   Memory Used=121.51 MBs (avg) 123.55 MBs (max on rank: 216   )
Runtime Summary  summary stats for time step 1 at time=1e-05
  Description       Units       Minimum           Rank   Average (512)     Std. Dev.         Maximum           Rank   100*(1-ave/max) '% load imbalance'
  Compilation       [seconds] : 0.00567333      : 207  : 0.00720398      : 0.00108832      : 0.011787        : 352  : 38.8819
  TaskExec          [seconds] : 0.0111043       : 28   : 0.0224842       : 0.00797201      : 0.0321195       : 434  : 29.9982
  TaskLocalComm     [seconds] : 0.00101446      : 0    : 0.0013415       : 0.000166584     : 0.00202093      : 105  : 33.6196
  TaskWaitCommTime  [seconds] : 0.000210772     : 460  : 0.00971579      : 0.00819684      : 0.0222195       : 192  : 56.2736
  NumberOfTasks     [tasks  ] : 6               : 0    : 6               : 0               : 6               : 0    : 0
  NumberOfPatches   [patches] : 1               : 0    : 1               : 0               : 1               : 0    : 0
  NumberOfCells     [cells  ] : 32768           : 0    : 32768           : 0               : 32768           : 0    : 0
  SCIMemoryUsed     [MBytes ] : 1.20697e+08     : 45   : 1.21512e+08     : 275794          : 1.23548e+08     : 216  : 1.64759
  SCIMemoryMaxUsed  [MBytes ] : 1.20697e+08     : 45   : 1.21512e+08     : 275794          : 1.23548e+08     : 216  : 1.64759
  MemoryUsed        [MBytes ] : 6.22875e+08     : 23   : 6.3742e+08      : 5.52318e+06     : 6.52771e+08     : 32   : 2.35179
  MemoryResident    [MBytes ] : 1.20697e+08     : 45   : 1.21512e+08     : 275794          : 1.23548e+08     : 216  : 1.64759
  Percentage of time spent in overhead : 17.6805

________________________________________________________________________________
--------------------------------------------------------------------------------
MPIStats:+
--------------------------------------------------------------------------------
                Name:       Total:         Avg:         Min:         Max:    Max rank: Hist %% [  Q1 |  Q2 |  Q3 |  Q4 ]:  %%Load Imbalance
         Count: Recv:     1.33e+04           26           26           26          510           100.0   0.0   0.0   0.0     0.0
         Count: Redu:      4.1e+03            8            8            8          510           100.0   0.0   0.0   0.0     0.0
         Count: Send:     1.33e+04           26           26           26          510           100.0   0.0   0.0   0.0     0.0
         Count: Test:     3.17e+03          6.2            6           14          511            96.7   1.8   1.4   0.2    55.7
         Count: Wait:     2.36e+04           46           46           46          510           100.0   0.0   0.0   0.0     0.0
          Time: Recv:      5.39 ms    0.0105 ms  6.99e+03 ns    0.0482 ms          505            93.9   4.7   1.2   0.2    78.1
          Time: Redu:      4.43 s       8.66 ms     0.233 ms      14.4 ms          213            11.9  27.3  24.0  36.7    39.9
          Time: Send:     0.123 s      0.239 ms    0.0551 ms     0.515 ms           19            12.5  60.5  25.6   1.4    53.5
          Time: Test:      1.87 ms  3.66e+03 ns  1.03e+03 ns    0.0438 ms          471            96.5   1.8   1.2   0.6    91.7
          Time: Wait:      2.12 s       4.14 ms    0.0789 ms      9.76 ms          344            43.2   8.8  16.6  31.4    57.6
Volume Recv TOTAL   :      76.7 MB       153 KB       153 KB       155 KB            0            99.8   0.0   0.0   0.2     1.3
Volume Recv0: <= 64B:     4.61e+03            9            9           10            0            99.8   0.0   0.0   0.2    10.0
Volume Recv1: <= 4KB:     6.66e+03           13           13           18            0            99.8   0.0   0.0   0.2    27.7
Volume Recv2: <= 2MB:     3.07e+03            6            6            6          510           100.0   0.0   0.0   0.0     0.0
Volume Send TOTAL   :      77.7 MB       155 KB       155 KB       155 KB          510           100.0   0.0   0.0   0.0     0.0
Volume Send0: <= 64B:     5.12e+03           10           10           10          510           100.0   0.0   0.0   0.0     0.0
Volume Send1: <= 4KB:     9.22e+03           18           18           18          510           100.0   0.0   0.0   0.0     0.0
Volume Send2: <= 2MB:     3.07e+03            6            6            6          510           100.0   0.0   0.0   0.0     0.0

Timestep 2       Time=2e-05       Next delT=1e-05       Wall Time=0.140049  EMA=0.0265108   Memory Used=122.05 MBs (avg) 124.05 MBs (max on rank: 216   )
Runtime Summary  summary stats for time step 2 at time=2e-05
  Description       Units       Minimum           Rank   Average (512)     Std. Dev.         Maximum           Rank   100*(1-ave/max) '% load imbalance'
  TaskExec          [seconds] : 0.00851274      : 335  : 0.014188        : 0.00359669      : 0.0183339       : 446  : 22.6135
  TaskLocalComm     [seconds] : 0.000495032     : 275  : 0.000849621     : 0.000128268     : 0.00139865      : 163  : 39.2544
  TaskWaitCommTime  [seconds] : 0.000142162     : 505  : 0.00423668      : 0.00361085      : 0.0099666       : 335  : 57.4912
  NumberOfTasks     [tasks  ] : 6               : 0    : 6               : 0               : 6               : 0    : 0
  NumberOfPatches   [patches] : 1               : 0    : 1               : 0               : 1               : 0    : 0
  NumberOfCells     [cells  ] : 32768           : 0    : 32768           : 0               : 32768           : 0    : 0
  SCIMemoryUsed     [MBytes ] : 1.21225e+08     : 45   : 1.22048e+08     : 277195          : 1.24047e+08     : 216  : 1.61186
  SCIMemoryMaxUsed  [MBytes ] : 1.21225e+08     : 45   : 1.22048e+08     : 277195          : 1.24047e+08     : 216  : 1.61186
  MemoryUsed        [MBytes ] : 6.23194e+08     : 22   : 6.3774e+08      : 5.524e+06       : 6.53091e+08     : 32   : 2.35051
  MemoryResident    [MBytes ] : 1.21225e+08     : 45   : 1.22048e+08     : 277195          : 1.24047e+08     : 216  : 1.61186
  Percentage of time spent in overhead : 8.84016

________________________________________________________________________________
--------------------------------------------------------------------------------
MPIStats:+
--------------------------------------------------------------------------------
                Name:       Total:         Avg:         Min:         Max:    Max rank: Hist %% [  Q1 |  Q2 |  Q3 |  Q4 ]:  %%Load Imbalance
         Count: Recv:     1.33e+04           26           26           26          510           100.0   0.0   0.0   0.0     0.0
         Count: Redu:      4.1e+03            8            8            8          510           100.0   0.0   0.0   0.0     0.0
         Count: Send:     1.33e+04           26           26           26          510           100.0   0.0   0.0   0.0     0.0
         Count: Test:     3.17e+03         6.19            6           12          511            96.9   1.6   0.0   1.6    48.4
         Count: Wait:     2.36e+04           46           46           46          510           100.0   0.0   0.0   0.0     0.0
          Time: Recv:      5.63 ms     0.011 ms   6.9e+03 ns    0.0452 ms          510            93.8   5.3   0.6   0.4    75.7
          Time: Redu:      4.25 s        8.3 ms     0.273 ms      14.7 ms           20            14.8  27.9  31.4  25.8    43.4
          Time: Send:      71.3 ms     0.139 ms    0.0432 ms     0.376 ms          401            49.6  27.3  20.1   2.9    62.9
          Time: Test:      1.75 ms  3.41e+03 ns  1.04e+03 ns    0.0294 ms          511            96.1   2.3   1.0   0.6    88.4
          Time: Wait:      2.26 s       4.41 ms    0.0876 ms      11.1 ms          239            43.0  10.9  26.2  19.9    60.4
Volume Recv TOTAL   :      76.7 MB       153 KB       153 KB       155 KB            0            99.8   0.0   0.0   0.2     1.3
Volume Recv0: <= 64B:     4.61e+03            9            9           10            0            99.8   0.0   0.0   0.2    10.0
Volume Recv1: <= 4KB:     6.66e+03           13           13           18            0            99.8   0.0   0.0   0.2    27.7
Volume Recv2: <= 2MB:     3.07e+03            6            6            6          510           100.0   0.0   0.0   0.0     0.0
Volume Send TOTAL   :      77.7 MB       155 KB       155 KB       155 KB          510           100.0   0.0   0.0   0.0     0.0
Volume Send0: <= 64B:     5.12e+03           10           10           10          510           100.0   0.0   0.0   0.0     0.0
Volume Send1: <= 4KB:     9.22e+03           18           18           18          510           100.0   0.0   0.0   0.0     0.0
Volume Send2: <= 2MB:     3.07e+03            6            6            6          510           100.0   0.0   0.0   0.0     0.0

Timestep 3       Time=3e-05       Next delT=1e-05       Wall Time=0.158925  EMA=0.0226937   Memory Used=123.06 MBs (avg) 123.95 MBs (max on rank: 332   )
Runtime Summary  summary stats for time step 3 at time=3e-05
  Description       Units       Minimum           Rank   Average (512)     Std. Dev.         Maximum           Rank   100*(1-ave/max) '% load imbalance'
  TaskExec          [seconds] : 0.00689323      : 255  : 0.0135884       : 0.00387856      : 0.017991        : 430  : 24.4712
  TaskLocalComm     [seconds] : 0.000500373     : 386  : 0.000778032     : 0.000123296     : 0.00127243      : 407  : 38.8545
  TaskWaitCommTime  [seconds] : 0.000151191     : 401  : 0.00450822      : 0.00388578      : 0.0112518       : 246  : 59.9334
  NumberOfTasks     [tasks  ] : 6               : 0    : 6               : 0               : 6               : 0    : 0
  NumberOfPatches   [patches] : 1               : 0    : 1               : 0               : 1               : 0    : 0
  NumberOfCells     [cells  ] : 32768           : 0    : 32768           : 0               : 32768           : 0    : 0
  SCIMemoryUsed     [MBytes ] : 1.22212e+08     : 45   : 1.23057e+08     : 267034          : 1.23953e+08     : 332  : 0.722809
  SCIMemoryMaxUsed  [MBytes ] : 1.22212e+08     : 45   : 1.23057e+08     : 267034          : 1.23953e+08     : 332  : 0.722809
  MemoryUsed        [MBytes ] : 6.24136e+08     : 23   : 6.38697e+08     : 5.48981e+06     : 6.54033e+08     : 32   : 2.34477
  MemoryResident    [MBytes ] : 1.22212e+08     : 45   : 1.23057e+08     : 267034          : 1.23953e+08     : 332  : 0.722809
  Percentage of time spent in overhead : 5.89302

________________________________________________________________________________
--------------------------------------------------------------------------------
MPIStats:+
--------------------------------------------------------------------------------
                Name:       Total:         Avg:         Min:         Max:    Max rank: Hist %% [  Q1 |  Q2 |  Q3 |  Q4 ]:  %%Load Imbalance
         Count: Recv:     1.33e+04           26           26           26          510           100.0   0.0   0.0   0.0     0.0
         Count: Redu:      4.1e+03            8            8            8          510           100.0   0.0   0.0   0.0     0.0
         Count: Send:     1.33e+04           26           26           26          510           100.0   0.0   0.0   0.0     0.0
         Count: Test:     3.17e+03         6.19            6           12          511            96.9   1.6   0.2   1.4    48.4
         Count: Wait:     2.36e+04           46           46           46          510           100.0   0.0   0.0   0.0     0.0
          Time: Recv:      5.45 ms    0.0106 ms  6.42e+03 ns     0.027 ms          510            77.5  16.8   4.1   1.6    60.5
          Time: Redu:      3.83 s       7.47 ms     0.256 ms      12.8 ms          353            13.7  27.9  28.7  29.7    41.7
          Time: Send:      57.8 ms     0.113 ms    0.0446 ms     0.306 ms          405            63.7  11.5  21.1   3.7    63.1
          Time: Test:       1.7 ms  3.32e+03 ns       890 ns     0.025 ms          467            93.8   4.3   1.2   0.8    86.7
          Time: Wait:      1.89 s        3.7 ms     0.083 ms      10.8 ms          238            44.3  16.4  29.3  10.0    65.9
Volume Recv TOTAL   :      76.7 MB       153 KB       153 KB       155 KB            0            99.8   0.0   0.0   0.2     1.3
Volume Recv0: <= 64B:     4.61e+03            9            9           10            0            99.8   0.0   0.0   0.2    10.0
Volume Recv1: <= 4KB:     6.66e+03           13           13           18            0            99.8   0.0   0.0   0.2    27.7
Volume Recv2: <= 2MB:     3.07e+03            6            6            6          510           100.0   0.0   0.0   0.0     0.0
Volume Send TOTAL   :      77.7 MB       155 KB       155 KB       155 KB          510           100.0   0.0   0.0   0.0     0.0
Volume Send0: <= 64B:     5.12e+03           10           10           10          510           100.0   0.0   0.0   0.0     0.0
Volume Send1: <= 4KB:     9.22e+03           18           18           18          510           100.0   0.0   0.0   0.0     0.0
Volume Send2: <= 2MB:     3.07e+03            6            6            6          510           100.0   0.0   0.0   0.0     0.0

Timestep 4       Time=4e-05       Next delT=1e-05       Wall Time=0.176143  EMA=0.0205033   Memory Used=122.50 MBs (avg) 124.19 MBs (max on rank: 216   )
Runtime Summary  summary stats for time step 4 at time=4e-05
  Description       Units       Minimum           Rank   Average (512)     Std. Dev.         Maximum           Rank   100*(1-ave/max) '% load imbalance'
  TaskExec          [seconds] : 0.00519366      : 238  : 0.0123819       : 0.0032843       : 0.0160024       : 191  : 22.6248
  TaskLocalComm     [seconds] : 0.000509672     : 178  : 0.000758565     : 0.000115962     : 0.00119884      : 235  : 36.7249
  TaskWaitCommTime  [seconds] : 0.00015272      : 150  : 0.00379247      : 0.00329741      : 0.0109764       : 238  : 65.449
  NumberOfTasks     [tasks  ] : 6               : 0    : 6               : 0               : 6               : 0    : 0
  NumberOfPatches   [patches] : 1               : 0    : 1               : 0               : 1               : 0    : 0
  NumberOfCells     [cells  ] : 32768           : 0    : 32768           : 0               : 32768           : 0    : 0
  SCIMemoryUsed     [MBytes ] : 1.21627e+08     : 45   : 1.22499e+08     : 281241          : 1.24187e+08     : 216  : 1.35892
  SCIMemoryMaxUsed  [MBytes ] : 1.21627e+08     : 45   : 1.22499e+08     : 281241          : 1.24187e+08     : 216  : 1.35892
  MemoryUsed        [MBytes ] : 6.2351e+08      : 23   : 6.3807e+08      : 5.4923e+06      : 6.53406e+08     : 160  : 2.34714
  MemoryResident    [MBytes ] : 1.21627e+08     : 45   : 1.22499e+08     : 281241          : 1.24187e+08     : 216  : 1.35892
  Percentage of time spent in overhead : 4.41887

________________________________________________________________________________
--------------------------------------------------------------------------------
MPIStats:+
--------------------------------------------------------------------------------
                Name:       Total:         Avg:         Min:         Max:    Max rank: Hist %% [  Q1 |  Q2 |  Q3 |  Q4 ]:  %%Load Imbalance
         Count: Recv:     1.33e+04           26           26           26          510           100.0   0.0   0.0   0.0     0.0
         Count: Redu:      4.1e+03            8            8            8          510           100.0   0.0   0.0   0.0     0.0
         Count: Send:     1.33e+04           26           26           26          510           100.0   0.0   0.0   0.0     0.0
         Count: Test:     3.17e+03         6.19            6           12          511            96.7   1.8   0.2   1.4    48.4
         Count: Wait:     2.36e+04           46           46           46          510           100.0   0.0   0.0   0.0     0.0
          Time: Recv:      5.69 ms    0.0111 ms  6.68e+03 ns    0.0347 ms          372            86.5  10.0   2.5   1.0    68.0
          Time: Redu:      3.94 s       7.69 ms     0.272 ms      13.4 ms          353            17.8  27.0  22.5  32.8    42.8
          Time: Send:      55.8 ms     0.109 ms    0.0464 ms     0.338 ms          407            69.1  13.5  14.6   2.7    67.7
          Time: Test:       1.8 ms  3.51e+03 ns       820 ns    0.0405 ms          487            96.9   1.8   1.2   0.2    91.3
          Time: Wait:      1.96 s       3.83 ms    0.0804 ms      10.3 ms          240            46.1   6.2  36.9  10.7    62.7
Volume Recv TOTAL   :      76.7 MB       153 KB       153 KB       155 KB            0            99.8   0.0   0.0   0.2     1.3
Volume Recv0: <= 64B:     4.61e+03            9            9           10            0            99.8   0.0   0.0   0.2    10.0
Volume Recv1: <= 4KB:     6.66e+03           13           13           18            0            99.8   0.0   0.0   0.2    27.7
Volume Recv2: <= 2MB:     3.07e+03            6            6            6          510           100.0   0.0   0.0   0.0     0.0
Volume Send TOTAL   :      77.7 MB       155 KB       155 KB       155 KB          510           100.0   0.0   0.0   0.0     0.0
Volume Send0: <= 64B:     5.12e+03           10           10           10          510           100.0   0.0   0.0   0.0     0.0
Volume Send1: <= 4KB:     9.22e+03           18           18           18          510           100.0   0.0   0.0   0.0     0.0
Volume Send2: <= 2MB:     3.07e+03            6            6            6          510           100.0   0.0   0.0   0.0     0.0

Timestep 5       Time=5e-05       Next delT=1e-05       Wall Time=0.194088  EMA=0.0196506   Memory Used=123.18 MBs (avg) 124.12 MBs (max on rank: 288   )
Runtime Summary  summary stats for time step 5 at time=5e-05
  Description       Units       Minimum           Rank   Average (512)     Std. Dev.         Maximum           Rank   100*(1-ave/max) '% load imbalance'
  TaskExec          [seconds] : 0.00656523      : 240  : 0.0129851       : 0.00347432      : 0.0167495       : 447  : 22.4745
  TaskLocalComm     [seconds] : 0.000484202     : 275  : 0.00075973      : 0.000122352     : 0.00133378      : 407  : 43.0392
  TaskWaitCommTime  [seconds] : 0.000143999     : 234  : 0.00392665      : 0.00348645      : 0.0104053       : 232  : 62.263
  NumberOfTasks     [tasks  ] : 6               : 0    : 6               : 0               : 6               : 0    : 0
  NumberOfPatches   [patches] : 1               : 0    : 1               : 0               : 1               : 0    : 0
  NumberOfCells     [cells  ] : 32768           : 0    : 32768           : 0               : 32768           : 0    : 0
  SCIMemoryUsed     [MBytes ] : 1.22274e+08     : 45   : 1.23181e+08     : 277982          : 1.24117e+08     : 288  : 0.75452
  SCIMemoryMaxUsed  [MBytes ] : 1.22274e+08     : 45   : 1.23181e+08     : 277982          : 1.24117e+08     : 288  : 0.75452
  MemoryUsed        [MBytes ] : 6.24136e+08     : 23   : 6.38697e+08     : 5.48981e+06     : 6.54033e+08     : 32   : 2.34477
  MemoryResident    [MBytes ] : 1.22274e+08     : 45   : 1.23181e+08     : 277982          : 1.24117e+08     : 288  : 0.75452
  Percentage of time spent in overhead : 3.53366

________________________________________________________________________________
--------------------------------------------------------------------------------
MPIStats:+
--------------------------------------------------------------------------------
                Name:       Total:         Avg:         Min:         Max:    Max rank: Hist %% [  Q1 |  Q2 |  Q3 |  Q4 ]:  %%Load Imbalance
         Count: Recv:     1.33e+04           26           26           26          510           100.0   0.0   0.0   0.0     0.0
         Count: Redu:      4.1e+03            8            8            8          510           100.0   0.0   0.0   0.0     0.0
         Count: Send:     1.33e+04           26           26           26          510           100.0   0.0   0.0   0.0     0.0
         Count: Test:     3.17e+03         6.19            6           12          511            96.9   1.4   0.4   1.4    48.4
         Count: Wait:     2.36e+04           46           46           46          510           100.0   0.0   0.0   0.0     0.0
          Time: Recv:      5.38 ms    0.0105 ms  5.75e+03 ns    0.0405 ms          314            89.8   8.4   1.6   0.2    74.0
          Time: Redu:      3.83 s       7.49 ms     0.275 ms      13.4 ms          330            18.6  23.0  30.7  27.7    44.1
          Time: Send:      51.5 ms     0.101 ms     0.045 ms     0.293 ms          388            72.5   7.2  16.8   3.5    65.7
          Time: Test:      1.64 ms  3.21e+03 ns       880 ns     0.022 ms          505            92.2   6.4   1.2   0.2    85.4
          Time: Wait:      1.97 s       3.84 ms    0.0904 ms      10.6 ms          239            48.4   5.3  35.4  10.9    63.8
Volume Recv TOTAL   :      76.7 MB       153 KB       153 KB       155 KB            0            99.8   0.0   0.0   0.2     1.3
Volume Recv0: <= 64B:     4.61e+03            9            9           10            0            99.8   0.0   0.0   0.2    10.0
Volume Recv1: <= 4KB:     6.66e+03           13           13           18            0            99.8   0.0   0.0   0.2    27.7
Volume Recv2: <= 2MB:     3.07e+03            6            6            6          510           100.0   0.0   0.0   0.0     0.0
Volume Send TOTAL   :      77.7 MB       155 KB       155 KB       155 KB          510           100.0   0.0   0.0   0.0     0.0
Volume Send0: <= 64B:     5.12e+03           10           10           10          510           100.0   0.0   0.0   0.0     0.0
Volume Send1: <= 4KB:     9.22e+03           18           18           18          510           100.0   0.0   0.0   0.0     0.0
Volume Send2: <= 2MB:     3.07e+03            6            6            6          510           100.0   0.0   0.0   0.0     0.0

Timestep 6       Time=6e-05       Next delT=1e-05       Wall Time=0.211734  EMA=0.0190779   Memory Used=122.60 MBs (avg) 124.33 MBs (max on rank: 216   )
Runtime Summary  summary stats for time step 6 at time=6e-05
  Description       Units       Minimum           Rank   Average (512)     Std. Dev.         Maximum           Rank   100*(1-ave/max) '% load imbalance'
  TaskExec          [seconds] : 0.00594289      : 239  : 0.0126906       : 0.00365015      : 0.01646         : 166  : 22.9003
  TaskLocalComm     [seconds] : 0.000491292     : 178  : 0.00073755      : 0.000113347     : 0.00124636      : 137  : 40.8238
  TaskWaitCommTime  [seconds] : 0.000164901     : 105  : 0.00393803      : 0.00365963      : 0.0107486       : 239  : 63.3623
  NumberOfTasks     [tasks  ] : 6               : 0    : 6               : 0               : 6               : 0    : 0
  NumberOfPatches   [patches] : 1               : 0    : 1               : 0               : 1               : 0    : 0
  NumberOfCells     [cells  ] : 32768           : 0    : 32768           : 0               : 32768           : 0    : 0
  SCIMemoryUsed     [MBytes ] : 1.217e+08       : 45   : 1.22602e+08     : 293219          : 1.24326e+08     : 216  : 1.38648
  SCIMemoryMaxUsed  [MBytes ] : 1.217e+08       : 45   : 1.22602e+08     : 293219          : 1.24326e+08     : 216  : 1.38648
  MemoryUsed        [MBytes ] : 6.2351e+08      : 23   : 6.3807e+08      : 5.4923e+06      : 6.53406e+08     : 160  : 2.34714
  MemoryResident    [MBytes ] : 1.217e+08       : 45   : 1.22602e+08     : 293219          : 1.24326e+08     : 216  : 1.38648
  Percentage of time spent in overhead : 2.94271

________________________________________________________________________________
--------------------------------------------------------------------------------
MPIStats:+
--------------------------------------------------------------------------------
                Name:       Total:         Avg:         Min:         Max:    Max rank: Hist %% [  Q1 |  Q2 |  Q3 |  Q4 ]:  %%Load Imbalance
         Count: Recv:     1.33e+04           26           26           26          510           100.0   0.0   0.0   0.0     0.0
         Count: Redu:      4.1e+03            8            8            8          510           100.0   0.0   0.0   0.0     0.0
         Count: Send:     1.33e+04           26           26           26          510           100.0   0.0   0.0   0.0     0.0
         Count: Test:     3.17e+03         6.19            6           12          511            97.1   1.4   0.2   1.4    48.4
         Count: Wait:     2.36e+04           46           46           46          510           100.0   0.0   0.0   0.0     0.0
          Time: Recv:      5.98 ms    0.0117 ms  7.29e+03 ns    0.0661 ms           76            97.5   1.8   0.6   0.2    82.3
          Time: Redu:       3.8 s       7.43 ms     0.257 ms      14.4 ms          246            25.0  21.5  34.2  19.3    48.5
          Time: Send:      54.7 ms     0.107 ms    0.0523 ms     0.352 ms          147            75.6  12.3  10.2   2.0    69.6
          Time: Test:       1.8 ms  3.52e+03 ns  1.15e+03 ns    0.0321 ms          510            95.5   3.3   0.4   0.8    89.0
          Time: Wait:      2.29 s       4.47 ms    0.0964 ms      11.4 ms          240            45.5   4.1  31.2  19.1    60.8
Volume Recv TOTAL   :      76.7 MB       153 KB       153 KB       155 KB            0            99.8   0.0   0.0   0.2     1.3
Volume Recv0: <= 64B:     4.61e+03            9            9           10            0            99.8   0.0   0.0   0.2    10.0
Volume Recv1: <= 4KB:     6.66e+03           13           13           18            0            99.8   0.0   0.0   0.2    27.7
Volume Recv2: <= 2MB:     3.07e+03            6            6            6          510           100.0   0.0   0.0   0.0     0.0
Volume Send TOTAL   :      77.7 MB       155 KB       155 KB       155 KB          510           100.0   0.0   0.0   0.0     0.0
Volume Send0: <= 64B:     5.12e+03           10           10           10          510           100.0   0.0   0.0   0.0     0.0
Volume Send1: <= 4KB:     9.22e+03           18           18           18          510           100.0   0.0   0.0   0.0     0.0
Volume Send2: <= 2MB:     3.07e+03            6            6            6          510           100.0   0.0   0.0   0.0     0.0

Timestep 7       Time=7e-05       Next delT=1e-05       Wall Time=0.231015  EMA=0.0191287   Memory Used=123.28 MBs (avg) 124.33 MBs (max on rank: 288   )
Runtime Summary  summary stats for time step 7 at time=7e-05
  Description       Units       Minimum           Rank   Average (512)     Std. Dev.         Maximum           Rank   100*(1-ave/max) '% load imbalance'
  TaskExec          [seconds] : 0.00670163      : 240  : 0.0136865       : 0.00399633      : 0.0180478       : 486  : 24.1653
  TaskLocalComm     [seconds] : 0.000542351     : 178  : 0.000798275     : 0.000126896     : 0.00130505      : 407  : 38.8317
  TaskWaitCommTime  [seconds] : 0.000160211     : 440  : 0.00456893      : 0.00401188      : 0.0116062       : 240  : 60.6338
  NumberOfTasks     [tasks  ] : 6               : 0    : 6               : 0               : 6               : 0    : 0
  NumberOfPatches   [patches] : 1               : 0    : 1               : 0               : 1               : 0    : 0
  NumberOfCells     [cells  ] : 32768           : 0    : 32768           : 0               : 32768           : 0    : 0
  SCIMemoryUsed     [MBytes ] : 1.22372e+08     : 45   : 1.23282e+08     : 291332          : 1.2433e+08      : 288  : 0.843034
  SCIMemoryMaxUsed  [MBytes ] : 1.22372e+08     : 45   : 1.23282e+08     : 291332          : 1.2433e+08      : 288  : 0.843034
  MemoryUsed        [MBytes ] : 6.24136e+08     : 23   : 6.38697e+08     : 5.48981e+06     : 6.54033e+08     : 32   : 2.34477
  MemoryResident    [MBytes ] : 1.22372e+08     : 45   : 1.23282e+08     : 291332          : 1.2433e+08      : 288  : 0.843034
  Percentage of time spent in overhead : 2.51974

________________________________________________________________________________
--------------------------------------------------------------------------------
MPIStats:+
--------------------------------------------------------------------------------
                Name:       Total:         Avg:         Min:         Max:    Max rank: Hist %% [  Q1 |  Q2 |  Q3 |  Q4 ]:  %%Load Imbalance
         Count: Recv:     1.33e+04           26           26           26          510           100.0   0.0   0.0   0.0     0.0
         Count: Redu:      4.1e+03            8            8            8          510           100.0   0.0   0.0   0.0     0.0
         Count: Send:     1.33e+04           26           26           26          510           100.0   0.0   0.0   0.0     0.0
         Count: Test:     3.17e+03         6.19            6           12          511            97.1   1.4   0.2   1.4    48.4
         Count: Wait:     2.36e+04           46           46           46          510           100.0   0.0   0.0   0.0     0.0
          Time: Recv:      5.31 ms    0.0104 ms  7.49e+03 ns    0.0444 ms          256            94.7   4.7   0.2   0.4    76.6
          Time: Redu:      4.35 s        8.5 ms     0.228 ms        14 ms          348            12.1  20.7  32.8  34.4    39.5
          Time: Send:      46.9 ms    0.0917 ms     0.045 ms     0.282 ms           56            79.3   3.1  14.8   2.7    67.5
          Time: Test:      1.71 ms  3.34e+03 ns       830 ns    0.0301 ms          487            95.7   3.3   0.6   0.4    88.9
          Time: Wait:      1.87 s       3.66 ms    0.0959 ms      9.63 ms          198            47.9   7.6  19.3  25.2    62.0
Volume Recv TOTAL   :      76.7 MB       153 KB       153 KB       155 KB            0            99.8   0.0   0.0   0.2     1.3
Volume Recv0: <= 64B:     4.61e+03            9            9           10            0            99.8   0.0   0.0   0.2    10.0
Volume Recv1: <= 4KB:     6.66e+03           13           13           18            0            99.8   0.0   0.0   0.2    27.7
Volume Recv2: <= 2MB:     3.07e+03            6            6            6          510           100.0   0.0   0.0   0.0     0.0
Volume Send TOTAL   :      77.7 MB       155 KB       155 KB       155 KB          510           100.0   0.0   0.0   0.0     0.0
Volume Send0: <= 64B:     5.12e+03           10           10           10          510           100.0   0.0   0.0   0.0     0.0
Volume Send1: <= 4KB:     9.22e+03           18           18           18          510           100.0   0.0   0.0   0.0     0.0
Volume Send2: <= 2MB:     3.07e+03            6            6            6          510           100.0   0.0   0.0   0.0     0.0

Timestep 8       Time=8e-05       Next delT=1e-05       Wall Time=0.249376  EMA=0.0189581   Memory Used=122.71 MBs (avg) 124.46 MBs (max on rank: 216   )
Runtime Summary  summary stats for time step 8 at time=8e-05
  Description       Units       Minimum           Rank   Average (512)     Std. Dev.         Maximum           Rank   100*(1-ave/max) '% load imbalance'
  TaskExec          [seconds] : 0.00763163      : 198  : 0.013598        : 0.00341476      : 0.0171645       : 433  : 20.7788
  TaskLocalComm     [seconds] : 0.000538523     : 426  : 0.000725241     : 0.000101762     : 0.00116442      : 105  : 37.7162
  TaskWaitCommTime  [seconds] : 0.000180061     : 401  : 0.00375866      : 0.00342004      : 0.00978131      : 198  : 61.5731
  NumberOfTasks     [tasks  ] : 6               : 0    : 6               : 0               : 6               : 0    : 0
  NumberOfPatches   [patches] : 1               : 0    : 1               : 0               : 1               : 0    : 0
  NumberOfCells     [cells  ] : 32768           : 0    : 32768           : 0               : 32768           : 0    : 0
  SCIMemoryUsed     [MBytes ] : 1.21778e+08     : 45   : 1.22707e+08     : 306288          : 1.24461e+08     : 216  : 1.40929
  SCIMemoryMaxUsed  [MBytes ] : 1.21778e+08     : 45   : 1.22707e+08     : 306288          : 1.24461e+08     : 216  : 1.40929
  MemoryUsed        [MBytes ] : 6.2351e+08      : 23   : 6.3807e+08      : 5.4923e+06      : 6.53406e+08     : 160  : 2.34714
  MemoryResident    [MBytes ] : 1.21778e+08     : 45   : 1.22707e+08     : 306288          : 1.24461e+08     : 216  : 1.40929
  Percentage of time spent in overhead : 2.20158

________________________________________________________________________________
--------------------------------------------------------------------------------
MPIStats:+
--------------------------------------------------------------------------------
                Name:       Total:         Avg:         Min:         Max:    Max rank: Hist %% [  Q1 |  Q2 |  Q3 |  Q4 ]:  %%Load Imbalance
         Count: Recv:     1.33e+04           26           26           26          510           100.0   0.0   0.0   0.0     0.0
         Count: Redu:      4.1e+03            8            8            8          510           100.0   0.0   0.0   0.0     0.0
         Count: Send:     1.33e+04           26           26           26          510           100.0   0.0   0.0   0.0     0.0
         Count: Test:     3.17e+03         6.19            6           12          511            96.9   1.6   0.2   1.4    48.4
         Count: Wait:     2.36e+04           46           46           46          510           100.0   0.0   0.0   0.0     0.0
          Time: Recv:      5.65 ms     0.011 ms  7.43e+03 ns    0.0336 ms          297            88.1   8.0   3.5   0.4    67.2
          Time: Redu:      3.96 s       7.73 ms     0.226 ms      12.9 ms          329            17.8  18.0  28.1  36.1    39.9
          Time: Send:      47.4 ms    0.0925 ms    0.0436 ms     0.308 ms          253            78.3   7.6  12.7   1.4    69.9
          Time: Test:      1.67 ms  3.26e+03 ns  1.06e+03 ns    0.0231 ms          482            94.7   3.3   1.6   0.4    85.9
          Time: Wait:       1.8 s       3.52 ms    0.0955 ms      9.88 ms          198            51.2   6.4  25.6  16.8    64.4
Volume Recv TOTAL   :      76.7 MB       153 KB       153 KB       155 KB            0            99.8   0.0   0.0   0.2     1.3
Volume Recv0: <= 64B:     4.61e+03            9            9           10            0            99.8   0.0   0.0   0.2    10.0
Volume Recv1: <= 4KB:     6.66e+03           13           13           18            0            99.8   0.0   0.0   0.2    27.7
Volume Recv2: <= 2MB:     3.07e+03            6            6            6          510           100.0   0.0   0.0   0.0     0.0
Volume Send TOTAL   :      77.7 MB       155 KB       155 KB       155 KB          510           100.0   0.0   0.0   0.0     0.0
Volume Send0: <= 64B:     5.12e+03           10           10           10          510           100.0   0.0   0.0   0.0     0.0
Volume Send1: <= 4KB:     9.22e+03           18           18           18          510           100.0   0.0   0.0   0.0     0.0
Volume Send2: <= 2MB:     3.07e+03            6            6            6          510           100.0   0.0   0.0   0.0     0.0

Timestep 9       Time=9e-05       Next delT=1e-05       Wall Time=0.266821  EMA=0.0186555   Memory Used=123.38 MBs (avg) 124.50 MBs (max on rank: 288   )
Runtime Summary  summary stats for time step 9 at time=9e-05
  Description       Units       Minimum           Rank   Average (512)     Std. Dev.         Maximum           Rank   100*(1-ave/max) '% load imbalance'
  TaskExec          [seconds] : 0.00651939      : 207  : 0.0128544       : 0.00346294      : 0.0163235       : 445  : 21.2522
  TaskLocalComm     [seconds] : 0.000531052     : 410  : 0.000736486     : 0.000105886     : 0.00124704      : 407  : 40.9411
  TaskWaitCommTime  [seconds] : 0.000167559     : 253  : 0.00361285      : 0.00347161      : 0.0100168       : 198  : 63.9321
  NumberOfTasks     [tasks  ] : 6               : 0    : 6               : 0               : 6               : 0    : 0
  NumberOfPatches   [patches] : 1               : 0    : 1               : 0               : 1               : 0    : 0
  NumberOfCells     [cells  ] : 32768           : 0    : 32768           : 0               : 32768           : 0    : 0
  SCIMemoryUsed     [MBytes ] : 1.22454e+08     : 45   : 1.2338e+08      : 306171          : 1.24498e+08     : 288  : 0.897795
  SCIMemoryMaxUsed  [MBytes ] : 1.22454e+08     : 45   : 1.2338e+08      : 306171          : 1.24498e+08     : 288  : 0.897795
  MemoryUsed        [MBytes ] : 6.24136e+08     : 23   : 6.38697e+08     : 5.48981e+06     : 6.54033e+08     : 32   : 2.34477
  MemoryResident    [MBytes ] : 1.22454e+08     : 45   : 1.2338e+08      : 306171          : 1.24498e+08     : 288  : 0.897795
  Percentage of time spent in overhead : 1.95317

________________________________________________________________________________
--------------------------------------------------------------------------------
MPIStats:+
--------------------------------------------------------------------------------
                Name:       Total:         Avg:         Min:         Max:    Max rank: Hist %% [  Q1 |  Q2 |  Q3 |  Q4 ]:  %%Load Imbalance
         Count: Recv:     1.33e+04           26           26           26          510           100.0   0.0   0.0   0.0     0.0
         Count: Redu:      4.1e+03            8            8            8          510           100.0   0.0   0.0   0.0     0.0
         Count: Send:     1.33e+04           26           26           26          510           100.0   0.0   0.0   0.0     0.0
         Count: Test:     3.17e+03         6.19            6           12          511            97.1   1.4   0.2   1.4    48.4
         Count: Wait:     2.36e+04           46           46           46          510           100.0   0.0   0.0   0.0     0.0
          Time: Recv:      5.32 ms    0.0104 ms  7.21e+03 ns      0.03 ms          463            87.5   8.4   2.5   1.6    65.4
          Time: Redu:      3.21 s       6.27 ms     0.229 ms        11 ms          445            16.8  26.2  24.0  33.0    43.0
          Time: Send:      45.3 ms    0.0885 ms    0.0446 ms     0.325 ms          401            82.8   7.2   8.2   1.8    72.8
          Time: Test:       1.8 ms  3.52e+03 ns  1.11e+03 ns    0.0355 ms          509            96.1   2.3   0.6   1.0    90.1
          Time: Wait:       1.8 s       3.51 ms     0.085 ms      10.3 ms          248            47.9  10.2  31.2  10.7    65.9
Volume Recv TOTAL   :      76.7 MB       153 KB       153 KB       155 KB            0            99.8   0.0   0.0   0.2     1.3
Volume Recv0: <= 64B:     4.61e+03            9            9           10            0            99.8   0.0   0.0   0.2    10.0
Volume Recv1: <= 4KB:     6.66e+03           13           13           18            0            99.8   0.0   0.0   0.2    27.7
Volume Recv2: <= 2MB:     3.07e+03            6            6            6          510           100.0   0.0   0.0   0.0     0.0
Volume Send TOTAL   :      77.7 MB       155 KB       155 KB       155 KB          510           100.0   0.0   0.0   0.0     0.0
Volume Send0: <= 64B:     5.12e+03           10           10           10          510           100.0   0.0   0.0   0.0     0.0
Volume Send1: <= 4KB:     9.22e+03           18           18           18          510           100.0   0.0   0.0   0.0     0.0
Volume Send2: <= 2MB:     3.07e+03            6            6            6          510           100.0   0.0   0.0   0.0     0.0

Timestep 10      Time=0.0001      Next delT=1e-05       Wall Time=0.282706  EMA=0.0181515   Memory Used=122.79 MBs (avg) 124.55 MBs (max on rank: 216   )
Runtime Summary  summary stats for time step 10 at time=0.0001
  Description       Units       Minimum           Rank   Average (512)     Std. Dev.         Maximum           Rank   100*(1-ave/max) '% load imbalance'
  TaskExec          [seconds] : 0.0044631       : 248  : 0.0112512       : 0.00329285      : 0.0146287       : 442  : 23.0879
  TaskLocalComm     [seconds] : 0.000526693     : 410  : 0.000723821     : 9.99944e-05     : 0.0011236       : 154  : 35.5804
  TaskWaitCommTime  [seconds] : 0.000147939     : 253  : 0.00361791      : 0.00330767      : 0.0104573       : 248  : 65.4031
  NumberOfTasks     [tasks  ] : 6               : 0    : 6               : 0               : 6               : 0    : 0
  NumberOfPatches   [patches] : 1               : 0    : 1               : 0               : 1               : 0    : 0
  NumberOfCells     [cells  ] : 32768           : 0    : 32768           : 0               : 32768           : 0    : 0
  SCIMemoryUsed     [MBytes ] : 1.21852e+08     : 45   : 1.22786e+08     : 322836          : 1.24547e+08     : 216  : 1.4136
  SCIMemoryMaxUsed  [MBytes ] : 1.21852e+08     : 45   : 1.22786e+08     : 322836          : 1.24547e+08     : 216  : 1.4136
  MemoryUsed        [MBytes ] : 6.2351e+08      : 23   : 6.3807e+08      : 5.4923e+06      : 6.53406e+08     : 160  : 2.34714
  MemoryResident    [MBytes ] : 1.21852e+08     : 45   : 1.22786e+08     : 322836          : 1.24547e+08     : 216  : 1.4136
  Percentage of time spent in overhead : 1.75345
Sus: going down successfully
