Parallel: 16 MPI processes (using MPI)
Parallel: MPI Level Required: 0, provided: 0
Date:       Thu Aug 25 13:19:05 2022
Machine:    notch201
git branch:wasatch-low-cost-integ-cmake
git date:   Sat Jul 30 10:34:22 2022 -0600
git hash:   9315f9f96fa6304db4fe79378b145f37ea40016d
Assertion level: 0
CFLAGS:          
CXXFLAGS:        
______________________________________________________________________
Application Component: 	'wasatch'

-------------------------------------------------------------
Wasatch was built against:
  SpatialOps HASH: bd7a2bac76e42e2cb528b02e2cf1291d05c71926
             DATE: Fri Nov 12 11:34:54 2021 -0700
     ExprLib HASH: d2950c77edb22e5f3669ddaaf2d2ed29ceb24d2c
             DATE: Thu Aug 5 12:26:26 2021 -0600
    TabProps HASH: eca0dc5f26b20d4f6b1cebe51b1ae97e11871e83
             DATE: Wed Aug 11 20:11:26 2021 -0600
-------------------------------------------------------------

Linear Solver: 		hypre
Load Balancer: 		Simple
Scheduler: 		MPI
Patch layout: 		(4,2,2)
Grid statistics:
Number of levels:		1
Level 0:
  Periodic boundaries:		[int 1, 1, 1]
  Number of patches:		16
  Total number of cells:	524288 (32768 avg. per patch)
Total patches in grid:		16
Total cells in grid:		524288 (32768 avg. per patch)

Using small, individual MPI messages (no message combining)
Detected solver: hypre
SETTING UP CONVECTIVE FLUX EXPRESSION IN X DIRECTION USING CENTRAL
SETTING UP CONVECTIVE FLUX EXPRESSION IN Y DIRECTION USING CENTRAL
SETTING UP CONVECTIVE FLUX EXPRESSION IN Z DIRECTION USING CENTRAL
Setting initial conditions for scalability test equation: scalability0
SETTING UP CONVECTIVE FLUX EXPRESSION IN X DIRECTION USING CENTRAL
SETTING UP CONVECTIVE FLUX EXPRESSION IN Y DIRECTION USING CENTRAL
SETTING UP CONVECTIVE FLUX EXPRESSION IN Z DIRECTION USING CENTRAL
Setting initial conditions for scalability test equation: scalability1
SETTING UP CONVECTIVE FLUX EXPRESSION IN X DIRECTION USING CENTRAL
SETTING UP CONVECTIVE FLUX EXPRESSION IN Y DIRECTION USING CENTRAL
SETTING UP CONVECTIVE FLUX EXPRESSION IN Z DIRECTION USING CENTRAL
Setting initial conditions for scalability test equation: scalability2
SETTING UP CONVECTIVE FLUX EXPRESSION IN X DIRECTION USING CENTRAL
SETTING UP CONVECTIVE FLUX EXPRESSION IN Y DIRECTION USING CENTRAL
SETTING UP CONVECTIVE FLUX EXPRESSION IN Z DIRECTION USING CENTRAL
Setting initial conditions for scalability test equation: scalability3
SETTING UP CONVECTIVE FLUX EXPRESSION IN X DIRECTION USING CENTRAL
SETTING UP CONVECTIVE FLUX EXPRESSION IN Y DIRECTION USING CENTRAL
SETTING UP CONVECTIVE FLUX EXPRESSION IN Z DIRECTION USING CENTRAL
Setting initial conditions for scalability test equation: scalability4
SETTING UP CONVECTIVE FLUX EXPRESSION IN X DIRECTION USING CENTRAL
SETTING UP CONVECTIVE FLUX EXPRESSION IN Y DIRECTION USING CENTRAL
SETTING UP CONVECTIVE FLUX EXPRESSION IN Z DIRECTION USING CENTRAL
Setting initial conditions for scalability test equation: scalability5
SETTING UP CONVECTIVE FLUX EXPRESSION IN X DIRECTION USING CENTRAL
SETTING UP CONVECTIVE FLUX EXPRESSION IN Y DIRECTION USING CENTRAL
SETTING UP CONVECTIVE FLUX EXPRESSION IN Z DIRECTION USING CENTRAL
Setting initial conditions for scalability test equation: scalability6
SETTING UP CONVECTIVE FLUX EXPRESSION IN X DIRECTION USING CENTRAL
SETTING UP CONVECTIVE FLUX EXPRESSION IN Y DIRECTION USING CENTRAL
SETTING UP CONVECTIVE FLUX EXPRESSION IN Z DIRECTION USING CENTRAL
Setting initial conditions for scalability test equation: scalability7
SETTING UP CONVECTIVE FLUX EXPRESSION IN X DIRECTION USING CENTRAL
SETTING UP CONVECTIVE FLUX EXPRESSION IN Y DIRECTION USING CENTRAL
SETTING UP CONVECTIVE FLUX EXPRESSION IN Z DIRECTION USING CENTRAL
Setting initial conditions for scalability test equation: scalability8
SETTING UP CONVECTIVE FLUX EXPRESSION IN X DIRECTION USING CENTRAL
SETTING UP CONVECTIVE FLUX EXPRESSION IN Y DIRECTION USING CENTRAL
SETTING UP CONVECTIVE FLUX EXPRESSION IN Z DIRECTION USING CENTRAL
Setting initial conditions for scalability test equation: scalability9
------------------------------------------------
No BoundaryConditions specified
  This message will only occur once

Compiling initialization taskgraph.
------------------------------------------------
SETTING INITIAL BOUNDARY CONDITIONS:
------------------------------------------------
Setting Initial BCs for transport equation 'scalability0'
Setting Initial BCs for transport equation 'scalability1'
Setting Initial BCs for transport equation 'scalability2'
Setting Initial BCs for transport equation 'scalability3'
Setting Initial BCs for transport equation 'scalability4'
Setting Initial BCs for transport equation 'scalability5'
Setting Initial BCs for transport equation 'scalability6'
Setting Initial BCs for transport equation 'scalability7'
Setting Initial BCs for transport equation 'scalability8'
Setting Initial BCs for transport equation 'scalability9'
------------------------------------------------
Wasatch: done creating initialization task(s)
Scheduling Task 'compute timestep' COMPUTES 'delT' in NEW data warehouse
Wasatch: done creating timestep task(s)
Done with taskgraph compile (0.00015589 seconds)
Warning: addContribution not implemented for LoadBalancerCommon.
WARNING at time step 0 and sim time 0 : lowering the next delT from 1 to the maximum: 1e-05

________________________________________________________________________________
--------------------------------------------------------------------------------
MPIStats:+
--------------------------------------------------------------------------------
                Name:       Total:         Avg:         Min:         Max:    Max rank: Hist %% [  Q1 |  Q2 |  Q3 |  Q4 ]:  %%Load Imbalance
         Count: Gath:           32            2            2            2            0           100.0   0.0   0.0   0.0     0.0
         Count: Redu:           16            1            1            1            0           100.0   0.0   0.0   0.0     0.0
          Time: Gath:      9.98 ms     0.624 ms     0.323 ms     0.863 ms            1            25.0   6.2  43.8  25.0    27.7
          Time: Redu:      23.5 ms      1.47 ms      1.25 ms      1.81 ms            1            37.5  31.2  18.8  12.5    18.8
Volume Recv TOTAL   :      10.1 KB        649 B        649 B        649 B            0           100.0   0.0   0.0   0.0     0.0
Volume Recv0: <= 64B:           16            1            1            1            0           100.0   0.0   0.0   0.0     0.0
Volume Recv1: <= 4KB:           32            2            2            2            0           100.0   0.0   0.0   0.0     0.0
Volume Send TOTAL   :      4.52 KB        289 B        289 B        289 B            0           100.0   0.0   0.0   0.0     0.0
Volume Send0: <= 64B:           32            2            2            2            0           100.0   0.0   0.0   0.0     0.0
Volume Send1: <= 4KB:           16            1            1            1            0           100.0   0.0   0.0   0.0     0.0


Simulation and run time stats are reported at the end of each time step
EMA == Wall time as an exponential moving average using a window of the last 10 time steps
Timestep 0       Time=0           Next delT=1e-05       Wall Time=0.0772997 EMA=0.0693022   Memory Used=171.25 MBs (avg) 172.23 MBs (max on rank: 9     )
Warning: finalizeContributions not implemented for LoadBalancerCommon.
Warning: resetCostForecaster not implemented for LoadBalancerCommon.
Compiling taskgraph(s)...
------------------------------------------------
SETTING BOUNDARY CONDITIONS:
------------------------------------------------
Setting BCs for transport equation 'scalability0'
Setting BCs for transport equation 'scalability1'
Setting BCs for transport equation 'scalability2'
Setting BCs for transport equation 'scalability3'
Setting BCs for transport equation 'scalability4'
Setting BCs for transport equation 'scalability5'
Setting BCs for transport equation 'scalability6'
Setting BCs for transport equation 'scalability7'
Setting BCs for transport equation 'scalability8'
Setting BCs for transport equation 'scalability9'
------------------------------------------------
Wasatch: done creating solution task(s)
Wasatch: done creating solution task(s)
Wasatch: done creating post-processing task(s)
Scheduling Task 'compute timestep' COMPUTES 'delT' in NEW data warehouse
Wasatch: done creating timestep task(s)
Done with taskgraph compile (0.0202098 seconds)

________________________________________________________________________________
--------------------------------------------------------------------------------
MPIStats:+
--------------------------------------------------------------------------------
                Name:       Total:         Avg:         Min:         Max:    Max rank: Hist %% [  Q1 |  Q2 |  Q3 |  Q4 ]:  %%Load Imbalance
         Count: Recv:          352           22           22           22            0           100.0   0.0   0.0   0.0     0.0
         Count: Redu:          128            8            8            8            0           100.0   0.0   0.0   0.0     0.0
         Count: Send:          352           22           22           22            0           100.0   0.0   0.0   0.0     0.0
         Count: Test:          197         12.3            9           16           15            31.2  18.8  31.2  18.8    23.0
         Count: Wait:          576           36           36           36            0           100.0   0.0   0.0   0.0     0.0
          Time: Recv:     0.512 ms     0.032 ms  9.43e+03 ns    0.0594 ms            2            37.5  12.5  37.5  12.5    46.2
          Time: Redu:      23.2 ms      1.45 ms      0.21 ms      3.14 ms            6            50.0   6.2  12.5  31.2    53.8
          Time: Send:      9.94 ms     0.621 ms     0.579 ms     0.696 ms           15            43.8  25.0  18.8  12.5    10.8
          Time: Test:     0.703 ms    0.0439 ms    0.0109 ms     0.233 ms           11            87.5   0.0   6.2   6.2    81.1
          Time: Wait:        37 ms      2.31 ms      0.94 ms      3.35 ms            4            31.2   0.0  37.5  31.2    31.0
Volume Recv TOTAL   :      26.3 MB      1.65 MB      1.65 MB      1.65 MB            0            93.8   0.0   0.0   6.2     0.1
Volume Recv0: <= 64B:           17         1.06            1            2            0            93.8   0.0   0.0   6.2    46.9
Volume Recv1: <= 4KB:           85         5.31            5           10            0            93.8   0.0   0.0   6.2    46.9
Volume Recv2: <= 2MB:          288           18           18           18            0           100.0   0.0   0.0   0.0     0.0
Volume Send TOTAL   :      26.4 MB      1.65 MB      1.65 MB      1.65 MB            0           100.0   0.0   0.0   0.0     0.0
Volume Send0: <= 64B:           32            2            2            2            0           100.0   0.0   0.0   0.0     0.0
Volume Send1: <= 4KB:          160           10           10           10            0           100.0   0.0   0.0   0.0     0.0
Volume Send2: <= 2MB:          288           18           18           18            0           100.0   0.0   0.0   0.0     0.0

Timestep 1       Time=1e-05       Next delT=1e-05       Wall Time=0.144347  EMA=0.0670152   Memory Used=179.09 MBs (avg) 182.76 MBs (max on rank: 1     )
Runtime Summary  summary stats for time step 1 at time=1e-05
  Description       Units       Minimum           Rank   Average (16)      Std. Dev.         Maximum           Rank   100*(1-ave/max) '% load imbalance'
  Compilation       [seconds] : 0.0171461       : 2    : 0.0175605       : 0.000713234     : 0.0202098       : 0    : 13.1092
  TaskExec          [seconds] : 0.0425751       : 0    : 0.0441703       : 0.000959536     : 0.0458453       : 9    : 3.65349
  TaskLocalComm     [seconds] : 0.0041882       : 6    : 0.00468175      : 0.000310783     : 0.00507064      : 3    : 7.66935
  TaskWaitCommTime  [seconds] : 0.00152792      : 10   : 0.00298006      : 0.000935626     : 0.0039895       : 1    : 25.3024
  NumberOfTasks     [tasks  ] : 8               : 0    : 8               : 0               : 8               : 0    : 0
  NumberOfPatches   [patches] : 1               : 0    : 1               : 0               : 1               : 0    : 0
  NumberOfCells     [cells  ] : 32768           : 0    : 32768           : 0               : 32768           : 0    : 0
  SCIMemoryUsed     [MBytes ] : 1.78139e+08     : 10   : 1.79092e+08     : 1.06684e+06     : 1.82755e+08     : 1    : 2.00452
  SCIMemoryMaxUsed  [MBytes ] : 1.78139e+08     : 10   : 1.79092e+08     : 1.06684e+06     : 1.82755e+08     : 1    : 2.00452
  MemoryUsed        [MBytes ] : 7.52439e+08     : 2    : 7.6045e+08      : 3.9031e+06      : 7.65592e+08     : 10   : 0.671573
  MemoryResident    [MBytes ] : 1.78139e+08     : 10   : 1.79092e+08     : 1.06684e+06     : 1.82755e+08     : 1    : 2.00452
  Percentage of time spent in overhead : 25.306

________________________________________________________________________________
--------------------------------------------------------------------------------
MPIStats:+
--------------------------------------------------------------------------------
                Name:       Total:         Avg:         Min:         Max:    Max rank: Hist %% [  Q1 |  Q2 |  Q3 |  Q4 ]:  %%Load Imbalance
         Count: Recv:          352           22           22           22            0           100.0   0.0   0.0   0.0     0.0
         Count: Redu:          128            8            8            8            0           100.0   0.0   0.0   0.0     0.0
         Count: Send:          352           22           22           22            0           100.0   0.0   0.0   0.0     0.0
         Count: Test:          200         12.5           10           17           15            37.5  31.2  25.0   6.2    26.5
         Count: Wait:          576           36           36           36            0           100.0   0.0   0.0   0.0     0.0
          Time: Recv:     0.278 ms    0.0174 ms   7.4e+03 ns    0.0307 ms            2            25.0  25.0  43.8   6.2    43.5
          Time: Redu:      24.7 ms      1.55 ms     0.222 ms      3.37 ms            4            50.0   0.0  18.8  31.2    54.1
          Time: Send:      13.7 ms     0.853 ms     0.663 ms      1.03 ms            9             6.2  37.5  37.5  18.8    17.0
          Time: Test:      0.22 ms    0.0137 ms  8.32e+03 ns    0.0253 ms            6            43.8  43.8   6.2   6.2    45.8
          Time: Wait:      12.5 ms     0.781 ms     0.731 ms     0.896 ms            9            56.2  18.8  18.8   6.2    12.8
Volume Recv TOTAL   :      26.3 MB      1.65 MB      1.65 MB      1.65 MB            0            93.8   0.0   0.0   6.2     0.1
Volume Recv0: <= 64B:           17         1.06            1            2            0            93.8   0.0   0.0   6.2    46.9
Volume Recv1: <= 4KB:           85         5.31            5           10            0            93.8   0.0   0.0   6.2    46.9
Volume Recv2: <= 2MB:          288           18           18           18            0           100.0   0.0   0.0   0.0     0.0
Volume Send TOTAL   :      26.4 MB      1.65 MB      1.65 MB      1.65 MB            0           100.0   0.0   0.0   0.0     0.0
Volume Send0: <= 64B:           32            2            2            2            0           100.0   0.0   0.0   0.0     0.0
Volume Send1: <= 4KB:          160           10           10           10            0           100.0   0.0   0.0   0.0     0.0
Volume Send2: <= 2MB:          288           18           18           18            0           100.0   0.0   0.0   0.0     0.0

Timestep 2       Time=2e-05       Next delT=1e-05       Wall Time=0.168709  EMA=0.0385802   Memory Used=184.75 MBs (avg) 186.83 MBs (max on rank: 1     )
Runtime Summary  summary stats for time step 2 at time=2e-05
  Description       Units       Minimum           Rank   Average (16)      Std. Dev.         Maximum           Rank   100*(1-ave/max) '% load imbalance'
  TaskExec          [seconds] : 0.0207385       : 7    : 0.0209435       : 0.000120844     : 0.0210893       : 4    : 0.691325
  TaskLocalComm     [seconds] : 0.00402596      : 0    : 0.00452316      : 0.000243846     : 0.00480523      : 13   : 5.87002
  TaskWaitCommTime  [seconds] : 0.00121604      : 6    : 0.00133948      : 8.98823e-05     : 0.00152044      : 5    : 11.9013
  NumberOfTasks     [tasks  ] : 8               : 0    : 8               : 0               : 8               : 0    : 0
  NumberOfPatches   [patches] : 1               : 0    : 1               : 0               : 1               : 0    : 0
  NumberOfCells     [cells  ] : 32768           : 0    : 32768           : 0               : 32768           : 0    : 0
  SCIMemoryUsed     [MBytes ] : 1.83906e+08     : 10   : 1.84751e+08     : 703710          : 1.86831e+08     : 1    : 1.11331
  SCIMemoryMaxUsed  [MBytes ] : 1.83906e+08     : 10   : 1.84751e+08     : 703710          : 1.86831e+08     : 1    : 1.11331
  MemoryUsed        [MBytes ] : 7.58305e+08     : 2    : 7.65984e+08     : 3.86512e+06     : 7.71203e+08     : 9    : 0.676777
  MemoryResident    [MBytes ] : 1.83906e+08     : 10   : 1.84751e+08     : 703710          : 1.86831e+08     : 1    : 1.11331
  Percentage of time spent in overhead : 12.6529

________________________________________________________________________________
--------------------------------------------------------------------------------
MPIStats:+
--------------------------------------------------------------------------------
                Name:       Total:         Avg:         Min:         Max:    Max rank: Hist %% [  Q1 |  Q2 |  Q3 |  Q4 ]:  %%Load Imbalance
         Count: Recv:          352           22           22           22            0           100.0   0.0   0.0   0.0     0.0
         Count: Redu:          128            8            8            8            0           100.0   0.0   0.0   0.0     0.0
         Count: Send:          352           22           22           22            0           100.0   0.0   0.0   0.0     0.0
         Count: Test:          198         12.4           10           16           15            37.5  12.5  31.2  18.8    22.7
         Count: Wait:          576           36           36           36            0           100.0   0.0   0.0   0.0     0.0
          Time: Recv:     0.288 ms     0.018 ms  7.12e+03 ns    0.0283 ms           11            31.2   6.2  37.5  25.0    36.5
          Time: Redu:      34.9 ms      2.18 ms     0.202 ms      4.06 ms            6            43.8  12.5  12.5  31.2    46.2
          Time: Send:      6.46 ms     0.404 ms     0.254 ms     0.543 ms            9            12.5  43.8  12.5  31.2    25.7
          Time: Test:     0.307 ms    0.0192 ms  7.23e+03 ns    0.0987 ms            0            93.8   0.0   0.0   6.2    80.6
          Time: Wait:      12.9 ms     0.806 ms     0.567 ms     0.935 ms            5             6.2  12.5  50.0  31.2    13.8
Volume Recv TOTAL   :      26.3 MB      1.65 MB      1.65 MB      1.65 MB            0            93.8   0.0   0.0   6.2     0.1
Volume Recv0: <= 64B:           17         1.06            1            2            0            93.8   0.0   0.0   6.2    46.9
Volume Recv1: <= 4KB:           85         5.31            5           10            0            93.8   0.0   0.0   6.2    46.9
Volume Recv2: <= 2MB:          288           18           18           18            0           100.0   0.0   0.0   0.0     0.0
Volume Send TOTAL   :      26.4 MB      1.65 MB      1.65 MB      1.65 MB            0           100.0   0.0   0.0   0.0     0.0
Volume Send0: <= 64B:           32            2            2            2            0           100.0   0.0   0.0   0.0     0.0
Volume Send1: <= 4KB:          160           10           10           10            0           100.0   0.0   0.0   0.0     0.0
Volume Send2: <= 2MB:          288           18           18           18            0           100.0   0.0   0.0   0.0     0.0

Timestep 3       Time=3e-05       Next delT=1e-05       Wall Time=0.19168   EMA=0.0307755   Memory Used=187.82 MBs (avg) 188.73 MBs (max on rank: 0     )
Runtime Summary  summary stats for time step 3 at time=3e-05
  Description       Units       Minimum           Rank   Average (16)      Std. Dev.         Maximum           Rank   100*(1-ave/max) '% load imbalance'
  TaskExec          [seconds] : 0.0193044       : 0    : 0.0195308       : 0.00016331      : 0.0198443       : 1    : 1.57954
  TaskLocalComm     [seconds] : 0.00364019      : 6    : 0.00403893      : 0.00024573      : 0.00451521      : 13   : 10.5482
  TaskWaitCommTime  [seconds] : 0.00112461      : 1    : 0.00137599      : 0.000120792     : 0.00166527      : 5    : 17.3712
  NumberOfTasks     [tasks  ] : 8               : 0    : 8               : 0               : 8               : 0    : 0
  NumberOfPatches   [patches] : 1               : 0    : 1               : 0               : 1               : 0    : 0
  NumberOfCells     [cells  ] : 32768           : 0    : 32768           : 0               : 32768           : 0    : 0
  SCIMemoryUsed     [MBytes ] : 1.86831e+08     : 1    : 1.87823e+08     : 508639          : 1.88727e+08     : 0    : 0.479371
  SCIMemoryMaxUsed  [MBytes ] : 1.86831e+08     : 1    : 1.87823e+08     : 508639          : 1.88727e+08     : 0    : 0.479371
  MemoryUsed        [MBytes ] : 7.61455e+08     : 2    : 7.68931e+08     : 3.95013e+06     : 7.74349e+08     : 9    : 0.699617
  MemoryResident    [MBytes ] : 1.86831e+08     : 1    : 1.87823e+08     : 508639          : 1.88727e+08     : 0    : 0.479371
  Percentage of time spent in overhead : 8.43466

________________________________________________________________________________
--------------------------------------------------------------------------------
MPIStats:+
--------------------------------------------------------------------------------
                Name:       Total:         Avg:         Min:         Max:    Max rank: Hist %% [  Q1 |  Q2 |  Q3 |  Q4 ]:  %%Load Imbalance
         Count: Recv:          352           22           22           22            0           100.0   0.0   0.0   0.0     0.0
         Count: Redu:          128            8            8            8            0           100.0   0.0   0.0   0.0     0.0
         Count: Send:          352           22           22           22            0           100.0   0.0   0.0   0.0     0.0
         Count: Test:          198         12.4            9           16           15            31.2  25.0  25.0  18.8    22.7
         Count: Wait:          576           36           36           36            0           100.0   0.0   0.0   0.0     0.0
          Time: Recv:     0.286 ms    0.0179 ms  6.27e+03 ns    0.0284 ms           12            25.0  12.5  37.5  25.0    37.2
          Time: Redu:      30.9 ms      1.93 ms     0.198 ms      3.57 ms            4            37.5  12.5  12.5  37.5    45.9
          Time: Send:      6.34 ms     0.396 ms     0.221 ms     0.543 ms           15             6.2  37.5  31.2  25.0    27.0
          Time: Test:     0.233 ms    0.0146 ms  6.57e+03 ns    0.0304 ms           11            43.8  25.0  25.0   6.2    52.0
          Time: Wait:      9.07 ms     0.567 ms     0.476 ms     0.866 ms            0            75.0  12.5   6.2   6.2    34.5
Volume Recv TOTAL   :      26.3 MB      1.65 MB      1.65 MB      1.65 MB            0            93.8   0.0   0.0   6.2     0.1
Volume Recv0: <= 64B:           17         1.06            1            2            0            93.8   0.0   0.0   6.2    46.9
Volume Recv1: <= 4KB:           85         5.31            5           10            0            93.8   0.0   0.0   6.2    46.9
Volume Recv2: <= 2MB:          288           18           18           18            0           100.0   0.0   0.0   0.0     0.0
Volume Send TOTAL   :      26.4 MB      1.65 MB      1.65 MB      1.65 MB            0           100.0   0.0   0.0   0.0     0.0
Volume Send0: <= 64B:           32            2            2            2            0           100.0   0.0   0.0   0.0     0.0
Volume Send1: <= 4KB:          160           10           10           10            0           100.0   0.0   0.0   0.0     0.0
Volume Send2: <= 2MB:          288           18           18           18            0           100.0   0.0   0.0   0.0     0.0

Timestep 4       Time=4e-05       Next delT=1e-05       Wall Time=0.213282  EMA=0.0271057   Memory Used=187.92 MBs (avg) 188.73 MBs (max on rank: 0     )
Runtime Summary  summary stats for time step 4 at time=4e-05
  Description       Units       Minimum           Rank   Average (16)      Std. Dev.         Maximum           Rank   100*(1-ave/max) '% load imbalance'
  TaskExec          [seconds] : 0.0182826       : 1    : 0.0185213       : 0.000127168     : 0.0187342       : 6    : 1.13634
  TaskLocalComm     [seconds] : 0.00328847      : 0    : 0.00375517      : 0.000302563     : 0.00420914      : 1    : 10.7851
  TaskWaitCommTime  [seconds] : 0.000922473     : 6    : 0.00108979      : 0.000111819     : 0.0013347       : 1    : 18.3492
  NumberOfTasks     [tasks  ] : 8               : 0    : 8               : 0               : 8               : 0    : 0
  NumberOfPatches   [patches] : 1               : 0    : 1               : 0               : 1               : 0    : 0
  NumberOfCells     [cells  ] : 32768           : 0    : 32768           : 0               : 32768           : 0    : 0
  SCIMemoryUsed     [MBytes ] : 1.87142e+08     : 1    : 1.87919e+08     : 526449          : 1.88727e+08     : 0    : 0.428368
  SCIMemoryMaxUsed  [MBytes ] : 1.87142e+08     : 1    : 1.87919e+08     : 526449          : 1.88727e+08     : 0    : 0.428368
  MemoryUsed        [MBytes ] : 7.61455e+08     : 2    : 7.68974e+08     : 3.92634e+06     : 7.74349e+08     : 9    : 0.694129
  MemoryResident    [MBytes ] : 1.87142e+08     : 1    : 1.87919e+08     : 526449          : 1.88727e+08     : 0    : 0.428368
  Percentage of time spent in overhead : 6.32471

________________________________________________________________________________
--------------------------------------------------------------------------------
MPIStats:+
--------------------------------------------------------------------------------
                Name:       Total:         Avg:         Min:         Max:    Max rank: Hist %% [  Q1 |  Q2 |  Q3 |  Q4 ]:  %%Load Imbalance
         Count: Recv:          352           22           22           22            0           100.0   0.0   0.0   0.0     0.0
         Count: Redu:          128            8            8            8            0           100.0   0.0   0.0   0.0     0.0
         Count: Send:          352           22           22           22            0           100.0   0.0   0.0   0.0     0.0
         Count: Test:          198         12.4           10           16           14            37.5  18.8  31.2  12.5    22.7
         Count: Wait:          576           36           36           36            0           100.0   0.0   0.0   0.0     0.0
          Time: Recv:     0.274 ms    0.0171 ms  6.31e+03 ns    0.0283 ms            2            25.0  18.8  37.5  18.8    39.3
          Time: Redu:      25.7 ms       1.6 ms     0.187 ms      2.94 ms           15            18.8  37.5  18.8  25.0    45.5
          Time: Send:       6.3 ms     0.394 ms     0.199 ms     0.587 ms           11            31.2   6.2  50.0  12.5    32.9
          Time: Test:     0.406 ms    0.0254 ms  7.88e+03 ns     0.125 ms            6            87.5   0.0   6.2   6.2    79.7
          Time: Wait:       9.9 ms     0.618 ms     0.468 ms      1.16 ms            3            81.2   0.0   6.2  12.5    46.9
Volume Recv TOTAL   :      26.3 MB      1.65 MB      1.65 MB      1.65 MB            0            93.8   0.0   0.0   6.2     0.1
Volume Recv0: <= 64B:           17         1.06            1            2            0            93.8   0.0   0.0   6.2    46.9
Volume Recv1: <= 4KB:           85         5.31            5           10            0            93.8   0.0   0.0   6.2    46.9
Volume Recv2: <= 2MB:          288           18           18           18            0           100.0   0.0   0.0   0.0     0.0
Volume Send TOTAL   :      26.4 MB      1.65 MB      1.65 MB      1.65 MB            0           100.0   0.0   0.0   0.0     0.0
Volume Send0: <= 64B:           32            2            2            2            0           100.0   0.0   0.0   0.0     0.0
Volume Send1: <= 4KB:          160           10           10           10            0           100.0   0.0   0.0   0.0     0.0
Volume Send2: <= 2MB:          288           18           18           18            0           100.0   0.0   0.0   0.0     0.0

Timestep 5       Time=5e-05       Next delT=1e-05       Wall Time=0.234211  EMA=0.025047    Memory Used=187.97 MBs (avg) 188.73 MBs (max on rank: 0     )
Runtime Summary  summary stats for time step 5 at time=5e-05
  Description       Units       Minimum           Rank   Average (16)      Std. Dev.         Maximum           Rank   100*(1-ave/max) '% load imbalance'
  TaskExec          [seconds] : 0.0173287       : 3    : 0.0178591       : 0.000226357     : 0.0181037       : 14   : 1.35123
  TaskLocalComm     [seconds] : 0.0032321       : 4    : 0.00365983      : 0.00025346      : 0.0040626       : 11   : 9.91394
  TaskWaitCommTime  [seconds] : 0.000910674     : 14   : 0.00109137      : 0.000227985     : 0.00162023      : 3    : 32.6406
  NumberOfTasks     [tasks  ] : 8               : 0    : 8               : 0               : 8               : 0    : 0
  NumberOfPatches   [patches] : 1               : 0    : 1               : 0               : 1               : 0    : 0
  NumberOfCells     [cells  ] : 32768           : 0    : 32768           : 0               : 32768           : 0    : 0
  SCIMemoryUsed     [MBytes ] : 1.87142e+08     : 1    : 1.87973e+08     : 490057          : 1.88727e+08     : 0    : 0.399612
  SCIMemoryMaxUsed  [MBytes ] : 1.87142e+08     : 1    : 1.87973e+08     : 490057          : 1.88727e+08     : 0    : 0.399612
  MemoryUsed        [MBytes ] : 7.61455e+08     : 2    : 7.69018e+08     : 3.9895e+06      : 7.74726e+08     : 10   : 0.736781
  MemoryResident    [MBytes ] : 1.87142e+08     : 1    : 1.87973e+08     : 490057          : 1.88727e+08     : 0    : 0.399612
  Percentage of time spent in overhead : 5.05771

________________________________________________________________________________
--------------------------------------------------------------------------------
MPIStats:+
--------------------------------------------------------------------------------
                Name:       Total:         Avg:         Min:         Max:    Max rank: Hist %% [  Q1 |  Q2 |  Q3 |  Q4 ]:  %%Load Imbalance
         Count: Recv:          352           22           22           22            0           100.0   0.0   0.0   0.0     0.0
         Count: Redu:          128            8            8            8            0           100.0   0.0   0.0   0.0     0.0
         Count: Send:          352           22           22           22            0           100.0   0.0   0.0   0.0     0.0
         Count: Test:          196         12.2            9           16           15            31.2  18.8  31.2  18.8    23.4
         Count: Wait:          576           36           36           36            0           100.0   0.0   0.0   0.0     0.0
          Time: Recv:     0.284 ms    0.0178 ms  6.23e+03 ns      0.04 ms            7            31.2  56.2   6.2   6.2    55.6
          Time: Redu:        22 ms      1.38 ms     0.183 ms      2.47 ms            2            37.5   0.0  18.8  43.8    44.4
          Time: Send:      5.66 ms     0.354 ms    0.0755 ms     0.517 ms            0             6.2   0.0  75.0  18.8    31.5
          Time: Test:     0.254 ms    0.0159 ms  7.23e+03 ns    0.0299 ms           13            43.8  12.5  25.0  18.8    46.8
          Time: Wait:      9.69 ms     0.606 ms     0.536 ms     0.733 ms           15            37.5  37.5  18.8   6.2    17.4
Volume Recv TOTAL   :      26.3 MB      1.65 MB      1.65 MB      1.65 MB            0            93.8   0.0   0.0   6.2     0.1
Volume Recv0: <= 64B:           17         1.06            1            2            0            93.8   0.0   0.0   6.2    46.9
Volume Recv1: <= 4KB:           85         5.31            5           10            0            93.8   0.0   0.0   6.2    46.9
Volume Recv2: <= 2MB:          288           18           18           18            0           100.0   0.0   0.0   0.0     0.0
Volume Send TOTAL   :      26.4 MB      1.65 MB      1.65 MB      1.65 MB            0           100.0   0.0   0.0   0.0     0.0
Volume Send0: <= 64B:           32            2            2            2            0           100.0   0.0   0.0   0.0     0.0
Volume Send1: <= 4KB:          160           10           10           10            0           100.0   0.0   0.0   0.0     0.0
Volume Send2: <= 2MB:          288           18           18           18            0           100.0   0.0   0.0   0.0     0.0

Timestep 6       Time=6e-05       Next delT=1e-05       Wall Time=0.254584  EMA=0.0237116   Memory Used=188.18 MBs (avg) 189.06 MBs (max on rank: 0     )
Runtime Summary  summary stats for time step 6 at time=6e-05
  Description       Units       Minimum           Rank   Average (16)      Std. Dev.         Maximum           Rank   100*(1-ave/max) '% load imbalance'
  TaskExec          [seconds] : 0.0171511       : 5    : 0.0172914       : 0.000110679     : 0.0174468       : 14   : 0.890449
  TaskLocalComm     [seconds] : 0.00297137      : 2    : 0.00355895      : 0.000335206     : 0.0040087       : 7    : 11.2193
  TaskWaitCommTime  [seconds] : 0.00101767      : 3    : 0.00110149      : 4.68695e-05     : 0.00119364      : 15   : 7.72006
  NumberOfTasks     [tasks  ] : 8               : 0    : 8               : 0               : 8               : 0    : 0
  NumberOfPatches   [patches] : 1               : 0    : 1               : 0               : 1               : 0    : 0
  NumberOfCells     [cells  ] : 32768           : 0    : 32768           : 0               : 32768           : 0    : 0
  SCIMemoryUsed     [MBytes ] : 1.87142e+08     : 1    : 1.88185e+08     : 507629          : 1.89059e+08     : 0    : 0.462552
  SCIMemoryMaxUsed  [MBytes ] : 1.87142e+08     : 1    : 1.88185e+08     : 507629          : 1.89059e+08     : 0    : 0.462552
  MemoryUsed        [MBytes ] : 7.61455e+08     : 2    : 7.69041e+08     : 4.02365e+06     : 7.74726e+08     : 10   : 0.733741
  MemoryResident    [MBytes ] : 1.87142e+08     : 1    : 1.88185e+08     : 507629          : 1.89059e+08     : 0    : 0.462552
  Percentage of time spent in overhead : 4.21189

________________________________________________________________________________
--------------------------------------------------------------------------------
MPIStats:+
--------------------------------------------------------------------------------
                Name:       Total:         Avg:         Min:         Max:    Max rank: Hist %% [  Q1 |  Q2 |  Q3 |  Q4 ]:  %%Load Imbalance
         Count: Recv:          352           22           22           22            0           100.0   0.0   0.0   0.0     0.0
         Count: Redu:          128            8            8            8            0           100.0   0.0   0.0   0.0     0.0
         Count: Send:          352           22           22           22            0           100.0   0.0   0.0   0.0     0.0
         Count: Test:          195         12.2            9           16           14            37.5  12.5  31.2  18.8    23.8
         Count: Wait:          576           36           36           36            0           100.0   0.0   0.0   0.0     0.0
          Time: Recv:     0.265 ms    0.0165 ms  7.49e+03 ns    0.0256 ms           12            18.8  31.2  31.2  18.8    35.5
          Time: Redu:        21 ms      1.32 ms     0.187 ms      2.42 ms            2            37.5   0.0  25.0  37.5    45.7
          Time: Send:      6.12 ms     0.382 ms     0.186 ms     0.528 ms           11            18.8   6.2  50.0  25.0    27.7
          Time: Test:     0.201 ms    0.0126 ms  5.77e+03 ns    0.0222 ms            6            37.5  31.2   6.2  25.0    43.5
          Time: Wait:      8.57 ms     0.535 ms     0.437 ms     0.618 ms           15            12.5  31.2  31.2  25.0    13.4
Volume Recv TOTAL   :      26.3 MB      1.65 MB      1.65 MB      1.65 MB            0            93.8   0.0   0.0   6.2     0.1
Volume Recv0: <= 64B:           17         1.06            1            2            0            93.8   0.0   0.0   6.2    46.9
Volume Recv1: <= 4KB:           85         5.31            5           10            0            93.8   0.0   0.0   6.2    46.9
Volume Recv2: <= 2MB:          288           18           18           18            0           100.0   0.0   0.0   0.0     0.0
Volume Send TOTAL   :      26.4 MB      1.65 MB      1.65 MB      1.65 MB            0           100.0   0.0   0.0   0.0     0.0
Volume Send0: <= 64B:           32            2            2            2            0           100.0   0.0   0.0   0.0     0.0
Volume Send1: <= 4KB:          160           10           10           10            0           100.0   0.0   0.0   0.0     0.0
Volume Send2: <= 2MB:          288           18           18           18            0           100.0   0.0   0.0   0.0     0.0

Timestep 7       Time=7e-05       Next delT=1e-05       Wall Time=0.274487  EMA=0.0227593   Memory Used=188.24 MBs (avg) 189.06 MBs (max on rank: 0     )
Runtime Summary  summary stats for time step 7 at time=7e-05
  Description       Units       Minimum           Rank   Average (16)      Std. Dev.         Maximum           Rank   100*(1-ave/max) '% load imbalance'
  TaskExec          [seconds] : 0.0167506       : 3    : 0.016932        : 0.000101109     : 0.0170905       : 2    : 0.92734
  TaskLocalComm     [seconds] : 0.00305842      : 2    : 0.00356194      : 0.000279635     : 0.00407189      : 11   : 12.5235
  TaskWaitCommTime  [seconds] : 0.000936213     : 2    : 0.00101916      : 5.96389e-05     : 0.00115138      : 15   : 11.4835
  NumberOfTasks     [tasks  ] : 8               : 0    : 8               : 0               : 8               : 0    : 0
  NumberOfPatches   [patches] : 1               : 0    : 1               : 0               : 1               : 0    : 0
  NumberOfCells     [cells  ] : 32768           : 0    : 32768           : 0               : 32768           : 0    : 0
  SCIMemoryUsed     [MBytes ] : 1.87503e+08     : 1    : 1.88244e+08     : 493120          : 1.89059e+08     : 0    : 0.431273
  SCIMemoryMaxUsed  [MBytes ] : 1.87503e+08     : 1    : 1.88244e+08     : 493120          : 1.89059e+08     : 0    : 0.431273
  MemoryUsed        [MBytes ] : 7.61455e+08     : 2    : 7.69031e+08     : 3.95159e+06     : 7.74726e+08     : 10   : 0.73503
  MemoryResident    [MBytes ] : 1.87503e+08     : 1    : 1.88244e+08     : 493120          : 1.89059e+08     : 0    : 0.431273
  Percentage of time spent in overhead : 3.60649

________________________________________________________________________________
--------------------------------------------------------------------------------
MPIStats:+
--------------------------------------------------------------------------------
                Name:       Total:         Avg:         Min:         Max:    Max rank: Hist %% [  Q1 |  Q2 |  Q3 |  Q4 ]:  %%Load Imbalance
         Count: Recv:          352           22           22           22            0           100.0   0.0   0.0   0.0     0.0
         Count: Redu:          128            8            8            8            0           100.0   0.0   0.0   0.0     0.0
         Count: Send:          352           22           22           22            0           100.0   0.0   0.0   0.0     0.0
         Count: Test:          192           12            9           16           14            37.5  18.8  31.2  12.5    25.0
         Count: Wait:          576           36           36           36            0           100.0   0.0   0.0   0.0     0.0
          Time: Recv:      0.24 ms     0.015 ms  5.99e+03 ns    0.0219 ms           15            31.2   0.0  25.0  43.8    31.3
          Time: Redu:      29.6 ms      1.85 ms     0.279 ms      2.64 ms           14            18.8   6.2  18.8  56.2    29.9
          Time: Send:      4.79 ms     0.299 ms    0.0633 ms     0.424 ms           10             6.2  25.0  25.0  43.8    29.5
          Time: Test:      0.18 ms    0.0112 ms  6.39e+03 ns    0.0234 ms            2            56.2  25.0  12.5   6.2    52.1
          Time: Wait:      10.2 ms     0.638 ms     0.533 ms      1.17 ms            4            81.2   6.2   6.2   6.2    45.4
Volume Recv TOTAL   :      26.3 MB      1.65 MB      1.65 MB      1.65 MB            0            93.8   0.0   0.0   6.2     0.1
Volume Recv0: <= 64B:           17         1.06            1            2            0            93.8   0.0   0.0   6.2    46.9
Volume Recv1: <= 4KB:           85         5.31            5           10            0            93.8   0.0   0.0   6.2    46.9
Volume Recv2: <= 2MB:          288           18           18           18            0           100.0   0.0   0.0   0.0     0.0
Volume Send TOTAL   :      26.4 MB      1.65 MB      1.65 MB      1.65 MB            0           100.0   0.0   0.0   0.0     0.0
Volume Send0: <= 64B:           32            2            2            2            0           100.0   0.0   0.0   0.0     0.0
Volume Send1: <= 4KB:          160           10           10           10            0           100.0   0.0   0.0   0.0     0.0
Volume Send2: <= 2MB:          288           18           18           18            0           100.0   0.0   0.0   0.0     0.0

Timestep 8       Time=8e-05       Next delT=1e-05       Wall Time=0.294783  EMA=0.0222119   Memory Used=188.35 MBs (avg) 189.16 MBs (max on rank: 11    )
Runtime Summary  summary stats for time step 8 at time=8e-05
  Description       Units       Minimum           Rank   Average (16)      Std. Dev.         Maximum           Rank   100*(1-ave/max) '% load imbalance'
  TaskExec          [seconds] : 0.0167695       : 4    : 0.017227        : 0.000163407     : 0.0174299       : 13   : 1.16396
  TaskLocalComm     [seconds] : 0.00290641      : 4    : 0.00343063      : 0.000337298     : 0.00427738      : 5    : 19.796
  TaskWaitCommTime  [seconds] : 0.000985463     : 7    : 0.00109706      : 0.000167877     : 0.00163949      : 4    : 33.0853
  NumberOfTasks     [tasks  ] : 8               : 0    : 8               : 0               : 8               : 0    : 0
  NumberOfPatches   [patches] : 1               : 0    : 1               : 0               : 1               : 0    : 0
  NumberOfCells     [cells  ] : 32768           : 0    : 32768           : 0               : 32768           : 0    : 0
  SCIMemoryUsed     [MBytes ] : 1.87552e+08     : 14   : 1.8835e+08      : 506436          : 1.89157e+08     : 11   : 0.426718
  SCIMemoryMaxUsed  [MBytes ] : 1.87552e+08     : 14   : 1.8835e+08      : 506436          : 1.89157e+08     : 11   : 0.426718
  MemoryUsed        [MBytes ] : 7.61455e+08     : 2    : 7.69068e+08     : 3.98942e+06     : 7.74726e+08     : 10   : 0.730304
  MemoryResident    [MBytes ] : 1.87552e+08     : 14   : 1.8835e+08      : 506436          : 1.89157e+08     : 11   : 0.426718
  Percentage of time spent in overhead : 3.15112

________________________________________________________________________________
--------------------------------------------------------------------------------
MPIStats:+
--------------------------------------------------------------------------------
                Name:       Total:         Avg:         Min:         Max:    Max rank: Hist %% [  Q1 |  Q2 |  Q3 |  Q4 ]:  %%Load Imbalance
         Count: Recv:          352           22           22           22            0           100.0   0.0   0.0   0.0     0.0
         Count: Redu:          128            8            8            8            0           100.0   0.0   0.0   0.0     0.0
         Count: Send:          352           22           22           22            0           100.0   0.0   0.0   0.0     0.0
         Count: Test:          191         11.9            9           16           15            37.5  25.0  25.0  12.5    25.4
         Count: Wait:          576           36           36           36            0           100.0   0.0   0.0   0.0     0.0
          Time: Recv:     0.238 ms    0.0149 ms  6.47e+03 ns    0.0233 ms            7            18.8  12.5  56.2  12.5    36.2
          Time: Redu:      6.35 ms     0.397 ms     0.172 ms     0.756 ms            2            31.2  37.5  25.0   6.2    47.5
          Time: Send:      5.07 ms     0.317 ms     0.148 ms     0.441 ms           13            18.8  12.5  37.5  31.2    28.2
          Time: Test:      0.16 ms  9.98e+03 ns  5.46e+03 ns     0.026 ms           11            81.2  12.5   0.0   6.2    61.6
          Time: Wait:      12.6 ms     0.785 ms     0.665 ms     0.924 ms            3            31.2  12.5  31.2  25.0    15.1
Volume Recv TOTAL   :      26.3 MB      1.65 MB      1.65 MB      1.65 MB            0            93.8   0.0   0.0   6.2     0.1
Volume Recv0: <= 64B:           17         1.06            1            2            0            93.8   0.0   0.0   6.2    46.9
Volume Recv1: <= 4KB:           85         5.31            5           10            0            93.8   0.0   0.0   6.2    46.9
Volume Recv2: <= 2MB:          288           18           18           18            0           100.0   0.0   0.0   0.0     0.0
Volume Send TOTAL   :      26.4 MB      1.65 MB      1.65 MB      1.65 MB            0           100.0   0.0   0.0   0.0     0.0
Volume Send0: <= 64B:           32            2            2            2            0           100.0   0.0   0.0   0.0     0.0
Volume Send1: <= 4KB:          160           10           10           10            0           100.0   0.0   0.0   0.0     0.0
Volume Send2: <= 2MB:          288           18           18           18            0           100.0   0.0   0.0   0.0     0.0

Timestep 9       Time=9e-05       Next delT=1e-05       Wall Time=0.31323   EMA=0.0214589   Memory Used=188.41 MBs (avg) 189.16 MBs (max on rank: 11    )
Runtime Summary  summary stats for time step 9 at time=9e-05
  Description       Units       Minimum           Rank   Average (16)      Std. Dev.         Maximum           Rank   100*(1-ave/max) '% load imbalance'
  TaskExec          [seconds] : 0.0151458       : 0    : 0.0152644       : 7.68492e-05     : 0.0153988       : 4    : 0.872942
  TaskLocalComm     [seconds] : 0.00308118      : 2    : 0.00326271      : 0.000100173     : 0.00343838      : 10   : 5.10903
  TaskWaitCommTime  [seconds] : 0.00113544      : 10   : 0.00129845      : 7.45293e-05     : 0.00140936      : 3    : 7.86928
  NumberOfTasks     [tasks  ] : 8               : 0    : 8               : 0               : 8               : 0    : 0
  NumberOfPatches   [patches] : 1               : 0    : 1               : 0               : 1               : 0    : 0
  NumberOfCells     [cells  ] : 32768           : 0    : 32768           : 0               : 32768           : 0    : 0
  SCIMemoryUsed     [MBytes ] : 1.87552e+08     : 14   : 1.88408e+08     : 480792          : 1.89157e+08     : 11   : 0.395996
  SCIMemoryMaxUsed  [MBytes ] : 1.87552e+08     : 14   : 1.88408e+08     : 480792          : 1.89157e+08     : 11   : 0.395996
  MemoryUsed        [MBytes ] : 7.61455e+08     : 2    : 7.69044e+08     : 3.95715e+06     : 7.74726e+08     : 10   : 0.733345
  MemoryResident    [MBytes ] : 1.87552e+08     : 14   : 1.88408e+08     : 480792          : 1.89157e+08     : 11   : 0.395996
  Percentage of time spent in overhead : 2.79557

________________________________________________________________________________
--------------------------------------------------------------------------------
MPIStats:+
--------------------------------------------------------------------------------
                Name:       Total:         Avg:         Min:         Max:    Max rank: Hist %% [  Q1 |  Q2 |  Q3 |  Q4 ]:  %%Load Imbalance
         Count: Recv:          352           22           22           22            0           100.0   0.0   0.0   0.0     0.0
         Count: Redu:          128            8            8            8            0           100.0   0.0   0.0   0.0     0.0
         Count: Send:          352           22           22           22            0           100.0   0.0   0.0   0.0     0.0
         Count: Test:          191         11.9            9           16           15            37.5  31.2  12.5  18.8    25.4
         Count: Wait:          576           36           36           36            0           100.0   0.0   0.0   0.0     0.0
          Time: Recv:     0.234 ms    0.0146 ms  6.56e+03 ns    0.0237 ms            7            31.2  12.5  31.2  25.0    38.2
          Time: Redu:        10 ms     0.626 ms     0.178 ms      1.13 ms            4            12.5  50.0  31.2   6.2    44.5
          Time: Send:      4.76 ms     0.297 ms     0.127 ms      0.64 ms            8            43.8  43.8   6.2   6.2    53.6
          Time: Test:     0.167 ms    0.0104 ms   5.9e+03 ns    0.0247 ms           11            68.8  18.8   6.2   6.2    57.7
          Time: Wait:      11.3 ms     0.707 ms     0.536 ms     0.819 ms            2            12.5  18.8  37.5  31.2    13.7
Volume Recv TOTAL   :      26.3 MB      1.65 MB      1.65 MB      1.65 MB            0            93.8   0.0   0.0   6.2     0.1
Volume Recv0: <= 64B:           17         1.06            1            2            0            93.8   0.0   0.0   6.2    46.9
Volume Recv1: <= 4KB:           85         5.31            5           10            0            93.8   0.0   0.0   6.2    46.9
Volume Recv2: <= 2MB:          288           18           18           18            0           100.0   0.0   0.0   0.0     0.0
Volume Send TOTAL   :      26.4 MB      1.65 MB      1.65 MB      1.65 MB            0           100.0   0.0   0.0   0.0     0.0
Volume Send0: <= 64B:           32            2            2            2            0           100.0   0.0   0.0   0.0     0.0
Volume Send1: <= 4KB:          160           10           10           10            0           100.0   0.0   0.0   0.0     0.0
Volume Send2: <= 2MB:          288           18           18           18            0           100.0   0.0   0.0   0.0     0.0

Timestep 10      Time=0.0001      Next delT=1e-05       Wall Time=0.331802  EMA=0.0209338   Memory Used=188.52 MBs (avg) 189.33 MBs (max on rank: 0     )
Runtime Summary  summary stats for time step 10 at time=0.0001
  Description       Units       Minimum           Rank   Average (16)      Std. Dev.         Maximum           Rank   100*(1-ave/max) '% load imbalance'
  TaskExec          [seconds] : 0.0152874       : 3    : 0.0154768       : 0.000101852     : 0.0157112       : 4    : 1.49172
  TaskLocalComm     [seconds] : 0.0029501       : 4    : 0.00323287      : 0.000192966     : 0.00387283      : 8    : 16.5244
  TaskWaitCommTime  [seconds] : 0.00104483      : 4    : 0.00119753      : 7.1694e-05      : 0.00128464      : 9    : 6.78051
  NumberOfTasks     [tasks  ] : 8               : 0    : 8               : 0               : 8               : 0    : 0
  NumberOfPatches   [patches] : 1               : 0    : 1               : 0               : 1               : 0    : 0
  NumberOfCells     [cells  ] : 32768           : 0    : 32768           : 0               : 32768           : 0    : 0
  SCIMemoryUsed     [MBytes ] : 1.87773e+08     : 1    : 1.88518e+08     : 467271          : 1.89329e+08     : 0    : 0.428493
  SCIMemoryMaxUsed  [MBytes ] : 1.87773e+08     : 1    : 1.88518e+08     : 467271          : 1.89329e+08     : 0    : 0.428493
  MemoryUsed        [MBytes ] : 7.61655e+08     : 2    : 7.69057e+08     : 3.93172e+06     : 7.74726e+08     : 10   : 0.731725
  MemoryResident    [MBytes ] : 1.87773e+08     : 1    : 1.88518e+08     : 467271          : 1.89329e+08     : 0    : 0.428493
  Percentage of time spent in overhead : 2.50971
Sus: going down successfully
