Parallel: 32 MPI processes (using MPI)
Parallel: MPI Level Required: 0, provided: 0
Date:       Thu Aug 25 13:22:20 2022
Machine:    notch201
git branch:wasatch-low-cost-integ-cmake
git date:   Sat Jul 30 10:34:22 2022 -0600
git hash:   9315f9f96fa6304db4fe79378b145f37ea40016d
Assertion level: 0
CFLAGS:          
CXXFLAGS:        
______________________________________________________________________
Application Component: 	'wasatch'

-------------------------------------------------------------
Wasatch was built against:
  SpatialOps HASH: bd7a2bac76e42e2cb528b02e2cf1291d05c71926
             DATE: Fri Nov 12 11:34:54 2021 -0700
     ExprLib HASH: d2950c77edb22e5f3669ddaaf2d2ed29ceb24d2c
             DATE: Thu Aug 5 12:26:26 2021 -0600
    TabProps HASH: eca0dc5f26b20d4f6b1cebe51b1ae97e11871e83
             DATE: Wed Aug 11 20:11:26 2021 -0600
-------------------------------------------------------------

Linear Solver: 		hypre
Load Balancer: 		Simple
Scheduler: 		MPI
Patch layout: 		(4,4,2)
Grid statistics:
Number of levels:		1
Level 0:
  Periodic boundaries:		[int 1, 1, 1]
  Number of patches:		32
  Total number of cells:	1048576 (32768 avg. per patch)
Total patches in grid:		32
Total cells in grid:		1048576 (32768 avg. per patch)

Using small, individual MPI messages (no message combining)
Detected solver: hypre
SETTING UP CONVECTIVE FLUX EXPRESSION IN X DIRECTION USING CENTRAL
SETTING UP CONVECTIVE FLUX EXPRESSION IN Y DIRECTION USING CENTRAL
SETTING UP CONVECTIVE FLUX EXPRESSION IN Z DIRECTION USING CENTRAL
Setting initial conditions for scalability test equation: scalability0
SETTING UP CONVECTIVE FLUX EXPRESSION IN X DIRECTION USING CENTRAL
SETTING UP CONVECTIVE FLUX EXPRESSION IN Y DIRECTION USING CENTRAL
SETTING UP CONVECTIVE FLUX EXPRESSION IN Z DIRECTION USING CENTRAL
Setting initial conditions for scalability test equation: scalability1
SETTING UP CONVECTIVE FLUX EXPRESSION IN X DIRECTION USING CENTRAL
SETTING UP CONVECTIVE FLUX EXPRESSION IN Y DIRECTION USING CENTRAL
SETTING UP CONVECTIVE FLUX EXPRESSION IN Z DIRECTION USING CENTRAL
Setting initial conditions for scalability test equation: scalability2
SETTING UP CONVECTIVE FLUX EXPRESSION IN X DIRECTION USING CENTRAL
SETTING UP CONVECTIVE FLUX EXPRESSION IN Y DIRECTION USING CENTRAL
SETTING UP CONVECTIVE FLUX EXPRESSION IN Z DIRECTION USING CENTRAL
Setting initial conditions for scalability test equation: scalability3
SETTING UP CONVECTIVE FLUX EXPRESSION IN X DIRECTION USING CENTRAL
SETTING UP CONVECTIVE FLUX EXPRESSION IN Y DIRECTION USING CENTRAL
SETTING UP CONVECTIVE FLUX EXPRESSION IN Z DIRECTION USING CENTRAL
Setting initial conditions for scalability test equation: scalability4
SETTING UP CONVECTIVE FLUX EXPRESSION IN X DIRECTION USING CENTRAL
SETTING UP CONVECTIVE FLUX EXPRESSION IN Y DIRECTION USING CENTRAL
SETTING UP CONVECTIVE FLUX EXPRESSION IN Z DIRECTION USING CENTRAL
Setting initial conditions for scalability test equation: scalability5
SETTING UP CONVECTIVE FLUX EXPRESSION IN X DIRECTION USING CENTRAL
SETTING UP CONVECTIVE FLUX EXPRESSION IN Y DIRECTION USING CENTRAL
SETTING UP CONVECTIVE FLUX EXPRESSION IN Z DIRECTION USING CENTRAL
Setting initial conditions for scalability test equation: scalability6
SETTING UP CONVECTIVE FLUX EXPRESSION IN X DIRECTION USING CENTRAL
SETTING UP CONVECTIVE FLUX EXPRESSION IN Y DIRECTION USING CENTRAL
SETTING UP CONVECTIVE FLUX EXPRESSION IN Z DIRECTION USING CENTRAL
Setting initial conditions for scalability test equation: scalability7
SETTING UP CONVECTIVE FLUX EXPRESSION IN X DIRECTION USING CENTRAL
SETTING UP CONVECTIVE FLUX EXPRESSION IN Y DIRECTION USING CENTRAL
SETTING UP CONVECTIVE FLUX EXPRESSION IN Z DIRECTION USING CENTRAL
Setting initial conditions for scalability test equation: scalability8
SETTING UP CONVECTIVE FLUX EXPRESSION IN X DIRECTION USING CENTRAL
SETTING UP CONVECTIVE FLUX EXPRESSION IN Y DIRECTION USING CENTRAL
SETTING UP CONVECTIVE FLUX EXPRESSION IN Z DIRECTION USING CENTRAL
Setting initial conditions for scalability test equation: scalability9
------------------------------------------------
No BoundaryConditions specified
  This message will only occur once

Compiling initialization taskgraph.
------------------------------------------------
SETTING INITIAL BOUNDARY CONDITIONS:
------------------------------------------------
Setting Initial BCs for transport equation 'scalability0'
Setting Initial BCs for transport equation 'scalability1'
Setting Initial BCs for transport equation 'scalability2'
Setting Initial BCs for transport equation 'scalability3'
Setting Initial BCs for transport equation 'scalability4'
Setting Initial BCs for transport equation 'scalability5'
Setting Initial BCs for transport equation 'scalability6'
Setting Initial BCs for transport equation 'scalability7'
Setting Initial BCs for transport equation 'scalability8'
Setting Initial BCs for transport equation 'scalability9'
------------------------------------------------
Wasatch: done creating initialization task(s)
Scheduling Task 'compute timestep' COMPUTES 'delT' in NEW data warehouse
Wasatch: done creating timestep task(s)
Done with taskgraph compile (0.00010817 seconds)
Warning: addContribution not implemented for LoadBalancerCommon.
WARNING at time step 0 and sim time 0 : lowering the next delT from 1 to the maximum: 1e-05

________________________________________________________________________________
--------------------------------------------------------------------------------
MPIStats:+
--------------------------------------------------------------------------------
                Name:       Total:         Avg:         Min:         Max:    Max rank: Hist %% [  Q1 |  Q2 |  Q3 |  Q4 ]:  %%Load Imbalance
         Count: Gath:           64            2            2            2            7           100.0   0.0   0.0   0.0     0.0
         Count: Redu:           32            1            1            1           11           100.0   0.0   0.0   0.0     0.0
          Time: Gath:      72.2 ms      2.26 ms     0.971 ms      2.81 ms           12             6.2  12.5  21.9  59.4    19.8
          Time: Redu:     0.223 s       6.98 ms      0.24 ms      7.81 ms            6             6.2   0.0   0.0  93.8    10.7
Volume Recv TOTAL   :      26.3 KB        841 B        841 B        841 B           18           100.0   0.0   0.0   0.0     0.0
Volume Recv0: <= 64B:           32            1            1            1            2           100.0   0.0   0.0   0.0     0.0
Volume Recv1: <= 4KB:           64            2            2            2           28           100.0   0.0   0.0   0.0     0.0
Volume Send TOTAL   :      8.84 KB        283 B        281 B        285 B            4            50.0   0.0   0.0  50.0     0.7
Volume Send0: <= 64B:           64            2            2            2           24           100.0   0.0   0.0   0.0     0.0
Volume Send1: <= 4KB:           32            1            1            1            8           100.0   0.0   0.0   0.0     0.0


Simulation and run time stats are reported at the end of each time step
EMA == Wall time as an exponential moving average using a window of the last 10 time steps
Timestep 0       Time=0           Next delT=1e-05       Wall Time=0.0885019 EMA=0.0805688   Memory Used=174.22 MBs (avg) 174.90 MBs (max on rank: 7     )
Warning: finalizeContributions not implemented for LoadBalancerCommon.
Warning: resetCostForecaster not implemented for LoadBalancerCommon.
Compiling taskgraph(s)...
------------------------------------------------
SETTING BOUNDARY CONDITIONS:
------------------------------------------------
Setting BCs for transport equation 'scalability0'
Setting BCs for transport equation 'scalability1'
Setting BCs for transport equation 'scalability2'
Setting BCs for transport equation 'scalability3'
Setting BCs for transport equation 'scalability4'
Setting BCs for transport equation 'scalability5'
Setting BCs for transport equation 'scalability6'
Setting BCs for transport equation 'scalability7'
Setting BCs for transport equation 'scalability8'
Setting BCs for transport equation 'scalability9'
------------------------------------------------
Wasatch: done creating solution task(s)
Wasatch: done creating solution task(s)
Wasatch: done creating post-processing task(s)
Scheduling Task 'compute timestep' COMPUTES 'delT' in NEW data warehouse
Wasatch: done creating timestep task(s)
Done with taskgraph compile (0.0228729 seconds)

________________________________________________________________________________
--------------------------------------------------------------------------------
MPIStats:+
--------------------------------------------------------------------------------
                Name:       Total:         Avg:         Min:         Max:    Max rank: Hist %% [  Q1 |  Q2 |  Q3 |  Q4 ]:  %%Load Imbalance
         Count: Recv:     1.09e+03           34           34           34           27           100.0   0.0   0.0   0.0     0.0
         Count: Redu:          256            8            8            8           11           100.0   0.0   0.0   0.0     0.0
         Count: Send:     1.09e+03           34           34           34           29           100.0   0.0   0.0   0.0     0.0
         Count: Test:          317         9.91            8           13           29            56.2   0.0   0.0  43.8    23.8
         Count: Wait:     1.92e+03           60           60           60           21           100.0   0.0   0.0   0.0     0.0
          Time: Recv:     0.804 ms    0.0251 ms     0.012 ms    0.0695 ms           25            68.8  12.5   6.2  12.5    63.8
          Time: Redu:      40.1 ms      1.25 ms     0.278 ms      3.79 ms           22            65.6  21.9   9.4   3.1    67.0
          Time: Send:      25.4 ms     0.793 ms     0.621 ms     0.897 ms           18             3.1  31.2  31.2  34.4    11.5
          Time: Test:     0.469 ms    0.0147 ms  5.33e+03 ns     0.037 ms           23            56.2  15.6  15.6  12.5    60.4
          Time: Wait:      77.7 ms      2.43 ms      1.33 ms      3.47 ms            8            34.4  12.5  15.6  37.5    30.1
Volume Recv TOTAL   :      52.7 MB      1.65 MB      1.65 MB      1.65 MB            0            96.9   0.0   0.0   3.1     0.1
Volume Recv0: <= 64B:           33         1.03            1            2            0            96.9   0.0   0.0   3.1    48.4
Volume Recv1: <= 4KB:          421         13.2           13           18            0            96.9   0.0   0.0   3.1    26.9
Volume Recv2: <= 2MB:          704           22           22           22           12           100.0   0.0   0.0   0.0     0.0
Volume Send TOTAL   :      52.7 MB      1.65 MB      1.65 MB      1.65 MB            4           100.0   0.0   0.0   0.0     0.0
Volume Send0: <= 64B:           64            2            2            2           24           100.0   0.0   0.0   0.0     0.0
Volume Send1: <= 4KB:          576           18           18           18            8           100.0   0.0   0.0   0.0     0.0
Volume Send2: <= 2MB:          704           22           22           22           16           100.0   0.0   0.0   0.0     0.0

Timestep 1       Time=1e-05       Next delT=1e-05       Wall Time=0.173388  EMA=0.0848525   Memory Used=181.90 MBs (avg) 182.65 MBs (max on rank: 0     )
Runtime Summary  summary stats for time step 1 at time=1e-05
  Description       Units       Minimum           Rank   Average (32)      Std. Dev.         Maximum           Rank   100*(1-ave/max) '% load imbalance'
  Compilation       [seconds] : 0.0200107       : 24   : 0.0203163       : 0.000479106     : 0.0228729       : 0    : 11.1775
  TaskExec          [seconds] : 0.0566005       : 0    : 0.058378        : 0.000771487     : 0.0595516       : 22   : 1.97074
  TaskLocalComm     [seconds] : 0.00525142      : 22   : 0.00586164      : 0.000175926     : 0.00616464      : 23   : 4.91511
  TaskWaitCommTime  [seconds] : 0.00237138      : 0    : 0.00326016      : 0.00074269      : 0.00458296      : 7    : 28.8633
  NumberOfTasks     [tasks  ] : 8               : 0    : 8               : 0               : 8               : 0    : 0
  NumberOfPatches   [patches] : 1               : 0    : 1               : 0               : 1               : 0    : 0
  NumberOfCells     [cells  ] : 32768           : 0    : 32768           : 0               : 32768           : 0    : 0
  SCIMemoryUsed     [MBytes ] : 1.81371e+08     : 21   : 1.81899e+08     : 310876          : 1.82649e+08     : 0    : 0.410668
  SCIMemoryMaxUsed  [MBytes ] : 1.81371e+08     : 21   : 1.81899e+08     : 310876          : 1.82649e+08     : 0    : 0.410668
  MemoryUsed        [MBytes ] : 7.93698e+08     : 28   : 8.12969e+08     : 1.04309e+07     : 8.41204e+08     : 0    : 3.35641
  MemoryResident    [MBytes ] : 1.81371e+08     : 21   : 1.81899e+08     : 310876          : 1.82649e+08     : 0    : 0.410668
  Percentage of time spent in overhead : 23.135

________________________________________________________________________________
--------------------------------------------------------------------------------
MPIStats:+
--------------------------------------------------------------------------------
                Name:       Total:         Avg:         Min:         Max:    Max rank: Hist %% [  Q1 |  Q2 |  Q3 |  Q4 ]:  %%Load Imbalance
         Count: Recv:     1.09e+03           34           34           34           27           100.0   0.0   0.0   0.0     0.0
         Count: Redu:          256            8            8            8           11           100.0   0.0   0.0   0.0     0.0
         Count: Send:     1.09e+03           34           34           34           29           100.0   0.0   0.0   0.0     0.0
         Count: Test:          316         9.88            8           14           29            56.2   0.0  34.4   9.4    29.5
         Count: Wait:     1.92e+03           60           60           60           21           100.0   0.0   0.0   0.0     0.0
          Time: Recv:     0.584 ms    0.0183 ms    0.0107 ms    0.0389 ms            6            62.5  21.9   0.0  15.6    53.0
          Time: Redu:      49.4 ms      1.54 ms     0.244 ms      4.33 ms           22            56.2  18.8  15.6   9.4    64.4
          Time: Send:      52.1 ms      1.63 ms     0.702 ms      1.97 ms           15             6.2   9.4  21.9  62.5    17.3
          Time: Test:      0.31 ms  9.69e+03 ns   3.2e+03 ns    0.0238 ms           14            56.2   6.2  21.9  15.6    59.3
          Time: Wait:      40.3 ms      1.26 ms     0.892 ms       1.7 ms           12            25.0  25.0  43.8   6.2    25.9
Volume Recv TOTAL   :      52.7 MB      1.65 MB      1.65 MB      1.65 MB            0            96.9   0.0   0.0   3.1     0.1
Volume Recv0: <= 64B:           33         1.03            1            2            0            96.9   0.0   0.0   3.1    48.4
Volume Recv1: <= 4KB:          421         13.2           13           18            0            96.9   0.0   0.0   3.1    26.9
Volume Recv2: <= 2MB:          704           22           22           22           12           100.0   0.0   0.0   0.0     0.0
Volume Send TOTAL   :      52.7 MB      1.65 MB      1.65 MB      1.65 MB            4           100.0   0.0   0.0   0.0     0.0
Volume Send0: <= 64B:           64            2            2            2           24           100.0   0.0   0.0   0.0     0.0
Volume Send1: <= 4KB:          576           18           18           18            8           100.0   0.0   0.0   0.0     0.0
Volume Send2: <= 2MB:          704           22           22           22           16           100.0   0.0   0.0   0.0     0.0

Timestep 2       Time=2e-05       Next delT=1e-05       Wall Time=0.203943  EMA=0.0486546   Memory Used=187.71 MBs (avg) 188.51 MBs (max on rank: 0     )
Runtime Summary  summary stats for time step 2 at time=2e-05
  Description       Units       Minimum           Rank   Average (32)      Std. Dev.         Maximum           Rank   100*(1-ave/max) '% load imbalance'
  TaskExec          [seconds] : 0.0253739       : 0    : 0.0259154       : 0.000285337     : 0.0266219       : 28   : 2.65383
  TaskLocalComm     [seconds] : 0.00520577      : 12   : 0.00633526      : 0.000429409     : 0.0068975       : 15   : 8.1513
  TaskWaitCommTime  [seconds] : 0.00143703      : 28   : 0.00190046      : 0.000216777     : 0.00230878      : 12   : 17.6856
  NumberOfTasks     [tasks  ] : 8               : 0    : 8               : 0               : 8               : 0    : 0
  NumberOfPatches   [patches] : 1               : 0    : 1               : 0               : 1               : 0    : 0
  NumberOfCells     [cells  ] : 32768           : 0    : 32768           : 0               : 32768           : 0    : 0
  SCIMemoryUsed     [MBytes ] : 1.87175e+08     : 27   : 1.87711e+08     : 283438          : 1.8851e+08      : 0    : 0.424041
  SCIMemoryMaxUsed  [MBytes ] : 1.87175e+08     : 27   : 1.87711e+08     : 283438          : 1.8851e+08      : 0    : 0.424041
  MemoryUsed        [MBytes ] : 7.99285e+08     : 28   : 8.18561e+08     : 1.0425e+07      : 8.46782e+08     : 0    : 3.33283
  MemoryResident    [MBytes ] : 1.87175e+08     : 27   : 1.87711e+08     : 283438          : 1.8851e+08      : 0    : 0.424041
  Percentage of time spent in overhead : 11.5674

________________________________________________________________________________
--------------------------------------------------------------------------------
MPIStats:+
--------------------------------------------------------------------------------
                Name:       Total:         Avg:         Min:         Max:    Max rank: Hist %% [  Q1 |  Q2 |  Q3 |  Q4 ]:  %%Load Imbalance
         Count: Recv:     1.09e+03           34           34           34           27           100.0   0.0   0.0   0.0     0.0
         Count: Redu:          256            8            8            8           11           100.0   0.0   0.0   0.0     0.0
         Count: Send:     1.09e+03           34           34           34           29           100.0   0.0   0.0   0.0     0.0
         Count: Test:          330         10.3            8           15           29            56.2   0.0  25.0  18.8    31.2
         Count: Wait:     1.92e+03           60           60           60           21           100.0   0.0   0.0   0.0     0.0
          Time: Recv:     0.659 ms    0.0206 ms    0.0113 ms    0.0598 ms           31            68.8  18.8   9.4   3.1    65.6
          Time: Redu:      98.9 ms      3.09 ms     0.226 ms      6.85 ms           22             3.1  71.9  21.9   3.1    54.9
          Time: Send:      16.7 ms     0.521 ms     0.327 ms     0.693 ms           19            21.9  25.0  28.1  25.0    24.9
          Time: Test:     0.404 ms    0.0126 ms  2.75e+03 ns    0.0374 ms           28            56.2  12.5  18.8  12.5    66.2
          Time: Wait:      49.7 ms      1.55 ms      1.12 ms      1.92 ms           21             6.2  43.8  31.2  18.8    19.1
Volume Recv TOTAL   :      52.7 MB      1.65 MB      1.65 MB      1.65 MB            0            96.9   0.0   0.0   3.1     0.1
Volume Recv0: <= 64B:           33         1.03            1            2            0            96.9   0.0   0.0   3.1    48.4
Volume Recv1: <= 4KB:          421         13.2           13           18            0            96.9   0.0   0.0   3.1    26.9
Volume Recv2: <= 2MB:          704           22           22           22           12           100.0   0.0   0.0   0.0     0.0
Volume Send TOTAL   :      52.7 MB      1.65 MB      1.65 MB      1.65 MB            4           100.0   0.0   0.0   0.0     0.0
Volume Send0: <= 64B:           64            2            2            2           24           100.0   0.0   0.0   0.0     0.0
Volume Send1: <= 4KB:          576           18           18           18            8           100.0   0.0   0.0   0.0     0.0
Volume Send2: <= 2MB:          704           22           22           22           16           100.0   0.0   0.0   0.0     0.0

Timestep 3       Time=3e-05       Next delT=1e-05       Wall Time=0.233794  EMA=0.0392524   Memory Used=190.96 MBs (avg) 191.78 MBs (max on rank: 0     )
Runtime Summary  summary stats for time step 3 at time=3e-05
  Description       Units       Minimum           Rank   Average (32)      Std. Dev.         Maximum           Rank   100*(1-ave/max) '% load imbalance'
  TaskExec          [seconds] : 0.023077        : 31   : 0.0247437       : 0.000378724     : 0.0254941       : 22   : 2.94331
  TaskLocalComm     [seconds] : 0.00467905      : 22   : 0.0053857       : 0.000408062     : 0.00703748      : 31   : 23.4711
  TaskWaitCommTime  [seconds] : 0.00175689      : 22   : 0.00233497      : 0.000208594     : 0.00270736      : 31   : 13.7547
  NumberOfTasks     [tasks  ] : 8               : 0    : 8               : 0               : 8               : 0    : 0
  NumberOfPatches   [patches] : 1               : 0    : 1               : 0               : 1               : 0    : 0
  NumberOfCells     [cells  ] : 32768           : 0    : 32768           : 0               : 32768           : 0    : 0
  SCIMemoryUsed     [MBytes ] : 1.90415e+08     : 27   : 1.90962e+08     : 291573          : 1.91779e+08     : 0    : 0.425824
  SCIMemoryMaxUsed  [MBytes ] : 1.90415e+08     : 27   : 1.90962e+08     : 291573          : 1.91779e+08     : 0    : 0.425824
  MemoryUsed        [MBytes ] : 8.02513e+08     : 28   : 8.21715e+08     : 1.04182e+07     : 8.49928e+08     : 0    : 3.3195
  MemoryResident    [MBytes ] : 1.90415e+08     : 27   : 1.90962e+08     : 291573          : 1.91779e+08     : 0    : 0.425824
  Percentage of time spent in overhead : 7.71108

________________________________________________________________________________
--------------------------------------------------------------------------------
MPIStats:+
--------------------------------------------------------------------------------
                Name:       Total:         Avg:         Min:         Max:    Max rank: Hist %% [  Q1 |  Q2 |  Q3 |  Q4 ]:  %%Load Imbalance
         Count: Recv:     1.09e+03           34           34           34           27           100.0   0.0   0.0   0.0     0.0
         Count: Redu:          256            8            8            8           11           100.0   0.0   0.0   0.0     0.0
         Count: Send:     1.09e+03           34           34           34           29           100.0   0.0   0.0   0.0     0.0
         Count: Test:          331         10.3            8           16           31            56.2   0.0  28.1  15.6    35.4
         Count: Wait:     1.92e+03           60           60           60           21           100.0   0.0   0.0   0.0     0.0
          Time: Recv:     0.592 ms    0.0185 ms    0.0112 ms    0.0349 ms           26            59.4   9.4  15.6  15.6    46.9
          Time: Redu:      64.6 ms      2.02 ms     0.222 ms      5.73 ms            7            37.5  56.2   0.0   6.2    64.8
          Time: Send:      14.4 ms     0.452 ms     0.253 ms     0.693 ms           17            21.9  31.2  37.5   9.4    34.8
          Time: Test:     0.469 ms    0.0147 ms  3.18e+03 ns     0.122 ms           15            93.8   3.1   0.0   3.1    88.0
          Time: Wait:      34.9 ms      1.09 ms     0.657 ms      1.44 ms            8            12.5  18.8  53.1  15.6    24.0
Volume Recv TOTAL   :      52.7 MB      1.65 MB      1.65 MB      1.65 MB            0            96.9   0.0   0.0   3.1     0.1
Volume Recv0: <= 64B:           33         1.03            1            2            0            96.9   0.0   0.0   3.1    48.4
Volume Recv1: <= 4KB:          421         13.2           13           18            0            96.9   0.0   0.0   3.1    26.9
Volume Recv2: <= 2MB:          704           22           22           22           12           100.0   0.0   0.0   0.0     0.0
Volume Send TOTAL   :      52.7 MB      1.65 MB      1.65 MB      1.65 MB            4           100.0   0.0   0.0   0.0     0.0
Volume Send0: <= 64B:           64            2            2            2           24           100.0   0.0   0.0   0.0     0.0
Volume Send1: <= 4KB:          576           18           18           18            8           100.0   0.0   0.0   0.0     0.0
Volume Send2: <= 2MB:          704           22           22           22           16           100.0   0.0   0.0   0.0     0.0

Timestep 4       Time=4e-05       Next delT=1e-05       Wall Time=0.261369  EMA=0.0345808   Memory Used=191.00 MBs (avg) 192.05 MBs (max on rank: 0     )
Runtime Summary  summary stats for time step 4 at time=4e-05
  Description       Units       Minimum           Rank   Average (32)      Std. Dev.         Maximum           Rank   100*(1-ave/max) '% load imbalance'
  TaskExec          [seconds] : 0.0227108       : 0    : 0.0230481       : 0.000239139     : 0.0236951       : 7    : 2.73065
  TaskLocalComm     [seconds] : 0.00438482      : 7    : 0.00498734      : 0.000296944     : 0.00585169      : 19   : 14.7709
  TaskWaitCommTime  [seconds] : 0.00127267      : 7    : 0.00183812      : 0.000214768     : 0.00214941      : 24   : 14.4826
  NumberOfTasks     [tasks  ] : 8               : 0    : 8               : 0               : 8               : 0    : 0
  NumberOfPatches   [patches] : 1               : 0    : 1               : 0               : 1               : 0    : 0
  NumberOfCells     [cells  ] : 32768           : 0    : 32768           : 0               : 32768           : 0    : 0
  SCIMemoryUsed     [MBytes ] : 1.90415e+08     : 27   : 1.91004e+08     : 343341          : 1.92049e+08     : 0    : 0.543994
  SCIMemoryMaxUsed  [MBytes ] : 1.90415e+08     : 27   : 1.91004e+08     : 343341          : 1.92049e+08     : 0    : 0.543994
  MemoryUsed        [MBytes ] : 8.02513e+08     : 28   : 8.21731e+08     : 1.0422e+07      : 8.49928e+08     : 0    : 3.31762
  MemoryResident    [MBytes ] : 1.90415e+08     : 27   : 1.91004e+08     : 343341          : 1.92049e+08     : 0    : 0.543994
  Percentage of time spent in overhead : 5.78213

________________________________________________________________________________
--------------------------------------------------------------------------------
MPIStats:+
--------------------------------------------------------------------------------
                Name:       Total:         Avg:         Min:         Max:    Max rank: Hist %% [  Q1 |  Q2 |  Q3 |  Q4 ]:  %%Load Imbalance
         Count: Recv:     1.09e+03           34           34           34           27           100.0   0.0   0.0   0.0     0.0
         Count: Redu:          256            8            8            8           11           100.0   0.0   0.0   0.0     0.0
         Count: Send:     1.09e+03           34           34           34           29           100.0   0.0   0.0   0.0     0.0
         Count: Test:          330         10.3            8           15            7            56.2   0.0  25.0  18.8    31.2
         Count: Wait:     1.92e+03           60           60           60           21           100.0   0.0   0.0   0.0     0.0
          Time: Recv:     0.614 ms    0.0192 ms    0.0106 ms     0.054 ms           31            65.6  25.0   6.2   3.1    64.5
          Time: Redu:      60.2 ms      1.88 ms     0.212 ms      5.59 ms            7            46.9  40.6   6.2   6.2    66.4
          Time: Send:        13 ms     0.408 ms     0.248 ms     0.656 ms           31            31.2  40.6  18.8   9.4    37.9
          Time: Test:     0.374 ms    0.0117 ms  3.31e+03 ns     0.037 ms           15            62.5   9.4  18.8   9.4    68.4
          Time: Wait:      31.9 ms     0.998 ms      0.64 ms      1.41 ms           12            21.9  31.2  34.4  12.5    29.2
Volume Recv TOTAL   :      52.7 MB      1.65 MB      1.65 MB      1.65 MB            0            96.9   0.0   0.0   3.1     0.1
Volume Recv0: <= 64B:           33         1.03            1            2            0            96.9   0.0   0.0   3.1    48.4
Volume Recv1: <= 4KB:          421         13.2           13           18            0            96.9   0.0   0.0   3.1    26.9
Volume Recv2: <= 2MB:          704           22           22           22           12           100.0   0.0   0.0   0.0     0.0
Volume Send TOTAL   :      52.7 MB      1.65 MB      1.65 MB      1.65 MB            4           100.0   0.0   0.0   0.0     0.0
Volume Send0: <= 64B:           64            2            2            2           24           100.0   0.0   0.0   0.0     0.0
Volume Send1: <= 4KB:          576           18           18           18            8           100.0   0.0   0.0   0.0     0.0
Volume Send2: <= 2MB:          704           22           22           22           16           100.0   0.0   0.0   0.0     0.0

Timestep 5       Time=5e-05       Next delT=1e-05       Wall Time=0.288876  EMA=0.0322234   Memory Used=191.25 MBs (avg) 192.05 MBs (max on rank: 0     )
Runtime Summary  summary stats for time step 5 at time=5e-05
  Description       Units       Minimum           Rank   Average (32)      Std. Dev.         Maximum           Rank   100*(1-ave/max) '% load imbalance'
  TaskExec          [seconds] : 0.0225869       : 16   : 0.0230207       : 0.000275995     : 0.0235669       : 7    : 2.31765
  TaskLocalComm     [seconds] : 0.00431928      : 7    : 0.00497336      : 0.000315522     : 0.00555976      : 31   : 10.5472
  TaskWaitCommTime  [seconds] : 0.00125798      : 7    : 0.00174604      : 0.000255448     : 0.00219277      : 12   : 20.3729
  NumberOfTasks     [tasks  ] : 8               : 0    : 8               : 0               : 8               : 0    : 0
  NumberOfPatches   [patches] : 1               : 0    : 1               : 0               : 1               : 0    : 0
  NumberOfCells     [cells  ] : 32768           : 0    : 32768           : 0               : 32768           : 0    : 0
  SCIMemoryUsed     [MBytes ] : 1.90685e+08     : 27   : 1.91248e+08     : 285325          : 1.92049e+08     : 0    : 0.417093
  SCIMemoryMaxUsed  [MBytes ] : 1.90685e+08     : 27   : 1.91248e+08     : 285325          : 1.92049e+08     : 0    : 0.417093
  MemoryUsed        [MBytes ] : 8.02513e+08     : 28   : 8.21731e+08     : 1.0422e+07      : 8.49928e+08     : 0    : 3.31762
  MemoryResident    [MBytes ] : 1.90685e+08     : 27   : 1.91248e+08     : 285325          : 1.92049e+08     : 0    : 0.417093
  Percentage of time spent in overhead : 4.62382

________________________________________________________________________________
--------------------------------------------------------------------------------
MPIStats:+
--------------------------------------------------------------------------------
                Name:       Total:         Avg:         Min:         Max:    Max rank: Hist %% [  Q1 |  Q2 |  Q3 |  Q4 ]:  %%Load Imbalance
         Count: Recv:     1.09e+03           34           34           34           27           100.0   0.0   0.0   0.0     0.0
         Count: Redu:          256            8            8            8           11           100.0   0.0   0.0   0.0     0.0
         Count: Send:     1.09e+03           34           34           34           29           100.0   0.0   0.0   0.0     0.0
         Count: Test:          321           10            8           15            7            56.2   0.0  37.5   6.2    33.1
         Count: Wait:     1.92e+03           60           60           60           21           100.0   0.0   0.0   0.0     0.0
          Time: Recv:     0.626 ms    0.0196 ms    0.0112 ms    0.0538 ms           24            68.8  18.8   6.2   6.2    63.7
          Time: Redu:      60.6 ms      1.89 ms     0.224 ms      5.88 ms            7            34.4  59.4   3.1   3.1    67.8
          Time: Send:        14 ms     0.437 ms      0.23 ms     0.674 ms           21            15.6  46.9  21.9  15.6    35.1
          Time: Test:     0.411 ms    0.0128 ms  3.09e+03 ns    0.0857 ms            7            90.6   6.2   0.0   3.1    85.0
          Time: Wait:      38.3 ms       1.2 ms     0.642 ms      1.45 ms            8             6.2   6.2  43.8  43.8    17.5
Volume Recv TOTAL   :      52.7 MB      1.65 MB      1.65 MB      1.65 MB            0            96.9   0.0   0.0   3.1     0.1
Volume Recv0: <= 64B:           33         1.03            1            2            0            96.9   0.0   0.0   3.1    48.4
Volume Recv1: <= 4KB:          421         13.2           13           18            0            96.9   0.0   0.0   3.1    26.9
Volume Recv2: <= 2MB:          704           22           22           22           12           100.0   0.0   0.0   0.0     0.0
Volume Send TOTAL   :      52.7 MB      1.65 MB      1.65 MB      1.65 MB            4           100.0   0.0   0.0   0.0     0.0
Volume Send0: <= 64B:           64            2            2            2           24           100.0   0.0   0.0   0.0     0.0
Volume Send1: <= 4KB:          576           18           18           18            8           100.0   0.0   0.0   0.0     0.0
Volume Send2: <= 2MB:          704           22           22           22           16           100.0   0.0   0.0   0.0     0.0

Timestep 6       Time=6e-05       Next delT=1e-05       Wall Time=0.316609  EMA=0.0309403   Memory Used=191.32 MBs (avg) 192.32 MBs (max on rank: 0     )
Runtime Summary  summary stats for time step 6 at time=6e-05
  Description       Units       Minimum           Rank   Average (32)      Std. Dev.         Maximum           Rank   100*(1-ave/max) '% load imbalance'
  TaskExec          [seconds] : 0.0226223       : 16   : 0.0230505       : 0.000230538     : 0.0237384       : 10   : 2.89775
  TaskLocalComm     [seconds] : 0.00442302      : 7    : 0.00497516      : 0.000294452     : 0.00594284      : 21   : 16.2831
  TaskWaitCommTime  [seconds] : 0.00125371      : 7    : 0.00196797      : 0.000211091     : 0.00220802      : 16   : 10.8715
  NumberOfTasks     [tasks  ] : 8               : 0    : 8               : 0               : 8               : 0    : 0
  NumberOfPatches   [patches] : 1               : 0    : 1               : 0               : 1               : 0    : 0
  NumberOfCells     [cells  ] : 32768           : 0    : 32768           : 0               : 32768           : 0    : 0
  SCIMemoryUsed     [MBytes ] : 1.90685e+08     : 27   : 1.91324e+08     : 362174          : 1.92319e+08     : 0    : 0.517539
  SCIMemoryMaxUsed  [MBytes ] : 1.90685e+08     : 27   : 1.91324e+08     : 362174          : 1.92319e+08     : 0    : 0.517539
  MemoryUsed        [MBytes ] : 8.02513e+08     : 28   : 8.21743e+08     : 1.04044e+07     : 8.49928e+08     : 0    : 3.3162
  MemoryResident    [MBytes ] : 1.90685e+08     : 27   : 1.91324e+08     : 362174          : 1.92319e+08     : 0    : 0.517539
  Percentage of time spent in overhead : 3.85056

________________________________________________________________________________
--------------------------------------------------------------------------------
MPIStats:+
--------------------------------------------------------------------------------
                Name:       Total:         Avg:         Min:         Max:    Max rank: Hist %% [  Q1 |  Q2 |  Q3 |  Q4 ]:  %%Load Imbalance
         Count: Recv:     1.09e+03           34           34           34           27           100.0   0.0   0.0   0.0     0.0
         Count: Redu:          256            8            8            8           11           100.0   0.0   0.0   0.0     0.0
         Count: Send:     1.09e+03           34           34           34           29           100.0   0.0   0.0   0.0     0.0
         Count: Test:          328         10.2            8           15            7            56.2   0.0  31.2  12.5    31.7
         Count: Wait:     1.92e+03           60           60           60           21           100.0   0.0   0.0   0.0     0.0
          Time: Recv:     0.675 ms    0.0211 ms    0.0107 ms    0.0551 ms           29            65.6  15.6  12.5   6.2    61.7
          Time: Redu:        63 ms      1.97 ms     0.234 ms      5.85 ms            7            40.6  53.1   3.1   3.1    66.3
          Time: Send:      13.1 ms      0.41 ms     0.169 ms      0.72 ms            8            31.2  28.1  31.2   9.4    43.0
          Time: Test:     0.559 ms    0.0175 ms   2.8e+03 ns      0.11 ms           14            84.4   9.4   0.0   6.2    84.1
          Time: Wait:      37.5 ms      1.17 ms     0.568 ms      1.63 ms           20            15.6  18.8  40.6  25.0    28.0
Volume Recv TOTAL   :      52.7 MB      1.65 MB      1.65 MB      1.65 MB            0            96.9   0.0   0.0   3.1     0.1
Volume Recv0: <= 64B:           33         1.03            1            2            0            96.9   0.0   0.0   3.1    48.4
Volume Recv1: <= 4KB:          421         13.2           13           18            0            96.9   0.0   0.0   3.1    26.9
Volume Recv2: <= 2MB:          704           22           22           22           12           100.0   0.0   0.0   0.0     0.0
Volume Send TOTAL   :      52.7 MB      1.65 MB      1.65 MB      1.65 MB            4           100.0   0.0   0.0   0.0     0.0
Volume Send0: <= 64B:           64            2            2            2           24           100.0   0.0   0.0   0.0     0.0
Volume Send1: <= 4KB:          576           18           18           18            8           100.0   0.0   0.0   0.0     0.0
Volume Send2: <= 2MB:          704           22           22           22           16           100.0   0.0   0.0   0.0     0.0

Timestep 7       Time=7e-05       Next delT=1e-05       Wall Time=0.344409  EMA=0.030155    Memory Used=191.52 MBs (avg) 192.32 MBs (max on rank: 0     )
Runtime Summary  summary stats for time step 7 at time=7e-05
  Description       Units       Minimum           Rank   Average (32)      Std. Dev.         Maximum           Rank   100*(1-ave/max) '% load imbalance'
  TaskExec          [seconds] : 0.0227329       : 20   : 0.0231407       : 0.0002622       : 0.0237313       : 7    : 2.48859
  TaskLocalComm     [seconds] : 0.00437511      : 7    : 0.0049751       : 0.000394434     : 0.00604611      : 19   : 17.7141
  TaskWaitCommTime  [seconds] : 0.00120726      : 23   : 0.0019368       : 0.000294238     : 0.00232601      : 20   : 16.7329
  NumberOfTasks     [tasks  ] : 8               : 0    : 8               : 0               : 8               : 0    : 0
  NumberOfPatches   [patches] : 1               : 0    : 1               : 0               : 1               : 0    : 0
  NumberOfCells     [cells  ] : 32768           : 0    : 32768           : 0               : 32768           : 0    : 0
  SCIMemoryUsed     [MBytes ] : 1.91074e+08     : 21   : 1.9152e+08      : 287025          : 1.92319e+08     : 0    : 0.415575
  SCIMemoryMaxUsed  [MBytes ] : 1.91074e+08     : 21   : 1.9152e+08      : 287025          : 1.92319e+08     : 0    : 0.415575
  MemoryUsed        [MBytes ] : 8.02513e+08     : 28   : 8.21755e+08     : 1.04073e+07     : 8.49928e+08     : 0    : 3.3148
  MemoryResident    [MBytes ] : 1.91074e+08     : 21   : 1.9152e+08      : 287025          : 1.92319e+08     : 0    : 0.415575
  Percentage of time spent in overhead : 3.2971

________________________________________________________________________________
--------------------------------------------------------------------------------
MPIStats:+
--------------------------------------------------------------------------------
                Name:       Total:         Avg:         Min:         Max:    Max rank: Hist %% [  Q1 |  Q2 |  Q3 |  Q4 ]:  %%Load Imbalance
         Count: Recv:     1.09e+03           34           34           34           27           100.0   0.0   0.0   0.0     0.0
         Count: Redu:          256            8            8            8           11           100.0   0.0   0.0   0.0     0.0
         Count: Send:     1.09e+03           34           34           34           29           100.0   0.0   0.0   0.0     0.0
         Count: Test:          325         10.2            8           15           27            56.2   0.0  31.2  12.5    32.3
         Count: Wait:     1.92e+03           60           60           60           21           100.0   0.0   0.0   0.0     0.0
          Time: Recv:      0.58 ms    0.0181 ms    0.0111 ms    0.0374 ms           31            65.6  12.5   9.4  12.5    51.5
          Time: Redu:      53.5 ms      1.67 ms     0.235 ms      5.22 ms            7            53.1  43.8   0.0   3.1    68.0
          Time: Send:      12.2 ms     0.382 ms     0.122 ms     0.632 ms           31             3.1  53.1  37.5   6.2    39.6
          Time: Test:     0.423 ms    0.0132 ms  3.42e+03 ns    0.0822 ms            7            84.4  12.5   0.0   3.1    83.9
          Time: Wait:      37.5 ms      1.17 ms     0.828 ms      1.48 ms            8            12.5  31.2  40.6  15.6    20.7
Volume Recv TOTAL   :      52.7 MB      1.65 MB      1.65 MB      1.65 MB            0            96.9   0.0   0.0   3.1     0.1
Volume Recv0: <= 64B:           33         1.03            1            2            0            96.9   0.0   0.0   3.1    48.4
Volume Recv1: <= 4KB:          421         13.2           13           18            0            96.9   0.0   0.0   3.1    26.9
Volume Recv2: <= 2MB:          704           22           22           22           12           100.0   0.0   0.0   0.0     0.0
Volume Send TOTAL   :      52.7 MB      1.65 MB      1.65 MB      1.65 MB            4           100.0   0.0   0.0   0.0     0.0
Volume Send0: <= 64B:           64            2            2            2           24           100.0   0.0   0.0   0.0     0.0
Volume Send1: <= 4KB:          576           18           18           18            8           100.0   0.0   0.0   0.0     0.0
Volume Send2: <= 2MB:          704           22           22           22           16           100.0   0.0   0.0   0.0     0.0

Timestep 8       Time=8e-05       Next delT=1e-05       Wall Time=0.371783  EMA=0.0295372   Memory Used=191.59 MBs (avg) 192.59 MBs (max on rank: 0     )
Runtime Summary  summary stats for time step 8 at time=8e-05
  Description       Units       Minimum           Rank   Average (32)      Std. Dev.         Maximum           Rank   100*(1-ave/max) '% load imbalance'
  TaskExec          [seconds] : 0.0222875       : 29   : 0.0226656       : 0.000265301     : 0.0233242       : 7    : 2.82347
  TaskLocalComm     [seconds] : 0.00417543      : 7    : 0.00491927      : 0.000306806     : 0.00578417      : 19   : 14.9529
  TaskWaitCommTime  [seconds] : 0.0013721       : 7    : 0.00195165      : 0.000216896     : 0.00228097      : 24   : 14.4379
  NumberOfTasks     [tasks  ] : 8               : 0    : 8               : 0               : 8               : 0    : 0
  NumberOfPatches   [patches] : 1               : 0    : 1               : 0               : 1               : 0    : 0
  NumberOfCells     [cells  ] : 32768           : 0    : 32768           : 0               : 32768           : 0    : 0
  SCIMemoryUsed     [MBytes ] : 1.91074e+08     : 21   : 1.91594e+08     : 336714          : 1.9259e+08      : 0    : 0.517145
  SCIMemoryMaxUsed  [MBytes ] : 1.91074e+08     : 21   : 1.91594e+08     : 336714          : 1.9259e+08      : 0    : 0.517145
  MemoryUsed        [MBytes ] : 8.02513e+08     : 28   : 8.2175e+08      : 1.04007e+07     : 8.49928e+08     : 0    : 3.31542
  MemoryResident    [MBytes ] : 1.91074e+08     : 21   : 1.91594e+08     : 336714          : 1.9259e+08      : 0    : 0.517145
  Percentage of time spent in overhead : 2.88079

________________________________________________________________________________
--------------------------------------------------------------------------------
MPIStats:+
--------------------------------------------------------------------------------
                Name:       Total:         Avg:         Min:         Max:    Max rank: Hist %% [  Q1 |  Q2 |  Q3 |  Q4 ]:  %%Load Imbalance
         Count: Recv:     1.09e+03           34           34           34           27           100.0   0.0   0.0   0.0     0.0
         Count: Redu:          256            8            8            8           11           100.0   0.0   0.0   0.0     0.0
         Count: Send:     1.09e+03           34           34           34           29           100.0   0.0   0.0   0.0     0.0
         Count: Test:          322         10.1            8           15           27            56.2   0.0  37.5   6.2    32.9
         Count: Wait:     1.92e+03           60           60           60           21           100.0   0.0   0.0   0.0     0.0
          Time: Recv:      0.63 ms    0.0197 ms     0.011 ms    0.0521 ms           29            62.5  25.0   6.2   6.2    62.3
          Time: Redu:      27.7 ms     0.866 ms     0.164 ms      1.89 ms           26            28.1  37.5  21.9  12.5    54.2
          Time: Send:      12.3 ms     0.384 ms     0.148 ms      0.67 ms           25            15.6  46.9  28.1   9.4    42.7
          Time: Test:     0.323 ms    0.0101 ms  3.59e+03 ns    0.0387 ms           26            65.6  25.0   6.2   3.1    74.0
          Time: Wait:      39.8 ms      1.24 ms     0.836 ms      1.58 ms           22             6.2  37.5  40.6  15.6    21.0
Volume Recv TOTAL   :      52.7 MB      1.65 MB      1.65 MB      1.65 MB            0            96.9   0.0   0.0   3.1     0.1
Volume Recv0: <= 64B:           33         1.03            1            2            0            96.9   0.0   0.0   3.1    48.4
Volume Recv1: <= 4KB:          421         13.2           13           18            0            96.9   0.0   0.0   3.1    26.9
Volume Recv2: <= 2MB:          704           22           22           22           12           100.0   0.0   0.0   0.0     0.0
Volume Send TOTAL   :      52.7 MB      1.65 MB      1.65 MB      1.65 MB            4           100.0   0.0   0.0   0.0     0.0
Volume Send0: <= 64B:           64            2            2            2           24           100.0   0.0   0.0   0.0     0.0
Volume Send1: <= 4KB:          576           18           18           18            8           100.0   0.0   0.0   0.0     0.0
Volume Send2: <= 2MB:          704           22           22           22           16           100.0   0.0   0.0   0.0     0.0

Timestep 9       Time=9e-05       Next delT=1e-05       Wall Time=0.398523  EMA=0.0289777   Memory Used=191.77 MBs (avg) 192.59 MBs (max on rank: 0     )
Runtime Summary  summary stats for time step 9 at time=9e-05
  Description       Units       Minimum           Rank   Average (32)      Std. Dev.         Maximum           Rank   100*(1-ave/max) '% load imbalance'
  TaskExec          [seconds] : 0.0217713       : 16   : 0.0220121       : 0.000195306     : 0.0224332       : 1    : 1.87741
  TaskLocalComm     [seconds] : 0.00460869      : 3    : 0.00490138      : 0.00024173      : 0.0054309       : 10   : 9.75005
  TaskWaitCommTime  [seconds] : 0.00171185      : 26   : 0.00201552      : 0.000145279     : 0.00229263      : 4    : 12.0868
  NumberOfTasks     [tasks  ] : 8               : 0    : 8               : 0               : 8               : 0    : 0
  NumberOfPatches   [patches] : 1               : 0    : 1               : 0               : 1               : 0    : 0
  NumberOfCells     [cells  ] : 32768           : 0    : 32768           : 0               : 32768           : 0    : 0
  SCIMemoryUsed     [MBytes ] : 1.91291e+08     : 18   : 1.91773e+08     : 344865          : 1.9259e+08      : 0    : 0.424097
  SCIMemoryMaxUsed  [MBytes ] : 1.91291e+08     : 18   : 1.91773e+08     : 344865          : 1.9259e+08      : 0    : 0.424097
  MemoryUsed        [MBytes ] : 8.02513e+08     : 28   : 8.21762e+08     : 1.0409e+07      : 8.49928e+08     : 0    : 3.31399
  MemoryResident    [MBytes ] : 1.91291e+08     : 18   : 1.91773e+08     : 344865          : 1.9259e+08      : 0    : 0.424097
  Percentage of time spent in overhead : 2.55575

________________________________________________________________________________
--------------------------------------------------------------------------------
MPIStats:+
--------------------------------------------------------------------------------
                Name:       Total:         Avg:         Min:         Max:    Max rank: Hist %% [  Q1 |  Q2 |  Q3 |  Q4 ]:  %%Load Imbalance
         Count: Recv:     1.09e+03           34           34           34           27           100.0   0.0   0.0   0.0     0.0
         Count: Redu:          256            8            8            8           11           100.0   0.0   0.0   0.0     0.0
         Count: Send:     1.09e+03           34           34           34           29           100.0   0.0   0.0   0.0     0.0
         Count: Test:          330         10.3            8           15           25            56.2   0.0  25.0  18.8    31.2
         Count: Wait:     1.92e+03           60           60           60           21           100.0   0.0   0.0   0.0     0.0
          Time: Recv:     0.587 ms    0.0184 ms    0.0109 ms    0.0398 ms           27            62.5  15.6  15.6   6.2    53.9
          Time: Redu:      35.8 ms      1.12 ms     0.182 ms      2.43 ms            7            25.0  37.5  21.9  15.6    53.9
          Time: Send:        13 ms     0.407 ms     0.165 ms     0.682 ms           31            15.6  46.9  18.8  18.8    40.3
          Time: Test:     0.475 ms    0.0149 ms  3.34e+03 ns    0.0755 ms           22            68.8  25.0   3.1   3.1    80.3
          Time: Wait:      38.8 ms      1.21 ms     0.852 ms      1.47 ms           21            12.5  15.6  43.8  28.1    17.4
Volume Recv TOTAL   :      52.7 MB      1.65 MB      1.65 MB      1.65 MB            0            96.9   0.0   0.0   3.1     0.1
Volume Recv0: <= 64B:           33         1.03            1            2            0            96.9   0.0   0.0   3.1    48.4
Volume Recv1: <= 4KB:          421         13.2           13           18            0            96.9   0.0   0.0   3.1    26.9
Volume Recv2: <= 2MB:          704           22           22           22           12           100.0   0.0   0.0   0.0     0.0
Volume Send TOTAL   :      52.7 MB      1.65 MB      1.65 MB      1.65 MB            4           100.0   0.0   0.0   0.0     0.0
Volume Send0: <= 64B:           64            2            2            2           24           100.0   0.0   0.0   0.0     0.0
Volume Send1: <= 4KB:          576           18           18           18            8           100.0   0.0   0.0   0.0     0.0
Volume Send2: <= 2MB:          704           22           22           22           16           100.0   0.0   0.0   0.0     0.0

Timestep 10      Time=0.0001      Next delT=1e-05       Wall Time=0.425327  EMA=0.0285823   Memory Used=191.84 MBs (avg) 192.89 MBs (max on rank: 0     )
Runtime Summary  summary stats for time step 10 at time=0.0001
  Description       Units       Minimum           Rank   Average (32)      Std. Dev.         Maximum           Rank   100*(1-ave/max) '% load imbalance'
  TaskExec          [seconds] : 0.0218146       : 12   : 0.022106        : 0.000244229     : 0.0226438       : 10   : 2.37466
  TaskLocalComm     [seconds] : 0.00455564      : 17   : 0.00495753      : 0.000277389     : 0.00562659      : 5    : 11.891
  TaskWaitCommTime  [seconds] : 0.00169868      : 10   : 0.0019848       : 0.000138554     : 0.00224423      : 13   : 11.5598
  NumberOfTasks     [tasks  ] : 8               : 0    : 8               : 0               : 8               : 0    : 0
  NumberOfPatches   [patches] : 1               : 0    : 1               : 0               : 1               : 0    : 0
  NumberOfCells     [cells  ] : 32768           : 0    : 32768           : 0               : 32768           : 0    : 0
  SCIMemoryUsed     [MBytes ] : 1.91345e+08     : 21   : 1.91842e+08     : 372549          : 1.92889e+08     : 0    : 0.542953
  SCIMemoryMaxUsed  [MBytes ] : 1.91345e+08     : 21   : 1.91842e+08     : 372549          : 1.92889e+08     : 0    : 0.542953
  MemoryUsed        [MBytes ] : 8.02513e+08     : 28   : 8.21769e+08     : 1.04108e+07     : 8.49928e+08     : 0    : 3.31307
  MemoryResident    [MBytes ] : 1.91345e+08     : 21   : 1.91842e+08     : 372549          : 1.92889e+08     : 0    : 0.542953
  Percentage of time spent in overhead : 2.29441
Sus: going down successfully
