Parallel: 128 MPI processes (using MPI)
Parallel: MPI Level Required: 0, provided: 0
Date:       Tue Aug 23 15:55:46 2022
Machine:    ash280
git branch:wasatch-low-cost-integ-cmake
git date:   Sat Jul 30 10:34:22 2022 -0600
git hash:   9315f9f96fa6304db4fe79378b145f37ea40016d
Assertion level: 0
CFLAGS:          
CXXFLAGS:        
______________________________________________________________________
Application Component: 	'wasatch'

-------------------------------------------------------------
Wasatch was built against:
  SpatialOps HASH: bd7a2bac76e42e2cb528b02e2cf1291d05c71926
             DATE: Fri Nov 12 11:34:54 2021 -0700
     ExprLib HASH: d2950c77edb22e5f3669ddaaf2d2ed29ceb24d2c
             DATE: Thu Aug 5 12:26:26 2021 -0600
    TabProps HASH: eca0dc5f26b20d4f6b1cebe51b1ae97e11871e83
             DATE: Wed Aug 11 20:11:26 2021 -0600
-------------------------------------------------------------

Linear Solver: 		hypre
Load Balancer: 		Simple
Scheduler: 		MPI
Patch layout: 		(8,4,4)
Grid statistics:
Number of levels:		1
Level 0:
  Number of patches:		128
  Total number of cells:	4360200 (34064.1 avg. per patch)
Total patches in grid:		128
Total cells in grid:		4360200 (34064.1 avg. per patch)

Using small, individual MPI messages (no message combining)
Detected solver: hypre
Setting initial conditions for scalability test equation: scalability0
Setting initial conditions for scalability test equation: scalability1
Setting initial conditions for scalability test equation: scalability2
Setting initial conditions for scalability test equation: scalability3
Setting initial conditions for scalability test equation: scalability4
Setting initial conditions for scalability test equation: scalability5
Setting initial conditions for scalability test equation: scalability6
Setting initial conditions for scalability test equation: scalability7
Setting initial conditions for scalability test equation: scalability8
Setting initial conditions for scalability test equation: scalability9
Setting initial conditions for scalability test equation: scalability10
Setting initial conditions for scalability test equation: scalability11
Setting initial conditions for scalability test equation: scalability12
Setting initial conditions for scalability test equation: scalability13
Setting initial conditions for scalability test equation: scalability14
Setting initial conditions for scalability test equation: scalability15
Setting initial conditions for scalability test equation: scalability16
Setting initial conditions for scalability test equation: scalability17
Setting initial conditions for scalability test equation: scalability18
Setting initial conditions for scalability test equation: scalability19
Setting initial conditions for scalability test equation: scalability20
Setting initial conditions for scalability test equation: scalability21
Setting initial conditions for scalability test equation: scalability22
Setting initial conditions for scalability test equation: scalability23
Setting initial conditions for scalability test equation: scalability24
Setting initial conditions for scalability test equation: scalability25
Setting initial conditions for scalability test equation: scalability26
Setting initial conditions for scalability test equation: scalability27
Setting initial conditions for scalability test equation: scalability28
Setting initial conditions for scalability test equation: scalability29
Setting initial conditions for scalability test equation: scalability30
Setting initial conditions for scalability test equation: scalability31
Setting initial conditions for scalability test equation: scalability32
Setting initial conditions for scalability test equation: scalability33
Setting initial conditions for scalability test equation: scalability34
Setting initial conditions for scalability test equation: scalability35
Setting initial conditions for scalability test equation: scalability36
Setting initial conditions for scalability test equation: scalability37
Setting initial conditions for scalability test equation: scalability38
Setting initial conditions for scalability test equation: scalability39
Setting initial conditions for scalability test equation: scalability40
Setting initial conditions for scalability test equation: scalability41
Setting initial conditions for scalability test equation: scalability42
Setting initial conditions for scalability test equation: scalability43
Setting initial conditions for scalability test equation: scalability44
Setting initial conditions for scalability test equation: scalability45
Setting initial conditions for scalability test equation: scalability46
Setting initial conditions for scalability test equation: scalability47
Setting initial conditions for scalability test equation: scalability48
Setting initial conditions for scalability test equation: scalability49
Setting initial conditions for scalability test equation: scalability50
Setting initial conditions for scalability test equation: scalability51
Setting initial conditions for scalability test equation: scalability52
Setting initial conditions for scalability test equation: scalability53
Setting initial conditions for scalability test equation: scalability54
Setting initial conditions for scalability test equation: scalability55
Setting initial conditions for scalability test equation: scalability56
Setting initial conditions for scalability test equation: scalability57
Setting initial conditions for scalability test equation: scalability58
Setting initial conditions for scalability test equation: scalability59
Setting initial conditions for scalability test equation: scalability60
Setting initial conditions for scalability test equation: scalability61
Setting initial conditions for scalability test equation: scalability62
Setting initial conditions for scalability test equation: scalability63
Setting initial conditions for scalability test equation: scalability64
Setting initial conditions for scalability test equation: scalability65
Setting initial conditions for scalability test equation: scalability66
Setting initial conditions for scalability test equation: scalability67
Setting initial conditions for scalability test equation: scalability68
Setting initial conditions for scalability test equation: scalability69
Setting initial conditions for scalability test equation: scalability70
Setting initial conditions for scalability test equation: scalability71
Setting initial conditions for scalability test equation: scalability72
Setting initial conditions for scalability test equation: scalability73
Setting initial conditions for scalability test equation: scalability74
Setting initial conditions for scalability test equation: scalability75
Setting initial conditions for scalability test equation: scalability76
Setting initial conditions for scalability test equation: scalability77
Setting initial conditions for scalability test equation: scalability78
Setting initial conditions for scalability test equation: scalability79
Setting initial conditions for scalability test equation: scalability80
Setting initial conditions for scalability test equation: scalability81
Setting initial conditions for scalability test equation: scalability82
Setting initial conditions for scalability test equation: scalability83
Setting initial conditions for scalability test equation: scalability84
Setting initial conditions for scalability test equation: scalability85
Setting initial conditions for scalability test equation: scalability86
Setting initial conditions for scalability test equation: scalability87
Setting initial conditions for scalability test equation: scalability88
Setting initial conditions for scalability test equation: scalability89
Setting initial conditions for scalability test equation: scalability90
Setting initial conditions for scalability test equation: scalability91
Setting initial conditions for scalability test equation: scalability92
Setting initial conditions for scalability test equation: scalability93
Setting initial conditions for scalability test equation: scalability94
Setting initial conditions for scalability test equation: scalability95
Setting initial conditions for scalability test equation: scalability96
Setting initial conditions for scalability test equation: scalability97
Setting initial conditions for scalability test equation: scalability98
Setting initial conditions for scalability test equation: scalability99
------------------------------------------------

Compiling initialization taskgraph.
------------------------------------------------
SETTING INITIAL BOUNDARY CONDITIONS:
------------------------------------------------
Setting Initial BCs for transport equation 'scalability0'
Setting Initial BCs for transport equation 'scalability1'
Setting Initial BCs for transport equation 'scalability2'
Setting Initial BCs for transport equation 'scalability3'
Setting Initial BCs for transport equation 'scalability4'
Setting Initial BCs for transport equation 'scalability5'
Setting Initial BCs for transport equation 'scalability6'
Setting Initial BCs for transport equation 'scalability7'
Setting Initial BCs for transport equation 'scalability8'
Setting Initial BCs for transport equation 'scalability9'
Setting Initial BCs for transport equation 'scalability10'
Setting Initial BCs for transport equation 'scalability11'
Setting Initial BCs for transport equation 'scalability12'
Setting Initial BCs for transport equation 'scalability13'
Setting Initial BCs for transport equation 'scalability14'
Setting Initial BCs for transport equation 'scalability15'
Setting Initial BCs for transport equation 'scalability16'
Setting Initial BCs for transport equation 'scalability17'
Setting Initial BCs for transport equation 'scalability18'
Setting Initial BCs for transport equation 'scalability19'
Setting Initial BCs for transport equation 'scalability20'
Setting Initial BCs for transport equation 'scalability21'
Setting Initial BCs for transport equation 'scalability22'
Setting Initial BCs for transport equation 'scalability23'
Setting Initial BCs for transport equation 'scalability24'
Setting Initial BCs for transport equation 'scalability25'
Setting Initial BCs for transport equation 'scalability26'
Setting Initial BCs for transport equation 'scalability27'
Setting Initial BCs for transport equation 'scalability28'
Setting Initial BCs for transport equation 'scalability29'
Setting Initial BCs for transport equation 'scalability30'
Setting Initial BCs for transport equation 'scalability31'
Setting Initial BCs for transport equation 'scalability32'
Setting Initial BCs for transport equation 'scalability33'
Setting Initial BCs for transport equation 'scalability34'
Setting Initial BCs for transport equation 'scalability35'
Setting Initial BCs for transport equation 'scalability36'
Setting Initial BCs for transport equation 'scalability37'
Setting Initial BCs for transport equation 'scalability38'
Setting Initial BCs for transport equation 'scalability39'
Setting Initial BCs for transport equation 'scalability40'
Setting Initial BCs for transport equation 'scalability41'
Setting Initial BCs for transport equation 'scalability42'
Setting Initial BCs for transport equation 'scalability43'
Setting Initial BCs for transport equation 'scalability44'
Setting Initial BCs for transport equation 'scalability45'
Setting Initial BCs for transport equation 'scalability46'
Setting Initial BCs for transport equation 'scalability47'
Setting Initial BCs for transport equation 'scalability48'
Setting Initial BCs for transport equation 'scalability49'
Setting Initial BCs for transport equation 'scalability50'
Setting Initial BCs for transport equation 'scalability51'
Setting Initial BCs for transport equation 'scalability52'
Setting Initial BCs for transport equation 'scalability53'
Setting Initial BCs for transport equation 'scalability54'
Setting Initial BCs for transport equation 'scalability55'
Setting Initial BCs for transport equation 'scalability56'
Setting Initial BCs for transport equation 'scalability57'
Setting Initial BCs for transport equation 'scalability58'
Setting Initial BCs for transport equation 'scalability59'
Setting Initial BCs for transport equation 'scalability60'
Setting Initial BCs for transport equation 'scalability61'
Setting Initial BCs for transport equation 'scalability62'
Setting Initial BCs for transport equation 'scalability63'
Setting Initial BCs for transport equation 'scalability64'
Setting Initial BCs for transport equation 'scalability65'
Setting Initial BCs for transport equation 'scalability66'
Setting Initial BCs for transport equation 'scalability67'
Setting Initial BCs for transport equation 'scalability68'
Setting Initial BCs for transport equation 'scalability69'
Setting Initial BCs for transport equation 'scalability70'
Setting Initial BCs for transport equation 'scalability71'
Setting Initial BCs for transport equation 'scalability72'
Setting Initial BCs for transport equation 'scalability73'
Setting Initial BCs for transport equation 'scalability74'
Setting Initial BCs for transport equation 'scalability75'
Setting Initial BCs for transport equation 'scalability76'
Setting Initial BCs for transport equation 'scalability77'
Setting Initial BCs for transport equation 'scalability78'
Setting Initial BCs for transport equation 'scalability79'
Setting Initial BCs for transport equation 'scalability80'
Setting Initial BCs for transport equation 'scalability81'
Setting Initial BCs for transport equation 'scalability82'
Setting Initial BCs for transport equation 'scalability83'
Setting Initial BCs for transport equation 'scalability84'
Setting Initial BCs for transport equation 'scalability85'
Setting Initial BCs for transport equation 'scalability86'
Setting Initial BCs for transport equation 'scalability87'
Setting Initial BCs for transport equation 'scalability88'
Setting Initial BCs for transport equation 'scalability89'
Setting Initial BCs for transport equation 'scalability90'
Setting Initial BCs for transport equation 'scalability91'
Setting Initial BCs for transport equation 'scalability92'
Setting Initial BCs for transport equation 'scalability93'
Setting Initial BCs for transport equation 'scalability94'
Setting Initial BCs for transport equation 'scalability95'
Setting Initial BCs for transport equation 'scalability96'
Setting Initial BCs for transport equation 'scalability97'
Setting Initial BCs for transport equation 'scalability98'
Setting Initial BCs for transport equation 'scalability99'
------------------------------------------------
Wasatch: done creating initialization task(s)
Scheduling Task 'compute timestep' COMPUTES 'delT' in NEW data warehouse
Wasatch: done creating timestep task(s)
Done with taskgraph compile (0.000264452 seconds)
Warning: addContribution not implemented for LoadBalancerCommon.
WARNING at time step 0 and sim time 0 : lowering the next delT from 1 to the maximum: 1e-05

________________________________________________________________________________
--------------------------------------------------------------------------------
MPIStats:+
--------------------------------------------------------------------------------
                Name:       Total:         Avg:         Min:         Max:    Max rank: Hist %% [  Q1 |  Q2 |  Q3 |  Q4 ]:  %%Load Imbalance
         Count: Comm:          128            1            1            1          126           100.0   0.0   0.0   0.0     0.0
         Count: Gath:          256            2            2            2          126           100.0   0.0   0.0   0.0     0.0
         Count: Redu:          128            1            1            1          126           100.0   0.0   0.0   0.0     0.0
          Time: Comm:     0.528 s       4.12 ms     0.899 ms        10 ms           75            29.7  46.9  20.3   3.1    58.8
          Time: Gath:      9.11 s       71.1 ms      28.8 ms      99.7 ms           14            28.1   3.9  14.8  53.1    28.6
          Time: Redu:      5.09 s       39.8 ms     0.237 ms      60.2 ms            5             5.5  27.3  25.8  41.4    34.0
Volume Recv TOTAL   :      97.1 KB        777 B        777 B        777 B          126           100.0   0.0   0.0   0.0     0.0
Volume Recv0: <= 64B:          128            1            1            1          126           100.0   0.0   0.0   0.0     0.0
Volume Recv1: <= 4KB:          256            2            2            2          126           100.0   0.0   0.0   0.0     0.0
Volume Send TOTAL   :      33.6 KB        269 B        269 B        269 B          126           100.0   0.0   0.0   0.0     0.0
Volume Send0: <= 64B:          256            2            2            2          126           100.0   0.0   0.0   0.0     0.0
Volume Send1: <= 4KB:          128            1            1            1          126           100.0   0.0   0.0   0.0     0.0


Simulation and run time stats are reported at the end of each time step
EMA == Wall time as an exponential moving average using a window of the last 10 time steps
Timestep 0       Time=0           Next delT=1e-05       Wall Time=0.28111   EMA=0.280063    Memory Used=156.56 MBs (avg) 157.26 MBs (max on rank: 2     )
Warning: finalizeContributions not implemented for LoadBalancerCommon.
Warning: resetCostForecaster not implemented for LoadBalancerCommon.
Compiling taskgraph(s)...
------------------------------------------------
SETTING BOUNDARY CONDITIONS:
------------------------------------------------
Setting BCs for transport equation 'scalability0'
Setting BCs for transport equation 'scalability1'
Setting BCs for transport equation 'scalability2'
Setting BCs for transport equation 'scalability3'
Setting BCs for transport equation 'scalability4'
Setting BCs for transport equation 'scalability5'
Setting BCs for transport equation 'scalability6'
Setting BCs for transport equation 'scalability7'
Setting BCs for transport equation 'scalability8'
Setting BCs for transport equation 'scalability9'
Setting BCs for transport equation 'scalability10'
Setting BCs for transport equation 'scalability11'
Setting BCs for transport equation 'scalability12'
Setting BCs for transport equation 'scalability13'
Setting BCs for transport equation 'scalability14'
Setting BCs for transport equation 'scalability15'
Setting BCs for transport equation 'scalability16'
Setting BCs for transport equation 'scalability17'
Setting BCs for transport equation 'scalability18'
Setting BCs for transport equation 'scalability19'
Setting BCs for transport equation 'scalability20'
Setting BCs for transport equation 'scalability21'
Setting BCs for transport equation 'scalability22'
Setting BCs for transport equation 'scalability23'
Setting BCs for transport equation 'scalability24'
Setting BCs for transport equation 'scalability25'
Setting BCs for transport equation 'scalability26'
Setting BCs for transport equation 'scalability27'
Setting BCs for transport equation 'scalability28'
Setting BCs for transport equation 'scalability29'
Setting BCs for transport equation 'scalability30'
Setting BCs for transport equation 'scalability31'
Setting BCs for transport equation 'scalability32'
Setting BCs for transport equation 'scalability33'
Setting BCs for transport equation 'scalability34'
Setting BCs for transport equation 'scalability35'
Setting BCs for transport equation 'scalability36'
Setting BCs for transport equation 'scalability37'
Setting BCs for transport equation 'scalability38'
Setting BCs for transport equation 'scalability39'
Setting BCs for transport equation 'scalability40'
Setting BCs for transport equation 'scalability41'
Setting BCs for transport equation 'scalability42'
Setting BCs for transport equation 'scalability43'
Setting BCs for transport equation 'scalability44'
Setting BCs for transport equation 'scalability45'
Setting BCs for transport equation 'scalability46'
Setting BCs for transport equation 'scalability47'
Setting BCs for transport equation 'scalability48'
Setting BCs for transport equation 'scalability49'
Setting BCs for transport equation 'scalability50'
Setting BCs for transport equation 'scalability51'
Setting BCs for transport equation 'scalability52'
Setting BCs for transport equation 'scalability53'
Setting BCs for transport equation 'scalability54'
Setting BCs for transport equation 'scalability55'
Setting BCs for transport equation 'scalability56'
Setting BCs for transport equation 'scalability57'
Setting BCs for transport equation 'scalability58'
Setting BCs for transport equation 'scalability59'
Setting BCs for transport equation 'scalability60'
Setting BCs for transport equation 'scalability61'
Setting BCs for transport equation 'scalability62'
Setting BCs for transport equation 'scalability63'
Setting BCs for transport equation 'scalability64'
Setting BCs for transport equation 'scalability65'
Setting BCs for transport equation 'scalability66'
Setting BCs for transport equation 'scalability67'
Setting BCs for transport equation 'scalability68'
Setting BCs for transport equation 'scalability69'
Setting BCs for transport equation 'scalability70'
Setting BCs for transport equation 'scalability71'
Setting BCs for transport equation 'scalability72'
Setting BCs for transport equation 'scalability73'
Setting BCs for transport equation 'scalability74'
Setting BCs for transport equation 'scalability75'
Setting BCs for transport equation 'scalability76'
Setting BCs for transport equation 'scalability77'
Setting BCs for transport equation 'scalability78'
Setting BCs for transport equation 'scalability79'
Setting BCs for transport equation 'scalability80'
Setting BCs for transport equation 'scalability81'
Setting BCs for transport equation 'scalability82'
Setting BCs for transport equation 'scalability83'
Setting BCs for transport equation 'scalability84'
Setting BCs for transport equation 'scalability85'
Setting BCs for transport equation 'scalability86'
Setting BCs for transport equation 'scalability87'
Setting BCs for transport equation 'scalability88'
Setting BCs for transport equation 'scalability89'
Setting BCs for transport equation 'scalability90'
Setting BCs for transport equation 'scalability91'
Setting BCs for transport equation 'scalability92'
Setting BCs for transport equation 'scalability93'
Setting BCs for transport equation 'scalability94'
Setting BCs for transport equation 'scalability95'
Setting BCs for transport equation 'scalability96'
Setting BCs for transport equation 'scalability97'
Setting BCs for transport equation 'scalability98'
Setting BCs for transport equation 'scalability99'
------------------------------------------------
Wasatch: done creating solution task(s)
Wasatch: done creating post-processing task(s)
Scheduling Task 'compute timestep' COMPUTES 'delT' in NEW data warehouse
Wasatch: done creating timestep task(s)
Done with taskgraph compile (0.0796625 seconds)

________________________________________________________________________________
--------------------------------------------------------------------------------
MPIStats:+
--------------------------------------------------------------------------------
                Name:       Total:         Avg:         Min:         Max:    Max rank: Hist %% [  Q1 |  Q2 |  Q3 |  Q4 ]:  %%Load Imbalance
         Count: Recv:     2.07e+03         16.2            7           26          106            37.5   0.0  43.8  18.8    37.7
         Count: Redu:     1.02e+03            8            8            8          126           100.0   0.0   0.0   0.0     0.0
         Count: Send:     2.07e+03         16.2            7           26          106            37.5   0.0  43.8  18.8    37.7
         Count: Test:     1.34e+03         10.4            6           18           79            33.6  32.0  23.4  10.9    42.0
         Count: Wait:     3.39e+03         26.5            9           46          106            37.5   0.0  43.8  18.8    42.5
          Time: Recv:      73.8 ms     0.577 ms    0.0104 ms      1.99 ms          107            48.4  28.1  18.8   4.7    70.9
          Time: Redu:      3.12 s       24.4 ms     0.449 ms      46.7 ms            3            28.9  21.9  17.2  32.0    47.8
          Time: Send:      2.27 s       17.7 ms      1.82 ms      35.6 ms           81            35.9  15.6  25.0  23.4    50.3
          Time: Test:      30.4 ms     0.238 ms    0.0382 ms      1.66 ms           77            82.0  11.7   5.5   0.8    85.7
          Time: Wait:      4.53 s       35.4 ms       2.7 ms      66.6 ms           67            25.0  20.3  28.1  26.6    46.8
Volume Recv TOTAL   :       512 MB         4 MB      2.57 MB      4.99 MB          106             6.2  31.2  43.8  18.8    19.8
Volume Recv0: <= 64B:          129         1.01            1            2            0            99.2   0.0   0.0   0.8    49.6
Volume Recv1: <= 4KB:          637         4.98            2            9          106            36.7  43.8   0.8  18.8    44.7
Volume Recv2: <= 2MB:     1.57e+03         12.2            6           18          106             6.2  31.2  43.8  18.8    31.9
Volume Send TOTAL   :       512 MB         4 MB      2.57 MB      4.99 MB          106             6.2  31.2  43.8  18.8    19.8
Volume Send0: <= 64B:          256            2            2            2          126           100.0   0.0   0.0   0.0     0.0
Volume Send1: <= 4KB:     1.27e+03         9.94            7           14          106            37.5  43.8   0.0  18.8    29.0
Volume Send2: <= 2MB:     1.57e+03         12.2            6           18          106             6.2  31.2  43.8  18.8    31.9

Timestep 1       Time=1e-05       Next delT=1e-05       Wall Time=0.57332   EMA=0.292154    Memory Used=240.59 MBs (avg) 246.83 MBs (max on rank: 54    )
Runtime Summary  summary stats for time step 1 at time=1e-05
  Description       Units       Minimum           Rank   Average (128)     Std. Dev.         Maximum           Rank   100*(1-ave/max) '% load imbalance'
  Compilation       [seconds] : 0.0573536       : 115  : 0.0751104       : 0.0117227       : 0.105688        : 105  : 28.9319
  TaskExec          [seconds] : 0.144998        : 110  : 0.167565        : 0.0123673       : 0.197988        : 23   : 15.3659
  TaskLocalComm     [seconds] : 0.0101836       : 127  : 0.0374956       : 0.0150874       : 0.067892        : 85   : 44.7717
  TaskWaitCommTime  [seconds] : 0.008014        : 74   : 0.0395432       : 0.018801        : 0.069401        : 64   : 43.0221
  NumberOfTasks     [tasks  ] : 6               : 0    : 6               : 0               : 6               : 0    : 0
  NumberOfPatches   [patches] : 1               : 0    : 1               : 0               : 1               : 0    : 0
  NumberOfCells     [cells  ] : 32768           : 21   : 34064.1         : 874.418         : 35937           : 0    : 5.21172
  SCIMemoryUsed     [MBytes ] : 2.33599e+08     : 115  : 2.40593e+08     : 3.59554e+06     : 2.46833e+08     : 54   : 2.52805
  SCIMemoryMaxUsed  [MBytes ] : 2.33599e+08     : 115  : 2.40593e+08     : 3.59554e+06     : 2.46833e+08     : 54   : 2.52805
  MemoryUsed        [MBytes ] : 8.32037e+08     : 63   : 8.59991e+08     : 9.7953e+06      : 8.82917e+08     : 89   : 2.5967
  MemoryResident    [MBytes ] : 2.33599e+08     : 115  : 2.40593e+08     : 3.59554e+06     : 2.46833e+08     : 54   : 2.52805
  Percentage of time spent in overhead : 23.493

________________________________________________________________________________
--------------------------------------------------------------------------------
MPIStats:+
--------------------------------------------------------------------------------
                Name:       Total:         Avg:         Min:         Max:    Max rank: Hist %% [  Q1 |  Q2 |  Q3 |  Q4 ]:  %%Load Imbalance
         Count: Recv:     2.07e+03         16.2            7           26          106            37.5   0.0  43.8  18.8    37.7
         Count: Redu:     1.02e+03            8            8            8          126           100.0   0.0   0.0   0.0     0.0
         Count: Send:     2.07e+03         16.2            7           26          106            37.5   0.0  43.8  18.8    37.7
         Count: Test:     1.28e+03           10            6           23          126            67.2  14.8  11.7   6.2    56.4
         Count: Wait:     3.38e+03         26.4            9           46          106            37.5   0.0  43.8  18.8    42.5
          Time: Recv:      22.4 ms     0.175 ms  9.91e+03 ns     0.695 ms          110            55.5  32.8  10.9   0.8    74.8
          Time: Redu:      12.4 s       96.7 ms     0.317 ms     0.142 s            60             6.2  21.9  15.6  56.2    32.1
          Time: Send:     0.144 s       1.13 ms     0.359 ms      2.31 ms           85            46.1  23.4  10.9  19.5    51.3
          Time: Test:      6.04 ms    0.0472 ms  3.21e+03 ns     0.151 ms           67            45.3  35.2  16.4   3.1    68.8
          Time: Wait:       3.4 s       26.6 ms     0.411 ms     0.107 s            25            71.9   0.0  10.2  18.0    75.2
Volume Recv TOTAL   :       512 MB         4 MB      2.57 MB      4.99 MB          106             6.2  31.2  43.8  18.8    19.8
Volume Recv0: <= 64B:          129         1.01            1            2            0            99.2   0.0   0.0   0.8    49.6
Volume Recv1: <= 4KB:          637         4.98            2            9          106            36.7  43.8   0.8  18.8    44.7
Volume Recv2: <= 2MB:     1.57e+03         12.2            6           18          106             6.2  31.2  43.8  18.8    31.9
Volume Send TOTAL   :       512 MB         4 MB      2.57 MB      4.99 MB          106             6.2  31.2  43.8  18.8    19.8
Volume Send0: <= 64B:          256            2            2            2          126           100.0   0.0   0.0   0.0     0.0
Volume Send1: <= 4KB:     1.27e+03         9.94            7           14          106            37.5  43.8   0.0  18.8    29.0
Volume Send2: <= 2MB:     1.57e+03         12.2            6           18          106             6.2  31.2  43.8  18.8    31.9

Timestep 2       Time=2e-05       Next delT=1e-05       Wall Time=0.805796  EMA=0.252369    Memory Used=241.30 MBs (avg) 248.18 MBs (max on rank: 54    )
Runtime Summary  summary stats for time step 2 at time=2e-05
  Description       Units       Minimum           Rank   Average (128)     Std. Dev.         Maximum           Rank   100*(1-ave/max) '% load imbalance'
  TaskExec          [seconds] : 0.102871        : 25   : 0.192932        : 0.0368435       : 0.225422        : 115  : 14.4127
  TaskLocalComm     [seconds] : 0.00957417      : 112  : 0.0214492       : 0.00599773      : 0.0383542       : 37   : 44.0759
  TaskWaitCommTime  [seconds] : 0.00236503      : 115  : 0.0304781       : 0.0356348       : 0.113206        : 25   : 73.0774
  NumberOfTasks     [tasks  ] : 6               : 0    : 6               : 0               : 6               : 0    : 0
  NumberOfPatches   [patches] : 1               : 0    : 1               : 0               : 1               : 0    : 0
  NumberOfCells     [cells  ] : 32768           : 21   : 34064.1         : 874.418         : 35937           : 0    : 5.21172
  SCIMemoryUsed     [MBytes ] : 2.34131e+08     : 112  : 2.41298e+08     : 3.61878e+06     : 2.48185e+08     : 54   : 2.77486
  SCIMemoryMaxUsed  [MBytes ] : 2.34131e+08     : 112  : 2.41298e+08     : 3.61878e+06     : 2.48185e+08     : 54   : 2.77486
  MemoryUsed        [MBytes ] : 8.36432e+08     : 92   : 8.6065e+08      : 9.56148e+06     : 8.83544e+08     : 89   : 2.59115
  MemoryResident    [MBytes ] : 2.34131e+08     : 112  : 2.41298e+08     : 3.61878e+06     : 2.48185e+08     : 54   : 2.77486
  Percentage of time spent in overhead : 11.7464

________________________________________________________________________________
--------------------------------------------------------------------------------
MPIStats:+
--------------------------------------------------------------------------------
                Name:       Total:         Avg:         Min:         Max:    Max rank: Hist %% [  Q1 |  Q2 |  Q3 |  Q4 ]:  %%Load Imbalance
         Count: Recv:     2.07e+03         16.2            7           26          106            37.5   0.0  43.8  18.8    37.7
         Count: Redu:     1.02e+03            8            8            8          126           100.0   0.0   0.0   0.0     0.0
         Count: Send:     2.07e+03         16.2            7           26          106            37.5   0.0  43.8  18.8    37.7
         Count: Test:     1.14e+03         8.94            6           24          126            75.8   9.4  11.7   3.1    62.8
         Count: Wait:     3.38e+03         26.4            8           46          106            37.5   0.0  43.8  18.8    42.6
          Time: Recv:      26.5 ms     0.207 ms  8.33e+03 ns      1.64 ms           67            88.3   4.7   2.3   4.7    87.4
          Time: Redu:      8.95 s       69.9 ms     0.359 ms      0.11 s           112            18.0   6.2  32.8  43.0    36.6
          Time: Send:     0.124 s      0.968 ms     0.272 ms      2.38 ms           25            46.9  33.6  14.1   5.5    59.3
          Time: Test:      4.77 ms    0.0372 ms  3.09e+03 ns     0.121 ms           32            53.1  21.9  19.5   5.5    69.3
          Time: Wait:      2.44 s         19 ms     0.446 ms      87.7 ms           26            79.7   0.0   0.0  20.3    78.3
Volume Recv TOTAL   :       512 MB         4 MB      2.57 MB      4.99 MB          106             6.2  31.2  43.8  18.8    19.8
Volume Recv0: <= 64B:          129         1.01            1            2            0            99.2   0.0   0.0   0.8    49.6
Volume Recv1: <= 4KB:          637         4.98            2            9          106            36.7  43.8   0.8  18.8    44.7
Volume Recv2: <= 2MB:     1.57e+03         12.2            6           18          106             6.2  31.2  43.8  18.8    31.9
Volume Send TOTAL   :       512 MB         4 MB      2.57 MB      4.99 MB          106             6.2  31.2  43.8  18.8    19.8
Volume Send0: <= 64B:          256            2            2            2          126           100.0   0.0   0.0   0.0     0.0
Volume Send1: <= 4KB:     1.27e+03         9.94            7           14          106            37.5  43.8   0.0  18.8    29.0
Volume Send2: <= 2MB:     1.57e+03         12.2            6           18          106             6.2  31.2  43.8  18.8    31.9

Timestep 3       Time=3e-05       Next delT=1e-05       Wall Time=1.00826   EMA=0.227417    Memory Used=242.51 MBs (avg) 250.26 MBs (max on rank: 37    )
Runtime Summary  summary stats for time step 3 at time=3e-05
  Description       Units       Minimum           Rank   Average (128)     Std. Dev.         Maximum           Rank   100*(1-ave/max) '% load imbalance'
  TaskExec          [seconds] : 0.093202        : 26   : 0.169682        : 0.0308467       : 0.195158        : 124  : 13.0542
  TaskLocalComm     [seconds] : 0.00952018      : 112  : 0.0218633       : 0.00573529      : 0.0393236       : 25   : 44.4015
  TaskWaitCommTime  [seconds] : 0.00217473      : 124  : 0.0233588       : 0.0302893       : 0.093715        : 26   : 75.0746
  NumberOfTasks     [tasks  ] : 6               : 0    : 6               : 0               : 6               : 0    : 0
  NumberOfPatches   [patches] : 1               : 0    : 1               : 0               : 1               : 0    : 0
  NumberOfCells     [cells  ] : 32768           : 21   : 34064.1         : 874.418         : 35937           : 0    : 5.21172
  SCIMemoryUsed     [MBytes ] : 2.3443e+08      : 112  : 2.42512e+08     : 3.96368e+06     : 2.50257e+08     : 37   : 3.09487
  SCIMemoryMaxUsed  [MBytes ] : 2.3443e+08      : 112  : 2.42512e+08     : 3.96368e+06     : 2.50257e+08     : 37   : 3.09487
  MemoryUsed        [MBytes ] : 8.37059e+08     : 92   : 8.618e+08       : 9.75012e+06     : 8.85748e+08     : 89   : 2.70368
  MemoryResident    [MBytes ] : 2.3443e+08      : 112  : 2.42512e+08     : 3.96368e+06     : 2.50257e+08     : 37   : 3.09487
  Percentage of time spent in overhead : 7.83039

________________________________________________________________________________
--------------------------------------------------------------------------------
MPIStats:+
--------------------------------------------------------------------------------
                Name:       Total:         Avg:         Min:         Max:    Max rank: Hist %% [  Q1 |  Q2 |  Q3 |  Q4 ]:  %%Load Imbalance
         Count: Recv:     2.07e+03         16.2            7           26          106            37.5   0.0  43.8  18.8    37.7
         Count: Redu:     1.02e+03            8            8            8          126           100.0   0.0   0.0   0.0     0.0
         Count: Send:     2.07e+03         16.2            7           26          106            37.5   0.0  43.8  18.8    37.7
         Count: Test:     1.15e+03         8.97            6           23          126            75.8   8.6   9.4   6.2    61.0
         Count: Wait:     3.38e+03         26.4            8           46          106            37.5   0.0  43.8  18.8    42.6
          Time: Recv:      15.6 ms     0.122 ms   9.1e+03 ns     0.628 ms          110            71.1  21.1   4.7   3.1    80.6
          Time: Redu:      9.09 s         71 ms     0.388 ms     0.109 s           115            12.5  12.5  30.5  44.5    34.7
          Time: Send:      91.2 ms     0.712 ms     0.231 ms      1.38 ms           37            19.5  45.3  32.8   2.3    48.3
          Time: Test:      4.43 ms    0.0346 ms  3.19e+03 ns     0.137 ms           31            58.6  27.3  10.2   3.9    74.7
          Time: Wait:      1.99 s       15.5 ms     0.392 ms      87.3 ms          102            83.6   1.6   0.0  14.8    82.2
Volume Recv TOTAL   :       512 MB         4 MB      2.57 MB      4.99 MB          106             6.2  31.2  43.8  18.8    19.8
Volume Recv0: <= 64B:          129         1.01            1            2            0            99.2   0.0   0.0   0.8    49.6
Volume Recv1: <= 4KB:          637         4.98            2            9          106            36.7  43.8   0.8  18.8    44.7
Volume Recv2: <= 2MB:     1.57e+03         12.2            6           18          106             6.2  31.2  43.8  18.8    31.9
Volume Send TOTAL   :       512 MB         4 MB      2.57 MB      4.99 MB          106             6.2  31.2  43.8  18.8    19.8
Volume Send0: <= 64B:          256            2            2            2          126           100.0   0.0   0.0   0.0     0.0
Volume Send1: <= 4KB:     1.27e+03         9.94            7           14          106            37.5  43.8   0.0  18.8    29.0
Volume Send2: <= 2MB:     1.57e+03         12.2            6           18          106             6.2  31.2  43.8  18.8    31.9

Timestep 4       Time=4e-05       Next delT=1e-05       Wall Time=1.21096   EMA=0.217528    Memory Used=243.14 MBs (avg) 250.41 MBs (max on rank: 54    )
Runtime Summary  summary stats for time step 4 at time=4e-05
  Description       Units       Minimum           Rank   Average (128)     Std. Dev.         Maximum           Rank   100*(1-ave/max) '% load imbalance'
  TaskExec          [seconds] : 0.0959481       : 102  : 0.17252         : 0.0263363       : 0.195148        : 115  : 11.5955
  TaskLocalComm     [seconds] : 0.00989235      : 112  : 0.0217803       : 0.00588586      : 0.0396661       : 37   : 45.091
  TaskWaitCommTime  [seconds] : 0.00219597      : 115  : 0.0201456       : 0.0257504       : 0.0923458       : 102  : 78.1846
  NumberOfTasks     [tasks  ] : 6               : 0    : 6               : 0               : 6               : 0    : 0
  NumberOfPatches   [patches] : 1               : 0    : 1               : 0               : 1               : 0    : 0
  NumberOfCells     [cells  ] : 32768           : 21   : 34064.1         : 874.418         : 35937           : 0    : 5.21172
  SCIMemoryUsed     [MBytes ] : 2.34951e+08     : 115  : 2.43138e+08     : 3.90457e+06     : 2.50409e+08     : 54   : 2.90361
  SCIMemoryMaxUsed  [MBytes ] : 2.34951e+08     : 115  : 2.43138e+08     : 3.90457e+06     : 2.50409e+08     : 54   : 2.90361
  MemoryUsed        [MBytes ] : 8.37374e+08     : 92   : 8.62392e+08     : 9.68374e+06     : 8.85748e+08     : 89   : 2.63685
  MemoryResident    [MBytes ] : 2.34951e+08     : 115  : 2.43138e+08     : 3.90457e+06     : 2.50409e+08     : 54   : 2.90361
  Percentage of time spent in overhead : 5.8716

________________________________________________________________________________
--------------------------------------------------------------------------------
MPIStats:+
--------------------------------------------------------------------------------
                Name:       Total:         Avg:         Min:         Max:    Max rank: Hist %% [  Q1 |  Q2 |  Q3 |  Q4 ]:  %%Load Imbalance
         Count: Recv:     2.07e+03         16.2            7           26          106            37.5   0.0  43.8  18.8    37.7
         Count: Redu:     1.02e+03            8            8            8          126           100.0   0.0   0.0   0.0     0.0
         Count: Send:     2.07e+03         16.2            7           26          106            37.5   0.0  43.8  18.8    37.7
         Count: Test:     1.09e+03         8.53            6           23          126            78.9   7.8   8.6   4.7    62.9
         Count: Wait:     3.38e+03         26.4            8           46          106            37.5   0.0  43.8  18.8    42.6
          Time: Recv:      14.4 ms     0.112 ms  7.56e+03 ns     0.732 ms          110            75.0  21.1   3.1   0.8    84.6
          Time: Redu:      11.5 s       89.9 ms     0.335 ms     0.128 s           112             3.1  18.0  24.2  54.7    29.8
          Time: Send:     0.135 s       1.05 ms     0.185 ms      2.49 ms           90            36.7  29.7  26.6   7.0    57.6
          Time: Test:      4.03 ms    0.0315 ms   2.6e+03 ns     0.099 ms           63            51.6  18.0  22.7   7.8    68.2
          Time: Wait:      2.08 s       16.3 ms     0.443 ms      88.8 ms           37            78.1   7.0   1.6  13.3    81.7
Volume Recv TOTAL   :       512 MB         4 MB      2.57 MB      4.99 MB          106             6.2  31.2  43.8  18.8    19.8
Volume Recv0: <= 64B:          129         1.01            1            2            0            99.2   0.0   0.0   0.8    49.6
Volume Recv1: <= 4KB:          637         4.98            2            9          106            36.7  43.8   0.8  18.8    44.7
Volume Recv2: <= 2MB:     1.57e+03         12.2            6           18          106             6.2  31.2  43.8  18.8    31.9
Volume Send TOTAL   :       512 MB         4 MB      2.57 MB      4.99 MB          106             6.2  31.2  43.8  18.8    19.8
Volume Send0: <= 64B:          256            2            2            2          126           100.0   0.0   0.0   0.0     0.0
Volume Send1: <= 4KB:     1.27e+03         9.94            7           14          106            37.5  43.8   0.0  18.8    29.0
Volume Send2: <= 2MB:     1.57e+03         12.2            6           18          106             6.2  31.2  43.8  18.8    31.9

Timestep 5       Time=5e-05       Next delT=1e-05       Wall Time=1.43161   EMA=0.218569    Memory Used=243.47 MBs (avg) 250.45 MBs (max on rank: 106   )
Runtime Summary  summary stats for time step 5 at time=5e-05
  Description       Units       Minimum           Rank   Average (128)     Std. Dev.         Maximum           Rank   100*(1-ave/max) '% load imbalance'
  TaskExec          [seconds] : 0.09648         : 37   : 0.189958        : 0.0273681       : 0.21289         : 124  : 10.7715
  TaskLocalComm     [seconds] : 0.00976929      : 127  : 0.0222836       : 0.00635908      : 0.0477964       : 21   : 53.3781
  TaskWaitCommTime  [seconds] : 0.0021784       : 124  : 0.0207413       : 0.0262682       : 0.0984128       : 37   : 78.9242
  NumberOfTasks     [tasks  ] : 6               : 0    : 6               : 0               : 6               : 0    : 0
  NumberOfPatches   [patches] : 1               : 0    : 1               : 0               : 1               : 0    : 0
  NumberOfCells     [cells  ] : 32768           : 21   : 34064.1         : 874.418         : 35937           : 0    : 5.21172
  SCIMemoryUsed     [MBytes ] : 2.35221e+08     : 115  : 2.43474e+08     : 3.91435e+06     : 2.50454e+08     : 106  : 2.78708
  SCIMemoryMaxUsed  [MBytes ] : 2.35221e+08     : 115  : 2.43474e+08     : 3.91435e+06     : 2.50454e+08     : 106  : 2.78708
  MemoryUsed        [MBytes ] : 8.37689e+08     : 92   : 8.62684e+08     : 9.67236e+06     : 8.85899e+08     : 30   : 2.62053
  MemoryResident    [MBytes ] : 2.35221e+08     : 115  : 2.43474e+08     : 3.91435e+06     : 2.50454e+08     : 106  : 2.78708
  Percentage of time spent in overhead : 4.69537

________________________________________________________________________________
--------------------------------------------------------------------------------
MPIStats:+
--------------------------------------------------------------------------------
                Name:       Total:         Avg:         Min:         Max:    Max rank: Hist %% [  Q1 |  Q2 |  Q3 |  Q4 ]:  %%Load Imbalance
         Count: Recv:     2.07e+03         16.2            7           26          106            37.5   0.0  43.8  18.8    37.7
         Count: Redu:     1.02e+03            8            8            8          126           100.0   0.0   0.0   0.0     0.0
         Count: Send:     2.07e+03         16.2            7           26          106            37.5   0.0  43.8  18.8    37.7
         Count: Test:      1.1e+03         8.57            6           23          126            80.5   7.0   5.5   7.0    62.7
         Count: Wait:     3.38e+03         26.4            8           46          106            37.5   0.0  43.8  18.8    42.6
          Time: Recv:      16.9 ms     0.132 ms    0.0106 ms      1.49 ms           36            92.2   4.7   1.6   1.6    91.2
          Time: Redu:      10.2 s       79.7 ms     0.348 ms     0.122 s            60            10.9  18.8  18.8  51.6    34.5
          Time: Send:      99.3 ms     0.776 ms    0.0913 ms      2.06 ms           62            32.0  50.0  16.4   1.6    62.3
          Time: Test:         4 ms    0.0313 ms  3.03e+03 ns      0.22 ms          115            80.5  18.0   0.8   0.8    85.8
          Time: Wait:      3.05 s       23.8 ms     0.366 ms      88.3 ms           37            71.1   0.0   6.2  22.7    73.0
Volume Recv TOTAL   :       512 MB         4 MB      2.57 MB      4.99 MB          106             6.2  31.2  43.8  18.8    19.8
Volume Recv0: <= 64B:          129         1.01            1            2            0            99.2   0.0   0.0   0.8    49.6
Volume Recv1: <= 4KB:          637         4.98            2            9          106            36.7  43.8   0.8  18.8    44.7
Volume Recv2: <= 2MB:     1.57e+03         12.2            6           18          106             6.2  31.2  43.8  18.8    31.9
Volume Send TOTAL   :       512 MB         4 MB      2.57 MB      4.99 MB          106             6.2  31.2  43.8  18.8    19.8
Volume Send0: <= 64B:          256            2            2            2          126           100.0   0.0   0.0   0.0     0.0
Volume Send1: <= 4KB:     1.27e+03         9.94            7           14          106            37.5  43.8   0.0  18.8    29.0
Volume Send2: <= 2MB:     1.57e+03         12.2            6           18          106             6.2  31.2  43.8  18.8    31.9

Timestep 6       Time=6e-05       Next delT=1e-05       Wall Time=1.645     EMA=0.217089    Memory Used=243.82 MBs (avg) 251.27 MBs (max on rank: 54    )
Runtime Summary  summary stats for time step 6 at time=6e-05
  Description       Units       Minimum           Rank   Average (128)     Std. Dev.         Maximum           Rank   100*(1-ave/max) '% load imbalance'
  TaskExec          [seconds] : 0.101246        : 37   : 0.175319        : 0.0327828       : 0.20572         : 115  : 14.7778
  TaskLocalComm     [seconds] : 0.00987947      : 124  : 0.0219012       : 0.00583346      : 0.0382881       : 21   : 42.799
  TaskWaitCommTime  [seconds] : 0.00216427      : 112  : 0.028139        : 0.0320306       : 0.0953202       : 37   : 70.4795
  NumberOfTasks     [tasks  ] : 6               : 0    : 6               : 0               : 6               : 0    : 0
  NumberOfPatches   [patches] : 1               : 0    : 1               : 0               : 1               : 0    : 0
  NumberOfCells     [cells  ] : 32768           : 21   : 34064.1         : 874.418         : 35937           : 0    : 5.21172
  SCIMemoryUsed     [MBytes ] : 2.35491e+08     : 115  : 2.43825e+08     : 3.98103e+06     : 2.51265e+08     : 54   : 2.9612
  SCIMemoryMaxUsed  [MBytes ] : 2.35491e+08     : 115  : 2.43825e+08     : 3.98103e+06     : 2.51265e+08     : 54   : 2.9612
  MemoryUsed        [MBytes ] : 8.37689e+08     : 92   : 8.62999e+08     : 9.80001e+06     : 8.8669e+08      : 89   : 2.67186
  MemoryResident    [MBytes ] : 2.35491e+08     : 115  : 2.43825e+08     : 3.98103e+06     : 2.51265e+08     : 54   : 2.9612
  Percentage of time spent in overhead : 3.91014

________________________________________________________________________________
--------------------------------------------------------------------------------
MPIStats:+
--------------------------------------------------------------------------------
                Name:       Total:         Avg:         Min:         Max:    Max rank: Hist %% [  Q1 |  Q2 |  Q3 |  Q4 ]:  %%Load Imbalance
         Count: Recv:     2.07e+03         16.2            7           26          106            37.5   0.0  43.8  18.8    37.7
         Count: Redu:     1.02e+03            8            8            8          126           100.0   0.0   0.0   0.0     0.0
         Count: Send:     2.07e+03         16.2            7           26          106            37.5   0.0  43.8  18.8    37.7
         Count: Test:      1.1e+03         8.58            6           23          126            81.2   6.2   6.2   6.2    62.7
         Count: Wait:     3.38e+03         26.4            8           46          106            37.5   0.0  43.8  18.8    42.6
          Time: Recv:      16.5 ms     0.129 ms  8.15e+03 ns      1.55 ms          114            94.5   3.1   1.6   0.8    91.7
          Time: Redu:        11 s         86 ms     0.343 ms     0.128 s            60             7.8  19.5  19.5  53.1    33.0
          Time: Send:      98.4 ms     0.769 ms     0.129 ms      1.94 ms          111            25.8  59.4  10.9   3.9    60.3
          Time: Test:      4.15 ms    0.0324 ms  2.88e+03 ns      0.14 ms            3            66.4  19.5  10.2   3.9    76.9
          Time: Wait:      2.89 s       22.6 ms     0.349 ms      92.4 ms           25            73.4   0.0   7.8  18.8    75.5
Volume Recv TOTAL   :       512 MB         4 MB      2.57 MB      4.99 MB          106             6.2  31.2  43.8  18.8    19.8
Volume Recv0: <= 64B:          129         1.01            1            2            0            99.2   0.0   0.0   0.8    49.6
Volume Recv1: <= 4KB:          637         4.98            2            9          106            36.7  43.8   0.8  18.8    44.7
Volume Recv2: <= 2MB:     1.57e+03         12.2            6           18          106             6.2  31.2  43.8  18.8    31.9
Volume Send TOTAL   :       512 MB         4 MB      2.57 MB      4.99 MB          106             6.2  31.2  43.8  18.8    19.8
Volume Send0: <= 64B:          256            2            2            2          126           100.0   0.0   0.0   0.0     0.0
Volume Send1: <= 4KB:     1.27e+03         9.94            7           14          106            37.5  43.8   0.0  18.8    29.0
Volume Send2: <= 2MB:     1.57e+03         12.2            6           18          106             6.2  31.2  43.8  18.8    31.9

Timestep 7       Time=7e-05       Next delT=1e-05       Wall Time=1.86429   EMA=0.217639    Memory Used=243.89 MBs (avg) 251.54 MBs (max on rank: 54    )
Runtime Summary  summary stats for time step 7 at time=7e-05
  Description       Units       Minimum           Rank   Average (128)     Std. Dev.         Maximum           Rank   100*(1-ave/max) '% load imbalance'
  TaskExec          [seconds] : 0.10353         : 25   : 0.18258         : 0.0329033       : 0.211847        : 127  : 13.8153
  TaskLocalComm     [seconds] : 0.0101503       : 127  : 0.0219243       : 0.00586179      : 0.0392992       : 37   : 44.2117
  TaskWaitCommTime  [seconds] : 0.00200319      : 112  : 0.0269081       : 0.031836        : 0.098424        : 25   : 72.661
  NumberOfTasks     [tasks  ] : 6               : 0    : 6               : 0               : 6               : 0    : 0
  NumberOfPatches   [patches] : 1               : 0    : 1               : 0               : 1               : 0    : 0
  NumberOfCells     [cells  ] : 32768           : 21   : 34064.1         : 874.418         : 35937           : 0    : 5.21172
  SCIMemoryUsed     [MBytes ] : 2.35106e+08     : 12   : 2.43889e+08     : 4.13519e+06     : 2.51535e+08     : 54   : 3.04006
  SCIMemoryMaxUsed  [MBytes ] : 2.35106e+08     : 12   : 2.43889e+08     : 4.13519e+06     : 2.51535e+08     : 54   : 3.04006
  MemoryUsed        [MBytes ] : 8.38001e+08     : 92   : 8.63025e+08     : 9.82098e+06     : 8.8669e+08      : 89   : 2.66886
  MemoryResident    [MBytes ] : 2.35106e+08     : 12   : 2.43889e+08     : 4.13519e+06     : 2.51535e+08     : 54   : 3.04006
  Percentage of time spent in overhead : 3.34811

________________________________________________________________________________
--------------------------------------------------------------------------------
MPIStats:+
--------------------------------------------------------------------------------
                Name:       Total:         Avg:         Min:         Max:    Max rank: Hist %% [  Q1 |  Q2 |  Q3 |  Q4 ]:  %%Load Imbalance
         Count: Recv:     2.07e+03         16.2            7           26          106            37.5   0.0  43.8  18.8    37.7
         Count: Redu:     1.02e+03            8            8            8          126           100.0   0.0   0.0   0.0     0.0
         Count: Send:     2.07e+03         16.2            7           26          106            37.5   0.0  43.8  18.8    37.7
         Count: Test:      1.1e+03         8.59            6           23          126            79.7   6.2   7.8   6.2    62.6
         Count: Wait:     3.38e+03         26.4            8           46          106            37.5   0.0  43.8  18.8    42.6
          Time: Recv:      17.3 ms     0.135 ms   9.9e+03 ns      1.43 ms           76            92.2   3.9   2.3   1.6    90.5
          Time: Redu:      8.88 s       69.4 ms     0.324 ms     0.109 s            60            18.8   7.8  24.2  49.2    36.5
          Time: Send:      97.6 ms     0.762 ms    0.0947 ms      2.26 ms           37            50.0  39.1   3.9   7.0    66.3
          Time: Test:      3.71 ms     0.029 ms  2.97e+03 ns     0.112 ms          112            60.2  21.1  13.3   5.5    74.0
          Time: Wait:      2.89 s       22.6 ms     0.383 ms      85.5 ms           58            73.4   0.0   3.9  22.7    73.6
Volume Recv TOTAL   :       512 MB         4 MB      2.57 MB      4.99 MB          106             6.2  31.2  43.8  18.8    19.8
Volume Recv0: <= 64B:          129         1.01            1            2            0            99.2   0.0   0.0   0.8    49.6
Volume Recv1: <= 4KB:          637         4.98            2            9          106            36.7  43.8   0.8  18.8    44.7
Volume Recv2: <= 2MB:     1.57e+03         12.2            6           18          106             6.2  31.2  43.8  18.8    31.9
Volume Send TOTAL   :       512 MB         4 MB      2.57 MB      4.99 MB          106             6.2  31.2  43.8  18.8    19.8
Volume Send0: <= 64B:          256            2            2            2          126           100.0   0.0   0.0   0.0     0.0
Volume Send1: <= 4KB:     1.27e+03         9.94            7           14          106            37.5  43.8   0.0  18.8    29.0
Volume Send2: <= 2MB:     1.57e+03         12.2            6           18          106             6.2  31.2  43.8  18.8    31.9

Timestep 8       Time=8e-05       Next delT=1e-05       Wall Time=2.06629   EMA=0.214164    Memory Used=244.11 MBs (avg) 252.22 MBs (max on rank: 42    )
Runtime Summary  summary stats for time step 8 at time=8e-05
  Description       Units       Minimum           Rank   Average (128)     Std. Dev.         Maximum           Rank   100*(1-ave/max) '% load imbalance'
  TaskExec          [seconds] : 0.0987257       : 58   : 0.165103        : 0.0330907       : 0.194555        : 115  : 15.1384
  TaskLocalComm     [seconds] : 0.00993495      : 115  : 0.0219623       : 0.00600689      : 0.0399424       : 37   : 45.0152
  TaskWaitCommTime  [seconds] : 0.00215682      : 112  : 0.0269528       : 0.0322251       : 0.090231        : 18   : 70.1291
  NumberOfTasks     [tasks  ] : 6               : 0    : 6               : 0               : 6               : 0    : 0
  NumberOfPatches   [patches] : 1               : 0    : 1               : 0               : 1               : 0    : 0
  NumberOfCells     [cells  ] : 32768           : 21   : 34064.1         : 874.418         : 35937           : 0    : 5.21172
  SCIMemoryUsed     [MBytes ] : 2.35491e+08     : 115  : 2.44112e+08     : 4.12787e+06     : 2.52219e+08     : 42   : 3.21443
  SCIMemoryMaxUsed  [MBytes ] : 2.35491e+08     : 115  : 2.44112e+08     : 4.12787e+06     : 2.52219e+08     : 42   : 3.21443
  MemoryUsed        [MBytes ] : 8.38001e+08     : 92   : 8.63237e+08     : 9.86721e+06     : 8.88263e+08     : 89   : 2.81738
  MemoryResident    [MBytes ] : 2.35491e+08     : 115  : 2.44112e+08     : 4.12787e+06     : 2.52219e+08     : 42   : 3.21443
  Percentage of time spent in overhead : 2.92537

________________________________________________________________________________
--------------------------------------------------------------------------------
MPIStats:+
--------------------------------------------------------------------------------
                Name:       Total:         Avg:         Min:         Max:    Max rank: Hist %% [  Q1 |  Q2 |  Q3 |  Q4 ]:  %%Load Imbalance
         Count: Recv:     2.07e+03         16.2            7           26          106            37.5   0.0  43.8  18.8    37.7
         Count: Redu:     1.02e+03            8            8            8          126           100.0   0.0   0.0   0.0     0.0
         Count: Send:     2.07e+03         16.2            7           26          106            37.5   0.0  43.8  18.8    37.7
         Count: Test:     1.08e+03         8.46            6           23          122            82.0   4.7   7.0   6.2    63.2
         Count: Wait:     3.38e+03         26.4            8           46          106            37.5   0.0  43.8  18.8    42.6
          Time: Recv:      14.3 ms     0.112 ms  9.19e+03 ns      0.69 ms           76            74.2  16.4   7.0   2.3    83.8
          Time: Redu:      8.64 s       67.5 ms     0.382 ms      0.11 s            64            21.1   7.8  26.6  44.5    38.7
          Time: Send:      88.9 ms     0.695 ms     0.174 ms       1.6 ms           37            31.2  44.5  21.1   3.1    56.7
          Time: Test:      3.92 ms    0.0307 ms   3.2e+03 ns     0.152 ms          115            67.2  25.0   7.0   0.8    79.9
          Time: Wait:      2.91 s       22.7 ms     0.388 ms      93.8 ms           18            73.4   0.0   7.8  18.8    75.8
Volume Recv TOTAL   :       512 MB         4 MB      2.57 MB      4.99 MB          106             6.2  31.2  43.8  18.8    19.8
Volume Recv0: <= 64B:          129         1.01            1            2            0            99.2   0.0   0.0   0.8    49.6
Volume Recv1: <= 4KB:          637         4.98            2            9          106            36.7  43.8   0.8  18.8    44.7
Volume Recv2: <= 2MB:     1.57e+03         12.2            6           18          106             6.2  31.2  43.8  18.8    31.9
Volume Send TOTAL   :       512 MB         4 MB      2.57 MB      4.99 MB          106             6.2  31.2  43.8  18.8    19.8
Volume Send0: <= 64B:          256            2            2            2          126           100.0   0.0   0.0   0.0     0.0
Volume Send1: <= 4KB:     1.27e+03         9.94            7           14          106            37.5  43.8   0.0  18.8    29.0
Volume Send2: <= 2MB:     1.57e+03         12.2            6           18          106             6.2  31.2  43.8  18.8    31.9

Timestep 9       Time=9e-05       Next delT=1e-05       Wall Time=2.26696   EMA=0.211465    Memory Used=244.30 MBs (avg) 252.62 MBs (max on rank: 54    )
Runtime Summary  summary stats for time step 9 at time=9e-05
  Description       Units       Minimum           Rank   Average (128)     Std. Dev.         Maximum           Rank   100*(1-ave/max) '% load imbalance'
  TaskExec          [seconds] : 0.0892005       : 18   : 0.163583        : 0.0338769       : 0.193137        : 112  : 15.3022
  TaskLocalComm     [seconds] : 0.010089        : 112  : 0.0219238       : 0.00595493      : 0.039098        : 25   : 43.9259
  TaskWaitCommTime  [seconds] : 0.00213093      : 112  : 0.0271285       : 0.0330216       : 0.0988512       : 18   : 72.5562
  NumberOfTasks     [tasks  ] : 6               : 0    : 6               : 0               : 6               : 0    : 0
  NumberOfPatches   [patches] : 1               : 0    : 1               : 0               : 1               : 0    : 0
  NumberOfCells     [cells  ] : 32768           : 21   : 34064.1         : 874.418         : 35937           : 0    : 5.21172
  SCIMemoryUsed     [MBytes ] : 2.36032e+08     : 115  : 2.44302e+08     : 4.31235e+06     : 2.52617e+08     : 54   : 3.29125
  SCIMemoryMaxUsed  [MBytes ] : 2.36032e+08     : 115  : 2.44302e+08     : 4.31235e+06     : 2.52617e+08     : 54   : 3.29125
  MemoryUsed        [MBytes ] : 8.38001e+08     : 92   : 8.63408e+08     : 9.90445e+06     : 8.88263e+08     : 89   : 2.79811
  MemoryResident    [MBytes ] : 2.36032e+08     : 115  : 2.44302e+08     : 4.31235e+06     : 2.52617e+08     : 54   : 3.29125
  Percentage of time spent in overhead : 2.59529

________________________________________________________________________________
--------------------------------------------------------------------------------
MPIStats:+
--------------------------------------------------------------------------------
                Name:       Total:         Avg:         Min:         Max:    Max rank: Hist %% [  Q1 |  Q2 |  Q3 |  Q4 ]:  %%Load Imbalance
         Count: Recv:     2.07e+03         16.2            7           26          106            37.5   0.0  43.8  18.8    37.7
         Count: Redu:     1.02e+03            8            8            8          126           100.0   0.0   0.0   0.0     0.0
         Count: Send:     2.07e+03         16.2            7           26          106            37.5   0.0  43.8  18.8    37.7
         Count: Test:     1.08e+03         8.41            6           23          122            82.0   3.9   8.6   5.5    63.4
         Count: Wait:     3.38e+03         26.4            8           46          106            37.5   0.0  43.8  18.8    42.6
          Time: Recv:      17.9 ms      0.14 ms  8.39e+03 ns      1.56 ms           49            90.6   6.2   1.6   1.6    91.0
          Time: Redu:      10.8 s       84.2 ms     0.345 ms     0.124 s            51            11.7  14.1  19.5  54.7    31.9
          Time: Send:     0.106 s      0.827 ms     0.156 ms      2.07 ms           73            32.8  45.3  14.8   7.0    60.1
          Time: Test:      3.71 ms     0.029 ms  2.96e+03 ns     0.101 ms           95            59.4  17.2  13.3  10.2    71.2
          Time: Wait:      2.86 s       22.3 ms     0.356 ms      94.7 ms           25            74.2   0.0   7.0  18.8    76.4
Volume Recv TOTAL   :       512 MB         4 MB      2.57 MB      4.99 MB          106             6.2  31.2  43.8  18.8    19.8
Volume Recv0: <= 64B:          129         1.01            1            2            0            99.2   0.0   0.0   0.8    49.6
Volume Recv1: <= 4KB:          637         4.98            2            9          106            36.7  43.8   0.8  18.8    44.7
Volume Recv2: <= 2MB:     1.57e+03         12.2            6           18          106             6.2  31.2  43.8  18.8    31.9
Volume Send TOTAL   :       512 MB         4 MB      2.57 MB      4.99 MB          106             6.2  31.2  43.8  18.8    19.8
Volume Send0: <= 64B:          256            2            2            2          126           100.0   0.0   0.0   0.0     0.0
Volume Send1: <= 4KB:     1.27e+03         9.94            7           14          106            37.5  43.8   0.0  18.8    29.0
Volume Send2: <= 2MB:     1.57e+03         12.2            6           18          106             6.2  31.2  43.8  18.8    31.9

Timestep 10      Time=0.0001      Next delT=1e-05       Wall Time=2.48392   EMA=0.212465    Memory Used=244.35 MBs (avg) 252.58 MBs (max on rank: 90    )
Runtime Summary  summary stats for time step 10 at time=0.0001
  Description       Units       Minimum           Rank   Average (128)     Std. Dev.         Maximum           Rank   100*(1-ave/max) '% load imbalance'
  TaskExec          [seconds] : 0.0977688       : 25   : 0.180179        : 0.0340387       : 0.20963         : 115  : 14.0493
  TaskLocalComm     [seconds] : 0.0101152       : 112  : 0.0221046       : 0.0059134       : 0.0387703       : 21   : 42.9858
  TaskWaitCommTime  [seconds] : 0.00210077      : 115  : 0.0267797       : 0.0330284       : 0.102035        : 25   : 73.7544
  NumberOfTasks     [tasks  ] : 6               : 0    : 6               : 0               : 6               : 0    : 0
  NumberOfPatches   [patches] : 1               : 0    : 1               : 0               : 1               : 0    : 0
  NumberOfCells     [cells  ] : 32768           : 21   : 34064.1         : 874.418         : 35937           : 0    : 5.21172
  SCIMemoryUsed     [MBytes ] : 2.36323e+08     : 112  : 2.4435e+08      : 4.22852e+06     : 2.5258e+08      : 90   : 3.25842
  SCIMemoryMaxUsed  [MBytes ] : 2.36323e+08     : 112  : 2.4435e+08      : 4.22852e+06     : 2.5258e+08      : 90   : 3.25842
  MemoryUsed        [MBytes ] : 8.38001e+08     : 92   : 8.63418e+08     : 9.83849e+06     : 8.86215e+08     : 30   : 2.57242
  MemoryResident    [MBytes ] : 2.36323e+08     : 112  : 2.4435e+08      : 4.22852e+06     : 2.5258e+08      : 90   : 3.25842
  Percentage of time spent in overhead : 2.32991
Sus: going down successfully
