Parallel: 16 MPI processes (using MPI)
Parallel: MPI Level Required: 0, provided: 0
Date:       Thu Aug 25 11:03:38 2022
Machine:    ash252
git branch:wasatch-low-cost-integ-cmake
git date:   Sat Jul 30 10:34:22 2022 -0600
git hash:   9315f9f96fa6304db4fe79378b145f37ea40016d
Assertion level: 0
CFLAGS:          
CXXFLAGS:        
______________________________________________________________________
Application Component: 	'wasatch'

-------------------------------------------------------------
Wasatch was built against:
  SpatialOps HASH: bd7a2bac76e42e2cb528b02e2cf1291d05c71926
             DATE: Fri Nov 12 11:34:54 2021 -0700
     ExprLib HASH: d2950c77edb22e5f3669ddaaf2d2ed29ceb24d2c
             DATE: Thu Aug 5 12:26:26 2021 -0600
    TabProps HASH: eca0dc5f26b20d4f6b1cebe51b1ae97e11871e83
             DATE: Wed Aug 11 20:11:26 2021 -0600
-------------------------------------------------------------

Linear Solver: 		hypre
Load Balancer: 		Simple
Scheduler: 		MPI
Patch layout: 		(4,2,2)
Grid statistics:
Number of levels:		1
Level 0:
  Periodic boundaries:		[int 1, 1, 1]
  Number of patches:		16
  Total number of cells:	524288 (32768 avg. per patch)
Total patches in grid:		16
Total cells in grid:		524288 (32768 avg. per patch)

Using small, individual MPI messages (no message combining)
Detected solver: hypre
SETTING UP CONVECTIVE FLUX EXPRESSION IN X DIRECTION USING CENTRAL
SETTING UP CONVECTIVE FLUX EXPRESSION IN Y DIRECTION USING CENTRAL
SETTING UP CONVECTIVE FLUX EXPRESSION IN Z DIRECTION USING CENTRAL
Setting initial conditions for scalability test equation: scalability0
SETTING UP CONVECTIVE FLUX EXPRESSION IN X DIRECTION USING CENTRAL
SETTING UP CONVECTIVE FLUX EXPRESSION IN Y DIRECTION USING CENTRAL
SETTING UP CONVECTIVE FLUX EXPRESSION IN Z DIRECTION USING CENTRAL
Setting initial conditions for scalability test equation: scalability1
SETTING UP CONVECTIVE FLUX EXPRESSION IN X DIRECTION USING CENTRAL
SETTING UP CONVECTIVE FLUX EXPRESSION IN Y DIRECTION USING CENTRAL
SETTING UP CONVECTIVE FLUX EXPRESSION IN Z DIRECTION USING CENTRAL
Setting initial conditions for scalability test equation: scalability2
SETTING UP CONVECTIVE FLUX EXPRESSION IN X DIRECTION USING CENTRAL
SETTING UP CONVECTIVE FLUX EXPRESSION IN Y DIRECTION USING CENTRAL
SETTING UP CONVECTIVE FLUX EXPRESSION IN Z DIRECTION USING CENTRAL
Setting initial conditions for scalability test equation: scalability3
SETTING UP CONVECTIVE FLUX EXPRESSION IN X DIRECTION USING CENTRAL
SETTING UP CONVECTIVE FLUX EXPRESSION IN Y DIRECTION USING CENTRAL
SETTING UP CONVECTIVE FLUX EXPRESSION IN Z DIRECTION USING CENTRAL
Setting initial conditions for scalability test equation: scalability4
SETTING UP CONVECTIVE FLUX EXPRESSION IN X DIRECTION USING CENTRAL
SETTING UP CONVECTIVE FLUX EXPRESSION IN Y DIRECTION USING CENTRAL
SETTING UP CONVECTIVE FLUX EXPRESSION IN Z DIRECTION USING CENTRAL
Setting initial conditions for scalability test equation: scalability5
SETTING UP CONVECTIVE FLUX EXPRESSION IN X DIRECTION USING CENTRAL
SETTING UP CONVECTIVE FLUX EXPRESSION IN Y DIRECTION USING CENTRAL
SETTING UP CONVECTIVE FLUX EXPRESSION IN Z DIRECTION USING CENTRAL
Setting initial conditions for scalability test equation: scalability6
SETTING UP CONVECTIVE FLUX EXPRESSION IN X DIRECTION USING CENTRAL
SETTING UP CONVECTIVE FLUX EXPRESSION IN Y DIRECTION USING CENTRAL
SETTING UP CONVECTIVE FLUX EXPRESSION IN Z DIRECTION USING CENTRAL
Setting initial conditions for scalability test equation: scalability7
SETTING UP CONVECTIVE FLUX EXPRESSION IN X DIRECTION USING CENTRAL
SETTING UP CONVECTIVE FLUX EXPRESSION IN Y DIRECTION USING CENTRAL
SETTING UP CONVECTIVE FLUX EXPRESSION IN Z DIRECTION USING CENTRAL
Setting initial conditions for scalability test equation: scalability8
SETTING UP CONVECTIVE FLUX EXPRESSION IN X DIRECTION USING CENTRAL
SETTING UP CONVECTIVE FLUX EXPRESSION IN Y DIRECTION USING CENTRAL
SETTING UP CONVECTIVE FLUX EXPRESSION IN Z DIRECTION USING CENTRAL
Setting initial conditions for scalability test equation: scalability9
SETTING UP CONVECTIVE FLUX EXPRESSION IN X DIRECTION USING CENTRAL
SETTING UP CONVECTIVE FLUX EXPRESSION IN Y DIRECTION USING CENTRAL
SETTING UP CONVECTIVE FLUX EXPRESSION IN Z DIRECTION USING CENTRAL
Setting initial conditions for scalability test equation: scalability10
SETTING UP CONVECTIVE FLUX EXPRESSION IN X DIRECTION USING CENTRAL
SETTING UP CONVECTIVE FLUX EXPRESSION IN Y DIRECTION USING CENTRAL
SETTING UP CONVECTIVE FLUX EXPRESSION IN Z DIRECTION USING CENTRAL
Setting initial conditions for scalability test equation: scalability11
SETTING UP CONVECTIVE FLUX EXPRESSION IN X DIRECTION USING CENTRAL
SETTING UP CONVECTIVE FLUX EXPRESSION IN Y DIRECTION USING CENTRAL
SETTING UP CONVECTIVE FLUX EXPRESSION IN Z DIRECTION USING CENTRAL
Setting initial conditions for scalability test equation: scalability12
SETTING UP CONVECTIVE FLUX EXPRESSION IN X DIRECTION USING CENTRAL
SETTING UP CONVECTIVE FLUX EXPRESSION IN Y DIRECTION USING CENTRAL
SETTING UP CONVECTIVE FLUX EXPRESSION IN Z DIRECTION USING CENTRAL
Setting initial conditions for scalability test equation: scalability13
SETTING UP CONVECTIVE FLUX EXPRESSION IN X DIRECTION USING CENTRAL
SETTING UP CONVECTIVE FLUX EXPRESSION IN Y DIRECTION USING CENTRAL
SETTING UP CONVECTIVE FLUX EXPRESSION IN Z DIRECTION USING CENTRAL
Setting initial conditions for scalability test equation: scalability14
SETTING UP CONVECTIVE FLUX EXPRESSION IN X DIRECTION USING CENTRAL
SETTING UP CONVECTIVE FLUX EXPRESSION IN Y DIRECTION USING CENTRAL
SETTING UP CONVECTIVE FLUX EXPRESSION IN Z DIRECTION USING CENTRAL
Setting initial conditions for scalability test equation: scalability15
SETTING UP CONVECTIVE FLUX EXPRESSION IN X DIRECTION USING CENTRAL
SETTING UP CONVECTIVE FLUX EXPRESSION IN Y DIRECTION USING CENTRAL
SETTING UP CONVECTIVE FLUX EXPRESSION IN Z DIRECTION USING CENTRAL
Setting initial conditions for scalability test equation: scalability16
SETTING UP CONVECTIVE FLUX EXPRESSION IN X DIRECTION USING CENTRAL
SETTING UP CONVECTIVE FLUX EXPRESSION IN Y DIRECTION USING CENTRAL
SETTING UP CONVECTIVE FLUX EXPRESSION IN Z DIRECTION USING CENTRAL
Setting initial conditions for scalability test equation: scalability17
SETTING UP CONVECTIVE FLUX EXPRESSION IN X DIRECTION USING CENTRAL
SETTING UP CONVECTIVE FLUX EXPRESSION IN Y DIRECTION USING CENTRAL
SETTING UP CONVECTIVE FLUX EXPRESSION IN Z DIRECTION USING CENTRAL
Setting initial conditions for scalability test equation: scalability18
SETTING UP CONVECTIVE FLUX EXPRESSION IN X DIRECTION USING CENTRAL
SETTING UP CONVECTIVE FLUX EXPRESSION IN Y DIRECTION USING CENTRAL
SETTING UP CONVECTIVE FLUX EXPRESSION IN Z DIRECTION USING CENTRAL
Setting initial conditions for scalability test equation: scalability19
SETTING UP CONVECTIVE FLUX EXPRESSION IN X DIRECTION USING CENTRAL
SETTING UP CONVECTIVE FLUX EXPRESSION IN Y DIRECTION USING CENTRAL
SETTING UP CONVECTIVE FLUX EXPRESSION IN Z DIRECTION USING CENTRAL
Setting initial conditions for scalability test equation: scalability20
SETTING UP CONVECTIVE FLUX EXPRESSION IN X DIRECTION USING CENTRAL
SETTING UP CONVECTIVE FLUX EXPRESSION IN Y DIRECTION USING CENTRAL
SETTING UP CONVECTIVE FLUX EXPRESSION IN Z DIRECTION USING CENTRAL
Setting initial conditions for scalability test equation: scalability21
SETTING UP CONVECTIVE FLUX EXPRESSION IN X DIRECTION USING CENTRAL
SETTING UP CONVECTIVE FLUX EXPRESSION IN Y DIRECTION USING CENTRAL
SETTING UP CONVECTIVE FLUX EXPRESSION IN Z DIRECTION USING CENTRAL
Setting initial conditions for scalability test equation: scalability22
SETTING UP CONVECTIVE FLUX EXPRESSION IN X DIRECTION USING CENTRAL
SETTING UP CONVECTIVE FLUX EXPRESSION IN Y DIRECTION USING CENTRAL
SETTING UP CONVECTIVE FLUX EXPRESSION IN Z DIRECTION USING CENTRAL
Setting initial conditions for scalability test equation: scalability23
SETTING UP CONVECTIVE FLUX EXPRESSION IN X DIRECTION USING CENTRAL
SETTING UP CONVECTIVE FLUX EXPRESSION IN Y DIRECTION USING CENTRAL
SETTING UP CONVECTIVE FLUX EXPRESSION IN Z DIRECTION USING CENTRAL
Setting initial conditions for scalability test equation: scalability24
SETTING UP CONVECTIVE FLUX EXPRESSION IN X DIRECTION USING CENTRAL
SETTING UP CONVECTIVE FLUX EXPRESSION IN Y DIRECTION USING CENTRAL
SETTING UP CONVECTIVE FLUX EXPRESSION IN Z DIRECTION USING CENTRAL
Setting initial conditions for scalability test equation: scalability25
SETTING UP CONVECTIVE FLUX EXPRESSION IN X DIRECTION USING CENTRAL
SETTING UP CONVECTIVE FLUX EXPRESSION IN Y DIRECTION USING CENTRAL
SETTING UP CONVECTIVE FLUX EXPRESSION IN Z DIRECTION USING CENTRAL
Setting initial conditions for scalability test equation: scalability26
SETTING UP CONVECTIVE FLUX EXPRESSION IN X DIRECTION USING CENTRAL
SETTING UP CONVECTIVE FLUX EXPRESSION IN Y DIRECTION USING CENTRAL
SETTING UP CONVECTIVE FLUX EXPRESSION IN Z DIRECTION USING CENTRAL
Setting initial conditions for scalability test equation: scalability27
SETTING UP CONVECTIVE FLUX EXPRESSION IN X DIRECTION USING CENTRAL
SETTING UP CONVECTIVE FLUX EXPRESSION IN Y DIRECTION USING CENTRAL
SETTING UP CONVECTIVE FLUX EXPRESSION IN Z DIRECTION USING CENTRAL
Setting initial conditions for scalability test equation: scalability28
SETTING UP CONVECTIVE FLUX EXPRESSION IN X DIRECTION USING CENTRAL
SETTING UP CONVECTIVE FLUX EXPRESSION IN Y DIRECTION USING CENTRAL
SETTING UP CONVECTIVE FLUX EXPRESSION IN Z DIRECTION USING CENTRAL
Setting initial conditions for scalability test equation: scalability29
SETTING UP CONVECTIVE FLUX EXPRESSION IN X DIRECTION USING CENTRAL
SETTING UP CONVECTIVE FLUX EXPRESSION IN Y DIRECTION USING CENTRAL
SETTING UP CONVECTIVE FLUX EXPRESSION IN Z DIRECTION USING CENTRAL
Setting initial conditions for scalability test equation: scalability30
SETTING UP CONVECTIVE FLUX EXPRESSION IN X DIRECTION USING CENTRAL
SETTING UP CONVECTIVE FLUX EXPRESSION IN Y DIRECTION USING CENTRAL
SETTING UP CONVECTIVE FLUX EXPRESSION IN Z DIRECTION USING CENTRAL
Setting initial conditions for scalability test equation: scalability31
SETTING UP CONVECTIVE FLUX EXPRESSION IN X DIRECTION USING CENTRAL
SETTING UP CONVECTIVE FLUX EXPRESSION IN Y DIRECTION USING CENTRAL
SETTING UP CONVECTIVE FLUX EXPRESSION IN Z DIRECTION USING CENTRAL
Setting initial conditions for scalability test equation: scalability32
SETTING UP CONVECTIVE FLUX EXPRESSION IN X DIRECTION USING CENTRAL
SETTING UP CONVECTIVE FLUX EXPRESSION IN Y DIRECTION USING CENTRAL
SETTING UP CONVECTIVE FLUX EXPRESSION IN Z DIRECTION USING CENTRAL
Setting initial conditions for scalability test equation: scalability33
SETTING UP CONVECTIVE FLUX EXPRESSION IN X DIRECTION USING CENTRAL
SETTING UP CONVECTIVE FLUX EXPRESSION IN Y DIRECTION USING CENTRAL
SETTING UP CONVECTIVE FLUX EXPRESSION IN Z DIRECTION USING CENTRAL
Setting initial conditions for scalability test equation: scalability34
SETTING UP CONVECTIVE FLUX EXPRESSION IN X DIRECTION USING CENTRAL
SETTING UP CONVECTIVE FLUX EXPRESSION IN Y DIRECTION USING CENTRAL
SETTING UP CONVECTIVE FLUX EXPRESSION IN Z DIRECTION USING CENTRAL
Setting initial conditions for scalability test equation: scalability35
SETTING UP CONVECTIVE FLUX EXPRESSION IN X DIRECTION USING CENTRAL
SETTING UP CONVECTIVE FLUX EXPRESSION IN Y DIRECTION USING CENTRAL
SETTING UP CONVECTIVE FLUX EXPRESSION IN Z DIRECTION USING CENTRAL
Setting initial conditions for scalability test equation: scalability36
SETTING UP CONVECTIVE FLUX EXPRESSION IN X DIRECTION USING CENTRAL
SETTING UP CONVECTIVE FLUX EXPRESSION IN Y DIRECTION USING CENTRAL
SETTING UP CONVECTIVE FLUX EXPRESSION IN Z DIRECTION USING CENTRAL
Setting initial conditions for scalability test equation: scalability37
SETTING UP CONVECTIVE FLUX EXPRESSION IN X DIRECTION USING CENTRAL
SETTING UP CONVECTIVE FLUX EXPRESSION IN Y DIRECTION USING CENTRAL
SETTING UP CONVECTIVE FLUX EXPRESSION IN Z DIRECTION USING CENTRAL
Setting initial conditions for scalability test equation: scalability38
SETTING UP CONVECTIVE FLUX EXPRESSION IN X DIRECTION USING CENTRAL
SETTING UP CONVECTIVE FLUX EXPRESSION IN Y DIRECTION USING CENTRAL
SETTING UP CONVECTIVE FLUX EXPRESSION IN Z DIRECTION USING CENTRAL
Setting initial conditions for scalability test equation: scalability39
SETTING UP CONVECTIVE FLUX EXPRESSION IN X DIRECTION USING CENTRAL
SETTING UP CONVECTIVE FLUX EXPRESSION IN Y DIRECTION USING CENTRAL
SETTING UP CONVECTIVE FLUX EXPRESSION IN Z DIRECTION USING CENTRAL
Setting initial conditions for scalability test equation: scalability40
SETTING UP CONVECTIVE FLUX EXPRESSION IN X DIRECTION USING CENTRAL
SETTING UP CONVECTIVE FLUX EXPRESSION IN Y DIRECTION USING CENTRAL
SETTING UP CONVECTIVE FLUX EXPRESSION IN Z DIRECTION USING CENTRAL
Setting initial conditions for scalability test equation: scalability41
SETTING UP CONVECTIVE FLUX EXPRESSION IN X DIRECTION USING CENTRAL
SETTING UP CONVECTIVE FLUX EXPRESSION IN Y DIRECTION USING CENTRAL
SETTING UP CONVECTIVE FLUX EXPRESSION IN Z DIRECTION USING CENTRAL
Setting initial conditions for scalability test equation: scalability42
SETTING UP CONVECTIVE FLUX EXPRESSION IN X DIRECTION USING CENTRAL
SETTING UP CONVECTIVE FLUX EXPRESSION IN Y DIRECTION USING CENTRAL
SETTING UP CONVECTIVE FLUX EXPRESSION IN Z DIRECTION USING CENTRAL
Setting initial conditions for scalability test equation: scalability43
SETTING UP CONVECTIVE FLUX EXPRESSION IN X DIRECTION USING CENTRAL
SETTING UP CONVECTIVE FLUX EXPRESSION IN Y DIRECTION USING CENTRAL
SETTING UP CONVECTIVE FLUX EXPRESSION IN Z DIRECTION USING CENTRAL
Setting initial conditions for scalability test equation: scalability44
SETTING UP CONVECTIVE FLUX EXPRESSION IN X DIRECTION USING CENTRAL
SETTING UP CONVECTIVE FLUX EXPRESSION IN Y DIRECTION USING CENTRAL
SETTING UP CONVECTIVE FLUX EXPRESSION IN Z DIRECTION USING CENTRAL
Setting initial conditions for scalability test equation: scalability45
SETTING UP CONVECTIVE FLUX EXPRESSION IN X DIRECTION USING CENTRAL
SETTING UP CONVECTIVE FLUX EXPRESSION IN Y DIRECTION USING CENTRAL
SETTING UP CONVECTIVE FLUX EXPRESSION IN Z DIRECTION USING CENTRAL
Setting initial conditions for scalability test equation: scalability46
SETTING UP CONVECTIVE FLUX EXPRESSION IN X DIRECTION USING CENTRAL
SETTING UP CONVECTIVE FLUX EXPRESSION IN Y DIRECTION USING CENTRAL
SETTING UP CONVECTIVE FLUX EXPRESSION IN Z DIRECTION USING CENTRAL
Setting initial conditions for scalability test equation: scalability47
SETTING UP CONVECTIVE FLUX EXPRESSION IN X DIRECTION USING CENTRAL
SETTING UP CONVECTIVE FLUX EXPRESSION IN Y DIRECTION USING CENTRAL
SETTING UP CONVECTIVE FLUX EXPRESSION IN Z DIRECTION USING CENTRAL
Setting initial conditions for scalability test equation: scalability48
SETTING UP CONVECTIVE FLUX EXPRESSION IN X DIRECTION USING CENTRAL
SETTING UP CONVECTIVE FLUX EXPRESSION IN Y DIRECTION USING CENTRAL
SETTING UP CONVECTIVE FLUX EXPRESSION IN Z DIRECTION USING CENTRAL
Setting initial conditions for scalability test equation: scalability49
SETTING UP CONVECTIVE FLUX EXPRESSION IN X DIRECTION USING CENTRAL
SETTING UP CONVECTIVE FLUX EXPRESSION IN Y DIRECTION USING CENTRAL
SETTING UP CONVECTIVE FLUX EXPRESSION IN Z DIRECTION USING CENTRAL
Setting initial conditions for scalability test equation: scalability50
SETTING UP CONVECTIVE FLUX EXPRESSION IN X DIRECTION USING CENTRAL
SETTING UP CONVECTIVE FLUX EXPRESSION IN Y DIRECTION USING CENTRAL
SETTING UP CONVECTIVE FLUX EXPRESSION IN Z DIRECTION USING CENTRAL
Setting initial conditions for scalability test equation: scalability51
SETTING UP CONVECTIVE FLUX EXPRESSION IN X DIRECTION USING CENTRAL
SETTING UP CONVECTIVE FLUX EXPRESSION IN Y DIRECTION USING CENTRAL
SETTING UP CONVECTIVE FLUX EXPRESSION IN Z DIRECTION USING CENTRAL
Setting initial conditions for scalability test equation: scalability52
SETTING UP CONVECTIVE FLUX EXPRESSION IN X DIRECTION USING CENTRAL
SETTING UP CONVECTIVE FLUX EXPRESSION IN Y DIRECTION USING CENTRAL
SETTING UP CONVECTIVE FLUX EXPRESSION IN Z DIRECTION USING CENTRAL
Setting initial conditions for scalability test equation: scalability53
SETTING UP CONVECTIVE FLUX EXPRESSION IN X DIRECTION USING CENTRAL
SETTING UP CONVECTIVE FLUX EXPRESSION IN Y DIRECTION USING CENTRAL
SETTING UP CONVECTIVE FLUX EXPRESSION IN Z DIRECTION USING CENTRAL
Setting initial conditions for scalability test equation: scalability54
SETTING UP CONVECTIVE FLUX EXPRESSION IN X DIRECTION USING CENTRAL
SETTING UP CONVECTIVE FLUX EXPRESSION IN Y DIRECTION USING CENTRAL
SETTING UP CONVECTIVE FLUX EXPRESSION IN Z DIRECTION USING CENTRAL
Setting initial conditions for scalability test equation: scalability55
SETTING UP CONVECTIVE FLUX EXPRESSION IN X DIRECTION USING CENTRAL
SETTING UP CONVECTIVE FLUX EXPRESSION IN Y DIRECTION USING CENTRAL
SETTING UP CONVECTIVE FLUX EXPRESSION IN Z DIRECTION USING CENTRAL
Setting initial conditions for scalability test equation: scalability56
SETTING UP CONVECTIVE FLUX EXPRESSION IN X DIRECTION USING CENTRAL
SETTING UP CONVECTIVE FLUX EXPRESSION IN Y DIRECTION USING CENTRAL
SETTING UP CONVECTIVE FLUX EXPRESSION IN Z DIRECTION USING CENTRAL
Setting initial conditions for scalability test equation: scalability57
SETTING UP CONVECTIVE FLUX EXPRESSION IN X DIRECTION USING CENTRAL
SETTING UP CONVECTIVE FLUX EXPRESSION IN Y DIRECTION USING CENTRAL
SETTING UP CONVECTIVE FLUX EXPRESSION IN Z DIRECTION USING CENTRAL
Setting initial conditions for scalability test equation: scalability58
SETTING UP CONVECTIVE FLUX EXPRESSION IN X DIRECTION USING CENTRAL
SETTING UP CONVECTIVE FLUX EXPRESSION IN Y DIRECTION USING CENTRAL
SETTING UP CONVECTIVE FLUX EXPRESSION IN Z DIRECTION USING CENTRAL
Setting initial conditions for scalability test equation: scalability59
SETTING UP CONVECTIVE FLUX EXPRESSION IN X DIRECTION USING CENTRAL
SETTING UP CONVECTIVE FLUX EXPRESSION IN Y DIRECTION USING CENTRAL
SETTING UP CONVECTIVE FLUX EXPRESSION IN Z DIRECTION USING CENTRAL
Setting initial conditions for scalability test equation: scalability60
SETTING UP CONVECTIVE FLUX EXPRESSION IN X DIRECTION USING CENTRAL
SETTING UP CONVECTIVE FLUX EXPRESSION IN Y DIRECTION USING CENTRAL
SETTING UP CONVECTIVE FLUX EXPRESSION IN Z DIRECTION USING CENTRAL
Setting initial conditions for scalability test equation: scalability61
SETTING UP CONVECTIVE FLUX EXPRESSION IN X DIRECTION USING CENTRAL
SETTING UP CONVECTIVE FLUX EXPRESSION IN Y DIRECTION USING CENTRAL
SETTING UP CONVECTIVE FLUX EXPRESSION IN Z DIRECTION USING CENTRAL
Setting initial conditions for scalability test equation: scalability62
SETTING UP CONVECTIVE FLUX EXPRESSION IN X DIRECTION USING CENTRAL
SETTING UP CONVECTIVE FLUX EXPRESSION IN Y DIRECTION USING CENTRAL
SETTING UP CONVECTIVE FLUX EXPRESSION IN Z DIRECTION USING CENTRAL
Setting initial conditions for scalability test equation: scalability63
SETTING UP CONVECTIVE FLUX EXPRESSION IN X DIRECTION USING CENTRAL
SETTING UP CONVECTIVE FLUX EXPRESSION IN Y DIRECTION USING CENTRAL
SETTING UP CONVECTIVE FLUX EXPRESSION IN Z DIRECTION USING CENTRAL
Setting initial conditions for scalability test equation: scalability64
SETTING UP CONVECTIVE FLUX EXPRESSION IN X DIRECTION USING CENTRAL
SETTING UP CONVECTIVE FLUX EXPRESSION IN Y DIRECTION USING CENTRAL
SETTING UP CONVECTIVE FLUX EXPRESSION IN Z DIRECTION USING CENTRAL
Setting initial conditions for scalability test equation: scalability65
SETTING UP CONVECTIVE FLUX EXPRESSION IN X DIRECTION USING CENTRAL
SETTING UP CONVECTIVE FLUX EXPRESSION IN Y DIRECTION USING CENTRAL
SETTING UP CONVECTIVE FLUX EXPRESSION IN Z DIRECTION USING CENTRAL
Setting initial conditions for scalability test equation: scalability66
SETTING UP CONVECTIVE FLUX EXPRESSION IN X DIRECTION USING CENTRAL
SETTING UP CONVECTIVE FLUX EXPRESSION IN Y DIRECTION USING CENTRAL
SETTING UP CONVECTIVE FLUX EXPRESSION IN Z DIRECTION USING CENTRAL
Setting initial conditions for scalability test equation: scalability67
SETTING UP CONVECTIVE FLUX EXPRESSION IN X DIRECTION USING CENTRAL
SETTING UP CONVECTIVE FLUX EXPRESSION IN Y DIRECTION USING CENTRAL
SETTING UP CONVECTIVE FLUX EXPRESSION IN Z DIRECTION USING CENTRAL
Setting initial conditions for scalability test equation: scalability68
SETTING UP CONVECTIVE FLUX EXPRESSION IN X DIRECTION USING CENTRAL
SETTING UP CONVECTIVE FLUX EXPRESSION IN Y DIRECTION USING CENTRAL
SETTING UP CONVECTIVE FLUX EXPRESSION IN Z DIRECTION USING CENTRAL
Setting initial conditions for scalability test equation: scalability69
SETTING UP CONVECTIVE FLUX EXPRESSION IN X DIRECTION USING CENTRAL
SETTING UP CONVECTIVE FLUX EXPRESSION IN Y DIRECTION USING CENTRAL
SETTING UP CONVECTIVE FLUX EXPRESSION IN Z DIRECTION USING CENTRAL
Setting initial conditions for scalability test equation: scalability70
SETTING UP CONVECTIVE FLUX EXPRESSION IN X DIRECTION USING CENTRAL
SETTING UP CONVECTIVE FLUX EXPRESSION IN Y DIRECTION USING CENTRAL
SETTING UP CONVECTIVE FLUX EXPRESSION IN Z DIRECTION USING CENTRAL
Setting initial conditions for scalability test equation: scalability71
SETTING UP CONVECTIVE FLUX EXPRESSION IN X DIRECTION USING CENTRAL
SETTING UP CONVECTIVE FLUX EXPRESSION IN Y DIRECTION USING CENTRAL
SETTING UP CONVECTIVE FLUX EXPRESSION IN Z DIRECTION USING CENTRAL
Setting initial conditions for scalability test equation: scalability72
SETTING UP CONVECTIVE FLUX EXPRESSION IN X DIRECTION USING CENTRAL
SETTING UP CONVECTIVE FLUX EXPRESSION IN Y DIRECTION USING CENTRAL
SETTING UP CONVECTIVE FLUX EXPRESSION IN Z DIRECTION USING CENTRAL
Setting initial conditions for scalability test equation: scalability73
SETTING UP CONVECTIVE FLUX EXPRESSION IN X DIRECTION USING CENTRAL
SETTING UP CONVECTIVE FLUX EXPRESSION IN Y DIRECTION USING CENTRAL
SETTING UP CONVECTIVE FLUX EXPRESSION IN Z DIRECTION USING CENTRAL
Setting initial conditions for scalability test equation: scalability74
SETTING UP CONVECTIVE FLUX EXPRESSION IN X DIRECTION USING CENTRAL
SETTING UP CONVECTIVE FLUX EXPRESSION IN Y DIRECTION USING CENTRAL
SETTING UP CONVECTIVE FLUX EXPRESSION IN Z DIRECTION USING CENTRAL
Setting initial conditions for scalability test equation: scalability75
SETTING UP CONVECTIVE FLUX EXPRESSION IN X DIRECTION USING CENTRAL
SETTING UP CONVECTIVE FLUX EXPRESSION IN Y DIRECTION USING CENTRAL
SETTING UP CONVECTIVE FLUX EXPRESSION IN Z DIRECTION USING CENTRAL
Setting initial conditions for scalability test equation: scalability76
SETTING UP CONVECTIVE FLUX EXPRESSION IN X DIRECTION USING CENTRAL
SETTING UP CONVECTIVE FLUX EXPRESSION IN Y DIRECTION USING CENTRAL
SETTING UP CONVECTIVE FLUX EXPRESSION IN Z DIRECTION USING CENTRAL
Setting initial conditions for scalability test equation: scalability77
SETTING UP CONVECTIVE FLUX EXPRESSION IN X DIRECTION USING CENTRAL
SETTING UP CONVECTIVE FLUX EXPRESSION IN Y DIRECTION USING CENTRAL
SETTING UP CONVECTIVE FLUX EXPRESSION IN Z DIRECTION USING CENTRAL
Setting initial conditions for scalability test equation: scalability78
SETTING UP CONVECTIVE FLUX EXPRESSION IN X DIRECTION USING CENTRAL
SETTING UP CONVECTIVE FLUX EXPRESSION IN Y DIRECTION USING CENTRAL
SETTING UP CONVECTIVE FLUX EXPRESSION IN Z DIRECTION USING CENTRAL
Setting initial conditions for scalability test equation: scalability79
SETTING UP CONVECTIVE FLUX EXPRESSION IN X DIRECTION USING CENTRAL
SETTING UP CONVECTIVE FLUX EXPRESSION IN Y DIRECTION USING CENTRAL
SETTING UP CONVECTIVE FLUX EXPRESSION IN Z DIRECTION USING CENTRAL
Setting initial conditions for scalability test equation: scalability80
SETTING UP CONVECTIVE FLUX EXPRESSION IN X DIRECTION USING CENTRAL
SETTING UP CONVECTIVE FLUX EXPRESSION IN Y DIRECTION USING CENTRAL
SETTING UP CONVECTIVE FLUX EXPRESSION IN Z DIRECTION USING CENTRAL
Setting initial conditions for scalability test equation: scalability81
SETTING UP CONVECTIVE FLUX EXPRESSION IN X DIRECTION USING CENTRAL
SETTING UP CONVECTIVE FLUX EXPRESSION IN Y DIRECTION USING CENTRAL
SETTING UP CONVECTIVE FLUX EXPRESSION IN Z DIRECTION USING CENTRAL
Setting initial conditions for scalability test equation: scalability82
SETTING UP CONVECTIVE FLUX EXPRESSION IN X DIRECTION USING CENTRAL
SETTING UP CONVECTIVE FLUX EXPRESSION IN Y DIRECTION USING CENTRAL
SETTING UP CONVECTIVE FLUX EXPRESSION IN Z DIRECTION USING CENTRAL
Setting initial conditions for scalability test equation: scalability83
SETTING UP CONVECTIVE FLUX EXPRESSION IN X DIRECTION USING CENTRAL
SETTING UP CONVECTIVE FLUX EXPRESSION IN Y DIRECTION USING CENTRAL
SETTING UP CONVECTIVE FLUX EXPRESSION IN Z DIRECTION USING CENTRAL
Setting initial conditions for scalability test equation: scalability84
SETTING UP CONVECTIVE FLUX EXPRESSION IN X DIRECTION USING CENTRAL
SETTING UP CONVECTIVE FLUX EXPRESSION IN Y DIRECTION USING CENTRAL
SETTING UP CONVECTIVE FLUX EXPRESSION IN Z DIRECTION USING CENTRAL
Setting initial conditions for scalability test equation: scalability85
SETTING UP CONVECTIVE FLUX EXPRESSION IN X DIRECTION USING CENTRAL
SETTING UP CONVECTIVE FLUX EXPRESSION IN Y DIRECTION USING CENTRAL
SETTING UP CONVECTIVE FLUX EXPRESSION IN Z DIRECTION USING CENTRAL
Setting initial conditions for scalability test equation: scalability86
SETTING UP CONVECTIVE FLUX EXPRESSION IN X DIRECTION USING CENTRAL
SETTING UP CONVECTIVE FLUX EXPRESSION IN Y DIRECTION USING CENTRAL
SETTING UP CONVECTIVE FLUX EXPRESSION IN Z DIRECTION USING CENTRAL
Setting initial conditions for scalability test equation: scalability87
SETTING UP CONVECTIVE FLUX EXPRESSION IN X DIRECTION USING CENTRAL
SETTING UP CONVECTIVE FLUX EXPRESSION IN Y DIRECTION USING CENTRAL
SETTING UP CONVECTIVE FLUX EXPRESSION IN Z DIRECTION USING CENTRAL
Setting initial conditions for scalability test equation: scalability88
SETTING UP CONVECTIVE FLUX EXPRESSION IN X DIRECTION USING CENTRAL
SETTING UP CONVECTIVE FLUX EXPRESSION IN Y DIRECTION USING CENTRAL
SETTING UP CONVECTIVE FLUX EXPRESSION IN Z DIRECTION USING CENTRAL
Setting initial conditions for scalability test equation: scalability89
SETTING UP CONVECTIVE FLUX EXPRESSION IN X DIRECTION USING CENTRAL
SETTING UP CONVECTIVE FLUX EXPRESSION IN Y DIRECTION USING CENTRAL
SETTING UP CONVECTIVE FLUX EXPRESSION IN Z DIRECTION USING CENTRAL
Setting initial conditions for scalability test equation: scalability90
SETTING UP CONVECTIVE FLUX EXPRESSION IN X DIRECTION USING CENTRAL
SETTING UP CONVECTIVE FLUX EXPRESSION IN Y DIRECTION USING CENTRAL
SETTING UP CONVECTIVE FLUX EXPRESSION IN Z DIRECTION USING CENTRAL
Setting initial conditions for scalability test equation: scalability91
SETTING UP CONVECTIVE FLUX EXPRESSION IN X DIRECTION USING CENTRAL
SETTING UP CONVECTIVE FLUX EXPRESSION IN Y DIRECTION USING CENTRAL
SETTING UP CONVECTIVE FLUX EXPRESSION IN Z DIRECTION USING CENTRAL
Setting initial conditions for scalability test equation: scalability92
SETTING UP CONVECTIVE FLUX EXPRESSION IN X DIRECTION USING CENTRAL
SETTING UP CONVECTIVE FLUX EXPRESSION IN Y DIRECTION USING CENTRAL
SETTING UP CONVECTIVE FLUX EXPRESSION IN Z DIRECTION USING CENTRAL
Setting initial conditions for scalability test equation: scalability93
SETTING UP CONVECTIVE FLUX EXPRESSION IN X DIRECTION USING CENTRAL
SETTING UP CONVECTIVE FLUX EXPRESSION IN Y DIRECTION USING CENTRAL
SETTING UP CONVECTIVE FLUX EXPRESSION IN Z DIRECTION USING CENTRAL
Setting initial conditions for scalability test equation: scalability94
SETTING UP CONVECTIVE FLUX EXPRESSION IN X DIRECTION USING CENTRAL
SETTING UP CONVECTIVE FLUX EXPRESSION IN Y DIRECTION USING CENTRAL
SETTING UP CONVECTIVE FLUX EXPRESSION IN Z DIRECTION USING CENTRAL
Setting initial conditions for scalability test equation: scalability95
SETTING UP CONVECTIVE FLUX EXPRESSION IN X DIRECTION USING CENTRAL
SETTING UP CONVECTIVE FLUX EXPRESSION IN Y DIRECTION USING CENTRAL
SETTING UP CONVECTIVE FLUX EXPRESSION IN Z DIRECTION USING CENTRAL
Setting initial conditions for scalability test equation: scalability96
SETTING UP CONVECTIVE FLUX EXPRESSION IN X DIRECTION USING CENTRAL
SETTING UP CONVECTIVE FLUX EXPRESSION IN Y DIRECTION USING CENTRAL
SETTING UP CONVECTIVE FLUX EXPRESSION IN Z DIRECTION USING CENTRAL
Setting initial conditions for scalability test equation: scalability97
SETTING UP CONVECTIVE FLUX EXPRESSION IN X DIRECTION USING CENTRAL
SETTING UP CONVECTIVE FLUX EXPRESSION IN Y DIRECTION USING CENTRAL
SETTING UP CONVECTIVE FLUX EXPRESSION IN Z DIRECTION USING CENTRAL
Setting initial conditions for scalability test equation: scalability98
SETTING UP CONVECTIVE FLUX EXPRESSION IN X DIRECTION USING CENTRAL
SETTING UP CONVECTIVE FLUX EXPRESSION IN Y DIRECTION USING CENTRAL
SETTING UP CONVECTIVE FLUX EXPRESSION IN Z DIRECTION USING CENTRAL
Setting initial conditions for scalability test equation: scalability99
------------------------------------------------
No BoundaryConditions specified
  This message will only occur once

Compiling initialization taskgraph.
------------------------------------------------
SETTING INITIAL BOUNDARY CONDITIONS:
------------------------------------------------
Setting Initial BCs for transport equation 'scalability0'
Setting Initial BCs for transport equation 'scalability1'
Setting Initial BCs for transport equation 'scalability2'
Setting Initial BCs for transport equation 'scalability3'
Setting Initial BCs for transport equation 'scalability4'
Setting Initial BCs for transport equation 'scalability5'
Setting Initial BCs for transport equation 'scalability6'
Setting Initial BCs for transport equation 'scalability7'
Setting Initial BCs for transport equation 'scalability8'
Setting Initial BCs for transport equation 'scalability9'
Setting Initial BCs for transport equation 'scalability10'
Setting Initial BCs for transport equation 'scalability11'
Setting Initial BCs for transport equation 'scalability12'
Setting Initial BCs for transport equation 'scalability13'
Setting Initial BCs for transport equation 'scalability14'
Setting Initial BCs for transport equation 'scalability15'
Setting Initial BCs for transport equation 'scalability16'
Setting Initial BCs for transport equation 'scalability17'
Setting Initial BCs for transport equation 'scalability18'
Setting Initial BCs for transport equation 'scalability19'
Setting Initial BCs for transport equation 'scalability20'
Setting Initial BCs for transport equation 'scalability21'
Setting Initial BCs for transport equation 'scalability22'
Setting Initial BCs for transport equation 'scalability23'
Setting Initial BCs for transport equation 'scalability24'
Setting Initial BCs for transport equation 'scalability25'
Setting Initial BCs for transport equation 'scalability26'
Setting Initial BCs for transport equation 'scalability27'
Setting Initial BCs for transport equation 'scalability28'
Setting Initial BCs for transport equation 'scalability29'
Setting Initial BCs for transport equation 'scalability30'
Setting Initial BCs for transport equation 'scalability31'
Setting Initial BCs for transport equation 'scalability32'
Setting Initial BCs for transport equation 'scalability33'
Setting Initial BCs for transport equation 'scalability34'
Setting Initial BCs for transport equation 'scalability35'
Setting Initial BCs for transport equation 'scalability36'
Setting Initial BCs for transport equation 'scalability37'
Setting Initial BCs for transport equation 'scalability38'
Setting Initial BCs for transport equation 'scalability39'
Setting Initial BCs for transport equation 'scalability40'
Setting Initial BCs for transport equation 'scalability41'
Setting Initial BCs for transport equation 'scalability42'
Setting Initial BCs for transport equation 'scalability43'
Setting Initial BCs for transport equation 'scalability44'
Setting Initial BCs for transport equation 'scalability45'
Setting Initial BCs for transport equation 'scalability46'
Setting Initial BCs for transport equation 'scalability47'
Setting Initial BCs for transport equation 'scalability48'
Setting Initial BCs for transport equation 'scalability49'
Setting Initial BCs for transport equation 'scalability50'
Setting Initial BCs for transport equation 'scalability51'
Setting Initial BCs for transport equation 'scalability52'
Setting Initial BCs for transport equation 'scalability53'
Setting Initial BCs for transport equation 'scalability54'
Setting Initial BCs for transport equation 'scalability55'
Setting Initial BCs for transport equation 'scalability56'
Setting Initial BCs for transport equation 'scalability57'
Setting Initial BCs for transport equation 'scalability58'
Setting Initial BCs for transport equation 'scalability59'
Setting Initial BCs for transport equation 'scalability60'
Setting Initial BCs for transport equation 'scalability61'
Setting Initial BCs for transport equation 'scalability62'
Setting Initial BCs for transport equation 'scalability63'
Setting Initial BCs for transport equation 'scalability64'
Setting Initial BCs for transport equation 'scalability65'
Setting Initial BCs for transport equation 'scalability66'
Setting Initial BCs for transport equation 'scalability67'
Setting Initial BCs for transport equation 'scalability68'
Setting Initial BCs for transport equation 'scalability69'
Setting Initial BCs for transport equation 'scalability70'
Setting Initial BCs for transport equation 'scalability71'
Setting Initial BCs for transport equation 'scalability72'
Setting Initial BCs for transport equation 'scalability73'
Setting Initial BCs for transport equation 'scalability74'
Setting Initial BCs for transport equation 'scalability75'
Setting Initial BCs for transport equation 'scalability76'
Setting Initial BCs for transport equation 'scalability77'
Setting Initial BCs for transport equation 'scalability78'
Setting Initial BCs for transport equation 'scalability79'
Setting Initial BCs for transport equation 'scalability80'
Setting Initial BCs for transport equation 'scalability81'
Setting Initial BCs for transport equation 'scalability82'
Setting Initial BCs for transport equation 'scalability83'
Setting Initial BCs for transport equation 'scalability84'
Setting Initial BCs for transport equation 'scalability85'
Setting Initial BCs for transport equation 'scalability86'
Setting Initial BCs for transport equation 'scalability87'
Setting Initial BCs for transport equation 'scalability88'
Setting Initial BCs for transport equation 'scalability89'
Setting Initial BCs for transport equation 'scalability90'
Setting Initial BCs for transport equation 'scalability91'
Setting Initial BCs for transport equation 'scalability92'
Setting Initial BCs for transport equation 'scalability93'
Setting Initial BCs for transport equation 'scalability94'
Setting Initial BCs for transport equation 'scalability95'
Setting Initial BCs for transport equation 'scalability96'
Setting Initial BCs for transport equation 'scalability97'
Setting Initial BCs for transport equation 'scalability98'
Setting Initial BCs for transport equation 'scalability99'
------------------------------------------------
Wasatch: done creating initialization task(s)
Scheduling Task 'compute timestep' COMPUTES 'delT' in NEW data warehouse
Wasatch: done creating timestep task(s)
Done with taskgraph compile (0.000265949 seconds)
Warning: addContribution not implemented for LoadBalancerCommon.
WARNING at time step 0 and sim time 0 : lowering the next delT from 1 to the maximum: 1e-05

________________________________________________________________________________
--------------------------------------------------------------------------------
MPIStats:+
--------------------------------------------------------------------------------
                Name:       Total:         Avg:         Min:         Max:    Max rank: Hist %% [  Q1 |  Q2 |  Q3 |  Q4 ]:  %%Load Imbalance
         Count: Gath:           32            2            2            2            0           100.0   0.0   0.0   0.0     0.0
         Count: Redu:           16            1            1            1            0           100.0   0.0   0.0   0.0     0.0
          Time: Gath:        91 ms      5.69 ms      2.23 ms      6.61 ms           15            12.5   6.2   6.2  75.0    14.0
          Time: Redu:     0.294 s       18.4 ms     0.287 ms      25.9 ms            0            12.5   0.0  31.2  56.2    29.0
Volume Recv TOTAL   :      10.1 KB        649 B        649 B        649 B            0           100.0   0.0   0.0   0.0     0.0
Volume Recv0: <= 64B:           16            1            1            1            0           100.0   0.0   0.0   0.0     0.0
Volume Recv1: <= 4KB:           32            2            2            2            0           100.0   0.0   0.0   0.0     0.0
Volume Send TOTAL   :      4.52 KB        289 B        289 B        289 B            0           100.0   0.0   0.0   0.0     0.0
Volume Send0: <= 64B:           32            2            2            2            0           100.0   0.0   0.0   0.0     0.0
Volume Send1: <= 4KB:           16            1            1            1            0           100.0   0.0   0.0   0.0     0.0


Simulation and run time stats are reported at the end of each time step
EMA == Wall time as an exponential moving average using a window of the last 10 time steps
Timestep 0       Time=0           Next delT=1e-05       Wall Time=0.217924  EMA=0.207945    Memory Used=155.81 MBs (avg) 156.26 MBs (max on rank: 4     )
Warning: finalizeContributions not implemented for LoadBalancerCommon.
Warning: resetCostForecaster not implemented for LoadBalancerCommon.
Compiling taskgraph(s)...
------------------------------------------------
SETTING BOUNDARY CONDITIONS:
------------------------------------------------
Setting BCs for transport equation 'scalability0'
Setting BCs for transport equation 'scalability1'
Setting BCs for transport equation 'scalability2'
Setting BCs for transport equation 'scalability3'
Setting BCs for transport equation 'scalability4'
Setting BCs for transport equation 'scalability5'
Setting BCs for transport equation 'scalability6'
Setting BCs for transport equation 'scalability7'
Setting BCs for transport equation 'scalability8'
Setting BCs for transport equation 'scalability9'
Setting BCs for transport equation 'scalability10'
Setting BCs for transport equation 'scalability11'
Setting BCs for transport equation 'scalability12'
Setting BCs for transport equation 'scalability13'
Setting BCs for transport equation 'scalability14'
Setting BCs for transport equation 'scalability15'
Setting BCs for transport equation 'scalability16'
Setting BCs for transport equation 'scalability17'
Setting BCs for transport equation 'scalability18'
Setting BCs for transport equation 'scalability19'
Setting BCs for transport equation 'scalability20'
Setting BCs for transport equation 'scalability21'
Setting BCs for transport equation 'scalability22'
Setting BCs for transport equation 'scalability23'
Setting BCs for transport equation 'scalability24'
Setting BCs for transport equation 'scalability25'
Setting BCs for transport equation 'scalability26'
Setting BCs for transport equation 'scalability27'
Setting BCs for transport equation 'scalability28'
Setting BCs for transport equation 'scalability29'
Setting BCs for transport equation 'scalability30'
Setting BCs for transport equation 'scalability31'
Setting BCs for transport equation 'scalability32'
Setting BCs for transport equation 'scalability33'
Setting BCs for transport equation 'scalability34'
Setting BCs for transport equation 'scalability35'
Setting BCs for transport equation 'scalability36'
Setting BCs for transport equation 'scalability37'
Setting BCs for transport equation 'scalability38'
Setting BCs for transport equation 'scalability39'
Setting BCs for transport equation 'scalability40'
Setting BCs for transport equation 'scalability41'
Setting BCs for transport equation 'scalability42'
Setting BCs for transport equation 'scalability43'
Setting BCs for transport equation 'scalability44'
Setting BCs for transport equation 'scalability45'
Setting BCs for transport equation 'scalability46'
Setting BCs for transport equation 'scalability47'
Setting BCs for transport equation 'scalability48'
Setting BCs for transport equation 'scalability49'
Setting BCs for transport equation 'scalability50'
Setting BCs for transport equation 'scalability51'
Setting BCs for transport equation 'scalability52'
Setting BCs for transport equation 'scalability53'
Setting BCs for transport equation 'scalability54'
Setting BCs for transport equation 'scalability55'
Setting BCs for transport equation 'scalability56'
Setting BCs for transport equation 'scalability57'
Setting BCs for transport equation 'scalability58'
Setting BCs for transport equation 'scalability59'
Setting BCs for transport equation 'scalability60'
Setting BCs for transport equation 'scalability61'
Setting BCs for transport equation 'scalability62'
Setting BCs for transport equation 'scalability63'
Setting BCs for transport equation 'scalability64'
Setting BCs for transport equation 'scalability65'
Setting BCs for transport equation 'scalability66'
Setting BCs for transport equation 'scalability67'
Setting BCs for transport equation 'scalability68'
Setting BCs for transport equation 'scalability69'
Setting BCs for transport equation 'scalability70'
Setting BCs for transport equation 'scalability71'
Setting BCs for transport equation 'scalability72'
Setting BCs for transport equation 'scalability73'
Setting BCs for transport equation 'scalability74'
Setting BCs for transport equation 'scalability75'
Setting BCs for transport equation 'scalability76'
Setting BCs for transport equation 'scalability77'
Setting BCs for transport equation 'scalability78'
Setting BCs for transport equation 'scalability79'
Setting BCs for transport equation 'scalability80'
Setting BCs for transport equation 'scalability81'
Setting BCs for transport equation 'scalability82'
Setting BCs for transport equation 'scalability83'
Setting BCs for transport equation 'scalability84'
Setting BCs for transport equation 'scalability85'
Setting BCs for transport equation 'scalability86'
Setting BCs for transport equation 'scalability87'
Setting BCs for transport equation 'scalability88'
Setting BCs for transport equation 'scalability89'
Setting BCs for transport equation 'scalability90'
Setting BCs for transport equation 'scalability91'
Setting BCs for transport equation 'scalability92'
Setting BCs for transport equation 'scalability93'
Setting BCs for transport equation 'scalability94'
Setting BCs for transport equation 'scalability95'
Setting BCs for transport equation 'scalability96'
Setting BCs for transport equation 'scalability97'
Setting BCs for transport equation 'scalability98'
Setting BCs for transport equation 'scalability99'
------------------------------------------------
Wasatch: done creating solution task(s)
Wasatch: done creating post-processing task(s)
Scheduling Task 'compute timestep' COMPUTES 'delT' in NEW data warehouse
Wasatch: done creating timestep task(s)
Done with taskgraph compile (0.143731 seconds)

________________________________________________________________________________
--------------------------------------------------------------------------------
MPIStats:+
--------------------------------------------------------------------------------
                Name:       Total:         Avg:         Min:         Max:    Max rank: Hist %% [  Q1 |  Q2 |  Q3 |  Q4 ]:  %%Load Imbalance
         Count: Recv:          176           11           11           11            0           100.0   0.0   0.0   0.0     0.0
         Count: Redu:          128            8            8            8            0           100.0   0.0   0.0   0.0     0.0
         Count: Send:          176           11           11           11            0           100.0   0.0   0.0   0.0     0.0
         Count: Test:          241         15.1            9           21           15            12.5  31.2  25.0  31.2    28.3
         Count: Wait:          256           16           16           16            0           100.0   0.0   0.0   0.0     0.0
          Time: Recv:      1.17 ms    0.0728 ms     0.059 ms    0.0993 ms           12            31.2  50.0  12.5   6.2    26.7
          Time: Redu:        10 ms     0.627 ms     0.261 ms      1.23 ms            1            43.8  25.0  25.0   6.2    49.0
          Time: Send:      18.8 ms      1.17 ms     0.764 ms      2.14 ms            9            62.5  12.5  18.8   6.2    45.2
          Time: Test:     0.921 ms    0.0576 ms    0.0219 ms     0.385 ms            2            93.8   0.0   0.0   6.2    85.1
          Time: Wait:      71.1 ms      4.44 ms      4.05 ms      4.65 ms            7             6.2  12.5  43.8  37.5     4.5
Volume Recv TOTAL   :      79.8 MB      4.99 MB      4.99 MB      4.99 MB            0            93.8   0.0   0.0   6.2     0.0
Volume Recv0: <= 64B:           17         1.06            1            2            0            93.8   0.0   0.0   6.2    46.9
Volume Recv1: <= 4KB:           53         3.31            3            8            0            93.8   0.0   0.0   6.2    58.6
Volume Recv2: <= 2MB:          144            9            9            9            0           100.0   0.0   0.0   0.0     0.0
Volume Send TOTAL   :      79.8 MB      4.99 MB      4.99 MB      4.99 MB            0           100.0   0.0   0.0   0.0     0.0
Volume Send0: <= 64B:           32            2            2            2            0           100.0   0.0   0.0   0.0     0.0
Volume Send1: <= 4KB:          128            8            8            8            0           100.0   0.0   0.0   0.0     0.0
Volume Send2: <= 2MB:          144            9            9            9            0           100.0   0.0   0.0   0.0     0.0

Timestep 1       Time=1e-05       Next delT=1e-05       Wall Time=0.644383  EMA=0.426409    Memory Used=246.14 MBs (avg) 246.42 MBs (max on rank: 10    )
Runtime Summary  summary stats for time step 1 at time=1e-05
  Description       Units       Minimum           Rank   Average (16)      Std. Dev.         Maximum           Rank   100*(1-ave/max) '% load imbalance'
  Compilation       [seconds] : 0.135939        : 1    : 0.138331        : 0.00171211      : 0.143731        : 0    : 3.75689
  TaskExec          [seconds] : 0.259701        : 0    : 0.265895        : 0.00201554      : 0.268564        : 1    : 0.994045
  TaskLocalComm     [seconds] : 0.0257541       : 12   : 0.0266214       : 0.000586317     : 0.0276603       : 7    : 3.75607
  TaskWaitCommTime  [seconds] : 0.00990919      : 12   : 0.0108383       : 0.000403084     : 0.0115439       : 14   : 6.11292
  NumberOfTasks     [tasks  ] : 6               : 0    : 6               : 0               : 6               : 0    : 0
  NumberOfPatches   [patches] : 1               : 0    : 1               : 0               : 1               : 0    : 0
  NumberOfCells     [cells  ] : 32768           : 0    : 32768           : 0               : 32768           : 0    : 0
  SCIMemoryUsed     [MBytes ] : 2.45748e+08     : 6    : 2.46143e+08     : 150897          : 2.46419e+08     : 10   : 0.112199
  SCIMemoryMaxUsed  [MBytes ] : 2.45748e+08     : 6    : 2.46143e+08     : 150897          : 2.46419e+08     : 10   : 0.112199
  MemoryUsed        [MBytes ] : 8.52623e+08     : 13   : 8.60459e+08     : 6.33058e+06     : 8.74177e+08     : 3    : 1.56919
  MemoryResident    [MBytes ] : 2.45748e+08     : 6    : 2.46143e+08     : 150897          : 2.46419e+08     : 10   : 0.112199
  Percentage of time spent in overhead : 31.319

________________________________________________________________________________
--------------------------------------------------------------------------------
MPIStats:+
--------------------------------------------------------------------------------
                Name:       Total:         Avg:         Min:         Max:    Max rank: Hist %% [  Q1 |  Q2 |  Q3 |  Q4 ]:  %%Load Imbalance
         Count: Recv:          176           11           11           11            0           100.0   0.0   0.0   0.0     0.0
         Count: Redu:          128            8            8            8            0           100.0   0.0   0.0   0.0     0.0
         Count: Send:          176           11           11           11            0           100.0   0.0   0.0   0.0     0.0
         Count: Test:          240           15            9           21           15            12.5  31.2  31.2  25.0    28.6
         Count: Wait:          256           16           16           16            0           100.0   0.0   0.0   0.0     0.0
          Time: Recv:     0.723 ms    0.0452 ms    0.0345 ms    0.0571 ms            8            18.8  31.2  37.5  12.5    20.8
          Time: Redu:      62.1 ms      3.88 ms     0.247 ms      7.37 ms           15            31.2  18.8  18.8  31.2    47.3
          Time: Send:      32.3 ms      2.02 ms      1.63 ms      2.54 ms            1            25.0  37.5  25.0  12.5    20.3
          Time: Test:     0.363 ms    0.0227 ms   9.6e+03 ns    0.0411 ms           13             6.2  75.0   0.0  18.8    44.8
          Time: Wait:      52.9 ms       3.3 ms      2.79 ms      3.79 ms            3            25.0  31.2  12.5  31.2    12.8
Volume Recv TOTAL   :      79.8 MB      4.99 MB      4.99 MB      4.99 MB            0            93.8   0.0   0.0   6.2     0.0
Volume Recv0: <= 64B:           17         1.06            1            2            0            93.8   0.0   0.0   6.2    46.9
Volume Recv1: <= 4KB:           53         3.31            3            8            0            93.8   0.0   0.0   6.2    58.6
Volume Recv2: <= 2MB:          144            9            9            9            0           100.0   0.0   0.0   0.0     0.0
Volume Send TOTAL   :      79.8 MB      4.99 MB      4.99 MB      4.99 MB            0           100.0   0.0   0.0   0.0     0.0
Volume Send0: <= 64B:           32            2            2            2            0           100.0   0.0   0.0   0.0     0.0
Volume Send1: <= 4KB:          128            8            8            8            0           100.0   0.0   0.0   0.0     0.0
Volume Send2: <= 2MB:          144            9            9            9            0           100.0   0.0   0.0   0.0     0.0

Timestep 2       Time=2e-05       Next delT=1e-05       Wall Time=0.875592  EMA=0.296276    Memory Used=250.12 MBs (avg) 250.76 MBs (max on rank: 10    )
Runtime Summary  summary stats for time step 2 at time=2e-05
  Description       Units       Minimum           Rank   Average (16)      Std. Dev.         Maximum           Rank   100*(1-ave/max) '% load imbalance'
  TaskExec          [seconds] : 0.211876        : 0    : 0.212577        : 0.000413729     : 0.213281        : 11   : 0.330047
  TaskLocalComm     [seconds] : 0.0237235       : 14   : 0.024573        : 0.000580139     : 0.025867        : 1    : 5.00261
  TaskWaitCommTime  [seconds] : 0.00928998      : 1    : 0.0101972       : 0.000358834     : 0.0107427       : 14   : 5.07745
  NumberOfTasks     [tasks  ] : 6               : 0    : 6               : 0               : 6               : 0    : 0
  NumberOfPatches   [patches] : 1               : 0    : 1               : 0               : 1               : 0    : 0
  NumberOfCells     [cells  ] : 32768           : 0    : 32768           : 0               : 32768           : 0    : 0
  SCIMemoryUsed     [MBytes ] : 2.49553e+08     : 1    : 2.50116e+08     : 289789          : 2.50761e+08     : 10   : 0.257367
  SCIMemoryMaxUsed  [MBytes ] : 2.49553e+08     : 1    : 2.50116e+08     : 289789          : 2.50761e+08     : 10   : 0.257367
  MemoryUsed        [MBytes ] : 8.56396e+08     : 13   : 8.64439e+08     : 6.32532e+06     : 8.78264e+08     : 3    : 1.57413
  MemoryResident    [MBytes ] : 2.49553e+08     : 1    : 2.50116e+08     : 289789          : 2.50761e+08     : 10   : 0.257367
  Percentage of time spent in overhead : 15.6594

________________________________________________________________________________
--------------------------------------------------------------------------------
MPIStats:+
--------------------------------------------------------------------------------
                Name:       Total:         Avg:         Min:         Max:    Max rank: Hist %% [  Q1 |  Q2 |  Q3 |  Q4 ]:  %%Load Imbalance
         Count: Recv:          176           11           11           11            0           100.0   0.0   0.0   0.0     0.0
         Count: Redu:          128            8            8            8            0           100.0   0.0   0.0   0.0     0.0
         Count: Send:          176           11           11           11            0           100.0   0.0   0.0   0.0     0.0
         Count: Test:          240           15            9           21           15            12.5  31.2  31.2  25.0    28.6
         Count: Wait:          256           16           16           16            0           100.0   0.0   0.0   0.0     0.0
          Time: Recv:     0.661 ms    0.0413 ms    0.0303 ms    0.0518 ms            3            25.0  25.0  31.2  18.8    20.2
          Time: Redu:      61.9 ms      3.87 ms    0.0798 ms      7.84 ms           13            37.5  12.5  25.0  25.0    50.7
          Time: Send:      18.6 ms      1.16 ms      0.45 ms      2.34 ms            3            56.2   6.2  25.0  12.5    50.5
          Time: Test:      0.34 ms    0.0212 ms    0.0103 ms    0.0391 ms           10            18.8  62.5  12.5   6.2    45.7
          Time: Wait:      48.3 ms      3.02 ms      2.39 ms      3.35 ms            7             6.2   6.2  56.2  31.2     9.8
Volume Recv TOTAL   :      79.8 MB      4.99 MB      4.99 MB      4.99 MB            0            93.8   0.0   0.0   6.2     0.0
Volume Recv0: <= 64B:           17         1.06            1            2            0            93.8   0.0   0.0   6.2    46.9
Volume Recv1: <= 4KB:           53         3.31            3            8            0            93.8   0.0   0.0   6.2    58.6
Volume Recv2: <= 2MB:          144            9            9            9            0           100.0   0.0   0.0   0.0     0.0
Volume Send TOTAL   :      79.8 MB      4.99 MB      4.99 MB      4.99 MB            0           100.0   0.0   0.0   0.0     0.0
Volume Send0: <= 64B:           32            2            2            2            0           100.0   0.0   0.0   0.0     0.0
Volume Send1: <= 4KB:          128            8            8            8            0           100.0   0.0   0.0   0.0     0.0
Volume Send2: <= 2MB:          144            9            9            9            0           100.0   0.0   0.0   0.0     0.0

Timestep 3       Time=3e-05       Next delT=1e-05       Wall Time=1.10761   EMA=0.264149    Memory Used=250.97 MBs (avg) 252.17 MBs (max on rank: 7     )
Runtime Summary  summary stats for time step 3 at time=3e-05
  Description       Units       Minimum           Rank   Average (16)      Std. Dev.         Maximum           Rank   100*(1-ave/max) '% load imbalance'
  TaskExec          [seconds] : 0.212282        : 12   : 0.213203        : 0.000464382     : 0.213946        : 10   : 0.346946
  TaskLocalComm     [seconds] : 0.0240141       : 8    : 0.0248396       : 0.000716323     : 0.026509        : 3    : 6.29763
  TaskWaitCommTime  [seconds] : 0.0091583       : 3    : 0.0100725       : 0.000368135     : 0.0107324       : 12   : 6.14827
  NumberOfTasks     [tasks  ] : 6               : 0    : 6               : 0               : 6               : 0    : 0
  NumberOfPatches   [patches] : 1               : 0    : 1               : 0               : 1               : 0    : 0
  NumberOfCells     [cells  ] : 32768           : 0    : 32768           : 0               : 32768           : 0    : 0
  SCIMemoryUsed     [MBytes ] : 2.50089e+08     : 12   : 2.50973e+08     : 557285          : 2.52174e+08     : 7    : 0.476521
  SCIMemoryMaxUsed  [MBytes ] : 2.50089e+08     : 12   : 2.50973e+08     : 557285          : 2.52174e+08     : 7    : 0.476521
  MemoryUsed        [MBytes ] : 8.57072e+08     : 9    : 8.65163e+08     : 6.21189e+06     : 8.78264e+08     : 3    : 1.4917
  MemoryResident    [MBytes ] : 2.50089e+08     : 12   : 2.50973e+08     : 557285          : 2.52174e+08     : 7    : 0.476521
  Percentage of time spent in overhead : 10.4388

________________________________________________________________________________
--------------------------------------------------------------------------------
MPIStats:+
--------------------------------------------------------------------------------
                Name:       Total:         Avg:         Min:         Max:    Max rank: Hist %% [  Q1 |  Q2 |  Q3 |  Q4 ]:  %%Load Imbalance
         Count: Recv:          176           11           11           11            0           100.0   0.0   0.0   0.0     0.0
         Count: Redu:          128            8            8            8            0           100.0   0.0   0.0   0.0     0.0
         Count: Send:          176           11           11           11            0           100.0   0.0   0.0   0.0     0.0
         Count: Test:          240           15            9           21           15            12.5  31.2  31.2  25.0    28.6
         Count: Wait:          256           16           16           16            0           100.0   0.0   0.0   0.0     0.0
          Time: Recv:     0.686 ms    0.0429 ms    0.0317 ms    0.0535 ms           12            37.5   6.2  25.0  31.2    19.9
          Time: Redu:      70.9 ms      4.43 ms     0.234 ms      7.81 ms           15            18.8  25.0  18.8  37.5    43.3
          Time: Send:      13.2 ms     0.828 ms     0.496 ms      1.18 ms            1            31.2  25.0  25.0  18.8    29.6
          Time: Test:     0.336 ms     0.021 ms    0.0102 ms    0.0303 ms           15             6.2  43.8  31.2  18.8    30.8
          Time: Wait:      48.9 ms      3.06 ms      2.63 ms      3.52 ms            0            12.5  37.5  37.5  12.5    13.2
Volume Recv TOTAL   :      79.8 MB      4.99 MB      4.99 MB      4.99 MB            0            93.8   0.0   0.0   6.2     0.0
Volume Recv0: <= 64B:           17         1.06            1            2            0            93.8   0.0   0.0   6.2    46.9
Volume Recv1: <= 4KB:           53         3.31            3            8            0            93.8   0.0   0.0   6.2    58.6
Volume Recv2: <= 2MB:          144            9            9            9            0           100.0   0.0   0.0   0.0     0.0
Volume Send TOTAL   :      79.8 MB      4.99 MB      4.99 MB      4.99 MB            0           100.0   0.0   0.0   0.0     0.0
Volume Send0: <= 64B:           32            2            2            2            0           100.0   0.0   0.0   0.0     0.0
Volume Send1: <= 4KB:          128            8            8            8            0           100.0   0.0   0.0   0.0     0.0
Volume Send2: <= 2MB:          144            9            9            9            0           100.0   0.0   0.0   0.0     0.0

Timestep 4       Time=4e-05       Next delT=1e-05       Wall Time=1.33994   EMA=0.251422    Memory Used=251.43 MBs (avg) 252.72 MBs (max on rank: 7     )
Runtime Summary  summary stats for time step 4 at time=4e-05
  Description       Units       Minimum           Rank   Average (16)      Std. Dev.         Maximum           Rank   100*(1-ave/max) '% load imbalance'
  TaskExec          [seconds] : 0.212091        : 8    : 0.213168        : 0.000521788     : 0.21402         : 7    : 0.398189
  TaskLocalComm     [seconds] : 0.0241664       : 15   : 0.0250496       : 0.00053031      : 0.0260673       : 3    : 3.90393
  TaskWaitCommTime  [seconds] : 0.00920792      : 3    : 0.0102485       : 0.000407284     : 0.0109227       : 8    : 6.17281
  NumberOfTasks     [tasks  ] : 6               : 0    : 6               : 0               : 6               : 0    : 0
  NumberOfPatches   [patches] : 1               : 0    : 1               : 0               : 1               : 0    : 0
  NumberOfCells     [cells  ] : 32768           : 0    : 32768           : 0               : 32768           : 0    : 0
  SCIMemoryUsed     [MBytes ] : 2.50794e+08     : 3    : 2.51426e+08     : 529771          : 2.52715e+08     : 7    : 0.510045
  SCIMemoryMaxUsed  [MBytes ] : 2.50794e+08     : 3    : 2.51426e+08     : 529771          : 2.52715e+08     : 7    : 0.510045
  MemoryUsed        [MBytes ] : 8.57387e+08     : 9    : 8.65556e+08     : 6.23338e+06     : 8.7858e+08      : 3    : 1.48233
  MemoryResident    [MBytes ] : 2.50794e+08     : 3    : 2.51426e+08     : 529771          : 2.52715e+08     : 7    : 0.510045
  Percentage of time spent in overhead : 7.82754

________________________________________________________________________________
--------------------------------------------------------------------------------
MPIStats:+
--------------------------------------------------------------------------------
                Name:       Total:         Avg:         Min:         Max:    Max rank: Hist %% [  Q1 |  Q2 |  Q3 |  Q4 ]:  %%Load Imbalance
         Count: Recv:          176           11           11           11            0           100.0   0.0   0.0   0.0     0.0
         Count: Redu:          128            8            8            8            0           100.0   0.0   0.0   0.0     0.0
         Count: Send:          176           11           11           11            0           100.0   0.0   0.0   0.0     0.0
         Count: Test:          241         15.1            9           22           15            25.0  31.2  31.2  12.5    31.5
         Count: Wait:          256           16           16           16            0           100.0   0.0   0.0   0.0     0.0
          Time: Recv:     0.658 ms    0.0411 ms    0.0293 ms    0.0558 ms            8            18.8  50.0   6.2  25.0    26.3
          Time: Redu:      58.6 ms      3.66 ms     0.269 ms      6.88 ms           15            31.2  18.8  18.8  31.2    46.8
          Time: Send:      12.7 ms     0.794 ms     0.563 ms     0.998 ms            3            18.8  18.8  43.8  18.8    20.5
          Time: Test:     0.344 ms    0.0215 ms    0.0105 ms    0.0379 ms           15            12.5  68.8   6.2  12.5    43.2
          Time: Wait:      47.7 ms      2.98 ms      2.69 ms       3.2 ms            0            12.5  25.0  37.5  25.0     6.6
Volume Recv TOTAL   :      79.8 MB      4.99 MB      4.99 MB      4.99 MB            0            93.8   0.0   0.0   6.2     0.0
Volume Recv0: <= 64B:           17         1.06            1            2            0            93.8   0.0   0.0   6.2    46.9
Volume Recv1: <= 4KB:           53         3.31            3            8            0            93.8   0.0   0.0   6.2    58.6
Volume Recv2: <= 2MB:          144            9            9            9            0           100.0   0.0   0.0   0.0     0.0
Volume Send TOTAL   :      79.8 MB      4.99 MB      4.99 MB      4.99 MB            0           100.0   0.0   0.0   0.0     0.0
Volume Send0: <= 64B:           32            2            2            2            0           100.0   0.0   0.0   0.0     0.0
Volume Send1: <= 4KB:          128            8            8            8            0           100.0   0.0   0.0   0.0     0.0
Volume Send2: <= 2MB:          144            9            9            9            0           100.0   0.0   0.0   0.0     0.0

Timestep 5       Time=5e-05       Next delT=1e-05       Wall Time=1.57174   EMA=0.24488     Memory Used=251.46 MBs (avg) 253.01 MBs (max on rank: 7     )
Runtime Summary  summary stats for time step 5 at time=5e-05
  Description       Units       Minimum           Rank   Average (16)      Std. Dev.         Maximum           Rank   100*(1-ave/max) '% load imbalance'
  TaskExec          [seconds] : 0.211652        : 8    : 0.212687        : 0.000463057     : 0.213445        : 3    : 0.35484
  TaskLocalComm     [seconds] : 0.0243837       : 15   : 0.0248721       : 0.00039748      : 0.0257491       : 3    : 3.40598
  TaskWaitCommTime  [seconds] : 0.00928476      : 3    : 0.0102156       : 0.000333593     : 0.0107653       : 8    : 5.10619
  NumberOfTasks     [tasks  ] : 6               : 0    : 6               : 0               : 6               : 0    : 0
  NumberOfPatches   [patches] : 1               : 0    : 1               : 0               : 1               : 0    : 0
  NumberOfCells     [cells  ] : 32768           : 0    : 32768           : 0               : 32768           : 0    : 0
  SCIMemoryUsed     [MBytes ] : 2.48496e+08     : 1    : 2.51465e+08     : 978098          : 2.53014e+08     : 7    : 0.612241
  SCIMemoryMaxUsed  [MBytes ] : 2.48496e+08     : 1    : 2.51465e+08     : 978098          : 2.53014e+08     : 7    : 0.612241
  MemoryUsed        [MBytes ] : 8.57387e+08     : 9    : 8.65535e+08     : 6.52542e+06     : 8.79522e+08     : 3    : 1.59025
  MemoryResident    [MBytes ] : 2.48496e+08     : 1    : 2.51465e+08     : 978098          : 2.53014e+08     : 7    : 0.612241
  Percentage of time spent in overhead : 6.25949

________________________________________________________________________________
--------------------------------------------------------------------------------
MPIStats:+
--------------------------------------------------------------------------------
                Name:       Total:         Avg:         Min:         Max:    Max rank: Hist %% [  Q1 |  Q2 |  Q3 |  Q4 ]:  %%Load Imbalance
         Count: Recv:          176           11           11           11            0           100.0   0.0   0.0   0.0     0.0
         Count: Redu:          128            8            8            8            0           100.0   0.0   0.0   0.0     0.0
         Count: Send:          176           11           11           11            0           100.0   0.0   0.0   0.0     0.0
         Count: Test:          241         15.1            9           22           15            25.0  31.2  31.2  12.5    31.5
         Count: Wait:          256           16           16           16            0           100.0   0.0   0.0   0.0     0.0
          Time: Recv:     0.679 ms    0.0424 ms      0.03 ms    0.0507 ms            7             6.2  37.5  12.5  43.8    16.3
          Time: Redu:        69 ms      4.31 ms     0.242 ms      8.11 ms           15            43.8   6.2   6.2  43.8    46.8
          Time: Send:      18.9 ms      1.18 ms      0.54 ms      2.39 ms           14            62.5   0.0  18.8  18.8    50.5
          Time: Test:     0.376 ms    0.0235 ms    0.0102 ms    0.0532 ms           15            50.0  31.2  12.5   6.2    55.8
          Time: Wait:      45.6 ms      2.85 ms      2.46 ms      3.12 ms            9            12.5  25.0  25.0  37.5     8.5
Volume Recv TOTAL   :      79.8 MB      4.99 MB      4.99 MB      4.99 MB            0            93.8   0.0   0.0   6.2     0.0
Volume Recv0: <= 64B:           17         1.06            1            2            0            93.8   0.0   0.0   6.2    46.9
Volume Recv1: <= 4KB:           53         3.31            3            8            0            93.8   0.0   0.0   6.2    58.6
Volume Recv2: <= 2MB:          144            9            9            9            0           100.0   0.0   0.0   0.0     0.0
Volume Send TOTAL   :      79.8 MB      4.99 MB      4.99 MB      4.99 MB            0           100.0   0.0   0.0   0.0     0.0
Volume Send0: <= 64B:           32            2            2            2            0           100.0   0.0   0.0   0.0     0.0
Volume Send1: <= 4KB:          128            8            8            8            0           100.0   0.0   0.0   0.0     0.0
Volume Send2: <= 2MB:          144            9            9            9            0           100.0   0.0   0.0   0.0     0.0

Timestep 6       Time=6e-05       Next delT=1e-05       Wall Time=1.80495   EMA=0.241544    Memory Used=251.98 MBs (avg) 253.28 MBs (max on rank: 7     )
Runtime Summary  summary stats for time step 6 at time=6e-05
  Description       Units       Minimum           Rank   Average (16)      Std. Dev.         Maximum           Rank   100*(1-ave/max) '% load imbalance'
  TaskExec          [seconds] : 0.213204        : 8    : 0.214115        : 0.00044172      : 0.214691        : 3    : 0.268498
  TaskLocalComm     [seconds] : 0.0239363       : 6    : 0.0254424       : 0.000833193     : 0.0269162       : 3    : 5.47567
  TaskWaitCommTime  [seconds] : 0.00915437      : 3    : 0.0100197       : 0.000331733     : 0.0105488       : 8    : 5.01625
  NumberOfTasks     [tasks  ] : 6               : 0    : 6               : 0               : 6               : 0    : 0
  NumberOfPatches   [patches] : 1               : 0    : 1               : 0               : 1               : 0    : 0
  NumberOfCells     [cells  ] : 32768           : 0    : 32768           : 0               : 32768           : 0    : 0
  SCIMemoryUsed     [MBytes ] : 2.51003e+08     : 14   : 2.51979e+08     : 498813          : 2.53284e+08     : 7    : 0.515468
  SCIMemoryMaxUsed  [MBytes ] : 2.51003e+08     : 14   : 2.51979e+08     : 498813          : 2.53284e+08     : 7    : 0.515468
  MemoryUsed        [MBytes ] : 8.58284e+08     : 13   : 8.65927e+08     : 6.20756e+06     : 8.79522e+08     : 3    : 1.54565
  MemoryResident    [MBytes ] : 2.51003e+08     : 14   : 2.51979e+08     : 498813          : 2.53284e+08     : 7    : 0.515468
  Percentage of time spent in overhead : 5.21269

________________________________________________________________________________
--------------------------------------------------------------------------------
MPIStats:+
--------------------------------------------------------------------------------
                Name:       Total:         Avg:         Min:         Max:    Max rank: Hist %% [  Q1 |  Q2 |  Q3 |  Q4 ]:  %%Load Imbalance
         Count: Recv:          176           11           11           11            0           100.0   0.0   0.0   0.0     0.0
         Count: Redu:          128            8            8            8            0           100.0   0.0   0.0   0.0     0.0
         Count: Send:          176           11           11           11            0           100.0   0.0   0.0   0.0     0.0
         Count: Test:          241         15.1            9           22           15            25.0  31.2  31.2  12.5    31.5
         Count: Wait:          256           16           16           16            0           100.0   0.0   0.0   0.0     0.0
          Time: Recv:     0.658 ms    0.0412 ms    0.0362 ms    0.0469 ms            4            18.8  43.8  18.8  18.8    12.4
          Time: Redu:      55.6 ms      3.47 ms     0.224 ms      6.94 ms           15            31.2  18.8  31.2  18.8    49.9
          Time: Send:      11.8 ms     0.738 ms     0.452 ms      1.03 ms            3            18.8  43.8  12.5  25.0    28.6
          Time: Test:     0.346 ms    0.0216 ms    0.0107 ms    0.0339 ms           15            12.5  56.2  12.5  18.8    36.4
          Time: Wait:        48 ms         3 ms      2.68 ms      3.43 ms            5            31.2  31.2  18.8  18.8    12.5
Volume Recv TOTAL   :      79.8 MB      4.99 MB      4.99 MB      4.99 MB            0            93.8   0.0   0.0   6.2     0.0
Volume Recv0: <= 64B:           17         1.06            1            2            0            93.8   0.0   0.0   6.2    46.9
Volume Recv1: <= 4KB:           53         3.31            3            8            0            93.8   0.0   0.0   6.2    58.6
Volume Recv2: <= 2MB:          144            9            9            9            0           100.0   0.0   0.0   0.0     0.0
Volume Send TOTAL   :      79.8 MB      4.99 MB      4.99 MB      4.99 MB            0           100.0   0.0   0.0   0.0     0.0
Volume Send0: <= 64B:           32            2            2            2            0           100.0   0.0   0.0   0.0     0.0
Volume Send1: <= 4KB:          128            8            8            8            0           100.0   0.0   0.0   0.0     0.0
Volume Send2: <= 2MB:          144            9            9            9            0           100.0   0.0   0.0   0.0     0.0

Timestep 7       Time=7e-05       Next delT=1e-05       Wall Time=2.03653   EMA=0.239053    Memory Used=251.68 MBs (avg) 253.28 MBs (max on rank: 7     )
Runtime Summary  summary stats for time step 7 at time=7e-05
  Description       Units       Minimum           Rank   Average (16)      Std. Dev.         Maximum           Rank   100*(1-ave/max) '% load imbalance'
  TaskExec          [seconds] : 0.21149         : 8    : 0.212388        : 0.000461762     : 0.213119        : 3    : 0.342965
  TaskLocalComm     [seconds] : 0.0241987       : 15   : 0.0249124       : 0.000477444     : 0.0256238       : 3    : 2.77624
  TaskWaitCommTime  [seconds] : 0.00947786      : 3    : 0.0102          : 0.000296228     : 0.0106735       : 14   : 4.43647
  NumberOfTasks     [tasks  ] : 6               : 0    : 6               : 0               : 6               : 0    : 0
  NumberOfPatches   [patches] : 1               : 0    : 1               : 0               : 1               : 0    : 0
  NumberOfCells     [cells  ] : 32768           : 0    : 32768           : 0               : 32768           : 0    : 0
  SCIMemoryUsed     [MBytes ] : 2.47751e+08     : 5    : 2.51675e+08     : 1.40851e+06     : 2.53284e+08     : 7    : 0.63534
  SCIMemoryMaxUsed  [MBytes ] : 2.47751e+08     : 5    : 2.51675e+08     : 1.40851e+06     : 2.53284e+08     : 7    : 0.63534
  MemoryUsed        [MBytes ] : 8.54872e+08     : 9    : 8.65574e+08     : 6.24947e+06     : 8.79522e+08     : 3    : 1.58588
  MemoryResident    [MBytes ] : 2.47751e+08     : 5    : 2.51675e+08     : 1.40851e+06     : 2.53284e+08     : 7    : 0.63534
  Percentage of time spent in overhead : 4.46343

________________________________________________________________________________
--------------------------------------------------------------------------------
MPIStats:+
--------------------------------------------------------------------------------
                Name:       Total:         Avg:         Min:         Max:    Max rank: Hist %% [  Q1 |  Q2 |  Q3 |  Q4 ]:  %%Load Imbalance
         Count: Recv:          176           11           11           11            0           100.0   0.0   0.0   0.0     0.0
         Count: Redu:          128            8            8            8            0           100.0   0.0   0.0   0.0     0.0
         Count: Send:          176           11           11           11            0           100.0   0.0   0.0   0.0     0.0
         Count: Test:          241         15.1            9           22           15            25.0  31.2  31.2  12.5    31.5
         Count: Wait:          256           16           16           16            0           100.0   0.0   0.0   0.0     0.0
          Time: Recv:     0.678 ms    0.0424 ms    0.0335 ms    0.0594 ms            8            62.5  12.5   6.2  18.8    28.6
          Time: Redu:      87.3 ms      5.46 ms     0.228 ms      9.14 ms           15            12.5  25.0  25.0  37.5    40.3
          Time: Send:      17.4 ms      1.08 ms     0.464 ms      2.45 ms            8            56.2  25.0  12.5   6.2    55.7
          Time: Test:     0.357 ms    0.0223 ms    0.0121 ms    0.0366 ms           15            18.8  56.2   6.2  18.8    39.0
          Time: Wait:        47 ms      2.94 ms      2.44 ms      3.56 ms           11            31.2  25.0  25.0  18.8    17.5
Volume Recv TOTAL   :      79.8 MB      4.99 MB      4.99 MB      4.99 MB            0            93.8   0.0   0.0   6.2     0.0
Volume Recv0: <= 64B:           17         1.06            1            2            0            93.8   0.0   0.0   6.2    46.9
Volume Recv1: <= 4KB:           53         3.31            3            8            0            93.8   0.0   0.0   6.2    58.6
Volume Recv2: <= 2MB:          144            9            9            9            0           100.0   0.0   0.0   0.0     0.0
Volume Send TOTAL   :      79.8 MB      4.99 MB      4.99 MB      4.99 MB            0           100.0   0.0   0.0   0.0     0.0
Volume Send0: <= 64B:           32            2            2            2            0           100.0   0.0   0.0   0.0     0.0
Volume Send1: <= 4KB:          128            8            8            8            0           100.0   0.0   0.0   0.0     0.0
Volume Send2: <= 2MB:          144            9            9            9            0           100.0   0.0   0.0   0.0     0.0

Timestep 8       Time=8e-05       Next delT=1e-05       Wall Time=2.26975   EMA=0.237759    Memory Used=252.16 MBs (avg) 253.37 MBs (max on rank: 8     )
Runtime Summary  summary stats for time step 8 at time=8e-05
  Description       Units       Minimum           Rank   Average (16)      Std. Dev.         Maximum           Rank   100*(1-ave/max) '% load imbalance'
  TaskExec          [seconds] : 0.212545        : 8    : 0.213877        : 0.00049136      : 0.214457        : 6    : 0.270418
  TaskLocalComm     [seconds] : 0.0243618       : 15   : 0.025583        : 0.00108998      : 0.0282821       : 8    : 9.54344
  TaskWaitCommTime  [seconds] : 0.00932852      : 3    : 0.01009         : 0.000341965     : 0.0105014       : 12   : 3.91715
  NumberOfTasks     [tasks  ] : 6               : 0    : 6               : 0               : 6               : 0    : 0
  NumberOfPatches   [patches] : 1               : 0    : 1               : 0               : 1               : 0    : 0
  NumberOfCells     [cells  ] : 32768           : 0    : 32768           : 0               : 32768           : 0    : 0
  SCIMemoryUsed     [MBytes ] : 2.48517e+08     : 2    : 2.52164e+08     : 1.1295e+06      : 2.5337e+08      : 8    : 0.476292
  SCIMemoryMaxUsed  [MBytes ] : 2.48517e+08     : 2    : 2.52164e+08     : 1.1295e+06      : 2.5337e+08      : 8    : 0.476292
  MemoryUsed        [MBytes ] : 8.5855e+08      : 2    : 8.66074e+08     : 6.59595e+06     : 8.80124e+08     : 3    : 1.59631
  MemoryResident    [MBytes ] : 2.48517e+08     : 2    : 2.52164e+08     : 1.1295e+06      : 2.5337e+08      : 8    : 0.476292
  Percentage of time spent in overhead : 3.89986

________________________________________________________________________________
--------------------------------------------------------------------------------
MPIStats:+
--------------------------------------------------------------------------------
                Name:       Total:         Avg:         Min:         Max:    Max rank: Hist %% [  Q1 |  Q2 |  Q3 |  Q4 ]:  %%Load Imbalance
         Count: Recv:          176           11           11           11            0           100.0   0.0   0.0   0.0     0.0
         Count: Redu:          128            8            8            8            0           100.0   0.0   0.0   0.0     0.0
         Count: Send:          176           11           11           11            0           100.0   0.0   0.0   0.0     0.0
         Count: Test:          241         15.1            9           22           15            25.0  31.2  31.2  12.5    31.5
         Count: Wait:          256           16           16           16            0           100.0   0.0   0.0   0.0     0.0
          Time: Recv:     0.634 ms    0.0396 ms    0.0318 ms    0.0515 ms           10            25.0  43.8  25.0   6.2    23.1
          Time: Redu:        68 ms      4.25 ms     0.225 ms      8.76 ms           15            31.2  18.8  18.8  31.2    51.5
          Time: Send:      13.1 ms     0.816 ms     0.508 ms       1.2 ms            3            43.8  18.8  12.5  25.0    32.0
          Time: Test:     0.334 ms    0.0209 ms    0.0108 ms    0.0394 ms           12            18.8  62.5  12.5   6.2    47.1
          Time: Wait:      47.3 ms      2.96 ms      2.42 ms      3.42 ms            4            18.8  18.8  43.8  18.8    13.5
Volume Recv TOTAL   :      79.8 MB      4.99 MB      4.99 MB      4.99 MB            0            93.8   0.0   0.0   6.2     0.0
Volume Recv0: <= 64B:           17         1.06            1            2            0            93.8   0.0   0.0   6.2    46.9
Volume Recv1: <= 4KB:           53         3.31            3            8            0            93.8   0.0   0.0   6.2    58.6
Volume Recv2: <= 2MB:          144            9            9            9            0           100.0   0.0   0.0   0.0     0.0
Volume Send TOTAL   :      79.8 MB      4.99 MB      4.99 MB      4.99 MB            0           100.0   0.0   0.0   0.0     0.0
Volume Send0: <= 64B:           32            2            2            2            0           100.0   0.0   0.0   0.0     0.0
Volume Send1: <= 4KB:          128            8            8            8            0           100.0   0.0   0.0   0.0     0.0
Volume Send2: <= 2MB:          144            9            9            9            0           100.0   0.0   0.0   0.0     0.0

Timestep 9       Time=9e-05       Next delT=1e-05       Wall Time=2.50234   EMA=0.236725    Memory Used=252.37 MBs (avg) 253.64 MBs (max on rank: 8     )
Runtime Summary  summary stats for time step 9 at time=9e-05
  Description       Units       Minimum           Rank   Average (16)      Std. Dev.         Maximum           Rank   100*(1-ave/max) '% load imbalance'
  TaskExec          [seconds] : 0.21246         : 8    : 0.213394        : 0.000445566     : 0.214099        : 11   : 0.329386
  TaskLocalComm     [seconds] : 0.0243306       : 11   : 0.0250952       : 0.000447614     : 0.0260667       : 3    : 3.72707
  TaskWaitCommTime  [seconds] : 0.00967918      : 3    : 0.0102284       : 0.000287525     : 0.0107254       : 8    : 4.63338
  NumberOfTasks     [tasks  ] : 6               : 0    : 6               : 0               : 6               : 0    : 0
  NumberOfPatches   [patches] : 1               : 0    : 1               : 0               : 1               : 0    : 0
  NumberOfCells     [cells  ] : 32768           : 0    : 32768           : 0               : 32768           : 0    : 0
  SCIMemoryUsed     [MBytes ] : 2.49422e+08     : 9    : 2.52366e+08     : 1.00437e+06     : 2.53637e+08     : 8    : 0.501126
  SCIMemoryMaxUsed  [MBytes ] : 2.49422e+08     : 9    : 2.52366e+08     : 1.00437e+06     : 2.53637e+08     : 8    : 0.501126
  MemoryUsed        [MBytes ] : 8.55183e+08     : 9    : 8.66211e+08     : 6.71042e+06     : 8.80124e+08     : 3    : 1.58084
  MemoryResident    [MBytes ] : 2.49422e+08     : 9    : 2.52366e+08     : 1.00437e+06     : 2.53637e+08     : 8    : 0.501126
  Percentage of time spent in overhead : 3.45983

________________________________________________________________________________
--------------------------------------------------------------------------------
MPIStats:+
--------------------------------------------------------------------------------
                Name:       Total:         Avg:         Min:         Max:    Max rank: Hist %% [  Q1 |  Q2 |  Q3 |  Q4 ]:  %%Load Imbalance
         Count: Recv:          176           11           11           11            0           100.0   0.0   0.0   0.0     0.0
         Count: Redu:          128            8            8            8            0           100.0   0.0   0.0   0.0     0.0
         Count: Send:          176           11           11           11            0           100.0   0.0   0.0   0.0     0.0
         Count: Test:          241         15.1            9           22           15            25.0  31.2  31.2  12.5    31.5
         Count: Wait:          256           16           16           16            0           100.0   0.0   0.0   0.0     0.0
          Time: Recv:     0.635 ms    0.0397 ms    0.0292 ms    0.0562 ms            2            43.8  31.2   6.2  18.8    29.4
          Time: Redu:      53.5 ms      3.35 ms     0.247 ms      6.93 ms           15            37.5  12.5  25.0  25.0    51.7
          Time: Send:      12.9 ms     0.804 ms     0.401 ms      1.17 ms            9             6.2  37.5  37.5  18.8    31.5
          Time: Test:      0.36 ms    0.0225 ms    0.0168 ms    0.0381 ms           15            75.0   6.2  12.5   6.2    40.9
          Time: Wait:      46.3 ms      2.89 ms      2.67 ms      3.32 ms            4            37.5  37.5  18.8   6.2    12.9
Volume Recv TOTAL   :      79.8 MB      4.99 MB      4.99 MB      4.99 MB            0            93.8   0.0   0.0   6.2     0.0
Volume Recv0: <= 64B:           17         1.06            1            2            0            93.8   0.0   0.0   6.2    46.9
Volume Recv1: <= 4KB:           53         3.31            3            8            0            93.8   0.0   0.0   6.2    58.6
Volume Recv2: <= 2MB:          144            9            9            9            0           100.0   0.0   0.0   0.0     0.0
Volume Send TOTAL   :      79.8 MB      4.99 MB      4.99 MB      4.99 MB            0           100.0   0.0   0.0   0.0     0.0
Volume Send0: <= 64B:           32            2            2            2            0           100.0   0.0   0.0   0.0     0.0
Volume Send1: <= 4KB:          128            8            8            8            0           100.0   0.0   0.0   0.0     0.0
Volume Send2: <= 2MB:          144            9            9            9            0           100.0   0.0   0.0   0.0     0.0

Timestep 10      Time=0.0001      Next delT=1e-05       Wall Time=2.7337    EMA=0.235748    Memory Used=252.54 MBs (avg) 253.65 MBs (max on rank: 6     )
Runtime Summary  summary stats for time step 10 at time=0.0001
  Description       Units       Minimum           Rank   Average (16)      Std. Dev.         Maximum           Rank   100*(1-ave/max) '% load imbalance'
  TaskExec          [seconds] : 0.211399        : 8    : 0.212097        : 0.00043973      : 0.212688        : 3    : 0.277687
  TaskLocalComm     [seconds] : 0.0244323       : 11   : 0.0251721       : 0.000426707     : 0.0260254       : 9    : 3.27892
  TaskWaitCommTime  [seconds] : 0.00968888      : 3    : 0.0103031       : 0.000271242     : 0.0106958       : 12   : 3.67151
  NumberOfTasks     [tasks  ] : 6               : 0    : 6               : 0               : 6               : 0    : 0
  NumberOfPatches   [patches] : 1               : 0    : 1               : 0               : 1               : 0    : 0
  NumberOfCells     [cells  ] : 32768           : 0    : 32768           : 0               : 32768           : 0    : 0
  SCIMemoryUsed     [MBytes ] : 2.50597e+08     : 1    : 2.52535e+08     : 845170          : 2.53649e+08     : 6    : 0.439133
  SCIMemoryMaxUsed  [MBytes ] : 2.50597e+08     : 1    : 2.52535e+08     : 845170          : 2.53649e+08     : 6    : 0.439133
  MemoryUsed        [MBytes ] : 8.58014e+08     : 9    : 8.66309e+08     : 6.60622e+06     : 8.80427e+08     : 3    : 1.60353
  MemoryResident    [MBytes ] : 2.50597e+08     : 1    : 2.52535e+08     : 845170          : 2.53649e+08     : 6    : 0.439133
  Percentage of time spent in overhead : 3.10605
Sus: going down successfully
