Parallel: 1024 MPI processes (using MPI)
Parallel: MPI Level Required: 0, provided: 0
Date:       Thu Aug 25 11:03:54 2022
Machine:    ash318
git branch:wasatch-low-cost-integ-cmake
git date:   Sat Jul 30 10:34:22 2022 -0600
git hash:   9315f9f96fa6304db4fe79378b145f37ea40016d
Assertion level: 0
CFLAGS:          
CXXFLAGS:        
______________________________________________________________________
Application Component: 	'wasatch'

-------------------------------------------------------------
Wasatch was built against:
  SpatialOps HASH: bd7a2bac76e42e2cb528b02e2cf1291d05c71926
             DATE: Fri Nov 12 11:34:54 2021 -0700
     ExprLib HASH: d2950c77edb22e5f3669ddaaf2d2ed29ceb24d2c
             DATE: Thu Aug 5 12:26:26 2021 -0600
    TabProps HASH: eca0dc5f26b20d4f6b1cebe51b1ae97e11871e83
             DATE: Wed Aug 11 20:11:26 2021 -0600
-------------------------------------------------------------

Linear Solver: 		hypre
Load Balancer: 		Simple
Scheduler: 		MPI
Patch layout: 		(16,8,8)
Grid statistics:
Number of levels:		1
Level 0:
  Periodic boundaries:		[int 1, 1, 1]
  Number of patches:		1024
  Total number of cells:	33554432 (32768 avg. per patch)
Total patches in grid:		1024
Total cells in grid:		33554432 (32768 avg. per patch)

Using small, individual MPI messages (no message combining)
Detected solver: hypre
SETTING UP CONVECTIVE FLUX EXPRESSION IN X DIRECTION USING CENTRAL
SETTING UP CONVECTIVE FLUX EXPRESSION IN Y DIRECTION USING CENTRAL
SETTING UP CONVECTIVE FLUX EXPRESSION IN Z DIRECTION USING CENTRAL
Setting initial conditions for scalability test equation: scalability0
SETTING UP CONVECTIVE FLUX EXPRESSION IN X DIRECTION USING CENTRAL
SETTING UP CONVECTIVE FLUX EXPRESSION IN Y DIRECTION USING CENTRAL
SETTING UP CONVECTIVE FLUX EXPRESSION IN Z DIRECTION USING CENTRAL
Setting initial conditions for scalability test equation: scalability1
SETTING UP CONVECTIVE FLUX EXPRESSION IN X DIRECTION USING CENTRAL
SETTING UP CONVECTIVE FLUX EXPRESSION IN Y DIRECTION USING CENTRAL
SETTING UP CONVECTIVE FLUX EXPRESSION IN Z DIRECTION USING CENTRAL
Setting initial conditions for scalability test equation: scalability2
SETTING UP CONVECTIVE FLUX EXPRESSION IN X DIRECTION USING CENTRAL
SETTING UP CONVECTIVE FLUX EXPRESSION IN Y DIRECTION USING CENTRAL
SETTING UP CONVECTIVE FLUX EXPRESSION IN Z DIRECTION USING CENTRAL
Setting initial conditions for scalability test equation: scalability3
SETTING UP CONVECTIVE FLUX EXPRESSION IN X DIRECTION USING CENTRAL
SETTING UP CONVECTIVE FLUX EXPRESSION IN Y DIRECTION USING CENTRAL
SETTING UP CONVECTIVE FLUX EXPRESSION IN Z DIRECTION USING CENTRAL
Setting initial conditions for scalability test equation: scalability4
SETTING UP CONVECTIVE FLUX EXPRESSION IN X DIRECTION USING CENTRAL
SETTING UP CONVECTIVE FLUX EXPRESSION IN Y DIRECTION USING CENTRAL
SETTING UP CONVECTIVE FLUX EXPRESSION IN Z DIRECTION USING CENTRAL
Setting initial conditions for scalability test equation: scalability5
SETTING UP CONVECTIVE FLUX EXPRESSION IN X DIRECTION USING CENTRAL
SETTING UP CONVECTIVE FLUX EXPRESSION IN Y DIRECTION USING CENTRAL
SETTING UP CONVECTIVE FLUX EXPRESSION IN Z DIRECTION USING CENTRAL
Setting initial conditions for scalability test equation: scalability6
SETTING UP CONVECTIVE FLUX EXPRESSION IN X DIRECTION USING CENTRAL
SETTING UP CONVECTIVE FLUX EXPRESSION IN Y DIRECTION USING CENTRAL
SETTING UP CONVECTIVE FLUX EXPRESSION IN Z DIRECTION USING CENTRAL
Setting initial conditions for scalability test equation: scalability7
SETTING UP CONVECTIVE FLUX EXPRESSION IN X DIRECTION USING CENTRAL
SETTING UP CONVECTIVE FLUX EXPRESSION IN Y DIRECTION USING CENTRAL
SETTING UP CONVECTIVE FLUX EXPRESSION IN Z DIRECTION USING CENTRAL
Setting initial conditions for scalability test equation: scalability8
SETTING UP CONVECTIVE FLUX EXPRESSION IN X DIRECTION USING CENTRAL
SETTING UP CONVECTIVE FLUX EXPRESSION IN Y DIRECTION USING CENTRAL
SETTING UP CONVECTIVE FLUX EXPRESSION IN Z DIRECTION USING CENTRAL
Setting initial conditions for scalability test equation: scalability9
SETTING UP CONVECTIVE FLUX EXPRESSION IN X DIRECTION USING CENTRAL
SETTING UP CONVECTIVE FLUX EXPRESSION IN Y DIRECTION USING CENTRAL
SETTING UP CONVECTIVE FLUX EXPRESSION IN Z DIRECTION USING CENTRAL
Setting initial conditions for scalability test equation: scalability10
SETTING UP CONVECTIVE FLUX EXPRESSION IN X DIRECTION USING CENTRAL
SETTING UP CONVECTIVE FLUX EXPRESSION IN Y DIRECTION USING CENTRAL
SETTING UP CONVECTIVE FLUX EXPRESSION IN Z DIRECTION USING CENTRAL
Setting initial conditions for scalability test equation: scalability11
SETTING UP CONVECTIVE FLUX EXPRESSION IN X DIRECTION USING CENTRAL
SETTING UP CONVECTIVE FLUX EXPRESSION IN Y DIRECTION USING CENTRAL
SETTING UP CONVECTIVE FLUX EXPRESSION IN Z DIRECTION USING CENTRAL
Setting initial conditions for scalability test equation: scalability12
SETTING UP CONVECTIVE FLUX EXPRESSION IN X DIRECTION USING CENTRAL
SETTING UP CONVECTIVE FLUX EXPRESSION IN Y DIRECTION USING CENTRAL
SETTING UP CONVECTIVE FLUX EXPRESSION IN Z DIRECTION USING CENTRAL
Setting initial conditions for scalability test equation: scalability13
SETTING UP CONVECTIVE FLUX EXPRESSION IN X DIRECTION USING CENTRAL
SETTING UP CONVECTIVE FLUX EXPRESSION IN Y DIRECTION USING CENTRAL
SETTING UP CONVECTIVE FLUX EXPRESSION IN Z DIRECTION USING CENTRAL
Setting initial conditions for scalability test equation: scalability14
SETTING UP CONVECTIVE FLUX EXPRESSION IN X DIRECTION USING CENTRAL
SETTING UP CONVECTIVE FLUX EXPRESSION IN Y DIRECTION USING CENTRAL
SETTING UP CONVECTIVE FLUX EXPRESSION IN Z DIRECTION USING CENTRAL
Setting initial conditions for scalability test equation: scalability15
SETTING UP CONVECTIVE FLUX EXPRESSION IN X DIRECTION USING CENTRAL
SETTING UP CONVECTIVE FLUX EXPRESSION IN Y DIRECTION USING CENTRAL
SETTING UP CONVECTIVE FLUX EXPRESSION IN Z DIRECTION USING CENTRAL
Setting initial conditions for scalability test equation: scalability16
SETTING UP CONVECTIVE FLUX EXPRESSION IN X DIRECTION USING CENTRAL
SETTING UP CONVECTIVE FLUX EXPRESSION IN Y DIRECTION USING CENTRAL
SETTING UP CONVECTIVE FLUX EXPRESSION IN Z DIRECTION USING CENTRAL
Setting initial conditions for scalability test equation: scalability17
SETTING UP CONVECTIVE FLUX EXPRESSION IN X DIRECTION USING CENTRAL
SETTING UP CONVECTIVE FLUX EXPRESSION IN Y DIRECTION USING CENTRAL
SETTING UP CONVECTIVE FLUX EXPRESSION IN Z DIRECTION USING CENTRAL
Setting initial conditions for scalability test equation: scalability18
SETTING UP CONVECTIVE FLUX EXPRESSION IN X DIRECTION USING CENTRAL
SETTING UP CONVECTIVE FLUX EXPRESSION IN Y DIRECTION USING CENTRAL
SETTING UP CONVECTIVE FLUX EXPRESSION IN Z DIRECTION USING CENTRAL
Setting initial conditions for scalability test equation: scalability19
SETTING UP CONVECTIVE FLUX EXPRESSION IN X DIRECTION USING CENTRAL
SETTING UP CONVECTIVE FLUX EXPRESSION IN Y DIRECTION USING CENTRAL
SETTING UP CONVECTIVE FLUX EXPRESSION IN Z DIRECTION USING CENTRAL
Setting initial conditions for scalability test equation: scalability20
SETTING UP CONVECTIVE FLUX EXPRESSION IN X DIRECTION USING CENTRAL
SETTING UP CONVECTIVE FLUX EXPRESSION IN Y DIRECTION USING CENTRAL
SETTING UP CONVECTIVE FLUX EXPRESSION IN Z DIRECTION USING CENTRAL
Setting initial conditions for scalability test equation: scalability21
SETTING UP CONVECTIVE FLUX EXPRESSION IN X DIRECTION USING CENTRAL
SETTING UP CONVECTIVE FLUX EXPRESSION IN Y DIRECTION USING CENTRAL
SETTING UP CONVECTIVE FLUX EXPRESSION IN Z DIRECTION USING CENTRAL
Setting initial conditions for scalability test equation: scalability22
SETTING UP CONVECTIVE FLUX EXPRESSION IN X DIRECTION USING CENTRAL
SETTING UP CONVECTIVE FLUX EXPRESSION IN Y DIRECTION USING CENTRAL
SETTING UP CONVECTIVE FLUX EXPRESSION IN Z DIRECTION USING CENTRAL
Setting initial conditions for scalability test equation: scalability23
SETTING UP CONVECTIVE FLUX EXPRESSION IN X DIRECTION USING CENTRAL
SETTING UP CONVECTIVE FLUX EXPRESSION IN Y DIRECTION USING CENTRAL
SETTING UP CONVECTIVE FLUX EXPRESSION IN Z DIRECTION USING CENTRAL
Setting initial conditions for scalability test equation: scalability24
SETTING UP CONVECTIVE FLUX EXPRESSION IN X DIRECTION USING CENTRAL
SETTING UP CONVECTIVE FLUX EXPRESSION IN Y DIRECTION USING CENTRAL
SETTING UP CONVECTIVE FLUX EXPRESSION IN Z DIRECTION USING CENTRAL
Setting initial conditions for scalability test equation: scalability25
SETTING UP CONVECTIVE FLUX EXPRESSION IN X DIRECTION USING CENTRAL
SETTING UP CONVECTIVE FLUX EXPRESSION IN Y DIRECTION USING CENTRAL
SETTING UP CONVECTIVE FLUX EXPRESSION IN Z DIRECTION USING CENTRAL
Setting initial conditions for scalability test equation: scalability26
SETTING UP CONVECTIVE FLUX EXPRESSION IN X DIRECTION USING CENTRAL
SETTING UP CONVECTIVE FLUX EXPRESSION IN Y DIRECTION USING CENTRAL
SETTING UP CONVECTIVE FLUX EXPRESSION IN Z DIRECTION USING CENTRAL
Setting initial conditions for scalability test equation: scalability27
SETTING UP CONVECTIVE FLUX EXPRESSION IN X DIRECTION USING CENTRAL
SETTING UP CONVECTIVE FLUX EXPRESSION IN Y DIRECTION USING CENTRAL
SETTING UP CONVECTIVE FLUX EXPRESSION IN Z DIRECTION USING CENTRAL
Setting initial conditions for scalability test equation: scalability28
SETTING UP CONVECTIVE FLUX EXPRESSION IN X DIRECTION USING CENTRAL
SETTING UP CONVECTIVE FLUX EXPRESSION IN Y DIRECTION USING CENTRAL
SETTING UP CONVECTIVE FLUX EXPRESSION IN Z DIRECTION USING CENTRAL
Setting initial conditions for scalability test equation: scalability29
SETTING UP CONVECTIVE FLUX EXPRESSION IN X DIRECTION USING CENTRAL
SETTING UP CONVECTIVE FLUX EXPRESSION IN Y DIRECTION USING CENTRAL
SETTING UP CONVECTIVE FLUX EXPRESSION IN Z DIRECTION USING CENTRAL
Setting initial conditions for scalability test equation: scalability30
SETTING UP CONVECTIVE FLUX EXPRESSION IN X DIRECTION USING CENTRAL
SETTING UP CONVECTIVE FLUX EXPRESSION IN Y DIRECTION USING CENTRAL
SETTING UP CONVECTIVE FLUX EXPRESSION IN Z DIRECTION USING CENTRAL
Setting initial conditions for scalability test equation: scalability31
SETTING UP CONVECTIVE FLUX EXPRESSION IN X DIRECTION USING CENTRAL
SETTING UP CONVECTIVE FLUX EXPRESSION IN Y DIRECTION USING CENTRAL
SETTING UP CONVECTIVE FLUX EXPRESSION IN Z DIRECTION USING CENTRAL
Setting initial conditions for scalability test equation: scalability32
SETTING UP CONVECTIVE FLUX EXPRESSION IN X DIRECTION USING CENTRAL
SETTING UP CONVECTIVE FLUX EXPRESSION IN Y DIRECTION USING CENTRAL
SETTING UP CONVECTIVE FLUX EXPRESSION IN Z DIRECTION USING CENTRAL
Setting initial conditions for scalability test equation: scalability33
SETTING UP CONVECTIVE FLUX EXPRESSION IN X DIRECTION USING CENTRAL
SETTING UP CONVECTIVE FLUX EXPRESSION IN Y DIRECTION USING CENTRAL
SETTING UP CONVECTIVE FLUX EXPRESSION IN Z DIRECTION USING CENTRAL
Setting initial conditions for scalability test equation: scalability34
SETTING UP CONVECTIVE FLUX EXPRESSION IN X DIRECTION USING CENTRAL
SETTING UP CONVECTIVE FLUX EXPRESSION IN Y DIRECTION USING CENTRAL
SETTING UP CONVECTIVE FLUX EXPRESSION IN Z DIRECTION USING CENTRAL
Setting initial conditions for scalability test equation: scalability35
SETTING UP CONVECTIVE FLUX EXPRESSION IN X DIRECTION USING CENTRAL
SETTING UP CONVECTIVE FLUX EXPRESSION IN Y DIRECTION USING CENTRAL
SETTING UP CONVECTIVE FLUX EXPRESSION IN Z DIRECTION USING CENTRAL
Setting initial conditions for scalability test equation: scalability36
SETTING UP CONVECTIVE FLUX EXPRESSION IN X DIRECTION USING CENTRAL
SETTING UP CONVECTIVE FLUX EXPRESSION IN Y DIRECTION USING CENTRAL
SETTING UP CONVECTIVE FLUX EXPRESSION IN Z DIRECTION USING CENTRAL
Setting initial conditions for scalability test equation: scalability37
SETTING UP CONVECTIVE FLUX EXPRESSION IN X DIRECTION USING CENTRAL
SETTING UP CONVECTIVE FLUX EXPRESSION IN Y DIRECTION USING CENTRAL
SETTING UP CONVECTIVE FLUX EXPRESSION IN Z DIRECTION USING CENTRAL
Setting initial conditions for scalability test equation: scalability38
SETTING UP CONVECTIVE FLUX EXPRESSION IN X DIRECTION USING CENTRAL
SETTING UP CONVECTIVE FLUX EXPRESSION IN Y DIRECTION USING CENTRAL
SETTING UP CONVECTIVE FLUX EXPRESSION IN Z DIRECTION USING CENTRAL
Setting initial conditions for scalability test equation: scalability39
SETTING UP CONVECTIVE FLUX EXPRESSION IN X DIRECTION USING CENTRAL
SETTING UP CONVECTIVE FLUX EXPRESSION IN Y DIRECTION USING CENTRAL
SETTING UP CONVECTIVE FLUX EXPRESSION IN Z DIRECTION USING CENTRAL
Setting initial conditions for scalability test equation: scalability40
SETTING UP CONVECTIVE FLUX EXPRESSION IN X DIRECTION USING CENTRAL
SETTING UP CONVECTIVE FLUX EXPRESSION IN Y DIRECTION USING CENTRAL
SETTING UP CONVECTIVE FLUX EXPRESSION IN Z DIRECTION USING CENTRAL
Setting initial conditions for scalability test equation: scalability41
SETTING UP CONVECTIVE FLUX EXPRESSION IN X DIRECTION USING CENTRAL
SETTING UP CONVECTIVE FLUX EXPRESSION IN Y DIRECTION USING CENTRAL
SETTING UP CONVECTIVE FLUX EXPRESSION IN Z DIRECTION USING CENTRAL
Setting initial conditions for scalability test equation: scalability42
SETTING UP CONVECTIVE FLUX EXPRESSION IN X DIRECTION USING CENTRAL
SETTING UP CONVECTIVE FLUX EXPRESSION IN Y DIRECTION USING CENTRAL
SETTING UP CONVECTIVE FLUX EXPRESSION IN Z DIRECTION USING CENTRAL
Setting initial conditions for scalability test equation: scalability43
SETTING UP CONVECTIVE FLUX EXPRESSION IN X DIRECTION USING CENTRAL
SETTING UP CONVECTIVE FLUX EXPRESSION IN Y DIRECTION USING CENTRAL
SETTING UP CONVECTIVE FLUX EXPRESSION IN Z DIRECTION USING CENTRAL
Setting initial conditions for scalability test equation: scalability44
SETTING UP CONVECTIVE FLUX EXPRESSION IN X DIRECTION USING CENTRAL
SETTING UP CONVECTIVE FLUX EXPRESSION IN Y DIRECTION USING CENTRAL
SETTING UP CONVECTIVE FLUX EXPRESSION IN Z DIRECTION USING CENTRAL
Setting initial conditions for scalability test equation: scalability45
SETTING UP CONVECTIVE FLUX EXPRESSION IN X DIRECTION USING CENTRAL
SETTING UP CONVECTIVE FLUX EXPRESSION IN Y DIRECTION USING CENTRAL
SETTING UP CONVECTIVE FLUX EXPRESSION IN Z DIRECTION USING CENTRAL
Setting initial conditions for scalability test equation: scalability46
SETTING UP CONVECTIVE FLUX EXPRESSION IN X DIRECTION USING CENTRAL
SETTING UP CONVECTIVE FLUX EXPRESSION IN Y DIRECTION USING CENTRAL
SETTING UP CONVECTIVE FLUX EXPRESSION IN Z DIRECTION USING CENTRAL
Setting initial conditions for scalability test equation: scalability47
SETTING UP CONVECTIVE FLUX EXPRESSION IN X DIRECTION USING CENTRAL
SETTING UP CONVECTIVE FLUX EXPRESSION IN Y DIRECTION USING CENTRAL
SETTING UP CONVECTIVE FLUX EXPRESSION IN Z DIRECTION USING CENTRAL
Setting initial conditions for scalability test equation: scalability48
SETTING UP CONVECTIVE FLUX EXPRESSION IN X DIRECTION USING CENTRAL
SETTING UP CONVECTIVE FLUX EXPRESSION IN Y DIRECTION USING CENTRAL
SETTING UP CONVECTIVE FLUX EXPRESSION IN Z DIRECTION USING CENTRAL
Setting initial conditions for scalability test equation: scalability49
SETTING UP CONVECTIVE FLUX EXPRESSION IN X DIRECTION USING CENTRAL
SETTING UP CONVECTIVE FLUX EXPRESSION IN Y DIRECTION USING CENTRAL
SETTING UP CONVECTIVE FLUX EXPRESSION IN Z DIRECTION USING CENTRAL
Setting initial conditions for scalability test equation: scalability50
SETTING UP CONVECTIVE FLUX EXPRESSION IN X DIRECTION USING CENTRAL
SETTING UP CONVECTIVE FLUX EXPRESSION IN Y DIRECTION USING CENTRAL
SETTING UP CONVECTIVE FLUX EXPRESSION IN Z DIRECTION USING CENTRAL
Setting initial conditions for scalability test equation: scalability51
SETTING UP CONVECTIVE FLUX EXPRESSION IN X DIRECTION USING CENTRAL
SETTING UP CONVECTIVE FLUX EXPRESSION IN Y DIRECTION USING CENTRAL
SETTING UP CONVECTIVE FLUX EXPRESSION IN Z DIRECTION USING CENTRAL
Setting initial conditions for scalability test equation: scalability52
SETTING UP CONVECTIVE FLUX EXPRESSION IN X DIRECTION USING CENTRAL
SETTING UP CONVECTIVE FLUX EXPRESSION IN Y DIRECTION USING CENTRAL
SETTING UP CONVECTIVE FLUX EXPRESSION IN Z DIRECTION USING CENTRAL
Setting initial conditions for scalability test equation: scalability53
SETTING UP CONVECTIVE FLUX EXPRESSION IN X DIRECTION USING CENTRAL
SETTING UP CONVECTIVE FLUX EXPRESSION IN Y DIRECTION USING CENTRAL
SETTING UP CONVECTIVE FLUX EXPRESSION IN Z DIRECTION USING CENTRAL
Setting initial conditions for scalability test equation: scalability54
SETTING UP CONVECTIVE FLUX EXPRESSION IN X DIRECTION USING CENTRAL
SETTING UP CONVECTIVE FLUX EXPRESSION IN Y DIRECTION USING CENTRAL
SETTING UP CONVECTIVE FLUX EXPRESSION IN Z DIRECTION USING CENTRAL
Setting initial conditions for scalability test equation: scalability55
SETTING UP CONVECTIVE FLUX EXPRESSION IN X DIRECTION USING CENTRAL
SETTING UP CONVECTIVE FLUX EXPRESSION IN Y DIRECTION USING CENTRAL
SETTING UP CONVECTIVE FLUX EXPRESSION IN Z DIRECTION USING CENTRAL
Setting initial conditions for scalability test equation: scalability56
SETTING UP CONVECTIVE FLUX EXPRESSION IN X DIRECTION USING CENTRAL
SETTING UP CONVECTIVE FLUX EXPRESSION IN Y DIRECTION USING CENTRAL
SETTING UP CONVECTIVE FLUX EXPRESSION IN Z DIRECTION USING CENTRAL
Setting initial conditions for scalability test equation: scalability57
SETTING UP CONVECTIVE FLUX EXPRESSION IN X DIRECTION USING CENTRAL
SETTING UP CONVECTIVE FLUX EXPRESSION IN Y DIRECTION USING CENTRAL
SETTING UP CONVECTIVE FLUX EXPRESSION IN Z DIRECTION USING CENTRAL
Setting initial conditions for scalability test equation: scalability58
SETTING UP CONVECTIVE FLUX EXPRESSION IN X DIRECTION USING CENTRAL
SETTING UP CONVECTIVE FLUX EXPRESSION IN Y DIRECTION USING CENTRAL
SETTING UP CONVECTIVE FLUX EXPRESSION IN Z DIRECTION USING CENTRAL
Setting initial conditions for scalability test equation: scalability59
SETTING UP CONVECTIVE FLUX EXPRESSION IN X DIRECTION USING CENTRAL
SETTING UP CONVECTIVE FLUX EXPRESSION IN Y DIRECTION USING CENTRAL
SETTING UP CONVECTIVE FLUX EXPRESSION IN Z DIRECTION USING CENTRAL
Setting initial conditions for scalability test equation: scalability60
SETTING UP CONVECTIVE FLUX EXPRESSION IN X DIRECTION USING CENTRAL
SETTING UP CONVECTIVE FLUX EXPRESSION IN Y DIRECTION USING CENTRAL
SETTING UP CONVECTIVE FLUX EXPRESSION IN Z DIRECTION USING CENTRAL
Setting initial conditions for scalability test equation: scalability61
SETTING UP CONVECTIVE FLUX EXPRESSION IN X DIRECTION USING CENTRAL
SETTING UP CONVECTIVE FLUX EXPRESSION IN Y DIRECTION USING CENTRAL
SETTING UP CONVECTIVE FLUX EXPRESSION IN Z DIRECTION USING CENTRAL
Setting initial conditions for scalability test equation: scalability62
SETTING UP CONVECTIVE FLUX EXPRESSION IN X DIRECTION USING CENTRAL
SETTING UP CONVECTIVE FLUX EXPRESSION IN Y DIRECTION USING CENTRAL
SETTING UP CONVECTIVE FLUX EXPRESSION IN Z DIRECTION USING CENTRAL
Setting initial conditions for scalability test equation: scalability63
SETTING UP CONVECTIVE FLUX EXPRESSION IN X DIRECTION USING CENTRAL
SETTING UP CONVECTIVE FLUX EXPRESSION IN Y DIRECTION USING CENTRAL
SETTING UP CONVECTIVE FLUX EXPRESSION IN Z DIRECTION USING CENTRAL
Setting initial conditions for scalability test equation: scalability64
SETTING UP CONVECTIVE FLUX EXPRESSION IN X DIRECTION USING CENTRAL
SETTING UP CONVECTIVE FLUX EXPRESSION IN Y DIRECTION USING CENTRAL
SETTING UP CONVECTIVE FLUX EXPRESSION IN Z DIRECTION USING CENTRAL
Setting initial conditions for scalability test equation: scalability65
SETTING UP CONVECTIVE FLUX EXPRESSION IN X DIRECTION USING CENTRAL
SETTING UP CONVECTIVE FLUX EXPRESSION IN Y DIRECTION USING CENTRAL
SETTING UP CONVECTIVE FLUX EXPRESSION IN Z DIRECTION USING CENTRAL
Setting initial conditions for scalability test equation: scalability66
SETTING UP CONVECTIVE FLUX EXPRESSION IN X DIRECTION USING CENTRAL
SETTING UP CONVECTIVE FLUX EXPRESSION IN Y DIRECTION USING CENTRAL
SETTING UP CONVECTIVE FLUX EXPRESSION IN Z DIRECTION USING CENTRAL
Setting initial conditions for scalability test equation: scalability67
SETTING UP CONVECTIVE FLUX EXPRESSION IN X DIRECTION USING CENTRAL
SETTING UP CONVECTIVE FLUX EXPRESSION IN Y DIRECTION USING CENTRAL
SETTING UP CONVECTIVE FLUX EXPRESSION IN Z DIRECTION USING CENTRAL
Setting initial conditions for scalability test equation: scalability68
SETTING UP CONVECTIVE FLUX EXPRESSION IN X DIRECTION USING CENTRAL
SETTING UP CONVECTIVE FLUX EXPRESSION IN Y DIRECTION USING CENTRAL
SETTING UP CONVECTIVE FLUX EXPRESSION IN Z DIRECTION USING CENTRAL
Setting initial conditions for scalability test equation: scalability69
SETTING UP CONVECTIVE FLUX EXPRESSION IN X DIRECTION USING CENTRAL
SETTING UP CONVECTIVE FLUX EXPRESSION IN Y DIRECTION USING CENTRAL
SETTING UP CONVECTIVE FLUX EXPRESSION IN Z DIRECTION USING CENTRAL
Setting initial conditions for scalability test equation: scalability70
SETTING UP CONVECTIVE FLUX EXPRESSION IN X DIRECTION USING CENTRAL
SETTING UP CONVECTIVE FLUX EXPRESSION IN Y DIRECTION USING CENTRAL
SETTING UP CONVECTIVE FLUX EXPRESSION IN Z DIRECTION USING CENTRAL
Setting initial conditions for scalability test equation: scalability71
SETTING UP CONVECTIVE FLUX EXPRESSION IN X DIRECTION USING CENTRAL
SETTING UP CONVECTIVE FLUX EXPRESSION IN Y DIRECTION USING CENTRAL
SETTING UP CONVECTIVE FLUX EXPRESSION IN Z DIRECTION USING CENTRAL
Setting initial conditions for scalability test equation: scalability72
SETTING UP CONVECTIVE FLUX EXPRESSION IN X DIRECTION USING CENTRAL
SETTING UP CONVECTIVE FLUX EXPRESSION IN Y DIRECTION USING CENTRAL
SETTING UP CONVECTIVE FLUX EXPRESSION IN Z DIRECTION USING CENTRAL
Setting initial conditions for scalability test equation: scalability73
SETTING UP CONVECTIVE FLUX EXPRESSION IN X DIRECTION USING CENTRAL
SETTING UP CONVECTIVE FLUX EXPRESSION IN Y DIRECTION USING CENTRAL
SETTING UP CONVECTIVE FLUX EXPRESSION IN Z DIRECTION USING CENTRAL
Setting initial conditions for scalability test equation: scalability74
SETTING UP CONVECTIVE FLUX EXPRESSION IN X DIRECTION USING CENTRAL
SETTING UP CONVECTIVE FLUX EXPRESSION IN Y DIRECTION USING CENTRAL
SETTING UP CONVECTIVE FLUX EXPRESSION IN Z DIRECTION USING CENTRAL
Setting initial conditions for scalability test equation: scalability75
SETTING UP CONVECTIVE FLUX EXPRESSION IN X DIRECTION USING CENTRAL
SETTING UP CONVECTIVE FLUX EXPRESSION IN Y DIRECTION USING CENTRAL
SETTING UP CONVECTIVE FLUX EXPRESSION IN Z DIRECTION USING CENTRAL
Setting initial conditions for scalability test equation: scalability76
SETTING UP CONVECTIVE FLUX EXPRESSION IN X DIRECTION USING CENTRAL
SETTING UP CONVECTIVE FLUX EXPRESSION IN Y DIRECTION USING CENTRAL
SETTING UP CONVECTIVE FLUX EXPRESSION IN Z DIRECTION USING CENTRAL
Setting initial conditions for scalability test equation: scalability77
SETTING UP CONVECTIVE FLUX EXPRESSION IN X DIRECTION USING CENTRAL
SETTING UP CONVECTIVE FLUX EXPRESSION IN Y DIRECTION USING CENTRAL
SETTING UP CONVECTIVE FLUX EXPRESSION IN Z DIRECTION USING CENTRAL
Setting initial conditions for scalability test equation: scalability78
SETTING UP CONVECTIVE FLUX EXPRESSION IN X DIRECTION USING CENTRAL
SETTING UP CONVECTIVE FLUX EXPRESSION IN Y DIRECTION USING CENTRAL
SETTING UP CONVECTIVE FLUX EXPRESSION IN Z DIRECTION USING CENTRAL
Setting initial conditions for scalability test equation: scalability79
SETTING UP CONVECTIVE FLUX EXPRESSION IN X DIRECTION USING CENTRAL
SETTING UP CONVECTIVE FLUX EXPRESSION IN Y DIRECTION USING CENTRAL
SETTING UP CONVECTIVE FLUX EXPRESSION IN Z DIRECTION USING CENTRAL
Setting initial conditions for scalability test equation: scalability80
SETTING UP CONVECTIVE FLUX EXPRESSION IN X DIRECTION USING CENTRAL
SETTING UP CONVECTIVE FLUX EXPRESSION IN Y DIRECTION USING CENTRAL
SETTING UP CONVECTIVE FLUX EXPRESSION IN Z DIRECTION USING CENTRAL
Setting initial conditions for scalability test equation: scalability81
SETTING UP CONVECTIVE FLUX EXPRESSION IN X DIRECTION USING CENTRAL
SETTING UP CONVECTIVE FLUX EXPRESSION IN Y DIRECTION USING CENTRAL
SETTING UP CONVECTIVE FLUX EXPRESSION IN Z DIRECTION USING CENTRAL
Setting initial conditions for scalability test equation: scalability82
SETTING UP CONVECTIVE FLUX EXPRESSION IN X DIRECTION USING CENTRAL
SETTING UP CONVECTIVE FLUX EXPRESSION IN Y DIRECTION USING CENTRAL
SETTING UP CONVECTIVE FLUX EXPRESSION IN Z DIRECTION USING CENTRAL
Setting initial conditions for scalability test equation: scalability83
SETTING UP CONVECTIVE FLUX EXPRESSION IN X DIRECTION USING CENTRAL
SETTING UP CONVECTIVE FLUX EXPRESSION IN Y DIRECTION USING CENTRAL
SETTING UP CONVECTIVE FLUX EXPRESSION IN Z DIRECTION USING CENTRAL
Setting initial conditions for scalability test equation: scalability84
SETTING UP CONVECTIVE FLUX EXPRESSION IN X DIRECTION USING CENTRAL
SETTING UP CONVECTIVE FLUX EXPRESSION IN Y DIRECTION USING CENTRAL
SETTING UP CONVECTIVE FLUX EXPRESSION IN Z DIRECTION USING CENTRAL
Setting initial conditions for scalability test equation: scalability85
SETTING UP CONVECTIVE FLUX EXPRESSION IN X DIRECTION USING CENTRAL
SETTING UP CONVECTIVE FLUX EXPRESSION IN Y DIRECTION USING CENTRAL
SETTING UP CONVECTIVE FLUX EXPRESSION IN Z DIRECTION USING CENTRAL
Setting initial conditions for scalability test equation: scalability86
SETTING UP CONVECTIVE FLUX EXPRESSION IN X DIRECTION USING CENTRAL
SETTING UP CONVECTIVE FLUX EXPRESSION IN Y DIRECTION USING CENTRAL
SETTING UP CONVECTIVE FLUX EXPRESSION IN Z DIRECTION USING CENTRAL
Setting initial conditions for scalability test equation: scalability87
SETTING UP CONVECTIVE FLUX EXPRESSION IN X DIRECTION USING CENTRAL
SETTING UP CONVECTIVE FLUX EXPRESSION IN Y DIRECTION USING CENTRAL
SETTING UP CONVECTIVE FLUX EXPRESSION IN Z DIRECTION USING CENTRAL
Setting initial conditions for scalability test equation: scalability88
SETTING UP CONVECTIVE FLUX EXPRESSION IN X DIRECTION USING CENTRAL
SETTING UP CONVECTIVE FLUX EXPRESSION IN Y DIRECTION USING CENTRAL
SETTING UP CONVECTIVE FLUX EXPRESSION IN Z DIRECTION USING CENTRAL
Setting initial conditions for scalability test equation: scalability89
SETTING UP CONVECTIVE FLUX EXPRESSION IN X DIRECTION USING CENTRAL
SETTING UP CONVECTIVE FLUX EXPRESSION IN Y DIRECTION USING CENTRAL
SETTING UP CONVECTIVE FLUX EXPRESSION IN Z DIRECTION USING CENTRAL
Setting initial conditions for scalability test equation: scalability90
SETTING UP CONVECTIVE FLUX EXPRESSION IN X DIRECTION USING CENTRAL
SETTING UP CONVECTIVE FLUX EXPRESSION IN Y DIRECTION USING CENTRAL
SETTING UP CONVECTIVE FLUX EXPRESSION IN Z DIRECTION USING CENTRAL
Setting initial conditions for scalability test equation: scalability91
SETTING UP CONVECTIVE FLUX EXPRESSION IN X DIRECTION USING CENTRAL
SETTING UP CONVECTIVE FLUX EXPRESSION IN Y DIRECTION USING CENTRAL
SETTING UP CONVECTIVE FLUX EXPRESSION IN Z DIRECTION USING CENTRAL
Setting initial conditions for scalability test equation: scalability92
SETTING UP CONVECTIVE FLUX EXPRESSION IN X DIRECTION USING CENTRAL
SETTING UP CONVECTIVE FLUX EXPRESSION IN Y DIRECTION USING CENTRAL
SETTING UP CONVECTIVE FLUX EXPRESSION IN Z DIRECTION USING CENTRAL
Setting initial conditions for scalability test equation: scalability93
SETTING UP CONVECTIVE FLUX EXPRESSION IN X DIRECTION USING CENTRAL
SETTING UP CONVECTIVE FLUX EXPRESSION IN Y DIRECTION USING CENTRAL
SETTING UP CONVECTIVE FLUX EXPRESSION IN Z DIRECTION USING CENTRAL
Setting initial conditions for scalability test equation: scalability94
SETTING UP CONVECTIVE FLUX EXPRESSION IN X DIRECTION USING CENTRAL
SETTING UP CONVECTIVE FLUX EXPRESSION IN Y DIRECTION USING CENTRAL
SETTING UP CONVECTIVE FLUX EXPRESSION IN Z DIRECTION USING CENTRAL
Setting initial conditions for scalability test equation: scalability95
SETTING UP CONVECTIVE FLUX EXPRESSION IN X DIRECTION USING CENTRAL
SETTING UP CONVECTIVE FLUX EXPRESSION IN Y DIRECTION USING CENTRAL
SETTING UP CONVECTIVE FLUX EXPRESSION IN Z DIRECTION USING CENTRAL
Setting initial conditions for scalability test equation: scalability96
SETTING UP CONVECTIVE FLUX EXPRESSION IN X DIRECTION USING CENTRAL
SETTING UP CONVECTIVE FLUX EXPRESSION IN Y DIRECTION USING CENTRAL
SETTING UP CONVECTIVE FLUX EXPRESSION IN Z DIRECTION USING CENTRAL
Setting initial conditions for scalability test equation: scalability97
SETTING UP CONVECTIVE FLUX EXPRESSION IN X DIRECTION USING CENTRAL
SETTING UP CONVECTIVE FLUX EXPRESSION IN Y DIRECTION USING CENTRAL
SETTING UP CONVECTIVE FLUX EXPRESSION IN Z DIRECTION USING CENTRAL
Setting initial conditions for scalability test equation: scalability98
SETTING UP CONVECTIVE FLUX EXPRESSION IN X DIRECTION USING CENTRAL
SETTING UP CONVECTIVE FLUX EXPRESSION IN Y DIRECTION USING CENTRAL
SETTING UP CONVECTIVE FLUX EXPRESSION IN Z DIRECTION USING CENTRAL
Setting initial conditions for scalability test equation: scalability99
------------------------------------------------
No BoundaryConditions specified
  This message will only occur once

Compiling initialization taskgraph.
------------------------------------------------
SETTING INITIAL BOUNDARY CONDITIONS:
------------------------------------------------
Setting Initial BCs for transport equation 'scalability0'
Setting Initial BCs for transport equation 'scalability1'
Setting Initial BCs for transport equation 'scalability2'
Setting Initial BCs for transport equation 'scalability3'
Setting Initial BCs for transport equation 'scalability4'
Setting Initial BCs for transport equation 'scalability5'
Setting Initial BCs for transport equation 'scalability6'
Setting Initial BCs for transport equation 'scalability7'
Setting Initial BCs for transport equation 'scalability8'
Setting Initial BCs for transport equation 'scalability9'
Setting Initial BCs for transport equation 'scalability10'
Setting Initial BCs for transport equation 'scalability11'
Setting Initial BCs for transport equation 'scalability12'
Setting Initial BCs for transport equation 'scalability13'
Setting Initial BCs for transport equation 'scalability14'
Setting Initial BCs for transport equation 'scalability15'
Setting Initial BCs for transport equation 'scalability16'
Setting Initial BCs for transport equation 'scalability17'
Setting Initial BCs for transport equation 'scalability18'
Setting Initial BCs for transport equation 'scalability19'
Setting Initial BCs for transport equation 'scalability20'
Setting Initial BCs for transport equation 'scalability21'
Setting Initial BCs for transport equation 'scalability22'
Setting Initial BCs for transport equation 'scalability23'
Setting Initial BCs for transport equation 'scalability24'
Setting Initial BCs for transport equation 'scalability25'
Setting Initial BCs for transport equation 'scalability26'
Setting Initial BCs for transport equation 'scalability27'
Setting Initial BCs for transport equation 'scalability28'
Setting Initial BCs for transport equation 'scalability29'
Setting Initial BCs for transport equation 'scalability30'
Setting Initial BCs for transport equation 'scalability31'
Setting Initial BCs for transport equation 'scalability32'
Setting Initial BCs for transport equation 'scalability33'
Setting Initial BCs for transport equation 'scalability34'
Setting Initial BCs for transport equation 'scalability35'
Setting Initial BCs for transport equation 'scalability36'
Setting Initial BCs for transport equation 'scalability37'
Setting Initial BCs for transport equation 'scalability38'
Setting Initial BCs for transport equation 'scalability39'
Setting Initial BCs for transport equation 'scalability40'
Setting Initial BCs for transport equation 'scalability41'
Setting Initial BCs for transport equation 'scalability42'
Setting Initial BCs for transport equation 'scalability43'
Setting Initial BCs for transport equation 'scalability44'
Setting Initial BCs for transport equation 'scalability45'
Setting Initial BCs for transport equation 'scalability46'
Setting Initial BCs for transport equation 'scalability47'
Setting Initial BCs for transport equation 'scalability48'
Setting Initial BCs for transport equation 'scalability49'
Setting Initial BCs for transport equation 'scalability50'
Setting Initial BCs for transport equation 'scalability51'
Setting Initial BCs for transport equation 'scalability52'
Setting Initial BCs for transport equation 'scalability53'
Setting Initial BCs for transport equation 'scalability54'
Setting Initial BCs for transport equation 'scalability55'
Setting Initial BCs for transport equation 'scalability56'
Setting Initial BCs for transport equation 'scalability57'
Setting Initial BCs for transport equation 'scalability58'
Setting Initial BCs for transport equation 'scalability59'
Setting Initial BCs for transport equation 'scalability60'
Setting Initial BCs for transport equation 'scalability61'
Setting Initial BCs for transport equation 'scalability62'
Setting Initial BCs for transport equation 'scalability63'
Setting Initial BCs for transport equation 'scalability64'
Setting Initial BCs for transport equation 'scalability65'
Setting Initial BCs for transport equation 'scalability66'
Setting Initial BCs for transport equation 'scalability67'
Setting Initial BCs for transport equation 'scalability68'
Setting Initial BCs for transport equation 'scalability69'
Setting Initial BCs for transport equation 'scalability70'
Setting Initial BCs for transport equation 'scalability71'
Setting Initial BCs for transport equation 'scalability72'
Setting Initial BCs for transport equation 'scalability73'
Setting Initial BCs for transport equation 'scalability74'
Setting Initial BCs for transport equation 'scalability75'
Setting Initial BCs for transport equation 'scalability76'
Setting Initial BCs for transport equation 'scalability77'
Setting Initial BCs for transport equation 'scalability78'
Setting Initial BCs for transport equation 'scalability79'
Setting Initial BCs for transport equation 'scalability80'
Setting Initial BCs for transport equation 'scalability81'
Setting Initial BCs for transport equation 'scalability82'
Setting Initial BCs for transport equation 'scalability83'
Setting Initial BCs for transport equation 'scalability84'
Setting Initial BCs for transport equation 'scalability85'
Setting Initial BCs for transport equation 'scalability86'
Setting Initial BCs for transport equation 'scalability87'
Setting Initial BCs for transport equation 'scalability88'
Setting Initial BCs for transport equation 'scalability89'
Setting Initial BCs for transport equation 'scalability90'
Setting Initial BCs for transport equation 'scalability91'
Setting Initial BCs for transport equation 'scalability92'
Setting Initial BCs for transport equation 'scalability93'
Setting Initial BCs for transport equation 'scalability94'
Setting Initial BCs for transport equation 'scalability95'
Setting Initial BCs for transport equation 'scalability96'
Setting Initial BCs for transport equation 'scalability97'
Setting Initial BCs for transport equation 'scalability98'
Setting Initial BCs for transport equation 'scalability99'
------------------------------------------------
Wasatch: done creating initialization task(s)
Scheduling Task 'compute timestep' COMPUTES 'delT' in NEW data warehouse
Wasatch: done creating timestep task(s)
Done with taskgraph compile (0.000690319 seconds)
Warning: addContribution not implemented for LoadBalancerCommon.
WARNING at time step 0 and sim time 0 : lowering the next delT from 1 to the maximum: 1e-05

________________________________________________________________________________
--------------------------------------------------------------------------------
MPIStats:+
--------------------------------------------------------------------------------
                Name:       Total:         Avg:         Min:         Max:    Max rank: Hist %% [  Q1 |  Q2 |  Q3 |  Q4 ]:  %%Load Imbalance
         Count: Comm:     1.02e+03            1            1            1         1022           100.0   0.0   0.0   0.0     0.0
         Count: Gath:     2.05e+03            2            2            2         1022           100.0   0.0   0.0   0.0     0.0
         Count: Redu:     1.02e+03            1            1            1         1022           100.0   0.0   0.0   0.0     0.0
          Time: Comm:      4.22 s       4.12 ms      1.78 ms      7.11 ms          870            31.2  25.9  36.6   6.2    42.1
          Time: Gath:       139 s      0.136 s       35.1 ms     0.228 s           984            14.1  35.4  29.0  21.5    40.4
          Time: Redu:      60.8 s       59.3 ms     0.386 ms     0.101 s           124             3.4  27.2  44.8  24.5    41.2
Volume Recv TOTAL   :      7.29 MB      7.29 KB      7.29 KB      7.29 KB         1022           100.0   0.0   0.0   0.0     0.0
Volume Recv0: <= 64B:     1.02e+03            1            1            1         1022           100.0   0.0   0.0   0.0     0.0
Volume Recv1: <= 4KB:     1.02e+03            1            1            1         1022           100.0   0.0   0.0   0.0     0.0
Volume Recv2: <= 2MB:     1.02e+03            1            1            1         1022           100.0   0.0   0.0   0.0     0.0
Volume Send TOTAL   :       272 KB    272.031 B        269 B        273 B          774            24.2   0.0   0.0  75.8     0.4
Volume Send0: <= 64B:     2.05e+03            2            2            2         1022           100.0   0.0   0.0   0.0     0.0
Volume Send1: <= 4KB:     1.02e+03            1            1            1         1022           100.0   0.0   0.0   0.0     0.0


Simulation and run time stats are reported at the end of each time step
EMA == Wall time as an exponential moving average using a window of the last 10 time steps
Timestep 0       Time=0           Next delT=1e-05       Wall Time=0.216277  EMA=0.215627    Memory Used=117.68 MBs (avg) 118.55 MBs (max on rank: 773   )
Warning: finalizeContributions not implemented for LoadBalancerCommon.
Warning: resetCostForecaster not implemented for LoadBalancerCommon.
Compiling taskgraph(s)...
------------------------------------------------
SETTING BOUNDARY CONDITIONS:
------------------------------------------------
Setting BCs for transport equation 'scalability0'
Setting BCs for transport equation 'scalability1'
Setting BCs for transport equation 'scalability2'
Setting BCs for transport equation 'scalability3'
Setting BCs for transport equation 'scalability4'
Setting BCs for transport equation 'scalability5'
Setting BCs for transport equation 'scalability6'
Setting BCs for transport equation 'scalability7'
Setting BCs for transport equation 'scalability8'
Setting BCs for transport equation 'scalability9'
Setting BCs for transport equation 'scalability10'
Setting BCs for transport equation 'scalability11'
Setting BCs for transport equation 'scalability12'
Setting BCs for transport equation 'scalability13'
Setting BCs for transport equation 'scalability14'
Setting BCs for transport equation 'scalability15'
Setting BCs for transport equation 'scalability16'
Setting BCs for transport equation 'scalability17'
Setting BCs for transport equation 'scalability18'
Setting BCs for transport equation 'scalability19'
Setting BCs for transport equation 'scalability20'
Setting BCs for transport equation 'scalability21'
Setting BCs for transport equation 'scalability22'
Setting BCs for transport equation 'scalability23'
Setting BCs for transport equation 'scalability24'
Setting BCs for transport equation 'scalability25'
Setting BCs for transport equation 'scalability26'
Setting BCs for transport equation 'scalability27'
Setting BCs for transport equation 'scalability28'
Setting BCs for transport equation 'scalability29'
Setting BCs for transport equation 'scalability30'
Setting BCs for transport equation 'scalability31'
Setting BCs for transport equation 'scalability32'
Setting BCs for transport equation 'scalability33'
Setting BCs for transport equation 'scalability34'
Setting BCs for transport equation 'scalability35'
Setting BCs for transport equation 'scalability36'
Setting BCs for transport equation 'scalability37'
Setting BCs for transport equation 'scalability38'
Setting BCs for transport equation 'scalability39'
Setting BCs for transport equation 'scalability40'
Setting BCs for transport equation 'scalability41'
Setting BCs for transport equation 'scalability42'
Setting BCs for transport equation 'scalability43'
Setting BCs for transport equation 'scalability44'
Setting BCs for transport equation 'scalability45'
Setting BCs for transport equation 'scalability46'
Setting BCs for transport equation 'scalability47'
Setting BCs for transport equation 'scalability48'
Setting BCs for transport equation 'scalability49'
Setting BCs for transport equation 'scalability50'
Setting BCs for transport equation 'scalability51'
Setting BCs for transport equation 'scalability52'
Setting BCs for transport equation 'scalability53'
Setting BCs for transport equation 'scalability54'
Setting BCs for transport equation 'scalability55'
Setting BCs for transport equation 'scalability56'
Setting BCs for transport equation 'scalability57'
Setting BCs for transport equation 'scalability58'
Setting BCs for transport equation 'scalability59'
Setting BCs for transport equation 'scalability60'
Setting BCs for transport equation 'scalability61'
Setting BCs for transport equation 'scalability62'
Setting BCs for transport equation 'scalability63'
Setting BCs for transport equation 'scalability64'
Setting BCs for transport equation 'scalability65'
Setting BCs for transport equation 'scalability66'
Setting BCs for transport equation 'scalability67'
Setting BCs for transport equation 'scalability68'
Setting BCs for transport equation 'scalability69'
Setting BCs for transport equation 'scalability70'
Setting BCs for transport equation 'scalability71'
Setting BCs for transport equation 'scalability72'
Setting BCs for transport equation 'scalability73'
Setting BCs for transport equation 'scalability74'
Setting BCs for transport equation 'scalability75'
Setting BCs for transport equation 'scalability76'
Setting BCs for transport equation 'scalability77'
Setting BCs for transport equation 'scalability78'
Setting BCs for transport equation 'scalability79'
Setting BCs for transport equation 'scalability80'
Setting BCs for transport equation 'scalability81'
Setting BCs for transport equation 'scalability82'
Setting BCs for transport equation 'scalability83'
Setting BCs for transport equation 'scalability84'
Setting BCs for transport equation 'scalability85'
Setting BCs for transport equation 'scalability86'
Setting BCs for transport equation 'scalability87'
Setting BCs for transport equation 'scalability88'
Setting BCs for transport equation 'scalability89'
Setting BCs for transport equation 'scalability90'
Setting BCs for transport equation 'scalability91'
Setting BCs for transport equation 'scalability92'
Setting BCs for transport equation 'scalability93'
Setting BCs for transport equation 'scalability94'
Setting BCs for transport equation 'scalability95'
Setting BCs for transport equation 'scalability96'
Setting BCs for transport equation 'scalability97'
Setting BCs for transport equation 'scalability98'
Setting BCs for transport equation 'scalability99'
------------------------------------------------
Wasatch: done creating solution task(s)
Wasatch: done creating post-processing task(s)
Scheduling Task 'compute timestep' COMPUTES 'delT' in NEW data warehouse
Wasatch: done creating timestep task(s)
Done with taskgraph compile (0.15458 seconds)

________________________________________________________________________________
--------------------------------------------------------------------------------
MPIStats:+
--------------------------------------------------------------------------------
                Name:       Total:         Avg:         Min:         Max:    Max rank: Hist %% [  Q1 |  Q2 |  Q3 |  Q4 ]:  %%Load Imbalance
         Count: Recv:     2.66e+04           26           26           26         1022           100.0   0.0   0.0   0.0     0.0
         Count: Redu:     8.19e+03            8            8            8         1022           100.0   0.0   0.0   0.0     0.0
         Count: Send:     2.66e+04           26           26           26         1022           100.0   0.0   0.0   0.0     0.0
         Count: Test:     8.96e+03         8.75            6           29         1022            82.4  11.3   4.8   1.5    69.8
         Count: Wait:     4.71e+04           46           46           46         1022           100.0   0.0   0.0   0.0     0.0
          Time: Recv:      81.8 ms    0.0799 ms    0.0214 ms     0.306 ms          895            67.7  28.1   3.3   0.9    73.9
          Time: Redu:       300 s      0.293 s      0.724 ms     0.443 s           731             8.5  12.1  32.7  46.7    33.8
          Time: Send:       1.5 s       1.46 ms      1.09 ms      2.35 ms          998            40.8  52.7   5.5   1.0    37.7
          Time: Test:     0.157 s      0.153 ms    0.0116 ms     0.535 ms           61            46.9  49.5   3.0   0.6    71.3
          Time: Wait:      81.8 s       79.9 ms      5.69 ms     0.359 s           499            77.6   0.6   9.2  12.6    77.8
Volume Recv TOTAL   :      4.99 GB      4.99 MB      4.99 MB      4.99 MB            0            99.9   0.0   0.0   0.1     0.0
Volume Recv0: <= 64B:     1.02e+03            1            1            2            0            99.9   0.0   0.0   0.1    50.0
Volume Recv1: <= 4KB:     9.22e+03            9            9           14            0            99.9   0.0   0.0   0.1    35.7
Volume Recv2: <= 2MB:     1.84e+04           18           18           18         1022           100.0   0.0   0.0   0.0     0.0
Volume Send TOTAL   :      4.99 GB      4.99 MB      4.99 MB      4.99 MB         1022           100.0   0.0   0.0   0.0     0.0
Volume Send0: <= 64B:     2.05e+03            2            2            2         1022           100.0   0.0   0.0   0.0     0.0
Volume Send1: <= 4KB:     1.43e+04           14           14           14         1022           100.0   0.0   0.0   0.0     0.0
Volume Send2: <= 2MB:     1.84e+04           18           18           18         1022           100.0   0.0   0.0   0.0     0.0

Timestep 1       Time=1e-05       Next delT=1e-05       Wall Time=1.01705   EMA=0.800724    Memory Used=212.55 MBs (avg) 213.33 MBs (max on rank: 768   )
Runtime Summary  summary stats for time step 1 at time=1e-05
  Description       Units       Minimum           Rank   Average (1024)    Std. Dev.         Maximum           Rank   100*(1-ave/max) '% load imbalance'
  Compilation       [seconds] : 0.135677        : 126  : 0.148836        : 0.00936838      : 0.184788        : 931  : 19.4559
  TaskExec          [seconds] : 0.246872        : 892  : 0.552715        : 0.110736        : 0.635233        : 208  : 12.9902
  TaskLocalComm     [seconds] : 0.0242573       : 146  : 0.0304268       : 0.00258288      : 0.0419894       : 520  : 27.5369
  TaskWaitCommTime  [seconds] : 0.0126636       : 84   : 0.0861374       : 0.105718        : 0.365042        : 189  : 76.4035
  NumberOfTasks     [tasks  ] : 6               : 0    : 6               : 0               : 6               : 0    : 0
  NumberOfPatches   [patches] : 1               : 0    : 1               : 0               : 1               : 0    : 0
  NumberOfCells     [cells  ] : 32768           : 0    : 32768           : 0               : 32768           : 0    : 0
  SCIMemoryUsed     [MBytes ] : 2.11431e+08     : 701  : 2.12547e+08     : 293488          : 2.13328e+08     : 768  : 0.365953
  SCIMemoryMaxUsed  [MBytes ] : 2.11431e+08     : 701  : 2.12547e+08     : 293488          : 2.13328e+08     : 768  : 0.365953
  MemoryUsed        [MBytes ] : 7.88455e+08     : 815  : 8.13512e+08     : 7.43289e+06     : 8.31263e+08     : 48   : 2.13538
  MemoryResident    [MBytes ] : 2.11431e+08     : 701  : 2.12547e+08     : 293488          : 2.13328e+08     : 768  : 0.365953
  Percentage of time spent in overhead : 18.1926

________________________________________________________________________________
--------------------------------------------------------------------------------
MPIStats:+
--------------------------------------------------------------------------------
                Name:       Total:         Avg:         Min:         Max:    Max rank: Hist %% [  Q1 |  Q2 |  Q3 |  Q4 ]:  %%Load Imbalance
         Count: Recv:     2.66e+04           26           26           26         1022           100.0   0.0   0.0   0.0     0.0
         Count: Redu:     8.19e+03            8            8            8         1022           100.0   0.0   0.0   0.0     0.0
         Count: Send:     2.66e+04           26           26           26         1022           100.0   0.0   0.0   0.0     0.0
         Count: Test:     8.32e+03         8.13            6           30         1023            90.0   6.0   2.8   1.2    72.9
         Count: Wait:     4.71e+04           46           46           46         1022           100.0   0.0   0.0   0.0     0.0
          Time: Recv:      80.5 ms    0.0787 ms    0.0201 ms     0.244 ms          639            59.0  28.2  10.8   2.0    67.8
          Time: Redu:       293 s      0.287 s      0.575 ms     0.423 s           608             3.7  18.1  39.1  39.2    32.3
          Time: Send:     0.188 s      0.184 ms     0.119 ms     0.401 ms          127            66.6  28.0   4.5   0.9    54.2
          Time: Test:      43.1 ms    0.0421 ms  3.08e+03 ns     0.315 ms          966            85.4  11.9   2.4   0.3    86.6
          Time: Wait:      83.7 s       81.7 ms      8.18 ms     0.329 s           338            69.3   4.7  16.4   9.6    75.2
Volume Recv TOTAL   :      4.99 GB      4.99 MB      4.99 MB      4.99 MB            0            99.9   0.0   0.0   0.1     0.0
Volume Recv0: <= 64B:     1.02e+03            1            1            2            0            99.9   0.0   0.0   0.1    50.0
Volume Recv1: <= 4KB:     9.22e+03            9            9           14            0            99.9   0.0   0.0   0.1    35.7
Volume Recv2: <= 2MB:     1.84e+04           18           18           18         1022           100.0   0.0   0.0   0.0     0.0
Volume Send TOTAL   :      4.99 GB      4.99 MB      4.99 MB      4.99 MB         1022           100.0   0.0   0.0   0.0     0.0
Volume Send0: <= 64B:     2.05e+03            2            2            2         1022           100.0   0.0   0.0   0.0     0.0
Volume Send1: <= 4KB:     1.43e+04           14           14           14         1022           100.0   0.0   0.0   0.0     0.0
Volume Send2: <= 2MB:     1.84e+04           18           18           18         1022           100.0   0.0   0.0   0.0     0.0

Timestep 2       Time=2e-05       Next delT=1e-05       Wall Time=1.6075    EMA=0.660538    Memory Used=213.43 MBs (avg) 221.94 MBs (max on rank: 205   )
Runtime Summary  summary stats for time step 2 at time=2e-05
  Description       Units       Minimum           Rank   Average (1024)    Std. Dev.         Maximum           Rank   100*(1-ave/max) '% load imbalance'
  TaskExec          [seconds] : 0.238504        : 338  : 0.490961        : 0.0975719       : 0.5652          : 806  : 13.135
  TaskLocalComm     [seconds] : 0.0237835       : 775  : 0.029083        : 0.0035176       : 0.0373678       : 249  : 22.1708
  TaskWaitCommTime  [seconds] : 0.0131282       : 806  : 0.0875243       : 0.0972616       : 0.339042        : 338  : 74.1848
  NumberOfTasks     [tasks  ] : 6               : 0    : 6               : 0               : 6               : 0    : 0
  NumberOfPatches   [patches] : 1               : 0    : 1               : 0               : 1               : 0    : 0
  NumberOfCells     [cells  ] : 32768           : 0    : 32768           : 0               : 32768           : 0    : 0
  SCIMemoryUsed     [MBytes ] : 2.12058e+08     : 833  : 2.13431e+08     : 1.61298e+06     : 2.21938e+08     : 205  : 3.83309
  SCIMemoryMaxUsed  [MBytes ] : 2.12058e+08     : 833  : 2.13431e+08     : 1.61298e+06     : 2.21938e+08     : 205  : 3.83309
  MemoryUsed        [MBytes ] : 7.97176e+08     : 891  : 8.14359e+08     : 6.98519e+06     : 8.31894e+08     : 448  : 2.10782
  MemoryResident    [MBytes ] : 2.12058e+08     : 833  : 2.13431e+08     : 1.61298e+06     : 2.21938e+08     : 205  : 3.83309
  Percentage of time spent in overhead : 9.09621

________________________________________________________________________________
--------------------------------------------------------------------------------
MPIStats:+
--------------------------------------------------------------------------------
                Name:       Total:         Avg:         Min:         Max:    Max rank: Hist %% [  Q1 |  Q2 |  Q3 |  Q4 ]:  %%Load Imbalance
         Count: Recv:     2.66e+04           26           26           26         1022           100.0   0.0   0.0   0.0     0.0
         Count: Redu:     8.19e+03            8            8            8         1022           100.0   0.0   0.0   0.0     0.0
         Count: Send:     2.66e+04           26           26           26         1022           100.0   0.0   0.0   0.0     0.0
         Count: Test:     7.15e+03         6.98            6           22         1014            94.2   2.0   2.1   1.8    68.3
         Count: Wait:     4.71e+04           46           46           46         1022           100.0   0.0   0.0   0.0     0.0
          Time: Recv:      49.1 ms     0.048 ms    0.0198 ms     0.221 ms           63            78.6  15.2   4.0   2.1    78.3
          Time: Redu:       297 s       0.29 s      0.374 ms     0.411 s           582             1.6  16.0  34.7  47.8    29.3
          Time: Send:     0.197 s      0.193 ms     0.133 ms      0.43 ms           60            73.9  22.4   3.2   0.5    55.2
          Time: Test:      20.1 ms    0.0196 ms  2.49e+03 ns     0.234 ms          127            92.1   5.7   1.2   1.1    91.6
          Time: Wait:      84.6 s       82.6 ms      7.72 ms     0.283 s           224            66.2   1.8  17.7  14.4    70.8
Volume Recv TOTAL   :      4.99 GB      4.99 MB      4.99 MB      4.99 MB            0            99.9   0.0   0.0   0.1     0.0
Volume Recv0: <= 64B:     1.02e+03            1            1            2            0            99.9   0.0   0.0   0.1    50.0
Volume Recv1: <= 4KB:     9.22e+03            9            9           14            0            99.9   0.0   0.0   0.1    35.7
Volume Recv2: <= 2MB:     1.84e+04           18           18           18         1022           100.0   0.0   0.0   0.0     0.0
Volume Send TOTAL   :      4.99 GB      4.99 MB      4.99 MB      4.99 MB         1022           100.0   0.0   0.0   0.0     0.0
Volume Send0: <= 64B:     2.05e+03            2            2            2         1022           100.0   0.0   0.0   0.0     0.0
Volume Send1: <= 4KB:     1.43e+04           14           14           14         1022           100.0   0.0   0.0   0.0     0.0
Volume Send2: <= 2MB:     1.84e+04           18           18           18         1022           100.0   0.0   0.0   0.0     0.0

Timestep 3       Time=3e-05       Next delT=1e-05       Wall Time=2.18902   EMA=0.621033    Memory Used=215.01 MBs (avg) 223.81 MBs (max on rank: 419   )
Runtime Summary  summary stats for time step 3 at time=3e-05
  Description       Units       Minimum           Rank   Average (1024)    Std. Dev.         Maximum           Rank   100*(1-ave/max) '% load imbalance'
  TaskExec          [seconds] : 0.281188        : 224  : 0.48069         : 0.0922907       : 0.556358        : 649  : 13.6006
  TaskLocalComm     [seconds] : 0.0241415       : 775  : 0.0293315       : 0.00345319      : 0.0369862       : 890  : 20.696
  TaskWaitCommTime  [seconds] : 0.0129582       : 649  : 0.0884764       : 0.092131        : 0.288662        : 224  : 69.3495
  NumberOfTasks     [tasks  ] : 6               : 0    : 6               : 0               : 6               : 0    : 0
  NumberOfPatches   [patches] : 1               : 0    : 1               : 0               : 1               : 0    : 0
  NumberOfCells     [cells  ] : 32768           : 0    : 32768           : 0               : 32768           : 0    : 0
  SCIMemoryUsed     [MBytes ] : 2.12591e+08     : 71   : 2.15011e+08     : 1.72466e+06     : 2.2381e+08      : 419  : 3.93118
  SCIMemoryMaxUsed  [MBytes ] : 2.12591e+08     : 71   : 2.15011e+08     : 1.72466e+06     : 2.2381e+08      : 419  : 3.93118
  MemoryUsed        [MBytes ] : 7.97573e+08     : 815  : 8.15879e+08     : 6.98758e+06     : 8.35023e+08     : 748  : 2.29261
  MemoryResident    [MBytes ] : 2.12591e+08     : 71   : 2.15011e+08     : 1.72466e+06     : 2.2381e+08      : 419  : 3.93118
  Percentage of time spent in overhead : 6.06371

________________________________________________________________________________
--------------------------------------------------------------------------------
MPIStats:+
--------------------------------------------------------------------------------
                Name:       Total:         Avg:         Min:         Max:    Max rank: Hist %% [  Q1 |  Q2 |  Q3 |  Q4 ]:  %%Load Imbalance
         Count: Recv:     2.66e+04           26           26           26         1022           100.0   0.0   0.0   0.0     0.0
         Count: Redu:     8.19e+03            8            8            8         1022           100.0   0.0   0.0   0.0     0.0
         Count: Send:     2.66e+04           26           26           26         1022           100.0   0.0   0.0   0.0     0.0
         Count: Test:     7.22e+03         7.05            6           23          993            94.4   1.9   2.3   1.4    69.4
         Count: Wait:     4.71e+04           46           46           46         1022           100.0   0.0   0.0   0.0     0.0
          Time: Recv:      52.5 ms    0.0513 ms      0.02 ms     0.253 ms          120            80.0  13.5   5.4   1.2    79.7
          Time: Redu:       226 s      0.221 s      0.379 ms     0.349 s            22             7.0  22.6  29.7  40.7    36.7
          Time: Send:     0.201 s      0.196 ms     0.139 ms     0.426 ms          634            74.8  21.2   3.3   0.7    54.0
          Time: Test:      20.5 ms      0.02 ms  2.64e+03 ns     0.328 ms          961            96.7   2.3   0.7   0.3    93.9
          Time: Wait:      87.6 s       85.5 ms      7.07 ms      0.34 s           936            65.8   8.4  18.8   6.9    74.8
Volume Recv TOTAL   :      4.99 GB      4.99 MB      4.99 MB      4.99 MB            0            99.9   0.0   0.0   0.1     0.0
Volume Recv0: <= 64B:     1.02e+03            1            1            2            0            99.9   0.0   0.0   0.1    50.0
Volume Recv1: <= 4KB:     9.22e+03            9            9           14            0            99.9   0.0   0.0   0.1    35.7
Volume Recv2: <= 2MB:     1.84e+04           18           18           18         1022           100.0   0.0   0.0   0.0     0.0
Volume Send TOTAL   :      4.99 GB      4.99 MB      4.99 MB      4.99 MB         1022           100.0   0.0   0.0   0.0     0.0
Volume Send0: <= 64B:     2.05e+03            2            2            2         1022           100.0   0.0   0.0   0.0     0.0
Volume Send1: <= 4KB:     1.43e+04           14           14           14         1022           100.0   0.0   0.0   0.0     0.0
Volume Send2: <= 2MB:     1.84e+04           18           18           18         1022           100.0   0.0   0.0   0.0     0.0

Timestep 4       Time=4e-05       Next delT=1e-05       Wall Time=2.70702   EMA=0.579819    Memory Used=215.46 MBs (avg) 224.26 MBs (max on rank: 117   )
Runtime Summary  summary stats for time step 4 at time=4e-05
  Description       Units       Minimum           Rank   Average (1024)    Std. Dev.         Maximum           Rank   100*(1-ave/max) '% load imbalance'
  TaskExec          [seconds] : 0.160454        : 936  : 0.413551        : 0.09719         : 0.492308        : 646  : 15.9974
  TaskLocalComm     [seconds] : 0.0244302       : 773  : 0.0294586       : 0.0034557       : 0.0369862       : 636  : 20.3525
  TaskWaitCommTime  [seconds] : 0.0127219       : 989  : 0.0916422       : 0.0971152       : 0.345208        : 936  : 73.453
  NumberOfTasks     [tasks  ] : 6               : 0    : 6               : 0               : 6               : 0    : 0
  NumberOfPatches   [patches] : 1               : 0    : 1               : 0               : 1               : 0    : 0
  NumberOfCells     [cells  ] : 32768           : 0    : 32768           : 0               : 32768           : 0    : 0
  SCIMemoryUsed     [MBytes ] : 2.12509e+08     : 345  : 2.15456e+08     : 1.81129e+06     : 2.2426e+08      : 117  : 3.9258
  SCIMemoryMaxUsed  [MBytes ] : 2.12509e+08     : 345  : 2.15456e+08     : 1.81129e+06     : 2.2426e+08      : 117  : 3.9258
  MemoryUsed        [MBytes ] : 7.94755e+08     : 853  : 8.16243e+08     : 7.07157e+06     : 8.35346e+08     : 704  : 2.28691
  MemoryResident    [MBytes ] : 2.12509e+08     : 345  : 2.15456e+08     : 1.81129e+06     : 2.2426e+08      : 117  : 3.9258
  Percentage of time spent in overhead : 4.54686

________________________________________________________________________________
--------------------------------------------------------------------------------
MPIStats:+
--------------------------------------------------------------------------------
                Name:       Total:         Avg:         Min:         Max:    Max rank: Hist %% [  Q1 |  Q2 |  Q3 |  Q4 ]:  %%Load Imbalance
         Count: Recv:     2.66e+04           26           26           26         1022           100.0   0.0   0.0   0.0     0.0
         Count: Redu:     8.19e+03            8            8            8         1022           100.0   0.0   0.0   0.0     0.0
         Count: Send:     2.66e+04           26           26           26         1022           100.0   0.0   0.0   0.0     0.0
         Count: Test:     7.24e+03         7.08            6           22         1014            92.4   3.5   2.2   1.9    67.8
         Count: Wait:     4.71e+04           46           46           46         1022           100.0   0.0   0.0   0.0     0.0
          Time: Recv:      52.9 ms    0.0517 ms    0.0201 ms     0.238 ms          829            78.0  14.6   5.3   2.1    78.3
          Time: Redu:       198 s      0.193 s      0.364 ms     0.319 s            21            10.8  21.4  36.6  31.2    39.4
          Time: Send:     0.199 s      0.194 ms     0.134 ms     0.466 ms          890            78.7  18.6   2.2   0.5    58.3
          Time: Test:      21.7 ms    0.0212 ms  2.61e+03 ns     0.428 ms          621            97.1   2.4   0.3   0.2    95.0
          Time: Wait:      85.9 s       83.9 ms       6.1 ms     0.284 s            37            63.9   2.1  17.9  16.2    70.4
Volume Recv TOTAL   :      4.99 GB      4.99 MB      4.99 MB      4.99 MB            0            99.9   0.0   0.0   0.1     0.0
Volume Recv0: <= 64B:     1.02e+03            1            1            2            0            99.9   0.0   0.0   0.1    50.0
Volume Recv1: <= 4KB:     9.22e+03            9            9           14            0            99.9   0.0   0.0   0.1    35.7
Volume Recv2: <= 2MB:     1.84e+04           18           18           18         1022           100.0   0.0   0.0   0.0     0.0
Volume Send TOTAL   :      4.99 GB      4.99 MB      4.99 MB      4.99 MB         1022           100.0   0.0   0.0   0.0     0.0
Volume Send0: <= 64B:     2.05e+03            2            2            2         1022           100.0   0.0   0.0   0.0     0.0
Volume Send1: <= 4KB:     1.43e+04           14           14           14         1022           100.0   0.0   0.0   0.0     0.0
Volume Send2: <= 2MB:     1.84e+04           18           18           18         1022           100.0   0.0   0.0   0.0     0.0

Timestep 5       Time=5e-05       Next delT=1e-05       Wall Time=3.19009   EMA=0.547567    Memory Used=215.91 MBs (avg) 225.13 MBs (max on rank: 659   )
Runtime Summary  summary stats for time step 5 at time=5e-05
  Description       Units       Minimum           Rank   Average (1024)    Std. Dev.         Maximum           Rank   100*(1-ave/max) '% load imbalance'
  TaskExec          [seconds] : 0.182074        : 37   : 0.380402        : 0.0915091       : 0.458972        : 649  : 17.1188
  TaskLocalComm     [seconds] : 0.0241935       : 769  : 0.0298661       : 0.00351735      : 0.0381813       : 998  : 21.7782
  TaskWaitCommTime  [seconds] : 0.0118862       : 655  : 0.090025        : 0.0913999       : 0.289102        : 37   : 68.8605
  NumberOfTasks     [tasks  ] : 6               : 0    : 6               : 0               : 6               : 0    : 0
  NumberOfPatches   [patches] : 1               : 0    : 1               : 0               : 1               : 0    : 0
  NumberOfCells     [cells  ] : 32768           : 0    : 32768           : 0               : 32768           : 0    : 0
  SCIMemoryUsed     [MBytes ] : 2.12386e+08     : 631  : 2.15909e+08     : 1.92079e+06     : 2.25133e+08     : 659  : 4.09715
  SCIMemoryMaxUsed  [MBytes ] : 2.12386e+08     : 631  : 2.15909e+08     : 1.92079e+06     : 2.25133e+08     : 659  : 4.09715
  MemoryUsed        [MBytes ] : 7.98216e+08     : 853  : 8.16674e+08     : 7.08701e+06     : 8.35658e+08     : 528  : 2.27173
  MemoryResident    [MBytes ] : 2.12386e+08     : 631  : 2.15909e+08     : 1.92079e+06     : 2.25133e+08     : 659  : 4.09715
  Percentage of time spent in overhead : 3.63601

________________________________________________________________________________
--------------------------------------------------------------------------------
MPIStats:+
--------------------------------------------------------------------------------
                Name:       Total:         Avg:         Min:         Max:    Max rank: Hist %% [  Q1 |  Q2 |  Q3 |  Q4 ]:  %%Load Imbalance
         Count: Recv:     2.66e+04           26           26           26         1022           100.0   0.0   0.0   0.0     0.0
         Count: Redu:     8.19e+03            8            8            8         1022           100.0   0.0   0.0   0.0     0.0
         Count: Send:     2.66e+04           26           26           26         1022           100.0   0.0   0.0   0.0     0.0
         Count: Test:     7.23e+03         7.06            6           22         1014            92.6   3.2   2.3   1.9    67.9
         Count: Wait:     4.71e+04           46           46           46         1022           100.0   0.0   0.0   0.0     0.0
          Time: Recv:      51.8 ms    0.0506 ms    0.0202 ms     0.218 ms          994            73.7  18.6   4.4   3.3    76.8
          Time: Redu:       206 s      0.201 s      0.386 ms      0.32 s            22             9.2  20.7  30.2  39.9    37.3
          Time: Send:     0.199 s      0.194 ms     0.137 ms     0.391 ms           60            67.8  27.2   4.0   1.0    50.4
          Time: Test:      21.5 ms     0.021 ms   2.4e+03 ns     0.428 ms          197            97.6   1.8   0.5   0.2    95.1
          Time: Wait:      80.3 s       78.4 ms      4.38 ms     0.279 s           256            65.5   0.9  20.6  13.0    71.9
Volume Recv TOTAL   :      4.99 GB      4.99 MB      4.99 MB      4.99 MB            0            99.9   0.0   0.0   0.1     0.0
Volume Recv0: <= 64B:     1.02e+03            1            1            2            0            99.9   0.0   0.0   0.1    50.0
Volume Recv1: <= 4KB:     9.22e+03            9            9           14            0            99.9   0.0   0.0   0.1    35.7
Volume Recv2: <= 2MB:     1.84e+04           18           18           18         1022           100.0   0.0   0.0   0.0     0.0
Volume Send TOTAL   :      4.99 GB      4.99 MB      4.99 MB      4.99 MB         1022           100.0   0.0   0.0   0.0     0.0
Volume Send0: <= 64B:     2.05e+03            2            2            2         1022           100.0   0.0   0.0   0.0     0.0
Volume Send1: <= 4KB:     1.43e+04           14           14           14         1022           100.0   0.0   0.0   0.0     0.0
Volume Send2: <= 2MB:     1.84e+04           18           18           18         1022           100.0   0.0   0.0   0.0     0.0

Timestep 6       Time=6e-05       Next delT=1e-05       Wall Time=3.6762    EMA=0.530009    Memory Used=216.24 MBs (avg) 225.72 MBs (max on rank: 205   )
Runtime Summary  summary stats for time step 6 at time=6e-05
  Description       Units       Minimum           Rank   Average (1024)    Std. Dev.         Maximum           Rank   100*(1-ave/max) '% load imbalance'
  TaskExec          [seconds] : 0.185641        : 256  : 0.388638        : 0.0897665       : 0.463854        : 975  : 16.2154
  TaskLocalComm     [seconds] : 0.0243978       : 773  : 0.0298202       : 0.0034848       : 0.0377795       : 783  : 21.0678
  TaskWaitCommTime  [seconds] : 0.00920894      : 975  : 0.0847978       : 0.0896335       : 0.287184        : 256  : 70.4726
  NumberOfTasks     [tasks  ] : 6               : 0    : 6               : 0               : 6               : 0    : 0
  NumberOfPatches   [patches] : 1               : 0    : 1               : 0               : 1               : 0    : 0
  NumberOfCells     [cells  ] : 32768           : 0    : 32768           : 0               : 32768           : 0    : 0
  SCIMemoryUsed     [MBytes ] : 2.12656e+08     : 710  : 2.1624e+08      : 1.93918e+06     : 2.25722e+08     : 205  : 4.20101
  SCIMemoryMaxUsed  [MBytes ] : 2.12656e+08     : 710  : 2.1624e+08      : 1.93918e+06     : 2.25722e+08     : 205  : 4.20101
  MemoryUsed        [MBytes ] : 7.96631e+08     : 815  : 8.16978e+08     : 7.11079e+06     : 8.35977e+08     : 64   : 2.27274
  MemoryResident    [MBytes ] : 2.12656e+08     : 710  : 2.1624e+08      : 1.93918e+06     : 2.25722e+08     : 205  : 4.20101
  Percentage of time spent in overhead : 3.02795

________________________________________________________________________________
--------------------------------------------------------------------------------
MPIStats:+
--------------------------------------------------------------------------------
                Name:       Total:         Avg:         Min:         Max:    Max rank: Hist %% [  Q1 |  Q2 |  Q3 |  Q4 ]:  %%Load Imbalance
         Count: Recv:     2.66e+04           26           26           26         1022           100.0   0.0   0.0   0.0     0.0
         Count: Redu:     8.19e+03            8            8            8         1022           100.0   0.0   0.0   0.0     0.0
         Count: Send:     2.66e+04           26           26           26         1022           100.0   0.0   0.0   0.0     0.0
         Count: Test:     7.22e+03         7.05            6           22         1014            92.7   3.2   2.2   1.9    68.0
         Count: Wait:     4.71e+04           46           46           46         1022           100.0   0.0   0.0   0.0     0.0
          Time: Recv:      51.2 ms      0.05 ms    0.0203 ms     0.239 ms          120            80.5  12.7   5.2   1.7    79.1
          Time: Redu:       239 s      0.233 s      0.324 ms     0.352 s            89             4.5  22.8  29.5  43.3    33.7
          Time: Send:       0.2 s      0.195 ms     0.133 ms     0.412 ms          127            66.7  28.6   3.9   0.8    52.6
          Time: Test:      21.2 ms    0.0207 ms  2.56e+03 ns     0.486 ms          986            97.8   1.8   0.3   0.2    95.7
          Time: Wait:      83.7 s       81.8 ms      4.46 ms     0.327 s           435            64.5   9.3  20.9   5.4    75.0
Volume Recv TOTAL   :      4.99 GB      4.99 MB      4.99 MB      4.99 MB            0            99.9   0.0   0.0   0.1     0.0
Volume Recv0: <= 64B:     1.02e+03            1            1            2            0            99.9   0.0   0.0   0.1    50.0
Volume Recv1: <= 4KB:     9.22e+03            9            9           14            0            99.9   0.0   0.0   0.1    35.7
Volume Recv2: <= 2MB:     1.84e+04           18           18           18         1022           100.0   0.0   0.0   0.0     0.0
Volume Send TOTAL   :      4.99 GB      4.99 MB      4.99 MB      4.99 MB         1022           100.0   0.0   0.0   0.0     0.0
Volume Send0: <= 64B:     2.05e+03            2            2            2         1022           100.0   0.0   0.0   0.0     0.0
Volume Send1: <= 4KB:     1.43e+04           14           14           14         1022           100.0   0.0   0.0   0.0     0.0
Volume Send2: <= 2MB:     1.84e+04           18           18           18         1022           100.0   0.0   0.0   0.0     0.0

Timestep 7       Time=7e-05       Next delT=1e-05       Wall Time=4.19627   EMA=0.527524    Memory Used=216.54 MBs (avg) 225.51 MBs (max on rank: 45    )
Runtime Summary  summary stats for time step 7 at time=7e-05
  Description       Units       Minimum           Rank   Average (1024)    Std. Dev.         Maximum           Rank   100*(1-ave/max) '% load imbalance'
  TaskExec          [seconds] : 0.173443        : 435  : 0.419337        : 0.0926448       : 0.496035        : 150  : 15.4622
  TaskLocalComm     [seconds] : 0.024612        : 773  : 0.0298602       : 0.00350269      : 0.0379525       : 890  : 21.3223
  TaskWaitCommTime  [seconds] : 0.0104058       : 987  : 0.0880044       : 0.0925567       : 0.333377        : 323  : 73.6021
  NumberOfTasks     [tasks  ] : 6               : 0    : 6               : 0               : 6               : 0    : 0
  NumberOfPatches   [patches] : 1               : 0    : 1               : 0               : 1               : 0    : 0
  NumberOfCells     [cells  ] : 32768           : 0    : 32768           : 0               : 32768           : 0    : 0
  SCIMemoryUsed     [MBytes ] : 2.12292e+08     : 835  : 2.16543e+08     : 1.95045e+06     : 2.25513e+08     : 45   : 3.97795
  SCIMemoryMaxUsed  [MBytes ] : 2.12292e+08     : 835  : 2.16543e+08     : 1.95045e+06     : 2.25513e+08     : 45   : 3.97795
  MemoryUsed        [MBytes ] : 7.97274e+08     : 853  : 8.17255e+08     : 7.11855e+06     : 8.36596e+08     : 128  : 2.31185
  MemoryResident    [MBytes ] : 2.12292e+08     : 835  : 2.16543e+08     : 1.95045e+06     : 2.25513e+08     : 45   : 3.97795
  Percentage of time spent in overhead : 2.59272

________________________________________________________________________________
--------------------------------------------------------------------------------
MPIStats:+
--------------------------------------------------------------------------------
                Name:       Total:         Avg:         Min:         Max:    Max rank: Hist %% [  Q1 |  Q2 |  Q3 |  Q4 ]:  %%Load Imbalance
         Count: Recv:     2.66e+04           26           26           26         1022           100.0   0.0   0.0   0.0     0.0
         Count: Redu:     8.19e+03            8            8            8         1022           100.0   0.0   0.0   0.0     0.0
         Count: Send:     2.66e+04           26           26           26         1022           100.0   0.0   0.0   0.0     0.0
         Count: Test:     7.21e+03         7.04            6           22         1014            92.0   3.8   2.3   1.9    68.0
         Count: Wait:     4.71e+04           46           46           46         1022           100.0   0.0   0.0   0.0     0.0
          Time: Recv:      50.9 ms    0.0497 ms      0.02 ms     0.244 ms          120            81.0  11.9   5.9   1.3    79.7
          Time: Redu:       229 s      0.223 s      0.301 ms     0.348 s            88             7.5  19.6  35.0  37.9    35.9
          Time: Send:       0.2 s      0.195 ms     0.137 ms     0.481 ms          890            83.8  14.3   1.9   0.1    59.4
          Time: Test:      20.4 ms      0.02 ms  2.47e+03 ns     0.341 ms          638            96.6   2.1   1.2   0.2    94.1
          Time: Wait:      83.9 s       81.9 ms      4.57 ms     0.297 s           443            64.6   4.3  19.9  11.1    72.4
Volume Recv TOTAL   :      4.99 GB      4.99 MB      4.99 MB      4.99 MB            0            99.9   0.0   0.0   0.1     0.0
Volume Recv0: <= 64B:     1.02e+03            1            1            2            0            99.9   0.0   0.0   0.1    50.0
Volume Recv1: <= 4KB:     9.22e+03            9            9           14            0            99.9   0.0   0.0   0.1    35.7
Volume Recv2: <= 2MB:     1.84e+04           18           18           18         1022           100.0   0.0   0.0   0.0     0.0
Volume Send TOTAL   :      4.99 GB      4.99 MB      4.99 MB      4.99 MB         1022           100.0   0.0   0.0   0.0     0.0
Volume Send0: <= 64B:     2.05e+03            2            2            2         1022           100.0   0.0   0.0   0.0     0.0
Volume Send1: <= 4KB:     1.43e+04           14           14           14         1022           100.0   0.0   0.0   0.0     0.0
Volume Send2: <= 2MB:     1.84e+04           18           18           18         1022           100.0   0.0   0.0   0.0     0.0

Timestep 8       Time=8e-05       Next delT=1e-05       Wall Time=4.70881   EMA=0.524195    Memory Used=216.81 MBs (avg) 226.26 MBs (max on rank: 738   )
Runtime Summary  summary stats for time step 8 at time=8e-05
  Description       Units       Minimum           Rank   Average (1024)    Std. Dev.         Maximum           Rank   100*(1-ave/max) '% load imbalance'
  TaskExec          [seconds] : 0.198577        : 443  : 0.411576        : 0.093157        : 0.488545        : 649  : 15.7546
  TaskLocalComm     [seconds] : 0.0245282       : 773  : 0.0298515       : 0.00351983      : 0.0378938       : 998  : 21.2232
  TaskWaitCommTime  [seconds] : 0.0108515       : 987  : 0.0882713       : 0.0929979       : 0.301007        : 443  : 70.6747
  NumberOfTasks     [tasks  ] : 6               : 0    : 6               : 0               : 6               : 0    : 0
  NumberOfPatches   [patches] : 1               : 0    : 1               : 0               : 1               : 0    : 0
  NumberOfCells     [cells  ] : 32768           : 0    : 32768           : 0               : 32768           : 0    : 0
  SCIMemoryUsed     [MBytes ] : 2.12722e+08     : 261  : 2.16807e+08     : 1.97333e+06     : 2.26263e+08     : 738  : 4.17936
  SCIMemoryMaxUsed  [MBytes ] : 2.12722e+08     : 261  : 2.16807e+08     : 1.97333e+06     : 2.26263e+08     : 738  : 4.17936
  MemoryUsed        [MBytes ] : 7.98831e+08     : 758  : 8.1749e+08      : 7.07671e+06     : 8.37222e+08     : 128  : 2.35684
  MemoryResident    [MBytes ] : 2.12722e+08     : 261  : 2.16807e+08     : 1.97333e+06     : 2.26263e+08     : 738  : 4.17936
  Percentage of time spent in overhead : 2.26535

________________________________________________________________________________
--------------------------------------------------------------------------------
MPIStats:+
--------------------------------------------------------------------------------
                Name:       Total:         Avg:         Min:         Max:    Max rank: Hist %% [  Q1 |  Q2 |  Q3 |  Q4 ]:  %%Load Imbalance
         Count: Recv:     2.66e+04           26           26           26         1022           100.0   0.0   0.0   0.0     0.0
         Count: Redu:     8.19e+03            8            8            8         1022           100.0   0.0   0.0   0.0     0.0
         Count: Send:     2.66e+04           26           26           26         1022           100.0   0.0   0.0   0.0     0.0
         Count: Test:     7.18e+03         7.01            6           22         1014            92.8   3.1   2.3   1.8    68.1
         Count: Wait:     4.71e+04           46           46           46         1022           100.0   0.0   0.0   0.0     0.0
          Time: Recv:      49.6 ms    0.0485 ms    0.0205 ms     0.202 ms          990            72.7  20.1   3.9   3.3    76.0
          Time: Redu:       216 s       0.21 s      0.332 ms     0.333 s            99             8.4  21.2  33.3  37.1    36.7
          Time: Send:       0.2 s      0.195 ms     0.137 ms     0.416 ms          127            71.2  25.0   2.8   1.0    53.1
          Time: Test:      18.9 ms    0.0185 ms  2.67e+03 ns     0.268 ms          638            95.2   3.7   0.5   0.6    93.1
          Time: Wait:      84.7 s       82.7 ms      4.56 ms     0.306 s           901            65.1   5.8  17.6  11.5    73.0
Volume Recv TOTAL   :      4.99 GB      4.99 MB      4.99 MB      4.99 MB            0            99.9   0.0   0.0   0.1     0.0
Volume Recv0: <= 64B:     1.02e+03            1            1            2            0            99.9   0.0   0.0   0.1    50.0
Volume Recv1: <= 4KB:     9.22e+03            9            9           14            0            99.9   0.0   0.0   0.1    35.7
Volume Recv2: <= 2MB:     1.84e+04           18           18           18         1022           100.0   0.0   0.0   0.0     0.0
Volume Send TOTAL   :      4.99 GB      4.99 MB      4.99 MB      4.99 MB         1022           100.0   0.0   0.0   0.0     0.0
Volume Send0: <= 64B:     2.05e+03            2            2            2         1022           100.0   0.0   0.0   0.0     0.0
Volume Send1: <= 4KB:     1.43e+04           14           14           14         1022           100.0   0.0   0.0   0.0     0.0
Volume Send2: <= 2MB:     1.84e+04           18           18           18         1022           100.0   0.0   0.0   0.0     0.0

Timestep 9       Time=9e-05       Next delT=1e-05       Wall Time=5.21157   EMA=0.519908    Memory Used=217.06 MBs (avg) 226.26 MBs (max on rank: 738   )
Runtime Summary  summary stats for time step 9 at time=9e-05
  Description       Units       Minimum           Rank   Average (1024)    Std. Dev.         Maximum           Rank   100*(1-ave/max) '% load imbalance'
  TaskExec          [seconds] : 0.178117        : 901  : 0.401019        : 0.0947354       : 0.477569        : 48   : 16.0291
  TaskLocalComm     [seconds] : 0.0242905       : 769  : 0.0298783       : 0.00349756      : 0.0377194       : 890  : 20.7879
  TaskWaitCommTime  [seconds] : 0.0119577       : 48   : 0.0890282       : 0.0946357       : 0.311882        : 901  : 71.4545
  NumberOfTasks     [tasks  ] : 6               : 0    : 6               : 0               : 6               : 0    : 0
  NumberOfPatches   [patches] : 1               : 0    : 1               : 0               : 1               : 0    : 0
  NumberOfCells     [cells  ] : 32768           : 0    : 32768           : 0               : 32768           : 0    : 0
  SCIMemoryUsed     [MBytes ] : 2.12529e+08     : 834  : 2.17058e+08     : 1.9948e+06      : 2.26263e+08     : 738  : 4.0682
  SCIMemoryMaxUsed  [MBytes ] : 2.12529e+08     : 834  : 2.17058e+08     : 1.9948e+06      : 2.26263e+08     : 738  : 4.0682
  MemoryUsed        [MBytes ] : 7.97331e+08     : 758  : 8.17723e+08     : 7.11667e+06     : 8.37235e+08     : 48   : 2.33049
  MemoryResident    [MBytes ] : 2.12529e+08     : 834  : 2.17058e+08     : 1.9948e+06      : 2.26263e+08     : 738  : 4.0682
  Percentage of time spent in overhead : 2.00975

________________________________________________________________________________
--------------------------------------------------------------------------------
MPIStats:+
--------------------------------------------------------------------------------
                Name:       Total:         Avg:         Min:         Max:    Max rank: Hist %% [  Q1 |  Q2 |  Q3 |  Q4 ]:  %%Load Imbalance
         Count: Recv:     2.66e+04           26           26           26         1022           100.0   0.0   0.0   0.0     0.0
         Count: Redu:     8.19e+03            8            8            8         1022           100.0   0.0   0.0   0.0     0.0
         Count: Send:     2.66e+04           26           26           26         1022           100.0   0.0   0.0   0.0     0.0
         Count: Test:     7.17e+03            7            6           22         1014            92.8   3.0   2.4   1.8    68.2
         Count: Wait:     4.71e+04           46           46           46         1022           100.0   0.0   0.0   0.0     0.0
          Time: Recv:      50.4 ms    0.0492 ms    0.0199 ms     0.299 ms          992            87.5   8.7   3.5   0.3    83.5
          Time: Redu:       228 s      0.222 s      0.367 ms     0.344 s           589             6.3  22.2  29.8  41.7    35.3
          Time: Send:       0.2 s      0.196 ms     0.136 ms      0.39 ms           61            64.4  29.4   5.1   1.2    49.9
          Time: Test:      19.5 ms     0.019 ms  2.52e+03 ns      0.25 ms         1000            94.3   3.7   1.1   0.9    92.4
          Time: Wait:      84.9 s       82.9 ms      4.22 ms     0.327 s           184            64.7  10.4  19.3   5.6    74.6
Volume Recv TOTAL   :      4.99 GB      4.99 MB      4.99 MB      4.99 MB            0            99.9   0.0   0.0   0.1     0.0
Volume Recv0: <= 64B:     1.02e+03            1            1            2            0            99.9   0.0   0.0   0.1    50.0
Volume Recv1: <= 4KB:     9.22e+03            9            9           14            0            99.9   0.0   0.0   0.1    35.7
Volume Recv2: <= 2MB:     1.84e+04           18           18           18         1022           100.0   0.0   0.0   0.0     0.0
Volume Send TOTAL   :      4.99 GB      4.99 MB      4.99 MB      4.99 MB         1022           100.0   0.0   0.0   0.0     0.0
Volume Send0: <= 64B:     2.05e+03            2            2            2         1022           100.0   0.0   0.0   0.0     0.0
Volume Send1: <= 4KB:     1.43e+04           14           14           14         1022           100.0   0.0   0.0   0.0     0.0
Volume Send2: <= 2MB:     1.84e+04           18           18           18         1022           100.0   0.0   0.0   0.0     0.0

Timestep 10      Time=0.0001      Next delT=1e-05       Wall Time=5.72129   EMA=0.518055    Memory Used=217.13 MBs (avg) 227.40 MBs (max on rank: 205   )
Runtime Summary  summary stats for time step 10 at time=0.0001
  Description       Units       Minimum           Rank   Average (1024)    Std. Dev.         Maximum           Rank   100*(1-ave/max) '% load imbalance'
  TaskExec          [seconds] : 0.164155        : 184  : 0.407729        : 0.0946663       : 0.486287        : 987  : 16.1547
  TaskLocalComm     [seconds] : 0.0242532       : 775  : 0.0298421       : 0.0035422       : 0.0381909       : 890  : 21.8608
  TaskWaitCommTime  [seconds] : 0.00976522      : 987  : 0.0892164       : 0.0946061       : 0.332354        : 184  : 73.1562
  NumberOfTasks     [tasks  ] : 6               : 0    : 6               : 0               : 6               : 0    : 0
  NumberOfPatches   [patches] : 1               : 0    : 1               : 0               : 1               : 0    : 0
  NumberOfCells     [cells  ] : 32768           : 0    : 32768           : 0               : 32768           : 0    : 0
  SCIMemoryUsed     [MBytes ] : 2.12746e+08     : 721  : 2.17129e+08     : 2.01388e+06     : 2.27398e+08     : 205  : 4.5158
  SCIMemoryMaxUsed  [MBytes ] : 2.12746e+08     : 721  : 2.17129e+08     : 2.01388e+06     : 2.27398e+08     : 205  : 4.5158
  MemoryUsed        [MBytes ] : 7.97819e+08     : 759  : 8.17758e+08     : 7.11444e+06     : 8.37231e+08     : 384  : 2.32581
  MemoryResident    [MBytes ] : 2.12746e+08     : 721  : 2.17129e+08     : 2.01388e+06     : 2.27398e+08     : 205  : 4.5158
  Percentage of time spent in overhead : 1.80424
Sus: going down successfully
