Parallel: 2048 MPI processes (using MPI)
Parallel: MPI Level Required: 0, provided: 0
Date:       Wed Aug 24 10:31:02 2022
Machine:    ash276
git branch:wasatch-low-cost-integ-cmake
git date:   Sat Jul 30 10:34:22 2022 -0600
git hash:   9315f9f96fa6304db4fe79378b145f37ea40016d
Assertion level: 0
CFLAGS:          
CXXFLAGS:        
______________________________________________________________________
Application Component: 	'wasatch'

-------------------------------------------------------------
Wasatch was built against:
  SpatialOps HASH: bd7a2bac76e42e2cb528b02e2cf1291d05c71926
             DATE: Fri Nov 12 11:34:54 2021 -0700
     ExprLib HASH: d2950c77edb22e5f3669ddaaf2d2ed29ceb24d2c
             DATE: Thu Aug 5 12:26:26 2021 -0600
    TabProps HASH: eca0dc5f26b20d4f6b1cebe51b1ae97e11871e83
             DATE: Wed Aug 11 20:11:26 2021 -0600
-------------------------------------------------------------

Linear Solver: 		hypre
Load Balancer: 		Simple
Scheduler: 		MPI
Patch layout: 		(16,16,8)
Grid statistics:
Number of levels:		1
Level 0:
  Number of patches:		2048
  Total number of cells:	68162568 (33282.5 avg. per patch)
Total patches in grid:		2048
Total cells in grid:		68162568 (33282.5 avg. per patch)

Using small, individual MPI messages (no message combining)
Detected solver: hypre
Setting initial conditions for scalability test equation: scalability0
Setting initial conditions for scalability test equation: scalability1
Setting initial conditions for scalability test equation: scalability2
Setting initial conditions for scalability test equation: scalability3
Setting initial conditions for scalability test equation: scalability4
Setting initial conditions for scalability test equation: scalability5
Setting initial conditions for scalability test equation: scalability6
Setting initial conditions for scalability test equation: scalability7
Setting initial conditions for scalability test equation: scalability8
Setting initial conditions for scalability test equation: scalability9
Setting initial conditions for scalability test equation: scalability10
Setting initial conditions for scalability test equation: scalability11
Setting initial conditions for scalability test equation: scalability12
Setting initial conditions for scalability test equation: scalability13
Setting initial conditions for scalability test equation: scalability14
Setting initial conditions for scalability test equation: scalability15
Setting initial conditions for scalability test equation: scalability16
Setting initial conditions for scalability test equation: scalability17
Setting initial conditions for scalability test equation: scalability18
Setting initial conditions for scalability test equation: scalability19
Setting initial conditions for scalability test equation: scalability20
Setting initial conditions for scalability test equation: scalability21
Setting initial conditions for scalability test equation: scalability22
Setting initial conditions for scalability test equation: scalability23
Setting initial conditions for scalability test equation: scalability24
Setting initial conditions for scalability test equation: scalability25
Setting initial conditions for scalability test equation: scalability26
Setting initial conditions for scalability test equation: scalability27
Setting initial conditions for scalability test equation: scalability28
Setting initial conditions for scalability test equation: scalability29
Setting initial conditions for scalability test equation: scalability30
Setting initial conditions for scalability test equation: scalability31
Setting initial conditions for scalability test equation: scalability32
Setting initial conditions for scalability test equation: scalability33
Setting initial conditions for scalability test equation: scalability34
Setting initial conditions for scalability test equation: scalability35
Setting initial conditions for scalability test equation: scalability36
Setting initial conditions for scalability test equation: scalability37
Setting initial conditions for scalability test equation: scalability38
Setting initial conditions for scalability test equation: scalability39
Setting initial conditions for scalability test equation: scalability40
Setting initial conditions for scalability test equation: scalability41
Setting initial conditions for scalability test equation: scalability42
Setting initial conditions for scalability test equation: scalability43
Setting initial conditions for scalability test equation: scalability44
Setting initial conditions for scalability test equation: scalability45
Setting initial conditions for scalability test equation: scalability46
Setting initial conditions for scalability test equation: scalability47
Setting initial conditions for scalability test equation: scalability48
Setting initial conditions for scalability test equation: scalability49
Setting initial conditions for scalability test equation: scalability50
Setting initial conditions for scalability test equation: scalability51
Setting initial conditions for scalability test equation: scalability52
Setting initial conditions for scalability test equation: scalability53
Setting initial conditions for scalability test equation: scalability54
Setting initial conditions for scalability test equation: scalability55
Setting initial conditions for scalability test equation: scalability56
Setting initial conditions for scalability test equation: scalability57
Setting initial conditions for scalability test equation: scalability58
Setting initial conditions for scalability test equation: scalability59
Setting initial conditions for scalability test equation: scalability60
Setting initial conditions for scalability test equation: scalability61
Setting initial conditions for scalability test equation: scalability62
Setting initial conditions for scalability test equation: scalability63
Setting initial conditions for scalability test equation: scalability64
Setting initial conditions for scalability test equation: scalability65
Setting initial conditions for scalability test equation: scalability66
Setting initial conditions for scalability test equation: scalability67
Setting initial conditions for scalability test equation: scalability68
Setting initial conditions for scalability test equation: scalability69
Setting initial conditions for scalability test equation: scalability70
Setting initial conditions for scalability test equation: scalability71
Setting initial conditions for scalability test equation: scalability72
Setting initial conditions for scalability test equation: scalability73
Setting initial conditions for scalability test equation: scalability74
Setting initial conditions for scalability test equation: scalability75
Setting initial conditions for scalability test equation: scalability76
Setting initial conditions for scalability test equation: scalability77
Setting initial conditions for scalability test equation: scalability78
Setting initial conditions for scalability test equation: scalability79
Setting initial conditions for scalability test equation: scalability80
Setting initial conditions for scalability test equation: scalability81
Setting initial conditions for scalability test equation: scalability82
Setting initial conditions for scalability test equation: scalability83
Setting initial conditions for scalability test equation: scalability84
Setting initial conditions for scalability test equation: scalability85
Setting initial conditions for scalability test equation: scalability86
Setting initial conditions for scalability test equation: scalability87
Setting initial conditions for scalability test equation: scalability88
Setting initial conditions for scalability test equation: scalability89
Setting initial conditions for scalability test equation: scalability90
Setting initial conditions for scalability test equation: scalability91
Setting initial conditions for scalability test equation: scalability92
Setting initial conditions for scalability test equation: scalability93
Setting initial conditions for scalability test equation: scalability94
Setting initial conditions for scalability test equation: scalability95
Setting initial conditions for scalability test equation: scalability96
Setting initial conditions for scalability test equation: scalability97
Setting initial conditions for scalability test equation: scalability98
Setting initial conditions for scalability test equation: scalability99
------------------------------------------------

Compiling initialization taskgraph.
------------------------------------------------
SETTING INITIAL BOUNDARY CONDITIONS:
------------------------------------------------
Setting Initial BCs for transport equation 'scalability0'
Setting Initial BCs for transport equation 'scalability1'
Setting Initial BCs for transport equation 'scalability2'
Setting Initial BCs for transport equation 'scalability3'
Setting Initial BCs for transport equation 'scalability4'
Setting Initial BCs for transport equation 'scalability5'
Setting Initial BCs for transport equation 'scalability6'
Setting Initial BCs for transport equation 'scalability7'
Setting Initial BCs for transport equation 'scalability8'
Setting Initial BCs for transport equation 'scalability9'
Setting Initial BCs for transport equation 'scalability10'
Setting Initial BCs for transport equation 'scalability11'
Setting Initial BCs for transport equation 'scalability12'
Setting Initial BCs for transport equation 'scalability13'
Setting Initial BCs for transport equation 'scalability14'
Setting Initial BCs for transport equation 'scalability15'
Setting Initial BCs for transport equation 'scalability16'
Setting Initial BCs for transport equation 'scalability17'
Setting Initial BCs for transport equation 'scalability18'
Setting Initial BCs for transport equation 'scalability19'
Setting Initial BCs for transport equation 'scalability20'
Setting Initial BCs for transport equation 'scalability21'
Setting Initial BCs for transport equation 'scalability22'
Setting Initial BCs for transport equation 'scalability23'
Setting Initial BCs for transport equation 'scalability24'
Setting Initial BCs for transport equation 'scalability25'
Setting Initial BCs for transport equation 'scalability26'
Setting Initial BCs for transport equation 'scalability27'
Setting Initial BCs for transport equation 'scalability28'
Setting Initial BCs for transport equation 'scalability29'
Setting Initial BCs for transport equation 'scalability30'
Setting Initial BCs for transport equation 'scalability31'
Setting Initial BCs for transport equation 'scalability32'
Setting Initial BCs for transport equation 'scalability33'
Setting Initial BCs for transport equation 'scalability34'
Setting Initial BCs for transport equation 'scalability35'
Setting Initial BCs for transport equation 'scalability36'
Setting Initial BCs for transport equation 'scalability37'
Setting Initial BCs for transport equation 'scalability38'
Setting Initial BCs for transport equation 'scalability39'
Setting Initial BCs for transport equation 'scalability40'
Setting Initial BCs for transport equation 'scalability41'
Setting Initial BCs for transport equation 'scalability42'
Setting Initial BCs for transport equation 'scalability43'
Setting Initial BCs for transport equation 'scalability44'
Setting Initial BCs for transport equation 'scalability45'
Setting Initial BCs for transport equation 'scalability46'
Setting Initial BCs for transport equation 'scalability47'
Setting Initial BCs for transport equation 'scalability48'
Setting Initial BCs for transport equation 'scalability49'
Setting Initial BCs for transport equation 'scalability50'
Setting Initial BCs for transport equation 'scalability51'
Setting Initial BCs for transport equation 'scalability52'
Setting Initial BCs for transport equation 'scalability53'
Setting Initial BCs for transport equation 'scalability54'
Setting Initial BCs for transport equation 'scalability55'
Setting Initial BCs for transport equation 'scalability56'
Setting Initial BCs for transport equation 'scalability57'
Setting Initial BCs for transport equation 'scalability58'
Setting Initial BCs for transport equation 'scalability59'
Setting Initial BCs for transport equation 'scalability60'
Setting Initial BCs for transport equation 'scalability61'
Setting Initial BCs for transport equation 'scalability62'
Setting Initial BCs for transport equation 'scalability63'
Setting Initial BCs for transport equation 'scalability64'
Setting Initial BCs for transport equation 'scalability65'
Setting Initial BCs for transport equation 'scalability66'
Setting Initial BCs for transport equation 'scalability67'
Setting Initial BCs for transport equation 'scalability68'
Setting Initial BCs for transport equation 'scalability69'
Setting Initial BCs for transport equation 'scalability70'
Setting Initial BCs for transport equation 'scalability71'
Setting Initial BCs for transport equation 'scalability72'
Setting Initial BCs for transport equation 'scalability73'
Setting Initial BCs for transport equation 'scalability74'
Setting Initial BCs for transport equation 'scalability75'
Setting Initial BCs for transport equation 'scalability76'
Setting Initial BCs for transport equation 'scalability77'
Setting Initial BCs for transport equation 'scalability78'
Setting Initial BCs for transport equation 'scalability79'
Setting Initial BCs for transport equation 'scalability80'
Setting Initial BCs for transport equation 'scalability81'
Setting Initial BCs for transport equation 'scalability82'
Setting Initial BCs for transport equation 'scalability83'
Setting Initial BCs for transport equation 'scalability84'
Setting Initial BCs for transport equation 'scalability85'
Setting Initial BCs for transport equation 'scalability86'
Setting Initial BCs for transport equation 'scalability87'
Setting Initial BCs for transport equation 'scalability88'
Setting Initial BCs for transport equation 'scalability89'
Setting Initial BCs for transport equation 'scalability90'
Setting Initial BCs for transport equation 'scalability91'
Setting Initial BCs for transport equation 'scalability92'
Setting Initial BCs for transport equation 'scalability93'
Setting Initial BCs for transport equation 'scalability94'
Setting Initial BCs for transport equation 'scalability95'
Setting Initial BCs for transport equation 'scalability96'
Setting Initial BCs for transport equation 'scalability97'
Setting Initial BCs for transport equation 'scalability98'
Setting Initial BCs for transport equation 'scalability99'
------------------------------------------------
Wasatch: done creating initialization task(s)
Scheduling Task 'compute timestep' COMPUTES 'delT' in NEW data warehouse
Wasatch: done creating timestep task(s)
Done with taskgraph compile (0.000527506 seconds)
Warning: addContribution not implemented for LoadBalancerCommon.
WARNING at time step 0 and sim time 0 : lowering the next delT from 1 to the maximum: 1e-05

________________________________________________________________________________
--------------------------------------------------------------------------------
MPIStats:+
--------------------------------------------------------------------------------
                Name:       Total:         Avg:         Min:         Max:    Max rank: Hist %% [  Q1 |  Q2 |  Q3 |  Q4 ]:  %%Load Imbalance
         Count: Comm:     2.05e+03            1            1            1         2046           100.0   0.0   0.0   0.0     0.0
         Count: Gath:      4.1e+03            2            2            2         2046           100.0   0.0   0.0   0.0     0.0
         Count: Redu:     2.05e+03            1            1            1         2046           100.0   0.0   0.0   0.0     0.0
          Time: Comm:      10.7 s       5.21 ms      1.64 ms      8.72 ms         1854            13.6  39.8  28.2  18.4    40.2
          Time: Gath:       314 s      0.153 s       38.2 ms     0.292 s           408            13.3  52.0  26.3   8.4    47.5
          Time: Redu:       150 s       73.3 ms      1.14 ms     0.111 s            80             2.5  13.5  48.4  35.5    33.7
Volume Recv TOTAL   :      16.5 MB      8.26 KB      8.26 KB      8.26 KB         2046           100.0   0.0   0.0   0.0     0.0
Volume Recv0: <= 64B:     2.05e+03            1            1            1         2046           100.0   0.0   0.0   0.0     0.0
Volume Recv1: <= 4KB:     2.05e+03            1            1            1         2046           100.0   0.0   0.0   0.0     0.0
Volume Recv2: <= 2MB:     2.05e+03            1            1            1         2046           100.0   0.0   0.0   0.0     0.0
Volume Send TOTAL   :       538 KB        269 B        269 B        269 B         2046           100.0   0.0   0.0   0.0     0.0
Volume Send0: <= 64B:      4.1e+03            2            2            2         2046           100.0   0.0   0.0   0.0     0.0
Volume Send1: <= 4KB:     2.05e+03            1            1            1         2046           100.0   0.0   0.0   0.0     0.0


Simulation and run time stats are reported at the end of each time step
EMA == Wall time as an exponential moving average using a window of the last 10 time steps
Timestep 0       Time=0           Next delT=1e-05       Wall Time=0.342825  EMA=0.342347    Memory Used=118.16 MBs (avg) 119.10 MBs (max on rank: 164   )
Warning: finalizeContributions not implemented for LoadBalancerCommon.
Warning: resetCostForecaster not implemented for LoadBalancerCommon.
Compiling taskgraph(s)...
------------------------------------------------
SETTING BOUNDARY CONDITIONS:
------------------------------------------------
Setting BCs for transport equation 'scalability0'
Setting BCs for transport equation 'scalability1'
Setting BCs for transport equation 'scalability2'
Setting BCs for transport equation 'scalability3'
Setting BCs for transport equation 'scalability4'
Setting BCs for transport equation 'scalability5'
Setting BCs for transport equation 'scalability6'
Setting BCs for transport equation 'scalability7'
Setting BCs for transport equation 'scalability8'
Setting BCs for transport equation 'scalability9'
Setting BCs for transport equation 'scalability10'
Setting BCs for transport equation 'scalability11'
Setting BCs for transport equation 'scalability12'
Setting BCs for transport equation 'scalability13'
Setting BCs for transport equation 'scalability14'
Setting BCs for transport equation 'scalability15'
Setting BCs for transport equation 'scalability16'
Setting BCs for transport equation 'scalability17'
Setting BCs for transport equation 'scalability18'
Setting BCs for transport equation 'scalability19'
Setting BCs for transport equation 'scalability20'
Setting BCs for transport equation 'scalability21'
Setting BCs for transport equation 'scalability22'
Setting BCs for transport equation 'scalability23'
Setting BCs for transport equation 'scalability24'
Setting BCs for transport equation 'scalability25'
Setting BCs for transport equation 'scalability26'
Setting BCs for transport equation 'scalability27'
Setting BCs for transport equation 'scalability28'
Setting BCs for transport equation 'scalability29'
Setting BCs for transport equation 'scalability30'
Setting BCs for transport equation 'scalability31'
Setting BCs for transport equation 'scalability32'
Setting BCs for transport equation 'scalability33'
Setting BCs for transport equation 'scalability34'
Setting BCs for transport equation 'scalability35'
Setting BCs for transport equation 'scalability36'
Setting BCs for transport equation 'scalability37'
Setting BCs for transport equation 'scalability38'
Setting BCs for transport equation 'scalability39'
Setting BCs for transport equation 'scalability40'
Setting BCs for transport equation 'scalability41'
Setting BCs for transport equation 'scalability42'
Setting BCs for transport equation 'scalability43'
Setting BCs for transport equation 'scalability44'
Setting BCs for transport equation 'scalability45'
Setting BCs for transport equation 'scalability46'
Setting BCs for transport equation 'scalability47'
Setting BCs for transport equation 'scalability48'
Setting BCs for transport equation 'scalability49'
Setting BCs for transport equation 'scalability50'
Setting BCs for transport equation 'scalability51'
Setting BCs for transport equation 'scalability52'
Setting BCs for transport equation 'scalability53'
Setting BCs for transport equation 'scalability54'
Setting BCs for transport equation 'scalability55'
Setting BCs for transport equation 'scalability56'
Setting BCs for transport equation 'scalability57'
Setting BCs for transport equation 'scalability58'
Setting BCs for transport equation 'scalability59'
Setting BCs for transport equation 'scalability60'
Setting BCs for transport equation 'scalability61'
Setting BCs for transport equation 'scalability62'
Setting BCs for transport equation 'scalability63'
Setting BCs for transport equation 'scalability64'
Setting BCs for transport equation 'scalability65'
Setting BCs for transport equation 'scalability66'
Setting BCs for transport equation 'scalability67'
Setting BCs for transport equation 'scalability68'
Setting BCs for transport equation 'scalability69'
Setting BCs for transport equation 'scalability70'
Setting BCs for transport equation 'scalability71'
Setting BCs for transport equation 'scalability72'
Setting BCs for transport equation 'scalability73'
Setting BCs for transport equation 'scalability74'
Setting BCs for transport equation 'scalability75'
Setting BCs for transport equation 'scalability76'
Setting BCs for transport equation 'scalability77'
Setting BCs for transport equation 'scalability78'
Setting BCs for transport equation 'scalability79'
Setting BCs for transport equation 'scalability80'
Setting BCs for transport equation 'scalability81'
Setting BCs for transport equation 'scalability82'
Setting BCs for transport equation 'scalability83'
Setting BCs for transport equation 'scalability84'
Setting BCs for transport equation 'scalability85'
Setting BCs for transport equation 'scalability86'
Setting BCs for transport equation 'scalability87'
Setting BCs for transport equation 'scalability88'
Setting BCs for transport equation 'scalability89'
Setting BCs for transport equation 'scalability90'
Setting BCs for transport equation 'scalability91'
Setting BCs for transport equation 'scalability92'
Setting BCs for transport equation 'scalability93'
Setting BCs for transport equation 'scalability94'
Setting BCs for transport equation 'scalability95'
Setting BCs for transport equation 'scalability96'
Setting BCs for transport equation 'scalability97'
Setting BCs for transport equation 'scalability98'
Setting BCs for transport equation 'scalability99'
------------------------------------------------
Wasatch: done creating solution task(s)
Wasatch: done creating post-processing task(s)
Scheduling Task 'compute timestep' COMPUTES 'delT' in NEW data warehouse
Wasatch: done creating timestep task(s)
Done with taskgraph compile (0.0546858 seconds)

________________________________________________________________________________
--------------------------------------------------------------------------------
MPIStats:+
--------------------------------------------------------------------------------
                Name:       Total:         Avg:         Min:         Max:    Max rank: Hist %% [  Q1 |  Q2 |  Q3 |  Q4 ]:  %%Load Imbalance
         Count: Recv:     4.45e+04         21.7            7           26         1910             7.0   0.0  35.5  57.4    16.4
         Count: Redu:     1.64e+04            8            8            8         2046           100.0   0.0   0.0   0.0     0.0
         Count: Send:     4.45e+04         21.7            7           26         1910             7.0   0.0  35.5  57.4    16.4
         Count: Test:     1.79e+04         8.73            7           23         2044            79.0  14.9   2.7   3.4    62.0
         Count: Wait:     7.67e+04         37.5            9           46         1910             7.0   0.0  35.5  57.4    18.6
          Time: Recv:     0.137 s     0.0671 ms  9.77e+03 ns      0.25 ms         1950            56.7  40.6   2.6   0.1    73.1
          Time: Redu:       696 s       0.34 s      0.451 ms     0.432 s             7             1.0   1.3  20.9  76.8    21.4
          Time: Send:      2.36 s       1.15 ms     0.331 ms      1.82 ms          441             6.9  33.7  48.3  11.1    36.6
          Time: Test:     0.268 s      0.131 ms    0.0246 ms     0.547 ms         2035            79.2  18.6   0.9   1.3    76.1
          Time: Wait:      99.3 s       48.5 ms      4.92 ms      0.35 s          2033            83.4  16.5   0.0   0.0    86.2
Volume Recv TOTAL   :      9.19 GB      4.59 MB      2.57 MB      4.99 MB         1910             0.4   6.6  35.5  57.4     7.9
Volume Recv0: <= 64B:     2.05e+03            1            1            2            0           100.0   0.0   0.0   0.0    50.0
Volume Recv1: <= 4KB:     1.47e+04         7.15            2            9         1910             7.0  35.5   0.0  57.4    20.5
Volume Recv2: <= 2MB:     3.19e+04         15.6            6           18         1910             0.4   6.6  35.5  57.4    13.5
Volume Send TOTAL   :      9.19 GB       4.6 MB      2.57 MB      4.99 MB         1910             0.4   6.6  35.5  57.4     7.9
Volume Send0: <= 64B:      4.1e+03            2            2            2         2046           100.0   0.0   0.0   0.0     0.0
Volume Send1: <= 4KB:     2.49e+04         12.2            7           14         1910             7.0  35.5   0.0  57.4    13.2
Volume Send2: <= 2MB:     3.19e+04         15.6            6           18         1910             0.4   6.6  35.5  57.4    13.5

Timestep 1       Time=1e-05       Next delT=1e-05       Wall Time=0.97188   EMA=0.629006    Memory Used=205.61 MBs (avg) 208.86 MBs (max on rank: 1588  )
Runtime Summary  summary stats for time step 1 at time=1e-05
  Description       Units       Minimum           Rank   Average (2048)    Std. Dev.         Maximum           Rank   100*(1-ave/max) '% load imbalance'
  Compilation       [seconds] : 0.050967        : 7    : 0.100481        : 0.0208924       : 0.194248        : 1220 : 48.272
  TaskExec          [seconds] : 0.10675         : 2033 : 0.463835        : 0.04606         : 0.53604         : 0    : 13.4701
  TaskLocalComm     [seconds] : 0.00826366      : 1920 : 0.0240512       : 0.00519096      : 0.0332828       : 438  : 27.7368
  TaskWaitCommTime  [seconds] : 0.0102099       : 196  : 0.0539649       : 0.0362188       : 0.354438        : 2033 : 84.7745
  NumberOfTasks     [tasks  ] : 6               : 0    : 6               : 0               : 6               : 0    : 0
  NumberOfPatches   [patches] : 1               : 0    : 1               : 0               : 1               : 0    : 0
  NumberOfCells     [cells  ] : 32768           : 137  : 33282.5         : 659.365         : 35937           : 0    : 7.38653
  SCIMemoryUsed     [MBytes ] : 1.95748e+08     : 2047 : 2.05614e+08     : 2.67672e+06     : 2.08859e+08     : 1588 : 1.55354
  SCIMemoryMaxUsed  [MBytes ] : 1.95748e+08     : 2047 : 2.05614e+08     : 2.67672e+06     : 2.08859e+08     : 1588 : 1.55354
  MemoryUsed        [MBytes ] : 7.29141e+08     : 1921 : 8.0334e+08      : 9.73832e+06     : 8.21879e+08     : 1068 : 2.25561
  MemoryResident    [MBytes ] : 1.95748e+08     : 2047 : 2.05614e+08     : 2.67672e+06     : 2.08859e+08     : 1588 : 1.55354
  Percentage of time spent in overhead : 15.6431

________________________________________________________________________________
--------------------------------------------------------------------------------
MPIStats:+
--------------------------------------------------------------------------------
                Name:       Total:         Avg:         Min:         Max:    Max rank: Hist %% [  Q1 |  Q2 |  Q3 |  Q4 ]:  %%Load Imbalance
         Count: Recv:     4.45e+04         21.7            7           26         1910             7.0   0.0  35.5  57.4    16.4
         Count: Redu:     1.64e+04            8            8            8         2046           100.0   0.0   0.0   0.0     0.0
         Count: Send:     4.45e+04         21.7            7           26         1910             7.0   0.0  35.5  57.4    16.4
         Count: Test:     1.59e+04         7.78            6           23         2044            91.2   4.1   2.7   2.0    66.2
         Count: Wait:     7.67e+04         37.5            8           46         1910             7.0   0.0  35.5  57.4    18.6
          Time: Recv:     0.144 s     0.0703 ms  9.22e+03 ns     0.174 ms          744            13.7  69.9  14.7   1.7    59.7
          Time: Redu:       229 s      0.112 s       0.36 ms     0.174 s           127             9.4  15.6  35.3  39.7    35.7
          Time: Send:     0.323 s      0.158 ms    0.0367 ms     0.333 ms         1752            12.3  64.7  22.0   1.0    52.6
          Time: Test:     0.129 s     0.0628 ms   3.1e+03 ns     0.725 ms         1415            95.0   4.1   0.7   0.2    91.3
          Time: Wait:      75.9 s       37.1 ms       1.5 ms      0.13 s          1865            74.6   0.0   8.6  16.7    71.5
Volume Recv TOTAL   :      9.19 GB      4.59 MB      2.57 MB      4.99 MB         1910             0.4   6.6  35.5  57.4     7.9
Volume Recv0: <= 64B:     2.05e+03            1            1            2            0           100.0   0.0   0.0   0.0    50.0
Volume Recv1: <= 4KB:     1.47e+04         7.15            2            9         1910             7.0  35.5   0.0  57.4    20.5
Volume Recv2: <= 2MB:     3.19e+04         15.6            6           18         1910             0.4   6.6  35.5  57.4    13.5
Volume Send TOTAL   :      9.19 GB       4.6 MB      2.57 MB      4.99 MB         1910             0.4   6.6  35.5  57.4     7.9
Volume Send0: <= 64B:      4.1e+03            2            2            2         2046           100.0   0.0   0.0   0.0     0.0
Volume Send1: <= 4KB:     2.49e+04         12.2            7           14         1910             7.0  35.5   0.0  57.4    13.2
Volume Send2: <= 2MB:     3.19e+04         15.6            6           18         1910             0.4   6.6  35.5  57.4    13.5

Timestep 2       Time=2e-05       Next delT=1e-05       Wall Time=1.24098   EMA=0.389069    Memory Used=206.80 MBs (avg) 217.07 MBs (max on rank: 1459  )
Runtime Summary  summary stats for time step 2 at time=2e-05
  Description       Units       Minimum           Rank   Average (2048)    Std. Dev.         Maximum           Rank   100*(1-ave/max) '% load imbalance'
  TaskExec          [seconds] : 0.121752        : 1865 : 0.215704        : 0.0400359       : 0.256901        : 263  : 16.0364
  TaskLocalComm     [seconds] : 0.00971459      : 1920 : 0.0257613       : 0.00547301      : 0.0368852       : 1676 : 30.1582
  TaskWaitCommTime  [seconds] : 0.00415708      : 263  : 0.0424877       : 0.0391732       : 0.135231        : 1865 : 68.5815
  NumberOfTasks     [tasks  ] : 6               : 0    : 6               : 0               : 6               : 0    : 0
  NumberOfPatches   [patches] : 1               : 0    : 1               : 0               : 1               : 0    : 0
  NumberOfCells     [cells  ] : 32768           : 137  : 33282.5         : 659.365         : 35937           : 0    : 7.38653
  SCIMemoryUsed     [MBytes ] : 1.96628e+08     : 2040 : 2.06803e+08     : 3.60196e+06     : 2.17072e+08     : 1459 : 4.73063
  SCIMemoryMaxUsed  [MBytes ] : 1.96628e+08     : 2040 : 2.06803e+08     : 3.60196e+06     : 2.17072e+08     : 1459 : 4.73063
  MemoryUsed        [MBytes ] : 7.29457e+08     : 1921 : 8.04472e+08     : 9.41135e+06     : 8.22505e+08     : 1068 : 2.19251
  MemoryResident    [MBytes ] : 1.96628e+08     : 2040 : 2.06803e+08     : 3.60196e+06     : 2.17072e+08     : 1459 : 4.73063
  Percentage of time spent in overhead : 7.82149

________________________________________________________________________________
--------------------------------------------------------------------------------
MPIStats:+
--------------------------------------------------------------------------------
                Name:       Total:         Avg:         Min:         Max:    Max rank: Hist %% [  Q1 |  Q2 |  Q3 |  Q4 ]:  %%Load Imbalance
         Count: Recv:     4.45e+04         21.7            7           26         1910             7.0   0.0  35.5  57.4    16.4
         Count: Redu:     1.64e+04            8            8            8         2046           100.0   0.0   0.0   0.0     0.0
         Count: Send:     4.45e+04         21.7            7           26         1910             7.0   0.0  35.5  57.4    16.4
         Count: Test:     1.39e+04         6.77            6           23         1981            95.6   1.5   2.2   0.8    70.6
         Count: Wait:     7.67e+04         37.5            8           46         1910             7.0   0.0  35.5  57.4    18.6
          Time: Recv:      78.3 ms    0.0382 ms  9.49e+03 ns     0.242 ms          502            83.3  15.4   1.2   0.1    84.2
          Time: Redu:       209 s      0.102 s      0.421 ms     0.162 s             7            12.5  17.0  26.7  43.8    37.1
          Time: Send:     0.352 s      0.172 ms    0.0431 ms     0.336 ms          500             8.3  62.7  27.7   1.2    48.9
          Time: Test:      37.6 ms    0.0183 ms  2.37e+03 ns      0.41 ms         1791            97.5   1.9   0.5   0.1    95.5
          Time: Wait:      82.8 s       40.4 ms      1.94 ms     0.132 s          2018            70.2   0.0  13.1  16.7    69.4
Volume Recv TOTAL   :      9.19 GB      4.59 MB      2.57 MB      4.99 MB         1910             0.4   6.6  35.5  57.4     7.9
Volume Recv0: <= 64B:     2.05e+03            1            1            2            0           100.0   0.0   0.0   0.0    50.0
Volume Recv1: <= 4KB:     1.47e+04         7.15            2            9         1910             7.0  35.5   0.0  57.4    20.5
Volume Recv2: <= 2MB:     3.19e+04         15.6            6           18         1910             0.4   6.6  35.5  57.4    13.5
Volume Send TOTAL   :      9.19 GB       4.6 MB      2.57 MB      4.99 MB         1910             0.4   6.6  35.5  57.4     7.9
Volume Send0: <= 64B:      4.1e+03            2            2            2         2046           100.0   0.0   0.0   0.0     0.0
Volume Send1: <= 4KB:     2.49e+04         12.2            7           14         1910             7.0  35.5   0.0  57.4    13.2
Volume Send2: <= 2MB:     3.19e+04         15.6            6           18         1910             0.4   6.6  35.5  57.4    13.5

Timestep 3       Time=3e-05       Next delT=1e-05       Wall Time=1.50252   EMA=0.325306    Memory Used=208.40 MBs (avg) 219.37 MBs (max on rank: 1381  )
Runtime Summary  summary stats for time step 3 at time=3e-05
  Description       Units       Minimum           Rank   Average (2048)    Std. Dev.         Maximum           Rank   100*(1-ave/max) '% load imbalance'
  TaskExec          [seconds] : 0.115204        : 1837 : 0.204687        : 0.0411087       : 0.249621        : 2047 : 18.0011
  TaskLocalComm     [seconds] : 0.009981        : 1920 : 0.0262059       : 0.00553693      : 0.0379426       : 1418 : 30.9326
  TaskWaitCommTime  [seconds] : 0.004683        : 263  : 0.0458096       : 0.0403184       : 0.136237        : 2018 : 66.375
  NumberOfTasks     [tasks  ] : 6               : 0    : 6               : 0               : 6               : 0    : 0
  NumberOfPatches   [patches] : 1               : 0    : 1               : 0               : 1               : 0    : 0
  NumberOfCells     [cells  ] : 32768           : 137  : 33282.5         : 659.365         : 35937           : 0    : 7.38653
  SCIMemoryUsed     [MBytes ] : 1.97202e+08     : 2040 : 2.08397e+08     : 3.96304e+06     : 2.19369e+08     : 1381 : 5.00189
  SCIMemoryMaxUsed  [MBytes ] : 1.97202e+08     : 2040 : 2.08397e+08     : 3.96304e+06     : 2.19369e+08     : 1381 : 5.00189
  MemoryUsed        [MBytes ] : 7.3103e+08      : 1921 : 8.06021e+08     : 9.63766e+06     : 8.25643e+08     : 748  : 2.37656
  MemoryResident    [MBytes ] : 1.97202e+08     : 2040 : 2.08397e+08     : 3.96304e+06     : 2.19369e+08     : 1381 : 5.00189
  Percentage of time spent in overhead : 5.21396

________________________________________________________________________________
--------------------------------------------------------------------------------
MPIStats:+
--------------------------------------------------------------------------------
                Name:       Total:         Avg:         Min:         Max:    Max rank: Hist %% [  Q1 |  Q2 |  Q3 |  Q4 ]:  %%Load Imbalance
         Count: Recv:     4.45e+04         21.7            7           26         1910             7.0   0.0  35.5  57.4    16.4
         Count: Redu:     1.64e+04            8            8            8         2046           100.0   0.0   0.0   0.0     0.0
         Count: Send:     4.45e+04         21.7            7           26         1910             7.0   0.0  35.5  57.4    16.4
         Count: Test:     1.39e+04          6.8            6           23         1981            95.6   1.3   2.2   0.9    70.4
         Count: Wait:     7.67e+04         37.5            8           46         1910             7.0   0.0  35.5  57.4    18.6
          Time: Recv:        80 ms    0.0391 ms   9.3e+03 ns     0.168 ms          855            71.2  21.7   6.3   0.7    76.8
          Time: Redu:       204 s       99.7 ms     0.354 ms      0.16 s          1920            12.0  18.8  27.7  41.5    37.8
          Time: Send:     0.356 s      0.174 ms    0.0436 ms     0.325 ms          502             7.4  54.0  36.9   1.8    46.5
          Time: Test:      41.7 ms    0.0204 ms  2.39e+03 ns     0.641 ms         1791            98.6   1.0   0.3   0.0    96.8
          Time: Wait:      83.8 s       40.9 ms      1.61 ms     0.132 s           697            69.0   0.0  15.5  15.5    68.9
Volume Recv TOTAL   :      9.19 GB      4.59 MB      2.57 MB      4.99 MB         1910             0.4   6.6  35.5  57.4     7.9
Volume Recv0: <= 64B:     2.05e+03            1            1            2            0           100.0   0.0   0.0   0.0    50.0
Volume Recv1: <= 4KB:     1.47e+04         7.15            2            9         1910             7.0  35.5   0.0  57.4    20.5
Volume Recv2: <= 2MB:     3.19e+04         15.6            6           18         1910             0.4   6.6  35.5  57.4    13.5
Volume Send TOTAL   :      9.19 GB       4.6 MB      2.57 MB      4.99 MB         1910             0.4   6.6  35.5  57.4     7.9
Volume Send0: <= 64B:      4.1e+03            2            2            2         2046           100.0   0.0   0.0   0.0     0.0
Volume Send1: <= 4KB:     2.49e+04         12.2            7           14         1910             7.0  35.5   0.0  57.4    13.2
Volume Send2: <= 2MB:     3.19e+04         15.6            6           18         1910             0.4   6.6  35.5  57.4    13.5

Timestep 4       Time=4e-05       Next delT=1e-05       Wall Time=1.76219   EMA=0.299051    Memory Used=208.92 MBs (avg) 220.32 MBs (max on rank: 1459  )
Runtime Summary  summary stats for time step 4 at time=4e-05
  Description       Units       Minimum           Rank   Average (2048)    Std. Dev.         Maximum           Rank   100*(1-ave/max) '% load imbalance'
  TaskExec          [seconds] : 0.11111         : 697  : 0.201554        : 0.0406842       : 0.246992        : 2047 : 18.3966
  TaskLocalComm     [seconds] : 0.0100745       : 1920 : 0.0264428       : 0.00548942      : 0.0376568       : 1418 : 29.7793
  TaskWaitCommTime  [seconds] : 0.00429776      : 263  : 0.0463875       : 0.0400309       : 0.136424        : 697  : 65.9975
  NumberOfTasks     [tasks  ] : 6               : 0    : 6               : 0               : 6               : 0    : 0
  NumberOfPatches   [patches] : 1               : 0    : 1               : 0               : 1               : 0    : 0
  NumberOfCells     [cells  ] : 32768           : 137  : 33282.5         : 659.365         : 35937           : 0    : 7.38653
  SCIMemoryUsed     [MBytes ] : 1.97202e+08     : 2040 : 2.08922e+08     : 3.78133e+06     : 2.20316e+08     : 1459 : 5.17167
  SCIMemoryMaxUsed  [MBytes ] : 1.97202e+08     : 2040 : 2.08922e+08     : 3.78133e+06     : 2.20316e+08     : 1459 : 5.17167
  MemoryUsed        [MBytes ] : 7.3103e+08      : 1921 : 8.06507e+08     : 9.4977e+06      : 8.25938e+08     : 1868 : 2.3526
  MemoryResident    [MBytes ] : 1.97202e+08     : 2040 : 2.08922e+08     : 3.78133e+06     : 2.20316e+08     : 1459 : 5.17167
  Percentage of time spent in overhead : 3.90967

________________________________________________________________________________
--------------------------------------------------------------------------------
MPIStats:+
--------------------------------------------------------------------------------
                Name:       Total:         Avg:         Min:         Max:    Max rank: Hist %% [  Q1 |  Q2 |  Q3 |  Q4 ]:  %%Load Imbalance
         Count: Recv:     4.45e+04         21.7            7           26         1910             7.0   0.0  35.5  57.4    16.4
         Count: Redu:     1.64e+04            8            8            8         2046           100.0   0.0   0.0   0.0     0.0
         Count: Send:     4.45e+04         21.7            7           26         1910             7.0   0.0  35.5  57.4    16.4
         Count: Test:     1.39e+04         6.78            6           22         2038            95.0   1.6   2.4   1.0    69.2
         Count: Wait:     7.67e+04         37.5            8           46         1910             7.0   0.0  35.5  57.4    18.6
          Time: Recv:      82.2 ms    0.0402 ms  8.36e+03 ns     0.178 ms         1146            69.9  25.2   4.3   0.5    77.4
          Time: Redu:       207 s      0.101 s      0.388 ms     0.162 s          1287            10.5  22.6  22.9  43.9    37.8
          Time: Send:      0.35 s      0.171 ms    0.0415 ms     0.339 ms          502             9.1  63.9  25.6   1.5    49.7
          Time: Test:      46.4 ms    0.0227 ms  2.48e+03 ns       0.4 ms         2007            95.9   3.2   0.6   0.2    94.3
          Time: Wait:      86.1 s         42 ms      2.02 ms     0.134 s           734            66.4   0.0  20.8  12.8    68.6
Volume Recv TOTAL   :      9.19 GB      4.59 MB      2.57 MB      4.99 MB         1910             0.4   6.6  35.5  57.4     7.9
Volume Recv0: <= 64B:     2.05e+03            1            1            2            0           100.0   0.0   0.0   0.0    50.0
Volume Recv1: <= 4KB:     1.47e+04         7.15            2            9         1910             7.0  35.5   0.0  57.4    20.5
Volume Recv2: <= 2MB:     3.19e+04         15.6            6           18         1910             0.4   6.6  35.5  57.4    13.5
Volume Send TOTAL   :      9.19 GB       4.6 MB      2.57 MB      4.99 MB         1910             0.4   6.6  35.5  57.4     7.9
Volume Send0: <= 64B:      4.1e+03            2            2            2         2046           100.0   0.0   0.0   0.0     0.0
Volume Send1: <= 4KB:     2.49e+04         12.2            7           14         1910             7.0  35.5   0.0  57.4    13.2
Volume Send2: <= 2MB:     3.19e+04         15.6            6           18         1910             0.4   6.6  35.5  57.4    13.5

Timestep 5       Time=5e-05       Next delT=1e-05       Wall Time=2.02289   EMA=0.286267    Memory Used=209.35 MBs (avg) 220.35 MBs (max on rank: 835   )
Runtime Summary  summary stats for time step 5 at time=5e-05
  Description       Units       Minimum           Rank   Average (2048)    Std. Dev.         Maximum           Rank   100*(1-ave/max) '% load imbalance'
  TaskExec          [seconds] : 0.109498        : 734  : 0.201565        : 0.0409919       : 0.247856        : 2047 : 18.6767
  TaskLocalComm     [seconds] : 0.00987227      : 1920 : 0.0266416       : 0.00558999      : 0.0389689       : 701  : 31.6336
  TaskWaitCommTime  [seconds] : 0.00487384      : 263  : 0.0474813       : 0.0403097       : 0.138656        : 734  : 65.7561
  NumberOfTasks     [tasks  ] : 6               : 0    : 6               : 0               : 6               : 0    : 0
  NumberOfPatches   [patches] : 1               : 0    : 1               : 0               : 1               : 0    : 0
  NumberOfCells     [cells  ] : 32768           : 137  : 33282.5         : 659.365         : 35937           : 0    : 7.38653
  SCIMemoryUsed     [MBytes ] : 1.98074e+08     : 2040 : 2.09354e+08     : 3.79528e+06     : 2.20348e+08     : 835  : 4.98945
  SCIMemoryMaxUsed  [MBytes ] : 1.98074e+08     : 2040 : 2.09354e+08     : 3.79528e+06     : 2.20348e+08     : 835  : 4.98945
  MemoryUsed        [MBytes ] : 7.3103e+08      : 1921 : 8.06912e+08     : 9.51167e+06     : 8.26266e+08     : 1508 : 2.34229
  MemoryResident    [MBytes ] : 1.98074e+08     : 2040 : 2.09354e+08     : 3.79528e+06     : 2.20348e+08     : 835  : 4.98945
  Percentage of time spent in overhead : 3.12647

________________________________________________________________________________
--------------------------------------------------------------------------------
MPIStats:+
--------------------------------------------------------------------------------
                Name:       Total:         Avg:         Min:         Max:    Max rank: Hist %% [  Q1 |  Q2 |  Q3 |  Q4 ]:  %%Load Imbalance
         Count: Recv:     4.45e+04         21.7            7           26         1910             7.0   0.0  35.5  57.4    16.4
         Count: Redu:     1.64e+04            8            8            8         2046           100.0   0.0   0.0   0.0     0.0
         Count: Send:     4.45e+04         21.7            7           26         1910             7.0   0.0  35.5  57.4    16.4
         Count: Test:     1.39e+04         6.78            6           22         2045            94.6   2.1   2.2   1.0    69.2
         Count: Wait:     7.67e+04         37.5            8           46         1910             7.0   0.0  35.5  57.4    18.6
          Time: Recv:      81.2 ms    0.0396 ms  9.93e+03 ns     0.189 ms         1404            73.7  21.7   4.0   0.7    79.0
          Time: Redu:       213 s      0.104 s      0.407 ms     0.165 s           120            10.6  20.0  21.7  47.7    36.7
          Time: Send:     0.358 s      0.175 ms    0.0435 ms     0.333 ms         1418             7.0  58.3  32.8   2.0    47.6
          Time: Test:      38.3 ms    0.0187 ms   2.3e+03 ns     0.595 ms         1407            98.6   1.2   0.1   0.1    96.9
          Time: Wait:      80.8 s       39.4 ms      1.65 ms     0.142 s           117            69.1   0.1  23.8   7.0    72.2
Volume Recv TOTAL   :      9.19 GB      4.59 MB      2.57 MB      4.99 MB         1910             0.4   6.6  35.5  57.4     7.9
Volume Recv0: <= 64B:     2.05e+03            1            1            2            0           100.0   0.0   0.0   0.0    50.0
Volume Recv1: <= 4KB:     1.47e+04         7.15            2            9         1910             7.0  35.5   0.0  57.4    20.5
Volume Recv2: <= 2MB:     3.19e+04         15.6            6           18         1910             0.4   6.6  35.5  57.4    13.5
Volume Send TOTAL   :      9.19 GB       4.6 MB      2.57 MB      4.99 MB         1910             0.4   6.6  35.5  57.4     7.9
Volume Send0: <= 64B:      4.1e+03            2            2            2         2046           100.0   0.0   0.0   0.0     0.0
Volume Send1: <= 4KB:     2.49e+04         12.2            7           14         1910             7.0  35.5   0.0  57.4    13.2
Volume Send2: <= 2MB:     3.19e+04         15.6            6           18         1910             0.4   6.6  35.5  57.4    13.5

Timestep 6       Time=6e-05       Next delT=1e-05       Wall Time=2.28506   EMA=0.279381    Memory Used=209.63 MBs (avg) 221.81 MBs (max on rank: 1619  )
Runtime Summary  summary stats for time step 6 at time=6e-05
  Description       Units       Minimum           Rank   Average (2048)    Std. Dev.         Maximum           Rank   100*(1-ave/max) '% load imbalance'
  TaskExec          [seconds] : 0.105996        : 113  : 0.205244        : 0.0416042       : 0.249201        : 263  : 17.6393
  TaskLocalComm     [seconds] : 0.00977354      : 1920 : 0.0267216       : 0.00568142      : 0.0401721       : 825  : 33.4821
  TaskWaitCommTime  [seconds] : 0.00438444      : 263  : 0.0450756       : 0.0409457       : 0.14578         : 113  : 69.0796
  NumberOfTasks     [tasks  ] : 6               : 0    : 6               : 0               : 6               : 0    : 0
  NumberOfPatches   [patches] : 1               : 0    : 1               : 0               : 1               : 0    : 0
  NumberOfCells     [cells  ] : 32768           : 137  : 33282.5         : 659.365         : 35937           : 0    : 7.38653
  SCIMemoryUsed     [MBytes ] : 1.98124e+08     : 1927 : 2.09628e+08     : 3.86427e+06     : 2.21815e+08     : 1619 : 5.49413
  SCIMemoryMaxUsed  [MBytes ] : 1.98124e+08     : 1927 : 2.09628e+08     : 3.86427e+06     : 2.21815e+08     : 1619 : 5.49413
  MemoryUsed        [MBytes ] : 7.3103e+08      : 1921 : 8.07148e+08     : 9.52629e+06     : 8.26585e+08     : 708  : 2.35149
  MemoryResident    [MBytes ] : 1.98124e+08     : 1927 : 2.09628e+08     : 3.86427e+06     : 2.21815e+08     : 1619 : 5.49413
  Percentage of time spent in overhead : 2.60362

________________________________________________________________________________
--------------------------------------------------------------------------------
MPIStats:+
--------------------------------------------------------------------------------
                Name:       Total:         Avg:         Min:         Max:    Max rank: Hist %% [  Q1 |  Q2 |  Q3 |  Q4 ]:  %%Load Imbalance
         Count: Recv:     4.45e+04         21.7            7           26         1910             7.0   0.0  35.5  57.4    16.4
         Count: Redu:     1.64e+04            8            8            8         2046           100.0   0.0   0.0   0.0     0.0
         Count: Send:     4.45e+04         21.7            7           26         1910             7.0   0.0  35.5  57.4    16.4
         Count: Test:     1.39e+04         6.79            6           22         2038            95.0   1.7   2.3   1.0    69.1
         Count: Wait:     7.67e+04         37.5            8           46         1910             7.0   0.0  35.5  57.4    18.6
          Time: Recv:      80.7 ms    0.0394 ms  9.25e+03 ns     0.168 ms          438            71.2  22.8   5.4   0.6    76.6
          Time: Redu:       195 s       95.4 ms     0.401 ms     0.159 s           120            13.8  18.8  30.5  36.9    40.0
          Time: Send:     0.362 s      0.177 ms    0.0409 ms     0.342 ms          501             7.1  59.2  32.0   1.7    48.3
          Time: Test:      41.9 ms    0.0205 ms  2.53e+03 ns     0.719 ms         1791            98.9   0.9   0.1   0.0    97.2
          Time: Wait:      81.8 s       39.9 ms      1.72 ms     0.121 s           614            67.2   0.1   9.8  22.9    66.9
Volume Recv TOTAL   :      9.19 GB      4.59 MB      2.57 MB      4.99 MB         1910             0.4   6.6  35.5  57.4     7.9
Volume Recv0: <= 64B:     2.05e+03            1            1            2            0           100.0   0.0   0.0   0.0    50.0
Volume Recv1: <= 4KB:     1.47e+04         7.15            2            9         1910             7.0  35.5   0.0  57.4    20.5
Volume Recv2: <= 2MB:     3.19e+04         15.6            6           18         1910             0.4   6.6  35.5  57.4    13.5
Volume Send TOTAL   :      9.19 GB       4.6 MB      2.57 MB      4.99 MB         1910             0.4   6.6  35.5  57.4     7.9
Volume Send0: <= 64B:      4.1e+03            2            2            2         2046           100.0   0.0   0.0   0.0     0.0
Volume Send1: <= 4KB:     2.49e+04         12.2            7           14         1910             7.0  35.5   0.0  57.4    13.2
Volume Send2: <= 2MB:     3.19e+04         15.6            6           18         1910             0.4   6.6  35.5  57.4    13.5

Timestep 7       Time=7e-05       Next delT=1e-05       Wall Time=2.53807   EMA=0.272789    Memory Used=209.91 MBs (avg) 221.81 MBs (max on rank: 1619  )
Runtime Summary  summary stats for time step 7 at time=7e-05
  Description       Units       Minimum           Rank   Average (2048)    Std. Dev.         Maximum           Rank   100*(1-ave/max) '% load imbalance'
  TaskExec          [seconds] : 0.111639        : 825  : 0.195734        : 0.0407221       : 0.239994        : 263  : 18.4423
  TaskLocalComm     [seconds] : 0.0102562       : 1920 : 0.0267014       : 0.00561152      : 0.038232        : 1781 : 30.1595
  TaskWaitCommTime  [seconds] : 0.00458702      : 263  : 0.045509        : 0.0401416       : 0.126323        : 825  : 63.9739
  NumberOfTasks     [tasks  ] : 6               : 0    : 6               : 0               : 6               : 0    : 0
  NumberOfPatches   [patches] : 1               : 0    : 1               : 0               : 1               : 0    : 0
  NumberOfCells     [cells  ] : 32768           : 137  : 33282.5         : 659.365         : 35937           : 0    : 7.38653
  SCIMemoryUsed     [MBytes ] : 1.98427e+08     : 1927 : 2.09905e+08     : 3.93605e+06     : 2.21815e+08     : 1619 : 5.36913
  SCIMemoryMaxUsed  [MBytes ] : 1.98427e+08     : 1927 : 2.09905e+08     : 3.93605e+06     : 2.21815e+08     : 1619 : 5.36913
  MemoryUsed        [MBytes ] : 7.3103e+08      : 1921 : 8.07403e+08     : 9.5466e+06      : 8.27535e+08     : 1468 : 2.43275
  MemoryResident    [MBytes ] : 1.98427e+08     : 1927 : 2.09905e+08     : 3.93605e+06     : 2.21815e+08     : 1619 : 5.36913
  Percentage of time spent in overhead : 2.22938

________________________________________________________________________________
--------------------------------------------------------------------------------
MPIStats:+
--------------------------------------------------------------------------------
                Name:       Total:         Avg:         Min:         Max:    Max rank: Hist %% [  Q1 |  Q2 |  Q3 |  Q4 ]:  %%Load Imbalance
         Count: Recv:     4.45e+04         21.7            7           26         1910             7.0   0.0  35.5  57.4    16.4
         Count: Redu:     1.64e+04            8            8            8         2046           100.0   0.0   0.0   0.0     0.0
         Count: Send:     4.45e+04         21.7            7           26         1910             7.0   0.0  35.5  57.4    16.4
         Count: Test:     1.39e+04          6.8            6           22         2038            94.8   1.9   2.3   1.0    69.1
         Count: Wait:     7.67e+04         37.5            8           46         1910             7.0   0.0  35.5  57.4    18.6
          Time: Recv:      81.6 ms    0.0398 ms  9.78e+03 ns     0.174 ms         1679            71.6  21.8   6.1   0.5    77.1
          Time: Redu:       204 s       99.5 ms     0.363 ms     0.164 s          1920            12.6  20.8  25.8  40.9    39.4
          Time: Send:      0.36 s      0.176 ms    0.0398 ms     0.354 ms          500             7.8  65.6  25.1   1.5    50.3
          Time: Test:      40.4 ms    0.0197 ms  2.48e+03 ns     0.509 ms         1791            97.9   1.9   0.1   0.1    96.1
          Time: Wait:      84.2 s       41.1 ms      1.66 ms      0.14 s           614            66.4   0.0  26.3   7.2    70.6
Volume Recv TOTAL   :      9.19 GB      4.59 MB      2.57 MB      4.99 MB         1910             0.4   6.6  35.5  57.4     7.9
Volume Recv0: <= 64B:     2.05e+03            1            1            2            0           100.0   0.0   0.0   0.0    50.0
Volume Recv1: <= 4KB:     1.47e+04         7.15            2            9         1910             7.0  35.5   0.0  57.4    20.5
Volume Recv2: <= 2MB:     3.19e+04         15.6            6           18         1910             0.4   6.6  35.5  57.4    13.5
Volume Send TOTAL   :      9.19 GB       4.6 MB      2.57 MB      4.99 MB         1910             0.4   6.6  35.5  57.4     7.9
Volume Send0: <= 64B:      4.1e+03            2            2            2         2046           100.0   0.0   0.0   0.0     0.0
Volume Send1: <= 4KB:     2.49e+04         12.2            7           14         1910             7.0  35.5   0.0  57.4    13.2
Volume Send2: <= 2MB:     3.19e+04         15.6            6           18         1910             0.4   6.6  35.5  57.4    13.5

Timestep 8       Time=8e-05       Next delT=1e-05       Wall Time=2.79598   EMA=0.269484    Memory Used=210.15 MBs (avg) 221.90 MBs (max on rank: 197   )
Runtime Summary  summary stats for time step 8 at time=8e-05
  Description       Units       Minimum           Rank   Average (2048)    Std. Dev.         Maximum           Rank   100*(1-ave/max) '% load imbalance'
  TaskExec          [seconds] : 0.099878        : 614  : 0.199365        : 0.0419484       : 0.244914        : 263  : 18.5981
  TaskLocalComm     [seconds] : 0.0100327       : 1920 : 0.0266859       : 0.00562933      : 0.0382355       : 246  : 30.2064
  TaskWaitCommTime  [seconds] : 0.0043454       : 263  : 0.0467317       : 0.0414077       : 0.145634        : 614  : 67.9116
  NumberOfTasks     [tasks  ] : 6               : 0    : 6               : 0               : 6               : 0    : 0
  NumberOfPatches   [patches] : 1               : 0    : 1               : 0               : 1               : 0    : 0
  NumberOfCells     [cells  ] : 32768           : 137  : 33282.5         : 659.365         : 35937           : 0    : 7.38653
  SCIMemoryUsed     [MBytes ] : 1.98427e+08     : 1927 : 2.10145e+08     : 3.98542e+06     : 2.21901e+08     : 197  : 5.29772
  SCIMemoryMaxUsed  [MBytes ] : 1.98427e+08     : 1927 : 2.10145e+08     : 3.98542e+06     : 2.21901e+08     : 197  : 5.29772
  MemoryUsed        [MBytes ] : 7.3103e+08      : 1921 : 8.07619e+08     : 9.5993e+06      : 8.27843e+08     : 948  : 2.44294
  MemoryResident    [MBytes ] : 1.98427e+08     : 1927 : 2.10145e+08     : 3.98542e+06     : 2.21901e+08     : 197  : 5.29772
  Percentage of time spent in overhead : 1.94789

________________________________________________________________________________
--------------------------------------------------------------------------------
MPIStats:+
--------------------------------------------------------------------------------
                Name:       Total:         Avg:         Min:         Max:    Max rank: Hist %% [  Q1 |  Q2 |  Q3 |  Q4 ]:  %%Load Imbalance
         Count: Recv:     4.45e+04         21.7            7           26         1910             7.0   0.0  35.5  57.4    16.4
         Count: Redu:     1.64e+04            8            8            8         2046           100.0   0.0   0.0   0.0     0.0
         Count: Send:     4.45e+04         21.7            7           26         1910             7.0   0.0  35.5  57.4    16.4
         Count: Test:     1.39e+04         6.81            6           22         2038            94.8   1.9   2.4   0.9    69.0
         Count: Wait:     7.67e+04         37.5            8           46         1910             7.0   0.0  35.5  57.4    18.6
          Time: Recv:      81.8 ms    0.0399 ms  9.45e+03 ns     0.196 ms          828            72.9  24.1   2.5   0.4    79.6
          Time: Redu:       211 s      0.103 s      0.338 ms     0.167 s          1920            10.1  21.4  28.4  40.1    38.2
          Time: Send:     0.363 s      0.177 ms    0.0384 ms     0.334 ms         1781             6.2  53.8  37.9   2.1    46.9
          Time: Test:      42.7 ms    0.0208 ms  2.44e+03 ns     0.753 ms         1791            99.0   0.8   0.1   0.0    97.2
          Time: Wait:      80.8 s       39.4 ms      1.75 ms     0.128 s           614            68.1   0.1  16.6  15.2    69.3
Volume Recv TOTAL   :      9.19 GB      4.59 MB      2.57 MB      4.99 MB         1910             0.4   6.6  35.5  57.4     7.9
Volume Recv0: <= 64B:     2.05e+03            1            1            2            0           100.0   0.0   0.0   0.0    50.0
Volume Recv1: <= 4KB:     1.47e+04         7.15            2            9         1910             7.0  35.5   0.0  57.4    20.5
Volume Recv2: <= 2MB:     3.19e+04         15.6            6           18         1910             0.4   6.6  35.5  57.4    13.5
Volume Send TOTAL   :      9.19 GB       4.6 MB      2.57 MB      4.99 MB         1910             0.4   6.6  35.5  57.4     7.9
Volume Send0: <= 64B:      4.1e+03            2            2            2         2046           100.0   0.0   0.0   0.0     0.0
Volume Send1: <= 4KB:     2.49e+04         12.2            7           14         1910             7.0  35.5   0.0  57.4    13.2
Volume Send2: <= 2MB:     3.19e+04         15.6            6           18         1910             0.4   6.6  35.5  57.4    13.5

Timestep 9       Time=9e-05       Next delT=1e-05       Wall Time=3.05635   EMA=0.267661    Memory Used=210.28 MBs (avg) 222.40 MBs (max on rank: 1573  )
Runtime Summary  summary stats for time step 9 at time=9e-05
  Description       Units       Minimum           Rank   Average (2048)    Std. Dev.         Maximum           Rank   100*(1-ave/max) '% load imbalance'
  TaskExec          [seconds] : 0.114003        : 614  : 0.203558        : 0.0408235       : 0.247566        : 2047 : 17.7763
  TaskLocalComm     [seconds] : 0.00992896      : 1920 : 0.0267149       : 0.00562821      : 0.0394498       : 1780 : 32.2812
  TaskWaitCommTime  [seconds] : 0.00455177      : 263  : 0.0450347       : 0.0403052       : 0.133864        : 614  : 66.3578
  NumberOfTasks     [tasks  ] : 6               : 0    : 6               : 0               : 6               : 0    : 0
  NumberOfPatches   [patches] : 1               : 0    : 1               : 0               : 1               : 0    : 0
  NumberOfCells     [cells  ] : 32768           : 137  : 33282.5         : 659.365         : 35937           : 0    : 7.38653
  SCIMemoryUsed     [MBytes ] : 1.97296e+08     : 7    : 2.10279e+08     : 3.97742e+06     : 2.22401e+08     : 1573 : 5.45029
  SCIMemoryMaxUsed  [MBytes ] : 1.97296e+08     : 7    : 2.10279e+08     : 3.97742e+06     : 2.22401e+08     : 1573 : 5.45029
  MemoryUsed        [MBytes ] : 7.3103e+08      : 1921 : 8.07728e+08     : 9.58094e+06     : 8.27843e+08     : 668  : 2.42973
  MemoryResident    [MBytes ] : 1.97296e+08     : 7    : 2.10279e+08     : 3.97742e+06     : 2.22401e+08     : 1573 : 5.45029
  Percentage of time spent in overhead : 1.72811

________________________________________________________________________________
--------------------------------------------------------------------------------
MPIStats:+
--------------------------------------------------------------------------------
                Name:       Total:         Avg:         Min:         Max:    Max rank: Hist %% [  Q1 |  Q2 |  Q3 |  Q4 ]:  %%Load Imbalance
         Count: Recv:     4.45e+04         21.7            7           26         1910             7.0   0.0  35.5  57.4    16.4
         Count: Redu:     1.64e+04            8            8            8         2046           100.0   0.0   0.0   0.0     0.0
         Count: Send:     4.45e+04         21.7            7           26         1910             7.0   0.0  35.5  57.4    16.4
         Count: Test:     1.39e+04         6.78            6           22         2038            95.0   1.7   2.5   0.9    69.2
         Count: Wait:     7.67e+04         37.5            8           46         1910             7.0   0.0  35.5  57.4    18.6
          Time: Recv:      81.6 ms    0.0398 ms   9.9e+03 ns     0.211 ms         1570            75.6  22.6   1.6   0.1    81.2
          Time: Redu:       191 s       93.4 ms     0.357 ms      0.16 s           120            16.3  18.9  27.9  36.8    41.5
          Time: Send:     0.359 s      0.175 ms    0.0428 ms     0.323 ms          502             6.1  52.9  38.6   2.4    45.8
          Time: Test:      42.1 ms    0.0205 ms  2.51e+03 ns      0.57 ms         1967            98.0   1.7   0.1   0.1    96.4
          Time: Wait:      86.7 s       42.3 ms      1.74 ms     0.129 s          2019            64.6   0.1  18.0  17.4    67.1
Volume Recv TOTAL   :      9.19 GB      4.59 MB      2.57 MB      4.99 MB         1910             0.4   6.6  35.5  57.4     7.9
Volume Recv0: <= 64B:     2.05e+03            1            1            2            0           100.0   0.0   0.0   0.0    50.0
Volume Recv1: <= 4KB:     1.47e+04         7.15            2            9         1910             7.0  35.5   0.0  57.4    20.5
Volume Recv2: <= 2MB:     3.19e+04         15.6            6           18         1910             0.4   6.6  35.5  57.4    13.5
Volume Send TOTAL   :      9.19 GB       4.6 MB      2.57 MB      4.99 MB         1910             0.4   6.6  35.5  57.4     7.9
Volume Send0: <= 64B:      4.1e+03            2            2            2         2046           100.0   0.0   0.0   0.0     0.0
Volume Send1: <= 4KB:     2.49e+04         12.2            7           14         1910             7.0  35.5   0.0  57.4    13.2
Volume Send2: <= 2MB:     3.19e+04         15.6            6           18         1910             0.4   6.6  35.5  57.4    13.5

Timestep 10      Time=0.0001      Next delT=1e-05       Wall Time=3.30844   EMA=0.264828    Memory Used=210.43 MBs (avg) 222.40 MBs (max on rank: 1573  )
Runtime Summary  summary stats for time step 10 at time=0.0001
  Description       Units       Minimum           Rank   Average (2048)    Std. Dev.         Maximum           Rank   100*(1-ave/max) '% load imbalance'
  TaskExec          [seconds] : 0.106721        : 1835 : 0.192286        : 0.0422826       : 0.23925         : 2047 : 19.6297
  TaskLocalComm     [seconds] : 0.009789        : 1920 : 0.0267325       : 0.00563815      : 0.0387027       : 1418 : 30.9286
  TaskWaitCommTime  [seconds] : 0.0045503       : 263  : 0.0479456       : 0.0418291       : 0.132618        : 2019 : 63.8467
  NumberOfTasks     [tasks  ] : 6               : 0    : 6               : 0               : 6               : 0    : 0
  NumberOfPatches   [patches] : 1               : 0    : 1               : 0               : 1               : 0    : 0
  NumberOfCells     [cells  ] : 32768           : 137  : 33282.5         : 659.365         : 35937           : 0    : 7.38653
  SCIMemoryUsed     [MBytes ] : 1.97194e+08     : 127  : 2.10431e+08     : 4.0493e+06      : 2.22401e+08     : 1573 : 5.38217
  SCIMemoryMaxUsed  [MBytes ] : 1.97194e+08     : 127  : 2.10431e+08     : 4.0493e+06      : 2.22401e+08     : 1573 : 5.38217
  MemoryUsed        [MBytes ] : 7.3103e+08      : 1921 : 8.0786e+08      : 9.61893e+06     : 8.27843e+08     : 668  : 2.41386
  MemoryResident    [MBytes ] : 1.97194e+08     : 127  : 2.10431e+08     : 4.0493e+06      : 2.22401e+08     : 1573 : 5.38217
  Percentage of time spent in overhead : 1.5514
Sus: going down successfully
