Parallel: 256 MPI processes (using MPI)
Parallel: MPI Level Required: 0, provided: 0
Date:       Thu Aug 25 11:03:47 2022
Machine:    ash276
git branch:wasatch-low-cost-integ-cmake
git date:   Sat Jul 30 10:34:22 2022 -0600
git hash:   9315f9f96fa6304db4fe79378b145f37ea40016d
Assertion level: 0
CFLAGS:          
CXXFLAGS:        
______________________________________________________________________
Application Component: 	'wasatch'

-------------------------------------------------------------
Wasatch was built against:
  SpatialOps HASH: bd7a2bac76e42e2cb528b02e2cf1291d05c71926
             DATE: Fri Nov 12 11:34:54 2021 -0700
     ExprLib HASH: d2950c77edb22e5f3669ddaaf2d2ed29ceb24d2c
             DATE: Thu Aug 5 12:26:26 2021 -0600
    TabProps HASH: eca0dc5f26b20d4f6b1cebe51b1ae97e11871e83
             DATE: Wed Aug 11 20:11:26 2021 -0600
-------------------------------------------------------------

Linear Solver: 		hypre
Load Balancer: 		Simple
Scheduler: 		MPI
Patch layout: 		(8,8,4)
Grid statistics:
Number of levels:		1
Level 0:
  Periodic boundaries:		[int 1, 1, 1]
  Number of patches:		256
  Total number of cells:	8388608 (32768 avg. per patch)
Total patches in grid:		256
Total cells in grid:		8388608 (32768 avg. per patch)

Using small, individual MPI messages (no message combining)
Detected solver: hypre
SETTING UP CONVECTIVE FLUX EXPRESSION IN X DIRECTION USING CENTRAL
SETTING UP CONVECTIVE FLUX EXPRESSION IN Y DIRECTION USING CENTRAL
SETTING UP CONVECTIVE FLUX EXPRESSION IN Z DIRECTION USING CENTRAL
Setting initial conditions for scalability test equation: scalability0
SETTING UP CONVECTIVE FLUX EXPRESSION IN X DIRECTION USING CENTRAL
SETTING UP CONVECTIVE FLUX EXPRESSION IN Y DIRECTION USING CENTRAL
SETTING UP CONVECTIVE FLUX EXPRESSION IN Z DIRECTION USING CENTRAL
Setting initial conditions for scalability test equation: scalability1
SETTING UP CONVECTIVE FLUX EXPRESSION IN X DIRECTION USING CENTRAL
SETTING UP CONVECTIVE FLUX EXPRESSION IN Y DIRECTION USING CENTRAL
SETTING UP CONVECTIVE FLUX EXPRESSION IN Z DIRECTION USING CENTRAL
Setting initial conditions for scalability test equation: scalability2
SETTING UP CONVECTIVE FLUX EXPRESSION IN X DIRECTION USING CENTRAL
SETTING UP CONVECTIVE FLUX EXPRESSION IN Y DIRECTION USING CENTRAL
SETTING UP CONVECTIVE FLUX EXPRESSION IN Z DIRECTION USING CENTRAL
Setting initial conditions for scalability test equation: scalability3
SETTING UP CONVECTIVE FLUX EXPRESSION IN X DIRECTION USING CENTRAL
SETTING UP CONVECTIVE FLUX EXPRESSION IN Y DIRECTION USING CENTRAL
SETTING UP CONVECTIVE FLUX EXPRESSION IN Z DIRECTION USING CENTRAL
Setting initial conditions for scalability test equation: scalability4
SETTING UP CONVECTIVE FLUX EXPRESSION IN X DIRECTION USING CENTRAL
SETTING UP CONVECTIVE FLUX EXPRESSION IN Y DIRECTION USING CENTRAL
SETTING UP CONVECTIVE FLUX EXPRESSION IN Z DIRECTION USING CENTRAL
Setting initial conditions for scalability test equation: scalability5
SETTING UP CONVECTIVE FLUX EXPRESSION IN X DIRECTION USING CENTRAL
SETTING UP CONVECTIVE FLUX EXPRESSION IN Y DIRECTION USING CENTRAL
SETTING UP CONVECTIVE FLUX EXPRESSION IN Z DIRECTION USING CENTRAL
Setting initial conditions for scalability test equation: scalability6
SETTING UP CONVECTIVE FLUX EXPRESSION IN X DIRECTION USING CENTRAL
SETTING UP CONVECTIVE FLUX EXPRESSION IN Y DIRECTION USING CENTRAL
SETTING UP CONVECTIVE FLUX EXPRESSION IN Z DIRECTION USING CENTRAL
Setting initial conditions for scalability test equation: scalability7
SETTING UP CONVECTIVE FLUX EXPRESSION IN X DIRECTION USING CENTRAL
SETTING UP CONVECTIVE FLUX EXPRESSION IN Y DIRECTION USING CENTRAL
SETTING UP CONVECTIVE FLUX EXPRESSION IN Z DIRECTION USING CENTRAL
Setting initial conditions for scalability test equation: scalability8
SETTING UP CONVECTIVE FLUX EXPRESSION IN X DIRECTION USING CENTRAL
SETTING UP CONVECTIVE FLUX EXPRESSION IN Y DIRECTION USING CENTRAL
SETTING UP CONVECTIVE FLUX EXPRESSION IN Z DIRECTION USING CENTRAL
Setting initial conditions for scalability test equation: scalability9
SETTING UP CONVECTIVE FLUX EXPRESSION IN X DIRECTION USING CENTRAL
SETTING UP CONVECTIVE FLUX EXPRESSION IN Y DIRECTION USING CENTRAL
SETTING UP CONVECTIVE FLUX EXPRESSION IN Z DIRECTION USING CENTRAL
Setting initial conditions for scalability test equation: scalability10
SETTING UP CONVECTIVE FLUX EXPRESSION IN X DIRECTION USING CENTRAL
SETTING UP CONVECTIVE FLUX EXPRESSION IN Y DIRECTION USING CENTRAL
SETTING UP CONVECTIVE FLUX EXPRESSION IN Z DIRECTION USING CENTRAL
Setting initial conditions for scalability test equation: scalability11
SETTING UP CONVECTIVE FLUX EXPRESSION IN X DIRECTION USING CENTRAL
SETTING UP CONVECTIVE FLUX EXPRESSION IN Y DIRECTION USING CENTRAL
SETTING UP CONVECTIVE FLUX EXPRESSION IN Z DIRECTION USING CENTRAL
Setting initial conditions for scalability test equation: scalability12
SETTING UP CONVECTIVE FLUX EXPRESSION IN X DIRECTION USING CENTRAL
SETTING UP CONVECTIVE FLUX EXPRESSION IN Y DIRECTION USING CENTRAL
SETTING UP CONVECTIVE FLUX EXPRESSION IN Z DIRECTION USING CENTRAL
Setting initial conditions for scalability test equation: scalability13
SETTING UP CONVECTIVE FLUX EXPRESSION IN X DIRECTION USING CENTRAL
SETTING UP CONVECTIVE FLUX EXPRESSION IN Y DIRECTION USING CENTRAL
SETTING UP CONVECTIVE FLUX EXPRESSION IN Z DIRECTION USING CENTRAL
Setting initial conditions for scalability test equation: scalability14
SETTING UP CONVECTIVE FLUX EXPRESSION IN X DIRECTION USING CENTRAL
SETTING UP CONVECTIVE FLUX EXPRESSION IN Y DIRECTION USING CENTRAL
SETTING UP CONVECTIVE FLUX EXPRESSION IN Z DIRECTION USING CENTRAL
Setting initial conditions for scalability test equation: scalability15
SETTING UP CONVECTIVE FLUX EXPRESSION IN X DIRECTION USING CENTRAL
SETTING UP CONVECTIVE FLUX EXPRESSION IN Y DIRECTION USING CENTRAL
SETTING UP CONVECTIVE FLUX EXPRESSION IN Z DIRECTION USING CENTRAL
Setting initial conditions for scalability test equation: scalability16
SETTING UP CONVECTIVE FLUX EXPRESSION IN X DIRECTION USING CENTRAL
SETTING UP CONVECTIVE FLUX EXPRESSION IN Y DIRECTION USING CENTRAL
SETTING UP CONVECTIVE FLUX EXPRESSION IN Z DIRECTION USING CENTRAL
Setting initial conditions for scalability test equation: scalability17
SETTING UP CONVECTIVE FLUX EXPRESSION IN X DIRECTION USING CENTRAL
SETTING UP CONVECTIVE FLUX EXPRESSION IN Y DIRECTION USING CENTRAL
SETTING UP CONVECTIVE FLUX EXPRESSION IN Z DIRECTION USING CENTRAL
Setting initial conditions for scalability test equation: scalability18
SETTING UP CONVECTIVE FLUX EXPRESSION IN X DIRECTION USING CENTRAL
SETTING UP CONVECTIVE FLUX EXPRESSION IN Y DIRECTION USING CENTRAL
SETTING UP CONVECTIVE FLUX EXPRESSION IN Z DIRECTION USING CENTRAL
Setting initial conditions for scalability test equation: scalability19
SETTING UP CONVECTIVE FLUX EXPRESSION IN X DIRECTION USING CENTRAL
SETTING UP CONVECTIVE FLUX EXPRESSION IN Y DIRECTION USING CENTRAL
SETTING UP CONVECTIVE FLUX EXPRESSION IN Z DIRECTION USING CENTRAL
Setting initial conditions for scalability test equation: scalability20
SETTING UP CONVECTIVE FLUX EXPRESSION IN X DIRECTION USING CENTRAL
SETTING UP CONVECTIVE FLUX EXPRESSION IN Y DIRECTION USING CENTRAL
SETTING UP CONVECTIVE FLUX EXPRESSION IN Z DIRECTION USING CENTRAL
Setting initial conditions for scalability test equation: scalability21
SETTING UP CONVECTIVE FLUX EXPRESSION IN X DIRECTION USING CENTRAL
SETTING UP CONVECTIVE FLUX EXPRESSION IN Y DIRECTION USING CENTRAL
SETTING UP CONVECTIVE FLUX EXPRESSION IN Z DIRECTION USING CENTRAL
Setting initial conditions for scalability test equation: scalability22
SETTING UP CONVECTIVE FLUX EXPRESSION IN X DIRECTION USING CENTRAL
SETTING UP CONVECTIVE FLUX EXPRESSION IN Y DIRECTION USING CENTRAL
SETTING UP CONVECTIVE FLUX EXPRESSION IN Z DIRECTION USING CENTRAL
Setting initial conditions for scalability test equation: scalability23
SETTING UP CONVECTIVE FLUX EXPRESSION IN X DIRECTION USING CENTRAL
SETTING UP CONVECTIVE FLUX EXPRESSION IN Y DIRECTION USING CENTRAL
SETTING UP CONVECTIVE FLUX EXPRESSION IN Z DIRECTION USING CENTRAL
Setting initial conditions for scalability test equation: scalability24
SETTING UP CONVECTIVE FLUX EXPRESSION IN X DIRECTION USING CENTRAL
SETTING UP CONVECTIVE FLUX EXPRESSION IN Y DIRECTION USING CENTRAL
SETTING UP CONVECTIVE FLUX EXPRESSION IN Z DIRECTION USING CENTRAL
Setting initial conditions for scalability test equation: scalability25
SETTING UP CONVECTIVE FLUX EXPRESSION IN X DIRECTION USING CENTRAL
SETTING UP CONVECTIVE FLUX EXPRESSION IN Y DIRECTION USING CENTRAL
SETTING UP CONVECTIVE FLUX EXPRESSION IN Z DIRECTION USING CENTRAL
Setting initial conditions for scalability test equation: scalability26
SETTING UP CONVECTIVE FLUX EXPRESSION IN X DIRECTION USING CENTRAL
SETTING UP CONVECTIVE FLUX EXPRESSION IN Y DIRECTION USING CENTRAL
SETTING UP CONVECTIVE FLUX EXPRESSION IN Z DIRECTION USING CENTRAL
Setting initial conditions for scalability test equation: scalability27
SETTING UP CONVECTIVE FLUX EXPRESSION IN X DIRECTION USING CENTRAL
SETTING UP CONVECTIVE FLUX EXPRESSION IN Y DIRECTION USING CENTRAL
SETTING UP CONVECTIVE FLUX EXPRESSION IN Z DIRECTION USING CENTRAL
Setting initial conditions for scalability test equation: scalability28
SETTING UP CONVECTIVE FLUX EXPRESSION IN X DIRECTION USING CENTRAL
SETTING UP CONVECTIVE FLUX EXPRESSION IN Y DIRECTION USING CENTRAL
SETTING UP CONVECTIVE FLUX EXPRESSION IN Z DIRECTION USING CENTRAL
Setting initial conditions for scalability test equation: scalability29
SETTING UP CONVECTIVE FLUX EXPRESSION IN X DIRECTION USING CENTRAL
SETTING UP CONVECTIVE FLUX EXPRESSION IN Y DIRECTION USING CENTRAL
SETTING UP CONVECTIVE FLUX EXPRESSION IN Z DIRECTION USING CENTRAL
Setting initial conditions for scalability test equation: scalability30
SETTING UP CONVECTIVE FLUX EXPRESSION IN X DIRECTION USING CENTRAL
SETTING UP CONVECTIVE FLUX EXPRESSION IN Y DIRECTION USING CENTRAL
SETTING UP CONVECTIVE FLUX EXPRESSION IN Z DIRECTION USING CENTRAL
Setting initial conditions for scalability test equation: scalability31
SETTING UP CONVECTIVE FLUX EXPRESSION IN X DIRECTION USING CENTRAL
SETTING UP CONVECTIVE FLUX EXPRESSION IN Y DIRECTION USING CENTRAL
SETTING UP CONVECTIVE FLUX EXPRESSION IN Z DIRECTION USING CENTRAL
Setting initial conditions for scalability test equation: scalability32
SETTING UP CONVECTIVE FLUX EXPRESSION IN X DIRECTION USING CENTRAL
SETTING UP CONVECTIVE FLUX EXPRESSION IN Y DIRECTION USING CENTRAL
SETTING UP CONVECTIVE FLUX EXPRESSION IN Z DIRECTION USING CENTRAL
Setting initial conditions for scalability test equation: scalability33
SETTING UP CONVECTIVE FLUX EXPRESSION IN X DIRECTION USING CENTRAL
SETTING UP CONVECTIVE FLUX EXPRESSION IN Y DIRECTION USING CENTRAL
SETTING UP CONVECTIVE FLUX EXPRESSION IN Z DIRECTION USING CENTRAL
Setting initial conditions for scalability test equation: scalability34
SETTING UP CONVECTIVE FLUX EXPRESSION IN X DIRECTION USING CENTRAL
SETTING UP CONVECTIVE FLUX EXPRESSION IN Y DIRECTION USING CENTRAL
SETTING UP CONVECTIVE FLUX EXPRESSION IN Z DIRECTION USING CENTRAL
Setting initial conditions for scalability test equation: scalability35
SETTING UP CONVECTIVE FLUX EXPRESSION IN X DIRECTION USING CENTRAL
SETTING UP CONVECTIVE FLUX EXPRESSION IN Y DIRECTION USING CENTRAL
SETTING UP CONVECTIVE FLUX EXPRESSION IN Z DIRECTION USING CENTRAL
Setting initial conditions for scalability test equation: scalability36
SETTING UP CONVECTIVE FLUX EXPRESSION IN X DIRECTION USING CENTRAL
SETTING UP CONVECTIVE FLUX EXPRESSION IN Y DIRECTION USING CENTRAL
SETTING UP CONVECTIVE FLUX EXPRESSION IN Z DIRECTION USING CENTRAL
Setting initial conditions for scalability test equation: scalability37
SETTING UP CONVECTIVE FLUX EXPRESSION IN X DIRECTION USING CENTRAL
SETTING UP CONVECTIVE FLUX EXPRESSION IN Y DIRECTION USING CENTRAL
SETTING UP CONVECTIVE FLUX EXPRESSION IN Z DIRECTION USING CENTRAL
Setting initial conditions for scalability test equation: scalability38
SETTING UP CONVECTIVE FLUX EXPRESSION IN X DIRECTION USING CENTRAL
SETTING UP CONVECTIVE FLUX EXPRESSION IN Y DIRECTION USING CENTRAL
SETTING UP CONVECTIVE FLUX EXPRESSION IN Z DIRECTION USING CENTRAL
Setting initial conditions for scalability test equation: scalability39
SETTING UP CONVECTIVE FLUX EXPRESSION IN X DIRECTION USING CENTRAL
SETTING UP CONVECTIVE FLUX EXPRESSION IN Y DIRECTION USING CENTRAL
SETTING UP CONVECTIVE FLUX EXPRESSION IN Z DIRECTION USING CENTRAL
Setting initial conditions for scalability test equation: scalability40
SETTING UP CONVECTIVE FLUX EXPRESSION IN X DIRECTION USING CENTRAL
SETTING UP CONVECTIVE FLUX EXPRESSION IN Y DIRECTION USING CENTRAL
SETTING UP CONVECTIVE FLUX EXPRESSION IN Z DIRECTION USING CENTRAL
Setting initial conditions for scalability test equation: scalability41
SETTING UP CONVECTIVE FLUX EXPRESSION IN X DIRECTION USING CENTRAL
SETTING UP CONVECTIVE FLUX EXPRESSION IN Y DIRECTION USING CENTRAL
SETTING UP CONVECTIVE FLUX EXPRESSION IN Z DIRECTION USING CENTRAL
Setting initial conditions for scalability test equation: scalability42
SETTING UP CONVECTIVE FLUX EXPRESSION IN X DIRECTION USING CENTRAL
SETTING UP CONVECTIVE FLUX EXPRESSION IN Y DIRECTION USING CENTRAL
SETTING UP CONVECTIVE FLUX EXPRESSION IN Z DIRECTION USING CENTRAL
Setting initial conditions for scalability test equation: scalability43
SETTING UP CONVECTIVE FLUX EXPRESSION IN X DIRECTION USING CENTRAL
SETTING UP CONVECTIVE FLUX EXPRESSION IN Y DIRECTION USING CENTRAL
SETTING UP CONVECTIVE FLUX EXPRESSION IN Z DIRECTION USING CENTRAL
Setting initial conditions for scalability test equation: scalability44
SETTING UP CONVECTIVE FLUX EXPRESSION IN X DIRECTION USING CENTRAL
SETTING UP CONVECTIVE FLUX EXPRESSION IN Y DIRECTION USING CENTRAL
SETTING UP CONVECTIVE FLUX EXPRESSION IN Z DIRECTION USING CENTRAL
Setting initial conditions for scalability test equation: scalability45
SETTING UP CONVECTIVE FLUX EXPRESSION IN X DIRECTION USING CENTRAL
SETTING UP CONVECTIVE FLUX EXPRESSION IN Y DIRECTION USING CENTRAL
SETTING UP CONVECTIVE FLUX EXPRESSION IN Z DIRECTION USING CENTRAL
Setting initial conditions for scalability test equation: scalability46
SETTING UP CONVECTIVE FLUX EXPRESSION IN X DIRECTION USING CENTRAL
SETTING UP CONVECTIVE FLUX EXPRESSION IN Y DIRECTION USING CENTRAL
SETTING UP CONVECTIVE FLUX EXPRESSION IN Z DIRECTION USING CENTRAL
Setting initial conditions for scalability test equation: scalability47
SETTING UP CONVECTIVE FLUX EXPRESSION IN X DIRECTION USING CENTRAL
SETTING UP CONVECTIVE FLUX EXPRESSION IN Y DIRECTION USING CENTRAL
SETTING UP CONVECTIVE FLUX EXPRESSION IN Z DIRECTION USING CENTRAL
Setting initial conditions for scalability test equation: scalability48
SETTING UP CONVECTIVE FLUX EXPRESSION IN X DIRECTION USING CENTRAL
SETTING UP CONVECTIVE FLUX EXPRESSION IN Y DIRECTION USING CENTRAL
SETTING UP CONVECTIVE FLUX EXPRESSION IN Z DIRECTION USING CENTRAL
Setting initial conditions for scalability test equation: scalability49
SETTING UP CONVECTIVE FLUX EXPRESSION IN X DIRECTION USING CENTRAL
SETTING UP CONVECTIVE FLUX EXPRESSION IN Y DIRECTION USING CENTRAL
SETTING UP CONVECTIVE FLUX EXPRESSION IN Z DIRECTION USING CENTRAL
Setting initial conditions for scalability test equation: scalability50
SETTING UP CONVECTIVE FLUX EXPRESSION IN X DIRECTION USING CENTRAL
SETTING UP CONVECTIVE FLUX EXPRESSION IN Y DIRECTION USING CENTRAL
SETTING UP CONVECTIVE FLUX EXPRESSION IN Z DIRECTION USING CENTRAL
Setting initial conditions for scalability test equation: scalability51
SETTING UP CONVECTIVE FLUX EXPRESSION IN X DIRECTION USING CENTRAL
SETTING UP CONVECTIVE FLUX EXPRESSION IN Y DIRECTION USING CENTRAL
SETTING UP CONVECTIVE FLUX EXPRESSION IN Z DIRECTION USING CENTRAL
Setting initial conditions for scalability test equation: scalability52
SETTING UP CONVECTIVE FLUX EXPRESSION IN X DIRECTION USING CENTRAL
SETTING UP CONVECTIVE FLUX EXPRESSION IN Y DIRECTION USING CENTRAL
SETTING UP CONVECTIVE FLUX EXPRESSION IN Z DIRECTION USING CENTRAL
Setting initial conditions for scalability test equation: scalability53
SETTING UP CONVECTIVE FLUX EXPRESSION IN X DIRECTION USING CENTRAL
SETTING UP CONVECTIVE FLUX EXPRESSION IN Y DIRECTION USING CENTRAL
SETTING UP CONVECTIVE FLUX EXPRESSION IN Z DIRECTION USING CENTRAL
Setting initial conditions for scalability test equation: scalability54
SETTING UP CONVECTIVE FLUX EXPRESSION IN X DIRECTION USING CENTRAL
SETTING UP CONVECTIVE FLUX EXPRESSION IN Y DIRECTION USING CENTRAL
SETTING UP CONVECTIVE FLUX EXPRESSION IN Z DIRECTION USING CENTRAL
Setting initial conditions for scalability test equation: scalability55
SETTING UP CONVECTIVE FLUX EXPRESSION IN X DIRECTION USING CENTRAL
SETTING UP CONVECTIVE FLUX EXPRESSION IN Y DIRECTION USING CENTRAL
SETTING UP CONVECTIVE FLUX EXPRESSION IN Z DIRECTION USING CENTRAL
Setting initial conditions for scalability test equation: scalability56
SETTING UP CONVECTIVE FLUX EXPRESSION IN X DIRECTION USING CENTRAL
SETTING UP CONVECTIVE FLUX EXPRESSION IN Y DIRECTION USING CENTRAL
SETTING UP CONVECTIVE FLUX EXPRESSION IN Z DIRECTION USING CENTRAL
Setting initial conditions for scalability test equation: scalability57
SETTING UP CONVECTIVE FLUX EXPRESSION IN X DIRECTION USING CENTRAL
SETTING UP CONVECTIVE FLUX EXPRESSION IN Y DIRECTION USING CENTRAL
SETTING UP CONVECTIVE FLUX EXPRESSION IN Z DIRECTION USING CENTRAL
Setting initial conditions for scalability test equation: scalability58
SETTING UP CONVECTIVE FLUX EXPRESSION IN X DIRECTION USING CENTRAL
SETTING UP CONVECTIVE FLUX EXPRESSION IN Y DIRECTION USING CENTRAL
SETTING UP CONVECTIVE FLUX EXPRESSION IN Z DIRECTION USING CENTRAL
Setting initial conditions for scalability test equation: scalability59
SETTING UP CONVECTIVE FLUX EXPRESSION IN X DIRECTION USING CENTRAL
SETTING UP CONVECTIVE FLUX EXPRESSION IN Y DIRECTION USING CENTRAL
SETTING UP CONVECTIVE FLUX EXPRESSION IN Z DIRECTION USING CENTRAL
Setting initial conditions for scalability test equation: scalability60
SETTING UP CONVECTIVE FLUX EXPRESSION IN X DIRECTION USING CENTRAL
SETTING UP CONVECTIVE FLUX EXPRESSION IN Y DIRECTION USING CENTRAL
SETTING UP CONVECTIVE FLUX EXPRESSION IN Z DIRECTION USING CENTRAL
Setting initial conditions for scalability test equation: scalability61
SETTING UP CONVECTIVE FLUX EXPRESSION IN X DIRECTION USING CENTRAL
SETTING UP CONVECTIVE FLUX EXPRESSION IN Y DIRECTION USING CENTRAL
SETTING UP CONVECTIVE FLUX EXPRESSION IN Z DIRECTION USING CENTRAL
Setting initial conditions for scalability test equation: scalability62
SETTING UP CONVECTIVE FLUX EXPRESSION IN X DIRECTION USING CENTRAL
SETTING UP CONVECTIVE FLUX EXPRESSION IN Y DIRECTION USING CENTRAL
SETTING UP CONVECTIVE FLUX EXPRESSION IN Z DIRECTION USING CENTRAL
Setting initial conditions for scalability test equation: scalability63
SETTING UP CONVECTIVE FLUX EXPRESSION IN X DIRECTION USING CENTRAL
SETTING UP CONVECTIVE FLUX EXPRESSION IN Y DIRECTION USING CENTRAL
SETTING UP CONVECTIVE FLUX EXPRESSION IN Z DIRECTION USING CENTRAL
Setting initial conditions for scalability test equation: scalability64
SETTING UP CONVECTIVE FLUX EXPRESSION IN X DIRECTION USING CENTRAL
SETTING UP CONVECTIVE FLUX EXPRESSION IN Y DIRECTION USING CENTRAL
SETTING UP CONVECTIVE FLUX EXPRESSION IN Z DIRECTION USING CENTRAL
Setting initial conditions for scalability test equation: scalability65
SETTING UP CONVECTIVE FLUX EXPRESSION IN X DIRECTION USING CENTRAL
SETTING UP CONVECTIVE FLUX EXPRESSION IN Y DIRECTION USING CENTRAL
SETTING UP CONVECTIVE FLUX EXPRESSION IN Z DIRECTION USING CENTRAL
Setting initial conditions for scalability test equation: scalability66
SETTING UP CONVECTIVE FLUX EXPRESSION IN X DIRECTION USING CENTRAL
SETTING UP CONVECTIVE FLUX EXPRESSION IN Y DIRECTION USING CENTRAL
SETTING UP CONVECTIVE FLUX EXPRESSION IN Z DIRECTION USING CENTRAL
Setting initial conditions for scalability test equation: scalability67
SETTING UP CONVECTIVE FLUX EXPRESSION IN X DIRECTION USING CENTRAL
SETTING UP CONVECTIVE FLUX EXPRESSION IN Y DIRECTION USING CENTRAL
SETTING UP CONVECTIVE FLUX EXPRESSION IN Z DIRECTION USING CENTRAL
Setting initial conditions for scalability test equation: scalability68
SETTING UP CONVECTIVE FLUX EXPRESSION IN X DIRECTION USING CENTRAL
SETTING UP CONVECTIVE FLUX EXPRESSION IN Y DIRECTION USING CENTRAL
SETTING UP CONVECTIVE FLUX EXPRESSION IN Z DIRECTION USING CENTRAL
Setting initial conditions for scalability test equation: scalability69
SETTING UP CONVECTIVE FLUX EXPRESSION IN X DIRECTION USING CENTRAL
SETTING UP CONVECTIVE FLUX EXPRESSION IN Y DIRECTION USING CENTRAL
SETTING UP CONVECTIVE FLUX EXPRESSION IN Z DIRECTION USING CENTRAL
Setting initial conditions for scalability test equation: scalability70
SETTING UP CONVECTIVE FLUX EXPRESSION IN X DIRECTION USING CENTRAL
SETTING UP CONVECTIVE FLUX EXPRESSION IN Y DIRECTION USING CENTRAL
SETTING UP CONVECTIVE FLUX EXPRESSION IN Z DIRECTION USING CENTRAL
Setting initial conditions for scalability test equation: scalability71
SETTING UP CONVECTIVE FLUX EXPRESSION IN X DIRECTION USING CENTRAL
SETTING UP CONVECTIVE FLUX EXPRESSION IN Y DIRECTION USING CENTRAL
SETTING UP CONVECTIVE FLUX EXPRESSION IN Z DIRECTION USING CENTRAL
Setting initial conditions for scalability test equation: scalability72
SETTING UP CONVECTIVE FLUX EXPRESSION IN X DIRECTION USING CENTRAL
SETTING UP CONVECTIVE FLUX EXPRESSION IN Y DIRECTION USING CENTRAL
SETTING UP CONVECTIVE FLUX EXPRESSION IN Z DIRECTION USING CENTRAL
Setting initial conditions for scalability test equation: scalability73
SETTING UP CONVECTIVE FLUX EXPRESSION IN X DIRECTION USING CENTRAL
SETTING UP CONVECTIVE FLUX EXPRESSION IN Y DIRECTION USING CENTRAL
SETTING UP CONVECTIVE FLUX EXPRESSION IN Z DIRECTION USING CENTRAL
Setting initial conditions for scalability test equation: scalability74
SETTING UP CONVECTIVE FLUX EXPRESSION IN X DIRECTION USING CENTRAL
SETTING UP CONVECTIVE FLUX EXPRESSION IN Y DIRECTION USING CENTRAL
SETTING UP CONVECTIVE FLUX EXPRESSION IN Z DIRECTION USING CENTRAL
Setting initial conditions for scalability test equation: scalability75
SETTING UP CONVECTIVE FLUX EXPRESSION IN X DIRECTION USING CENTRAL
SETTING UP CONVECTIVE FLUX EXPRESSION IN Y DIRECTION USING CENTRAL
SETTING UP CONVECTIVE FLUX EXPRESSION IN Z DIRECTION USING CENTRAL
Setting initial conditions for scalability test equation: scalability76
SETTING UP CONVECTIVE FLUX EXPRESSION IN X DIRECTION USING CENTRAL
SETTING UP CONVECTIVE FLUX EXPRESSION IN Y DIRECTION USING CENTRAL
SETTING UP CONVECTIVE FLUX EXPRESSION IN Z DIRECTION USING CENTRAL
Setting initial conditions for scalability test equation: scalability77
SETTING UP CONVECTIVE FLUX EXPRESSION IN X DIRECTION USING CENTRAL
SETTING UP CONVECTIVE FLUX EXPRESSION IN Y DIRECTION USING CENTRAL
SETTING UP CONVECTIVE FLUX EXPRESSION IN Z DIRECTION USING CENTRAL
Setting initial conditions for scalability test equation: scalability78
SETTING UP CONVECTIVE FLUX EXPRESSION IN X DIRECTION USING CENTRAL
SETTING UP CONVECTIVE FLUX EXPRESSION IN Y DIRECTION USING CENTRAL
SETTING UP CONVECTIVE FLUX EXPRESSION IN Z DIRECTION USING CENTRAL
Setting initial conditions for scalability test equation: scalability79
SETTING UP CONVECTIVE FLUX EXPRESSION IN X DIRECTION USING CENTRAL
SETTING UP CONVECTIVE FLUX EXPRESSION IN Y DIRECTION USING CENTRAL
SETTING UP CONVECTIVE FLUX EXPRESSION IN Z DIRECTION USING CENTRAL
Setting initial conditions for scalability test equation: scalability80
SETTING UP CONVECTIVE FLUX EXPRESSION IN X DIRECTION USING CENTRAL
SETTING UP CONVECTIVE FLUX EXPRESSION IN Y DIRECTION USING CENTRAL
SETTING UP CONVECTIVE FLUX EXPRESSION IN Z DIRECTION USING CENTRAL
Setting initial conditions for scalability test equation: scalability81
SETTING UP CONVECTIVE FLUX EXPRESSION IN X DIRECTION USING CENTRAL
SETTING UP CONVECTIVE FLUX EXPRESSION IN Y DIRECTION USING CENTRAL
SETTING UP CONVECTIVE FLUX EXPRESSION IN Z DIRECTION USING CENTRAL
Setting initial conditions for scalability test equation: scalability82
SETTING UP CONVECTIVE FLUX EXPRESSION IN X DIRECTION USING CENTRAL
SETTING UP CONVECTIVE FLUX EXPRESSION IN Y DIRECTION USING CENTRAL
SETTING UP CONVECTIVE FLUX EXPRESSION IN Z DIRECTION USING CENTRAL
Setting initial conditions for scalability test equation: scalability83
SETTING UP CONVECTIVE FLUX EXPRESSION IN X DIRECTION USING CENTRAL
SETTING UP CONVECTIVE FLUX EXPRESSION IN Y DIRECTION USING CENTRAL
SETTING UP CONVECTIVE FLUX EXPRESSION IN Z DIRECTION USING CENTRAL
Setting initial conditions for scalability test equation: scalability84
SETTING UP CONVECTIVE FLUX EXPRESSION IN X DIRECTION USING CENTRAL
SETTING UP CONVECTIVE FLUX EXPRESSION IN Y DIRECTION USING CENTRAL
SETTING UP CONVECTIVE FLUX EXPRESSION IN Z DIRECTION USING CENTRAL
Setting initial conditions for scalability test equation: scalability85
SETTING UP CONVECTIVE FLUX EXPRESSION IN X DIRECTION USING CENTRAL
SETTING UP CONVECTIVE FLUX EXPRESSION IN Y DIRECTION USING CENTRAL
SETTING UP CONVECTIVE FLUX EXPRESSION IN Z DIRECTION USING CENTRAL
Setting initial conditions for scalability test equation: scalability86
SETTING UP CONVECTIVE FLUX EXPRESSION IN X DIRECTION USING CENTRAL
SETTING UP CONVECTIVE FLUX EXPRESSION IN Y DIRECTION USING CENTRAL
SETTING UP CONVECTIVE FLUX EXPRESSION IN Z DIRECTION USING CENTRAL
Setting initial conditions for scalability test equation: scalability87
SETTING UP CONVECTIVE FLUX EXPRESSION IN X DIRECTION USING CENTRAL
SETTING UP CONVECTIVE FLUX EXPRESSION IN Y DIRECTION USING CENTRAL
SETTING UP CONVECTIVE FLUX EXPRESSION IN Z DIRECTION USING CENTRAL
Setting initial conditions for scalability test equation: scalability88
SETTING UP CONVECTIVE FLUX EXPRESSION IN X DIRECTION USING CENTRAL
SETTING UP CONVECTIVE FLUX EXPRESSION IN Y DIRECTION USING CENTRAL
SETTING UP CONVECTIVE FLUX EXPRESSION IN Z DIRECTION USING CENTRAL
Setting initial conditions for scalability test equation: scalability89
SETTING UP CONVECTIVE FLUX EXPRESSION IN X DIRECTION USING CENTRAL
SETTING UP CONVECTIVE FLUX EXPRESSION IN Y DIRECTION USING CENTRAL
SETTING UP CONVECTIVE FLUX EXPRESSION IN Z DIRECTION USING CENTRAL
Setting initial conditions for scalability test equation: scalability90
SETTING UP CONVECTIVE FLUX EXPRESSION IN X DIRECTION USING CENTRAL
SETTING UP CONVECTIVE FLUX EXPRESSION IN Y DIRECTION USING CENTRAL
SETTING UP CONVECTIVE FLUX EXPRESSION IN Z DIRECTION USING CENTRAL
Setting initial conditions for scalability test equation: scalability91
SETTING UP CONVECTIVE FLUX EXPRESSION IN X DIRECTION USING CENTRAL
SETTING UP CONVECTIVE FLUX EXPRESSION IN Y DIRECTION USING CENTRAL
SETTING UP CONVECTIVE FLUX EXPRESSION IN Z DIRECTION USING CENTRAL
Setting initial conditions for scalability test equation: scalability92
SETTING UP CONVECTIVE FLUX EXPRESSION IN X DIRECTION USING CENTRAL
SETTING UP CONVECTIVE FLUX EXPRESSION IN Y DIRECTION USING CENTRAL
SETTING UP CONVECTIVE FLUX EXPRESSION IN Z DIRECTION USING CENTRAL
Setting initial conditions for scalability test equation: scalability93
SETTING UP CONVECTIVE FLUX EXPRESSION IN X DIRECTION USING CENTRAL
SETTING UP CONVECTIVE FLUX EXPRESSION IN Y DIRECTION USING CENTRAL
SETTING UP CONVECTIVE FLUX EXPRESSION IN Z DIRECTION USING CENTRAL
Setting initial conditions for scalability test equation: scalability94
SETTING UP CONVECTIVE FLUX EXPRESSION IN X DIRECTION USING CENTRAL
SETTING UP CONVECTIVE FLUX EXPRESSION IN Y DIRECTION USING CENTRAL
SETTING UP CONVECTIVE FLUX EXPRESSION IN Z DIRECTION USING CENTRAL
Setting initial conditions for scalability test equation: scalability95
SETTING UP CONVECTIVE FLUX EXPRESSION IN X DIRECTION USING CENTRAL
SETTING UP CONVECTIVE FLUX EXPRESSION IN Y DIRECTION USING CENTRAL
SETTING UP CONVECTIVE FLUX EXPRESSION IN Z DIRECTION USING CENTRAL
Setting initial conditions for scalability test equation: scalability96
SETTING UP CONVECTIVE FLUX EXPRESSION IN X DIRECTION USING CENTRAL
SETTING UP CONVECTIVE FLUX EXPRESSION IN Y DIRECTION USING CENTRAL
SETTING UP CONVECTIVE FLUX EXPRESSION IN Z DIRECTION USING CENTRAL
Setting initial conditions for scalability test equation: scalability97
SETTING UP CONVECTIVE FLUX EXPRESSION IN X DIRECTION USING CENTRAL
SETTING UP CONVECTIVE FLUX EXPRESSION IN Y DIRECTION USING CENTRAL
SETTING UP CONVECTIVE FLUX EXPRESSION IN Z DIRECTION USING CENTRAL
Setting initial conditions for scalability test equation: scalability98
SETTING UP CONVECTIVE FLUX EXPRESSION IN X DIRECTION USING CENTRAL
SETTING UP CONVECTIVE FLUX EXPRESSION IN Y DIRECTION USING CENTRAL
SETTING UP CONVECTIVE FLUX EXPRESSION IN Z DIRECTION USING CENTRAL
Setting initial conditions for scalability test equation: scalability99
------------------------------------------------
No BoundaryConditions specified
  This message will only occur once

Compiling initialization taskgraph.
------------------------------------------------
SETTING INITIAL BOUNDARY CONDITIONS:
------------------------------------------------
Setting Initial BCs for transport equation 'scalability0'
Setting Initial BCs for transport equation 'scalability1'
Setting Initial BCs for transport equation 'scalability2'
Setting Initial BCs for transport equation 'scalability3'
Setting Initial BCs for transport equation 'scalability4'
Setting Initial BCs for transport equation 'scalability5'
Setting Initial BCs for transport equation 'scalability6'
Setting Initial BCs for transport equation 'scalability7'
Setting Initial BCs for transport equation 'scalability8'
Setting Initial BCs for transport equation 'scalability9'
Setting Initial BCs for transport equation 'scalability10'
Setting Initial BCs for transport equation 'scalability11'
Setting Initial BCs for transport equation 'scalability12'
Setting Initial BCs for transport equation 'scalability13'
Setting Initial BCs for transport equation 'scalability14'
Setting Initial BCs for transport equation 'scalability15'
Setting Initial BCs for transport equation 'scalability16'
Setting Initial BCs for transport equation 'scalability17'
Setting Initial BCs for transport equation 'scalability18'
Setting Initial BCs for transport equation 'scalability19'
Setting Initial BCs for transport equation 'scalability20'
Setting Initial BCs for transport equation 'scalability21'
Setting Initial BCs for transport equation 'scalability22'
Setting Initial BCs for transport equation 'scalability23'
Setting Initial BCs for transport equation 'scalability24'
Setting Initial BCs for transport equation 'scalability25'
Setting Initial BCs for transport equation 'scalability26'
Setting Initial BCs for transport equation 'scalability27'
Setting Initial BCs for transport equation 'scalability28'
Setting Initial BCs for transport equation 'scalability29'
Setting Initial BCs for transport equation 'scalability30'
Setting Initial BCs for transport equation 'scalability31'
Setting Initial BCs for transport equation 'scalability32'
Setting Initial BCs for transport equation 'scalability33'
Setting Initial BCs for transport equation 'scalability34'
Setting Initial BCs for transport equation 'scalability35'
Setting Initial BCs for transport equation 'scalability36'
Setting Initial BCs for transport equation 'scalability37'
Setting Initial BCs for transport equation 'scalability38'
Setting Initial BCs for transport equation 'scalability39'
Setting Initial BCs for transport equation 'scalability40'
Setting Initial BCs for transport equation 'scalability41'
Setting Initial BCs for transport equation 'scalability42'
Setting Initial BCs for transport equation 'scalability43'
Setting Initial BCs for transport equation 'scalability44'
Setting Initial BCs for transport equation 'scalability45'
Setting Initial BCs for transport equation 'scalability46'
Setting Initial BCs for transport equation 'scalability47'
Setting Initial BCs for transport equation 'scalability48'
Setting Initial BCs for transport equation 'scalability49'
Setting Initial BCs for transport equation 'scalability50'
Setting Initial BCs for transport equation 'scalability51'
Setting Initial BCs for transport equation 'scalability52'
Setting Initial BCs for transport equation 'scalability53'
Setting Initial BCs for transport equation 'scalability54'
Setting Initial BCs for transport equation 'scalability55'
Setting Initial BCs for transport equation 'scalability56'
Setting Initial BCs for transport equation 'scalability57'
Setting Initial BCs for transport equation 'scalability58'
Setting Initial BCs for transport equation 'scalability59'
Setting Initial BCs for transport equation 'scalability60'
Setting Initial BCs for transport equation 'scalability61'
Setting Initial BCs for transport equation 'scalability62'
Setting Initial BCs for transport equation 'scalability63'
Setting Initial BCs for transport equation 'scalability64'
Setting Initial BCs for transport equation 'scalability65'
Setting Initial BCs for transport equation 'scalability66'
Setting Initial BCs for transport equation 'scalability67'
Setting Initial BCs for transport equation 'scalability68'
Setting Initial BCs for transport equation 'scalability69'
Setting Initial BCs for transport equation 'scalability70'
Setting Initial BCs for transport equation 'scalability71'
Setting Initial BCs for transport equation 'scalability72'
Setting Initial BCs for transport equation 'scalability73'
Setting Initial BCs for transport equation 'scalability74'
Setting Initial BCs for transport equation 'scalability75'
Setting Initial BCs for transport equation 'scalability76'
Setting Initial BCs for transport equation 'scalability77'
Setting Initial BCs for transport equation 'scalability78'
Setting Initial BCs for transport equation 'scalability79'
Setting Initial BCs for transport equation 'scalability80'
Setting Initial BCs for transport equation 'scalability81'
Setting Initial BCs for transport equation 'scalability82'
Setting Initial BCs for transport equation 'scalability83'
Setting Initial BCs for transport equation 'scalability84'
Setting Initial BCs for transport equation 'scalability85'
Setting Initial BCs for transport equation 'scalability86'
Setting Initial BCs for transport equation 'scalability87'
Setting Initial BCs for transport equation 'scalability88'
Setting Initial BCs for transport equation 'scalability89'
Setting Initial BCs for transport equation 'scalability90'
Setting Initial BCs for transport equation 'scalability91'
Setting Initial BCs for transport equation 'scalability92'
Setting Initial BCs for transport equation 'scalability93'
Setting Initial BCs for transport equation 'scalability94'
Setting Initial BCs for transport equation 'scalability95'
Setting Initial BCs for transport equation 'scalability96'
Setting Initial BCs for transport equation 'scalability97'
Setting Initial BCs for transport equation 'scalability98'
Setting Initial BCs for transport equation 'scalability99'
------------------------------------------------
Wasatch: done creating initialization task(s)
Scheduling Task 'compute timestep' COMPUTES 'delT' in NEW data warehouse
Wasatch: done creating timestep task(s)
Done with taskgraph compile (0.000280643 seconds)
Warning: addContribution not implemented for LoadBalancerCommon.
WARNING at time step 0 and sim time 0 : lowering the next delT from 1 to the maximum: 1e-05

________________________________________________________________________________
--------------------------------------------------------------------------------
MPIStats:+
--------------------------------------------------------------------------------
                Name:       Total:         Avg:         Min:         Max:    Max rank: Hist %% [  Q1 |  Q2 |  Q3 |  Q4 ]:  %%Load Imbalance
         Count: Comm:          256            1            1            1          254           100.0   0.0   0.0   0.0     0.0
         Count: Gath:          512            2            2            2          254           100.0   0.0   0.0   0.0     0.0
         Count: Redu:          256            1            1            1          254           100.0   0.0   0.0   0.0     0.0
          Time: Comm:      1.11 s       4.35 ms     0.962 ms      11.3 ms           72            43.0  37.1  16.8   3.1    61.6
          Time: Gath:      17.7 s       69.1 ms      39.1 ms      85.3 ms           90             5.1  15.6  47.7  31.6    19.0
          Time: Redu:      15.7 s       61.1 ms     0.985 ms      99.1 ms           28             9.0  23.8  30.9  36.3    38.3
Volume Recv TOTAL   :       666 KB       2.6 KB       2.6 KB       2.6 KB          254           100.0   0.0   0.0   0.0     0.0
Volume Recv0: <= 64B:          256            1            1            1          254           100.0   0.0   0.0   0.0     0.0
Volume Recv1: <= 4KB:          512            2            2            2          254           100.0   0.0   0.0   0.0     0.0
Volume Send TOTAL   :      68.6 KB    274.375 B        273 B        277 B           86            65.6   0.0   0.0  34.4     0.9
Volume Send0: <= 64B:          512            2            2            2          254           100.0   0.0   0.0   0.0     0.0
Volume Send1: <= 4KB:          256            1            1            1          254           100.0   0.0   0.0   0.0     0.0


Simulation and run time stats are reported at the end of each time step
EMA == Wall time as an exponential moving average using a window of the last 10 time steps
Timestep 0       Time=0           Next delT=1e-05       Wall Time=0.285898  EMA=0.277822    Memory Used=156.90 MBs (avg) 157.80 MBs (max on rank: 19    )
Warning: finalizeContributions not implemented for LoadBalancerCommon.
Warning: resetCostForecaster not implemented for LoadBalancerCommon.
Compiling taskgraph(s)...
------------------------------------------------
SETTING BOUNDARY CONDITIONS:
------------------------------------------------
Setting BCs for transport equation 'scalability0'
Setting BCs for transport equation 'scalability1'
Setting BCs for transport equation 'scalability2'
Setting BCs for transport equation 'scalability3'
Setting BCs for transport equation 'scalability4'
Setting BCs for transport equation 'scalability5'
Setting BCs for transport equation 'scalability6'
Setting BCs for transport equation 'scalability7'
Setting BCs for transport equation 'scalability8'
Setting BCs for transport equation 'scalability9'
Setting BCs for transport equation 'scalability10'
Setting BCs for transport equation 'scalability11'
Setting BCs for transport equation 'scalability12'
Setting BCs for transport equation 'scalability13'
Setting BCs for transport equation 'scalability14'
Setting BCs for transport equation 'scalability15'
Setting BCs for transport equation 'scalability16'
Setting BCs for transport equation 'scalability17'
Setting BCs for transport equation 'scalability18'
Setting BCs for transport equation 'scalability19'
Setting BCs for transport equation 'scalability20'
Setting BCs for transport equation 'scalability21'
Setting BCs for transport equation 'scalability22'
Setting BCs for transport equation 'scalability23'
Setting BCs for transport equation 'scalability24'
Setting BCs for transport equation 'scalability25'
Setting BCs for transport equation 'scalability26'
Setting BCs for transport equation 'scalability27'
Setting BCs for transport equation 'scalability28'
Setting BCs for transport equation 'scalability29'
Setting BCs for transport equation 'scalability30'
Setting BCs for transport equation 'scalability31'
Setting BCs for transport equation 'scalability32'
Setting BCs for transport equation 'scalability33'
Setting BCs for transport equation 'scalability34'
Setting BCs for transport equation 'scalability35'
Setting BCs for transport equation 'scalability36'
Setting BCs for transport equation 'scalability37'
Setting BCs for transport equation 'scalability38'
Setting BCs for transport equation 'scalability39'
Setting BCs for transport equation 'scalability40'
Setting BCs for transport equation 'scalability41'
Setting BCs for transport equation 'scalability42'
Setting BCs for transport equation 'scalability43'
Setting BCs for transport equation 'scalability44'
Setting BCs for transport equation 'scalability45'
Setting BCs for transport equation 'scalability46'
Setting BCs for transport equation 'scalability47'
Setting BCs for transport equation 'scalability48'
Setting BCs for transport equation 'scalability49'
Setting BCs for transport equation 'scalability50'
Setting BCs for transport equation 'scalability51'
Setting BCs for transport equation 'scalability52'
Setting BCs for transport equation 'scalability53'
Setting BCs for transport equation 'scalability54'
Setting BCs for transport equation 'scalability55'
Setting BCs for transport equation 'scalability56'
Setting BCs for transport equation 'scalability57'
Setting BCs for transport equation 'scalability58'
Setting BCs for transport equation 'scalability59'
Setting BCs for transport equation 'scalability60'
Setting BCs for transport equation 'scalability61'
Setting BCs for transport equation 'scalability62'
Setting BCs for transport equation 'scalability63'
Setting BCs for transport equation 'scalability64'
Setting BCs for transport equation 'scalability65'
Setting BCs for transport equation 'scalability66'
Setting BCs for transport equation 'scalability67'
Setting BCs for transport equation 'scalability68'
Setting BCs for transport equation 'scalability69'
Setting BCs for transport equation 'scalability70'
Setting BCs for transport equation 'scalability71'
Setting BCs for transport equation 'scalability72'
Setting BCs for transport equation 'scalability73'
Setting BCs for transport equation 'scalability74'
Setting BCs for transport equation 'scalability75'
Setting BCs for transport equation 'scalability76'
Setting BCs for transport equation 'scalability77'
Setting BCs for transport equation 'scalability78'
Setting BCs for transport equation 'scalability79'
Setting BCs for transport equation 'scalability80'
Setting BCs for transport equation 'scalability81'
Setting BCs for transport equation 'scalability82'
Setting BCs for transport equation 'scalability83'
Setting BCs for transport equation 'scalability84'
Setting BCs for transport equation 'scalability85'
Setting BCs for transport equation 'scalability86'
Setting BCs for transport equation 'scalability87'
Setting BCs for transport equation 'scalability88'
Setting BCs for transport equation 'scalability89'
Setting BCs for transport equation 'scalability90'
Setting BCs for transport equation 'scalability91'
Setting BCs for transport equation 'scalability92'
Setting BCs for transport equation 'scalability93'
Setting BCs for transport equation 'scalability94'
Setting BCs for transport equation 'scalability95'
Setting BCs for transport equation 'scalability96'
Setting BCs for transport equation 'scalability97'
Setting BCs for transport equation 'scalability98'
Setting BCs for transport equation 'scalability99'
------------------------------------------------
Wasatch: done creating solution task(s)
Wasatch: done creating post-processing task(s)
Scheduling Task 'compute timestep' COMPUTES 'delT' in NEW data warehouse
Wasatch: done creating timestep task(s)
Done with taskgraph compile (0.168164 seconds)

________________________________________________________________________________
--------------------------------------------------------------------------------
MPIStats:+
--------------------------------------------------------------------------------
                Name:       Total:         Avg:         Min:         Max:    Max rank: Hist %% [  Q1 |  Q2 |  Q3 |  Q4 ]:  %%Load Imbalance
         Count: Recv:     6.66e+03           26           26           26          254           100.0   0.0   0.0   0.0     0.0
         Count: Redu:     2.05e+03            8            8            8          254           100.0   0.0   0.0   0.0     0.0
         Count: Send:     6.66e+03           26           26           26          254           100.0   0.0   0.0   0.0     0.0
         Count: Test:     2.42e+03         9.44            6           24          251            78.5   9.0   1.6  10.9    60.7
         Count: Wait:     1.18e+04           46           46           46          254           100.0   0.0   0.0   0.0     0.0
          Time: Recv:     0.193 s      0.755 ms    0.0549 ms      3.33 ms          165            58.6  32.4   8.2   0.8    77.3
          Time: Redu:      42.5 s      0.166 s      0.813 ms     0.224 s           216             0.4   2.7  42.6  54.3    25.8
          Time: Send:      19.4 s       75.8 ms      51.1 ms      93.6 ms          156             2.7  27.0  58.6  11.7    19.0
          Time: Test:     0.784 s       3.06 ms    0.0599 ms      16.8 ms          161            70.7  18.0   7.8   3.5    81.8
          Time: Wait:      6.45 s       25.2 ms      1.99 ms     0.262 s           176            99.2   0.4   0.0   0.4    90.4
Volume Recv TOTAL   :      1.25 GB      4.99 MB      4.99 MB      4.99 MB            0            99.6   0.0   0.0   0.4     0.0
Volume Recv0: <= 64B:          257            1            1            2            0            99.6   0.0   0.0   0.4    49.8
Volume Recv1: <= 4KB:     2.31e+03         9.02            9           14            0            99.6   0.0   0.0   0.4    35.6
Volume Recv2: <= 2MB:     4.61e+03           18           18           18          254           100.0   0.0   0.0   0.0     0.0
Volume Send TOTAL   :      1.25 GB      4.99 MB      4.99 MB      4.99 MB          254           100.0   0.0   0.0   0.0     0.0
Volume Send0: <= 64B:          512            2            2            2          254           100.0   0.0   0.0   0.0     0.0
Volume Send1: <= 4KB:     3.58e+03           14           14           14          254           100.0   0.0   0.0   0.0     0.0
Volume Send2: <= 2MB:     4.61e+03           18           18           18          254           100.0   0.0   0.0   0.0     0.0

Timestep 1       Time=1e-05       Next delT=1e-05       Wall Time=1.03793   EMA=0.751973    Memory Used=252.46 MBs (avg) 253.36 MBs (max on rank: 19    )
Runtime Summary  summary stats for time step 1 at time=1e-05
  Description       Units       Minimum           Rank   Average (256)     Std. Dev.         Maximum           Rank   100*(1-ave/max) '% load imbalance'
  Compilation       [seconds] : 0.150343        : 3    : 0.165707        : 0.0106095       : 0.205685        : 198  : 19.4366
  TaskExec          [seconds] : 0.266881        : 176  : 0.535688        : 0.0215086       : 0.568122        : 3    : 5.70901
  TaskLocalComm     [seconds] : 0.0768345       : 125  : 0.106655        : 0.00808863      : 0.13283         : 178  : 19.7059
  TaskWaitCommTime  [seconds] : 0.00781554      : 235  : 0.0316212       : 0.0225949       : 0.26974         : 176  : 88.2771
  NumberOfTasks     [tasks  ] : 6               : 0    : 6               : 0               : 6               : 0    : 0
  NumberOfPatches   [patches] : 1               : 0    : 1               : 0               : 1               : 0    : 0
  NumberOfCells     [cells  ] : 32768           : 0    : 32768           : 0               : 32768           : 0    : 0
  SCIMemoryUsed     [MBytes ] : 2.51126e+08     : 188  : 2.52457e+08     : 311898          : 2.53362e+08     : 19   : 0.357427
  SCIMemoryMaxUsed  [MBytes ] : 2.51126e+08     : 188  : 2.52457e+08     : 311898          : 2.53362e+08     : 19   : 0.357427
  MemoryUsed        [MBytes ] : 8.54426e+08     : 230  : 8.73808e+08     : 9.50637e+06     : 9.02042e+08     : 96   : 3.12995
  MemoryResident    [MBytes ] : 2.51126e+08     : 188  : 2.52457e+08     : 311898          : 2.53362e+08     : 19   : 0.357427
  Percentage of time spent in overhead : 19.7347

________________________________________________________________________________
--------------------------------------------------------------------------------
MPIStats:+
--------------------------------------------------------------------------------
                Name:       Total:         Avg:         Min:         Max:    Max rank: Hist %% [  Q1 |  Q2 |  Q3 |  Q4 ]:  %%Load Imbalance
         Count: Recv:     6.66e+03           26           26           26          254           100.0   0.0   0.0   0.0     0.0
         Count: Redu:     2.05e+03            8            8            8          254           100.0   0.0   0.0   0.0     0.0
         Count: Send:     6.66e+03           26           26           26          254           100.0   0.0   0.0   0.0     0.0
         Count: Test:     2.31e+03         9.03            6           24          247            82.8   4.7   2.7   9.8    62.4
         Count: Wait:     1.18e+04           46           46           46          254           100.0   0.0   0.0   0.0     0.0
          Time: Recv:      45.7 ms     0.179 ms    0.0199 ms     0.721 ms          253            62.5  20.7  14.8   2.0    75.2
          Time: Redu:      34.7 s      0.136 s      0.238 ms     0.202 s            84             1.6  12.9  64.1  21.5    33.0
          Time: Send:     0.437 s       1.71 ms     0.718 ms       2.6 ms          247            11.3  28.5  45.7  14.5    34.4
          Time: Test:      9.65 ms    0.0377 ms  3.12e+03 ns     0.281 ms          255            84.4  12.1   2.3   1.2    86.6
          Time: Wait:      2.85 s       11.1 ms      1.39 ms     0.264 s            92            98.4   0.0   0.0   1.6    95.8
Volume Recv TOTAL   :      1.25 GB      4.99 MB      4.99 MB      4.99 MB            0            99.6   0.0   0.0   0.4     0.0
Volume Recv0: <= 64B:          257            1            1            2            0            99.6   0.0   0.0   0.4    49.8
Volume Recv1: <= 4KB:     2.31e+03         9.02            9           14            0            99.6   0.0   0.0   0.4    35.6
Volume Recv2: <= 2MB:     4.61e+03           18           18           18          254           100.0   0.0   0.0   0.0     0.0
Volume Send TOTAL   :      1.25 GB      4.99 MB      4.99 MB      4.99 MB          254           100.0   0.0   0.0   0.0     0.0
Volume Send0: <= 64B:          512            2            2            2          254           100.0   0.0   0.0   0.0     0.0
Volume Send1: <= 4KB:     3.58e+03           14           14           14          254           100.0   0.0   0.0   0.0     0.0
Volume Send2: <= 2MB:     4.61e+03           18           18           18          254           100.0   0.0   0.0   0.0     0.0

Timestep 2       Time=2e-05       Next delT=1e-05       Wall Time=1.48582   EMA=0.54925     Memory Used=253.08 MBs (avg) 254.25 MBs (max on rank: 82    )
Runtime Summary  summary stats for time step 2 at time=2e-05
  Description       Units       Minimum           Rank   Average (256)     Std. Dev.         Maximum           Rank   100*(1-ave/max) '% load imbalance'
  TaskExec          [seconds] : 0.163695        : 92   : 0.417465        : 0.0310869       : 0.429224        : 28   : 2.73968
  TaskLocalComm     [seconds] : 0.024073        : 219  : 0.0298513       : 0.00311566      : 0.0374792       : 106  : 20.3524
  TaskWaitCommTime  [seconds] : 0.0062666       : 28   : 0.0183771       : 0.0310574       : 0.271478        : 92   : 93.2307
  NumberOfTasks     [tasks  ] : 6               : 0    : 6               : 0               : 6               : 0    : 0
  NumberOfPatches   [patches] : 1               : 0    : 1               : 0               : 1               : 0    : 0
  NumberOfCells     [cells  ] : 32768           : 0    : 32768           : 0               : 32768           : 0    : 0
  SCIMemoryUsed     [MBytes ] : 2.5208e+08      : 131  : 2.53083e+08     : 416079          : 2.54251e+08     : 82   : 0.459263
  SCIMemoryMaxUsed  [MBytes ] : 2.5208e+08      : 131  : 2.53083e+08     : 416079          : 2.54251e+08     : 82   : 0.459263
  MemoryUsed        [MBytes ] : 8.54741e+08     : 230  : 8.74369e+08     : 9.498e+06       : 9.0309e+08      : 145  : 3.18027
  MemoryResident    [MBytes ] : 2.5208e+08      : 131  : 2.53083e+08     : 416079          : 2.54251e+08     : 82   : 0.459263
  Percentage of time spent in overhead : 9.86728

________________________________________________________________________________
--------------------------------------------------------------------------------
MPIStats:+
--------------------------------------------------------------------------------
                Name:       Total:         Avg:         Min:         Max:    Max rank: Hist %% [  Q1 |  Q2 |  Q3 |  Q4 ]:  %%Load Imbalance
         Count: Recv:     6.66e+03           26           26           26          254           100.0   0.0   0.0   0.0     0.0
         Count: Redu:     2.05e+03            8            8            8          254           100.0   0.0   0.0   0.0     0.0
         Count: Send:     6.66e+03           26           26           26          254           100.0   0.0   0.0   0.0     0.0
         Count: Test:     2.06e+03         8.07            6           24          240            87.1   3.1   2.7   7.0    66.4
         Count: Wait:     1.18e+04           46           46           46          254           100.0   0.0   0.0   0.0     0.0
          Time: Recv:      32.7 ms     0.128 ms    0.0203 ms     0.844 ms          237            77.7  15.6   5.5   1.2    84.8
          Time: Redu:      37.9 s      0.148 s      0.297 ms     0.261 s           111             8.2   5.5  78.5   7.8    43.3
          Time: Send:     0.436 s        1.7 ms     0.603 ms      2.63 ms           92            12.5  21.1  53.1  13.3    35.2
          Time: Test:      5.99 ms    0.0234 ms  2.64e+03 ns     0.237 ms          255            87.5  12.1   0.0   0.4    90.1
          Time: Wait:      6.02 s       23.5 ms      1.31 ms     0.268 s           107            93.8   0.0   0.0   6.2    91.2
Volume Recv TOTAL   :      1.25 GB      4.99 MB      4.99 MB      4.99 MB            0            99.6   0.0   0.0   0.4     0.0
Volume Recv0: <= 64B:          257            1            1            2            0            99.6   0.0   0.0   0.4    49.8
Volume Recv1: <= 4KB:     2.31e+03         9.02            9           14            0            99.6   0.0   0.0   0.4    35.6
Volume Recv2: <= 2MB:     4.61e+03           18           18           18          254           100.0   0.0   0.0   0.0     0.0
Volume Send TOTAL   :      1.25 GB      4.99 MB      4.99 MB      4.99 MB          254           100.0   0.0   0.0   0.0     0.0
Volume Send0: <= 64B:          512            2            2            2          254           100.0   0.0   0.0   0.0     0.0
Volume Send1: <= 4KB:     3.58e+03           14           14           14          254           100.0   0.0   0.0   0.0     0.0
Volume Send2: <= 2MB:     4.61e+03           18           18           18          254           100.0   0.0   0.0   0.0     0.0

Timestep 3       Time=3e-05       Next delT=1e-05       Wall Time=1.93952   EMA=0.501478    Memory Used=254.50 MBs (avg) 256.38 MBs (max on rank: 150   )
Runtime Summary  summary stats for time step 3 at time=3e-05
  Description       Units       Minimum           Rank   Average (256)     Std. Dev.         Maximum           Rank   100*(1-ave/max) '% load imbalance'
  TaskExec          [seconds] : 0.16522         : 107  : 0.410586        : 0.0580541       : 0.434384        : 232  : 5.47859
  TaskLocalComm     [seconds] : 0.0239325       : 219  : 0.0303513       : 0.00333412      : 0.0377703       : 106  : 19.6424
  TaskWaitCommTime  [seconds] : 0.0062691       : 232  : 0.0305725       : 0.0578994       : 0.275456        : 107  : 88.9011
  NumberOfTasks     [tasks  ] : 6               : 0    : 6               : 0               : 6               : 0    : 0
  NumberOfPatches   [patches] : 1               : 0    : 1               : 0               : 1               : 0    : 0
  NumberOfCells     [cells  ] : 32768           : 0    : 32768           : 0               : 32768           : 0    : 0
  SCIMemoryUsed     [MBytes ] : 2.52473e+08     : 130  : 2.545e+08       : 781910          : 2.56377e+08     : 150  : 0.732054
  SCIMemoryMaxUsed  [MBytes ] : 2.52473e+08     : 130  : 2.545e+08       : 781910          : 2.56377e+08     : 150  : 0.732054
  MemoryUsed        [MBytes ] : 8.55056e+08     : 230  : 8.75724e+08     : 9.49618e+06     : 9.04032e+08     : 145  : 3.1313
  MemoryResident    [MBytes ] : 2.52473e+08     : 130  : 2.545e+08       : 781910          : 2.56377e+08     : 150  : 0.732054
  Percentage of time spent in overhead : 6.57772

________________________________________________________________________________
--------------------------------------------------------------------------------
MPIStats:+
--------------------------------------------------------------------------------
                Name:       Total:         Avg:         Min:         Max:    Max rank: Hist %% [  Q1 |  Q2 |  Q3 |  Q4 ]:  %%Load Imbalance
         Count: Recv:     6.66e+03           26           26           26          254           100.0   0.0   0.0   0.0     0.0
         Count: Redu:     2.05e+03            8            8            8          254           100.0   0.0   0.0   0.0     0.0
         Count: Send:     6.66e+03           26           26           26          254           100.0   0.0   0.0   0.0     0.0
         Count: Test:     2.05e+03            8            6           24          245            88.3   2.7   2.3   6.6    66.7
         Count: Wait:     1.18e+04           46           46           46          254           100.0   0.0   0.0   0.0     0.0
          Time: Recv:      33.5 ms     0.131 ms    0.0198 ms      1.28 ms          252            85.9  11.3   1.6   1.2    89.8
          Time: Redu:      34.4 s      0.134 s      0.282 ms     0.192 s           225             2.3  11.7  40.2  45.7    29.9
          Time: Send:     0.363 s       1.42 ms      0.51 ms      2.53 ms          182            29.3  23.8  34.0  12.9    43.9
          Time: Test:      6.07 ms    0.0237 ms  2.72e+03 ns     0.269 ms          254            90.2   9.4   0.0   0.4    91.2
          Time: Wait:      3.54 s       13.8 ms       1.1 ms     0.261 s           133            97.7   0.0   0.0   2.3    94.7
Volume Recv TOTAL   :      1.25 GB      4.99 MB      4.99 MB      4.99 MB            0            99.6   0.0   0.0   0.4     0.0
Volume Recv0: <= 64B:          257            1            1            2            0            99.6   0.0   0.0   0.4    49.8
Volume Recv1: <= 4KB:     2.31e+03         9.02            9           14            0            99.6   0.0   0.0   0.4    35.6
Volume Recv2: <= 2MB:     4.61e+03           18           18           18          254           100.0   0.0   0.0   0.0     0.0
Volume Send TOTAL   :      1.25 GB      4.99 MB      4.99 MB      4.99 MB          254           100.0   0.0   0.0   0.0     0.0
Volume Send0: <= 64B:          512            2            2            2          254           100.0   0.0   0.0   0.0     0.0
Volume Send1: <= 4KB:     3.58e+03           14           14           14          254           100.0   0.0   0.0   0.0     0.0
Volume Send2: <= 2MB:     4.61e+03           18           18           18          254           100.0   0.0   0.0   0.0     0.0

Timestep 4       Time=4e-05       Next delT=1e-05       Wall Time=2.38738   EMA=0.480032    Memory Used=255.10 MBs (avg) 257.31 MBs (max on rank: 151   )
Runtime Summary  summary stats for time step 4 at time=4e-05
  Description       Units       Minimum           Rank   Average (256)     Std. Dev.         Maximum           Rank   100*(1-ave/max) '% load imbalance'
  TaskExec          [seconds] : 0.159304        : 101  : 0.413344        : 0.0364365       : 0.427971        : 225  : 3.41778
  TaskLocalComm     [seconds] : 0.0256855       : 191  : 0.030606        : 0.00378067      : 0.0497997       : 255  : 38.5417
  TaskWaitCommTime  [seconds] : 0.00737996      : 236  : 0.0214314       : 0.0362313       : 0.275042        : 101  : 92.208
  NumberOfTasks     [tasks  ] : 6               : 0    : 6               : 0               : 6               : 0    : 0
  NumberOfPatches   [patches] : 1               : 0    : 1               : 0               : 1               : 0    : 0
  NumberOfCells     [cells  ] : 32768           : 0    : 32768           : 0               : 32768           : 0    : 0
  SCIMemoryUsed     [MBytes ] : 2.52473e+08     : 130  : 2.55104e+08     : 968491          : 2.57315e+08     : 151  : 0.859249
  SCIMemoryMaxUsed  [MBytes ] : 2.52473e+08     : 130  : 2.55104e+08     : 968491          : 2.57315e+08     : 151  : 0.859249
  MemoryUsed        [MBytes ] : 8.56941e+08     : 230  : 8.76254e+08     : 9.5326e+06      : 9.05925e+08     : 4    : 3.27515
  MemoryResident    [MBytes ] : 2.52473e+08     : 130  : 2.55104e+08     : 968491          : 2.57315e+08     : 151  : 0.859249
  Percentage of time spent in overhead : 4.93229

________________________________________________________________________________
--------------------------------------------------------------------------------
MPIStats:+
--------------------------------------------------------------------------------
                Name:       Total:         Avg:         Min:         Max:    Max rank: Hist %% [  Q1 |  Q2 |  Q3 |  Q4 ]:  %%Load Imbalance
         Count: Recv:     6.66e+03           26           26           26          254           100.0   0.0   0.0   0.0     0.0
         Count: Redu:     2.05e+03            8            8            8          254           100.0   0.0   0.0   0.0     0.0
         Count: Send:     6.66e+03           26           26           26          254           100.0   0.0   0.0   0.0     0.0
         Count: Test:     2.05e+03         7.99            6           23          249            88.7   2.3   2.3   6.6    65.3
         Count: Wait:     1.18e+04           46           46           46          254           100.0   0.0   0.0   0.0     0.0
          Time: Recv:      36.3 ms     0.142 ms      0.02 ms      2.02 ms          255            94.5   4.3   0.4   0.8    93.0
          Time: Redu:      33.4 s      0.131 s      0.364 ms     0.191 s           225             0.4  15.6  40.6  43.4    31.6
          Time: Send:     0.323 s       1.26 ms     0.547 ms      2.38 ms          197            45.7  18.0  21.5  14.8    46.9
          Time: Test:      5.72 ms    0.0223 ms  2.68e+03 ns     0.128 ms          254            75.4  16.4   7.0   1.2    82.5
          Time: Wait:      2.54 s       9.91 ms      1.37 ms     0.261 s            88            99.6   0.0   0.0   0.4    96.2
Volume Recv TOTAL   :      1.25 GB      4.99 MB      4.99 MB      4.99 MB            0            99.6   0.0   0.0   0.4     0.0
Volume Recv0: <= 64B:          257            1            1            2            0            99.6   0.0   0.0   0.4    49.8
Volume Recv1: <= 4KB:     2.31e+03         9.02            9           14            0            99.6   0.0   0.0   0.4    35.6
Volume Recv2: <= 2MB:     4.61e+03           18           18           18          254           100.0   0.0   0.0   0.0     0.0
Volume Send TOTAL   :      1.25 GB      4.99 MB      4.99 MB      4.99 MB          254           100.0   0.0   0.0   0.0     0.0
Volume Send0: <= 64B:          512            2            2            2          254           100.0   0.0   0.0   0.0     0.0
Volume Send1: <= 4KB:     3.58e+03           14           14           14          254           100.0   0.0   0.0   0.0     0.0
Volume Send2: <= 2MB:     4.61e+03           18           18           18          254           100.0   0.0   0.0   0.0     0.0

Timestep 5       Time=5e-05       Next delT=1e-05       Wall Time=2.8376    EMA=0.470093    Memory Used=255.59 MBs (avg) 257.97 MBs (max on rank: 183   )
Runtime Summary  summary stats for time step 5 at time=5e-05
  Description       Units       Minimum           Rank   Average (256)     Std. Dev.         Maximum           Rank   100*(1-ave/max) '% load imbalance'
  TaskExec          [seconds] : 0.162063        : 88   : 0.419955        : 0.0164323       : 0.430273        : 228  : 2.39793
  TaskLocalComm     [seconds] : 0.0252749       : 216  : 0.0302823       : 0.00325659      : 0.0382832       : 95   : 20.8992
  TaskWaitCommTime  [seconds] : 0.00679809      : 235  : 0.0173883       : 0.0163716       : 0.274023        : 88   : 93.6544
  NumberOfTasks     [tasks  ] : 6               : 0    : 6               : 0               : 6               : 0    : 0
  NumberOfPatches   [patches] : 1               : 0    : 1               : 0               : 1               : 0    : 0
  NumberOfCells     [cells  ] : 32768           : 0    : 32768           : 0               : 32768           : 0    : 0
  SCIMemoryUsed     [MBytes ] : 2.52477e+08     : 90   : 2.55592e+08     : 1.10138e+06     : 2.57974e+08     : 183  : 0.923602
  SCIMemoryMaxUsed  [MBytes ] : 2.52477e+08     : 90   : 2.55592e+08     : 1.10138e+06     : 2.57974e+08     : 183  : 0.923602
  MemoryUsed        [MBytes ] : 8.55302e+08     : 187  : 8.76697e+08     : 9.61258e+06     : 9.05921e+08     : 145  : 3.22589
  MemoryResident    [MBytes ] : 2.52477e+08     : 90   : 2.55592e+08     : 1.10138e+06     : 2.57974e+08     : 183  : 0.923602
  Percentage of time spent in overhead : 3.94423

________________________________________________________________________________
--------------------------------------------------------------------------------
MPIStats:+
--------------------------------------------------------------------------------
                Name:       Total:         Avg:         Min:         Max:    Max rank: Hist %% [  Q1 |  Q2 |  Q3 |  Q4 ]:  %%Load Imbalance
         Count: Recv:     6.66e+03           26           26           26          254           100.0   0.0   0.0   0.0     0.0
         Count: Redu:     2.05e+03            8            8            8          254           100.0   0.0   0.0   0.0     0.0
         Count: Send:     6.66e+03           26           26           26          254           100.0   0.0   0.0   0.0     0.0
         Count: Test:     2.04e+03         7.97            6           24          244            89.5   1.6   2.3   6.6    66.8
         Count: Wait:     1.18e+04           46           46           46          254           100.0   0.0   0.0   0.0     0.0
          Time: Recv:      33.5 ms     0.131 ms    0.0206 ms      1.32 ms           99            86.7  11.3   1.2   0.8    90.1
          Time: Redu:      32.9 s      0.128 s      0.309 ms     0.192 s           229             0.4  15.6  49.6  34.4    33.1
          Time: Send:     0.248 s      0.969 ms     0.401 ms       2.3 ms          214            49.6  38.7   8.2   3.5    57.8
          Time: Test:      5.41 ms    0.0212 ms  2.64e+03 ns     0.107 ms          248            71.5  16.8   7.4   4.3    80.2
          Time: Wait:      2.49 s       9.72 ms      1.56 ms     0.254 s            99            99.6   0.0   0.0   0.4    96.2
Volume Recv TOTAL   :      1.25 GB      4.99 MB      4.99 MB      4.99 MB            0            99.6   0.0   0.0   0.4     0.0
Volume Recv0: <= 64B:          257            1            1            2            0            99.6   0.0   0.0   0.4    49.8
Volume Recv1: <= 4KB:     2.31e+03         9.02            9           14            0            99.6   0.0   0.0   0.4    35.6
Volume Recv2: <= 2MB:     4.61e+03           18           18           18          254           100.0   0.0   0.0   0.0     0.0
Volume Send TOTAL   :      1.25 GB      4.99 MB      4.99 MB      4.99 MB          254           100.0   0.0   0.0   0.0     0.0
Volume Send0: <= 64B:          512            2            2            2          254           100.0   0.0   0.0   0.0     0.0
Volume Send1: <= 4KB:     3.58e+03           14           14           14          254           100.0   0.0   0.0   0.0     0.0
Volume Send2: <= 2MB:     4.61e+03           18           18           18          254           100.0   0.0   0.0   0.0     0.0

Timestep 6       Time=6e-05       Next delT=1e-05       Wall Time=3.28569   EMA=0.463806    Memory Used=256.09 MBs (avg) 258.67 MBs (max on rank: 151   )
Runtime Summary  summary stats for time step 6 at time=6e-05
  Description       Units       Minimum           Rank   Average (256)     Std. Dev.         Maximum           Rank   100*(1-ave/max) '% load imbalance'
  TaskExec          [seconds] : 0.166053        : 99   : 0.417803        : 0.0160562       : 0.428657        : 229  : 2.53207
  TaskLocalComm     [seconds] : 0.0254676       : 225  : 0.030296        : 0.00347051      : 0.0385933       : 119  : 21.4995
  TaskWaitCommTime  [seconds] : 0.00720868      : 229  : 0.01743         : 0.0158762       : 0.266112        : 99   : 93.4501
  NumberOfTasks     [tasks  ] : 6               : 0    : 6               : 0               : 6               : 0    : 0
  NumberOfPatches   [patches] : 1               : 0    : 1               : 0               : 1               : 0    : 0
  NumberOfCells     [cells  ] : 32768           : 0    : 32768           : 0               : 32768           : 0    : 0
  SCIMemoryUsed     [MBytes ] : 2.52613e+08     : 79   : 2.56086e+08     : 1.17721e+06     : 2.58666e+08     : 151  : 0.99772
  SCIMemoryMaxUsed  [MBytes ] : 2.52613e+08     : 79   : 2.56086e+08     : 1.17721e+06     : 2.58666e+08     : 151  : 0.99772
  MemoryUsed        [MBytes ] : 8.56941e+08     : 230  : 8.77161e+08     : 9.62204e+06     : 9.06547e+08     : 145  : 3.24152
  MemoryResident    [MBytes ] : 2.52613e+08     : 79   : 2.56086e+08     : 1.17721e+06     : 2.58666e+08     : 151  : 0.99772
  Percentage of time spent in overhead : 3.28462

________________________________________________________________________________
--------------------------------------------------------------------------------
MPIStats:+
--------------------------------------------------------------------------------
                Name:       Total:         Avg:         Min:         Max:    Max rank: Hist %% [  Q1 |  Q2 |  Q3 |  Q4 ]:  %%Load Imbalance
         Count: Recv:     6.66e+03           26           26           26          254           100.0   0.0   0.0   0.0     0.0
         Count: Redu:     2.05e+03            8            8            8          254           100.0   0.0   0.0   0.0     0.0
         Count: Send:     6.66e+03           26           26           26          254           100.0   0.0   0.0   0.0     0.0
         Count: Test:     2.05e+03            8            6           25          229            89.1   2.0   3.5   5.5    68.0
         Count: Wait:     1.18e+04           46           46           46          254           100.0   0.0   0.0   0.0     0.0
          Time: Recv:      36.5 ms     0.142 ms    0.0207 ms      1.65 ms          246            91.4   7.4   0.0   1.2    91.4
          Time: Redu:        34 s      0.133 s      0.349 ms     0.202 s           177             1.2  15.6  64.5  18.8    34.3
          Time: Send:     0.233 s       0.91 ms     0.413 ms      2.23 ms          245            50.8  43.0   1.6   4.7    59.1
          Time: Test:      5.88 ms     0.023 ms  2.59e+03 ns     0.177 ms          219            82.8  14.8   2.0   0.4    87.0
          Time: Wait:      3.05 s       11.9 ms      1.41 ms     0.264 s           161            98.8   0.0   0.0   1.2    95.5
Volume Recv TOTAL   :      1.25 GB      4.99 MB      4.99 MB      4.99 MB            0            99.6   0.0   0.0   0.4     0.0
Volume Recv0: <= 64B:          257            1            1            2            0            99.6   0.0   0.0   0.4    49.8
Volume Recv1: <= 4KB:     2.31e+03         9.02            9           14            0            99.6   0.0   0.0   0.4    35.6
Volume Recv2: <= 2MB:     4.61e+03           18           18           18          254           100.0   0.0   0.0   0.0     0.0
Volume Send TOTAL   :      1.25 GB      4.99 MB      4.99 MB      4.99 MB          254           100.0   0.0   0.0   0.0     0.0
Volume Send0: <= 64B:          512            2            2            2          254           100.0   0.0   0.0   0.0     0.0
Volume Send1: <= 4KB:     3.58e+03           14           14           14          254           100.0   0.0   0.0   0.0     0.0
Volume Send2: <= 2MB:     4.61e+03           18           18           18          254           100.0   0.0   0.0   0.0     0.0

Timestep 7       Time=7e-05       Next delT=1e-05       Wall Time=3.73746   EMA=0.460799    Memory Used=256.46 MBs (avg) 259.16 MBs (max on rank: 1     )
Runtime Summary  summary stats for time step 7 at time=7e-05
  Description       Units       Minimum           Rank   Average (256)     Std. Dev.         Maximum           Rank   100*(1-ave/max) '% load imbalance'
  TaskExec          [seconds] : 0.158963        : 161  : 0.419381        : 0.0282244       : 0.431463        : 225  : 2.80018
  TaskLocalComm     [seconds] : 0.0255155       : 225  : 0.0302287       : 0.00362292      : 0.0421482       : 173  : 28.2799
  TaskWaitCommTime  [seconds] : 0.0074154       : 228  : 0.0194548       : 0.0275968       : 0.273223        : 108  : 92.8795
  NumberOfTasks     [tasks  ] : 6               : 0    : 6               : 0               : 6               : 0    : 0
  NumberOfPatches   [patches] : 1               : 0    : 1               : 0               : 1               : 0    : 0
  NumberOfCells     [cells  ] : 32768           : 0    : 32768           : 0               : 32768           : 0    : 0
  SCIMemoryUsed     [MBytes ] : 2.52715e+08     : 74   : 2.56464e+08     : 1.30128e+06     : 2.59162e+08     : 1    : 1.04123
  SCIMemoryMaxUsed  [MBytes ] : 2.52715e+08     : 74   : 2.56464e+08     : 1.30128e+06     : 2.59162e+08     : 1    : 1.04123
  MemoryUsed        [MBytes ] : 8.55302e+08     : 187  : 8.77503e+08     : 9.60374e+06     : 9.06871e+08     : 4    : 3.23831
  MemoryResident    [MBytes ] : 2.52715e+08     : 74   : 2.56464e+08     : 1.30128e+06     : 2.59162e+08     : 1    : 1.04123
  Percentage of time spent in overhead : 2.8125

________________________________________________________________________________
--------------------------------------------------------------------------------
MPIStats:+
--------------------------------------------------------------------------------
                Name:       Total:         Avg:         Min:         Max:    Max rank: Hist %% [  Q1 |  Q2 |  Q3 |  Q4 ]:  %%Load Imbalance
         Count: Recv:     6.66e+03           26           26           26          254           100.0   0.0   0.0   0.0     0.0
         Count: Redu:     2.05e+03            8            8            8          254           100.0   0.0   0.0   0.0     0.0
         Count: Send:     6.66e+03           26           26           26          254           100.0   0.0   0.0   0.0     0.0
         Count: Test:     2.03e+03         7.93            6           24          229            89.5   1.6   2.7   6.2    66.9
         Count: Wait:     1.18e+04           46           46           46          254           100.0   0.0   0.0   0.0     0.0
          Time: Recv:      30.5 ms     0.119 ms    0.0196 ms     0.792 ms          236            78.5  13.3   6.2   2.0    85.0
          Time: Redu:      19.7 s       76.8 ms     0.326 ms     0.139 s           229            19.9   3.5  62.5  14.1    45.0
          Time: Send:     0.261 s       1.02 ms     0.373 ms      2.25 ms          187            41.0  40.2  10.2   8.6    54.9
          Time: Test:      5.65 ms    0.0221 ms  2.47e+03 ns     0.229 ms          229            88.3  10.5   0.8   0.4    90.3
          Time: Wait:      2.55 s       9.95 ms      1.33 ms     0.222 s            13            99.6   0.0   0.0   0.4    95.5
Volume Recv TOTAL   :      1.25 GB      4.99 MB      4.99 MB      4.99 MB            0            99.6   0.0   0.0   0.4     0.0
Volume Recv0: <= 64B:          257            1            1            2            0            99.6   0.0   0.0   0.4    49.8
Volume Recv1: <= 4KB:     2.31e+03         9.02            9           14            0            99.6   0.0   0.0   0.4    35.6
Volume Recv2: <= 2MB:     4.61e+03           18           18           18          254           100.0   0.0   0.0   0.0     0.0
Volume Send TOTAL   :      1.25 GB      4.99 MB      4.99 MB      4.99 MB          254           100.0   0.0   0.0   0.0     0.0
Volume Send0: <= 64B:          512            2            2            2          254           100.0   0.0   0.0   0.0     0.0
Volume Send1: <= 4KB:     3.58e+03           14           14           14          254           100.0   0.0   0.0   0.0     0.0
Volume Send2: <= 2MB:     4.61e+03           18           18           18          254           100.0   0.0   0.0   0.0     0.0

Timestep 8       Time=8e-05       Next delT=1e-05       Wall Time=4.13525   EMA=0.446795    Memory Used=256.58 MBs (avg) 259.89 MBs (max on rank: 236   )
Runtime Summary  summary stats for time step 8 at time=8e-05
  Description       Units       Minimum           Rank   Average (256)     Std. Dev.         Maximum           Rank   100*(1-ave/max) '% load imbalance'
  TaskExec          [seconds] : 0.156298        : 13   : 0.367227        : 0.0135821       : 0.377626        : 228  : 2.75382
  TaskLocalComm     [seconds] : 0.0253454       : 225  : 0.0303095       : 0.00340814      : 0.0385847       : 255  : 21.4468
  TaskWaitCommTime  [seconds] : 0.00713562      : 228  : 0.0177791       : 0.0136309       : 0.229105        : 13   : 92.2398
  NumberOfTasks     [tasks  ] : 6               : 0    : 6               : 0               : 6               : 0    : 0
  NumberOfPatches   [patches] : 1               : 0    : 1               : 0               : 1               : 0    : 0
  NumberOfCells     [cells  ] : 32768           : 0    : 32768           : 0               : 32768           : 0    : 0
  SCIMemoryUsed     [MBytes ] : 2.52563e+08     : 250  : 2.56583e+08     : 1.31716e+06     : 2.59887e+08     : 236  : 1.27141
  SCIMemoryMaxUsed  [MBytes ] : 2.52563e+08     : 250  : 2.56583e+08     : 1.31716e+06     : 2.59887e+08     : 236  : 1.27141
  MemoryUsed        [MBytes ] : 8.58132e+08     : 187  : 8.77572e+08     : 9.60342e+06     : 9.06871e+08     : 4    : 3.23079
  MemoryResident    [MBytes ] : 2.52563e+08     : 250  : 2.56583e+08     : 1.31716e+06     : 2.59887e+08     : 236  : 1.27141
  Percentage of time spent in overhead : 2.45738

________________________________________________________________________________
--------------------------------------------------------------------------------
MPIStats:+
--------------------------------------------------------------------------------
                Name:       Total:         Avg:         Min:         Max:    Max rank: Hist %% [  Q1 |  Q2 |  Q3 |  Q4 ]:  %%Load Imbalance
         Count: Recv:     6.66e+03           26           26           26          254           100.0   0.0   0.0   0.0     0.0
         Count: Redu:     2.05e+03            8            8            8          254           100.0   0.0   0.0   0.0     0.0
         Count: Send:     6.66e+03           26           26           26          254           100.0   0.0   0.0   0.0     0.0
         Count: Test:     2.03e+03         7.94            6           23          248            89.5   1.6   2.7   6.2    65.5
         Count: Wait:     1.18e+04           46           46           46          254           100.0   0.0   0.0   0.0     0.0
          Time: Recv:      36.4 ms     0.142 ms    0.0201 ms      1.89 ms          250            92.6   5.1   2.0   0.4    92.5
          Time: Redu:      34.3 s      0.134 s      0.398 ms     0.193 s           223             0.8  11.7  40.2  47.3    30.6
          Time: Send:     0.257 s          1 ms     0.259 ms      2.34 ms          208            31.6  48.8  12.1   7.4    57.1
          Time: Test:      5.51 ms    0.0215 ms  2.62e+03 ns     0.109 ms          188            70.7  15.6  10.9   2.7    80.2
          Time: Wait:      2.78 s       10.9 ms      1.05 ms     0.264 s           112            99.2   0.0   0.0   0.8    95.9
Volume Recv TOTAL   :      1.25 GB      4.99 MB      4.99 MB      4.99 MB            0            99.6   0.0   0.0   0.4     0.0
Volume Recv0: <= 64B:          257            1            1            2            0            99.6   0.0   0.0   0.4    49.8
Volume Recv1: <= 4KB:     2.31e+03         9.02            9           14            0            99.6   0.0   0.0   0.4    35.6
Volume Recv2: <= 2MB:     4.61e+03           18           18           18          254           100.0   0.0   0.0   0.0     0.0
Volume Send TOTAL   :      1.25 GB      4.99 MB      4.99 MB      4.99 MB          254           100.0   0.0   0.0   0.0     0.0
Volume Send0: <= 64B:          512            2            2            2          254           100.0   0.0   0.0   0.0     0.0
Volume Send1: <= 4KB:     3.58e+03           14           14           14          254           100.0   0.0   0.0   0.0     0.0
Volume Send2: <= 2MB:     4.61e+03           18           18           18          254           100.0   0.0   0.0   0.0     0.0

Timestep 9       Time=9e-05       Next delT=1e-05       Wall Time=4.58775   EMA=0.447937    Memory Used=256.76 MBs (avg) 259.89 MBs (max on rank: 236   )
Runtime Summary  summary stats for time step 9 at time=9e-05
  Description       Units       Minimum           Rank   Average (256)     Std. Dev.         Maximum           Rank   100*(1-ave/max) '% load imbalance'
  TaskExec          [seconds] : 0.161847        : 112  : 0.421161        : 0.0226757       : 0.432427        : 188  : 2.60512
  TaskLocalComm     [seconds] : 0.0251337       : 225  : 0.0302388       : 0.00345117      : 0.0386425       : 119  : 21.7473
  TaskWaitCommTime  [seconds] : 0.00623181      : 188  : 0.0184649       : 0.0226034       : 0.277125        : 112  : 93.337
  NumberOfTasks     [tasks  ] : 6               : 0    : 6               : 0               : 6               : 0    : 0
  NumberOfPatches   [patches] : 1               : 0    : 1               : 0               : 1               : 0    : 0
  NumberOfCells     [cells  ] : 32768           : 0    : 32768           : 0               : 32768           : 0    : 0
  SCIMemoryUsed     [MBytes ] : 2.52793e+08     : 142  : 2.56757e+08     : 1.36828e+06     : 2.59887e+08     : 236  : 1.20455
  SCIMemoryMaxUsed  [MBytes ] : 2.52793e+08     : 142  : 2.56757e+08     : 1.36828e+06     : 2.59887e+08     : 236  : 1.20455
  MemoryUsed        [MBytes ] : 8.55618e+08     : 187  : 8.77725e+08     : 9.59024e+06     : 9.06871e+08     : 4    : 3.2139
  MemoryResident    [MBytes ] : 2.52793e+08     : 142  : 2.56757e+08     : 1.36828e+06     : 2.59887e+08     : 236  : 1.20455
  Percentage of time spent in overhead : 2.18011

________________________________________________________________________________
--------------------------------------------------------------------------------
MPIStats:+
--------------------------------------------------------------------------------
                Name:       Total:         Avg:         Min:         Max:    Max rank: Hist %% [  Q1 |  Q2 |  Q3 |  Q4 ]:  %%Load Imbalance
         Count: Recv:     6.66e+03           26           26           26          254           100.0   0.0   0.0   0.0     0.0
         Count: Redu:     2.05e+03            8            8            8          254           100.0   0.0   0.0   0.0     0.0
         Count: Send:     6.66e+03           26           26           26          254           100.0   0.0   0.0   0.0     0.0
         Count: Test:     2.02e+03          7.9            6           23          248            89.5   1.6   2.7   6.2    65.6
         Count: Wait:     1.18e+04           46           46           46          254           100.0   0.0   0.0   0.0     0.0
          Time: Recv:      30.8 ms      0.12 ms    0.0198 ms      1.08 ms          236            84.4  11.7   3.1   0.8    88.9
          Time: Redu:      19.1 s       74.7 ms     0.323 ms     0.138 s           231            19.5   3.5  66.0  10.9    46.0
          Time: Send:     0.251 s      0.979 ms     0.286 ms      2.39 ms          110            36.3  49.2   9.4   5.1    59.0
          Time: Test:      5.44 ms    0.0212 ms  2.59e+03 ns     0.146 ms           87            82.0  12.9   3.5   1.6    85.5
          Time: Wait:      2.43 s        9.5 ms      1.22 ms      15.1 ms           66            10.5  18.8  39.1  31.6    37.1
Volume Recv TOTAL   :      1.25 GB      4.99 MB      4.99 MB      4.99 MB            0            99.6   0.0   0.0   0.4     0.0
Volume Recv0: <= 64B:          257            1            1            2            0            99.6   0.0   0.0   0.4    49.8
Volume Recv1: <= 4KB:     2.31e+03         9.02            9           14            0            99.6   0.0   0.0   0.4    35.6
Volume Recv2: <= 2MB:     4.61e+03           18           18           18          254           100.0   0.0   0.0   0.0     0.0
Volume Send TOTAL   :      1.25 GB      4.99 MB      4.99 MB      4.99 MB          254           100.0   0.0   0.0   0.0     0.0
Volume Send0: <= 64B:          512            2            2            2          254           100.0   0.0   0.0   0.0     0.0
Volume Send1: <= 4KB:     3.58e+03           14           14           14          254           100.0   0.0   0.0   0.0     0.0
Volume Send2: <= 2MB:     4.61e+03           18           18           18          254           100.0   0.0   0.0   0.0     0.0

Timestep 10      Time=0.0001      Next delT=1e-05       Wall Time=4.98409   EMA=0.438556    Memory Used=256.95 MBs (avg) 259.79 MBs (max on rank: 1     )
Runtime Summary  summary stats for time step 10 at time=0.0001
  Description       Units       Minimum           Rank   Average (256)     Std. Dev.         Maximum           Rank   100*(1-ave/max) '% load imbalance'
  TaskExec          [seconds] : 0.360637        : 126  : 0.366349        : 0.0031524       : 0.377144        : 231  : 2.86224
  TaskLocalComm     [seconds] : 0.0247997       : 219  : 0.0301628       : 0.00343383      : 0.0394584       : 119  : 23.5581
  TaskWaitCommTime  [seconds] : 0.0064565       : 233  : 0.0172574       : 0.00332077      : 0.0235149       : 126  : 26.6108
  NumberOfTasks     [tasks  ] : 6               : 0    : 6               : 0               : 6               : 0    : 0
  NumberOfPatches   [patches] : 1               : 0    : 1               : 0               : 1               : 0    : 0
  NumberOfCells     [cells  ] : 32768           : 0    : 32768           : 0               : 32768           : 0    : 0
  SCIMemoryUsed     [MBytes ] : 2.53514e+08     : 149  : 2.56953e+08     : 1.27898e+06     : 2.59793e+08     : 1    : 1.0932
  SCIMemoryMaxUsed  [MBytes ] : 2.53514e+08     : 149  : 2.56953e+08     : 1.27898e+06     : 2.59793e+08     : 1    : 1.0932
  MemoryUsed        [MBytes ] : 8.58448e+08     : 187  : 8.77897e+08     : 9.50523e+06     : 9.06871e+08     : 4    : 3.19495
  MemoryResident    [MBytes ] : 2.53514e+08     : 149  : 2.56953e+08     : 1.27898e+06     : 2.59793e+08     : 1    : 1.0932
  Percentage of time spent in overhead : 1.95718
Sus: going down successfully
