Parallel: 32 MPI processes (using MPI)
Parallel: MPI Level Required: 0, provided: 0
Date:       Tue Aug 23 15:55:41 2022
Machine:    ash271
git branch:wasatch-low-cost-integ-cmake
git date:   Sat Jul 30 10:34:22 2022 -0600
git hash:   9315f9f96fa6304db4fe79378b145f37ea40016d
Assertion level: 0
CFLAGS:          
CXXFLAGS:        
______________________________________________________________________
Application Component: 	'wasatch'

-------------------------------------------------------------
Wasatch was built against:
  SpatialOps HASH: bd7a2bac76e42e2cb528b02e2cf1291d05c71926
             DATE: Fri Nov 12 11:34:54 2021 -0700
     ExprLib HASH: d2950c77edb22e5f3669ddaaf2d2ed29ceb24d2c
             DATE: Thu Aug 5 12:26:26 2021 -0600
    TabProps HASH: eca0dc5f26b20d4f6b1cebe51b1ae97e11871e83
             DATE: Wed Aug 11 20:11:26 2021 -0600
-------------------------------------------------------------

Linear Solver: 		hypre
Load Balancer: 		Simple
Scheduler: 		MPI
Patch layout: 		(4,4,2)
Grid statistics:
Number of levels:		1
Level 0:
  Number of patches:		32
  Total number of cells:	1115400 (34856.2 avg. per patch)
Total patches in grid:		32
Total cells in grid:		1115400 (34856.2 avg. per patch)

Using small, individual MPI messages (no message combining)
Detected solver: hypre
Setting initial conditions for scalability test equation: scalability0
Setting initial conditions for scalability test equation: scalability1
Setting initial conditions for scalability test equation: scalability2
Setting initial conditions for scalability test equation: scalability3
Setting initial conditions for scalability test equation: scalability4
Setting initial conditions for scalability test equation: scalability5
Setting initial conditions for scalability test equation: scalability6
Setting initial conditions for scalability test equation: scalability7
Setting initial conditions for scalability test equation: scalability8
Setting initial conditions for scalability test equation: scalability9
Setting initial conditions for scalability test equation: scalability10
Setting initial conditions for scalability test equation: scalability11
Setting initial conditions for scalability test equation: scalability12
Setting initial conditions for scalability test equation: scalability13
Setting initial conditions for scalability test equation: scalability14
Setting initial conditions for scalability test equation: scalability15
Setting initial conditions for scalability test equation: scalability16
Setting initial conditions for scalability test equation: scalability17
Setting initial conditions for scalability test equation: scalability18
Setting initial conditions for scalability test equation: scalability19
Setting initial conditions for scalability test equation: scalability20
Setting initial conditions for scalability test equation: scalability21
Setting initial conditions for scalability test equation: scalability22
Setting initial conditions for scalability test equation: scalability23
Setting initial conditions for scalability test equation: scalability24
Setting initial conditions for scalability test equation: scalability25
Setting initial conditions for scalability test equation: scalability26
Setting initial conditions for scalability test equation: scalability27
Setting initial conditions for scalability test equation: scalability28
Setting initial conditions for scalability test equation: scalability29
Setting initial conditions for scalability test equation: scalability30
Setting initial conditions for scalability test equation: scalability31
Setting initial conditions for scalability test equation: scalability32
Setting initial conditions for scalability test equation: scalability33
Setting initial conditions for scalability test equation: scalability34
Setting initial conditions for scalability test equation: scalability35
Setting initial conditions for scalability test equation: scalability36
Setting initial conditions for scalability test equation: scalability37
Setting initial conditions for scalability test equation: scalability38
Setting initial conditions for scalability test equation: scalability39
Setting initial conditions for scalability test equation: scalability40
Setting initial conditions for scalability test equation: scalability41
Setting initial conditions for scalability test equation: scalability42
Setting initial conditions for scalability test equation: scalability43
Setting initial conditions for scalability test equation: scalability44
Setting initial conditions for scalability test equation: scalability45
Setting initial conditions for scalability test equation: scalability46
Setting initial conditions for scalability test equation: scalability47
Setting initial conditions for scalability test equation: scalability48
Setting initial conditions for scalability test equation: scalability49
Setting initial conditions for scalability test equation: scalability50
Setting initial conditions for scalability test equation: scalability51
Setting initial conditions for scalability test equation: scalability52
Setting initial conditions for scalability test equation: scalability53
Setting initial conditions for scalability test equation: scalability54
Setting initial conditions for scalability test equation: scalability55
Setting initial conditions for scalability test equation: scalability56
Setting initial conditions for scalability test equation: scalability57
Setting initial conditions for scalability test equation: scalability58
Setting initial conditions for scalability test equation: scalability59
Setting initial conditions for scalability test equation: scalability60
Setting initial conditions for scalability test equation: scalability61
Setting initial conditions for scalability test equation: scalability62
Setting initial conditions for scalability test equation: scalability63
Setting initial conditions for scalability test equation: scalability64
Setting initial conditions for scalability test equation: scalability65
Setting initial conditions for scalability test equation: scalability66
Setting initial conditions for scalability test equation: scalability67
Setting initial conditions for scalability test equation: scalability68
Setting initial conditions for scalability test equation: scalability69
Setting initial conditions for scalability test equation: scalability70
Setting initial conditions for scalability test equation: scalability71
Setting initial conditions for scalability test equation: scalability72
Setting initial conditions for scalability test equation: scalability73
Setting initial conditions for scalability test equation: scalability74
Setting initial conditions for scalability test equation: scalability75
Setting initial conditions for scalability test equation: scalability76
Setting initial conditions for scalability test equation: scalability77
Setting initial conditions for scalability test equation: scalability78
Setting initial conditions for scalability test equation: scalability79
Setting initial conditions for scalability test equation: scalability80
Setting initial conditions for scalability test equation: scalability81
Setting initial conditions for scalability test equation: scalability82
Setting initial conditions for scalability test equation: scalability83
Setting initial conditions for scalability test equation: scalability84
Setting initial conditions for scalability test equation: scalability85
Setting initial conditions for scalability test equation: scalability86
Setting initial conditions for scalability test equation: scalability87
Setting initial conditions for scalability test equation: scalability88
Setting initial conditions for scalability test equation: scalability89
Setting initial conditions for scalability test equation: scalability90
Setting initial conditions for scalability test equation: scalability91
Setting initial conditions for scalability test equation: scalability92
Setting initial conditions for scalability test equation: scalability93
Setting initial conditions for scalability test equation: scalability94
Setting initial conditions for scalability test equation: scalability95
Setting initial conditions for scalability test equation: scalability96
Setting initial conditions for scalability test equation: scalability97
Setting initial conditions for scalability test equation: scalability98
Setting initial conditions for scalability test equation: scalability99
------------------------------------------------

Compiling initialization taskgraph.
------------------------------------------------
SETTING INITIAL BOUNDARY CONDITIONS:
------------------------------------------------
Setting Initial BCs for transport equation 'scalability0'
Setting Initial BCs for transport equation 'scalability1'
Setting Initial BCs for transport equation 'scalability2'
Setting Initial BCs for transport equation 'scalability3'
Setting Initial BCs for transport equation 'scalability4'
Setting Initial BCs for transport equation 'scalability5'
Setting Initial BCs for transport equation 'scalability6'
Setting Initial BCs for transport equation 'scalability7'
Setting Initial BCs for transport equation 'scalability8'
Setting Initial BCs for transport equation 'scalability9'
Setting Initial BCs for transport equation 'scalability10'
Setting Initial BCs for transport equation 'scalability11'
Setting Initial BCs for transport equation 'scalability12'
Setting Initial BCs for transport equation 'scalability13'
Setting Initial BCs for transport equation 'scalability14'
Setting Initial BCs for transport equation 'scalability15'
Setting Initial BCs for transport equation 'scalability16'
Setting Initial BCs for transport equation 'scalability17'
Setting Initial BCs for transport equation 'scalability18'
Setting Initial BCs for transport equation 'scalability19'
Setting Initial BCs for transport equation 'scalability20'
Setting Initial BCs for transport equation 'scalability21'
Setting Initial BCs for transport equation 'scalability22'
Setting Initial BCs for transport equation 'scalability23'
Setting Initial BCs for transport equation 'scalability24'
Setting Initial BCs for transport equation 'scalability25'
Setting Initial BCs for transport equation 'scalability26'
Setting Initial BCs for transport equation 'scalability27'
Setting Initial BCs for transport equation 'scalability28'
Setting Initial BCs for transport equation 'scalability29'
Setting Initial BCs for transport equation 'scalability30'
Setting Initial BCs for transport equation 'scalability31'
Setting Initial BCs for transport equation 'scalability32'
Setting Initial BCs for transport equation 'scalability33'
Setting Initial BCs for transport equation 'scalability34'
Setting Initial BCs for transport equation 'scalability35'
Setting Initial BCs for transport equation 'scalability36'
Setting Initial BCs for transport equation 'scalability37'
Setting Initial BCs for transport equation 'scalability38'
Setting Initial BCs for transport equation 'scalability39'
Setting Initial BCs for transport equation 'scalability40'
Setting Initial BCs for transport equation 'scalability41'
Setting Initial BCs for transport equation 'scalability42'
Setting Initial BCs for transport equation 'scalability43'
Setting Initial BCs for transport equation 'scalability44'
Setting Initial BCs for transport equation 'scalability45'
Setting Initial BCs for transport equation 'scalability46'
Setting Initial BCs for transport equation 'scalability47'
Setting Initial BCs for transport equation 'scalability48'
Setting Initial BCs for transport equation 'scalability49'
Setting Initial BCs for transport equation 'scalability50'
Setting Initial BCs for transport equation 'scalability51'
Setting Initial BCs for transport equation 'scalability52'
Setting Initial BCs for transport equation 'scalability53'
Setting Initial BCs for transport equation 'scalability54'
Setting Initial BCs for transport equation 'scalability55'
Setting Initial BCs for transport equation 'scalability56'
Setting Initial BCs for transport equation 'scalability57'
Setting Initial BCs for transport equation 'scalability58'
Setting Initial BCs for transport equation 'scalability59'
Setting Initial BCs for transport equation 'scalability60'
Setting Initial BCs for transport equation 'scalability61'
Setting Initial BCs for transport equation 'scalability62'
Setting Initial BCs for transport equation 'scalability63'
Setting Initial BCs for transport equation 'scalability64'
Setting Initial BCs for transport equation 'scalability65'
Setting Initial BCs for transport equation 'scalability66'
Setting Initial BCs for transport equation 'scalability67'
Setting Initial BCs for transport equation 'scalability68'
Setting Initial BCs for transport equation 'scalability69'
Setting Initial BCs for transport equation 'scalability70'
Setting Initial BCs for transport equation 'scalability71'
Setting Initial BCs for transport equation 'scalability72'
Setting Initial BCs for transport equation 'scalability73'
Setting Initial BCs for transport equation 'scalability74'
Setting Initial BCs for transport equation 'scalability75'
Setting Initial BCs for transport equation 'scalability76'
Setting Initial BCs for transport equation 'scalability77'
Setting Initial BCs for transport equation 'scalability78'
Setting Initial BCs for transport equation 'scalability79'
Setting Initial BCs for transport equation 'scalability80'
Setting Initial BCs for transport equation 'scalability81'
Setting Initial BCs for transport equation 'scalability82'
Setting Initial BCs for transport equation 'scalability83'
Setting Initial BCs for transport equation 'scalability84'
Setting Initial BCs for transport equation 'scalability85'
Setting Initial BCs for transport equation 'scalability86'
Setting Initial BCs for transport equation 'scalability87'
Setting Initial BCs for transport equation 'scalability88'
Setting Initial BCs for transport equation 'scalability89'
Setting Initial BCs for transport equation 'scalability90'
Setting Initial BCs for transport equation 'scalability91'
Setting Initial BCs for transport equation 'scalability92'
Setting Initial BCs for transport equation 'scalability93'
Setting Initial BCs for transport equation 'scalability94'
Setting Initial BCs for transport equation 'scalability95'
Setting Initial BCs for transport equation 'scalability96'
Setting Initial BCs for transport equation 'scalability97'
Setting Initial BCs for transport equation 'scalability98'
Setting Initial BCs for transport equation 'scalability99'
------------------------------------------------
Wasatch: done creating initialization task(s)
Scheduling Task 'compute timestep' COMPUTES 'delT' in NEW data warehouse
Wasatch: done creating timestep task(s)
Done with taskgraph compile (0.000307031 seconds)
Warning: addContribution not implemented for LoadBalancerCommon.
WARNING at time step 0 and sim time 0 : lowering the next delT from 1 to the maximum: 1e-05

________________________________________________________________________________
--------------------------------------------------------------------------------
MPIStats:+
--------------------------------------------------------------------------------
                Name:       Total:         Avg:         Min:         Max:    Max rank: Hist %% [  Q1 |  Q2 |  Q3 |  Q4 ]:  %%Load Imbalance
         Count: Comm:           32            1            1            1           23           100.0   0.0   0.0   0.0     0.0
         Count: Gath:           64            2            2            2            7           100.0   0.0   0.0   0.0     0.0
         Count: Redu:           32            1            1            1           11           100.0   0.0   0.0   0.0     0.0
          Time: Comm:        83 ms      2.59 ms     0.686 ms      4.81 ms            2            18.8  37.5  31.2  12.5    46.1
          Time: Gath:     0.869 s       27.2 ms      20.9 ms      30.8 ms            6            12.5  18.8  28.1  40.6    11.9
          Time: Redu:     0.211 s        6.6 ms    0.0359 ms      10.3 ms           17            25.0   0.0  25.0  50.0    35.8
Volume Recv TOTAL   :      12.3 KB        393 B        393 B        393 B           18           100.0   0.0   0.0   0.0     0.0
Volume Recv0: <= 64B:           32            1            1            1            2           100.0   0.0   0.0   0.0     0.0
Volume Recv1: <= 4KB:           64            2            2            2           28           100.0   0.0   0.0   0.0     0.0
Volume Send TOTAL   :      8.41 KB        269 B        269 B        269 B            4           100.0   0.0   0.0   0.0     0.0
Volume Send0: <= 64B:           64            2            2            2           24           100.0   0.0   0.0   0.0     0.0
Volume Send1: <= 4KB:           32            1            1            1            8           100.0   0.0   0.0   0.0     0.0


Simulation and run time stats are reported at the end of each time step
EMA == Wall time as an exponential moving average using a window of the last 10 time steps
Timestep 0       Time=0           Next delT=1e-05       Wall Time=0.183937  EMA=0.180522    Memory Used=164.71 MBs (avg) 165.72 MBs (max on rank: 0     )
Warning: finalizeContributions not implemented for LoadBalancerCommon.
Warning: resetCostForecaster not implemented for LoadBalancerCommon.
Compiling taskgraph(s)...
------------------------------------------------
SETTING BOUNDARY CONDITIONS:
------------------------------------------------
Setting BCs for transport equation 'scalability0'
Setting BCs for transport equation 'scalability1'
Setting BCs for transport equation 'scalability2'
Setting BCs for transport equation 'scalability3'
Setting BCs for transport equation 'scalability4'
Setting BCs for transport equation 'scalability5'
Setting BCs for transport equation 'scalability6'
Setting BCs for transport equation 'scalability7'
Setting BCs for transport equation 'scalability8'
Setting BCs for transport equation 'scalability9'
Setting BCs for transport equation 'scalability10'
Setting BCs for transport equation 'scalability11'
Setting BCs for transport equation 'scalability12'
Setting BCs for transport equation 'scalability13'
Setting BCs for transport equation 'scalability14'
Setting BCs for transport equation 'scalability15'
Setting BCs for transport equation 'scalability16'
Setting BCs for transport equation 'scalability17'
Setting BCs for transport equation 'scalability18'
Setting BCs for transport equation 'scalability19'
Setting BCs for transport equation 'scalability20'
Setting BCs for transport equation 'scalability21'
Setting BCs for transport equation 'scalability22'
Setting BCs for transport equation 'scalability23'
Setting BCs for transport equation 'scalability24'
Setting BCs for transport equation 'scalability25'
Setting BCs for transport equation 'scalability26'
Setting BCs for transport equation 'scalability27'
Setting BCs for transport equation 'scalability28'
Setting BCs for transport equation 'scalability29'
Setting BCs for transport equation 'scalability30'
Setting BCs for transport equation 'scalability31'
Setting BCs for transport equation 'scalability32'
Setting BCs for transport equation 'scalability33'
Setting BCs for transport equation 'scalability34'
Setting BCs for transport equation 'scalability35'
Setting BCs for transport equation 'scalability36'
Setting BCs for transport equation 'scalability37'
Setting BCs for transport equation 'scalability38'
Setting BCs for transport equation 'scalability39'
Setting BCs for transport equation 'scalability40'
Setting BCs for transport equation 'scalability41'
Setting BCs for transport equation 'scalability42'
Setting BCs for transport equation 'scalability43'
Setting BCs for transport equation 'scalability44'
Setting BCs for transport equation 'scalability45'
Setting BCs for transport equation 'scalability46'
Setting BCs for transport equation 'scalability47'
Setting BCs for transport equation 'scalability48'
Setting BCs for transport equation 'scalability49'
Setting BCs for transport equation 'scalability50'
Setting BCs for transport equation 'scalability51'
Setting BCs for transport equation 'scalability52'
Setting BCs for transport equation 'scalability53'
Setting BCs for transport equation 'scalability54'
Setting BCs for transport equation 'scalability55'
Setting BCs for transport equation 'scalability56'
Setting BCs for transport equation 'scalability57'
Setting BCs for transport equation 'scalability58'
Setting BCs for transport equation 'scalability59'
Setting BCs for transport equation 'scalability60'
Setting BCs for transport equation 'scalability61'
Setting BCs for transport equation 'scalability62'
Setting BCs for transport equation 'scalability63'
Setting BCs for transport equation 'scalability64'
Setting BCs for transport equation 'scalability65'
Setting BCs for transport equation 'scalability66'
Setting BCs for transport equation 'scalability67'
Setting BCs for transport equation 'scalability68'
Setting BCs for transport equation 'scalability69'
Setting BCs for transport equation 'scalability70'
Setting BCs for transport equation 'scalability71'
Setting BCs for transport equation 'scalability72'
Setting BCs for transport equation 'scalability73'
Setting BCs for transport equation 'scalability74'
Setting BCs for transport equation 'scalability75'
Setting BCs for transport equation 'scalability76'
Setting BCs for transport equation 'scalability77'
Setting BCs for transport equation 'scalability78'
Setting BCs for transport equation 'scalability79'
Setting BCs for transport equation 'scalability80'
Setting BCs for transport equation 'scalability81'
Setting BCs for transport equation 'scalability82'
Setting BCs for transport equation 'scalability83'
Setting BCs for transport equation 'scalability84'
Setting BCs for transport equation 'scalability85'
Setting BCs for transport equation 'scalability86'
Setting BCs for transport equation 'scalability87'
Setting BCs for transport equation 'scalability88'
Setting BCs for transport equation 'scalability89'
Setting BCs for transport equation 'scalability90'
Setting BCs for transport equation 'scalability91'
Setting BCs for transport equation 'scalability92'
Setting BCs for transport equation 'scalability93'
Setting BCs for transport equation 'scalability94'
Setting BCs for transport equation 'scalability95'
Setting BCs for transport equation 'scalability96'
Setting BCs for transport equation 'scalability97'
Setting BCs for transport equation 'scalability98'
Setting BCs for transport equation 'scalability99'
------------------------------------------------
Wasatch: done creating solution task(s)
Wasatch: done creating post-processing task(s)
Scheduling Task 'compute timestep' COMPUTES 'delT' in NEW data warehouse
Wasatch: done creating timestep task(s)
Done with taskgraph compile (0.0700143 seconds)

________________________________________________________________________________
--------------------------------------------------------------------------------
MPIStats:+
--------------------------------------------------------------------------------
                Name:       Total:         Avg:         Min:         Max:    Max rank: Hist %% [  Q1 |  Q2 |  Q3 |  Q4 ]:  %%Load Imbalance
         Count: Recv:          368         11.5            7           17           19            25.0  50.0   0.0  25.0    32.4
         Count: Redu:          256            8            8            8           11           100.0   0.0   0.0   0.0     0.0
         Count: Send:          368         11.5            7           17           21            25.0  50.0   0.0  25.0    32.4
         Count: Test:          334         10.4            6           18           31            25.0  40.6  25.0   9.4    42.0
         Count: Wait:          552         17.2            9           28           21            25.0  50.0   0.0  25.0    38.4
          Time: Recv:      2.86 ms    0.0895 ms    0.0201 ms       0.5 ms           15            87.5   9.4   0.0   3.1    82.1
          Time: Redu:     0.687 s       21.5 ms     0.543 ms        45 ms           31            50.0   9.4  15.6  25.0    52.3
          Time: Send:     0.104 s       3.24 ms     0.439 ms      6.86 ms           12            46.9   3.1  18.8  31.2    52.7
          Time: Test:      4.69 ms     0.146 ms    0.0278 ms     0.456 ms            8            59.4  12.5  15.6  12.5    67.9
          Time: Wait:     0.263 s       8.21 ms      2.18 ms      21.1 ms            1            50.0  21.9  18.8   9.4    61.1
Volume Recv TOTAL   :       109 MB      3.39 MB      2.57 MB      4.21 MB           18            25.0   0.0  50.0  25.0    19.3
Volume Recv0: <= 64B:           33         1.03            1            2            0            96.9   0.0   0.0   3.1    48.4
Volume Recv1: <= 4KB:          109         3.41            2            7            0            71.9   0.0  25.0   3.1    51.3
Volume Recv2: <= 2MB:          296         9.25            6           13           12            25.0  50.0   0.0  25.0    28.8
Volume Send TOTAL   :       109 MB       3.4 MB      2.57 MB      4.21 MB           12            25.0   0.0  50.0  25.0    19.3
Volume Send0: <= 64B:           64            2            2            2           24           100.0   0.0   0.0   0.0     0.0
Volume Send1: <= 4KB:          264         8.25            7           10           10            25.0  50.0   0.0  25.0    17.5
Volume Send2: <= 2MB:          296         9.25            6           13           18            25.0  50.0   0.0  25.0    28.8

Timestep 1       Time=1e-05       Next delT=1e-05       Wall Time=0.409515  EMA=0.225524    Memory Used=245.44 MBs (avg) 249.90 MBs (max on rank: 10    )
Runtime Summary  summary stats for time step 1 at time=1e-05
  Description       Units       Minimum           Rank   Average (32)      Std. Dev.         Maximum           Rank   100*(1-ave/max) '% load imbalance'
  Compilation       [seconds] : 0.0573377       : 31   : 0.0671195       : 0.00621491      : 0.0789111       : 11   : 14.9429
  TaskExec          [seconds] : 0.127104        : 10   : 0.139978        : 0.00909699      : 0.157294        : 30   : 11.0087
  TaskLocalComm     [seconds] : 0.00897236      : 25   : 0.0180368       : 0.00687175      : 0.0291528       : 12   : 38.1302
  TaskWaitCommTime  [seconds] : 0.00538833      : 15   : 0.0112841       : 0.00532536      : 0.0234237       : 1    : 51.8261
  NumberOfTasks     [tasks  ] : 6               : 0    : 6               : 0               : 6               : 0    : 0
  NumberOfPatches   [patches] : 1               : 0    : 1               : 0               : 1               : 0    : 0
  NumberOfCells     [cells  ] : 33792           : 10   : 34856.2         : 770.552         : 35937           : 0    : 3.00735
  SCIMemoryUsed     [MBytes ] : 2.4173e+08      : 1    : 2.45436e+08     : 2.74086e+06     : 2.49897e+08     : 10   : 1.78511
  SCIMemoryMaxUsed  [MBytes ] : 2.4173e+08      : 1    : 2.45436e+08     : 2.74086e+06     : 2.49897e+08     : 10   : 1.78511
  MemoryUsed        [MBytes ] : 8.47045e+08     : 2    : 8.58763e+08     : 6.54265e+06     : 8.75368e+08     : 0    : 1.897
  MemoryResident    [MBytes ] : 2.4173e+08      : 1    : 2.45436e+08     : 2.74086e+06     : 2.49897e+08     : 10   : 1.78511
  Percentage of time spent in overhead : 28.3901

________________________________________________________________________________
--------------------------------------------------------------------------------
MPIStats:+
--------------------------------------------------------------------------------
                Name:       Total:         Avg:         Min:         Max:    Max rank: Hist %% [  Q1 |  Q2 |  Q3 |  Q4 ]:  %%Load Imbalance
         Count: Recv:          368         11.5            7           17           19            25.0  50.0   0.0  25.0    32.4
         Count: Redu:          256            8            8            8           11           100.0   0.0   0.0   0.0     0.0
         Count: Send:          368         11.5            7           17           21            25.0  50.0   0.0  25.0    32.4
         Count: Test:          388         12.1            6           21           29            34.4  31.2  18.8  15.6    42.3
         Count: Wait:          552         17.2            9           28           21            25.0  50.0   0.0  25.0    38.4
          Time: Recv:      2.83 ms    0.0885 ms    0.0124 ms     0.286 ms           21            68.8   0.0  12.5  18.8    69.0
          Time: Redu:     0.509 s       15.9 ms     0.377 ms      30.6 ms           30            12.5  37.5  37.5  12.5    47.9
          Time: Send:      22.5 ms     0.704 ms     0.439 ms      1.01 ms           27            18.8  34.4  40.6   6.2    30.6
          Time: Test:      1.03 ms    0.0322 ms  3.75e+03 ns    0.0848 ms            2            25.0  62.5   9.4   3.1    62.0
          Time: Wait:        55 ms      1.72 ms      1.07 ms      3.37 ms            0            46.9  37.5  12.5   3.1    49.0
Volume Recv TOTAL   :       109 MB      3.39 MB      2.57 MB      4.21 MB           18            25.0   0.0  50.0  25.0    19.3
Volume Recv0: <= 64B:           33         1.03            1            2            0            96.9   0.0   0.0   3.1    48.4
Volume Recv1: <= 4KB:          109         3.41            2            7            0            71.9   0.0  25.0   3.1    51.3
Volume Recv2: <= 2MB:          296         9.25            6           13           12            25.0  50.0   0.0  25.0    28.8
Volume Send TOTAL   :       109 MB       3.4 MB      2.57 MB      4.21 MB           12            25.0   0.0  50.0  25.0    19.3
Volume Send0: <= 64B:           64            2            2            2           24           100.0   0.0   0.0   0.0     0.0
Volume Send1: <= 4KB:          264         8.25            7           10           10            25.0  50.0   0.0  25.0    17.5
Volume Send2: <= 2MB:          296         9.25            6           13           18            25.0  50.0   0.0  25.0    28.8

Timestep 2       Time=2e-05       Next delT=1e-05       Wall Time=0.526303  EMA=0.153034    Memory Used=245.99 MBs (avg) 250.34 MBs (max on rank: 13    )
Runtime Summary  summary stats for time step 2 at time=2e-05
  Description       Units       Minimum           Rank   Average (32)      Std. Dev.         Maximum           Rank   100*(1-ave/max) '% load imbalance'
  TaskExec          [seconds] : 0.0995992       : 10   : 0.105034        : 0.00326218      : 0.10957         : 30   : 4.14036
  TaskLocalComm     [seconds] : 0.00921268      : 25   : 0.0151005       : 0.00416658      : 0.0221127       : 13   : 31.7112
  TaskWaitCommTime  [seconds] : 0.00265327      : 7    : 0.00484342      : 0.00136158      : 0.00707624      : 10   : 31.5538
  NumberOfTasks     [tasks  ] : 6               : 0    : 6               : 0               : 6               : 0    : 0
  NumberOfPatches   [patches] : 1               : 0    : 1               : 0               : 1               : 0    : 0
  NumberOfCells     [cells  ] : 33792           : 10   : 34856.2         : 770.552         : 35937           : 0    : 3.00735
  SCIMemoryUsed     [MBytes ] : 2.42e+08        : 1    : 2.45985e+08     : 2.74436e+06     : 2.50339e+08     : 13   : 1.73921
  SCIMemoryMaxUsed  [MBytes ] : 2.42e+08        : 1    : 2.45985e+08     : 2.74436e+06     : 2.50339e+08     : 13   : 1.73921
  MemoryUsed        [MBytes ] : 8.4736e+08      : 2    : 8.59225e+08     : 6.4716e+06      : 8.75684e+08     : 0    : 1.87959
  MemoryResident    [MBytes ] : 2.42e+08        : 1    : 2.45985e+08     : 2.74436e+06     : 2.50339e+08     : 13   : 1.73921
  Percentage of time spent in overhead : 14.1949

________________________________________________________________________________
--------------------------------------------------------------------------------
MPIStats:+
--------------------------------------------------------------------------------
                Name:       Total:         Avg:         Min:         Max:    Max rank: Hist %% [  Q1 |  Q2 |  Q3 |  Q4 ]:  %%Load Imbalance
         Count: Recv:          368         11.5            7           17           19            25.0  50.0   0.0  25.0    32.4
         Count: Redu:          256            8            8            8           11           100.0   0.0   0.0   0.0     0.0
         Count: Send:          368         11.5            7           17           21            25.0  50.0   0.0  25.0    32.4
         Count: Test:          388         12.1            6           21           29            34.4  31.2  18.8  15.6    42.3
         Count: Wait:          552         17.2            9           28           21            25.0  50.0   0.0  25.0    38.4
          Time: Recv:      2.99 ms    0.0935 ms    0.0121 ms     0.376 ms           21            68.8   9.4  15.6   6.2    75.1
          Time: Redu:     0.542 s         17 ms     0.368 ms      33.2 ms           30            12.5  37.5  37.5  12.5    49.0
          Time: Send:      39.3 ms      1.23 ms     0.392 ms      1.87 ms           20            25.0  12.5  21.9  40.6    34.4
          Time: Test:     0.872 ms    0.0273 ms  3.47e+03 ns    0.0554 ms           23            18.8  34.4  34.4  12.5    50.8
          Time: Wait:      52.4 ms      1.64 ms     0.857 ms      3.14 ms            0            37.5  46.9  12.5   3.1    47.8
Volume Recv TOTAL   :       109 MB      3.39 MB      2.57 MB      4.21 MB           18            25.0   0.0  50.0  25.0    19.3
Volume Recv0: <= 64B:           33         1.03            1            2            0            96.9   0.0   0.0   3.1    48.4
Volume Recv1: <= 4KB:          109         3.41            2            7            0            71.9   0.0  25.0   3.1    51.3
Volume Recv2: <= 2MB:          296         9.25            6           13           12            25.0  50.0   0.0  25.0    28.8
Volume Send TOTAL   :       109 MB       3.4 MB      2.57 MB      4.21 MB           12            25.0   0.0  50.0  25.0    19.3
Volume Send0: <= 64B:           64            2            2            2           24           100.0   0.0   0.0   0.0     0.0
Volume Send1: <= 4KB:          264         8.25            7           10           10            25.0  50.0   0.0  25.0    17.5
Volume Send2: <= 2MB:          296         9.25            6           13           18            25.0  50.0   0.0  25.0    28.8

Timestep 3       Time=3e-05       Next delT=1e-05       Wall Time=0.64513   EMA=0.13593     Memory Used=247.02 MBs (avg) 251.85 MBs (max on rank: 10    )
Runtime Summary  summary stats for time step 3 at time=3e-05
  Description       Units       Minimum           Rank   Average (32)      Std. Dev.         Maximum           Rank   100*(1-ave/max) '% load imbalance'
  TaskExec          [seconds] : 0.101171        : 10   : 0.10695         : 0.00336237      : 0.111785        : 31   : 4.32502
  TaskLocalComm     [seconds] : 0.00931344      : 25   : 0.0159955       : 0.00446117      : 0.0236121       : 12   : 32.2572
  TaskWaitCommTime  [seconds] : 0.002653        : 30   : 0.00484206      : 0.00132243      : 0.00718917      : 10   : 32.6479
  NumberOfTasks     [tasks  ] : 6               : 0    : 6               : 0               : 6               : 0    : 0
  NumberOfPatches   [patches] : 1               : 0    : 1               : 0               : 1               : 0    : 0
  NumberOfCells     [cells  ] : 33792           : 10   : 34856.2         : 770.552         : 35937           : 0    : 3.00735
  SCIMemoryUsed     [MBytes ] : 2.42811e+08     : 1    : 2.47018e+08     : 2.97719e+06     : 2.51851e+08     : 10   : 1.9188
  SCIMemoryMaxUsed  [MBytes ] : 2.42811e+08     : 1    : 2.47018e+08     : 2.97719e+06     : 2.51851e+08     : 10   : 1.9188
  MemoryUsed        [MBytes ] : 8.47987e+08     : 2    : 8.60167e+08     : 6.56006e+06     : 8.76311e+08     : 0    : 1.84217
  MemoryResident    [MBytes ] : 2.42811e+08     : 1    : 2.47018e+08     : 2.97719e+06     : 2.51851e+08     : 10   : 1.9188
  Percentage of time spent in overhead : 9.46263

________________________________________________________________________________
--------------------------------------------------------------------------------
MPIStats:+
--------------------------------------------------------------------------------
                Name:       Total:         Avg:         Min:         Max:    Max rank: Hist %% [  Q1 |  Q2 |  Q3 |  Q4 ]:  %%Load Imbalance
         Count: Recv:          368         11.5            7           17           19            25.0  50.0   0.0  25.0    32.4
         Count: Redu:          256            8            8            8           11           100.0   0.0   0.0   0.0     0.0
         Count: Send:          368         11.5            7           17           21            25.0  50.0   0.0  25.0    32.4
         Count: Test:          387         12.1            6           21           29            31.2  31.2  21.9  15.6    42.4
         Count: Wait:          552         17.2            9           28           21            25.0  50.0   0.0  25.0    38.4
          Time: Recv:      2.86 ms    0.0895 ms    0.0118 ms     0.348 ms           20            68.8  12.5   9.4   9.4    74.2
          Time: Redu:     0.543 s         17 ms     0.355 ms      32.6 ms           25            12.5  37.5  37.5  12.5    47.9
          Time: Send:      17.5 ms     0.548 ms     0.308 ms     0.968 ms           11            34.4  37.5  25.0   3.1    43.4
          Time: Test:     0.941 ms    0.0294 ms  3.56e+03 ns    0.0666 ms           22            18.8  56.2  12.5  12.5    55.9
          Time: Wait:      50.3 ms      1.57 ms     0.862 ms      2.72 ms            0            34.4  34.4  21.9   9.4    42.2
Volume Recv TOTAL   :       109 MB      3.39 MB      2.57 MB      4.21 MB           18            25.0   0.0  50.0  25.0    19.3
Volume Recv0: <= 64B:           33         1.03            1            2            0            96.9   0.0   0.0   3.1    48.4
Volume Recv1: <= 4KB:          109         3.41            2            7            0            71.9   0.0  25.0   3.1    51.3
Volume Recv2: <= 2MB:          296         9.25            6           13           12            25.0  50.0   0.0  25.0    28.8
Volume Send TOTAL   :       109 MB       3.4 MB      2.57 MB      4.21 MB           12            25.0   0.0  50.0  25.0    19.3
Volume Send0: <= 64B:           64            2            2            2           24           100.0   0.0   0.0   0.0     0.0
Volume Send1: <= 4KB:          264         8.25            7           10           10            25.0  50.0   0.0  25.0    17.5
Volume Send2: <= 2MB:          296         9.25            6           13           18            25.0  50.0   0.0  25.0    28.8

Timestep 4       Time=4e-05       Next delT=1e-05       Wall Time=0.76413   EMA=0.129158    Memory Used=247.69 MBs (avg) 253.26 MBs (max on rank: 10    )
Runtime Summary  summary stats for time step 4 at time=4e-05
  Description       Units       Minimum           Rank   Average (32)      Std. Dev.         Maximum           Rank   100*(1-ave/max) '% load imbalance'
  TaskExec          [seconds] : 0.100652        : 11   : 0.106409        : 0.00348435      : 0.111441        : 31   : 4.51509
  TaskLocalComm     [seconds] : 0.00930517      : 25   : 0.0156197       : 0.00437713      : 0.0230451       : 13   : 32.2214
  TaskWaitCommTime  [seconds] : 0.00258713      : 31   : 0.00487406      : 0.00141784      : 0.00730288      : 10   : 33.2584
  NumberOfTasks     [tasks  ] : 6               : 0    : 6               : 0               : 6               : 0    : 0
  NumberOfPatches   [patches] : 1               : 0    : 1               : 0               : 1               : 0    : 0
  NumberOfCells     [cells  ] : 33792           : 10   : 34856.2         : 770.552         : 35937           : 0    : 3.00735
  SCIMemoryUsed     [MBytes ] : 2.43331e+08     : 6    : 2.47691e+08     : 3.31151e+06     : 2.53264e+08     : 10   : 2.20057
  SCIMemoryMaxUsed  [MBytes ] : 2.43331e+08     : 6    : 2.47691e+08     : 3.31151e+06     : 2.53264e+08     : 10   : 2.20057
  MemoryUsed        [MBytes ] : 8.48933e+08     : 2    : 8.60787e+08     : 6.58112e+06     : 8.76626e+08     : 0    : 1.80686
  MemoryResident    [MBytes ] : 2.43331e+08     : 6    : 2.47691e+08     : 3.31151e+06     : 2.53264e+08     : 10   : 2.20057
  Percentage of time spent in overhead : 7.09553

________________________________________________________________________________
--------------------------------------------------------------------------------
MPIStats:+
--------------------------------------------------------------------------------
                Name:       Total:         Avg:         Min:         Max:    Max rank: Hist %% [  Q1 |  Q2 |  Q3 |  Q4 ]:  %%Load Imbalance
         Count: Recv:          368         11.5            7           17           19            25.0  50.0   0.0  25.0    32.4
         Count: Redu:          256            8            8            8           11           100.0   0.0   0.0   0.0     0.0
         Count: Send:          368         11.5            7           17           21            25.0  50.0   0.0  25.0    32.4
         Count: Test:          387         12.1            6           21           29            31.2  31.2  21.9  15.6    42.4
         Count: Wait:          552         17.2            9           28           21            25.0  50.0   0.0  25.0    38.4
          Time: Recv:      2.83 ms    0.0883 ms    0.0111 ms     0.311 ms           19            68.8   6.2  12.5  12.5    71.6
          Time: Redu:     0.533 s       16.7 ms      0.33 ms      31.6 ms           25            12.5  37.5  31.2  18.8    47.2
          Time: Send:      17.9 ms     0.559 ms     0.237 ms     0.902 ms           11            15.6  40.6  21.9  21.9    38.1
          Time: Test:     0.926 ms    0.0289 ms  3.44e+03 ns    0.0738 ms            6            21.9  53.1  18.8   6.2    60.8
          Time: Wait:      48.7 ms      1.52 ms     0.857 ms      2.69 ms            0            34.4  37.5  25.0   3.1    43.4
Volume Recv TOTAL   :       109 MB      3.39 MB      2.57 MB      4.21 MB           18            25.0   0.0  50.0  25.0    19.3
Volume Recv0: <= 64B:           33         1.03            1            2            0            96.9   0.0   0.0   3.1    48.4
Volume Recv1: <= 4KB:          109         3.41            2            7            0            71.9   0.0  25.0   3.1    51.3
Volume Recv2: <= 2MB:          296         9.25            6           13           12            25.0  50.0   0.0  25.0    28.8
Volume Send TOTAL   :       109 MB       3.4 MB      2.57 MB      4.21 MB           12            25.0   0.0  50.0  25.0    19.3
Volume Send0: <= 64B:           64            2            2            2           24           100.0   0.0   0.0   0.0     0.0
Volume Send1: <= 4KB:          264         8.25            7           10           10            25.0  50.0   0.0  25.0    17.5
Volume Send2: <= 2MB:          296         9.25            6           13           18            25.0  50.0   0.0  25.0    28.8

Timestep 5       Time=5e-05       Next delT=1e-05       Wall Time=0.882552  EMA=0.125579    Memory Used=248.11 MBs (avg) 253.80 MBs (max on rank: 10    )
Runtime Summary  summary stats for time step 5 at time=5e-05
  Description       Units       Minimum           Rank   Average (32)      Std. Dev.         Maximum           Rank   100*(1-ave/max) '% load imbalance'
  TaskExec          [seconds] : 0.100353        : 13   : 0.106109        : 0.00346338      : 0.111019        : 25   : 4.42318
  TaskLocalComm     [seconds] : 0.00968655      : 25   : 0.0156438       : 0.0043286       : 0.0230993       : 11   : 32.2759
  TaskWaitCommTime  [seconds] : 0.00253978      : 31   : 0.00481364      : 0.00140416      : 0.00718878      : 10   : 33.0396
  NumberOfTasks     [tasks  ] : 6               : 0    : 6               : 0               : 6               : 0    : 0
  NumberOfPatches   [patches] : 1               : 0    : 1               : 0               : 1               : 0    : 0
  NumberOfCells     [cells  ] : 33792           : 10   : 34856.2         : 770.552         : 35937           : 0    : 3.00735
  SCIMemoryUsed     [MBytes ] : 2.43331e+08     : 6    : 2.48113e+08     : 3.23813e+06     : 2.53805e+08     : 10   : 2.24243
  SCIMemoryMaxUsed  [MBytes ] : 2.43331e+08     : 6    : 2.48113e+08     : 3.23813e+06     : 2.53805e+08     : 10   : 2.24243
  MemoryUsed        [MBytes ] : 8.48933e+08     : 2    : 8.6114e+08      : 6.48236e+06     : 8.77253e+08     : 0    : 1.83667
  MemoryResident    [MBytes ] : 2.43331e+08     : 6    : 2.48113e+08     : 3.23813e+06     : 2.53805e+08     : 10   : 2.24243
  Percentage of time spent in overhead : 5.67412

________________________________________________________________________________
--------------------------------------------------------------------------------
MPIStats:+
--------------------------------------------------------------------------------
                Name:       Total:         Avg:         Min:         Max:    Max rank: Hist %% [  Q1 |  Q2 |  Q3 |  Q4 ]:  %%Load Imbalance
         Count: Recv:          368         11.5            7           17           19            25.0  50.0   0.0  25.0    32.4
         Count: Redu:          256            8            8            8           11           100.0   0.0   0.0   0.0     0.0
         Count: Send:          368         11.5            7           17           21            25.0  50.0   0.0  25.0    32.4
         Count: Test:          386         12.1            6           21           29            34.4  31.2  18.8  15.6    42.6
         Count: Wait:          552         17.2            9           28           21            25.0  50.0   0.0  25.0    38.4
          Time: Recv:      3.45 ms     0.108 ms  9.99e+03 ns     0.616 ms           22            71.9  21.9   3.1   3.1    82.5
          Time: Redu:      0.53 s       16.6 ms      0.35 ms      32.4 ms           30            12.5  37.5  37.5  12.5    48.9
          Time: Send:      30.2 ms     0.945 ms     0.171 ms      1.64 ms            1            31.2  21.9   6.2  40.6    42.3
          Time: Test:     0.954 ms    0.0298 ms  3.23e+03 ns    0.0538 ms           30            18.8  15.6  43.8  21.9    44.6
          Time: Wait:      48.3 ms      1.51 ms     0.863 ms      3.07 ms            0            40.6  46.9   9.4   3.1    50.8
Volume Recv TOTAL   :       109 MB      3.39 MB      2.57 MB      4.21 MB           18            25.0   0.0  50.0  25.0    19.3
Volume Recv0: <= 64B:           33         1.03            1            2            0            96.9   0.0   0.0   3.1    48.4
Volume Recv1: <= 4KB:          109         3.41            2            7            0            71.9   0.0  25.0   3.1    51.3
Volume Recv2: <= 2MB:          296         9.25            6           13           12            25.0  50.0   0.0  25.0    28.8
Volume Send TOTAL   :       109 MB       3.4 MB      2.57 MB      4.21 MB           12            25.0   0.0  50.0  25.0    19.3
Volume Send0: <= 64B:           64            2            2            2           24           100.0   0.0   0.0   0.0     0.0
Volume Send1: <= 4KB:          264         8.25            7           10           10            25.0  50.0   0.0  25.0    17.5
Volume Send2: <= 2MB:          296         9.25            6           13           18            25.0  50.0   0.0  25.0    28.8

Timestep 6       Time=6e-05       Next delT=1e-05       Wall Time=1.00137   EMA=0.123646    Memory Used=248.52 MBs (avg) 254.74 MBs (max on rank: 19    )
Runtime Summary  summary stats for time step 6 at time=6e-05
  Description       Units       Minimum           Rank   Average (32)      Std. Dev.         Maximum           Rank   100*(1-ave/max) '% load imbalance'
  TaskExec          [seconds] : 0.100373        : 13   : 0.106206        : 0.00360649      : 0.111329        : 25   : 4.60182
  TaskLocalComm     [seconds] : 0.0096431       : 30   : 0.0161509       : 0.00458803      : 0.0235869       : 11   : 31.5261
  TaskWaitCommTime  [seconds] : 0.00257587      : 31   : 0.00480399      : 0.00146361      : 0.0072722       : 10   : 33.9403
  NumberOfTasks     [tasks  ] : 6               : 0    : 6               : 0               : 6               : 0    : 0
  NumberOfPatches   [patches] : 1               : 0    : 1               : 0               : 1               : 0    : 0
  NumberOfCells     [cells  ] : 33792           : 10   : 34856.2         : 770.552         : 35937           : 0    : 3.00735
  SCIMemoryUsed     [MBytes ] : 2.43601e+08     : 6    : 2.48517e+08     : 3.44048e+06     : 2.54738e+08     : 19   : 2.44213
  SCIMemoryMaxUsed  [MBytes ] : 2.43601e+08     : 6    : 2.48517e+08     : 3.44048e+06     : 2.54738e+08     : 19   : 2.44213
  MemoryUsed        [MBytes ] : 8.48933e+08     : 2    : 8.61465e+08     : 6.64562e+06     : 8.77568e+08     : 0    : 1.83501
  MemoryResident    [MBytes ] : 2.43601e+08     : 6    : 2.48517e+08     : 3.44048e+06     : 2.54738e+08     : 19   : 2.44213
  Percentage of time spent in overhead : 4.72521

________________________________________________________________________________
--------------------------------------------------------------------------------
MPIStats:+
--------------------------------------------------------------------------------
                Name:       Total:         Avg:         Min:         Max:    Max rank: Hist %% [  Q1 |  Q2 |  Q3 |  Q4 ]:  %%Load Imbalance
         Count: Recv:          368         11.5            7           17           19            25.0  50.0   0.0  25.0    32.4
         Count: Redu:          256            8            8            8           11           100.0   0.0   0.0   0.0     0.0
         Count: Send:          368         11.5            7           17           21            25.0  50.0   0.0  25.0    32.4
         Count: Test:          386         12.1            6           21           29            31.2  34.4  18.8  15.6    42.6
         Count: Wait:          552         17.2            9           28           21            25.0  50.0   0.0  25.0    38.4
          Time: Recv:      2.96 ms    0.0924 ms     0.012 ms     0.354 ms           18            68.8  12.5   9.4   9.4    73.9
          Time: Redu:     0.537 s       16.8 ms     0.358 ms      31.9 ms           25            12.5  37.5  28.1  21.9    47.4
          Time: Send:      16.4 ms     0.513 ms     0.174 ms     0.952 ms           14            18.8  43.8  31.2   6.2    46.1
          Time: Test:     0.873 ms    0.0273 ms  3.49e+03 ns    0.0653 ms            6            18.8  53.1  21.9   6.2    58.2
          Time: Wait:      48.5 ms      1.51 ms     0.803 ms      2.47 ms            0            31.2  37.5  21.9   9.4    38.7
Volume Recv TOTAL   :       109 MB      3.39 MB      2.57 MB      4.21 MB           18            25.0   0.0  50.0  25.0    19.3
Volume Recv0: <= 64B:           33         1.03            1            2            0            96.9   0.0   0.0   3.1    48.4
Volume Recv1: <= 4KB:          109         3.41            2            7            0            71.9   0.0  25.0   3.1    51.3
Volume Recv2: <= 2MB:          296         9.25            6           13           12            25.0  50.0   0.0  25.0    28.8
Volume Send TOTAL   :       109 MB       3.4 MB      2.57 MB      4.21 MB           12            25.0   0.0  50.0  25.0    19.3
Volume Send0: <= 64B:           64            2            2            2           24           100.0   0.0   0.0   0.0     0.0
Volume Send1: <= 4KB:          264         8.25            7           10           10            25.0  50.0   0.0  25.0    17.5
Volume Send2: <= 2MB:          296         9.25            6           13           18            25.0  50.0   0.0  25.0    28.8

Timestep 7       Time=7e-05       Next delT=1e-05       Wall Time=1.11998   EMA=0.122389    Memory Used=248.67 MBs (avg) 255.04 MBs (max on rank: 19    )
Runtime Summary  summary stats for time step 7 at time=7e-05
  Description       Units       Minimum           Rank   Average (32)      Std. Dev.         Maximum           Rank   100*(1-ave/max) '% load imbalance'
  TaskExec          [seconds] : 0.10028         : 11   : 0.106209        : 0.00356988      : 0.111279        : 31   : 4.55689
  TaskLocalComm     [seconds] : 0.00971754      : 25   : 0.0156894       : 0.00430511      : 0.0230479       : 13   : 31.9269
  TaskWaitCommTime  [seconds] : 0.00246291      : 31   : 0.00482266      : 0.00146975      : 0.00718245      : 11   : 32.8549
  NumberOfTasks     [tasks  ] : 6               : 0    : 6               : 0               : 6               : 0    : 0
  NumberOfPatches   [patches] : 1               : 0    : 1               : 0               : 1               : 0    : 0
  NumberOfCells     [cells  ] : 33792           : 10   : 34856.2         : 770.552         : 35937           : 0    : 3.00735
  SCIMemoryUsed     [MBytes ] : 2.43601e+08     : 6    : 2.48672e+08     : 3.43105e+06     : 2.55037e+08     : 19   : 2.49573
  SCIMemoryMaxUsed  [MBytes ] : 2.43601e+08     : 6    : 2.48672e+08     : 3.43105e+06     : 2.55037e+08     : 19   : 2.49573
  MemoryUsed        [MBytes ] : 8.48933e+08     : 2    : 8.616e+08       : 6.80599e+06     : 8.77883e+08     : 0    : 1.85486
  MemoryResident    [MBytes ] : 2.43601e+08     : 6    : 2.48672e+08     : 3.43105e+06     : 2.55037e+08     : 19   : 2.49573
  Percentage of time spent in overhead : 4.04603

________________________________________________________________________________
--------------------------------------------------------------------------------
MPIStats:+
--------------------------------------------------------------------------------
                Name:       Total:         Avg:         Min:         Max:    Max rank: Hist %% [  Q1 |  Q2 |  Q3 |  Q4 ]:  %%Load Imbalance
         Count: Recv:          368         11.5            7           17           19            25.0  50.0   0.0  25.0    32.4
         Count: Redu:          256            8            8            8           11           100.0   0.0   0.0   0.0     0.0
         Count: Send:          368         11.5            7           17           21            25.0  50.0   0.0  25.0    32.4
         Count: Test:          385           12            6           21           29            31.2  34.4  18.8  15.6    42.7
         Count: Wait:          552         17.2            9           28           21            25.0  50.0   0.0  25.0    38.4
          Time: Recv:      2.81 ms    0.0879 ms  9.41e+03 ns     0.331 ms           21            68.8   0.0  25.0   6.2    73.5
          Time: Redu:     0.541 s       16.9 ms      0.34 ms      32.5 ms           30            12.5  37.5  37.5  12.5    47.9
          Time: Send:      15.9 ms     0.496 ms     0.186 ms     0.885 ms           11            25.0  31.2  34.4   9.4    44.0
          Time: Test:      0.81 ms    0.0253 ms  3.48e+03 ns    0.0438 ms            6            18.8  12.5  50.0  18.8    42.1
          Time: Wait:      48.4 ms      1.51 ms     0.875 ms      2.72 ms            0            37.5  40.6  18.8   3.1    44.4
Volume Recv TOTAL   :       109 MB      3.39 MB      2.57 MB      4.21 MB           18            25.0   0.0  50.0  25.0    19.3
Volume Recv0: <= 64B:           33         1.03            1            2            0            96.9   0.0   0.0   3.1    48.4
Volume Recv1: <= 4KB:          109         3.41            2            7            0            71.9   0.0  25.0   3.1    51.3
Volume Recv2: <= 2MB:          296         9.25            6           13           12            25.0  50.0   0.0  25.0    28.8
Volume Send TOTAL   :       109 MB       3.4 MB      2.57 MB      4.21 MB           12            25.0   0.0  50.0  25.0    19.3
Volume Send0: <= 64B:           64            2            2            2           24           100.0   0.0   0.0   0.0     0.0
Volume Send1: <= 4KB:          264         8.25            7           10           10            25.0  50.0   0.0  25.0    17.5
Volume Send2: <= 2MB:          296         9.25            6           13           18            25.0  50.0   0.0  25.0    28.8

Timestep 8       Time=8e-05       Next delT=1e-05       Wall Time=1.23872   EMA=0.121577    Memory Used=248.44 MBs (avg) 255.04 MBs (max on rank: 19    )
Runtime Summary  summary stats for time step 8 at time=8e-05
  Description       Units       Minimum           Rank   Average (32)      Std. Dev.         Maximum           Rank   100*(1-ave/max) '% load imbalance'
  TaskExec          [seconds] : 0.100218        : 10   : 0.106141        : 0.00353839      : 0.111136        : 25   : 4.49395
  TaskLocalComm     [seconds] : 0.00951133      : 25   : 0.0156885       : 0.00442386      : 0.0234207       : 11   : 33.0142
  TaskWaitCommTime  [seconds] : 0.00260574      : 31   : 0.00486727      : 0.00141713      : 0.00722479      : 10   : 32.6309
  NumberOfTasks     [tasks  ] : 6               : 0    : 6               : 0               : 6               : 0    : 0
  NumberOfPatches   [patches] : 1               : 0    : 1               : 0               : 1               : 0    : 0
  NumberOfCells     [cells  ] : 33792           : 10   : 34856.2         : 770.552         : 35937           : 0    : 3.00735
  SCIMemoryUsed     [MBytes ] : 2.43872e+08     : 6    : 2.48436e+08     : 3.48198e+06     : 2.55037e+08     : 19   : 2.58843
  SCIMemoryMaxUsed  [MBytes ] : 2.43872e+08     : 6    : 2.48436e+08     : 3.48198e+06     : 2.55037e+08     : 19   : 2.58843
  MemoryUsed        [MBytes ] : 8.48228e+08     : 15   : 8.61305e+08     : 6.58971e+06     : 8.75368e+08     : 0    : 1.60656
  MemoryResident    [MBytes ] : 2.43872e+08     : 6    : 2.48436e+08     : 3.48198e+06     : 2.55037e+08     : 19   : 2.58843
  Percentage of time spent in overhead : 3.53516

________________________________________________________________________________
--------------------------------------------------------------------------------
MPIStats:+
--------------------------------------------------------------------------------
                Name:       Total:         Avg:         Min:         Max:    Max rank: Hist %% [  Q1 |  Q2 |  Q3 |  Q4 ]:  %%Load Imbalance
         Count: Recv:          368         11.5            7           17           19            25.0  50.0   0.0  25.0    32.4
         Count: Redu:          256            8            8            8           11           100.0   0.0   0.0   0.0     0.0
         Count: Send:          368         11.5            7           17           21            25.0  50.0   0.0  25.0    32.4
         Count: Test:          389         12.2            6           21           29            31.2  31.2  21.9  15.6    42.1
         Count: Wait:          552         17.2            9           28           21            25.0  50.0   0.0  25.0    38.4
          Time: Recv:      2.88 ms    0.0901 ms    0.0117 ms     0.314 ms           19            68.8   6.2  12.5  12.5    71.3
          Time: Redu:     0.557 s       17.4 ms     0.336 ms        33 ms           25            12.5  31.2  37.5  18.8    47.2
          Time: Send:      20.9 ms     0.653 ms    0.0728 ms      2.02 ms           11            62.5  21.9   9.4   6.2    67.7
          Time: Test:     0.877 ms    0.0274 ms  3.12e+03 ns    0.0614 ms            7            21.9  43.8  21.9  12.5    55.4
          Time: Wait:      49.7 ms      1.55 ms     0.853 ms      4.17 ms            0            68.8  25.0   3.1   3.1    62.7
Volume Recv TOTAL   :       109 MB      3.39 MB      2.57 MB      4.21 MB           18            25.0   0.0  50.0  25.0    19.3
Volume Recv0: <= 64B:           33         1.03            1            2            0            96.9   0.0   0.0   3.1    48.4
Volume Recv1: <= 4KB:          109         3.41            2            7            0            71.9   0.0  25.0   3.1    51.3
Volume Recv2: <= 2MB:          296         9.25            6           13           12            25.0  50.0   0.0  25.0    28.8
Volume Send TOTAL   :       109 MB       3.4 MB      2.57 MB      4.21 MB           12            25.0   0.0  50.0  25.0    19.3
Volume Send0: <= 64B:           64            2            2            2           24           100.0   0.0   0.0   0.0     0.0
Volume Send1: <= 4KB:          264         8.25            7           10           10            25.0  50.0   0.0  25.0    17.5
Volume Send2: <= 2MB:          296         9.25            6           13           18            25.0  50.0   0.0  25.0    28.8

Timestep 9       Time=9e-05       Next delT=1e-05       Wall Time=1.35818   EMA=0.121154    Memory Used=248.79 MBs (avg) 255.43 MBs (max on rank: 10    )
Runtime Summary  summary stats for time step 9 at time=9e-05
  Description       Units       Minimum           Rank   Average (32)      Std. Dev.         Maximum           Rank   100*(1-ave/max) '% load imbalance'
  TaskExec          [seconds] : 0.100974        : 11   : 0.106963        : 0.00348193      : 0.112044        : 25   : 4.53427
  TaskLocalComm     [seconds] : 0.00956868      : 25   : 0.0158606       : 0.00461994      : 0.0250727       : 11   : 36.7418
  TaskWaitCommTime  [seconds] : 0.0025305       : 25   : 0.00490667      : 0.00139081      : 0.00716859      : 10   : 31.5531
  NumberOfTasks     [tasks  ] : 6               : 0    : 6               : 0               : 6               : 0    : 0
  NumberOfPatches   [patches] : 1               : 0    : 1               : 0               : 1               : 0    : 0
  NumberOfCells     [cells  ] : 33792           : 10   : 34856.2         : 770.552         : 35937           : 0    : 3.00735
  SCIMemoryUsed     [MBytes ] : 2.4225e+08      : 1    : 2.48791e+08     : 3.7154e+06      : 2.55427e+08     : 10   : 2.59802
  SCIMemoryMaxUsed  [MBytes ] : 2.4225e+08      : 1    : 2.48791e+08     : 3.7154e+06      : 2.55427e+08     : 10   : 2.59802
  MemoryUsed        [MBytes ] : 8.49248e+08     : 2    : 8.61655e+08     : 6.42432e+06     : 8.76941e+08     : 0    : 1.74319
  MemoryResident    [MBytes ] : 2.4225e+08      : 1    : 2.48791e+08     : 3.7154e+06      : 2.55427e+08     : 10   : 2.59802
  Percentage of time spent in overhead : 3.13628

________________________________________________________________________________
--------------------------------------------------------------------------------
MPIStats:+
--------------------------------------------------------------------------------
                Name:       Total:         Avg:         Min:         Max:    Max rank: Hist %% [  Q1 |  Q2 |  Q3 |  Q4 ]:  %%Load Imbalance
         Count: Recv:          368         11.5            7           17           19            25.0  50.0   0.0  25.0    32.4
         Count: Redu:          256            8            8            8           11           100.0   0.0   0.0   0.0     0.0
         Count: Send:          368         11.5            7           17           21            25.0  50.0   0.0  25.0    32.4
         Count: Test:          386         12.1            6           21           29            34.4  31.2  18.8  15.6    42.6
         Count: Wait:          552         17.2            9           28           21            25.0  50.0   0.0  25.0    38.4
          Time: Recv:      3.21 ms       0.1 ms    0.0123 ms     0.356 ms           19            68.8   3.1  15.6  12.5    71.8
          Time: Redu:     0.531 s       16.6 ms     0.343 ms      32.2 ms           25            12.5  37.5  37.5  12.5    48.5
          Time: Send:      17.6 ms     0.551 ms     0.174 ms      1.67 ms           20            56.2  40.6   0.0   3.1    67.0
          Time: Test:     0.938 ms    0.0293 ms  3.18e+03 ns    0.0688 ms            6            21.9  53.1  15.6   9.4    57.4
          Time: Wait:      47.4 ms      1.48 ms     0.846 ms      2.68 ms            0            37.5  46.9  12.5   3.1    44.7
Volume Recv TOTAL   :       109 MB      3.39 MB      2.57 MB      4.21 MB           18            25.0   0.0  50.0  25.0    19.3
Volume Recv0: <= 64B:           33         1.03            1            2            0            96.9   0.0   0.0   3.1    48.4
Volume Recv1: <= 4KB:          109         3.41            2            7            0            71.9   0.0  25.0   3.1    51.3
Volume Recv2: <= 2MB:          296         9.25            6           13           12            25.0  50.0   0.0  25.0    28.8
Volume Send TOTAL   :       109 MB       3.4 MB      2.57 MB      4.21 MB           12            25.0   0.0  50.0  25.0    19.3
Volume Send0: <= 64B:           64            2            2            2           24           100.0   0.0   0.0   0.0     0.0
Volume Send1: <= 4KB:          264         8.25            7           10           10            25.0  50.0   0.0  25.0    17.5
Volume Send2: <= 2MB:          296         9.25            6           13           18            25.0  50.0   0.0  25.0    28.8

Timestep 10      Time=0.0001      Next delT=1e-05       Wall Time=1.47662   EMA=0.12066     Memory Used=249.07 MBs (avg) 255.43 MBs (max on rank: 10    )
Runtime Summary  summary stats for time step 10 at time=0.0001
  Description       Units       Minimum           Rank   Average (32)      Std. Dev.         Maximum           Rank   100*(1-ave/max) '% load imbalance'
  TaskExec          [seconds] : 0.0998662       : 10   : 0.10583         : 0.00356178      : 0.11084         : 25   : 4.52061
  TaskLocalComm     [seconds] : 0.00953088      : 25   : 0.0157836       : 0.00453564      : 0.0233705       : 20   : 32.4633
  TaskWaitCommTime  [seconds] : 0.00257292      : 31   : 0.00483142      : 0.00140632      : 0.00721954      : 12   : 33.0785
  NumberOfTasks     [tasks  ] : 6               : 0    : 6               : 0               : 6               : 0    : 0
  NumberOfPatches   [patches] : 1               : 0    : 1               : 0               : 1               : 0    : 0
  NumberOfCells     [cells  ] : 33792           : 10   : 34856.2         : 770.552         : 35937           : 0    : 3.00735
  SCIMemoryUsed     [MBytes ] : 2.44138e+08     : 1    : 2.49069e+08     : 3.52023e+06     : 2.55427e+08     : 10   : 2.48903
  SCIMemoryMaxUsed  [MBytes ] : 2.44138e+08     : 1    : 2.49069e+08     : 3.52023e+06     : 2.55427e+08     : 10   : 2.48903
  MemoryUsed        [MBytes ] : 8.49248e+08     : 2    : 8.61929e+08     : 6.55589e+06     : 8.77568e+08     : 0    : 1.78207
  MemoryResident    [MBytes ] : 2.44138e+08     : 1    : 2.49069e+08     : 3.52023e+06     : 2.55427e+08     : 10   : 2.48903
  Percentage of time spent in overhead : 2.81558
Sus: going down successfully
