Parallel: 64 MPI processes (using MPI)
Parallel: MPI Level Required: 0, provided: 0
Date:       Thu Aug 25 11:03:53 2022
Machine:    ash255
git branch:wasatch-low-cost-integ-cmake
git date:   Sat Jul 30 10:34:22 2022 -0600
git hash:   9315f9f96fa6304db4fe79378b145f37ea40016d
Assertion level: 0
CFLAGS:          
CXXFLAGS:        
______________________________________________________________________
Application Component: 	'wasatch'

-------------------------------------------------------------
Wasatch was built against:
  SpatialOps HASH: bd7a2bac76e42e2cb528b02e2cf1291d05c71926
             DATE: Fri Nov 12 11:34:54 2021 -0700
     ExprLib HASH: d2950c77edb22e5f3669ddaaf2d2ed29ceb24d2c
             DATE: Thu Aug 5 12:26:26 2021 -0600
    TabProps HASH: eca0dc5f26b20d4f6b1cebe51b1ae97e11871e83
             DATE: Wed Aug 11 20:11:26 2021 -0600
-------------------------------------------------------------

Linear Solver: 		hypre
Load Balancer: 		Simple
Scheduler: 		MPI
Patch layout: 		(4,4,4)
Grid statistics:
Number of levels:		1
Level 0:
  Periodic boundaries:		[int 1, 1, 1]
  Number of patches:		64
  Total number of cells:	2097152 (32768 avg. per patch)
Total patches in grid:		64
Total cells in grid:		2097152 (32768 avg. per patch)

Using small, individual MPI messages (no message combining)
Detected solver: hypre
SETTING UP CONVECTIVE FLUX EXPRESSION IN X DIRECTION USING CENTRAL
SETTING UP CONVECTIVE FLUX EXPRESSION IN Y DIRECTION USING CENTRAL
SETTING UP CONVECTIVE FLUX EXPRESSION IN Z DIRECTION USING CENTRAL
Setting initial conditions for scalability test equation: scalability0
SETTING UP CONVECTIVE FLUX EXPRESSION IN X DIRECTION USING CENTRAL
SETTING UP CONVECTIVE FLUX EXPRESSION IN Y DIRECTION USING CENTRAL
SETTING UP CONVECTIVE FLUX EXPRESSION IN Z DIRECTION USING CENTRAL
Setting initial conditions for scalability test equation: scalability1
SETTING UP CONVECTIVE FLUX EXPRESSION IN X DIRECTION USING CENTRAL
SETTING UP CONVECTIVE FLUX EXPRESSION IN Y DIRECTION USING CENTRAL
SETTING UP CONVECTIVE FLUX EXPRESSION IN Z DIRECTION USING CENTRAL
Setting initial conditions for scalability test equation: scalability2
SETTING UP CONVECTIVE FLUX EXPRESSION IN X DIRECTION USING CENTRAL
SETTING UP CONVECTIVE FLUX EXPRESSION IN Y DIRECTION USING CENTRAL
SETTING UP CONVECTIVE FLUX EXPRESSION IN Z DIRECTION USING CENTRAL
Setting initial conditions for scalability test equation: scalability3
SETTING UP CONVECTIVE FLUX EXPRESSION IN X DIRECTION USING CENTRAL
SETTING UP CONVECTIVE FLUX EXPRESSION IN Y DIRECTION USING CENTRAL
SETTING UP CONVECTIVE FLUX EXPRESSION IN Z DIRECTION USING CENTRAL
Setting initial conditions for scalability test equation: scalability4
SETTING UP CONVECTIVE FLUX EXPRESSION IN X DIRECTION USING CENTRAL
SETTING UP CONVECTIVE FLUX EXPRESSION IN Y DIRECTION USING CENTRAL
SETTING UP CONVECTIVE FLUX EXPRESSION IN Z DIRECTION USING CENTRAL
Setting initial conditions for scalability test equation: scalability5
SETTING UP CONVECTIVE FLUX EXPRESSION IN X DIRECTION USING CENTRAL
SETTING UP CONVECTIVE FLUX EXPRESSION IN Y DIRECTION USING CENTRAL
SETTING UP CONVECTIVE FLUX EXPRESSION IN Z DIRECTION USING CENTRAL
Setting initial conditions for scalability test equation: scalability6
SETTING UP CONVECTIVE FLUX EXPRESSION IN X DIRECTION USING CENTRAL
SETTING UP CONVECTIVE FLUX EXPRESSION IN Y DIRECTION USING CENTRAL
SETTING UP CONVECTIVE FLUX EXPRESSION IN Z DIRECTION USING CENTRAL
Setting initial conditions for scalability test equation: scalability7
SETTING UP CONVECTIVE FLUX EXPRESSION IN X DIRECTION USING CENTRAL
SETTING UP CONVECTIVE FLUX EXPRESSION IN Y DIRECTION USING CENTRAL
SETTING UP CONVECTIVE FLUX EXPRESSION IN Z DIRECTION USING CENTRAL
Setting initial conditions for scalability test equation: scalability8
SETTING UP CONVECTIVE FLUX EXPRESSION IN X DIRECTION USING CENTRAL
SETTING UP CONVECTIVE FLUX EXPRESSION IN Y DIRECTION USING CENTRAL
SETTING UP CONVECTIVE FLUX EXPRESSION IN Z DIRECTION USING CENTRAL
Setting initial conditions for scalability test equation: scalability9
SETTING UP CONVECTIVE FLUX EXPRESSION IN X DIRECTION USING CENTRAL
SETTING UP CONVECTIVE FLUX EXPRESSION IN Y DIRECTION USING CENTRAL
SETTING UP CONVECTIVE FLUX EXPRESSION IN Z DIRECTION USING CENTRAL
Setting initial conditions for scalability test equation: scalability10
SETTING UP CONVECTIVE FLUX EXPRESSION IN X DIRECTION USING CENTRAL
SETTING UP CONVECTIVE FLUX EXPRESSION IN Y DIRECTION USING CENTRAL
SETTING UP CONVECTIVE FLUX EXPRESSION IN Z DIRECTION USING CENTRAL
Setting initial conditions for scalability test equation: scalability11
SETTING UP CONVECTIVE FLUX EXPRESSION IN X DIRECTION USING CENTRAL
SETTING UP CONVECTIVE FLUX EXPRESSION IN Y DIRECTION USING CENTRAL
SETTING UP CONVECTIVE FLUX EXPRESSION IN Z DIRECTION USING CENTRAL
Setting initial conditions for scalability test equation: scalability12
SETTING UP CONVECTIVE FLUX EXPRESSION IN X DIRECTION USING CENTRAL
SETTING UP CONVECTIVE FLUX EXPRESSION IN Y DIRECTION USING CENTRAL
SETTING UP CONVECTIVE FLUX EXPRESSION IN Z DIRECTION USING CENTRAL
Setting initial conditions for scalability test equation: scalability13
SETTING UP CONVECTIVE FLUX EXPRESSION IN X DIRECTION USING CENTRAL
SETTING UP CONVECTIVE FLUX EXPRESSION IN Y DIRECTION USING CENTRAL
SETTING UP CONVECTIVE FLUX EXPRESSION IN Z DIRECTION USING CENTRAL
Setting initial conditions for scalability test equation: scalability14
SETTING UP CONVECTIVE FLUX EXPRESSION IN X DIRECTION USING CENTRAL
SETTING UP CONVECTIVE FLUX EXPRESSION IN Y DIRECTION USING CENTRAL
SETTING UP CONVECTIVE FLUX EXPRESSION IN Z DIRECTION USING CENTRAL
Setting initial conditions for scalability test equation: scalability15
SETTING UP CONVECTIVE FLUX EXPRESSION IN X DIRECTION USING CENTRAL
SETTING UP CONVECTIVE FLUX EXPRESSION IN Y DIRECTION USING CENTRAL
SETTING UP CONVECTIVE FLUX EXPRESSION IN Z DIRECTION USING CENTRAL
Setting initial conditions for scalability test equation: scalability16
SETTING UP CONVECTIVE FLUX EXPRESSION IN X DIRECTION USING CENTRAL
SETTING UP CONVECTIVE FLUX EXPRESSION IN Y DIRECTION USING CENTRAL
SETTING UP CONVECTIVE FLUX EXPRESSION IN Z DIRECTION USING CENTRAL
Setting initial conditions for scalability test equation: scalability17
SETTING UP CONVECTIVE FLUX EXPRESSION IN X DIRECTION USING CENTRAL
SETTING UP CONVECTIVE FLUX EXPRESSION IN Y DIRECTION USING CENTRAL
SETTING UP CONVECTIVE FLUX EXPRESSION IN Z DIRECTION USING CENTRAL
Setting initial conditions for scalability test equation: scalability18
SETTING UP CONVECTIVE FLUX EXPRESSION IN X DIRECTION USING CENTRAL
SETTING UP CONVECTIVE FLUX EXPRESSION IN Y DIRECTION USING CENTRAL
SETTING UP CONVECTIVE FLUX EXPRESSION IN Z DIRECTION USING CENTRAL
Setting initial conditions for scalability test equation: scalability19
SETTING UP CONVECTIVE FLUX EXPRESSION IN X DIRECTION USING CENTRAL
SETTING UP CONVECTIVE FLUX EXPRESSION IN Y DIRECTION USING CENTRAL
SETTING UP CONVECTIVE FLUX EXPRESSION IN Z DIRECTION USING CENTRAL
Setting initial conditions for scalability test equation: scalability20
SETTING UP CONVECTIVE FLUX EXPRESSION IN X DIRECTION USING CENTRAL
SETTING UP CONVECTIVE FLUX EXPRESSION IN Y DIRECTION USING CENTRAL
SETTING UP CONVECTIVE FLUX EXPRESSION IN Z DIRECTION USING CENTRAL
Setting initial conditions for scalability test equation: scalability21
SETTING UP CONVECTIVE FLUX EXPRESSION IN X DIRECTION USING CENTRAL
SETTING UP CONVECTIVE FLUX EXPRESSION IN Y DIRECTION USING CENTRAL
SETTING UP CONVECTIVE FLUX EXPRESSION IN Z DIRECTION USING CENTRAL
Setting initial conditions for scalability test equation: scalability22
SETTING UP CONVECTIVE FLUX EXPRESSION IN X DIRECTION USING CENTRAL
SETTING UP CONVECTIVE FLUX EXPRESSION IN Y DIRECTION USING CENTRAL
SETTING UP CONVECTIVE FLUX EXPRESSION IN Z DIRECTION USING CENTRAL
Setting initial conditions for scalability test equation: scalability23
SETTING UP CONVECTIVE FLUX EXPRESSION IN X DIRECTION USING CENTRAL
SETTING UP CONVECTIVE FLUX EXPRESSION IN Y DIRECTION USING CENTRAL
SETTING UP CONVECTIVE FLUX EXPRESSION IN Z DIRECTION USING CENTRAL
Setting initial conditions for scalability test equation: scalability24
SETTING UP CONVECTIVE FLUX EXPRESSION IN X DIRECTION USING CENTRAL
SETTING UP CONVECTIVE FLUX EXPRESSION IN Y DIRECTION USING CENTRAL
SETTING UP CONVECTIVE FLUX EXPRESSION IN Z DIRECTION USING CENTRAL
Setting initial conditions for scalability test equation: scalability25
SETTING UP CONVECTIVE FLUX EXPRESSION IN X DIRECTION USING CENTRAL
SETTING UP CONVECTIVE FLUX EXPRESSION IN Y DIRECTION USING CENTRAL
SETTING UP CONVECTIVE FLUX EXPRESSION IN Z DIRECTION USING CENTRAL
Setting initial conditions for scalability test equation: scalability26
SETTING UP CONVECTIVE FLUX EXPRESSION IN X DIRECTION USING CENTRAL
SETTING UP CONVECTIVE FLUX EXPRESSION IN Y DIRECTION USING CENTRAL
SETTING UP CONVECTIVE FLUX EXPRESSION IN Z DIRECTION USING CENTRAL
Setting initial conditions for scalability test equation: scalability27
SETTING UP CONVECTIVE FLUX EXPRESSION IN X DIRECTION USING CENTRAL
SETTING UP CONVECTIVE FLUX EXPRESSION IN Y DIRECTION USING CENTRAL
SETTING UP CONVECTIVE FLUX EXPRESSION IN Z DIRECTION USING CENTRAL
Setting initial conditions for scalability test equation: scalability28
SETTING UP CONVECTIVE FLUX EXPRESSION IN X DIRECTION USING CENTRAL
SETTING UP CONVECTIVE FLUX EXPRESSION IN Y DIRECTION USING CENTRAL
SETTING UP CONVECTIVE FLUX EXPRESSION IN Z DIRECTION USING CENTRAL
Setting initial conditions for scalability test equation: scalability29
SETTING UP CONVECTIVE FLUX EXPRESSION IN X DIRECTION USING CENTRAL
SETTING UP CONVECTIVE FLUX EXPRESSION IN Y DIRECTION USING CENTRAL
SETTING UP CONVECTIVE FLUX EXPRESSION IN Z DIRECTION USING CENTRAL
Setting initial conditions for scalability test equation: scalability30
SETTING UP CONVECTIVE FLUX EXPRESSION IN X DIRECTION USING CENTRAL
SETTING UP CONVECTIVE FLUX EXPRESSION IN Y DIRECTION USING CENTRAL
SETTING UP CONVECTIVE FLUX EXPRESSION IN Z DIRECTION USING CENTRAL
Setting initial conditions for scalability test equation: scalability31
SETTING UP CONVECTIVE FLUX EXPRESSION IN X DIRECTION USING CENTRAL
SETTING UP CONVECTIVE FLUX EXPRESSION IN Y DIRECTION USING CENTRAL
SETTING UP CONVECTIVE FLUX EXPRESSION IN Z DIRECTION USING CENTRAL
Setting initial conditions for scalability test equation: scalability32
SETTING UP CONVECTIVE FLUX EXPRESSION IN X DIRECTION USING CENTRAL
SETTING UP CONVECTIVE FLUX EXPRESSION IN Y DIRECTION USING CENTRAL
SETTING UP CONVECTIVE FLUX EXPRESSION IN Z DIRECTION USING CENTRAL
Setting initial conditions for scalability test equation: scalability33
SETTING UP CONVECTIVE FLUX EXPRESSION IN X DIRECTION USING CENTRAL
SETTING UP CONVECTIVE FLUX EXPRESSION IN Y DIRECTION USING CENTRAL
SETTING UP CONVECTIVE FLUX EXPRESSION IN Z DIRECTION USING CENTRAL
Setting initial conditions for scalability test equation: scalability34
SETTING UP CONVECTIVE FLUX EXPRESSION IN X DIRECTION USING CENTRAL
SETTING UP CONVECTIVE FLUX EXPRESSION IN Y DIRECTION USING CENTRAL
SETTING UP CONVECTIVE FLUX EXPRESSION IN Z DIRECTION USING CENTRAL
Setting initial conditions for scalability test equation: scalability35
SETTING UP CONVECTIVE FLUX EXPRESSION IN X DIRECTION USING CENTRAL
SETTING UP CONVECTIVE FLUX EXPRESSION IN Y DIRECTION USING CENTRAL
SETTING UP CONVECTIVE FLUX EXPRESSION IN Z DIRECTION USING CENTRAL
Setting initial conditions for scalability test equation: scalability36
SETTING UP CONVECTIVE FLUX EXPRESSION IN X DIRECTION USING CENTRAL
SETTING UP CONVECTIVE FLUX EXPRESSION IN Y DIRECTION USING CENTRAL
SETTING UP CONVECTIVE FLUX EXPRESSION IN Z DIRECTION USING CENTRAL
Setting initial conditions for scalability test equation: scalability37
SETTING UP CONVECTIVE FLUX EXPRESSION IN X DIRECTION USING CENTRAL
SETTING UP CONVECTIVE FLUX EXPRESSION IN Y DIRECTION USING CENTRAL
SETTING UP CONVECTIVE FLUX EXPRESSION IN Z DIRECTION USING CENTRAL
Setting initial conditions for scalability test equation: scalability38
SETTING UP CONVECTIVE FLUX EXPRESSION IN X DIRECTION USING CENTRAL
SETTING UP CONVECTIVE FLUX EXPRESSION IN Y DIRECTION USING CENTRAL
SETTING UP CONVECTIVE FLUX EXPRESSION IN Z DIRECTION USING CENTRAL
Setting initial conditions for scalability test equation: scalability39
SETTING UP CONVECTIVE FLUX EXPRESSION IN X DIRECTION USING CENTRAL
SETTING UP CONVECTIVE FLUX EXPRESSION IN Y DIRECTION USING CENTRAL
SETTING UP CONVECTIVE FLUX EXPRESSION IN Z DIRECTION USING CENTRAL
Setting initial conditions for scalability test equation: scalability40
SETTING UP CONVECTIVE FLUX EXPRESSION IN X DIRECTION USING CENTRAL
SETTING UP CONVECTIVE FLUX EXPRESSION IN Y DIRECTION USING CENTRAL
SETTING UP CONVECTIVE FLUX EXPRESSION IN Z DIRECTION USING CENTRAL
Setting initial conditions for scalability test equation: scalability41
SETTING UP CONVECTIVE FLUX EXPRESSION IN X DIRECTION USING CENTRAL
SETTING UP CONVECTIVE FLUX EXPRESSION IN Y DIRECTION USING CENTRAL
SETTING UP CONVECTIVE FLUX EXPRESSION IN Z DIRECTION USING CENTRAL
Setting initial conditions for scalability test equation: scalability42
SETTING UP CONVECTIVE FLUX EXPRESSION IN X DIRECTION USING CENTRAL
SETTING UP CONVECTIVE FLUX EXPRESSION IN Y DIRECTION USING CENTRAL
SETTING UP CONVECTIVE FLUX EXPRESSION IN Z DIRECTION USING CENTRAL
Setting initial conditions for scalability test equation: scalability43
SETTING UP CONVECTIVE FLUX EXPRESSION IN X DIRECTION USING CENTRAL
SETTING UP CONVECTIVE FLUX EXPRESSION IN Y DIRECTION USING CENTRAL
SETTING UP CONVECTIVE FLUX EXPRESSION IN Z DIRECTION USING CENTRAL
Setting initial conditions for scalability test equation: scalability44
SETTING UP CONVECTIVE FLUX EXPRESSION IN X DIRECTION USING CENTRAL
SETTING UP CONVECTIVE FLUX EXPRESSION IN Y DIRECTION USING CENTRAL
SETTING UP CONVECTIVE FLUX EXPRESSION IN Z DIRECTION USING CENTRAL
Setting initial conditions for scalability test equation: scalability45
SETTING UP CONVECTIVE FLUX EXPRESSION IN X DIRECTION USING CENTRAL
SETTING UP CONVECTIVE FLUX EXPRESSION IN Y DIRECTION USING CENTRAL
SETTING UP CONVECTIVE FLUX EXPRESSION IN Z DIRECTION USING CENTRAL
Setting initial conditions for scalability test equation: scalability46
SETTING UP CONVECTIVE FLUX EXPRESSION IN X DIRECTION USING CENTRAL
SETTING UP CONVECTIVE FLUX EXPRESSION IN Y DIRECTION USING CENTRAL
SETTING UP CONVECTIVE FLUX EXPRESSION IN Z DIRECTION USING CENTRAL
Setting initial conditions for scalability test equation: scalability47
SETTING UP CONVECTIVE FLUX EXPRESSION IN X DIRECTION USING CENTRAL
SETTING UP CONVECTIVE FLUX EXPRESSION IN Y DIRECTION USING CENTRAL
SETTING UP CONVECTIVE FLUX EXPRESSION IN Z DIRECTION USING CENTRAL
Setting initial conditions for scalability test equation: scalability48
SETTING UP CONVECTIVE FLUX EXPRESSION IN X DIRECTION USING CENTRAL
SETTING UP CONVECTIVE FLUX EXPRESSION IN Y DIRECTION USING CENTRAL
SETTING UP CONVECTIVE FLUX EXPRESSION IN Z DIRECTION USING CENTRAL
Setting initial conditions for scalability test equation: scalability49
SETTING UP CONVECTIVE FLUX EXPRESSION IN X DIRECTION USING CENTRAL
SETTING UP CONVECTIVE FLUX EXPRESSION IN Y DIRECTION USING CENTRAL
SETTING UP CONVECTIVE FLUX EXPRESSION IN Z DIRECTION USING CENTRAL
Setting initial conditions for scalability test equation: scalability50
SETTING UP CONVECTIVE FLUX EXPRESSION IN X DIRECTION USING CENTRAL
SETTING UP CONVECTIVE FLUX EXPRESSION IN Y DIRECTION USING CENTRAL
SETTING UP CONVECTIVE FLUX EXPRESSION IN Z DIRECTION USING CENTRAL
Setting initial conditions for scalability test equation: scalability51
SETTING UP CONVECTIVE FLUX EXPRESSION IN X DIRECTION USING CENTRAL
SETTING UP CONVECTIVE FLUX EXPRESSION IN Y DIRECTION USING CENTRAL
SETTING UP CONVECTIVE FLUX EXPRESSION IN Z DIRECTION USING CENTRAL
Setting initial conditions for scalability test equation: scalability52
SETTING UP CONVECTIVE FLUX EXPRESSION IN X DIRECTION USING CENTRAL
SETTING UP CONVECTIVE FLUX EXPRESSION IN Y DIRECTION USING CENTRAL
SETTING UP CONVECTIVE FLUX EXPRESSION IN Z DIRECTION USING CENTRAL
Setting initial conditions for scalability test equation: scalability53
SETTING UP CONVECTIVE FLUX EXPRESSION IN X DIRECTION USING CENTRAL
SETTING UP CONVECTIVE FLUX EXPRESSION IN Y DIRECTION USING CENTRAL
SETTING UP CONVECTIVE FLUX EXPRESSION IN Z DIRECTION USING CENTRAL
Setting initial conditions for scalability test equation: scalability54
SETTING UP CONVECTIVE FLUX EXPRESSION IN X DIRECTION USING CENTRAL
SETTING UP CONVECTIVE FLUX EXPRESSION IN Y DIRECTION USING CENTRAL
SETTING UP CONVECTIVE FLUX EXPRESSION IN Z DIRECTION USING CENTRAL
Setting initial conditions for scalability test equation: scalability55
SETTING UP CONVECTIVE FLUX EXPRESSION IN X DIRECTION USING CENTRAL
SETTING UP CONVECTIVE FLUX EXPRESSION IN Y DIRECTION USING CENTRAL
SETTING UP CONVECTIVE FLUX EXPRESSION IN Z DIRECTION USING CENTRAL
Setting initial conditions for scalability test equation: scalability56
SETTING UP CONVECTIVE FLUX EXPRESSION IN X DIRECTION USING CENTRAL
SETTING UP CONVECTIVE FLUX EXPRESSION IN Y DIRECTION USING CENTRAL
SETTING UP CONVECTIVE FLUX EXPRESSION IN Z DIRECTION USING CENTRAL
Setting initial conditions for scalability test equation: scalability57
SETTING UP CONVECTIVE FLUX EXPRESSION IN X DIRECTION USING CENTRAL
SETTING UP CONVECTIVE FLUX EXPRESSION IN Y DIRECTION USING CENTRAL
SETTING UP CONVECTIVE FLUX EXPRESSION IN Z DIRECTION USING CENTRAL
Setting initial conditions for scalability test equation: scalability58
SETTING UP CONVECTIVE FLUX EXPRESSION IN X DIRECTION USING CENTRAL
SETTING UP CONVECTIVE FLUX EXPRESSION IN Y DIRECTION USING CENTRAL
SETTING UP CONVECTIVE FLUX EXPRESSION IN Z DIRECTION USING CENTRAL
Setting initial conditions for scalability test equation: scalability59
SETTING UP CONVECTIVE FLUX EXPRESSION IN X DIRECTION USING CENTRAL
SETTING UP CONVECTIVE FLUX EXPRESSION IN Y DIRECTION USING CENTRAL
SETTING UP CONVECTIVE FLUX EXPRESSION IN Z DIRECTION USING CENTRAL
Setting initial conditions for scalability test equation: scalability60
SETTING UP CONVECTIVE FLUX EXPRESSION IN X DIRECTION USING CENTRAL
SETTING UP CONVECTIVE FLUX EXPRESSION IN Y DIRECTION USING CENTRAL
SETTING UP CONVECTIVE FLUX EXPRESSION IN Z DIRECTION USING CENTRAL
Setting initial conditions for scalability test equation: scalability61
SETTING UP CONVECTIVE FLUX EXPRESSION IN X DIRECTION USING CENTRAL
SETTING UP CONVECTIVE FLUX EXPRESSION IN Y DIRECTION USING CENTRAL
SETTING UP CONVECTIVE FLUX EXPRESSION IN Z DIRECTION USING CENTRAL
Setting initial conditions for scalability test equation: scalability62
SETTING UP CONVECTIVE FLUX EXPRESSION IN X DIRECTION USING CENTRAL
SETTING UP CONVECTIVE FLUX EXPRESSION IN Y DIRECTION USING CENTRAL
SETTING UP CONVECTIVE FLUX EXPRESSION IN Z DIRECTION USING CENTRAL
Setting initial conditions for scalability test equation: scalability63
SETTING UP CONVECTIVE FLUX EXPRESSION IN X DIRECTION USING CENTRAL
SETTING UP CONVECTIVE FLUX EXPRESSION IN Y DIRECTION USING CENTRAL
SETTING UP CONVECTIVE FLUX EXPRESSION IN Z DIRECTION USING CENTRAL
Setting initial conditions for scalability test equation: scalability64
SETTING UP CONVECTIVE FLUX EXPRESSION IN X DIRECTION USING CENTRAL
SETTING UP CONVECTIVE FLUX EXPRESSION IN Y DIRECTION USING CENTRAL
SETTING UP CONVECTIVE FLUX EXPRESSION IN Z DIRECTION USING CENTRAL
Setting initial conditions for scalability test equation: scalability65
SETTING UP CONVECTIVE FLUX EXPRESSION IN X DIRECTION USING CENTRAL
SETTING UP CONVECTIVE FLUX EXPRESSION IN Y DIRECTION USING CENTRAL
SETTING UP CONVECTIVE FLUX EXPRESSION IN Z DIRECTION USING CENTRAL
Setting initial conditions for scalability test equation: scalability66
SETTING UP CONVECTIVE FLUX EXPRESSION IN X DIRECTION USING CENTRAL
SETTING UP CONVECTIVE FLUX EXPRESSION IN Y DIRECTION USING CENTRAL
SETTING UP CONVECTIVE FLUX EXPRESSION IN Z DIRECTION USING CENTRAL
Setting initial conditions for scalability test equation: scalability67
SETTING UP CONVECTIVE FLUX EXPRESSION IN X DIRECTION USING CENTRAL
SETTING UP CONVECTIVE FLUX EXPRESSION IN Y DIRECTION USING CENTRAL
SETTING UP CONVECTIVE FLUX EXPRESSION IN Z DIRECTION USING CENTRAL
Setting initial conditions for scalability test equation: scalability68
SETTING UP CONVECTIVE FLUX EXPRESSION IN X DIRECTION USING CENTRAL
SETTING UP CONVECTIVE FLUX EXPRESSION IN Y DIRECTION USING CENTRAL
SETTING UP CONVECTIVE FLUX EXPRESSION IN Z DIRECTION USING CENTRAL
Setting initial conditions for scalability test equation: scalability69
SETTING UP CONVECTIVE FLUX EXPRESSION IN X DIRECTION USING CENTRAL
SETTING UP CONVECTIVE FLUX EXPRESSION IN Y DIRECTION USING CENTRAL
SETTING UP CONVECTIVE FLUX EXPRESSION IN Z DIRECTION USING CENTRAL
Setting initial conditions for scalability test equation: scalability70
SETTING UP CONVECTIVE FLUX EXPRESSION IN X DIRECTION USING CENTRAL
SETTING UP CONVECTIVE FLUX EXPRESSION IN Y DIRECTION USING CENTRAL
SETTING UP CONVECTIVE FLUX EXPRESSION IN Z DIRECTION USING CENTRAL
Setting initial conditions for scalability test equation: scalability71
SETTING UP CONVECTIVE FLUX EXPRESSION IN X DIRECTION USING CENTRAL
SETTING UP CONVECTIVE FLUX EXPRESSION IN Y DIRECTION USING CENTRAL
SETTING UP CONVECTIVE FLUX EXPRESSION IN Z DIRECTION USING CENTRAL
Setting initial conditions for scalability test equation: scalability72
SETTING UP CONVECTIVE FLUX EXPRESSION IN X DIRECTION USING CENTRAL
SETTING UP CONVECTIVE FLUX EXPRESSION IN Y DIRECTION USING CENTRAL
SETTING UP CONVECTIVE FLUX EXPRESSION IN Z DIRECTION USING CENTRAL
Setting initial conditions for scalability test equation: scalability73
SETTING UP CONVECTIVE FLUX EXPRESSION IN X DIRECTION USING CENTRAL
SETTING UP CONVECTIVE FLUX EXPRESSION IN Y DIRECTION USING CENTRAL
SETTING UP CONVECTIVE FLUX EXPRESSION IN Z DIRECTION USING CENTRAL
Setting initial conditions for scalability test equation: scalability74
SETTING UP CONVECTIVE FLUX EXPRESSION IN X DIRECTION USING CENTRAL
SETTING UP CONVECTIVE FLUX EXPRESSION IN Y DIRECTION USING CENTRAL
SETTING UP CONVECTIVE FLUX EXPRESSION IN Z DIRECTION USING CENTRAL
Setting initial conditions for scalability test equation: scalability75
SETTING UP CONVECTIVE FLUX EXPRESSION IN X DIRECTION USING CENTRAL
SETTING UP CONVECTIVE FLUX EXPRESSION IN Y DIRECTION USING CENTRAL
SETTING UP CONVECTIVE FLUX EXPRESSION IN Z DIRECTION USING CENTRAL
Setting initial conditions for scalability test equation: scalability76
SETTING UP CONVECTIVE FLUX EXPRESSION IN X DIRECTION USING CENTRAL
SETTING UP CONVECTIVE FLUX EXPRESSION IN Y DIRECTION USING CENTRAL
SETTING UP CONVECTIVE FLUX EXPRESSION IN Z DIRECTION USING CENTRAL
Setting initial conditions for scalability test equation: scalability77
SETTING UP CONVECTIVE FLUX EXPRESSION IN X DIRECTION USING CENTRAL
SETTING UP CONVECTIVE FLUX EXPRESSION IN Y DIRECTION USING CENTRAL
SETTING UP CONVECTIVE FLUX EXPRESSION IN Z DIRECTION USING CENTRAL
Setting initial conditions for scalability test equation: scalability78
SETTING UP CONVECTIVE FLUX EXPRESSION IN X DIRECTION USING CENTRAL
SETTING UP CONVECTIVE FLUX EXPRESSION IN Y DIRECTION USING CENTRAL
SETTING UP CONVECTIVE FLUX EXPRESSION IN Z DIRECTION USING CENTRAL
Setting initial conditions for scalability test equation: scalability79
SETTING UP CONVECTIVE FLUX EXPRESSION IN X DIRECTION USING CENTRAL
SETTING UP CONVECTIVE FLUX EXPRESSION IN Y DIRECTION USING CENTRAL
SETTING UP CONVECTIVE FLUX EXPRESSION IN Z DIRECTION USING CENTRAL
Setting initial conditions for scalability test equation: scalability80
SETTING UP CONVECTIVE FLUX EXPRESSION IN X DIRECTION USING CENTRAL
SETTING UP CONVECTIVE FLUX EXPRESSION IN Y DIRECTION USING CENTRAL
SETTING UP CONVECTIVE FLUX EXPRESSION IN Z DIRECTION USING CENTRAL
Setting initial conditions for scalability test equation: scalability81
SETTING UP CONVECTIVE FLUX EXPRESSION IN X DIRECTION USING CENTRAL
SETTING UP CONVECTIVE FLUX EXPRESSION IN Y DIRECTION USING CENTRAL
SETTING UP CONVECTIVE FLUX EXPRESSION IN Z DIRECTION USING CENTRAL
Setting initial conditions for scalability test equation: scalability82
SETTING UP CONVECTIVE FLUX EXPRESSION IN X DIRECTION USING CENTRAL
SETTING UP CONVECTIVE FLUX EXPRESSION IN Y DIRECTION USING CENTRAL
SETTING UP CONVECTIVE FLUX EXPRESSION IN Z DIRECTION USING CENTRAL
Setting initial conditions for scalability test equation: scalability83
SETTING UP CONVECTIVE FLUX EXPRESSION IN X DIRECTION USING CENTRAL
SETTING UP CONVECTIVE FLUX EXPRESSION IN Y DIRECTION USING CENTRAL
SETTING UP CONVECTIVE FLUX EXPRESSION IN Z DIRECTION USING CENTRAL
Setting initial conditions for scalability test equation: scalability84
SETTING UP CONVECTIVE FLUX EXPRESSION IN X DIRECTION USING CENTRAL
SETTING UP CONVECTIVE FLUX EXPRESSION IN Y DIRECTION USING CENTRAL
SETTING UP CONVECTIVE FLUX EXPRESSION IN Z DIRECTION USING CENTRAL
Setting initial conditions for scalability test equation: scalability85
SETTING UP CONVECTIVE FLUX EXPRESSION IN X DIRECTION USING CENTRAL
SETTING UP CONVECTIVE FLUX EXPRESSION IN Y DIRECTION USING CENTRAL
SETTING UP CONVECTIVE FLUX EXPRESSION IN Z DIRECTION USING CENTRAL
Setting initial conditions for scalability test equation: scalability86
SETTING UP CONVECTIVE FLUX EXPRESSION IN X DIRECTION USING CENTRAL
SETTING UP CONVECTIVE FLUX EXPRESSION IN Y DIRECTION USING CENTRAL
SETTING UP CONVECTIVE FLUX EXPRESSION IN Z DIRECTION USING CENTRAL
Setting initial conditions for scalability test equation: scalability87
SETTING UP CONVECTIVE FLUX EXPRESSION IN X DIRECTION USING CENTRAL
SETTING UP CONVECTIVE FLUX EXPRESSION IN Y DIRECTION USING CENTRAL
SETTING UP CONVECTIVE FLUX EXPRESSION IN Z DIRECTION USING CENTRAL
Setting initial conditions for scalability test equation: scalability88
SETTING UP CONVECTIVE FLUX EXPRESSION IN X DIRECTION USING CENTRAL
SETTING UP CONVECTIVE FLUX EXPRESSION IN Y DIRECTION USING CENTRAL
SETTING UP CONVECTIVE FLUX EXPRESSION IN Z DIRECTION USING CENTRAL
Setting initial conditions for scalability test equation: scalability89
SETTING UP CONVECTIVE FLUX EXPRESSION IN X DIRECTION USING CENTRAL
SETTING UP CONVECTIVE FLUX EXPRESSION IN Y DIRECTION USING CENTRAL
SETTING UP CONVECTIVE FLUX EXPRESSION IN Z DIRECTION USING CENTRAL
Setting initial conditions for scalability test equation: scalability90
SETTING UP CONVECTIVE FLUX EXPRESSION IN X DIRECTION USING CENTRAL
SETTING UP CONVECTIVE FLUX EXPRESSION IN Y DIRECTION USING CENTRAL
SETTING UP CONVECTIVE FLUX EXPRESSION IN Z DIRECTION USING CENTRAL
Setting initial conditions for scalability test equation: scalability91
SETTING UP CONVECTIVE FLUX EXPRESSION IN X DIRECTION USING CENTRAL
SETTING UP CONVECTIVE FLUX EXPRESSION IN Y DIRECTION USING CENTRAL
SETTING UP CONVECTIVE FLUX EXPRESSION IN Z DIRECTION USING CENTRAL
Setting initial conditions for scalability test equation: scalability92
SETTING UP CONVECTIVE FLUX EXPRESSION IN X DIRECTION USING CENTRAL
SETTING UP CONVECTIVE FLUX EXPRESSION IN Y DIRECTION USING CENTRAL
SETTING UP CONVECTIVE FLUX EXPRESSION IN Z DIRECTION USING CENTRAL
Setting initial conditions for scalability test equation: scalability93
SETTING UP CONVECTIVE FLUX EXPRESSION IN X DIRECTION USING CENTRAL
SETTING UP CONVECTIVE FLUX EXPRESSION IN Y DIRECTION USING CENTRAL
SETTING UP CONVECTIVE FLUX EXPRESSION IN Z DIRECTION USING CENTRAL
Setting initial conditions for scalability test equation: scalability94
SETTING UP CONVECTIVE FLUX EXPRESSION IN X DIRECTION USING CENTRAL
SETTING UP CONVECTIVE FLUX EXPRESSION IN Y DIRECTION USING CENTRAL
SETTING UP CONVECTIVE FLUX EXPRESSION IN Z DIRECTION USING CENTRAL
Setting initial conditions for scalability test equation: scalability95
SETTING UP CONVECTIVE FLUX EXPRESSION IN X DIRECTION USING CENTRAL
SETTING UP CONVECTIVE FLUX EXPRESSION IN Y DIRECTION USING CENTRAL
SETTING UP CONVECTIVE FLUX EXPRESSION IN Z DIRECTION USING CENTRAL
Setting initial conditions for scalability test equation: scalability96
SETTING UP CONVECTIVE FLUX EXPRESSION IN X DIRECTION USING CENTRAL
SETTING UP CONVECTIVE FLUX EXPRESSION IN Y DIRECTION USING CENTRAL
SETTING UP CONVECTIVE FLUX EXPRESSION IN Z DIRECTION USING CENTRAL
Setting initial conditions for scalability test equation: scalability97
SETTING UP CONVECTIVE FLUX EXPRESSION IN X DIRECTION USING CENTRAL
SETTING UP CONVECTIVE FLUX EXPRESSION IN Y DIRECTION USING CENTRAL
SETTING UP CONVECTIVE FLUX EXPRESSION IN Z DIRECTION USING CENTRAL
Setting initial conditions for scalability test equation: scalability98
SETTING UP CONVECTIVE FLUX EXPRESSION IN X DIRECTION USING CENTRAL
SETTING UP CONVECTIVE FLUX EXPRESSION IN Y DIRECTION USING CENTRAL
SETTING UP CONVECTIVE FLUX EXPRESSION IN Z DIRECTION USING CENTRAL
Setting initial conditions for scalability test equation: scalability99
------------------------------------------------
No BoundaryConditions specified
  This message will only occur once

Compiling initialization taskgraph.
------------------------------------------------
SETTING INITIAL BOUNDARY CONDITIONS:
------------------------------------------------
Setting Initial BCs for transport equation 'scalability0'
Setting Initial BCs for transport equation 'scalability1'
Setting Initial BCs for transport equation 'scalability2'
Setting Initial BCs for transport equation 'scalability3'
Setting Initial BCs for transport equation 'scalability4'
Setting Initial BCs for transport equation 'scalability5'
Setting Initial BCs for transport equation 'scalability6'
Setting Initial BCs for transport equation 'scalability7'
Setting Initial BCs for transport equation 'scalability8'
Setting Initial BCs for transport equation 'scalability9'
Setting Initial BCs for transport equation 'scalability10'
Setting Initial BCs for transport equation 'scalability11'
Setting Initial BCs for transport equation 'scalability12'
Setting Initial BCs for transport equation 'scalability13'
Setting Initial BCs for transport equation 'scalability14'
Setting Initial BCs for transport equation 'scalability15'
Setting Initial BCs for transport equation 'scalability16'
Setting Initial BCs for transport equation 'scalability17'
Setting Initial BCs for transport equation 'scalability18'
Setting Initial BCs for transport equation 'scalability19'
Setting Initial BCs for transport equation 'scalability20'
Setting Initial BCs for transport equation 'scalability21'
Setting Initial BCs for transport equation 'scalability22'
Setting Initial BCs for transport equation 'scalability23'
Setting Initial BCs for transport equation 'scalability24'
Setting Initial BCs for transport equation 'scalability25'
Setting Initial BCs for transport equation 'scalability26'
Setting Initial BCs for transport equation 'scalability27'
Setting Initial BCs for transport equation 'scalability28'
Setting Initial BCs for transport equation 'scalability29'
Setting Initial BCs for transport equation 'scalability30'
Setting Initial BCs for transport equation 'scalability31'
Setting Initial BCs for transport equation 'scalability32'
Setting Initial BCs for transport equation 'scalability33'
Setting Initial BCs for transport equation 'scalability34'
Setting Initial BCs for transport equation 'scalability35'
Setting Initial BCs for transport equation 'scalability36'
Setting Initial BCs for transport equation 'scalability37'
Setting Initial BCs for transport equation 'scalability38'
Setting Initial BCs for transport equation 'scalability39'
Setting Initial BCs for transport equation 'scalability40'
Setting Initial BCs for transport equation 'scalability41'
Setting Initial BCs for transport equation 'scalability42'
Setting Initial BCs for transport equation 'scalability43'
Setting Initial BCs for transport equation 'scalability44'
Setting Initial BCs for transport equation 'scalability45'
Setting Initial BCs for transport equation 'scalability46'
Setting Initial BCs for transport equation 'scalability47'
Setting Initial BCs for transport equation 'scalability48'
Setting Initial BCs for transport equation 'scalability49'
Setting Initial BCs for transport equation 'scalability50'
Setting Initial BCs for transport equation 'scalability51'
Setting Initial BCs for transport equation 'scalability52'
Setting Initial BCs for transport equation 'scalability53'
Setting Initial BCs for transport equation 'scalability54'
Setting Initial BCs for transport equation 'scalability55'
Setting Initial BCs for transport equation 'scalability56'
Setting Initial BCs for transport equation 'scalability57'
Setting Initial BCs for transport equation 'scalability58'
Setting Initial BCs for transport equation 'scalability59'
Setting Initial BCs for transport equation 'scalability60'
Setting Initial BCs for transport equation 'scalability61'
Setting Initial BCs for transport equation 'scalability62'
Setting Initial BCs for transport equation 'scalability63'
Setting Initial BCs for transport equation 'scalability64'
Setting Initial BCs for transport equation 'scalability65'
Setting Initial BCs for transport equation 'scalability66'
Setting Initial BCs for transport equation 'scalability67'
Setting Initial BCs for transport equation 'scalability68'
Setting Initial BCs for transport equation 'scalability69'
Setting Initial BCs for transport equation 'scalability70'
Setting Initial BCs for transport equation 'scalability71'
Setting Initial BCs for transport equation 'scalability72'
Setting Initial BCs for transport equation 'scalability73'
Setting Initial BCs for transport equation 'scalability74'
Setting Initial BCs for transport equation 'scalability75'
Setting Initial BCs for transport equation 'scalability76'
Setting Initial BCs for transport equation 'scalability77'
Setting Initial BCs for transport equation 'scalability78'
Setting Initial BCs for transport equation 'scalability79'
Setting Initial BCs for transport equation 'scalability80'
Setting Initial BCs for transport equation 'scalability81'
Setting Initial BCs for transport equation 'scalability82'
Setting Initial BCs for transport equation 'scalability83'
Setting Initial BCs for transport equation 'scalability84'
Setting Initial BCs for transport equation 'scalability85'
Setting Initial BCs for transport equation 'scalability86'
Setting Initial BCs for transport equation 'scalability87'
Setting Initial BCs for transport equation 'scalability88'
Setting Initial BCs for transport equation 'scalability89'
Setting Initial BCs for transport equation 'scalability90'
Setting Initial BCs for transport equation 'scalability91'
Setting Initial BCs for transport equation 'scalability92'
Setting Initial BCs for transport equation 'scalability93'
Setting Initial BCs for transport equation 'scalability94'
Setting Initial BCs for transport equation 'scalability95'
Setting Initial BCs for transport equation 'scalability96'
Setting Initial BCs for transport equation 'scalability97'
Setting Initial BCs for transport equation 'scalability98'
Setting Initial BCs for transport equation 'scalability99'
------------------------------------------------
Wasatch: done creating initialization task(s)
Scheduling Task 'compute timestep' COMPUTES 'delT' in NEW data warehouse
Wasatch: done creating timestep task(s)
Done with taskgraph compile (0.000306996 seconds)
Warning: addContribution not implemented for LoadBalancerCommon.
WARNING at time step 0 and sim time 0 : lowering the next delT from 1 to the maximum: 1e-05

________________________________________________________________________________
--------------------------------------------------------------------------------
MPIStats:+
--------------------------------------------------------------------------------
                Name:       Total:         Avg:         Min:         Max:    Max rank: Hist %% [  Q1 |  Q2 |  Q3 |  Q4 ]:  %%Load Imbalance
         Count: Comm:           64            1            1            1            0           100.0   0.0   0.0   0.0     0.0
         Count: Gath:          128            2            2            2            0           100.0   0.0   0.0   0.0     0.0
         Count: Redu:           64            1            1            1            0           100.0   0.0   0.0   0.0     0.0
          Time: Comm:     0.172 s       2.69 ms     0.504 ms      6.63 ms            7            40.6  28.1  18.8  12.5    59.5
          Time: Gath:      4.49 s       70.2 ms      27.2 ms      91.8 ms           25            25.0   0.0   9.4  65.6    23.6
          Time: Redu:      4.92 s       76.9 ms    0.0326 ms     0.116 s            27            25.0   0.0  25.0  50.0    33.5
Volume Recv TOTAL   :      70.6 KB       1.1 KB       1.1 KB       1.1 KB            0           100.0   0.0   0.0   0.0     0.0
Volume Recv0: <= 64B:           64            1            1            1            0           100.0   0.0   0.0   0.0     0.0
Volume Recv1: <= 4KB:          128            2            2            2            0           100.0   0.0   0.0   0.0     0.0
Volume Send TOTAL   :      17.4 KB      278.5 B        277 B        281 B            0            62.5   0.0   0.0  37.5     0.9
Volume Send0: <= 64B:          128            2            2            2            0           100.0   0.0   0.0   0.0     0.0
Volume Send1: <= 4KB:           64            1            1            1            0           100.0   0.0   0.0   0.0     0.0


Simulation and run time stats are reported at the end of each time step
EMA == Wall time as an exponential moving average using a window of the last 10 time steps
Timestep 0       Time=0           Next delT=1e-05       Wall Time=0.297578  EMA=0.285035    Memory Used=164.55 MBs (avg) 167.44 MBs (max on rank: 0     )
Warning: finalizeContributions not implemented for LoadBalancerCommon.
Warning: resetCostForecaster not implemented for LoadBalancerCommon.
Compiling taskgraph(s)...
------------------------------------------------
SETTING BOUNDARY CONDITIONS:
------------------------------------------------
Setting BCs for transport equation 'scalability0'
Setting BCs for transport equation 'scalability1'
Setting BCs for transport equation 'scalability2'
Setting BCs for transport equation 'scalability3'
Setting BCs for transport equation 'scalability4'
Setting BCs for transport equation 'scalability5'
Setting BCs for transport equation 'scalability6'
Setting BCs for transport equation 'scalability7'
Setting BCs for transport equation 'scalability8'
Setting BCs for transport equation 'scalability9'
Setting BCs for transport equation 'scalability10'
Setting BCs for transport equation 'scalability11'
Setting BCs for transport equation 'scalability12'
Setting BCs for transport equation 'scalability13'
Setting BCs for transport equation 'scalability14'
Setting BCs for transport equation 'scalability15'
Setting BCs for transport equation 'scalability16'
Setting BCs for transport equation 'scalability17'
Setting BCs for transport equation 'scalability18'
Setting BCs for transport equation 'scalability19'
Setting BCs for transport equation 'scalability20'
Setting BCs for transport equation 'scalability21'
Setting BCs for transport equation 'scalability22'
Setting BCs for transport equation 'scalability23'
Setting BCs for transport equation 'scalability24'
Setting BCs for transport equation 'scalability25'
Setting BCs for transport equation 'scalability26'
Setting BCs for transport equation 'scalability27'
Setting BCs for transport equation 'scalability28'
Setting BCs for transport equation 'scalability29'
Setting BCs for transport equation 'scalability30'
Setting BCs for transport equation 'scalability31'
Setting BCs for transport equation 'scalability32'
Setting BCs for transport equation 'scalability33'
Setting BCs for transport equation 'scalability34'
Setting BCs for transport equation 'scalability35'
Setting BCs for transport equation 'scalability36'
Setting BCs for transport equation 'scalability37'
Setting BCs for transport equation 'scalability38'
Setting BCs for transport equation 'scalability39'
Setting BCs for transport equation 'scalability40'
Setting BCs for transport equation 'scalability41'
Setting BCs for transport equation 'scalability42'
Setting BCs for transport equation 'scalability43'
Setting BCs for transport equation 'scalability44'
Setting BCs for transport equation 'scalability45'
Setting BCs for transport equation 'scalability46'
Setting BCs for transport equation 'scalability47'
Setting BCs for transport equation 'scalability48'
Setting BCs for transport equation 'scalability49'
Setting BCs for transport equation 'scalability50'
Setting BCs for transport equation 'scalability51'
Setting BCs for transport equation 'scalability52'
Setting BCs for transport equation 'scalability53'
Setting BCs for transport equation 'scalability54'
Setting BCs for transport equation 'scalability55'
Setting BCs for transport equation 'scalability56'
Setting BCs for transport equation 'scalability57'
Setting BCs for transport equation 'scalability58'
Setting BCs for transport equation 'scalability59'
Setting BCs for transport equation 'scalability60'
Setting BCs for transport equation 'scalability61'
Setting BCs for transport equation 'scalability62'
Setting BCs for transport equation 'scalability63'
Setting BCs for transport equation 'scalability64'
Setting BCs for transport equation 'scalability65'
Setting BCs for transport equation 'scalability66'
Setting BCs for transport equation 'scalability67'
Setting BCs for transport equation 'scalability68'
Setting BCs for transport equation 'scalability69'
Setting BCs for transport equation 'scalability70'
Setting BCs for transport equation 'scalability71'
Setting BCs for transport equation 'scalability72'
Setting BCs for transport equation 'scalability73'
Setting BCs for transport equation 'scalability74'
Setting BCs for transport equation 'scalability75'
Setting BCs for transport equation 'scalability76'
Setting BCs for transport equation 'scalability77'
Setting BCs for transport equation 'scalability78'
Setting BCs for transport equation 'scalability79'
Setting BCs for transport equation 'scalability80'
Setting BCs for transport equation 'scalability81'
Setting BCs for transport equation 'scalability82'
Setting BCs for transport equation 'scalability83'
Setting BCs for transport equation 'scalability84'
Setting BCs for transport equation 'scalability85'
Setting BCs for transport equation 'scalability86'
Setting BCs for transport equation 'scalability87'
Setting BCs for transport equation 'scalability88'
Setting BCs for transport equation 'scalability89'
Setting BCs for transport equation 'scalability90'
Setting BCs for transport equation 'scalability91'
Setting BCs for transport equation 'scalability92'
Setting BCs for transport equation 'scalability93'
Setting BCs for transport equation 'scalability94'
Setting BCs for transport equation 'scalability95'
Setting BCs for transport equation 'scalability96'
Setting BCs for transport equation 'scalability97'
Setting BCs for transport equation 'scalability98'
Setting BCs for transport equation 'scalability99'
------------------------------------------------
Wasatch: done creating solution task(s)
Wasatch: done creating post-processing task(s)
Scheduling Task 'compute timestep' COMPUTES 'delT' in NEW data warehouse
Wasatch: done creating timestep task(s)
Done with taskgraph compile (0.168736 seconds)

________________________________________________________________________________
--------------------------------------------------------------------------------
MPIStats:+
--------------------------------------------------------------------------------
                Name:       Total:         Avg:         Min:         Max:    Max rank: Hist %% [  Q1 |  Q2 |  Q3 |  Q4 ]:  %%Load Imbalance
         Count: Recv:     1.66e+03           26           26           26            0           100.0   0.0   0.0   0.0     0.0
         Count: Redu:          512            8            8            8            0           100.0   0.0   0.0   0.0     0.0
         Count: Send:     1.66e+03           26           26           26            0           100.0   0.0   0.0   0.0     0.0
         Count: Test:          674         10.5            6           39           63            79.7   9.4   7.8   3.1    73.0
         Count: Wait:     2.94e+03           46           46           46            0           100.0   0.0   0.0   0.0     0.0
          Time: Recv:        31 ms     0.485 ms    0.0292 ms       1.1 ms           14            25.0  45.3  14.1  15.6    55.9
          Time: Redu:      11.2 s      0.175 s      0.277 ms     0.214 s            39             9.4   0.0   0.0  90.6    18.1
          Time: Send:      4.19 s       65.5 ms      2.79 ms      79.7 ms           34             1.6   0.0  21.9  76.6    17.8
          Time: Test:      31.1 ms     0.485 ms    0.0107 ms      1.95 ms           60            62.5  26.6   6.2   4.7    75.2
          Time: Wait:      2.68 s       41.9 ms      2.73 ms     0.227 s             7            87.5   3.1   0.0   9.4    81.6
Volume Recv TOTAL   :       319 MB      4.99 MB      4.99 MB      4.99 MB            0            98.4   0.0   0.0   1.6     0.0
Volume Recv0: <= 64B:           65         1.02            1            2            0            98.4   0.0   0.0   1.6    49.2
Volume Recv1: <= 4KB:          581         9.08            9           14            0            98.4   0.0   0.0   1.6    35.2
Volume Recv2: <= 2MB:     1.15e+03           18           18           18            0           100.0   0.0   0.0   0.0     0.0
Volume Send TOTAL   :       319 MB      4.99 MB      4.99 MB      4.99 MB            0           100.0   0.0   0.0   0.0     0.0
Volume Send0: <= 64B:          128            2            2            2            0           100.0   0.0   0.0   0.0     0.0
Volume Send1: <= 4KB:          896           14           14           14            0           100.0   0.0   0.0   0.0     0.0
Volume Send2: <= 2MB:     1.15e+03           18           18           18            0           100.0   0.0   0.0   0.0     0.0

Timestep 1       Time=1e-05       Next delT=1e-05       Wall Time=0.965539  EMA=0.667905    Memory Used=259.91 MBs (avg) 261.76 MBs (max on rank: 0     )
Runtime Summary  summary stats for time step 1 at time=1e-05
  Description       Units       Minimum           Rank   Average (64)      Std. Dev.         Maximum           Rank   100*(1-ave/max) '% load imbalance'
  Compilation       [seconds] : 0.129349        : 27   : 0.141408        : 0.0114695       : 0.168736        : 0    : 16.1955
  TaskExec          [seconds] : 0.256962        : 7    : 0.464181        : 0.0662656       : 0.515619        : 32   : 9.97588
  TaskLocalComm     [seconds] : 0.0291215       : 0    : 0.0926243       : 0.0136054       : 0.117796        : 1    : 21.3687
  TaskWaitCommTime  [seconds] : 0.0079227       : 33   : 0.0474571       : 0.0604387       : 0.232488        : 7    : 79.5873
  NumberOfTasks     [tasks  ] : 6               : 0    : 6               : 0               : 6               : 0    : 0
  NumberOfPatches   [patches] : 1               : 0    : 1               : 0               : 1               : 0    : 0
  NumberOfCells     [cells  ] : 32768           : 0    : 32768           : 0               : 32768           : 0    : 0
  SCIMemoryUsed     [MBytes ] : 2.58806e+08     : 57   : 2.59913e+08     : 390298          : 2.61763e+08     : 0    : 0.706911
  SCIMemoryMaxUsed  [MBytes ] : 2.58806e+08     : 57   : 2.59913e+08     : 390298          : 2.61763e+08     : 0    : 0.706911
  MemoryUsed        [MBytes ] : 8.53537e+08     : 5    : 8.68877e+08     : 6.69241e+06     : 8.87964e+08     : 46   : 2.14946
  MemoryResident    [MBytes ] : 2.58806e+08     : 57   : 2.59913e+08     : 390298          : 2.61763e+08     : 0    : 0.706911
  Percentage of time spent in overhead : 18.9639

________________________________________________________________________________
--------------------------------------------------------------------------------
MPIStats:+
--------------------------------------------------------------------------------
                Name:       Total:         Avg:         Min:         Max:    Max rank: Hist %% [  Q1 |  Q2 |  Q3 |  Q4 ]:  %%Load Imbalance
         Count: Recv:     1.66e+03           26           26           26            0           100.0   0.0   0.0   0.0     0.0
         Count: Redu:          512            8            8            8            0           100.0   0.0   0.0   0.0     0.0
         Count: Send:     1.66e+03           26           26           26            0           100.0   0.0   0.0   0.0     0.0
         Count: Test:          658         10.3            6           24           62            75.0   0.0   0.0  25.0    57.2
         Count: Wait:     2.94e+03           46           46           46            0           100.0   0.0   0.0   0.0     0.0
          Time: Recv:      6.48 ms     0.101 ms    0.0193 ms     0.319 ms           59            70.3   1.6   3.1  25.0    68.3
          Time: Redu:      0.68 s       10.6 ms     0.567 ms      17.9 ms           34            25.0   3.1  29.7  42.2    40.6
          Time: Send:     0.111 s       1.73 ms      1.02 ms      2.14 ms           12             7.8  10.9  51.6  29.7    19.2
          Time: Test:      1.27 ms    0.0199 ms  2.44e+03 ns    0.0947 ms           62            70.3  10.9  17.2   1.6    79.0
          Time: Wait:     0.253 s       3.95 ms      1.77 ms      6.79 ms           44            34.4  26.6  23.4  15.6    41.8
Volume Recv TOTAL   :       319 MB      4.99 MB      4.99 MB      4.99 MB            0            98.4   0.0   0.0   1.6     0.0
Volume Recv0: <= 64B:           65         1.02            1            2            0            98.4   0.0   0.0   1.6    49.2
Volume Recv1: <= 4KB:          581         9.08            9           14            0            98.4   0.0   0.0   1.6    35.2
Volume Recv2: <= 2MB:     1.15e+03           18           18           18            0           100.0   0.0   0.0   0.0     0.0
Volume Send TOTAL   :       319 MB      4.99 MB      4.99 MB      4.99 MB            0           100.0   0.0   0.0   0.0     0.0
Volume Send0: <= 64B:          128            2            2            2            0           100.0   0.0   0.0   0.0     0.0
Volume Send1: <= 4KB:          896           14           14           14            0           100.0   0.0   0.0   0.0     0.0
Volume Send2: <= 2MB:     1.15e+03           18           18           18            0           100.0   0.0   0.0   0.0     0.0

Timestep 2       Time=2e-05       Next delT=1e-05       Wall Time=1.20832   EMA=0.38449     Memory Used=260.57 MBs (avg) 262.06 MBs (max on rank: 0     )
Runtime Summary  summary stats for time step 2 at time=2e-05
  Description       Units       Minimum           Rank   Average (64)      Std. Dev.         Maximum           Rank   100*(1-ave/max) '% load imbalance'
  TaskExec          [seconds] : 0.218803        : 6    : 0.221749        : 0.00145946      : 0.224918        : 34   : 1.40911
  TaskLocalComm     [seconds] : 0.0233768       : 62   : 0.0248327       : 0.000876639     : 0.0270593       : 7    : 8.22866
  TaskWaitCommTime  [seconds] : 0.00762356      : 34   : 0.0103386       : 0.001316        : 0.012815        : 44   : 19.3247
  NumberOfTasks     [tasks  ] : 6               : 0    : 6               : 0               : 6               : 0    : 0
  NumberOfPatches   [patches] : 1               : 0    : 1               : 0               : 1               : 0    : 0
  NumberOfCells     [cells  ] : 32768           : 0    : 32768           : 0               : 32768           : 0    : 0
  SCIMemoryUsed     [MBytes ] : 2.5983e+08      : 13   : 2.60574e+08     : 396174          : 2.62062e+08     : 0    : 0.567829
  SCIMemoryMaxUsed  [MBytes ] : 2.5983e+08      : 13   : 2.60574e+08     : 396174          : 2.62062e+08     : 0    : 0.567829
  MemoryUsed        [MBytes ] : 8.54168e+08     : 5    : 8.69423e+08     : 6.66809e+06     : 8.88275e+08     : 46   : 2.12236
  MemoryResident    [MBytes ] : 2.5983e+08      : 13   : 2.60574e+08     : 396174          : 2.62062e+08     : 0    : 0.567829
  Percentage of time spent in overhead : 9.48186

________________________________________________________________________________
--------------------------------------------------------------------------------
MPIStats:+
--------------------------------------------------------------------------------
                Name:       Total:         Avg:         Min:         Max:    Max rank: Hist %% [  Q1 |  Q2 |  Q3 |  Q4 ]:  %%Load Imbalance
         Count: Recv:     1.66e+03           26           26           26            0           100.0   0.0   0.0   0.0     0.0
         Count: Redu:          512            8            8            8            0           100.0   0.0   0.0   0.0     0.0
         Count: Send:     1.66e+03           26           26           26            0           100.0   0.0   0.0   0.0     0.0
         Count: Test:          657         10.3            6           25           63            75.0   0.0   0.0  25.0    58.9
         Count: Wait:     2.94e+03           46           46           46            0           100.0   0.0   0.0   0.0     0.0
          Time: Recv:      6.73 ms     0.105 ms    0.0199 ms     0.379 ms           56            71.9   0.0  10.9  17.2    72.3
          Time: Redu:     0.669 s       10.4 ms     0.294 ms      18.4 ms           34            25.0   1.6  45.3  28.1    43.2
          Time: Send:     0.102 s        1.6 ms     0.636 ms      2.44 ms           11            17.2  17.2  45.3  20.3    34.6
          Time: Test:      1.14 ms    0.0179 ms  2.48e+03 ns    0.0579 ms           63            60.9   9.4  15.6  14.1    69.1
          Time: Wait:      0.22 s       3.44 ms      1.41 ms      6.35 ms           44            48.4  14.1  18.8  18.8    45.8
Volume Recv TOTAL   :       319 MB      4.99 MB      4.99 MB      4.99 MB            0            98.4   0.0   0.0   1.6     0.0
Volume Recv0: <= 64B:           65         1.02            1            2            0            98.4   0.0   0.0   1.6    49.2
Volume Recv1: <= 4KB:          581         9.08            9           14            0            98.4   0.0   0.0   1.6    35.2
Volume Recv2: <= 2MB:     1.15e+03           18           18           18            0           100.0   0.0   0.0   0.0     0.0
Volume Send TOTAL   :       319 MB      4.99 MB      4.99 MB      4.99 MB            0           100.0   0.0   0.0   0.0     0.0
Volume Send0: <= 64B:          128            2            2            2            0           100.0   0.0   0.0   0.0     0.0
Volume Send1: <= 4KB:          896           14           14           14            0           100.0   0.0   0.0   0.0     0.0
Volume Send2: <= 2MB:     1.15e+03           18           18           18            0           100.0   0.0   0.0   0.0     0.0

Timestep 3       Time=3e-05       Next delT=1e-05       Wall Time=1.45218   EMA=0.314176    Memory Used=261.92 MBs (avg) 264.86 MBs (max on rank: 42    )
Runtime Summary  summary stats for time step 3 at time=3e-05
  Description       Units       Minimum           Rank   Average (64)      Std. Dev.         Maximum           Rank   100*(1-ave/max) '% load imbalance'
  TaskExec          [seconds] : 0.220103        : 6    : 0.222939        : 0.00147882      : 0.225492        : 36   : 1.13225
  TaskLocalComm     [seconds] : 0.0230042       : 17   : 0.0254542       : 0.00116771      : 0.0287145       : 7    : 11.3542
  TaskWaitCommTime  [seconds] : 0.00813578      : 36   : 0.0100435       : 0.00129019      : 0.0124187       : 43   : 19.1257
  NumberOfTasks     [tasks  ] : 6               : 0    : 6               : 0               : 6               : 0    : 0
  NumberOfPatches   [patches] : 1               : 0    : 1               : 0               : 1               : 0    : 0
  NumberOfCells     [cells  ] : 32768           : 0    : 32768           : 0               : 32768           : 0    : 0
  SCIMemoryUsed     [MBytes ] : 2.60096e+08     : 8    : 2.61916e+08     : 871711          : 2.64864e+08     : 42   : 1.11301
  SCIMemoryMaxUsed  [MBytes ] : 2.60096e+08     : 8    : 2.61916e+08     : 871711          : 2.64864e+08     : 42   : 1.11301
  MemoryUsed        [MBytes ] : 8.56052e+08     : 5    : 8.70691e+08     : 6.64087e+06     : 8.89537e+08     : 46   : 2.11861
  MemoryResident    [MBytes ] : 2.60096e+08     : 8    : 2.61916e+08     : 871711          : 2.64864e+08     : 42   : 1.11301
  Percentage of time spent in overhead : 6.3208

________________________________________________________________________________
--------------------------------------------------------------------------------
MPIStats:+
--------------------------------------------------------------------------------
                Name:       Total:         Avg:         Min:         Max:    Max rank: Hist %% [  Q1 |  Q2 |  Q3 |  Q4 ]:  %%Load Imbalance
         Count: Recv:     1.66e+03           26           26           26            0           100.0   0.0   0.0   0.0     0.0
         Count: Redu:          512            8            8            8            0           100.0   0.0   0.0   0.0     0.0
         Count: Send:     1.66e+03           26           26           26            0           100.0   0.0   0.0   0.0     0.0
         Count: Test:          658         10.3            6           24           63            75.0   0.0   0.0  25.0    57.2
         Count: Wait:     2.94e+03           46           46           46            0           100.0   0.0   0.0   0.0     0.0
          Time: Recv:      6.43 ms       0.1 ms    0.0196 ms     0.377 ms           61            73.4   1.6  10.9  14.1    73.3
          Time: Redu:     0.716 s       11.2 ms     0.313 ms      18.5 ms           33            23.4   1.6  34.4  40.6    39.6
          Time: Send:      50.6 ms     0.791 ms       0.5 ms      1.24 ms           11            28.1  43.8  23.4   4.7    36.2
          Time: Test:      1.15 ms     0.018 ms  2.37e+03 ns    0.0644 ms           48            62.5  10.9  17.2   9.4    72.0
          Time: Wait:     0.235 s       3.67 ms      1.67 ms      7.19 ms            2            54.7  12.5  15.6  17.2    49.0
Volume Recv TOTAL   :       319 MB      4.99 MB      4.99 MB      4.99 MB            0            98.4   0.0   0.0   1.6     0.0
Volume Recv0: <= 64B:           65         1.02            1            2            0            98.4   0.0   0.0   1.6    49.2
Volume Recv1: <= 4KB:          581         9.08            9           14            0            98.4   0.0   0.0   1.6    35.2
Volume Recv2: <= 2MB:     1.15e+03           18           18           18            0           100.0   0.0   0.0   0.0     0.0
Volume Send TOTAL   :       319 MB      4.99 MB      4.99 MB      4.99 MB            0           100.0   0.0   0.0   0.0     0.0
Volume Send0: <= 64B:          128            2            2            2            0           100.0   0.0   0.0   0.0     0.0
Volume Send1: <= 4KB:          896           14           14           14            0           100.0   0.0   0.0   0.0     0.0
Volume Send2: <= 2MB:     1.15e+03           18           18           18            0           100.0   0.0   0.0   0.0     0.0

Timestep 4       Time=4e-05       Next delT=1e-05       Wall Time=1.69721   EMA=0.286517    Memory Used=262.79 MBs (avg) 266.18 MBs (max on rank: 3     )
Runtime Summary  summary stats for time step 4 at time=4e-05
  Description       Units       Minimum           Rank   Average (64)      Std. Dev.         Maximum           Rank   100*(1-ave/max) '% load imbalance'
  TaskExec          [seconds] : 0.219434        : 2    : 0.223159        : 0.0017548       : 0.226561        : 33   : 1.50165
  TaskLocalComm     [seconds] : 0.0235353       : 34   : 0.0250344       : 0.000841264     : 0.026704        : 7    : 6.25194
  TaskWaitCommTime  [seconds] : 0.00763993      : 33   : 0.010537        : 0.00153641      : 0.0136117       : 2    : 22.5887
  NumberOfTasks     [tasks  ] : 6               : 0    : 6               : 0               : 6               : 0    : 0
  NumberOfPatches   [patches] : 1               : 0    : 1               : 0               : 1               : 0    : 0
  NumberOfCells     [cells  ] : 32768           : 0    : 32768           : 0               : 32768           : 0    : 0
  SCIMemoryUsed     [MBytes ] : 2.61345e+08     : 6    : 2.6279e+08      : 888540          : 2.66179e+08     : 3    : 1.2732
  SCIMemoryMaxUsed  [MBytes ] : 2.61345e+08     : 6    : 2.6279e+08      : 888540          : 2.66179e+08     : 3    : 1.2732
  MemoryUsed        [MBytes ] : 8.56682e+08     : 5    : 8.71491e+08     : 6.54409e+06     : 8.91421e+08     : 46   : 2.2357
  MemoryResident    [MBytes ] : 2.61345e+08     : 6    : 2.6279e+08      : 888540          : 2.66179e+08     : 3    : 1.2732
  Percentage of time spent in overhead : 4.73964

________________________________________________________________________________
--------------------------------------------------------------------------------
MPIStats:+
--------------------------------------------------------------------------------
                Name:       Total:         Avg:         Min:         Max:    Max rank: Hist %% [  Q1 |  Q2 |  Q3 |  Q4 ]:  %%Load Imbalance
         Count: Recv:     1.66e+03           26           26           26            0           100.0   0.0   0.0   0.0     0.0
         Count: Redu:          512            8            8            8            0           100.0   0.0   0.0   0.0     0.0
         Count: Send:     1.66e+03           26           26           26            0           100.0   0.0   0.0   0.0     0.0
         Count: Test:          657         10.3            6           25           63            75.0   0.0   0.0  25.0    58.9
         Count: Wait:     2.94e+03           46           46           46            0           100.0   0.0   0.0   0.0     0.0
          Time: Recv:      7.34 ms     0.115 ms    0.0205 ms      0.46 ms           60            71.9   4.7   9.4  14.1    75.1
          Time: Redu:     0.753 s       11.8 ms     0.339 ms      19.3 ms           17            21.9   3.1  39.1  35.9    39.1
          Time: Send:      54.2 ms     0.848 ms     0.456 ms      1.71 ms           60            37.5  51.6   9.4   1.6    50.3
          Time: Test:      1.14 ms    0.0178 ms  2.52e+03 ns     0.065 ms           62            60.9  10.9  18.8   9.4    72.6
          Time: Wait:     0.223 s       3.48 ms      1.57 ms       6.3 ms           44            37.5  28.1  18.8  15.6    44.7
Volume Recv TOTAL   :       319 MB      4.99 MB      4.99 MB      4.99 MB            0            98.4   0.0   0.0   1.6     0.0
Volume Recv0: <= 64B:           65         1.02            1            2            0            98.4   0.0   0.0   1.6    49.2
Volume Recv1: <= 4KB:          581         9.08            9           14            0            98.4   0.0   0.0   1.6    35.2
Volume Recv2: <= 2MB:     1.15e+03           18           18           18            0           100.0   0.0   0.0   0.0     0.0
Volume Send TOTAL   :       319 MB      4.99 MB      4.99 MB      4.99 MB            0           100.0   0.0   0.0   0.0     0.0
Volume Send0: <= 64B:          128            2            2            2            0           100.0   0.0   0.0   0.0     0.0
Volume Send1: <= 4KB:          896           14           14           14            0           100.0   0.0   0.0   0.0     0.0
Volume Send2: <= 2MB:     1.15e+03           18           18           18            0           100.0   0.0   0.0   0.0     0.0

Timestep 5       Time=5e-05       Next delT=1e-05       Wall Time=1.94252   EMA=0.272782    Memory Used=263.24 MBs (avg) 264.90 MBs (max on rank: 38    )
Runtime Summary  summary stats for time step 5 at time=5e-05
  Description       Units       Minimum           Rank   Average (64)      Std. Dev.         Maximum           Rank   100*(1-ave/max) '% load imbalance'
  TaskExec          [seconds] : 0.220815        : 6    : 0.22367         : 0.00140709      : 0.226621        : 47   : 1.30227
  TaskLocalComm     [seconds] : 0.0234224       : 17   : 0.024976        : 0.00096733      : 0.0281118       : 7    : 11.1545
  TaskWaitCommTime  [seconds] : 0.00772811      : 47   : 0.0101726       : 0.0012563       : 0.0126738       : 44   : 19.7347
  NumberOfTasks     [tasks  ] : 6               : 0    : 6               : 0               : 6               : 0    : 0
  NumberOfPatches   [patches] : 1               : 0    : 1               : 0               : 1               : 0    : 0
  NumberOfCells     [cells  ] : 32768           : 0    : 32768           : 0               : 32768           : 0    : 0
  SCIMemoryUsed     [MBytes ] : 2.60198e+08     : 8    : 2.63236e+08     : 1.14446e+06     : 2.64897e+08     : 38   : 0.626914
  SCIMemoryMaxUsed  [MBytes ] : 2.60198e+08     : 8    : 2.63236e+08     : 1.14446e+06     : 2.64897e+08     : 38   : 0.626914
  MemoryUsed        [MBytes ] : 8.57625e+08     : 5    : 8.71844e+08     : 6.82383e+06     : 8.92678e+08     : 46   : 2.33387
  MemoryResident    [MBytes ] : 2.60198e+08     : 8    : 2.63236e+08     : 1.14446e+06     : 2.64897e+08     : 38   : 0.626914
  Percentage of time spent in overhead : 3.79017

________________________________________________________________________________
--------------------------------------------------------------------------------
MPIStats:+
--------------------------------------------------------------------------------
                Name:       Total:         Avg:         Min:         Max:    Max rank: Hist %% [  Q1 |  Q2 |  Q3 |  Q4 ]:  %%Load Imbalance
         Count: Recv:     1.66e+03           26           26           26            0           100.0   0.0   0.0   0.0     0.0
         Count: Redu:          512            8            8            8            0           100.0   0.0   0.0   0.0     0.0
         Count: Send:     1.66e+03           26           26           26            0           100.0   0.0   0.0   0.0     0.0
         Count: Test:          658         10.3            6           24           63            75.0   0.0   0.0  25.0    57.2
         Count: Wait:     2.94e+03           46           46           46            0           100.0   0.0   0.0   0.0     0.0
          Time: Recv:      6.83 ms     0.107 ms    0.0199 ms     0.429 ms           57            71.9   4.7  15.6   7.8    75.1
          Time: Redu:     0.731 s       11.4 ms     0.298 ms      20.1 ms           47            25.0   3.1  42.2  29.7    43.0
          Time: Send:      73.2 ms      1.14 ms     0.375 ms      2.42 ms            4            56.2  12.5  10.9  20.3    52.8
          Time: Test:      1.12 ms    0.0175 ms  2.45e+03 ns    0.0559 ms           49            59.4  10.9  14.1  15.6    68.6
          Time: Wait:     0.238 s       3.72 ms       1.8 ms       7.3 ms           44            50.0  17.2  18.8  14.1    49.0
Volume Recv TOTAL   :       319 MB      4.99 MB      4.99 MB      4.99 MB            0            98.4   0.0   0.0   1.6     0.0
Volume Recv0: <= 64B:           65         1.02            1            2            0            98.4   0.0   0.0   1.6    49.2
Volume Recv1: <= 4KB:          581         9.08            9           14            0            98.4   0.0   0.0   1.6    35.2
Volume Recv2: <= 2MB:     1.15e+03           18           18           18            0           100.0   0.0   0.0   0.0     0.0
Volume Send TOTAL   :       319 MB      4.99 MB      4.99 MB      4.99 MB            0           100.0   0.0   0.0   0.0     0.0
Volume Send0: <= 64B:          128            2            2            2            0           100.0   0.0   0.0   0.0     0.0
Volume Send1: <= 4KB:          896           14           14           14            0           100.0   0.0   0.0   0.0     0.0
Volume Send2: <= 2MB:     1.15e+03           18           18           18            0           100.0   0.0   0.0   0.0     0.0

Timestep 6       Time=6e-05       Next delT=1e-05       Wall Time=2.18797   EMA=0.264971    Memory Used=263.57 MBs (avg) 265.93 MBs (max on rank: 46    )
Runtime Summary  summary stats for time step 6 at time=6e-05
  Description       Units       Minimum           Rank   Average (64)      Std. Dev.         Maximum           Rank   100*(1-ave/max) '% load imbalance'
  TaskExec          [seconds] : 0.220572        : 11   : 0.223413        : 0.00161189      : 0.227014        : 47   : 1.58623
  TaskLocalComm     [seconds] : 0.0235353       : 32   : 0.025343        : 0.0013454       : 0.0286867       : 7    : 11.656
  TaskWaitCommTime  [seconds] : 0.00736849      : 47   : 0.0106165       : 0.00156576      : 0.0138449       : 44   : 23.3183
  NumberOfTasks     [tasks  ] : 6               : 0    : 6               : 0               : 6               : 0    : 0
  NumberOfPatches   [patches] : 1               : 0    : 1               : 0               : 1               : 0    : 0
  NumberOfCells     [cells  ] : 32768           : 0    : 32768           : 0               : 32768           : 0    : 0
  SCIMemoryUsed     [MBytes ] : 2.60612e+08     : 58   : 2.63575e+08     : 1.21165e+06     : 2.65933e+08     : 46   : 0.886768
  SCIMemoryMaxUsed  [MBytes ] : 2.60612e+08     : 58   : 2.63575e+08     : 1.21165e+06     : 2.65933e+08     : 46   : 0.886768
  MemoryUsed        [MBytes ] : 8.55622e+08     : 5    : 8.72125e+08     : 7.04966e+06     : 8.93624e+08     : 46   : 2.40589
  MemoryResident    [MBytes ] : 2.60612e+08     : 58   : 2.63575e+08     : 1.21165e+06     : 2.65933e+08     : 46   : 0.886768
  Percentage of time spent in overhead : 3.15632

________________________________________________________________________________
--------------------------------------------------------------------------------
MPIStats:+
--------------------------------------------------------------------------------
                Name:       Total:         Avg:         Min:         Max:    Max rank: Hist %% [  Q1 |  Q2 |  Q3 |  Q4 ]:  %%Load Imbalance
         Count: Recv:     1.66e+03           26           26           26            0           100.0   0.0   0.0   0.0     0.0
         Count: Redu:          512            8            8            8            0           100.0   0.0   0.0   0.0     0.0
         Count: Send:     1.66e+03           26           26           26            0           100.0   0.0   0.0   0.0     0.0
         Count: Test:          659         10.3            6           24           63            75.0   0.0   0.0  25.0    57.1
         Count: Wait:     2.94e+03           46           46           46            0           100.0   0.0   0.0   0.0     0.0
          Time: Recv:      7.32 ms     0.114 ms    0.0199 ms     0.537 ms           54            73.4   3.1  17.2   6.2    78.7
          Time: Redu:      0.75 s       11.7 ms     0.304 ms      19.6 ms           32            23.4   1.6  35.9  39.1    40.2
          Time: Send:      52.9 ms     0.827 ms     0.399 ms      1.98 ms           54            54.7  35.9   6.2   3.1    58.2
          Time: Test:      1.16 ms    0.0181 ms  2.46e+03 ns    0.0653 ms           63            60.9  10.9  17.2  10.9    72.3
          Time: Wait:     0.242 s       3.78 ms      1.65 ms      6.82 ms           44            40.6  23.4  15.6  20.3    44.6
Volume Recv TOTAL   :       319 MB      4.99 MB      4.99 MB      4.99 MB            0            98.4   0.0   0.0   1.6     0.0
Volume Recv0: <= 64B:           65         1.02            1            2            0            98.4   0.0   0.0   1.6    49.2
Volume Recv1: <= 4KB:          581         9.08            9           14            0            98.4   0.0   0.0   1.6    35.2
Volume Recv2: <= 2MB:     1.15e+03           18           18           18            0           100.0   0.0   0.0   0.0     0.0
Volume Send TOTAL   :       319 MB      4.99 MB      4.99 MB      4.99 MB            0           100.0   0.0   0.0   0.0     0.0
Volume Send0: <= 64B:          128            2            2            2            0           100.0   0.0   0.0   0.0     0.0
Volume Send1: <= 4KB:          896           14           14           14            0           100.0   0.0   0.0   0.0     0.0
Volume Send2: <= 2MB:     1.15e+03           18           18           18            0           100.0   0.0   0.0   0.0     0.0

Timestep 7       Time=7e-05       Next delT=1e-05       Wall Time=2.43354   EMA=0.260121    Memory Used=263.96 MBs (avg) 266.49 MBs (max on rank: 45    )
Runtime Summary  summary stats for time step 7 at time=7e-05
  Description       Units       Minimum           Rank   Average (64)      Std. Dev.         Maximum           Rank   100*(1-ave/max) '% load imbalance'
  TaskExec          [seconds] : 0.220198        : 11   : 0.223506        : 0.00171812      : 0.227368        : 47   : 1.69886
  TaskLocalComm     [seconds] : 0.0235644       : 17   : 0.024981        : 0.000936476     : 0.0274812       : 7    : 9.09807
  TaskWaitCommTime  [seconds] : 0.00719715      : 47   : 0.0105585       : 0.00155296      : 0.0133746       : 40   : 21.0555
  NumberOfTasks     [tasks  ] : 6               : 0    : 6               : 0               : 6               : 0    : 0
  NumberOfPatches   [patches] : 1               : 0    : 1               : 0               : 1               : 0    : 0
  NumberOfCells     [cells  ] : 32768           : 0    : 32768           : 0               : 32768           : 0    : 0
  SCIMemoryUsed     [MBytes ] : 2.60522e+08     : 14   : 2.63956e+08     : 1.30319e+06     : 2.66494e+08     : 45   : 0.952169
  SCIMemoryMaxUsed  [MBytes ] : 2.60522e+08     : 14   : 2.63956e+08     : 1.30319e+06     : 2.66494e+08     : 45   : 0.952169
  MemoryUsed        [MBytes ] : 8.56879e+08     : 5    : 8.72451e+08     : 6.84151e+06     : 8.93624e+08     : 46   : 2.36943
  MemoryResident    [MBytes ] : 2.60522e+08     : 14   : 2.63956e+08     : 1.30319e+06     : 2.66494e+08     : 45   : 0.952169
  Percentage of time spent in overhead : 2.70264

________________________________________________________________________________
--------------------------------------------------------------------------------
MPIStats:+
--------------------------------------------------------------------------------
                Name:       Total:         Avg:         Min:         Max:    Max rank: Hist %% [  Q1 |  Q2 |  Q3 |  Q4 ]:  %%Load Imbalance
         Count: Recv:     1.66e+03           26           26           26            0           100.0   0.0   0.0   0.0     0.0
         Count: Redu:          512            8            8            8            0           100.0   0.0   0.0   0.0     0.0
         Count: Send:     1.66e+03           26           26           26            0           100.0   0.0   0.0   0.0     0.0
         Count: Test:          658         10.3            6           24           63            75.0   0.0   0.0  25.0    57.2
         Count: Wait:     2.94e+03           46           46           46            0           100.0   0.0   0.0   0.0     0.0
          Time: Recv:      6.96 ms     0.109 ms      0.02 ms     0.463 ms           58            71.9   6.2  10.9  10.9    76.5
          Time: Redu:      0.72 s       11.3 ms     0.337 ms      20.2 ms           34            21.9  12.5  48.4  17.2    44.3
          Time: Send:        57 ms      0.89 ms     0.414 ms      2.51 ms           10            71.9  20.3   4.7   3.1    64.5
          Time: Test:      1.12 ms    0.0175 ms  2.66e+03 ns    0.0562 ms           55            60.9  10.9  15.6  12.5    69.0
          Time: Wait:     0.261 s       4.07 ms      1.66 ms      7.38 ms           44            34.4  21.9  25.0  18.8    44.8
Volume Recv TOTAL   :       319 MB      4.99 MB      4.99 MB      4.99 MB            0            98.4   0.0   0.0   1.6     0.0
Volume Recv0: <= 64B:           65         1.02            1            2            0            98.4   0.0   0.0   1.6    49.2
Volume Recv1: <= 4KB:          581         9.08            9           14            0            98.4   0.0   0.0   1.6    35.2
Volume Recv2: <= 2MB:     1.15e+03           18           18           18            0           100.0   0.0   0.0   0.0     0.0
Volume Send TOTAL   :       319 MB      4.99 MB      4.99 MB      4.99 MB            0           100.0   0.0   0.0   0.0     0.0
Volume Send0: <= 64B:          128            2            2            2            0           100.0   0.0   0.0   0.0     0.0
Volume Send1: <= 4KB:          896           14           14           14            0           100.0   0.0   0.0   0.0     0.0
Volume Send2: <= 2MB:     1.15e+03           18           18           18            0           100.0   0.0   0.0   0.0     0.0

Timestep 8       Time=8e-05       Next delT=1e-05       Wall Time=2.6786    EMA=0.256774    Memory Used=264.29 MBs (avg) 266.61 MBs (max on rank: 55    )
Runtime Summary  summary stats for time step 8 at time=8e-05
  Description       Units       Minimum           Rank   Average (64)      Std. Dev.         Maximum           Rank   100*(1-ave/max) '% load imbalance'
  TaskExec          [seconds] : 0.219737        : 6    : 0.222752        : 0.00167998      : 0.226757        : 34   : 1.76612
  TaskLocalComm     [seconds] : 0.0237034       : 35   : 0.0251234       : 0.00088416      : 0.0278415       : 10   : 9.76288
  TaskWaitCommTime  [seconds] : 0.00745543      : 34   : 0.0108582       : 0.00167154      : 0.0138577       : 39   : 21.6448
  NumberOfTasks     [tasks  ] : 6               : 0    : 6               : 0               : 6               : 0    : 0
  NumberOfPatches   [patches] : 1               : 0    : 1               : 0               : 1               : 0    : 0
  NumberOfCells     [cells  ] : 32768           : 0    : 32768           : 0               : 32768           : 0    : 0
  SCIMemoryUsed     [MBytes ] : 2.60891e+08     : 53   : 2.64288e+08     : 1.34924e+06     : 2.66613e+08     : 55   : 0.87188
  SCIMemoryMaxUsed  [MBytes ] : 2.60891e+08     : 53   : 2.64288e+08     : 1.34924e+06     : 2.66613e+08     : 55   : 0.87188
  MemoryUsed        [MBytes ] : 8.56879e+08     : 5    : 8.72729e+08     : 6.77637e+06     : 8.90155e+08     : 46   : 1.95758
  MemoryResident    [MBytes ] : 2.60891e+08     : 53   : 2.64288e+08     : 1.34924e+06     : 2.66613e+08     : 55   : 0.87188
  Percentage of time spent in overhead : 2.3614

________________________________________________________________________________
--------------------------------------------------------------------------------
MPIStats:+
--------------------------------------------------------------------------------
                Name:       Total:         Avg:         Min:         Max:    Max rank: Hist %% [  Q1 |  Q2 |  Q3 |  Q4 ]:  %%Load Imbalance
         Count: Recv:     1.66e+03           26           26           26            0           100.0   0.0   0.0   0.0     0.0
         Count: Redu:          512            8            8            8            0           100.0   0.0   0.0   0.0     0.0
         Count: Send:     1.66e+03           26           26           26            0           100.0   0.0   0.0   0.0     0.0
         Count: Test:          656         10.2            6           24           63            75.0   0.0   0.0  25.0    57.3
         Count: Wait:     2.94e+03           46           46           46            0           100.0   0.0   0.0   0.0     0.0
          Time: Recv:      6.83 ms     0.107 ms    0.0196 ms     0.377 ms           62            71.9   0.0   6.2  21.9    71.7
          Time: Redu:     0.745 s       11.6 ms     0.311 ms      20.5 ms           47            23.4   4.7  46.9  25.0    43.3
          Time: Send:      54.9 ms     0.859 ms     0.388 ms      2.16 ms           52            56.2  35.9   6.2   1.6    60.2
          Time: Test:      1.11 ms    0.0173 ms  2.24e+03 ns    0.0556 ms           50            62.5   6.2  14.1  17.2    68.8
          Time: Wait:     0.238 s       3.71 ms      1.69 ms      6.86 ms            2            43.8  20.3  18.8  17.2    45.9
Volume Recv TOTAL   :       319 MB      4.99 MB      4.99 MB      4.99 MB            0            98.4   0.0   0.0   1.6     0.0
Volume Recv0: <= 64B:           65         1.02            1            2            0            98.4   0.0   0.0   1.6    49.2
Volume Recv1: <= 4KB:          581         9.08            9           14            0            98.4   0.0   0.0   1.6    35.2
Volume Recv2: <= 2MB:     1.15e+03           18           18           18            0           100.0   0.0   0.0   0.0     0.0
Volume Send TOTAL   :       319 MB      4.99 MB      4.99 MB      4.99 MB            0           100.0   0.0   0.0   0.0     0.0
Volume Send0: <= 64B:          128            2            2            2            0           100.0   0.0   0.0   0.0     0.0
Volume Send1: <= 4KB:          896           14           14           14            0           100.0   0.0   0.0   0.0     0.0
Volume Send2: <= 2MB:     1.15e+03           18           18           18            0           100.0   0.0   0.0   0.0     0.0

Timestep 9       Time=9e-05       Next delT=1e-05       Wall Time=2.92401   EMA=0.254501    Memory Used=264.47 MBs (avg) 267.04 MBs (max on rank: 15    )
Runtime Summary  summary stats for time step 9 at time=9e-05
  Description       Units       Minimum           Rank   Average (64)      Std. Dev.         Maximum           Rank   100*(1-ave/max) '% load imbalance'
  TaskExec          [seconds] : 0.219968        : 2    : 0.223425        : 0.00172029      : 0.227226        : 47   : 1.67298
  TaskLocalComm     [seconds] : 0.0236128       : 47   : 0.0250959       : 0.000963559     : 0.0274455       : 7    : 8.5608
  TaskWaitCommTime  [seconds] : 0.00726272      : 47   : 0.010516        : 0.00151333      : 0.01347         : 2    : 21.9303
  NumberOfTasks     [tasks  ] : 6               : 0    : 6               : 0               : 6               : 0    : 0
  NumberOfPatches   [patches] : 1               : 0    : 1               : 0               : 1               : 0    : 0
  NumberOfCells     [cells  ] : 32768           : 0    : 32768           : 0               : 32768           : 0    : 0
  SCIMemoryUsed     [MBytes ] : 2.60489e+08     : 25   : 2.64472e+08     : 1.47866e+06     : 2.67043e+08     : 15   : 0.962722
  SCIMemoryMaxUsed  [MBytes ] : 2.60489e+08     : 25   : 2.64472e+08     : 1.47866e+06     : 2.67043e+08     : 15   : 0.962722
  MemoryUsed        [MBytes ] : 8.5794e+08      : 5    : 8.72884e+08     : 7.05102e+06     : 8.92359e+08     : 46   : 2.18236
  MemoryResident    [MBytes ] : 2.60489e+08     : 25   : 2.64472e+08     : 1.47866e+06     : 2.67043e+08     : 15   : 0.962722
  Percentage of time spent in overhead : 2.09495

________________________________________________________________________________
--------------------------------------------------------------------------------
MPIStats:+
--------------------------------------------------------------------------------
                Name:       Total:         Avg:         Min:         Max:    Max rank: Hist %% [  Q1 |  Q2 |  Q3 |  Q4 ]:  %%Load Imbalance
         Count: Recv:     1.66e+03           26           26           26            0           100.0   0.0   0.0   0.0     0.0
         Count: Redu:          512            8            8            8            0           100.0   0.0   0.0   0.0     0.0
         Count: Send:     1.66e+03           26           26           26            0           100.0   0.0   0.0   0.0     0.0
         Count: Test:          657         10.3            6           24           63            75.0   0.0   0.0  25.0    57.2
         Count: Wait:     2.94e+03           46           46           46            0           100.0   0.0   0.0   0.0     0.0
          Time: Recv:      7.19 ms     0.112 ms    0.0201 ms     0.476 ms           60            71.9   6.2  10.9  10.9    76.4
          Time: Redu:     0.799 s       12.5 ms     0.306 ms      19.2 ms           17            18.8   6.2  21.9  53.1    35.0
          Time: Send:      56.3 ms     0.879 ms     0.451 ms      2.74 ms            6            87.5   6.2   3.1   3.1    67.9
          Time: Test:      1.14 ms    0.0178 ms  2.52e+03 ns    0.0536 ms           53            60.9   6.2   7.8  25.0    66.8
          Time: Wait:     0.229 s       3.57 ms      1.75 ms      6.78 ms           39            50.0  15.6  18.8  15.6    47.4
Volume Recv TOTAL   :       319 MB      4.99 MB      4.99 MB      4.99 MB            0            98.4   0.0   0.0   1.6     0.0
Volume Recv0: <= 64B:           65         1.02            1            2            0            98.4   0.0   0.0   1.6    49.2
Volume Recv1: <= 4KB:          581         9.08            9           14            0            98.4   0.0   0.0   1.6    35.2
Volume Recv2: <= 2MB:     1.15e+03           18           18           18            0           100.0   0.0   0.0   0.0     0.0
Volume Send TOTAL   :       319 MB      4.99 MB      4.99 MB      4.99 MB            0           100.0   0.0   0.0   0.0     0.0
Volume Send0: <= 64B:          128            2            2            2            0           100.0   0.0   0.0   0.0     0.0
Volume Send1: <= 4KB:          896           14           14           14            0           100.0   0.0   0.0   0.0     0.0
Volume Send2: <= 2MB:     1.15e+03           18           18           18            0           100.0   0.0   0.0   0.0     0.0

Timestep 10      Time=0.0001      Next delT=1e-05       Wall Time=3.17039   EMA=0.253025    Memory Used=264.47 MBs (avg) 268.12 MBs (max on rank: 15    )
Runtime Summary  summary stats for time step 10 at time=0.0001
  Description       Units       Minimum           Rank   Average (64)      Std. Dev.         Maximum           Rank   100*(1-ave/max) '% load imbalance'
  TaskExec          [seconds] : 0.221024        : 11   : 0.22442         : 0.00141178      : 0.227957        : 32   : 1.55168
  TaskLocalComm     [seconds] : 0.023578        : 31   : 0.0252906       : 0.00127859      : 0.0292769       : 6    : 13.6157
  TaskWaitCommTime  [seconds] : 0.00736503      : 32   : 0.0104595       : 0.00133469      : 0.0132818       : 43   : 21.2489
  NumberOfTasks     [tasks  ] : 6               : 0    : 6               : 0               : 6               : 0    : 0
  NumberOfPatches   [patches] : 1               : 0    : 1               : 0               : 1               : 0    : 0
  NumberOfCells     [cells  ] : 32768           : 0    : 32768           : 0               : 32768           : 0    : 0
  SCIMemoryUsed     [MBytes ] : 2.60633e+08     : 6    : 2.64467e+08     : 1.51166e+06     : 2.6812e+08      : 15   : 1.36237
  SCIMemoryMaxUsed  [MBytes ] : 2.60633e+08     : 6    : 2.64467e+08     : 1.51166e+06     : 2.6812e+08      : 15   : 1.36237
  MemoryUsed        [MBytes ] : 8.5574e+08      : 5    : 8.72818e+08     : 6.97624e+06     : 8.92985e+08     : 46   : 2.25845
  MemoryResident    [MBytes ] : 2.60633e+08     : 6    : 2.64467e+08     : 1.51166e+06     : 2.6812e+08      : 15   : 1.36237
  Percentage of time spent in overhead : 1.88074
Sus: going down successfully
