Parallel: 256 MPI processes (using MPI)
Parallel: MPI Level Required: 0, provided: 0
Date:       Thu Aug 25 15:12:48 2022
Machine:    notch188
git branch:wasatch-low-cost-integ-cmake
git date:   Sat Jul 30 10:34:22 2022 -0600
git hash:   9315f9f96fa6304db4fe79378b145f37ea40016d
Assertion level: 0
CFLAGS:          
CXXFLAGS:        
______________________________________________________________________
Application Component: 	'wasatch'

-------------------------------------------------------------
Wasatch was built against:
  SpatialOps HASH: bd7a2bac76e42e2cb528b02e2cf1291d05c71926
             DATE: Fri Nov 12 11:34:54 2021 -0700
     ExprLib HASH: d2950c77edb22e5f3669ddaaf2d2ed29ceb24d2c
             DATE: Thu Aug 5 12:26:26 2021 -0600
    TabProps HASH: eca0dc5f26b20d4f6b1cebe51b1ae97e11871e83
             DATE: Wed Aug 11 20:11:26 2021 -0600
-------------------------------------------------------------

Linear Solver: 		hypre
Load Balancer: 		Simple
Scheduler: 		MPI
Patch layout: 		(8,8,4)
Grid statistics:
Number of levels:		1
Level 0:
  Periodic boundaries:		[int 1, 1, 1]
  Number of patches:		256
  Total number of cells:	8388608 (32768 avg. per patch)
Total patches in grid:		256
Total cells in grid:		8388608 (32768 avg. per patch)

Using small, individual MPI messages (no message combining)
Detected solver: hypre
SETTING UP CONVECTIVE FLUX EXPRESSION IN X DIRECTION USING CENTRAL
SETTING UP CONVECTIVE FLUX EXPRESSION IN Y DIRECTION USING CENTRAL
SETTING UP CONVECTIVE FLUX EXPRESSION IN Z DIRECTION USING CENTRAL
Setting initial conditions for scalability test equation: scalability0
SETTING UP CONVECTIVE FLUX EXPRESSION IN X DIRECTION USING CENTRAL
SETTING UP CONVECTIVE FLUX EXPRESSION IN Y DIRECTION USING CENTRAL
SETTING UP CONVECTIVE FLUX EXPRESSION IN Z DIRECTION USING CENTRAL
Setting initial conditions for scalability test equation: scalability1
SETTING UP CONVECTIVE FLUX EXPRESSION IN X DIRECTION USING CENTRAL
SETTING UP CONVECTIVE FLUX EXPRESSION IN Y DIRECTION USING CENTRAL
SETTING UP CONVECTIVE FLUX EXPRESSION IN Z DIRECTION USING CENTRAL
Setting initial conditions for scalability test equation: scalability2
------------------------------------------------
No BoundaryConditions specified
  This message will only occur once

Compiling initialization taskgraph.
------------------------------------------------
SETTING INITIAL BOUNDARY CONDITIONS:
------------------------------------------------
Setting Initial BCs for transport equation 'scalability0'
Setting Initial BCs for transport equation 'scalability1'
Setting Initial BCs for transport equation 'scalability2'
------------------------------------------------
Wasatch: done creating initialization task(s)
Scheduling Task 'compute timestep' COMPUTES 'delT' in NEW data warehouse
Wasatch: done creating timestep task(s)
Done with taskgraph compile (0.000120271 seconds)
Warning: addContribution not implemented for LoadBalancerCommon.
WARNING at time step 0 and sim time 0 : lowering the next delT from 1 to the maximum: 1e-05

________________________________________________________________________________
--------------------------------------------------------------------------------
MPIStats:+
--------------------------------------------------------------------------------
                Name:       Total:         Avg:         Min:         Max:    Max rank: Hist %% [  Q1 |  Q2 |  Q3 |  Q4 ]:  %%Load Imbalance
         Count: Comm:          256            1            1            1          254           100.0   0.0   0.0   0.0     0.0
         Count: Gath:          512            2            2            2          254           100.0   0.0   0.0   0.0     0.0
         Count: Redu:          256            1            1            1          254           100.0   0.0   0.0   0.0     0.0
          Time: Comm:     0.821 s       3.21 ms      1.78 ms      4.39 ms           53            12.9  28.9  33.2  25.0    26.9
          Time: Gath:      9.13 s       35.7 ms      18.8 ms      44.3 ms          171             8.2  18.8  31.2  41.8    19.5
          Time: Redu:      1.21 s       4.74 ms     0.047 ms      6.13 ms          201             7.4   5.5  14.8  72.3    22.7
Volume Recv TOTAL   :       666 KB       2.6 KB       2.6 KB       2.6 KB          254           100.0   0.0   0.0   0.0     0.0
Volume Recv0: <= 64B:          256            1            1            1          254           100.0   0.0   0.0   0.0     0.0
Volume Recv1: <= 4KB:          512            2            2            2          254           100.0   0.0   0.0   0.0     0.0
Volume Send TOTAL   :      68.6 KB    274.375 B        273 B        277 B           86            65.6   0.0   0.0  34.4     0.9
Volume Send0: <= 64B:          512            2            2            2          254           100.0   0.0   0.0   0.0     0.0
Volume Send1: <= 4KB:          256            1            1            1          254           100.0   0.0   0.0   0.0     0.0


Simulation and run time stats are reported at the end of each time step
EMA == Wall time as an exponential moving average using a window of the last 10 time steps
Timestep 0       Time=0           Next delT=1e-05       Wall Time=0.127595  EMA=0.118415    Memory Used=115.90 MBs (avg) 116.70 MBs (max on rank: 12    )
Warning: finalizeContributions not implemented for LoadBalancerCommon.
Warning: resetCostForecaster not implemented for LoadBalancerCommon.
Compiling taskgraph(s)...
------------------------------------------------
SETTING BOUNDARY CONDITIONS:
------------------------------------------------
Setting BCs for transport equation 'scalability0'
Setting BCs for transport equation 'scalability1'
Setting BCs for transport equation 'scalability2'
------------------------------------------------
Wasatch: done creating solution task(s)
Wasatch: done creating solution task(s)
Wasatch: done creating post-processing task(s)
Scheduling Task 'compute timestep' COMPUTES 'delT' in NEW data warehouse
Wasatch: done creating timestep task(s)
Done with taskgraph compile (0.0342521 seconds)

________________________________________________________________________________
--------------------------------------------------------------------------------
MPIStats:+
--------------------------------------------------------------------------------
                Name:       Total:         Avg:         Min:         Max:    Max rank: Hist %% [  Q1 |  Q2 |  Q3 |  Q4 ]:  %%Load Imbalance
         Count: Recv:     1.33e+04           52           52           52          254           100.0   0.0   0.0   0.0     0.0
         Count: Redu:     2.05e+03            8            8            8          254           100.0   0.0   0.0   0.0     0.0
         Count: Send:     1.33e+04           52           52           52          254           100.0   0.0   0.0   0.0     0.0
         Count: Test:     2.14e+03         8.34            8           14          255            92.6   2.0   4.3   1.2    40.4
         Count: Wait:     2.46e+04           96           96           96          254           100.0   0.0   0.0   0.0     0.0
          Time: Recv:      6.71 ms    0.0262 ms    0.0172 ms     0.158 ms           73            95.7   1.6   1.2   1.6    83.4
          Time: Redu:      1.72 s       6.74 ms     0.442 ms      15.9 ms           56            39.5  29.3  14.8  16.4    57.6
          Time: Send:     0.303 s       1.19 ms     0.928 ms      1.71 ms           63            29.3  60.9   9.4   0.4    30.8
          Time: Test:      3.09 ms    0.0121 ms  4.14e+03 ns     0.182 ms          255            95.7   3.1   0.8   0.4    93.4
          Time: Wait:      4.31 s       16.8 ms      1.08 ms      61.2 ms          108            52.0  43.8   0.0   4.3    72.5
Volume Recv TOTAL   :       153 MB       613 KB       613 KB       615 KB            0            99.6   0.0   0.0   0.4     0.3
Volume Recv0: <= 64B:      2.3e+03            9            9           10            0            99.6   0.0   0.0   0.4    10.0
Volume Recv1: <= 4KB:     8.45e+03           33           33           38            0            99.6   0.0   0.0   0.4    13.1
Volume Recv2: <= 2MB:     3.07e+03           12           12           12          254           100.0   0.0   0.0   0.0     0.0
Volume Send TOTAL   :       154 MB       615 KB       615 KB       615 KB          254           100.0   0.0   0.0   0.0     0.0
Volume Send0: <= 64B:     2.56e+03           10           10           10          254           100.0   0.0   0.0   0.0     0.0
Volume Send1: <= 4KB:     9.73e+03           38           38           38          254           100.0   0.0   0.0   0.0     0.0
Volume Send2: <= 2MB:     3.07e+03           12           12           12          254           100.0   0.0   0.0   0.0     0.0

Timestep 1       Time=1e-05       Next delT=1e-05       Wall Time=0.226268  EMA=0.0986377   Memory Used=121.38 MBs (avg) 122.22 MBs (max on rank: 240   )
Runtime Summary  summary stats for time step 1 at time=1e-05
  Description       Units       Minimum           Rank   Average (256)     Std. Dev.         Maximum           Rank   100*(1-ave/max) '% load imbalance'
  Compilation       [seconds] : 0.021588        : 77   : 0.0303958       : 0.00504005      : 0.0412229       : 190  : 26.2649
  TaskExec          [seconds] : 0.0118701       : 212  : 0.0492387       : 0.00873912      : 0.0645534       : 90   : 23.7241
  TaskLocalComm     [seconds] : 0.00261382      : 177  : 0.00361033      : 0.000267468     : 0.00459713      : 235  : 21.4654
  TaskWaitCommTime  [seconds] : 0.00141073      : 132  : 0.0171964       : 0.0100332       : 0.0615991       : 108  : 72.0833
  NumberOfTasks     [tasks  ] : 8               : 0    : 8               : 0               : 8               : 0    : 0
  NumberOfPatches   [patches] : 1               : 0    : 1               : 0               : 1               : 0    : 0
  NumberOfCells     [cells  ] : 32768           : 0    : 32768           : 0               : 32768           : 0    : 0
  SCIMemoryUsed     [MBytes ] : 1.20345e+08     : 5    : 1.21379e+08     : 273381          : 1.22225e+08     : 240  : 0.691474
  SCIMemoryMaxUsed  [MBytes ] : 1.20345e+08     : 5    : 1.21379e+08     : 273381          : 1.22225e+08     : 240  : 0.691474
  MemoryUsed        [MBytes ] : 6.40217e+08     : 67   : 6.53191e+08     : 4.54379e+06     : 6.7011e+08      : 32   : 2.52478
  MemoryResident    [MBytes ] : 1.20345e+08     : 5    : 1.21379e+08     : 273381          : 1.22225e+08     : 240  : 0.691474
  Percentage of time spent in overhead : 30.2623

________________________________________________________________________________
--------------------------------------------------------------------------------
MPIStats:+
--------------------------------------------------------------------------------
                Name:       Total:         Avg:         Min:         Max:    Max rank: Hist %% [  Q1 |  Q2 |  Q3 |  Q4 ]:  %%Load Imbalance
         Count: Recv:     1.33e+04           52           52           52          254           100.0   0.0   0.0   0.0     0.0
         Count: Redu:     2.05e+03            8            8            8          254           100.0   0.0   0.0   0.0     0.0
         Count: Send:     1.33e+04           52           52           52          254           100.0   0.0   0.0   0.0     0.0
         Count: Test:     2.14e+03         8.34            8           14          255            92.6   1.6   4.7   1.2    40.4
         Count: Wait:     2.46e+04           96           96           96          254           100.0   0.0   0.0   0.0     0.0
          Time: Recv:      7.41 ms    0.0289 ms    0.0149 ms    0.0916 ms           21            73.4  23.4   2.3   0.8    68.4
          Time: Redu:      1.46 s       5.72 ms      0.22 ms      10.8 ms           62             3.5  47.3  37.5  11.7    47.2
          Time: Send:     0.111 s      0.432 ms     0.197 ms     0.666 ms          247             8.2  42.6  39.5   9.8    35.1
          Time: Test:      1.72 ms  6.72e+03 ns  2.87e+03 ns    0.0458 ms          231            91.0   7.0   0.4   1.6    85.3
          Time: Wait:      2.46 s        9.6 ms      4.07 ms      16.5 ms          240            23.8  27.3  41.4   7.4    42.0
Volume Recv TOTAL   :       153 MB       613 KB       613 KB       615 KB            0            99.6   0.0   0.0   0.4     0.3
Volume Recv0: <= 64B:      2.3e+03            9            9           10            0            99.6   0.0   0.0   0.4    10.0
Volume Recv1: <= 4KB:     8.45e+03           33           33           38            0            99.6   0.0   0.0   0.4    13.1
Volume Recv2: <= 2MB:     3.07e+03           12           12           12          254           100.0   0.0   0.0   0.0     0.0
Volume Send TOTAL   :       154 MB       615 KB       615 KB       615 KB          254           100.0   0.0   0.0   0.0     0.0
Volume Send0: <= 64B:     2.56e+03           10           10           10          254           100.0   0.0   0.0   0.0     0.0
Volume Send1: <= 4KB:     9.73e+03           38           38           38          254           100.0   0.0   0.0   0.0     0.0
Volume Send2: <= 2MB:     3.07e+03           12           12           12          254           100.0   0.0   0.0   0.0     0.0

Timestep 2       Time=2e-05       Next delT=1e-05       Wall Time=0.258022  EMA=0.0540481   Memory Used=121.92 MBs (avg) 122.90 MBs (max on rank: 240   )
Runtime Summary  summary stats for time step 2 at time=2e-05
  Description       Units       Minimum           Rank   Average (256)     Std. Dev.         Maximum           Rank   100*(1-ave/max) '% load imbalance'
  TaskExec          [seconds] : 0.0125919       : 240  : 0.0196525       : 0.00286151      : 0.0253477       : 79   : 22.4684
  TaskLocalComm     [seconds] : 0.00184862      : 220  : 0.00279592      : 0.000399482     : 0.00473007      : 21   : 40.8904
  TaskWaitCommTime  [seconds] : 0.00438496      : 79   : 0.0100409       : 0.00288762      : 0.0170201       : 240  : 41.0058
  NumberOfTasks     [tasks  ] : 8               : 0    : 8               : 0               : 8               : 0    : 0
  NumberOfPatches   [patches] : 1               : 0    : 1               : 0               : 1               : 0    : 0
  NumberOfCells     [cells  ] : 32768           : 0    : 32768           : 0               : 32768           : 0    : 0
  SCIMemoryUsed     [MBytes ] : 1.21307e+08     : 135  : 1.21923e+08     : 231376          : 1.229e+08       : 240  : 0.795544
  SCIMemoryMaxUsed  [MBytes ] : 1.21307e+08     : 135  : 1.21923e+08     : 231376          : 1.229e+08       : 240  : 0.795544
  MemoryUsed        [MBytes ] : 6.40381e+08     : 67   : 6.53859e+08     : 4.43321e+06     : 6.70274e+08     : 32   : 2.44898
  MemoryResident    [MBytes ] : 1.21307e+08     : 135  : 1.21923e+08     : 231376          : 1.229e+08       : 240  : 0.795544
  Percentage of time spent in overhead : 15.131

________________________________________________________________________________
--------------------------------------------------------------------------------
MPIStats:+
--------------------------------------------------------------------------------
                Name:       Total:         Avg:         Min:         Max:    Max rank: Hist %% [  Q1 |  Q2 |  Q3 |  Q4 ]:  %%Load Imbalance
         Count: Recv:     1.33e+04           52           52           52          254           100.0   0.0   0.0   0.0     0.0
         Count: Redu:     2.05e+03            8            8            8          254           100.0   0.0   0.0   0.0     0.0
         Count: Send:     1.33e+04           52           52           52          254           100.0   0.0   0.0   0.0     0.0
         Count: Test:     2.14e+03         8.38            8           16          255            91.4   7.0   1.2   0.4    47.7
         Count: Wait:     2.46e+04           96           96           96          254           100.0   0.0   0.0   0.0     0.0
          Time: Recv:      7.23 ms    0.0283 ms    0.0154 ms    0.0971 ms           61            82.8  14.5   2.0   0.8    70.9
          Time: Redu:      1.53 s       5.98 ms     0.286 ms      11.4 ms          254             3.5  46.9  37.1  12.5    47.4
          Time: Send:      65.5 ms     0.256 ms     0.121 ms     0.587 ms          246            45.7  42.2  10.2   2.0    56.4
          Time: Test:       1.7 ms  6.64e+03 ns  2.56e+03 ns    0.0403 ms          229            88.3   9.4   2.0   0.4    83.5
          Time: Wait:      2.45 s       9.56 ms      3.83 ms      16.5 ms          240            24.2  25.4  42.2   8.2    42.0
Volume Recv TOTAL   :       153 MB       613 KB       613 KB       615 KB            0            99.6   0.0   0.0   0.4     0.3
Volume Recv0: <= 64B:      2.3e+03            9            9           10            0            99.6   0.0   0.0   0.4    10.0
Volume Recv1: <= 4KB:     8.45e+03           33           33           38            0            99.6   0.0   0.0   0.4    13.1
Volume Recv2: <= 2MB:     3.07e+03           12           12           12          254           100.0   0.0   0.0   0.0     0.0
Volume Send TOTAL   :       154 MB       615 KB       615 KB       615 KB          254           100.0   0.0   0.0   0.0     0.0
Volume Send0: <= 64B:     2.56e+03           10           10           10          254           100.0   0.0   0.0   0.0     0.0
Volume Send1: <= 4KB:     9.73e+03           38           38           38          254           100.0   0.0   0.0   0.0     0.0
Volume Send2: <= 2MB:     3.07e+03           12           12           12          254           100.0   0.0   0.0   0.0     0.0

Timestep 3       Time=3e-05       Next delT=1e-05       Wall Time=0.289597  EMA=0.0428116   Memory Used=123.01 MBs (avg) 124.01 MBs (max on rank: 240   )
Runtime Summary  summary stats for time step 3 at time=3e-05
  Description       Units       Minimum           Rank   Average (256)     Std. Dev.         Maximum           Rank   100*(1-ave/max) '% load imbalance'
  TaskExec          [seconds] : 0.0126178       : 240  : 0.0195497       : 0.00295851      : 0.0253486       : 79   : 22.8764
  TaskLocalComm     [seconds] : 0.00166726      : 88   : 0.0025985       : 0.000398797     : 0.00418817      : 21   : 37.9562
  TaskWaitCommTime  [seconds] : 0.00415368      : 79   : 0.0100031       : 0.00299329      : 0.0170209       : 240  : 41.2307
  NumberOfTasks     [tasks  ] : 8               : 0    : 8               : 0               : 8               : 0    : 0
  NumberOfPatches   [patches] : 1               : 0    : 1               : 0               : 1               : 0    : 0
  NumberOfCells     [cells  ] : 32768           : 0    : 32768           : 0               : 32768           : 0    : 0
  SCIMemoryUsed     [MBytes ] : 1.22397e+08     : 135  : 1.23013e+08     : 234003          : 1.24015e+08     : 240  : 0.807286
  SCIMemoryMaxUsed  [MBytes ] : 1.22397e+08     : 135  : 1.23013e+08     : 234003          : 1.24015e+08     : 240  : 0.807286
  MemoryUsed        [MBytes ] : 6.41323e+08     : 67   : 6.54801e+08     : 4.43327e+06     : 6.71216e+08     : 32   : 2.44543
  MemoryResident    [MBytes ] : 1.22397e+08     : 135  : 1.23013e+08     : 234003          : 1.24015e+08     : 240  : 0.807286
  Percentage of time spent in overhead : 10.0866

________________________________________________________________________________
--------------------------------------------------------------------------------
MPIStats:+
--------------------------------------------------------------------------------
                Name:       Total:         Avg:         Min:         Max:    Max rank: Hist %% [  Q1 |  Q2 |  Q3 |  Q4 ]:  %%Load Imbalance
         Count: Recv:     1.33e+04           52           52           52          254           100.0   0.0   0.0   0.0     0.0
         Count: Redu:     2.05e+03            8            8            8          254           100.0   0.0   0.0   0.0     0.0
         Count: Send:     1.33e+04           52           52           52          254           100.0   0.0   0.0   0.0     0.0
         Count: Test:     2.14e+03         8.36            8           14          255            91.8   2.0   5.1   1.2    40.3
         Count: Wait:     2.46e+04           96           96           96          254           100.0   0.0   0.0   0.0     0.0
          Time: Recv:      7.29 ms    0.0285 ms    0.0147 ms    0.0719 ms           21            62.1  28.5   6.2   3.1    60.4
          Time: Redu:      1.31 s        5.1 ms     0.239 ms      9.62 ms           62             3.5  46.9  36.3  13.3    47.0
          Time: Send:      65.1 ms     0.254 ms     0.125 ms     0.531 ms          233            47.3  32.4  15.2   5.1    52.2
          Time: Test:      1.65 ms  6.43e+03 ns  2.41e+03 ns    0.0519 ms          191            93.8   5.1   0.8   0.4    87.6
          Time: Wait:      2.33 s       9.09 ms      3.68 ms      16.5 ms          240            29.7  21.9  44.9   3.5    45.1
Volume Recv TOTAL   :       153 MB       613 KB       613 KB       615 KB            0            99.6   0.0   0.0   0.4     0.3
Volume Recv0: <= 64B:      2.3e+03            9            9           10            0            99.6   0.0   0.0   0.4    10.0
Volume Recv1: <= 4KB:     8.45e+03           33           33           38            0            99.6   0.0   0.0   0.4    13.1
Volume Recv2: <= 2MB:     3.07e+03           12           12           12          254           100.0   0.0   0.0   0.0     0.0
Volume Send TOTAL   :       154 MB       615 KB       615 KB       615 KB          254           100.0   0.0   0.0   0.0     0.0
Volume Send0: <= 64B:     2.56e+03           10           10           10          254           100.0   0.0   0.0   0.0     0.0
Volume Send1: <= 4KB:     9.73e+03           38           38           38          254           100.0   0.0   0.0   0.0     0.0
Volume Send2: <= 2MB:     3.07e+03           12           12           12          254           100.0   0.0   0.0   0.0     0.0

Timestep 4       Time=4e-05       Next delT=1e-05       Wall Time=0.320113  EMA=0.0378931   Memory Used=122.52 MBs (avg) 123.55 MBs (max on rank: 240   )
Runtime Summary  summary stats for time step 4 at time=4e-05
  Description       Units       Minimum           Rank   Average (256)     Std. Dev.         Maximum           Rank   100*(1-ave/max) '% load imbalance'
  TaskExec          [seconds] : 0.0114638       : 240  : 0.0189106       : 0.00292156      : 0.0244432       : 214  : 22.6347
  TaskLocalComm     [seconds] : 0.00169341      : 248  : 0.00264479      : 0.000418127     : 0.00428704      : 21   : 38.3073
  TaskWaitCommTime  [seconds] : 0.00402297      : 214  : 0.00952863      : 0.002948        : 0.0171129       : 240  : 44.319
  NumberOfTasks     [tasks  ] : 8               : 0    : 8               : 0               : 8               : 0    : 0
  NumberOfPatches   [patches] : 1               : 0    : 1               : 0               : 1               : 0    : 0
  NumberOfCells     [cells  ] : 32768           : 0    : 32768           : 0               : 32768           : 0    : 0
  SCIMemoryUsed     [MBytes ] : 1.21893e+08     : 135  : 1.22516e+08     : 237646          : 1.23548e+08     : 240  : 0.834645
  SCIMemoryMaxUsed  [MBytes ] : 1.21893e+08     : 135  : 1.22516e+08     : 237646          : 1.23548e+08     : 240  : 0.834645
  MemoryUsed        [MBytes ] : 6.40696e+08     : 67   : 6.54173e+08     : 4.43324e+06     : 6.70589e+08     : 32   : 2.44804
  MemoryResident    [MBytes ] : 1.21893e+08     : 135  : 1.22516e+08     : 237646          : 1.23548e+08     : 240  : 0.834645
  Percentage of time spent in overhead : 7.56344

________________________________________________________________________________
--------------------------------------------------------------------------------
MPIStats:+
--------------------------------------------------------------------------------
                Name:       Total:         Avg:         Min:         Max:    Max rank: Hist %% [  Q1 |  Q2 |  Q3 |  Q4 ]:  %%Load Imbalance
         Count: Recv:     1.33e+04           52           52           52          254           100.0   0.0   0.0   0.0     0.0
         Count: Redu:     2.05e+03            8            8            8          254           100.0   0.0   0.0   0.0     0.0
         Count: Send:     1.33e+04           52           52           52          254           100.0   0.0   0.0   0.0     0.0
         Count: Test:     2.14e+03         8.36            8           14          255            91.8   1.6   5.5   1.2    40.3
         Count: Wait:     2.46e+04           96           96           96          254           100.0   0.0   0.0   0.0     0.0
          Time: Recv:      7.23 ms    0.0283 ms    0.0152 ms    0.0763 ms           37            65.2  28.9   4.7   1.2    63.0
          Time: Redu:      1.12 s       4.39 ms     0.264 ms       9.5 ms          254             9.0  59.8  26.6   4.7    53.8
          Time: Send:      70.8 ms     0.276 ms     0.128 ms     0.709 ms          173            52.3  39.1   7.4   1.2    61.0
          Time: Test:      1.66 ms  6.47e+03 ns  2.58e+03 ns     0.029 ms          227            85.9   7.8   4.3   2.0    77.7
          Time: Wait:      2.38 s       9.29 ms      3.69 ms      15.9 ms          240            26.2  23.8  42.6   7.4    41.7
Volume Recv TOTAL   :       153 MB       613 KB       613 KB       615 KB            0            99.6   0.0   0.0   0.4     0.3
Volume Recv0: <= 64B:      2.3e+03            9            9           10            0            99.6   0.0   0.0   0.4    10.0
Volume Recv1: <= 4KB:     8.45e+03           33           33           38            0            99.6   0.0   0.0   0.4    13.1
Volume Recv2: <= 2MB:     3.07e+03           12           12           12          254           100.0   0.0   0.0   0.0     0.0
Volume Send TOTAL   :       154 MB       615 KB       615 KB       615 KB          254           100.0   0.0   0.0   0.0     0.0
Volume Send0: <= 64B:     2.56e+03           10           10           10          254           100.0   0.0   0.0   0.0     0.0
Volume Send1: <= 4KB:     9.73e+03           38           38           38          254           100.0   0.0   0.0   0.0     0.0
Volume Send2: <= 2MB:     3.07e+03           12           12           12          254           100.0   0.0   0.0   0.0     0.0

Timestep 5       Time=5e-05       Next delT=1e-05       Wall Time=0.350167  EMA=0.0352804   Memory Used=123.27 MBs (avg) 124.34 MBs (max on rank: 240   )
Runtime Summary  summary stats for time step 5 at time=5e-05
  Description       Units       Minimum           Rank   Average (256)     Std. Dev.         Maximum           Rank   100*(1-ave/max) '% load imbalance'
  TaskExec          [seconds] : 0.011588        : 64   : 0.0182734       : 0.00278489      : 0.0239266       : 159  : 23.6271
  TaskLocalComm     [seconds] : 0.00168584      : 124  : 0.00266063      : 0.00039881      : 0.00435755      : 173  : 38.9421
  TaskWaitCommTime  [seconds] : 0.00409258      : 159  : 0.00972005      : 0.00282215      : 0.016544        : 64   : 41.2474
  NumberOfTasks     [tasks  ] : 8               : 0    : 8               : 0               : 8               : 0    : 0
  NumberOfPatches   [patches] : 1               : 0    : 1               : 0               : 1               : 0    : 0
  NumberOfCells     [cells  ] : 32768           : 0    : 32768           : 0               : 32768           : 0    : 0
  SCIMemoryUsed     [MBytes ] : 1.22642e+08     : 135  : 1.23269e+08     : 242661          : 1.24338e+08     : 240  : 0.859887
  SCIMemoryMaxUsed  [MBytes ] : 1.22642e+08     : 135  : 1.23269e+08     : 242661          : 1.24338e+08     : 240  : 0.859887
  MemoryUsed        [MBytes ] : 6.41323e+08     : 67   : 6.54801e+08     : 4.43327e+06     : 6.71216e+08     : 32   : 2.44543
  MemoryResident    [MBytes ] : 1.22642e+08     : 135  : 1.23269e+08     : 242661          : 1.24338e+08     : 240  : 0.859887
  Percentage of time spent in overhead : 6.04829

________________________________________________________________________________
--------------------------------------------------------------------------------
MPIStats:+
--------------------------------------------------------------------------------
                Name:       Total:         Avg:         Min:         Max:    Max rank: Hist %% [  Q1 |  Q2 |  Q3 |  Q4 ]:  %%Load Imbalance
         Count: Recv:     1.33e+04           52           52           52          254           100.0   0.0   0.0   0.0     0.0
         Count: Redu:     2.05e+03            8            8            8          254           100.0   0.0   0.0   0.0     0.0
         Count: Send:     1.33e+04           52           52           52          254           100.0   0.0   0.0   0.0     0.0
         Count: Test:     2.14e+03         8.36            8           14          255            91.8   1.6   5.1   1.6    40.3
         Count: Wait:     2.46e+04           96           96           96          254           100.0   0.0   0.0   0.0     0.0
          Time: Recv:      7.53 ms    0.0294 ms    0.0152 ms    0.0816 ms          161            63.3  30.9   4.3   1.6    64.0
          Time: Redu:      1.16 s       4.54 ms     0.273 ms       9.5 ms          251             3.5  60.9  30.9   4.7    52.3
          Time: Send:      63.2 ms     0.247 ms     0.122 ms     0.608 ms          235            56.2  33.6   7.8   2.3    59.4
          Time: Test:      1.64 ms  6.41e+03 ns  2.61e+03 ns    0.0357 ms          126            87.9   8.6   2.3   1.2    82.1
          Time: Wait:      2.27 s       8.88 ms      3.59 ms      13.5 ms          192            17.2  32.0  23.0  27.7    34.4
Volume Recv TOTAL   :       153 MB       613 KB       613 KB       615 KB            0            99.6   0.0   0.0   0.4     0.3
Volume Recv0: <= 64B:      2.3e+03            9            9           10            0            99.6   0.0   0.0   0.4    10.0
Volume Recv1: <= 4KB:     8.45e+03           33           33           38            0            99.6   0.0   0.0   0.4    13.1
Volume Recv2: <= 2MB:     3.07e+03           12           12           12          254           100.0   0.0   0.0   0.0     0.0
Volume Send TOTAL   :       154 MB       615 KB       615 KB       615 KB          254           100.0   0.0   0.0   0.0     0.0
Volume Send0: <= 64B:     2.56e+03           10           10           10          254           100.0   0.0   0.0   0.0     0.0
Volume Send1: <= 4KB:     9.73e+03           38           38           38          254           100.0   0.0   0.0   0.0     0.0
Volume Send2: <= 2MB:     3.07e+03           12           12           12          254           100.0   0.0   0.0   0.0     0.0

Timestep 6       Time=6e-05       Next delT=1e-05       Wall Time=0.380771  EMA=0.0339442   Memory Used=122.76 MBs (avg) 123.84 MBs (max on rank: 240   )
Runtime Summary  summary stats for time step 6 at time=6e-05
  Description       Units       Minimum           Rank   Average (256)     Std. Dev.         Maximum           Rank   100*(1-ave/max) '% load imbalance'
  TaskExec          [seconds] : 0.0141288       : 168  : 0.0191909       : 0.00273414      : 0.0245836       : 159  : 21.9361
  TaskLocalComm     [seconds] : 0.00165215      : 248  : 0.00267071      : 0.00039         : 0.00401879      : 161  : 33.5444
  TaskWaitCommTime  [seconds] : 0.00394496      : 159  : 0.00932114      : 0.00277425      : 0.0143887       : 168  : 35.2189
  NumberOfTasks     [tasks  ] : 8               : 0    : 8               : 0               : 8               : 0    : 0
  NumberOfPatches   [patches] : 1               : 0    : 1               : 0               : 1               : 0    : 0
  NumberOfCells     [cells  ] : 32768           : 0    : 32768           : 0               : 32768           : 0    : 0
  SCIMemoryUsed     [MBytes ] : 1.22126e+08     : 135  : 1.22757e+08     : 246723          : 1.23843e+08     : 240  : 0.876183
  SCIMemoryMaxUsed  [MBytes ] : 1.22126e+08     : 135  : 1.22757e+08     : 246723          : 1.23843e+08     : 240  : 0.876183
  MemoryUsed        [MBytes ] : 6.40696e+08     : 67   : 6.54173e+08     : 4.43324e+06     : 6.70589e+08     : 32   : 2.44804
  MemoryResident    [MBytes ] : 1.22126e+08     : 135  : 1.22757e+08     : 246723          : 1.23843e+08     : 240  : 0.876183
  Percentage of time spent in overhead : 5.03681

________________________________________________________________________________
--------------------------------------------------------------------------------
MPIStats:+
--------------------------------------------------------------------------------
                Name:       Total:         Avg:         Min:         Max:    Max rank: Hist %% [  Q1 |  Q2 |  Q3 |  Q4 ]:  %%Load Imbalance
         Count: Recv:     1.33e+04           52           52           52          254           100.0   0.0   0.0   0.0     0.0
         Count: Redu:     2.05e+03            8            8            8          254           100.0   0.0   0.0   0.0     0.0
         Count: Send:     1.33e+04           52           52           52          254           100.0   0.0   0.0   0.0     0.0
         Count: Test:     2.14e+03         8.36            8           14          255            91.4   2.3   5.1   1.2    40.3
         Count: Wait:     2.46e+04           96           96           96          254           100.0   0.0   0.0   0.0     0.0
          Time: Recv:      7.45 ms    0.0291 ms    0.0152 ms    0.0951 ms          243            71.5  25.4   2.7   0.4    69.4
          Time: Redu:     0.646 s       2.52 ms     0.252 ms      6.56 ms          215            29.3  46.9  18.4   5.5    61.5
          Time: Send:      60.8 ms     0.238 ms     0.124 ms     0.547 ms          171            60.9  23.4  13.3   2.3    56.6
          Time: Test:      1.76 ms  6.88e+03 ns  2.13e+03 ns    0.0369 ms          190            87.5   7.4   3.1   2.0    81.3
          Time: Wait:      2.29 s       8.96 ms      3.68 ms      13.5 ms          204            18.4  31.2  18.0  32.4    33.7
Volume Recv TOTAL   :       153 MB       613 KB       613 KB       615 KB            0            99.6   0.0   0.0   0.4     0.3
Volume Recv0: <= 64B:      2.3e+03            9            9           10            0            99.6   0.0   0.0   0.4    10.0
Volume Recv1: <= 4KB:     8.45e+03           33           33           38            0            99.6   0.0   0.0   0.4    13.1
Volume Recv2: <= 2MB:     3.07e+03           12           12           12          254           100.0   0.0   0.0   0.0     0.0
Volume Send TOTAL   :       154 MB       615 KB       615 KB       615 KB          254           100.0   0.0   0.0   0.0     0.0
Volume Send0: <= 64B:     2.56e+03           10           10           10          254           100.0   0.0   0.0   0.0     0.0
Volume Send1: <= 4KB:     9.73e+03           38           38           38          254           100.0   0.0   0.0   0.0     0.0
Volume Send2: <= 2MB:     3.07e+03           12           12           12          254           100.0   0.0   0.0   0.0     0.0

Timestep 7       Time=7e-05       Next delT=1e-05       Wall Time=0.409599  EMA=0.0326652   Memory Used=123.50 MBs (avg) 124.62 MBs (max on rank: 240   )
Runtime Summary  summary stats for time step 7 at time=7e-05
  Description       Units       Minimum           Rank   Average (256)     Std. Dev.         Maximum           Rank   100*(1-ave/max) '% load imbalance'
  TaskExec          [seconds] : 0.0120997       : 108  : 0.0173716       : 0.00277434      : 0.0227006       : 159  : 23.4752
  TaskLocalComm     [seconds] : 0.00171619      : 156  : 0.00263242      : 0.000351873     : 0.00336928      : 171  : 21.8701
  TaskWaitCommTime  [seconds] : 0.00403315      : 159  : 0.00939412      : 0.00280737      : 0.014603        : 168  : 35.67
  NumberOfTasks     [tasks  ] : 8               : 0    : 8               : 0               : 8               : 0    : 0
  NumberOfPatches   [patches] : 1               : 0    : 1               : 0               : 1               : 0    : 0
  NumberOfCells     [cells  ] : 32768           : 0    : 32768           : 0               : 32768           : 0    : 0
  SCIMemoryUsed     [MBytes ] : 1.22864e+08     : 135  : 1.23496e+08     : 252552          : 1.24625e+08     : 240  : 0.905938
  SCIMemoryMaxUsed  [MBytes ] : 1.22864e+08     : 135  : 1.23496e+08     : 252552          : 1.24625e+08     : 240  : 0.905938
  MemoryUsed        [MBytes ] : 6.41323e+08     : 67   : 6.54801e+08     : 4.43327e+06     : 6.71216e+08     : 32   : 2.44543
  MemoryResident    [MBytes ] : 1.22864e+08     : 135  : 1.23496e+08     : 252552          : 1.24625e+08     : 240  : 0.905938
  Percentage of time spent in overhead : 4.31283

________________________________________________________________________________
--------------------------------------------------------------------------------
MPIStats:+
--------------------------------------------------------------------------------
                Name:       Total:         Avg:         Min:         Max:    Max rank: Hist %% [  Q1 |  Q2 |  Q3 |  Q4 ]:  %%Load Imbalance
         Count: Recv:     1.33e+04           52           52           52          254           100.0   0.0   0.0   0.0     0.0
         Count: Redu:     2.05e+03            8            8            8          254           100.0   0.0   0.0   0.0     0.0
         Count: Send:     1.33e+04           52           52           52          254           100.0   0.0   0.0   0.0     0.0
         Count: Test:     2.14e+03         8.35            8           14          255            92.6   1.6   4.7   1.2    40.4
         Count: Wait:     2.46e+04           96           96           96          254           100.0   0.0   0.0   0.0     0.0
          Time: Recv:      7.55 ms    0.0295 ms    0.0157 ms     0.129 ms          243            91.0   8.6   0.0   0.4    77.1
          Time: Redu:     0.685 s       2.68 ms      0.27 ms      7.12 ms          251            33.2  47.7  15.2   3.9    62.4
          Time: Send:      64.6 ms     0.252 ms     0.124 ms     0.545 ms           67            55.1  24.6  15.2   5.1    53.7
          Time: Test:      1.66 ms  6.49e+03 ns  2.42e+03 ns     0.034 ms           30            88.3   7.0   2.3   2.3    80.9
          Time: Wait:      2.27 s       8.88 ms       3.5 ms        14 ms          168            23.0  26.6  28.5  21.9    36.7
Volume Recv TOTAL   :       153 MB       613 KB       613 KB       615 KB            0            99.6   0.0   0.0   0.4     0.3
Volume Recv0: <= 64B:      2.3e+03            9            9           10            0            99.6   0.0   0.0   0.4    10.0
Volume Recv1: <= 4KB:     8.45e+03           33           33           38            0            99.6   0.0   0.0   0.4    13.1
Volume Recv2: <= 2MB:     3.07e+03           12           12           12          254           100.0   0.0   0.0   0.0     0.0
Volume Send TOTAL   :       154 MB       615 KB       615 KB       615 KB          254           100.0   0.0   0.0   0.0     0.0
Volume Send0: <= 64B:     2.56e+03           10           10           10          254           100.0   0.0   0.0   0.0     0.0
Volume Send1: <= 4KB:     9.73e+03           38           38           38          254           100.0   0.0   0.0   0.0     0.0
Volume Send2: <= 2MB:     3.07e+03           12           12           12          254           100.0   0.0   0.0   0.0     0.0

Timestep 8       Time=8e-05       Next delT=1e-05       Wall Time=0.43831   EMA=0.0317863   Memory Used=122.97 MBs (avg) 124.13 MBs (max on rank: 240   )
Runtime Summary  summary stats for time step 8 at time=8e-05
  Description       Units       Minimum           Rank   Average (256)     Std. Dev.         Maximum           Rank   100*(1-ave/max) '% load imbalance'
  TaskExec          [seconds] : 0.0114953       : 168  : 0.0172671       : 0.00285538      : 0.0227753       : 159  : 24.1849
  TaskLocalComm     [seconds] : 0.00175749      : 124  : 0.00269361      : 0.000367271     : 0.0034622       : 203  : 22.1995
  TaskWaitCommTime  [seconds] : 0.00383929      : 159  : 0.00933203      : 0.00287765      : 0.0152428       : 168  : 38.7774
  NumberOfTasks     [tasks  ] : 8               : 0    : 8               : 0               : 8               : 0    : 0
  NumberOfPatches   [patches] : 1               : 0    : 1               : 0               : 1               : 0    : 0
  NumberOfCells     [cells  ] : 32768           : 0    : 32768           : 0               : 32768           : 0    : 0
  SCIMemoryUsed     [MBytes ] : 1.2236e+08      : 135  : 1.22973e+08     : 258801          : 1.24133e+08     : 240  : 0.934814
  SCIMemoryMaxUsed  [MBytes ] : 1.2236e+08      : 135  : 1.22973e+08     : 258801          : 1.24133e+08     : 240  : 0.934814
  MemoryUsed        [MBytes ] : 6.40696e+08     : 67   : 6.54173e+08     : 4.43324e+06     : 6.70589e+08     : 32   : 2.44804
  MemoryResident    [MBytes ] : 1.2236e+08      : 135  : 1.22973e+08     : 258801          : 1.24133e+08     : 240  : 0.934814
  Percentage of time spent in overhead : 3.76828

________________________________________________________________________________
--------------------------------------------------------------------------------
MPIStats:+
--------------------------------------------------------------------------------
                Name:       Total:         Avg:         Min:         Max:    Max rank: Hist %% [  Q1 |  Q2 |  Q3 |  Q4 ]:  %%Load Imbalance
         Count: Recv:     1.33e+04           52           52           52          254           100.0   0.0   0.0   0.0     0.0
         Count: Redu:     2.05e+03            8            8            8          254           100.0   0.0   0.0   0.0     0.0
         Count: Send:     1.33e+04           52           52           52          254           100.0   0.0   0.0   0.0     0.0
         Count: Test:     2.14e+03         8.37            8           16          253            91.8   6.2   1.2   0.8    47.7
         Count: Wait:     2.46e+04           96           96           96          254           100.0   0.0   0.0   0.0     0.0
          Time: Recv:      7.61 ms    0.0297 ms    0.0157 ms     0.073 ms          245            58.6  29.7  10.5   1.2    59.3
          Time: Redu:     0.619 s       2.42 ms     0.259 ms      5.93 ms          158            28.1  50.8  14.8   6.2    59.3
          Time: Send:      60.5 ms     0.236 ms     0.108 ms     0.587 ms           10            61.7  25.4  10.9   2.0    59.7
          Time: Test:      1.66 ms  6.47e+03 ns  2.43e+03 ns    0.0339 ms          247            85.5  10.2   3.5   0.8    80.9
          Time: Wait:      2.26 s       8.83 ms      4.36 ms      13.6 ms            8            35.5  14.5  23.8  26.2    35.1
Volume Recv TOTAL   :       153 MB       613 KB       613 KB       615 KB            0            99.6   0.0   0.0   0.4     0.3
Volume Recv0: <= 64B:      2.3e+03            9            9           10            0            99.6   0.0   0.0   0.4    10.0
Volume Recv1: <= 4KB:     8.45e+03           33           33           38            0            99.6   0.0   0.0   0.4    13.1
Volume Recv2: <= 2MB:     3.07e+03           12           12           12          254           100.0   0.0   0.0   0.0     0.0
Volume Send TOTAL   :       154 MB       615 KB       615 KB       615 KB          254           100.0   0.0   0.0   0.0     0.0
Volume Send0: <= 64B:     2.56e+03           10           10           10          254           100.0   0.0   0.0   0.0     0.0
Volume Send1: <= 4KB:     9.73e+03           38           38           38          254           100.0   0.0   0.0   0.0     0.0
Volume Send2: <= 2MB:     3.07e+03           12           12           12          254           100.0   0.0   0.0   0.0     0.0

Timestep 9       Time=9e-05       Next delT=1e-05       Wall Time=0.467094  EMA=0.0311858   Memory Used=123.70 MBs (avg) 124.87 MBs (max on rank: 240   )
Runtime Summary  summary stats for time step 9 at time=9e-05
  Description       Units       Minimum           Rank   Average (256)     Std. Dev.         Maximum           Rank   100*(1-ave/max) '% load imbalance'
  TaskExec          [seconds] : 0.0125025       : 8    : 0.0173975       : 0.00272922      : 0.0219437       : 147  : 20.7177
  TaskLocalComm     [seconds] : 0.00173064      : 93   : 0.00266655      : 0.000344088     : 0.00335517      : 211  : 20.524
  TaskWaitCommTime  [seconds] : 0.00468046      : 159  : 0.00927308      : 0.00274838      : 0.0141223       : 8    : 34.3375
  NumberOfTasks     [tasks  ] : 8               : 0    : 8               : 0               : 8               : 0    : 0
  NumberOfPatches   [patches] : 1               : 0    : 1               : 0               : 1               : 0    : 0
  NumberOfCells     [cells  ] : 32768           : 0    : 32768           : 0               : 32768           : 0    : 0
  SCIMemoryUsed     [MBytes ] : 1.23101e+08     : 135  : 1.237e+08       : 263748          : 1.24875e+08     : 240  : 0.940565
  SCIMemoryMaxUsed  [MBytes ] : 1.23101e+08     : 135  : 1.237e+08       : 263748          : 1.24875e+08     : 240  : 0.940565
  MemoryUsed        [MBytes ] : 6.41323e+08     : 67   : 6.54801e+08     : 4.43327e+06     : 6.71216e+08     : 32   : 2.44543
  MemoryResident    [MBytes ] : 1.23101e+08     : 135  : 1.237e+08       : 263748          : 1.24875e+08     : 240  : 0.940565
  Percentage of time spent in overhead : 3.3431

________________________________________________________________________________
--------------------------------------------------------------------------------
MPIStats:+
--------------------------------------------------------------------------------
                Name:       Total:         Avg:         Min:         Max:    Max rank: Hist %% [  Q1 |  Q2 |  Q3 |  Q4 ]:  %%Load Imbalance
         Count: Recv:     1.33e+04           52           52           52          254           100.0   0.0   0.0   0.0     0.0
         Count: Redu:     2.05e+03            8            8            8          254           100.0   0.0   0.0   0.0     0.0
         Count: Send:     1.33e+04           52           52           52          254           100.0   0.0   0.0   0.0     0.0
         Count: Test:     2.14e+03         8.36            8           14          255            91.8   2.0   5.1   1.2    40.3
         Count: Wait:     2.46e+04           96           96           96          254           100.0   0.0   0.0   0.0     0.0
          Time: Recv:      7.63 ms    0.0298 ms    0.0144 ms    0.0892 ms           53            64.8  30.9   3.5   0.8    66.6
          Time: Redu:     0.617 s       2.41 ms     0.268 ms      6.18 ms          220            28.1  51.6  16.8   3.5    61.0
          Time: Send:      56.2 ms      0.22 ms     0.119 ms     0.542 ms          154            66.8  23.4   8.6   1.2    59.4
          Time: Test:      1.59 ms  6.21e+03 ns  2.21e+03 ns     0.035 ms          242            88.7   7.4   3.1   0.8    82.3
          Time: Wait:      2.25 s       8.79 ms      5.12 ms      12.9 ms           44            46.5   3.5  15.2  34.8    32.1
Volume Recv TOTAL   :       153 MB       613 KB       613 KB       615 KB            0            99.6   0.0   0.0   0.4     0.3
Volume Recv0: <= 64B:      2.3e+03            9            9           10            0            99.6   0.0   0.0   0.4    10.0
Volume Recv1: <= 4KB:     8.45e+03           33           33           38            0            99.6   0.0   0.0   0.4    13.1
Volume Recv2: <= 2MB:     3.07e+03           12           12           12          254           100.0   0.0   0.0   0.0     0.0
Volume Send TOTAL   :       154 MB       615 KB       615 KB       615 KB          254           100.0   0.0   0.0   0.0     0.0
Volume Send0: <= 64B:     2.56e+03           10           10           10          254           100.0   0.0   0.0   0.0     0.0
Volume Send1: <= 4KB:     9.73e+03           38           38           38          254           100.0   0.0   0.0   0.0     0.0
Volume Send2: <= 2MB:     3.07e+03           12           12           12          254           100.0   0.0   0.0   0.0     0.0

Timestep 10      Time=0.0001      Next delT=1e-05       Wall Time=0.495973  EMA=0.0307664   Memory Used=123.16 MBs (avg) 124.37 MBs (max on rank: 240   )
Runtime Summary  summary stats for time step 10 at time=0.0001
  Description       Units       Minimum           Rank   Average (256)     Std. Dev.         Maximum           Rank   100*(1-ave/max) '% load imbalance'
  TaskExec          [seconds] : 0.0129842       : 44   : 0.0175701       : 0.00273201      : 0.0213328       : 187  : 17.638
  TaskLocalComm     [seconds] : 0.00169212      : 216  : 0.00267852      : 0.000353047     : 0.00340508      : 245  : 21.3374
  TaskWaitCommTime  [seconds] : 0.00537918      : 187  : 0.00922538      : 0.00275942      : 0.0138696       : 89   : 33.4851
  NumberOfTasks     [tasks  ] : 8               : 0    : 8               : 0               : 8               : 0    : 0
  NumberOfPatches   [patches] : 1               : 0    : 1               : 0               : 1               : 0    : 0
  NumberOfCells     [cells  ] : 32768           : 0    : 32768           : 0               : 32768           : 0    : 0
  SCIMemoryUsed     [MBytes ] : 1.22544e+08     : 135  : 1.23161e+08     : 274480          : 1.24371e+08     : 240  : 0.9726
  SCIMemoryMaxUsed  [MBytes ] : 1.22544e+08     : 135  : 1.23161e+08     : 274480          : 1.24371e+08     : 240  : 0.9726
  MemoryUsed        [MBytes ] : 6.40696e+08     : 67   : 6.54173e+08     : 4.43324e+06     : 6.70589e+08     : 32   : 2.44804
  MemoryResident    [MBytes ] : 1.22544e+08     : 135  : 1.23161e+08     : 274480          : 1.24371e+08     : 240  : 0.9726
  Percentage of time spent in overhead : 3.00125
Sus: going down successfully
