Parallel: 32 MPI processes (using MPI)
Parallel: MPI Level Required: 0, provided: 0
Date:       Thu Aug 25 12:52:36 2022
Machine:    notch201
git branch:wasatch-low-cost-integ-cmake
git date:   Sat Jul 30 10:34:22 2022 -0600
git hash:   9315f9f96fa6304db4fe79378b145f37ea40016d
Assertion level: 0
CFLAGS:          
CXXFLAGS:        
______________________________________________________________________
Application Component: 	'wasatch'

-------------------------------------------------------------
Wasatch was built against:
  SpatialOps HASH: bd7a2bac76e42e2cb528b02e2cf1291d05c71926
             DATE: Fri Nov 12 11:34:54 2021 -0700
     ExprLib HASH: d2950c77edb22e5f3669ddaaf2d2ed29ceb24d2c
             DATE: Thu Aug 5 12:26:26 2021 -0600
    TabProps HASH: eca0dc5f26b20d4f6b1cebe51b1ae97e11871e83
             DATE: Wed Aug 11 20:11:26 2021 -0600
-------------------------------------------------------------

Linear Solver: 		hypre
Load Balancer: 		Simple
Scheduler: 		MPI
Patch layout: 		(4,4,2)
Grid statistics:
Number of levels:		1
Level 0:
  Periodic boundaries:		[int 1, 1, 1]
  Number of patches:		32
  Total number of cells:	1048576 (32768 avg. per patch)
Total patches in grid:		32
Total cells in grid:		1048576 (32768 avg. per patch)

Using small, individual MPI messages (no message combining)
Detected solver: hypre
SETTING UP CONVECTIVE FLUX EXPRESSION IN X DIRECTION USING CENTRAL
SETTING UP CONVECTIVE FLUX EXPRESSION IN Y DIRECTION USING CENTRAL
SETTING UP CONVECTIVE FLUX EXPRESSION IN Z DIRECTION USING CENTRAL
Setting initial conditions for scalability test equation: scalability0
SETTING UP CONVECTIVE FLUX EXPRESSION IN X DIRECTION USING CENTRAL
SETTING UP CONVECTIVE FLUX EXPRESSION IN Y DIRECTION USING CENTRAL
SETTING UP CONVECTIVE FLUX EXPRESSION IN Z DIRECTION USING CENTRAL
Setting initial conditions for scalability test equation: scalability1
SETTING UP CONVECTIVE FLUX EXPRESSION IN X DIRECTION USING CENTRAL
SETTING UP CONVECTIVE FLUX EXPRESSION IN Y DIRECTION USING CENTRAL
SETTING UP CONVECTIVE FLUX EXPRESSION IN Z DIRECTION USING CENTRAL
Setting initial conditions for scalability test equation: scalability2
------------------------------------------------
No BoundaryConditions specified
  This message will only occur once

Compiling initialization taskgraph.
------------------------------------------------
SETTING INITIAL BOUNDARY CONDITIONS:
------------------------------------------------
Setting Initial BCs for transport equation 'scalability0'
Setting Initial BCs for transport equation 'scalability1'
Setting Initial BCs for transport equation 'scalability2'
------------------------------------------------
Wasatch: done creating initialization task(s)
Scheduling Task 'compute timestep' COMPUTES 'delT' in NEW data warehouse
Wasatch: done creating timestep task(s)
Done with taskgraph compile (0.000108331 seconds)
Warning: addContribution not implemented for LoadBalancerCommon.
WARNING at time step 0 and sim time 0 : lowering the next delT from 1 to the maximum: 1e-05

________________________________________________________________________________
--------------------------------------------------------------------------------
MPIStats:+
--------------------------------------------------------------------------------
                Name:       Total:         Avg:         Min:         Max:    Max rank: Hist %% [  Q1 |  Q2 |  Q3 |  Q4 ]:  %%Load Imbalance
         Count: Gath:           64            2            2            2            7           100.0   0.0   0.0   0.0     0.0
         Count: Redu:           32            1            1            1           11           100.0   0.0   0.0   0.0     0.0
          Time: Gath:        49 ms      1.53 ms     0.539 ms      2.51 ms           17            31.2  18.8  15.6  34.4    39.1
          Time: Redu:      74.8 ms      2.34 ms      1.99 ms      2.63 ms            2            31.2   0.0  46.9  21.9    11.2
Volume Recv TOTAL   :      26.3 KB        841 B        841 B        841 B           18           100.0   0.0   0.0   0.0     0.0
Volume Recv0: <= 64B:           32            1            1            1            2           100.0   0.0   0.0   0.0     0.0
Volume Recv1: <= 4KB:           64            2            2            2           28           100.0   0.0   0.0   0.0     0.0
Volume Send TOTAL   :      8.84 KB        283 B        281 B        285 B            4            50.0   0.0   0.0  50.0     0.7
Volume Send0: <= 64B:           64            2            2            2           24           100.0   0.0   0.0   0.0     0.0
Volume Send1: <= 4KB:           32            1            1            1            8           100.0   0.0   0.0   0.0     0.0


Simulation and run time stats are reported at the end of each time step
EMA == Wall time as an exponential moving average using a window of the last 10 time steps
Timestep 0       Time=0           Next delT=1e-05       Wall Time=0.0862948 EMA=0.0783243   Memory Used=172.08 MBs (avg) 172.49 MBs (max on rank: 4     )
Warning: finalizeContributions not implemented for LoadBalancerCommon.
Warning: resetCostForecaster not implemented for LoadBalancerCommon.
Compiling taskgraph(s)...
------------------------------------------------
SETTING BOUNDARY CONDITIONS:
------------------------------------------------
Setting BCs for transport equation 'scalability0'
Setting BCs for transport equation 'scalability1'
Setting BCs for transport equation 'scalability2'
------------------------------------------------
Wasatch: done creating solution task(s)
Wasatch: done creating solution task(s)
Wasatch: done creating post-processing task(s)
Scheduling Task 'compute timestep' COMPUTES 'delT' in NEW data warehouse
Wasatch: done creating timestep task(s)
Done with taskgraph compile (0.0159222 seconds)

________________________________________________________________________________
--------------------------------------------------------------------------------
MPIStats:+
--------------------------------------------------------------------------------
                Name:       Total:         Avg:         Min:         Max:    Max rank: Hist %% [  Q1 |  Q2 |  Q3 |  Q4 ]:  %%Load Imbalance
         Count: Recv:     1.09e+03           34           34           34           27           100.0   0.0   0.0   0.0     0.0
         Count: Redu:          256            8            8            8           11           100.0   0.0   0.0   0.0     0.0
         Count: Send:     1.09e+03           34           34           34           29           100.0   0.0   0.0   0.0     0.0
         Count: Test:          298         9.31            8           14           29            68.8   6.2  12.5  12.5    33.5
         Count: Wait:     1.92e+03           60           60           60           21           100.0   0.0   0.0   0.0     0.0
          Time: Recv:     0.621 ms    0.0194 ms    0.0106 ms    0.0508 ms           29            78.1   0.0   9.4  12.5    61.8
          Time: Redu:      31.7 ms     0.992 ms     0.249 ms      2.56 ms           11            28.1  59.4   6.2   6.2    61.3
          Time: Send:      19.5 ms     0.608 ms     0.468 ms     0.676 ms           27             3.1   9.4  56.2  31.2    10.1
          Time: Test:     0.495 ms    0.0155 ms  4.11e+03 ns     0.181 ms           15            96.9   0.0   0.0   3.1    91.4
          Time: Wait:      28.6 ms     0.895 ms     0.424 ms      1.54 ms            1            40.6  15.6  34.4   9.4    41.9
Volume Recv TOTAL   :      19.2 MB       613 KB       613 KB       615 KB            0            96.9   0.0   0.0   3.1     0.3
Volume Recv0: <= 64B:          161         5.03            5            6            0            96.9   0.0   0.0   3.1    16.1
Volume Recv1: <= 4KB:          549         17.2           17           22            0            96.9   0.0   0.0   3.1    22.0
Volume Recv2: <= 2MB:          448           14           14           14           12           100.0   0.0   0.0   0.0     0.0
Volume Send TOTAL   :      19.2 MB       615 KB       615 KB       615 KB            4           100.0   0.0   0.0   0.0     0.0
Volume Send0: <= 64B:          192            6            6            6           24           100.0   0.0   0.0   0.0     0.0
Volume Send1: <= 4KB:          704           22           22           22            8           100.0   0.0   0.0   0.0     0.0
Volume Send2: <= 2MB:          448           14           14           14           16           100.0   0.0   0.0   0.0     0.0

Timestep 1       Time=1e-05       Next delT=1e-05       Wall Time=0.136987  EMA=0.0506614   Memory Used=177.59 MBs (avg) 178.02 MBs (max on rank: 17    )
Runtime Summary  summary stats for time step 1 at time=1e-05
  Description       Units       Minimum           Rank   Average (32)      Std. Dev.         Maximum           Rank   100*(1-ave/max) '% load imbalance'
  Compilation       [seconds] : 0.0146642       : 31   : 0.0148653       : 0.000207525     : 0.0159222       : 0    : 6.63748
  TaskExec          [seconds] : 0.0329068       : 0    : 0.0335526       : 0.000307352     : 0.0340034       : 12   : 1.32583
  TaskLocalComm     [seconds] : 0.0017469       : 11   : 0.00205318      : 0.000164915     : 0.00237876      : 10   : 13.6869
  TaskWaitCommTime  [seconds] : 0.000660923     : 0    : 0.00113236      : 0.000295        : 0.00179285      : 1    : 36.84
  NumberOfTasks     [tasks  ] : 8               : 0    : 8               : 0               : 8               : 0    : 0
  NumberOfPatches   [patches] : 1               : 0    : 1               : 0               : 1               : 0    : 0
  NumberOfCells     [cells  ] : 32768           : 0    : 32768           : 0               : 32768           : 0    : 0
  SCIMemoryUsed     [MBytes ] : 1.77095e+08     : 2    : 1.77585e+08     : 203783          : 1.78016e+08     : 17   : 0.242243
  SCIMemoryMaxUsed  [MBytes ] : 1.77095e+08     : 2    : 1.77585e+08     : 203783          : 1.78016e+08     : 17   : 0.242243
  MemoryUsed        [MBytes ] : 7.89422e+08     : 2    : 8.08638e+08     : 9.89796e+06     : 8.36862e+08     : 0    : 3.37254
  MemoryResident    [MBytes ] : 1.77095e+08     : 2    : 1.77585e+08     : 203783          : 1.78016e+08     : 17   : 0.242243
  Percentage of time spent in overhead : 28.8069

________________________________________________________________________________
--------------------------------------------------------------------------------
MPIStats:+
--------------------------------------------------------------------------------
                Name:       Total:         Avg:         Min:         Max:    Max rank: Hist %% [  Q1 |  Q2 |  Q3 |  Q4 ]:  %%Load Imbalance
         Count: Recv:     1.09e+03           34           34           34           27           100.0   0.0   0.0   0.0     0.0
         Count: Redu:          256            8            8            8           11           100.0   0.0   0.0   0.0     0.0
         Count: Send:     1.09e+03           34           34           34           29           100.0   0.0   0.0   0.0     0.0
         Count: Test:          305         9.53            8           14           27            65.6   3.1  15.6  15.6    31.9
         Count: Wait:     1.92e+03           60           60           60           21           100.0   0.0   0.0   0.0     0.0
          Time: Recv:     0.445 ms    0.0139 ms  6.44e+03 ns    0.0284 ms           31            53.1  28.1   3.1  15.6    51.0
          Time: Redu:      32.9 ms      1.03 ms       0.2 ms       2.6 ms           11            18.8  68.8   6.2   6.2    60.5
          Time: Send:      8.16 ms     0.255 ms    0.0781 ms     0.353 ms            4             6.2  25.0  31.2  37.5    27.7
          Time: Test:     0.194 ms  6.08e+03 ns  1.52e+03 ns    0.0193 ms           30            65.6  15.6  12.5   6.2    68.5
          Time: Wait:      13.9 ms     0.433 ms     0.301 ms     0.919 ms           11            75.0  18.8   3.1   3.1    52.9
Volume Recv TOTAL   :      19.2 MB       613 KB       613 KB       615 KB            0            96.9   0.0   0.0   3.1     0.3
Volume Recv0: <= 64B:          161         5.03            5            6            0            96.9   0.0   0.0   3.1    16.1
Volume Recv1: <= 4KB:          549         17.2           17           22            0            96.9   0.0   0.0   3.1    22.0
Volume Recv2: <= 2MB:          448           14           14           14           12           100.0   0.0   0.0   0.0     0.0
Volume Send TOTAL   :      19.2 MB       615 KB       615 KB       615 KB            4           100.0   0.0   0.0   0.0     0.0
Volume Send0: <= 64B:          192            6            6            6           24           100.0   0.0   0.0   0.0     0.0
Volume Send1: <= 4KB:          704           22           22           22            8           100.0   0.0   0.0   0.0     0.0
Volume Send2: <= 2MB:          448           14           14           14           16           100.0   0.0   0.0   0.0     0.0

Timestep 2       Time=2e-05       Next delT=1e-05       Wall Time=0.147502  EMA=0.0238971   Memory Used=178.09 MBs (avg) 178.45 MBs (max on rank: 4     )
Runtime Summary  summary stats for time step 2 at time=2e-05
  Description       Units       Minimum           Rank   Average (32)      Std. Dev.         Maximum           Rank   100*(1-ave/max) '% load imbalance'
  TaskExec          [seconds] : 0.00837322      : 11   : 0.00851492      : 7.51884e-05     : 0.00870785      : 21   : 2.21562
  TaskLocalComm     [seconds] : 0.00111593      : 11   : 0.00166154      : 0.000180827     : 0.00203031      : 3    : 18.1629
  TaskWaitCommTime  [seconds] : 0.000511151     : 10   : 0.000667944     : 0.000104741     : 0.00106134      : 11   : 37.0661
  NumberOfTasks     [tasks  ] : 8               : 0    : 8               : 0               : 8               : 0    : 0
  NumberOfPatches   [patches] : 1               : 0    : 1               : 0               : 1               : 0    : 0
  NumberOfCells     [cells  ] : 32768           : 0    : 32768           : 0               : 32768           : 0    : 0
  SCIMemoryUsed     [MBytes ] : 1.77709e+08     : 2    : 1.78087e+08     : 165900          : 1.7845e+08      : 4    : 0.203566
  SCIMemoryMaxUsed  [MBytes ] : 1.77709e+08     : 2    : 1.78087e+08     : 165900          : 1.7845e+08      : 4    : 0.203566
  MemoryUsed        [MBytes ] : 7.89766e+08     : 2    : 8.0883e+08      : 9.87965e+06     : 8.37026e+08     : 0    : 3.36856
  MemoryResident    [MBytes ] : 1.77709e+08     : 2    : 1.78087e+08     : 165900          : 1.7845e+08      : 4    : 0.203566
  Percentage of time spent in overhead : 14.4033

________________________________________________________________________________
--------------------------------------------------------------------------------
MPIStats:+
--------------------------------------------------------------------------------
                Name:       Total:         Avg:         Min:         Max:    Max rank: Hist %% [  Q1 |  Q2 |  Q3 |  Q4 ]:  %%Load Imbalance
         Count: Recv:     1.09e+03           34           34           34           27           100.0   0.0   0.0   0.0     0.0
         Count: Redu:          256            8            8            8           11           100.0   0.0   0.0   0.0     0.0
         Count: Send:     1.09e+03           34           34           34           29           100.0   0.0   0.0   0.0     0.0
         Count: Test:          304          9.5            8           13           15            62.5   6.2   9.4  21.9    26.9
         Count: Wait:     1.92e+03           60           60           60           21           100.0   0.0   0.0   0.0     0.0
          Time: Recv:     0.431 ms    0.0135 ms  5.94e+03 ns    0.0258 ms           15            34.4  37.5  21.9   6.2    47.8
          Time: Redu:        33 ms      1.03 ms     0.193 ms      2.59 ms           14            18.8  68.8   6.2   6.2    60.2
          Time: Send:      5.57 ms     0.174 ms    0.0738 ms     0.332 ms           27            43.8  21.9  25.0   9.4    47.6
          Time: Test:     0.194 ms  6.06e+03 ns  1.42e+03 ns     0.025 ms           15            71.9  25.0   0.0   3.1    75.7
          Time: Wait:      13.9 ms     0.434 ms     0.285 ms     0.712 ms           11            37.5  43.8  15.6   3.1    39.0
Volume Recv TOTAL   :      19.2 MB       613 KB       613 KB       615 KB            0            96.9   0.0   0.0   3.1     0.3
Volume Recv0: <= 64B:          161         5.03            5            6            0            96.9   0.0   0.0   3.1    16.1
Volume Recv1: <= 4KB:          549         17.2           17           22            0            96.9   0.0   0.0   3.1    22.0
Volume Recv2: <= 2MB:          448           14           14           14           12           100.0   0.0   0.0   0.0     0.0
Volume Send TOTAL   :      19.2 MB       615 KB       615 KB       615 KB            4           100.0   0.0   0.0   0.0     0.0
Volume Send0: <= 64B:          192            6            6            6           24           100.0   0.0   0.0   0.0     0.0
Volume Send1: <= 4KB:          704           22           22           22            8           100.0   0.0   0.0   0.0     0.0
Volume Send2: <= 2MB:          448           14           14           14           16           100.0   0.0   0.0   0.0     0.0

Timestep 3       Time=3e-05       Next delT=1e-05       Wall Time=0.157348  EMA=0.0168716   Memory Used=179.21 MBs (avg) 179.59 MBs (max on rank: 4     )
Runtime Summary  summary stats for time step 3 at time=3e-05
  Description       Units       Minimum           Rank   Average (32)      Std. Dev.         Maximum           Rank   100*(1-ave/max) '% load imbalance'
  TaskExec          [seconds] : 0.00765622      : 25   : 0.00782057      : 8.62848e-05     : 0.00801264      : 15   : 2.39706
  TaskLocalComm     [seconds] : 0.00117089      : 11   : 0.00162966      : 0.000189198     : 0.00205671      : 3    : 20.7636
  TaskWaitCommTime  [seconds] : 0.000485951     : 18   : 0.000669197     : 0.000111584     : 0.000863583     : 11   : 22.5093
  NumberOfTasks     [tasks  ] : 8               : 0    : 8               : 0               : 8               : 0    : 0
  NumberOfPatches   [patches] : 1               : 0    : 1               : 0               : 1               : 0    : 0
  NumberOfCells     [cells  ] : 32768           : 0    : 32768           : 0               : 32768           : 0    : 0
  SCIMemoryUsed     [MBytes ] : 1.78815e+08     : 2    : 1.79211e+08     : 174000          : 1.79585e+08     : 4    : 0.208124
  SCIMemoryMaxUsed  [MBytes ] : 1.78815e+08     : 2    : 1.79211e+08     : 174000          : 1.79585e+08     : 4    : 0.208124
  MemoryUsed        [MBytes ] : 7.90708e+08     : 2    : 8.09773e+08     : 9.88003e+06     : 8.37972e+08     : 0    : 3.36512
  MemoryResident    [MBytes ] : 1.78815e+08     : 2    : 1.79211e+08     : 174000          : 1.79585e+08     : 4    : 0.208124
  Percentage of time spent in overhead : 9.60154

________________________________________________________________________________
--------------------------------------------------------------------------------
MPIStats:+
--------------------------------------------------------------------------------
                Name:       Total:         Avg:         Min:         Max:    Max rank: Hist %% [  Q1 |  Q2 |  Q3 |  Q4 ]:  %%Load Imbalance
         Count: Recv:     1.09e+03           34           34           34           27           100.0   0.0   0.0   0.0     0.0
         Count: Redu:          256            8            8            8           11           100.0   0.0   0.0   0.0     0.0
         Count: Send:     1.09e+03           34           34           34           29           100.0   0.0   0.0   0.0     0.0
         Count: Test:          306         9.56            8           15           31            65.6  12.5  15.6   6.2    36.3
         Count: Wait:     1.92e+03           60           60           60           21           100.0   0.0   0.0   0.0     0.0
          Time: Recv:     0.423 ms    0.0132 ms   5.9e+03 ns    0.0308 ms           27            59.4  28.1   9.4   3.1    57.2
          Time: Redu:        33 ms      1.03 ms     0.199 ms       2.5 ms           14            28.1  53.1  12.5   6.2    58.7
          Time: Send:      5.19 ms     0.162 ms    0.0747 ms     0.268 ms           17            43.8  12.5  21.9  21.9    39.4
          Time: Test:     0.192 ms     6e+03 ns  1.47e+03 ns    0.0168 ms            1            65.6   9.4  15.6   9.4    64.2
          Time: Wait:      13.4 ms     0.418 ms     0.257 ms     0.734 ms           11            40.6  40.6  12.5   6.2    43.1
Volume Recv TOTAL   :      19.2 MB       613 KB       613 KB       615 KB            0            96.9   0.0   0.0   3.1     0.3
Volume Recv0: <= 64B:          161         5.03            5            6            0            96.9   0.0   0.0   3.1    16.1
Volume Recv1: <= 4KB:          549         17.2           17           22            0            96.9   0.0   0.0   3.1    22.0
Volume Recv2: <= 2MB:          448           14           14           14           12           100.0   0.0   0.0   0.0     0.0
Volume Send TOTAL   :      19.2 MB       615 KB       615 KB       615 KB            4           100.0   0.0   0.0   0.0     0.0
Volume Send0: <= 64B:          192            6            6            6           24           100.0   0.0   0.0   0.0     0.0
Volume Send1: <= 4KB:          704           22           22           22            8           100.0   0.0   0.0   0.0     0.0
Volume Send2: <= 2MB:          448           14           14           14           16           100.0   0.0   0.0   0.0     0.0

Timestep 4       Time=4e-05       Next delT=1e-05       Wall Time=0.166897  EMA=0.0139422   Memory Used=178.74 MBs (avg) 179.11 MBs (max on rank: 4     )
Runtime Summary  summary stats for time step 4 at time=4e-05
  Description       Units       Minimum           Rank   Average (32)      Std. Dev.         Maximum           Rank   100*(1-ave/max) '% load imbalance'
  TaskExec          [seconds] : 0.00732034      : 0    : 0.00748501      : 8.0755e-05      : 0.00765405      : 26   : 2.2086
  TaskLocalComm     [seconds] : 0.00119406      : 11   : 0.00157805      : 0.000199273     : 0.0019237       : 3    : 17.968
  TaskWaitCommTime  [seconds] : 0.000468032     : 2    : 0.000660732     : 0.000114537     : 0.000878492     : 11   : 24.7879
  NumberOfTasks     [tasks  ] : 8               : 0    : 8               : 0               : 8               : 0    : 0
  NumberOfPatches   [patches] : 1               : 0    : 1               : 0               : 1               : 0    : 0
  NumberOfCells     [cells  ] : 32768           : 0    : 32768           : 0               : 32768           : 0    : 0
  SCIMemoryUsed     [MBytes ] : 1.7834e+08      : 2    : 1.78743e+08     : 177318          : 1.79114e+08     : 4    : 0.207028
  SCIMemoryMaxUsed  [MBytes ] : 1.7834e+08      : 2    : 1.78743e+08     : 177318          : 1.79114e+08     : 4    : 0.207028
  MemoryUsed        [MBytes ] : 7.90077e+08     : 2    : 8.09145e+08     : 9.87983e+06     : 8.37341e+08     : 0    : 3.3674
  MemoryResident    [MBytes ] : 1.7834e+08      : 2    : 1.78743e+08     : 177318          : 1.79114e+08     : 4    : 0.207028
  Percentage of time spent in overhead : 7.19969

________________________________________________________________________________
--------------------------------------------------------------------------------
MPIStats:+
--------------------------------------------------------------------------------
                Name:       Total:         Avg:         Min:         Max:    Max rank: Hist %% [  Q1 |  Q2 |  Q3 |  Q4 ]:  %%Load Imbalance
         Count: Recv:     1.09e+03           34           34           34           27           100.0   0.0   0.0   0.0     0.0
         Count: Redu:          256            8            8            8           11           100.0   0.0   0.0   0.0     0.0
         Count: Send:     1.09e+03           34           34           34           29           100.0   0.0   0.0   0.0     0.0
         Count: Test:          311         9.72            8           14           15            59.4   3.1  21.9  15.6    30.6
         Count: Wait:     1.92e+03           60           60           60           21           100.0   0.0   0.0   0.0     0.0
          Time: Recv:     0.448 ms     0.014 ms  6.49e+03 ns    0.0291 ms            7            56.2  28.1   6.2   9.4    52.0
          Time: Redu:      36.8 ms      1.15 ms     0.196 ms      2.61 ms           14            18.8  59.4  15.6   6.2    56.0
          Time: Send:      5.77 ms      0.18 ms    0.0761 ms     0.295 ms           25            34.4  15.6  28.1  21.9    38.8
          Time: Test:     0.209 ms  6.52e+03 ns  1.42e+03 ns    0.0153 ms           27            59.4   6.2  15.6  18.8    57.5
          Time: Wait:      13.4 ms      0.42 ms      0.26 ms     0.765 ms           11            46.9  37.5  12.5   3.1    45.1
Volume Recv TOTAL   :      19.2 MB       613 KB       613 KB       615 KB            0            96.9   0.0   0.0   3.1     0.3
Volume Recv0: <= 64B:          161         5.03            5            6            0            96.9   0.0   0.0   3.1    16.1
Volume Recv1: <= 4KB:          549         17.2           17           22            0            96.9   0.0   0.0   3.1    22.0
Volume Recv2: <= 2MB:          448           14           14           14           12           100.0   0.0   0.0   0.0     0.0
Volume Send TOTAL   :      19.2 MB       615 KB       615 KB       615 KB            4           100.0   0.0   0.0   0.0     0.0
Volume Send0: <= 64B:          192            6            6            6           24           100.0   0.0   0.0   0.0     0.0
Volume Send1: <= 4KB:          704           22           22           22            8           100.0   0.0   0.0   0.0     0.0
Volume Send2: <= 2MB:          448           14           14           14           16           100.0   0.0   0.0   0.0     0.0

Timestep 5       Time=5e-05       Next delT=1e-05       Wall Time=0.176615  EMA=0.0125344   Memory Used=179.53 MBs (avg) 179.92 MBs (max on rank: 4     )
Runtime Summary  summary stats for time step 5 at time=5e-05
  Description       Units       Minimum           Rank   Average (32)      Std. Dev.         Maximum           Rank   100*(1-ave/max) '% load imbalance'
  TaskExec          [seconds] : 0.00753837      : 0    : 0.00771419      : 0.000102032     : 0.0079445       : 15   : 2.89897
  TaskLocalComm     [seconds] : 0.00121443      : 14   : 0.00160152      : 0.000168456     : 0.00193736      : 3    : 17.335
  TaskWaitCommTime  [seconds] : 0.000470721     : 31   : 0.000652832     : 0.000115902     : 0.000913543     : 11   : 28.5385
  NumberOfTasks     [tasks  ] : 8               : 0    : 8               : 0               : 8               : 0    : 0
  NumberOfPatches   [patches] : 1               : 0    : 1               : 0               : 1               : 0    : 0
  NumberOfCells     [cells  ] : 32768           : 0    : 32768           : 0               : 32768           : 0    : 0
  SCIMemoryUsed     [MBytes ] : 1.7913e+08      : 2    : 1.79533e+08     : 181786          : 1.79925e+08     : 4    : 0.218118
  SCIMemoryMaxUsed  [MBytes ] : 1.7913e+08      : 2    : 1.79533e+08     : 181786          : 1.79925e+08     : 4    : 0.218118
  MemoryUsed        [MBytes ] : 7.90708e+08     : 2    : 8.09773e+08     : 9.88003e+06     : 8.37972e+08     : 0    : 3.36512
  MemoryResident    [MBytes ] : 1.7913e+08      : 2    : 1.79533e+08     : 181786          : 1.79925e+08     : 4    : 0.218118
  Percentage of time spent in overhead : 5.75741

________________________________________________________________________________
--------------------------------------------------------------------------------
MPIStats:+
--------------------------------------------------------------------------------
                Name:       Total:         Avg:         Min:         Max:    Max rank: Hist %% [  Q1 |  Q2 |  Q3 |  Q4 ]:  %%Load Imbalance
         Count: Recv:     1.09e+03           34           34           34           27           100.0   0.0   0.0   0.0     0.0
         Count: Redu:          256            8            8            8           11           100.0   0.0   0.0   0.0     0.0
         Count: Send:     1.09e+03           34           34           34           29           100.0   0.0   0.0   0.0     0.0
         Count: Test:          301         9.41            8           13           15            65.6   6.2   6.2  21.9    27.6
         Count: Wait:     1.92e+03           60           60           60           21           100.0   0.0   0.0   0.0     0.0
          Time: Recv:     0.425 ms    0.0133 ms  5.96e+03 ns    0.0235 ms           25            18.8  53.1  21.9   6.2    43.6
          Time: Redu:      35.2 ms       1.1 ms     0.194 ms      2.58 ms           14            18.8  56.2  18.8   6.2    57.3
          Time: Send:      4.66 ms     0.146 ms     0.076 ms     0.312 ms           17            65.6  15.6  15.6   3.1    53.4
          Time: Test:     0.173 ms  5.39e+03 ns  1.21e+03 ns    0.0162 ms           15            65.6  21.9   6.2   6.2    66.6
          Time: Wait:      13.8 ms      0.43 ms     0.276 ms      0.77 ms           11            40.6  40.6  15.6   3.1    44.2
Volume Recv TOTAL   :      19.2 MB       613 KB       613 KB       615 KB            0            96.9   0.0   0.0   3.1     0.3
Volume Recv0: <= 64B:          161         5.03            5            6            0            96.9   0.0   0.0   3.1    16.1
Volume Recv1: <= 4KB:          549         17.2           17           22            0            96.9   0.0   0.0   3.1    22.0
Volume Recv2: <= 2MB:          448           14           14           14           12           100.0   0.0   0.0   0.0     0.0
Volume Send TOTAL   :      19.2 MB       615 KB       615 KB       615 KB            4           100.0   0.0   0.0   0.0     0.0
Volume Send0: <= 64B:          192            6            6            6           24           100.0   0.0   0.0   0.0     0.0
Volume Send1: <= 4KB:          704           22           22           22            8           100.0   0.0   0.0   0.0     0.0
Volume Send2: <= 2MB:          448           14           14           14           16           100.0   0.0   0.0   0.0     0.0

Timestep 6       Time=6e-05       Next delT=1e-05       Wall Time=0.186158  EMA=0.0116794   Memory Used=179.06 MBs (avg) 179.47 MBs (max on rank: 4     )
Runtime Summary  summary stats for time step 6 at time=6e-05
  Description       Units       Minimum           Rank   Average (32)      Std. Dev.         Maximum           Rank   100*(1-ave/max) '% load imbalance'
  TaskExec          [seconds] : 0.0073388       : 0    : 0.00748693      : 8.29549e-05     : 0.00763027      : 14   : 1.8785
  TaskLocalComm     [seconds] : 0.00118088      : 11   : 0.0015717       : 0.000178934     : 0.00195282      : 10   : 19.5164
  TaskWaitCommTime  [seconds] : 0.000485222     : 2    : 0.000662288     : 0.000102569     : 0.000918372     : 11   : 27.8846
  NumberOfTasks     [tasks  ] : 8               : 0    : 8               : 0               : 8               : 0    : 0
  NumberOfPatches   [patches] : 1               : 0    : 1               : 0               : 1               : 0    : 0
  NumberOfCells     [cells  ] : 32768           : 0    : 32768           : 0               : 32768           : 0    : 0
  SCIMemoryUsed     [MBytes ] : 1.78655e+08     : 2    : 1.79064e+08     : 184096          : 1.79474e+08     : 4    : 0.228436
  SCIMemoryMaxUsed  [MBytes ] : 1.78655e+08     : 2    : 1.79064e+08     : 184096          : 1.79474e+08     : 4    : 0.228436
  MemoryUsed        [MBytes ] : 7.90077e+08     : 2    : 8.09145e+08     : 9.87983e+06     : 8.37341e+08     : 0    : 3.3674
  MemoryResident    [MBytes ] : 1.78655e+08     : 2    : 1.79064e+08     : 184096          : 1.79474e+08     : 4    : 0.228436
  Percentage of time spent in overhead : 4.79458

________________________________________________________________________________
--------------------------------------------------------------------------------
MPIStats:+
--------------------------------------------------------------------------------
                Name:       Total:         Avg:         Min:         Max:    Max rank: Hist %% [  Q1 |  Q2 |  Q3 |  Q4 ]:  %%Load Imbalance
         Count: Recv:     1.09e+03           34           34           34           27           100.0   0.0   0.0   0.0     0.0
         Count: Redu:          256            8            8            8           11           100.0   0.0   0.0   0.0     0.0
         Count: Send:     1.09e+03           34           34           34           29           100.0   0.0   0.0   0.0     0.0
         Count: Test:          308         9.62            8           13           15            56.2   3.1  18.8  21.9    26.0
         Count: Wait:     1.92e+03           60           60           60           21           100.0   0.0   0.0   0.0     0.0
          Time: Recv:     0.467 ms    0.0146 ms   5.9e+03 ns    0.0311 ms           27            50.0  31.2   9.4   9.4    53.0
          Time: Redu:      34.4 ms      1.08 ms     0.189 ms      2.54 ms           14            18.8  68.8   6.2   6.2    57.6
          Time: Send:      4.57 ms     0.143 ms    0.0679 ms     0.257 ms           17            40.6  21.9  25.0  12.5    44.5
          Time: Test:     0.194 ms  6.07e+03 ns  1.36e+03 ns    0.0153 ms           27            56.2  18.8  15.6   9.4    60.5
          Time: Wait:      15.2 ms     0.474 ms      0.28 ms     0.738 ms           11            31.2  21.9  43.8   3.1    35.8
Volume Recv TOTAL   :      19.2 MB       613 KB       613 KB       615 KB            0            96.9   0.0   0.0   3.1     0.3
Volume Recv0: <= 64B:          161         5.03            5            6            0            96.9   0.0   0.0   3.1    16.1
Volume Recv1: <= 4KB:          549         17.2           17           22            0            96.9   0.0   0.0   3.1    22.0
Volume Recv2: <= 2MB:          448           14           14           14           12           100.0   0.0   0.0   0.0     0.0
Volume Send TOTAL   :      19.2 MB       615 KB       615 KB       615 KB            4           100.0   0.0   0.0   0.0     0.0
Volume Send0: <= 64B:          192            6            6            6           24           100.0   0.0   0.0   0.0     0.0
Volume Send1: <= 4KB:          704           22           22           22            8           100.0   0.0   0.0   0.0     0.0
Volume Send2: <= 2MB:          448           14           14           14           16           100.0   0.0   0.0   0.0     0.0

Timestep 7       Time=7e-05       Next delT=1e-05       Wall Time=0.195806  EMA=0.0111716   Memory Used=179.85 MBs (avg) 180.30 MBs (max on rank: 0     )
Runtime Summary  summary stats for time step 7 at time=7e-05
  Description       Units       Minimum           Rank   Average (32)      Std. Dev.         Maximum           Rank   100*(1-ave/max) '% load imbalance'
  TaskExec          [seconds] : 0.00742795      : 0    : 0.00759298      : 7.97889e-05     : 0.00774889      : 14   : 2.012
  TaskLocalComm     [seconds] : 0.00120115      : 14   : 0.00155735      : 0.000179829     : 0.00197371      : 23   : 21.0952
  TaskWaitCommTime  [seconds] : 0.000491042     : 23   : 0.000713568     : 0.000109246     : 0.000884544     : 11   : 19.3292
  NumberOfTasks     [tasks  ] : 8               : 0    : 8               : 0               : 8               : 0    : 0
  NumberOfPatches   [patches] : 1               : 0    : 1               : 0               : 1               : 0    : 0
  NumberOfCells     [cells  ] : 32768           : 0    : 32768           : 0               : 32768           : 0    : 0
  SCIMemoryUsed     [MBytes ] : 1.79462e+08     : 2    : 1.79852e+08     : 192965          : 1.80302e+08     : 0    : 0.24975
  SCIMemoryMaxUsed  [MBytes ] : 1.79462e+08     : 2    : 1.79852e+08     : 192965          : 1.80302e+08     : 0    : 0.24975
  MemoryUsed        [MBytes ] : 7.90708e+08     : 2    : 8.09773e+08     : 9.88003e+06     : 8.37972e+08     : 0    : 3.36512
  MemoryResident    [MBytes ] : 1.79462e+08     : 2    : 1.79852e+08     : 192965          : 1.80302e+08     : 0    : 0.24975
  Percentage of time spent in overhead : 4.10542

________________________________________________________________________________
--------------------------------------------------------------------------------
MPIStats:+
--------------------------------------------------------------------------------
                Name:       Total:         Avg:         Min:         Max:    Max rank: Hist %% [  Q1 |  Q2 |  Q3 |  Q4 ]:  %%Load Imbalance
         Count: Recv:     1.09e+03           34           34           34           27           100.0   0.0   0.0   0.0     0.0
         Count: Redu:          256            8            8            8           11           100.0   0.0   0.0   0.0     0.0
         Count: Send:     1.09e+03           34           34           34           29           100.0   0.0   0.0   0.0     0.0
         Count: Test:          306         9.56            8           15           27            62.5  15.6  15.6   6.2    36.3
         Count: Wait:     1.92e+03           60           60           60           21           100.0   0.0   0.0   0.0     0.0
          Time: Recv:     0.446 ms    0.0139 ms  6.19e+03 ns    0.0285 ms           29            46.9  34.4  12.5   6.2    51.2
          Time: Redu:      36.9 ms      1.15 ms     0.197 ms      2.64 ms           14            18.8  62.5  12.5   6.2    56.4
          Time: Send:      4.67 ms     0.146 ms    0.0662 ms     0.247 ms           29            25.0  34.4  25.0  15.6    40.9
          Time: Test:     0.187 ms  5.84e+03 ns  1.68e+03 ns    0.0157 ms           27            65.6   9.4  15.6   9.4    62.8
          Time: Wait:      15.9 ms     0.497 ms     0.341 ms     0.808 ms           11            37.5  40.6  18.8   3.1    38.5
Volume Recv TOTAL   :      19.2 MB       613 KB       613 KB       615 KB            0            96.9   0.0   0.0   3.1     0.3
Volume Recv0: <= 64B:          161         5.03            5            6            0            96.9   0.0   0.0   3.1    16.1
Volume Recv1: <= 4KB:          549         17.2           17           22            0            96.9   0.0   0.0   3.1    22.0
Volume Recv2: <= 2MB:          448           14           14           14           12           100.0   0.0   0.0   0.0     0.0
Volume Send TOTAL   :      19.2 MB       615 KB       615 KB       615 KB            4           100.0   0.0   0.0   0.0     0.0
Volume Send0: <= 64B:          192            6            6            6           24           100.0   0.0   0.0   0.0     0.0
Volume Send1: <= 4KB:          704           22           22           22            8           100.0   0.0   0.0   0.0     0.0
Volume Send2: <= 2MB:          448           14           14           14           16           100.0   0.0   0.0   0.0     0.0

Timestep 8       Time=8e-05       Next delT=1e-05       Wall Time=0.20546   EMA=0.0108343   Memory Used=179.37 MBs (avg) 179.92 MBs (max on rank: 0     )
Runtime Summary  summary stats for time step 8 at time=8e-05
  Description       Units       Minimum           Rank   Average (32)      Std. Dev.         Maximum           Rank   100*(1-ave/max) '% load imbalance'
  TaskExec          [seconds] : 0.00736844      : 0    : 0.00749955      : 7.84426e-05     : 0.007649        : 14   : 1.95386
  TaskLocalComm     [seconds] : 0.00117768      : 11   : 0.00158666      : 0.000193139     : 0.00204192      : 3    : 22.2954
  TaskWaitCommTime  [seconds] : 0.000558241     : 2    : 0.000752269     : 0.000112615     : 0.000959763     : 11   : 21.6193
  NumberOfTasks     [tasks  ] : 8               : 0    : 8               : 0               : 8               : 0    : 0
  NumberOfPatches   [patches] : 1               : 0    : 1               : 0               : 1               : 0    : 0
  NumberOfCells     [cells  ] : 32768           : 0    : 32768           : 0               : 32768           : 0    : 0
  SCIMemoryUsed     [MBytes ] : 1.78979e+08     : 6    : 1.79372e+08     : 201467          : 1.79921e+08     : 0    : 0.304916
  SCIMemoryMaxUsed  [MBytes ] : 1.78979e+08     : 6    : 1.79372e+08     : 201467          : 1.79921e+08     : 0    : 0.304916
  MemoryUsed        [MBytes ] : 7.90077e+08     : 2    : 8.09145e+08     : 9.87983e+06     : 8.37341e+08     : 0    : 3.3674
  MemoryResident    [MBytes ] : 1.78979e+08     : 6    : 1.79372e+08     : 201467          : 1.79921e+08     : 0    : 0.304916
  Percentage of time spent in overhead : 3.58705

________________________________________________________________________________
--------------------------------------------------------------------------------
MPIStats:+
--------------------------------------------------------------------------------
                Name:       Total:         Avg:         Min:         Max:    Max rank: Hist %% [  Q1 |  Q2 |  Q3 |  Q4 ]:  %%Load Imbalance
         Count: Recv:     1.09e+03           34           34           34           27           100.0   0.0   0.0   0.0     0.0
         Count: Redu:          256            8            8            8           11           100.0   0.0   0.0   0.0     0.0
         Count: Send:     1.09e+03           34           34           34           29           100.0   0.0   0.0   0.0     0.0
         Count: Test:          304          9.5            8           14           31            62.5   6.2  21.9   9.4    32.1
         Count: Wait:     1.92e+03           60           60           60           21           100.0   0.0   0.0   0.0     0.0
          Time: Recv:     0.456 ms    0.0143 ms  6.36e+03 ns    0.0256 ms           25            31.2  37.5  18.8  12.5    44.2
          Time: Redu:      34.2 ms      1.07 ms     0.201 ms      2.56 ms           14            18.8  68.8   6.2   6.2    58.2
          Time: Send:      4.92 ms     0.154 ms    0.0689 ms     0.279 ms           15            50.0  18.8  15.6  15.6    44.8
          Time: Test:     0.198 ms   6.2e+03 ns   1.4e+03 ns    0.0204 ms           31            65.6  21.9   6.2   6.2    69.6
          Time: Wait:        14 ms     0.437 ms     0.268 ms     0.687 ms           11            28.1  34.4  34.4   3.1    36.5
Volume Recv TOTAL   :      19.2 MB       613 KB       613 KB       615 KB            0            96.9   0.0   0.0   3.1     0.3
Volume Recv0: <= 64B:          161         5.03            5            6            0            96.9   0.0   0.0   3.1    16.1
Volume Recv1: <= 4KB:          549         17.2           17           22            0            96.9   0.0   0.0   3.1    22.0
Volume Recv2: <= 2MB:          448           14           14           14           12           100.0   0.0   0.0   0.0     0.0
Volume Send TOTAL   :      19.2 MB       615 KB       615 KB       615 KB            4           100.0   0.0   0.0   0.0     0.0
Volume Send0: <= 64B:          192            6            6            6           24           100.0   0.0   0.0   0.0     0.0
Volume Send1: <= 4KB:          704           22           22           22            8           100.0   0.0   0.0   0.0     0.0
Volume Send2: <= 2MB:          448           14           14           14           16           100.0   0.0   0.0   0.0     0.0

Timestep 9       Time=9e-05       Next delT=1e-05       Wall Time=0.215065  EMA=0.0105884   Memory Used=180.14 MBs (avg) 180.76 MBs (max on rank: 0     )
Runtime Summary  summary stats for time step 9 at time=9e-05
  Description       Units       Minimum           Rank   Average (32)      Std. Dev.         Maximum           Rank   100*(1-ave/max) '% load imbalance'
  TaskExec          [seconds] : 0.00741601      : 0    : 0.00759305      : 8.68378e-05     : 0.00778606      : 14   : 2.47896
  TaskLocalComm     [seconds] : 0.00116134      : 11   : 0.00159932      : 0.000190023     : 0.00196496      : 3    : 18.6079
  TaskWaitCommTime  [seconds] : 0.000493432     : 2    : 0.000672478     : 9.75707e-05     : 0.000838353     : 11   : 19.7858
  NumberOfTasks     [tasks  ] : 8               : 0    : 8               : 0               : 8               : 0    : 0
  NumberOfPatches   [patches] : 1               : 0    : 1               : 0               : 1               : 0    : 0
  NumberOfCells     [cells  ] : 32768           : 0    : 32768           : 0               : 32768           : 0    : 0
  SCIMemoryUsed     [MBytes ] : 1.79737e+08     : 6    : 1.80139e+08     : 208151          : 1.80761e+08     : 0    : 0.344004
  SCIMemoryMaxUsed  [MBytes ] : 1.79737e+08     : 6    : 1.80139e+08     : 208151          : 1.80761e+08     : 0    : 0.344004
  MemoryUsed        [MBytes ] : 7.90708e+08     : 2    : 8.09773e+08     : 9.88003e+06     : 8.37972e+08     : 0    : 3.36512
  MemoryResident    [MBytes ] : 1.79737e+08     : 6    : 1.80139e+08     : 208151          : 1.80761e+08     : 0    : 0.344004
  Percentage of time spent in overhead : 3.18232

________________________________________________________________________________
--------------------------------------------------------------------------------
MPIStats:+
--------------------------------------------------------------------------------
                Name:       Total:         Avg:         Min:         Max:    Max rank: Hist %% [  Q1 |  Q2 |  Q3 |  Q4 ]:  %%Load Imbalance
         Count: Recv:     1.09e+03           34           34           34           27           100.0   0.0   0.0   0.0     0.0
         Count: Redu:          256            8            8            8           11           100.0   0.0   0.0   0.0     0.0
         Count: Send:     1.09e+03           34           34           34           29           100.0   0.0   0.0   0.0     0.0
         Count: Test:          301         9.41            8           13           29            65.6   6.2   3.1  25.0    27.6
         Count: Wait:     1.92e+03           60           60           60           21           100.0   0.0   0.0   0.0     0.0
          Time: Recv:     0.444 ms    0.0139 ms  6.25e+03 ns     0.034 ms           15            53.1  43.8   0.0   3.1    59.3
          Time: Redu:      52.6 ms      1.65 ms     0.175 ms       3.4 ms           14             3.1  68.8  25.0   3.1    51.6
          Time: Send:      4.47 ms      0.14 ms    0.0718 ms     0.326 ms            3            68.8  15.6  12.5   3.1    57.1
          Time: Test:     0.211 ms  6.58e+03 ns   1.2e+03 ns    0.0193 ms           27            62.5  12.5  15.6   9.4    65.9
          Time: Wait:      16.6 ms      0.52 ms     0.257 ms      1.39 ms           11            62.5  34.4   0.0   3.1    62.5
Volume Recv TOTAL   :      19.2 MB       613 KB       613 KB       615 KB            0            96.9   0.0   0.0   3.1     0.3
Volume Recv0: <= 64B:          161         5.03            5            6            0            96.9   0.0   0.0   3.1    16.1
Volume Recv1: <= 4KB:          549         17.2           17           22            0            96.9   0.0   0.0   3.1    22.0
Volume Recv2: <= 2MB:          448           14           14           14           12           100.0   0.0   0.0   0.0     0.0
Volume Send TOTAL   :      19.2 MB       615 KB       615 KB       615 KB            4           100.0   0.0   0.0   0.0     0.0
Volume Send0: <= 64B:          192            6            6            6           24           100.0   0.0   0.0   0.0     0.0
Volume Send1: <= 4KB:          704           22           22           22            8           100.0   0.0   0.0   0.0     0.0
Volume Send2: <= 2MB:          448           14           14           14           16           100.0   0.0   0.0   0.0     0.0

Timestep 10      Time=0.0001      Next delT=1e-05       Wall Time=0.225223  EMA=0.0105102   Memory Used=179.64 MBs (avg) 180.33 MBs (max on rank: 0     )
Runtime Summary  summary stats for time step 10 at time=0.0001
  Description       Units       Minimum           Rank   Average (32)      Std. Dev.         Maximum           Rank   100*(1-ave/max) '% load imbalance'
  TaskExec          [seconds] : 0.00739537      : 11   : 0.00800511      : 0.0001769       : 0.00847434      : 14   : 5.53709
  TaskLocalComm     [seconds] : 0.00121259      : 11   : 0.00156421      : 0.00017657      : 0.00207085      : 3    : 24.465
  TaskWaitCommTime  [seconds] : 0.000453671     : 14   : 0.000765243     : 0.000207475     : 0.00153424      : 11   : 50.1222
  NumberOfTasks     [tasks  ] : 8               : 0    : 8               : 0               : 8               : 0    : 0
  NumberOfPatches   [patches] : 1               : 0    : 1               : 0               : 1               : 0    : 0
  NumberOfCells     [cells  ] : 32768           : 0    : 32768           : 0               : 32768           : 0    : 0
  SCIMemoryUsed     [MBytes ] : 1.79245e+08     : 6    : 1.79643e+08     : 217151          : 1.8033e+08      : 0    : 0.381451
  SCIMemoryMaxUsed  [MBytes ] : 1.79245e+08     : 6    : 1.79643e+08     : 217151          : 1.8033e+08      : 0    : 0.381451
  MemoryUsed        [MBytes ] : 7.90077e+08     : 2    : 8.09145e+08     : 9.87983e+06     : 8.37341e+08     : 0    : 3.3674
  MemoryResident    [MBytes ] : 1.79245e+08     : 6    : 1.79643e+08     : 217151          : 1.8033e+08      : 0    : 0.381451
  Percentage of time spent in overhead : 2.85691
Sus: going down successfully
