Parallel: 512 MPI processes (using MPI)
Parallel: MPI Level Required: 0, provided: 0
Date:       Thu Aug 25 15:41:48 2022
Machine:    notch178
git branch:wasatch-low-cost-integ-cmake
git date:   Sat Jul 30 10:34:22 2022 -0600
git hash:   9315f9f96fa6304db4fe79378b145f37ea40016d
Assertion level: 0
CFLAGS:          
CXXFLAGS:        
______________________________________________________________________
Application Component: 	'wasatch'

-------------------------------------------------------------
Wasatch was built against:
  SpatialOps HASH: bd7a2bac76e42e2cb528b02e2cf1291d05c71926
             DATE: Fri Nov 12 11:34:54 2021 -0700
     ExprLib HASH: d2950c77edb22e5f3669ddaaf2d2ed29ceb24d2c
             DATE: Thu Aug 5 12:26:26 2021 -0600
    TabProps HASH: eca0dc5f26b20d4f6b1cebe51b1ae97e11871e83
             DATE: Wed Aug 11 20:11:26 2021 -0600
-------------------------------------------------------------

Linear Solver: 		hypre
Load Balancer: 		Simple
Scheduler: 		MPI
Patch layout: 		(8,8,8)
Grid statistics:
Number of levels:		1
Level 0:
  Periodic boundaries:		[int 1, 1, 1]
  Number of patches:		512
  Total number of cells:	16777216 (32768 avg. per patch)
Total patches in grid:		512
Total cells in grid:		16777216 (32768 avg. per patch)

Using small, individual MPI messages (no message combining)
Detected solver: hypre
SETTING UP CONVECTIVE FLUX EXPRESSION IN X DIRECTION USING CENTRAL
SETTING UP CONVECTIVE FLUX EXPRESSION IN Y DIRECTION USING CENTRAL
SETTING UP CONVECTIVE FLUX EXPRESSION IN Z DIRECTION USING CENTRAL
Setting initial conditions for scalability test equation: scalability0
SETTING UP CONVECTIVE FLUX EXPRESSION IN X DIRECTION USING CENTRAL
SETTING UP CONVECTIVE FLUX EXPRESSION IN Y DIRECTION USING CENTRAL
SETTING UP CONVECTIVE FLUX EXPRESSION IN Z DIRECTION USING CENTRAL
Setting initial conditions for scalability test equation: scalability1
SETTING UP CONVECTIVE FLUX EXPRESSION IN X DIRECTION USING CENTRAL
SETTING UP CONVECTIVE FLUX EXPRESSION IN Y DIRECTION USING CENTRAL
SETTING UP CONVECTIVE FLUX EXPRESSION IN Z DIRECTION USING CENTRAL
Setting initial conditions for scalability test equation: scalability2
------------------------------------------------
No BoundaryConditions specified
  This message will only occur once

Compiling initialization taskgraph.
------------------------------------------------
SETTING INITIAL BOUNDARY CONDITIONS:
------------------------------------------------
Setting Initial BCs for transport equation 'scalability0'
Setting Initial BCs for transport equation 'scalability1'
Setting Initial BCs for transport equation 'scalability2'
------------------------------------------------
Wasatch: done creating initialization task(s)
Scheduling Task 'compute timestep' COMPUTES 'delT' in NEW data warehouse
Wasatch: done creating timestep task(s)
Done with taskgraph compile (0.0001466 seconds)
Warning: addContribution not implemented for LoadBalancerCommon.
WARNING at time step 0 and sim time 0 : lowering the next delT from 1 to the maximum: 1e-05

________________________________________________________________________________
--------------------------------------------------------------------------------
MPIStats:+
--------------------------------------------------------------------------------
                Name:       Total:         Avg:         Min:         Max:    Max rank: Hist %% [  Q1 |  Q2 |  Q3 |  Q4 ]:  %%Load Imbalance
         Count: Comm:          512            1            1            1          510           100.0   0.0   0.0   0.0     0.0
         Count: Gath:     1.02e+03            2            2            2          510           100.0   0.0   0.0   0.0     0.0
         Count: Redu:          512            1            1            1          510           100.0   0.0   0.0   0.0     0.0
          Time: Comm:      1.57 s       3.06 ms      1.28 ms      5.13 ms          131            17.2  40.6  34.0   8.2    40.4
          Time: Gath:      18.1 s       35.3 ms      13.9 ms      48.7 ms          319             7.2  21.1  44.7  27.0    27.6
          Time: Redu:      5.89 s       11.5 ms    0.0697 ms      19.6 ms          289             4.7  45.3   3.5  46.5    41.3
Volume Recv TOTAL   :      2.08 MB      4.17 KB      4.17 KB      4.17 KB          510           100.0   0.0   0.0   0.0     0.0
Volume Recv0: <= 64B:          512            1            1            1          510           100.0   0.0   0.0   0.0     0.0
Volume Recv1: <= 4KB:     1.02e+03            2            2            2          510           100.0   0.0   0.0   0.0     0.0
Volume Send TOTAL   :       136 KB    272.812 B        269 B        273 B          486             4.7   0.0   0.0  95.3     0.1
Volume Send0: <= 64B:     1.02e+03            2            2            2          510           100.0   0.0   0.0   0.0     0.0
Volume Send1: <= 4KB:          512            1            1            1          510           100.0   0.0   0.0   0.0     0.0


Simulation and run time stats are reported at the end of each time step
EMA == Wall time as an exponential moving average using a window of the last 10 time steps
Timestep 0       Time=0           Next delT=1e-05       Wall Time=0.0827511 EMA=0.0818434   Memory Used=116.16 MBs (avg) 117.15 MBs (max on rank: 352   )
Warning: finalizeContributions not implemented for LoadBalancerCommon.
Warning: resetCostForecaster not implemented for LoadBalancerCommon.
Compiling taskgraph(s)...
------------------------------------------------
SETTING BOUNDARY CONDITIONS:
------------------------------------------------
Setting BCs for transport equation 'scalability0'
Setting BCs for transport equation 'scalability1'
Setting BCs for transport equation 'scalability2'
------------------------------------------------
Wasatch: done creating solution task(s)
Wasatch: done creating solution task(s)
Wasatch: done creating post-processing task(s)
Scheduling Task 'compute timestep' COMPUTES 'delT' in NEW data warehouse
Wasatch: done creating timestep task(s)
Done with taskgraph compile (0.0116843 seconds)

________________________________________________________________________________
--------------------------------------------------------------------------------
MPIStats:+
--------------------------------------------------------------------------------
                Name:       Total:         Avg:         Min:         Max:    Max rank: Hist %% [  Q1 |  Q2 |  Q3 |  Q4 ]:  %%Load Imbalance
         Count: Recv:     2.66e+04           52           52           52          510           100.0   0.0   0.0   0.0     0.0
         Count: Redu:      4.1e+03            8            8            8          510           100.0   0.0   0.0   0.0     0.0
         Count: Send:     2.66e+04           52           52           52          510           100.0   0.0   0.0   0.0     0.0
         Count: Test:     4.26e+03         8.31            8           14          511            95.7   1.4   1.6   1.4    40.6
         Count: Wait:     4.92e+04           96           96           96          510           100.0   0.0   0.0   0.0     0.0
          Time: Recv:      23.8 ms    0.0464 ms    0.0162 ms     0.265 ms          351            82.4  14.6   2.1   0.8    82.5
          Time: Redu:      4.27 s       8.34 ms     0.334 ms      22.1 ms          173            27.0  52.0  19.3   1.8    62.2
          Time: Send:     0.601 s       1.17 ms     0.937 ms      1.84 ms          486            52.1  44.5   2.5   0.8    36.2
          Time: Test:      6.61 ms    0.0129 ms  3.99e+03 ns     0.379 ms          463            98.6   0.8   0.4   0.2    96.6
          Time: Wait:      10.2 s         20 ms      7.26 ms      34.6 ms          258            17.2  35.0  40.4   7.4    42.2
Volume Recv TOTAL   :       306 MB       613 KB       613 KB       615 KB            0            99.8   0.0   0.0   0.2     0.3
Volume Recv0: <= 64B:     4.61e+03            9            9           10            0            99.8   0.0   0.0   0.2    10.0
Volume Recv1: <= 4KB:     1.69e+04           33           33           38            0            99.8   0.0   0.0   0.2    13.1
Volume Recv2: <= 2MB:     6.14e+03           12           12           12          510           100.0   0.0   0.0   0.0     0.0
Volume Send TOTAL   :       308 MB       615 KB       615 KB       615 KB          510           100.0   0.0   0.0   0.0     0.0
Volume Send0: <= 64B:     5.12e+03           10           10           10          510           100.0   0.0   0.0   0.0     0.0
Volume Send1: <= 4KB:     1.95e+04           38           38           38          510           100.0   0.0   0.0   0.0     0.0
Volume Send2: <= 2MB:     6.14e+03           12           12           12          510           100.0   0.0   0.0   0.0     0.0

Timestep 1       Time=1e-05       Next delT=1e-05       Wall Time=0.14064   EMA=0.0578507   Memory Used=121.53 MBs (avg) 122.39 MBs (max on rank: 352   )
Runtime Summary  summary stats for time step 1 at time=1e-05
  Description       Units       Minimum           Rank   Average (512)     Std. Dev.         Maximum           Rank   100*(1-ave/max) '% load imbalance'
  Compilation       [seconds] : 0.00792871      : 11   : 0.0104947       : 0.00167905      : 0.0176208       : 108  : 40.4415
  TaskExec          [seconds] : 0.0106138       : 258  : 0.0251177       : 0.00555842      : 0.0385481       : 182  : 34.8407
  TaskLocalComm     [seconds] : 0.00238069      : 374  : 0.00324295      : 0.000466096     : 0.0058267       : 35   : 44.3433
  TaskWaitCommTime  [seconds] : 0.00754553      : 422  : 0.0205058       : 0.00580502      : 0.0351182       : 258  : 41.6091
  NumberOfTasks     [tasks  ] : 8               : 0    : 8               : 0               : 8               : 0    : 0
  NumberOfPatches   [patches] : 1               : 0    : 1               : 0               : 1               : 0    : 0
  NumberOfCells     [cells  ] : 32768           : 0    : 32768           : 0               : 32768           : 0    : 0
  SCIMemoryUsed     [MBytes ] : 1.20594e+08     : 111  : 1.21527e+08     : 263548          : 1.22393e+08     : 352  : 0.707232
  SCIMemoryMaxUsed  [MBytes ] : 1.20594e+08     : 111  : 1.21527e+08     : 263548          : 1.22393e+08     : 352  : 0.707232
  MemoryUsed        [MBytes ] : 6.27175e+08     : 85   : 6.37485e+08     : 5.3156e+06      : 6.52784e+08     : 224  : 2.34355
  MemoryResident    [MBytes ] : 1.20594e+08     : 111  : 1.21527e+08     : 263548          : 1.22393e+08     : 352  : 0.707232
  Percentage of time spent in overhead : 17.6794

________________________________________________________________________________
--------------------------------------------------------------------------------
MPIStats:+
--------------------------------------------------------------------------------
                Name:       Total:         Avg:         Min:         Max:    Max rank: Hist %% [  Q1 |  Q2 |  Q3 |  Q4 ]:  %%Load Imbalance
         Count: Recv:     2.66e+04           52           52           52          510           100.0   0.0   0.0   0.0     0.0
         Count: Redu:      4.1e+03            8            8            8          510           100.0   0.0   0.0   0.0     0.0
         Count: Send:     2.66e+04           52           52           52          510           100.0   0.0   0.0   0.0     0.0
         Count: Test:     4.34e+03         8.48            8           15          511            91.6   2.5   5.7   0.2    43.5
         Count: Wait:     4.92e+04           96           96           96          510           100.0   0.0   0.0   0.0     0.0
          Time: Recv:        19 ms    0.0372 ms    0.0155 ms     0.198 ms          105            87.5   9.6   2.3   0.6    81.2
          Time: Redu:      3.99 s        7.8 ms     0.249 ms      17.1 ms          403             9.4  54.3  32.4   3.9    54.5
          Time: Send:     0.276 s      0.538 ms     0.275 ms      1.07 ms          344            28.9  60.7  10.0   0.4    49.7
          Time: Test:      4.08 ms  7.96e+03 ns  2.25e+03 ns     0.288 ms          157            99.6   0.0   0.0   0.4    97.2
          Time: Wait:      6.29 s       12.3 ms      5.03 ms      19.7 ms          400             9.2  38.7  45.7   6.4    37.7
Volume Recv TOTAL   :       306 MB       613 KB       613 KB       615 KB            0            99.8   0.0   0.0   0.2     0.3
Volume Recv0: <= 64B:     4.61e+03            9            9           10            0            99.8   0.0   0.0   0.2    10.0
Volume Recv1: <= 4KB:     1.69e+04           33           33           38            0            99.8   0.0   0.0   0.2    13.1
Volume Recv2: <= 2MB:     6.14e+03           12           12           12          510           100.0   0.0   0.0   0.0     0.0
Volume Send TOTAL   :       308 MB       615 KB       615 KB       615 KB          510           100.0   0.0   0.0   0.0     0.0
Volume Send0: <= 64B:     5.12e+03           10           10           10          510           100.0   0.0   0.0   0.0     0.0
Volume Send1: <= 4KB:     1.95e+04           38           38           38          510           100.0   0.0   0.0   0.0     0.0
Volume Send2: <= 2MB:     6.14e+03           12           12           12          510           100.0   0.0   0.0   0.0     0.0

Timestep 2       Time=2e-05       Next delT=1e-05       Wall Time=0.176073  EMA=0.0429055   Memory Used=122.10 MBs (avg) 122.95 MBs (max on rank: 352   )
Runtime Summary  summary stats for time step 2 at time=2e-05
  Description       Units       Minimum           Rank   Average (512)     Std. Dev.         Maximum           Rank   100*(1-ave/max) '% load imbalance'
  TaskExec          [seconds] : 0.0136053       : 400  : 0.0205727       : 0.00258916      : 0.0280538       : 402  : 26.667
  TaskLocalComm     [seconds] : 0.00193025      : 75   : 0.00287918      : 0.00048783      : 0.0064866       : 344  : 55.6134
  TaskWaitCommTime  [seconds] : 0.0052829       : 402  : 0.0127467       : 0.00261254      : 0.0200005       : 400  : 36.268
  NumberOfTasks     [tasks  ] : 8               : 0    : 8               : 0               : 8               : 0    : 0
  NumberOfPatches   [patches] : 1               : 0    : 1               : 0               : 1               : 0    : 0
  NumberOfCells     [cells  ] : 32768           : 0    : 32768           : 0               : 32768           : 0    : 0
  SCIMemoryUsed     [MBytes ] : 1.21274e+08     : 81   : 1.22095e+08     : 251853          : 1.22954e+08     : 352  : 0.698207
  SCIMemoryMaxUsed  [MBytes ] : 1.21274e+08     : 81   : 1.22095e+08     : 251853          : 1.22954e+08     : 352  : 0.698207
  MemoryUsed        [MBytes ] : 6.27495e+08     : 243  : 6.37955e+08     : 5.18266e+06     : 6.53099e+08     : 224  : 2.31879
  MemoryResident    [MBytes ] : 1.21274e+08     : 81   : 1.22095e+08     : 251853          : 1.22954e+08     : 352  : 0.698207
  Percentage of time spent in overhead : 8.83961

________________________________________________________________________________
--------------------------------------------------------------------------------
MPIStats:+
--------------------------------------------------------------------------------
                Name:       Total:         Avg:         Min:         Max:    Max rank: Hist %% [  Q1 |  Q2 |  Q3 |  Q4 ]:  %%Load Imbalance
         Count: Recv:     2.66e+04           52           52           52          510           100.0   0.0   0.0   0.0     0.0
         Count: Redu:      4.1e+03            8            8            8          510           100.0   0.0   0.0   0.0     0.0
         Count: Send:     2.66e+04           52           52           52          510           100.0   0.0   0.0   0.0     0.0
         Count: Test:      4.3e+03          8.4            8           16          509            93.8   2.5   3.1   0.6    47.5
         Count: Wait:     4.92e+04           96           96           96          510           100.0   0.0   0.0   0.0     0.0
          Time: Recv:      20.2 ms    0.0394 ms    0.0154 ms     0.257 ms          330            93.9   1.4   3.5   1.2    84.7
          Time: Redu:       4.7 s       9.19 ms     0.268 ms      18.2 ms          508             2.5  50.0  42.0   5.5    49.5
          Time: Send:     0.146 s      0.286 ms    0.0986 ms     0.715 ms          140            33.8  54.9  10.5   0.8    60.1
          Time: Test:      3.37 ms  6.58e+03 ns  2.07e+03 ns    0.0469 ms          186            91.8   6.6   1.0   0.6    86.0
          Time: Wait:      6.21 s       12.1 ms      5.85 ms        21 ms          131            12.3  63.9  22.1   1.8    42.3
Volume Recv TOTAL   :       306 MB       613 KB       613 KB       615 KB            0            99.8   0.0   0.0   0.2     0.3
Volume Recv0: <= 64B:     4.61e+03            9            9           10            0            99.8   0.0   0.0   0.2    10.0
Volume Recv1: <= 4KB:     1.69e+04           33           33           38            0            99.8   0.0   0.0   0.2    13.1
Volume Recv2: <= 2MB:     6.14e+03           12           12           12          510           100.0   0.0   0.0   0.0     0.0
Volume Send TOTAL   :       308 MB       615 KB       615 KB       615 KB          510           100.0   0.0   0.0   0.0     0.0
Volume Send0: <= 64B:     5.12e+03           10           10           10          510           100.0   0.0   0.0   0.0     0.0
Volume Send1: <= 4KB:     1.95e+04           38           38           38          510           100.0   0.0   0.0   0.0     0.0
Volume Send2: <= 2MB:     6.14e+03           12           12           12          510           100.0   0.0   0.0   0.0     0.0

Timestep 3       Time=3e-05       Next delT=1e-05       Wall Time=0.213111  EMA=0.0399716   Memory Used=123.16 MBs (avg) 124.06 MBs (max on rank: 352   )
Runtime Summary  summary stats for time step 3 at time=3e-05
  Description       Units       Minimum           Rank   Average (512)     Std. Dev.         Maximum           Rank   100*(1-ave/max) '% load imbalance'
  TaskExec          [seconds] : 0.0136461       : 132  : 0.0222061       : 0.00215028      : 0.0283882       : 455  : 21.7771
  TaskLocalComm     [seconds] : 0.00171898      : 481  : 0.00266698      : 0.000456176     : 0.00457557      : 330  : 41.7126
  TaskWaitCommTime  [seconds] : 0.00639739      : 455  : 0.0126148       : 0.00220542      : 0.0213529       : 131  : 40.9225
  NumberOfTasks     [tasks  ] : 8               : 0    : 8               : 0               : 8               : 0    : 0
  NumberOfPatches   [patches] : 1               : 0    : 1               : 0               : 1               : 0    : 0
  NumberOfCells     [cells  ] : 32768           : 0    : 32768           : 0               : 32768           : 0    : 0
  SCIMemoryUsed     [MBytes ] : 1.22294e+08     : 81   : 1.23156e+08     : 252774          : 1.2406e+08      : 352  : 0.728076
  SCIMemoryMaxUsed  [MBytes ] : 1.22294e+08     : 81   : 1.23156e+08     : 252774          : 1.2406e+08      : 352  : 0.728076
  MemoryUsed        [MBytes ] : 6.32549e+08     : 6    : 6.38931e+08     : 5.15624e+06     : 6.54041e+08     : 224  : 2.31022
  MemoryResident    [MBytes ] : 1.22294e+08     : 81   : 1.23156e+08     : 252774          : 1.2406e+08      : 352  : 0.728076
  Percentage of time spent in overhead : 5.89266

________________________________________________________________________________
--------------------------------------------------------------------------------
MPIStats:+
--------------------------------------------------------------------------------
                Name:       Total:         Avg:         Min:         Max:    Max rank: Hist %% [  Q1 |  Q2 |  Q3 |  Q4 ]:  %%Load Imbalance
         Count: Recv:     2.66e+04           52           52           52          510           100.0   0.0   0.0   0.0     0.0
         Count: Redu:      4.1e+03            8            8            8          510           100.0   0.0   0.0   0.0     0.0
         Count: Send:     2.66e+04           52           52           52          510           100.0   0.0   0.0   0.0     0.0
         Count: Test:     4.29e+03         8.37            8           14          511            94.1   1.4   2.9   1.6    40.2
         Count: Wait:     4.92e+04           96           96           96          510           100.0   0.0   0.0   0.0     0.0
          Time: Recv:      18.8 ms    0.0367 ms    0.0156 ms      0.32 ms           61            96.7   1.4   1.6   0.4    88.5
          Time: Redu:      3.66 s       7.14 ms     0.211 ms      16.3 ms          414             5.1  65.2  27.7   2.0    56.1
          Time: Send:     0.148 s      0.289 ms    0.0907 ms     0.803 ms          228            43.9  47.1   8.0   1.0    64.0
          Time: Test:      3.37 ms  6.59e+03 ns  2.05e+03 ns    0.0413 ms          319            89.3   8.4   2.0   0.4    84.0
          Time: Wait:      6.12 s         12 ms      5.77 ms      22.1 ms          128            12.9  74.0  11.5   1.6    46.0
Volume Recv TOTAL   :       306 MB       613 KB       613 KB       615 KB            0            99.8   0.0   0.0   0.2     0.3
Volume Recv0: <= 64B:     4.61e+03            9            9           10            0            99.8   0.0   0.0   0.2    10.0
Volume Recv1: <= 4KB:     1.69e+04           33           33           38            0            99.8   0.0   0.0   0.2    13.1
Volume Recv2: <= 2MB:     6.14e+03           12           12           12          510           100.0   0.0   0.0   0.0     0.0
Volume Send TOTAL   :       308 MB       615 KB       615 KB       615 KB          510           100.0   0.0   0.0   0.0     0.0
Volume Send0: <= 64B:     5.12e+03           10           10           10          510           100.0   0.0   0.0   0.0     0.0
Volume Send1: <= 4KB:     1.95e+04           38           38           38          510           100.0   0.0   0.0   0.0     0.0
Volume Send2: <= 2MB:     6.14e+03           12           12           12          510           100.0   0.0   0.0   0.0     0.0

Timestep 4       Time=4e-05       Next delT=1e-05       Wall Time=0.248783  EMA=0.0382516   Memory Used=122.62 MBs (avg) 123.57 MBs (max on rank: 352   )
Runtime Summary  summary stats for time step 4 at time=4e-05
  Description       Units       Minimum           Rank   Average (512)     Std. Dev.         Maximum           Rank   100*(1-ave/max) '% load imbalance'
  TaskExec          [seconds] : 0.0107037       : 128  : 0.0211018       : 0.00215094      : 0.0275162       : 414  : 23.3111
  TaskLocalComm     [seconds] : 0.00164861      : 339  : 0.00282313      : 0.00047325      : 0.00423552      : 42   : 33.3464
  TaskWaitCommTime  [seconds] : 0.0060244       : 414  : 0.012426        : 0.00218873      : 0.0225987       : 128  : 45.0145
  NumberOfTasks     [tasks  ] : 8               : 0    : 8               : 0               : 8               : 0    : 0
  NumberOfPatches   [patches] : 1               : 0    : 1               : 0               : 1               : 0    : 0
  NumberOfCells     [cells  ] : 32768           : 0    : 32768           : 0               : 32768           : 0    : 0
  SCIMemoryUsed     [MBytes ] : 1.21737e+08     : 81   : 1.22618e+08     : 255999          : 1.23568e+08     : 352  : 0.768936
  SCIMemoryMaxUsed  [MBytes ] : 1.21737e+08     : 81   : 1.22618e+08     : 255999          : 1.23568e+08     : 352  : 0.768936
  MemoryUsed        [MBytes ] : 6.31923e+08     : 1    : 6.38302e+08     : 5.15647e+06     : 6.53414e+08     : 224  : 2.31284
  MemoryResident    [MBytes ] : 1.21737e+08     : 81   : 1.22618e+08     : 255999          : 1.23568e+08     : 352  : 0.768936
  Percentage of time spent in overhead : 4.4186

________________________________________________________________________________
--------------------------------------------------------------------------------
MPIStats:+
--------------------------------------------------------------------------------
                Name:       Total:         Avg:         Min:         Max:    Max rank: Hist %% [  Q1 |  Q2 |  Q3 |  Q4 ]:  %%Load Imbalance
         Count: Recv:     2.66e+04           52           52           52          510           100.0   0.0   0.0   0.0     0.0
         Count: Redu:      4.1e+03            8            8            8          510           100.0   0.0   0.0   0.0     0.0
         Count: Send:     2.66e+04           52           52           52          510           100.0   0.0   0.0   0.0     0.0
         Count: Test:     4.37e+03         8.53            8           15          511            90.0   2.9   6.8   0.2    43.1
         Count: Wait:     4.92e+04           96           96           96          510           100.0   0.0   0.0   0.0     0.0
          Time: Recv:      19.4 ms    0.0378 ms    0.0155 ms     0.304 ms          326            95.7   1.6   1.6   1.2    87.5
          Time: Redu:       2.4 s       4.69 ms     0.264 ms      15.2 ms          411            45.7  39.3  12.5   2.5    69.1
          Time: Send:     0.128 s       0.25 ms    0.0971 ms     0.754 ms           30            55.3  38.7   5.5   0.6    66.9
          Time: Test:      3.48 ms   6.8e+03 ns  1.87e+03 ns      0.04 ms          295            86.3   9.6   2.5   1.6    83.0
          Time: Wait:      5.57 s       10.9 ms      3.13 ms      15.9 ms          384             2.7  22.7  50.8  23.8    31.3
Volume Recv TOTAL   :       306 MB       613 KB       613 KB       615 KB            0            99.8   0.0   0.0   0.2     0.3
Volume Recv0: <= 64B:     4.61e+03            9            9           10            0            99.8   0.0   0.0   0.2    10.0
Volume Recv1: <= 4KB:     1.69e+04           33           33           38            0            99.8   0.0   0.0   0.2    13.1
Volume Recv2: <= 2MB:     6.14e+03           12           12           12          510           100.0   0.0   0.0   0.0     0.0
Volume Send TOTAL   :       308 MB       615 KB       615 KB       615 KB          510           100.0   0.0   0.0   0.0     0.0
Volume Send0: <= 64B:     5.12e+03           10           10           10          510           100.0   0.0   0.0   0.0     0.0
Volume Send1: <= 4KB:     1.95e+04           38           38           38          510           100.0   0.0   0.0   0.0     0.0
Volume Send2: <= 2MB:     6.14e+03           12           12           12          510           100.0   0.0   0.0   0.0     0.0

Timestep 5       Time=5e-05       Next delT=1e-05       Wall Time=0.278851  EMA=0.0355239   Memory Used=123.34 MBs (avg) 124.36 MBs (max on rank: 352   )
Runtime Summary  summary stats for time step 5 at time=5e-05
  Description       Units       Minimum           Rank   Average (512)     Std. Dev.         Maximum           Rank   100*(1-ave/max) '% load imbalance'
  TaskExec          [seconds] : 0.0113462       : 384  : 0.0166529       : 0.00219739      : 0.0246878       : 283  : 32.5462
  TaskLocalComm     [seconds] : 0.00165044      : 353  : 0.00255465      : 0.000442746     : 0.0039238       : 38   : 34.8935
  TaskWaitCommTime  [seconds] : 0.00339614      : 283  : 0.0113609       : 0.00228204      : 0.0169909       : 384  : 33.1352
  NumberOfTasks     [tasks  ] : 8               : 0    : 8               : 0               : 8               : 0    : 0
  NumberOfPatches   [patches] : 1               : 0    : 1               : 0               : 1               : 0    : 0
  NumberOfCells     [cells  ] : 32768           : 0    : 32768           : 0               : 32768           : 0    : 0
  SCIMemoryUsed     [MBytes ] : 1.22405e+08     : 81   : 1.23338e+08     : 261171          : 1.24363e+08     : 352  : 0.824227
  SCIMemoryMaxUsed  [MBytes ] : 1.22405e+08     : 81   : 1.23338e+08     : 261171          : 1.24363e+08     : 352  : 0.824227
  MemoryUsed        [MBytes ] : 6.32549e+08     : 6    : 6.38931e+08     : 5.15624e+06     : 6.54041e+08     : 224  : 2.31022
  MemoryResident    [MBytes ] : 1.22405e+08     : 81   : 1.23338e+08     : 261171          : 1.24363e+08     : 352  : 0.824227
  Percentage of time spent in overhead : 3.53344

________________________________________________________________________________
--------------------------------------------------------------------------------
MPIStats:+
--------------------------------------------------------------------------------
                Name:       Total:         Avg:         Min:         Max:    Max rank: Hist %% [  Q1 |  Q2 |  Q3 |  Q4 ]:  %%Load Imbalance
         Count: Recv:     2.66e+04           52           52           52          510           100.0   0.0   0.0   0.0     0.0
         Count: Redu:      4.1e+03            8            8            8          510           100.0   0.0   0.0   0.0     0.0
         Count: Send:     2.66e+04           52           52           52          510           100.0   0.0   0.0   0.0     0.0
         Count: Test:     4.39e+03         8.57            8           14          511            89.3   1.2   8.2   1.4    38.8
         Count: Wait:     4.92e+04           96           96           96          510           100.0   0.0   0.0   0.0     0.0
          Time: Recv:      19.5 ms    0.0381 ms    0.0158 ms     0.394 ms           55            97.1   2.0   0.6   0.4    90.3
          Time: Redu:      2.53 s       4.93 ms     0.319 ms      11.8 ms          405            22.3  51.2  21.9   4.7    58.2
          Time: Send:     0.119 s      0.232 ms     0.101 ms     0.685 ms          266            64.1  27.1   7.8   1.0    66.2
          Time: Test:       3.8 ms  7.42e+03 ns     2e+03 ns    0.0465 ms          153            85.7  10.5   2.5   1.2    84.0
          Time: Wait:      5.56 s       10.9 ms      6.73 ms      20.4 ms          134            35.4  58.2   6.1   0.4    46.7
Volume Recv TOTAL   :       306 MB       613 KB       613 KB       615 KB            0            99.8   0.0   0.0   0.2     0.3
Volume Recv0: <= 64B:     4.61e+03            9            9           10            0            99.8   0.0   0.0   0.2    10.0
Volume Recv1: <= 4KB:     1.69e+04           33           33           38            0            99.8   0.0   0.0   0.2    13.1
Volume Recv2: <= 2MB:     6.14e+03           12           12           12          510           100.0   0.0   0.0   0.0     0.0
Volume Send TOTAL   :       308 MB       615 KB       615 KB       615 KB          510           100.0   0.0   0.0   0.0     0.0
Volume Send0: <= 64B:     5.12e+03           10           10           10          510           100.0   0.0   0.0   0.0     0.0
Volume Send1: <= 4KB:     1.95e+04           38           38           38          510           100.0   0.0   0.0   0.0     0.0
Volume Send2: <= 2MB:     6.14e+03           12           12           12          510           100.0   0.0   0.0   0.0     0.0

Timestep 6       Time=6e-05       Next delT=1e-05       Wall Time=0.311051  EMA=0.0345739   Memory Used=122.79 MBs (avg) 123.86 MBs (max on rank: 352   )
Runtime Summary  summary stats for time step 6 at time=6e-05
  Description       Units       Minimum           Rank   Average (512)     Std. Dev.         Maximum           Rank   100*(1-ave/max) '% load imbalance'
  TaskExec          [seconds] : 0.00968681      : 134  : 0.0187883       : 0.00177151      : 0.0231068       : 260  : 18.6894
  TaskLocalComm     [seconds] : 0.00167153      : 252  : 0.00265196      : 0.000435847     : 0.00395599      : 85   : 32.9635
  TaskWaitCommTime  [seconds] : 0.00704259      : 260  : 0.011313        : 0.00181494      : 0.0207961       : 134  : 45.6006
  NumberOfTasks     [tasks  ] : 8               : 0    : 8               : 0               : 8               : 0    : 0
  NumberOfPatches   [patches] : 1               : 0    : 1               : 0               : 1               : 0    : 0
  NumberOfCells     [cells  ] : 32768           : 0    : 32768           : 0               : 32768           : 0    : 0
  SCIMemoryUsed     [MBytes ] : 1.2186e+08      : 81   : 1.22792e+08     : 265843          : 1.23859e+08     : 352  : 0.861225
  SCIMemoryMaxUsed  [MBytes ] : 1.2186e+08      : 81   : 1.22792e+08     : 265843          : 1.23859e+08     : 352  : 0.861225
  MemoryUsed        [MBytes ] : 6.31923e+08     : 1    : 6.38302e+08     : 5.15647e+06     : 6.53414e+08     : 224  : 2.31284
  MemoryResident    [MBytes ] : 1.2186e+08      : 81   : 1.22792e+08     : 265843          : 1.23859e+08     : 352  : 0.861225
  Percentage of time spent in overhead : 2.94253

________________________________________________________________________________
--------------------------------------------------------------------------------
MPIStats:+
--------------------------------------------------------------------------------
                Name:       Total:         Avg:         Min:         Max:    Max rank: Hist %% [  Q1 |  Q2 |  Q3 |  Q4 ]:  %%Load Imbalance
         Count: Recv:     2.66e+04           52           52           52          510           100.0   0.0   0.0   0.0     0.0
         Count: Redu:      4.1e+03            8            8            8          510           100.0   0.0   0.0   0.0     0.0
         Count: Send:     2.66e+04           52           52           52          510           100.0   0.0   0.0   0.0     0.0
         Count: Test:     4.42e+03         8.64            8           15          511            87.3   2.7   9.8   0.2    42.4
         Count: Wait:     4.92e+04           96           96           96          510           100.0   0.0   0.0   0.0     0.0
          Time: Recv:      18.4 ms     0.036 ms    0.0157 ms     0.305 ms          211            97.1   1.4   1.2   0.4    88.2
          Time: Redu:      3.27 s       6.38 ms     0.304 ms      13.3 ms          412             7.0  51.2  35.0   6.8    52.0
          Time: Send:     0.116 s      0.226 ms    0.0975 ms      0.61 ms           42            58.2  30.7   9.4   1.8    62.9
          Time: Test:      3.83 ms  7.48e+03 ns  1.66e+03 ns    0.0488 ms          317            87.5   8.8   2.9   0.8    84.7
          Time: Wait:      5.53 s       10.8 ms      6.24 ms        22 ms          128            34.4  62.3   2.9   0.4    50.8
Volume Recv TOTAL   :       306 MB       613 KB       613 KB       615 KB            0            99.8   0.0   0.0   0.2     0.3
Volume Recv0: <= 64B:     4.61e+03            9            9           10            0            99.8   0.0   0.0   0.2    10.0
Volume Recv1: <= 4KB:     1.69e+04           33           33           38            0            99.8   0.0   0.0   0.2    13.1
Volume Recv2: <= 2MB:     6.14e+03           12           12           12          510           100.0   0.0   0.0   0.0     0.0
Volume Send TOTAL   :       308 MB       615 KB       615 KB       615 KB          510           100.0   0.0   0.0   0.0     0.0
Volume Send0: <= 64B:     5.12e+03           10           10           10          510           100.0   0.0   0.0   0.0     0.0
Volume Send1: <= 4KB:     1.95e+04           38           38           38          510           100.0   0.0   0.0   0.0     0.0
Volume Send2: <= 2MB:     6.14e+03           12           12           12          510           100.0   0.0   0.0   0.0     0.0

Timestep 7       Time=7e-05       Next delT=1e-05       Wall Time=0.344993  EMA=0.0344159   Memory Used=123.50 MBs (avg) 124.60 MBs (max on rank: 352   )
Runtime Summary  summary stats for time step 7 at time=7e-05
  Description       Units       Minimum           Rank   Average (512)     Std. Dev.         Maximum           Rank   100*(1-ave/max) '% load imbalance'
  TaskExec          [seconds] : 0.00941466      : 128  : 0.0204753       : 0.0018999       : 0.0252549       : 398  : 18.9255
  TaskLocalComm     [seconds] : 0.00163435      : 337  : 0.00259776      : 0.000421798     : 0.00375994      : 121  : 30.9095
  TaskWaitCommTime  [seconds] : 0.00661272      : 435  : 0.0112807       : 0.00193818      : 0.0226731       : 128  : 50.2466
  NumberOfTasks     [tasks  ] : 8               : 0    : 8               : 0               : 8               : 0    : 0
  NumberOfPatches   [patches] : 1               : 0    : 1               : 0               : 1               : 0    : 0
  NumberOfCells     [cells  ] : 32768           : 0    : 32768           : 0               : 32768           : 0    : 0
  SCIMemoryUsed     [MBytes ] : 1.2254e+08      : 81   : 1.235e+08       : 271892          : 1.246e+08       : 352  : 0.883381
  SCIMemoryMaxUsed  [MBytes ] : 1.2254e+08      : 81   : 1.235e+08       : 271892          : 1.246e+08       : 352  : 0.883381
  MemoryUsed        [MBytes ] : 6.32549e+08     : 6    : 6.38931e+08     : 5.15624e+06     : 6.54041e+08     : 224  : 2.31022
  MemoryResident    [MBytes ] : 1.2254e+08      : 81   : 1.235e+08       : 271892          : 1.246e+08       : 352  : 0.883381
  Percentage of time spent in overhead : 2.51958

________________________________________________________________________________
--------------------------------------------------------------------------------
MPIStats:+
--------------------------------------------------------------------------------
                Name:       Total:         Avg:         Min:         Max:    Max rank: Hist %% [  Q1 |  Q2 |  Q3 |  Q4 ]:  %%Load Imbalance
         Count: Recv:     2.66e+04           52           52           52          510           100.0   0.0   0.0   0.0     0.0
         Count: Redu:      4.1e+03            8            8            8          510           100.0   0.0   0.0   0.0     0.0
         Count: Send:     2.66e+04           52           52           52          510           100.0   0.0   0.0   0.0     0.0
         Count: Test:      4.4e+03          8.6            8           15          511            88.1   3.1   8.6   0.2    42.6
         Count: Wait:     4.92e+04           96           96           96          510           100.0   0.0   0.0   0.0     0.0
          Time: Recv:      19.3 ms    0.0377 ms    0.0149 ms     0.353 ms           39            96.7   1.4   1.4   0.6    89.3
          Time: Redu:      3.07 s       5.99 ms     0.455 ms      15.3 ms          410            21.7  60.9  15.6   1.8    60.9
          Time: Send:      0.12 s      0.235 ms    0.0902 ms      0.76 ms           25            63.1  31.6   4.7   0.6    69.1
          Time: Test:      3.79 ms   7.4e+03 ns  1.66e+03 ns    0.0598 ms          248            91.8   5.7   2.1   0.4    87.6
          Time: Wait:      5.38 s       10.5 ms      4.98 ms      19.5 ms           64            20.9  54.7  23.2   1.2    46.3
Volume Recv TOTAL   :       306 MB       613 KB       613 KB       615 KB            0            99.8   0.0   0.0   0.2     0.3
Volume Recv0: <= 64B:     4.61e+03            9            9           10            0            99.8   0.0   0.0   0.2    10.0
Volume Recv1: <= 4KB:     1.69e+04           33           33           38            0            99.8   0.0   0.0   0.2    13.1
Volume Recv2: <= 2MB:     6.14e+03           12           12           12          510           100.0   0.0   0.0   0.0     0.0
Volume Send TOTAL   :       308 MB       615 KB       615 KB       615 KB          510           100.0   0.0   0.0   0.0     0.0
Volume Send0: <= 64B:     5.12e+03           10           10           10          510           100.0   0.0   0.0   0.0     0.0
Volume Send1: <= 4KB:     1.95e+04           38           38           38          510           100.0   0.0   0.0   0.0     0.0
Volume Send2: <= 2MB:     6.14e+03           12           12           12          510           100.0   0.0   0.0   0.0     0.0

Timestep 8       Time=8e-05       Next delT=1e-05       Wall Time=0.377069  EMA=0.0338961   Memory Used=122.93 MBs (avg) 124.11 MBs (max on rank: 352   )
Runtime Summary  summary stats for time step 8 at time=8e-05
  Description       Units       Minimum           Rank   Average (512)     Std. Dev.         Maximum           Rank   100*(1-ave/max) '% load imbalance'
  TaskExec          [seconds] : 0.0101273       : 64   : 0.0189866       : 0.00240964      : 0.0247129       : 241  : 23.1711
  TaskLocalComm     [seconds] : 0.0016026       : 12   : 0.00262704      : 0.000470005     : 0.00398916      : 25   : 34.1456
  TaskWaitCommTime  [seconds] : 0.00531057      : 242  : 0.0109823       : 0.00251208      : 0.020106        : 64   : 45.3783
  NumberOfTasks     [tasks  ] : 8               : 0    : 8               : 0               : 8               : 0    : 0
  NumberOfPatches   [patches] : 1               : 0    : 1               : 0               : 1               : 0    : 0
  NumberOfCells     [cells  ] : 32768           : 0    : 32768           : 0               : 32768           : 0    : 0
  SCIMemoryUsed     [MBytes ] : 1.21934e+08     : 81   : 1.22933e+08     : 280267          : 1.24109e+08     : 352  : 0.947614
  SCIMemoryMaxUsed  [MBytes ] : 1.21934e+08     : 81   : 1.22933e+08     : 280267          : 1.24109e+08     : 352  : 0.947614
  MemoryUsed        [MBytes ] : 6.31923e+08     : 1    : 6.38302e+08     : 5.15647e+06     : 6.53414e+08     : 224  : 2.31284
  MemoryResident    [MBytes ] : 1.21934e+08     : 81   : 1.22933e+08     : 280267          : 1.24109e+08     : 352  : 0.947614
  Percentage of time spent in overhead : 2.20145

________________________________________________________________________________
--------------------------------------------------------------------------------
MPIStats:+
--------------------------------------------------------------------------------
                Name:       Total:         Avg:         Min:         Max:    Max rank: Hist %% [  Q1 |  Q2 |  Q3 |  Q4 ]:  %%Load Imbalance
         Count: Recv:     2.66e+04           52           52           52          510           100.0   0.0   0.0   0.0     0.0
         Count: Redu:      4.1e+03            8            8            8          510           100.0   0.0   0.0   0.0     0.0
         Count: Send:     2.66e+04           52           52           52          510           100.0   0.0   0.0   0.0     0.0
         Count: Test:     4.42e+03         8.63            8           15          511            87.5   3.1   9.0   0.4    42.5
         Count: Wait:     4.92e+04           96           96           96          510           100.0   0.0   0.0   0.0     0.0
          Time: Recv:      17.7 ms    0.0346 ms    0.0155 ms      0.35 ms          127            97.5   1.4   0.8   0.4    90.1
          Time: Redu:      2.54 s       4.97 ms     0.349 ms      15.3 ms          206            35.5  55.9   7.6   1.0    67.6
          Time: Send:     0.117 s      0.229 ms    0.0912 ms      3.63 ms           43            99.8   0.0   0.0   0.2    93.7
          Time: Test:      3.82 ms  7.45e+03 ns  2.22e+03 ns    0.0582 ms          303            91.4   6.8   1.2   0.6    87.2
          Time: Wait:      5.31 s       10.4 ms      3.19 ms      17.7 ms          262             1.8  55.3  35.2   7.8    41.2
Volume Recv TOTAL   :       306 MB       613 KB       613 KB       615 KB            0            99.8   0.0   0.0   0.2     0.3
Volume Recv0: <= 64B:     4.61e+03            9            9           10            0            99.8   0.0   0.0   0.2    10.0
Volume Recv1: <= 4KB:     1.69e+04           33           33           38            0            99.8   0.0   0.0   0.2    13.1
Volume Recv2: <= 2MB:     6.14e+03           12           12           12          510           100.0   0.0   0.0   0.0     0.0
Volume Send TOTAL   :       308 MB       615 KB       615 KB       615 KB          510           100.0   0.0   0.0   0.0     0.0
Volume Send0: <= 64B:     5.12e+03           10           10           10          510           100.0   0.0   0.0   0.0     0.0
Volume Send1: <= 4KB:     1.95e+04           38           38           38          510           100.0   0.0   0.0   0.0     0.0
Volume Send2: <= 2MB:     6.14e+03           12           12           12          510           100.0   0.0   0.0   0.0     0.0

Timestep 9       Time=9e-05       Next delT=1e-05       Wall Time=0.408658  EMA=0.0334345   Memory Used=123.62 MBs (avg) 124.82 MBs (max on rank: 352   )
Runtime Summary  summary stats for time step 9 at time=9e-05
  Description       Units       Minimum           Rank   Average (512)     Std. Dev.         Maximum           Rank   100*(1-ave/max) '% load imbalance'
  TaskExec          [seconds] : 0.0112319       : 256  : 0.0187196       : 0.00231649      : 0.026273        : 206  : 28.7498
  TaskLocalComm     [seconds] : 0.00165291      : 100  : 0.00260952      : 0.000452876     : 0.00613958      : 43   : 57.4968
  TaskWaitCommTime  [seconds] : 0.00348298      : 206  : 0.0108247       : 0.00236903      : 0.0181057       : 256  : 40.2142
  NumberOfTasks     [tasks  ] : 8               : 0    : 8               : 0               : 8               : 0    : 0
  NumberOfPatches   [patches] : 1               : 0    : 1               : 0               : 1               : 0    : 0
  NumberOfCells     [cells  ] : 32768           : 0    : 32768           : 0               : 32768           : 0    : 0
  SCIMemoryUsed     [MBytes ] : 1.22638e+08     : 81   : 1.23625e+08     : 288239          : 1.24822e+08     : 352  : 0.9587
  SCIMemoryMaxUsed  [MBytes ] : 1.22638e+08     : 81   : 1.23625e+08     : 288239          : 1.24822e+08     : 352  : 0.9587
  MemoryUsed        [MBytes ] : 6.32549e+08     : 6    : 6.38931e+08     : 5.15624e+06     : 6.54041e+08     : 224  : 2.31022
  MemoryResident    [MBytes ] : 1.22638e+08     : 81   : 1.23625e+08     : 288239          : 1.24822e+08     : 352  : 0.9587
  Percentage of time spent in overhead : 1.95305

________________________________________________________________________________
--------------------------------------------------------------------------------
MPIStats:+
--------------------------------------------------------------------------------
                Name:       Total:         Avg:         Min:         Max:    Max rank: Hist %% [  Q1 |  Q2 |  Q3 |  Q4 ]:  %%Load Imbalance
         Count: Recv:     2.66e+04           52           52           52          510           100.0   0.0   0.0   0.0     0.0
         Count: Redu:      4.1e+03            8            8            8          510           100.0   0.0   0.0   0.0     0.0
         Count: Send:     2.66e+04           52           52           52          510           100.0   0.0   0.0   0.0     0.0
         Count: Test:     4.41e+03         8.61            8           14          511            88.1   1.2   9.4   1.4    38.5
         Count: Wait:     4.92e+04           96           96           96          510           100.0   0.0   0.0   0.0     0.0
          Time: Recv:      19.1 ms    0.0372 ms    0.0155 ms     0.354 ms          238            97.1   0.4   2.0   0.6    89.5
          Time: Redu:      3.14 s       6.14 ms     0.245 ms      15.8 ms          197            26.8  51.8  18.4   3.1    61.1
          Time: Send:     0.107 s      0.209 ms    0.0943 ms     0.573 ms          507            65.8  25.6   6.4   2.1    63.5
          Time: Test:      3.91 ms  7.63e+03 ns  1.84e+03 ns    0.0497 ms          479            86.5   9.6   3.3   0.6    84.6
          Time: Wait:      5.38 s       10.5 ms      4.26 ms      21.5 ms          256            17.0  66.4  16.2   0.4    51.1
Volume Recv TOTAL   :       306 MB       613 KB       613 KB       615 KB            0            99.8   0.0   0.0   0.2     0.3
Volume Recv0: <= 64B:     4.61e+03            9            9           10            0            99.8   0.0   0.0   0.2    10.0
Volume Recv1: <= 4KB:     1.69e+04           33           33           38            0            99.8   0.0   0.0   0.2    13.1
Volume Recv2: <= 2MB:     6.14e+03           12           12           12          510           100.0   0.0   0.0   0.0     0.0
Volume Send TOTAL   :       308 MB       615 KB       615 KB       615 KB          510           100.0   0.0   0.0   0.0     0.0
Volume Send0: <= 64B:     5.12e+03           10           10           10          510           100.0   0.0   0.0   0.0     0.0
Volume Send1: <= 4KB:     1.95e+04           38           38           38          510           100.0   0.0   0.0   0.0     0.0
Volume Send2: <= 2MB:     6.14e+03           12           12           12          510           100.0   0.0   0.0   0.0     0.0

Timestep 10      Time=0.0001      Next delT=1e-05       Wall Time=0.441306  EMA=0.0332915   Memory Used=123.06 MBs (avg) 124.28 MBs (max on rank: 352   )
Runtime Summary  summary stats for time step 10 at time=0.0001
  Description       Units       Minimum           Rank   Average (512)     Std. Dev.         Maximum           Rank   100*(1-ave/max) '% load imbalance'
  TaskExec          [seconds] : 0.00830995      : 256  : 0.0195822       : 0.00228061      : 0.0261279       : 198  : 25.0528
  TaskLocalComm     [seconds] : 0.00163671      : 348  : 0.00260949      : 0.000444623     : 0.003932        : 55   : 33.6346
  TaskWaitCommTime  [seconds] : 0.00451974      : 198  : 0.0109715       : 0.00232784      : 0.0219492       : 256  : 50.014
  NumberOfTasks     [tasks  ] : 8               : 0    : 8               : 0               : 8               : 0    : 0
  NumberOfPatches   [patches] : 1               : 0    : 1               : 0               : 1               : 0    : 0
  NumberOfCells     [cells  ] : 32768           : 0    : 32768           : 0               : 32768           : 0    : 0
  SCIMemoryUsed     [MBytes ] : 1.22061e+08     : 81   : 1.23057e+08     : 297234          : 1.24277e+08     : 352  : 0.981081
  SCIMemoryMaxUsed  [MBytes ] : 1.22061e+08     : 81   : 1.23057e+08     : 297234          : 1.24277e+08     : 352  : 0.981081
  MemoryUsed        [MBytes ] : 6.31923e+08     : 1    : 6.38302e+08     : 5.15647e+06     : 6.53414e+08     : 224  : 2.31284
  MemoryResident    [MBytes ] : 1.22061e+08     : 81   : 1.23057e+08     : 297234          : 1.24277e+08     : 352  : 0.981081
  Percentage of time spent in overhead : 1.75335
Sus: going down successfully
