Parallel: 128 MPI processes (using MPI)
Parallel: MPI Level Required: 0, provided: 0
Date:       Thu Aug 25 13:38:44 2022
Machine:    notch190
git branch:wasatch-low-cost-integ-cmake
git date:   Sat Jul 30 10:34:22 2022 -0600
git hash:   9315f9f96fa6304db4fe79378b145f37ea40016d
Assertion level: 0
CFLAGS:          
CXXFLAGS:        
______________________________________________________________________
Application Component: 	'wasatch'

-------------------------------------------------------------
Wasatch was built against:
  SpatialOps HASH: bd7a2bac76e42e2cb528b02e2cf1291d05c71926
             DATE: Fri Nov 12 11:34:54 2021 -0700
     ExprLib HASH: d2950c77edb22e5f3669ddaaf2d2ed29ceb24d2c
             DATE: Thu Aug 5 12:26:26 2021 -0600
    TabProps HASH: eca0dc5f26b20d4f6b1cebe51b1ae97e11871e83
             DATE: Wed Aug 11 20:11:26 2021 -0600
-------------------------------------------------------------

Linear Solver: 		hypre
Load Balancer: 		Simple
Scheduler: 		MPI
Patch layout: 		(8,4,4)
Grid statistics:
Number of levels:		1
Level 0:
  Periodic boundaries:		[int 1, 1, 1]
  Number of patches:		128
  Total number of cells:	4194304 (32768 avg. per patch)
Total patches in grid:		128
Total cells in grid:		4194304 (32768 avg. per patch)

Using small, individual MPI messages (no message combining)
Detected solver: hypre
SETTING UP CONVECTIVE FLUX EXPRESSION IN X DIRECTION USING CENTRAL
SETTING UP CONVECTIVE FLUX EXPRESSION IN Y DIRECTION USING CENTRAL
SETTING UP CONVECTIVE FLUX EXPRESSION IN Z DIRECTION USING CENTRAL
Setting initial conditions for scalability test equation: scalability0
SETTING UP CONVECTIVE FLUX EXPRESSION IN X DIRECTION USING CENTRAL
SETTING UP CONVECTIVE FLUX EXPRESSION IN Y DIRECTION USING CENTRAL
SETTING UP CONVECTIVE FLUX EXPRESSION IN Z DIRECTION USING CENTRAL
Setting initial conditions for scalability test equation: scalability1
SETTING UP CONVECTIVE FLUX EXPRESSION IN X DIRECTION USING CENTRAL
SETTING UP CONVECTIVE FLUX EXPRESSION IN Y DIRECTION USING CENTRAL
SETTING UP CONVECTIVE FLUX EXPRESSION IN Z DIRECTION USING CENTRAL
Setting initial conditions for scalability test equation: scalability2
------------------------------------------------
No BoundaryConditions specified
  This message will only occur once

Compiling initialization taskgraph.
------------------------------------------------
SETTING INITIAL BOUNDARY CONDITIONS:
------------------------------------------------
Setting Initial BCs for transport equation 'scalability0'
Setting Initial BCs for transport equation 'scalability1'
Setting Initial BCs for transport equation 'scalability2'
------------------------------------------------
Wasatch: done creating initialization task(s)
Scheduling Task 'compute timestep' COMPUTES 'delT' in NEW data warehouse
Wasatch: done creating timestep task(s)
Done with taskgraph compile (0.000118279 seconds)
Warning: addContribution not implemented for LoadBalancerCommon.
WARNING at time step 0 and sim time 0 : lowering the next delT from 1 to the maximum: 1e-05

________________________________________________________________________________
--------------------------------------------------------------------------------
MPIStats:+
--------------------------------------------------------------------------------
                Name:       Total:         Avg:         Min:         Max:    Max rank: Hist %% [  Q1 |  Q2 |  Q3 |  Q4 ]:  %%Load Imbalance
         Count: Comm:          128            1            1            1          126           100.0   0.0   0.0   0.0     0.0
         Count: Gath:          256            2            2            2          126           100.0   0.0   0.0   0.0     0.0
         Count: Redu:          128            1            1            1          126           100.0   0.0   0.0   0.0     0.0
          Time: Comm:     0.525 s        4.1 ms      2.94 ms      5.26 ms          117            23.4  20.3  31.2  25.0    22.1
          Time: Gath:      2.86 s       22.4 ms      11.7 ms      31.4 ms           89            27.3  22.7  10.2  39.8    28.8
          Time: Redu:      2.19 s       17.1 ms     0.168 ms      31.7 ms           89            50.0   0.0   0.0  50.0    45.9
Volume Recv TOTAL   :       213 KB      1.67 KB      1.67 KB      1.67 KB          126           100.0   0.0   0.0   0.0     0.0
Volume Recv0: <= 64B:          128            1            1            1          126           100.0   0.0   0.0   0.0     0.0
Volume Recv1: <= 4KB:          256            2            2            2          126           100.0   0.0   0.0   0.0     0.0
Volume Send TOTAL   :      34.5 KB     276.25 B        273 B        277 B          102            18.8   0.0   0.0  81.2     0.3
Volume Send0: <= 64B:          256            2            2            2          126           100.0   0.0   0.0   0.0     0.0
Volume Send1: <= 4KB:          128            1            1            1          126           100.0   0.0   0.0   0.0     0.0


Simulation and run time stats are reported at the end of each time step
EMA == Wall time as an exponential moving average using a window of the last 10 time steps
Timestep 0       Time=0           Next delT=1e-05       Wall Time=0.0798353 EMA=0.0714252   Memory Used=115.92 MBs (avg) 116.63 MBs (max on rank: 95    )
Warning: finalizeContributions not implemented for LoadBalancerCommon.
Warning: resetCostForecaster not implemented for LoadBalancerCommon.
Compiling taskgraph(s)...
------------------------------------------------
SETTING BOUNDARY CONDITIONS:
------------------------------------------------
Setting BCs for transport equation 'scalability0'
Setting BCs for transport equation 'scalability1'
Setting BCs for transport equation 'scalability2'
------------------------------------------------
Wasatch: done creating solution task(s)
Wasatch: done creating solution task(s)
Wasatch: done creating post-processing task(s)
Scheduling Task 'compute timestep' COMPUTES 'delT' in NEW data warehouse
Wasatch: done creating timestep task(s)
Done with taskgraph compile (0.0146429 seconds)

________________________________________________________________________________
--------------------------------------------------------------------------------
MPIStats:+
--------------------------------------------------------------------------------
                Name:       Total:         Avg:         Min:         Max:    Max rank: Hist %% [  Q1 |  Q2 |  Q3 |  Q4 ]:  %%Load Imbalance
         Count: Recv:     6.66e+03           52           52           52          126           100.0   0.0   0.0   0.0     0.0
         Count: Redu:     1.02e+03            8            8            8          126           100.0   0.0   0.0   0.0     0.0
         Count: Send:     6.66e+03           52           52           52          126           100.0   0.0   0.0   0.0     0.0
         Count: Test:     1.09e+03         8.53            8           14          127            89.1   1.6   7.0   2.3    39.1
         Count: Wait:     1.23e+04           96           96           96          126           100.0   0.0   0.0   0.0     0.0
          Time: Recv:      3.17 ms    0.0248 ms    0.0173 ms     0.108 ms           68            95.3   0.8   2.3   1.6    77.0
          Time: Redu:     0.985 s        7.7 ms     0.327 ms      30.2 ms          108            58.6  35.2   0.0   6.2    74.5
          Time: Send:     0.136 s       1.06 ms     0.837 ms      1.54 ms           67            39.8  43.0  16.4   0.8    31.0
          Time: Test:      2.25 ms    0.0175 ms  4.23e+03 ns     0.312 ms          119            96.1   3.1   0.0   0.8    94.4
          Time: Wait:       2.1 s       16.4 ms     0.495 ms      38.2 ms           64            46.9   9.4  24.2  19.5    57.1
Volume Recv TOTAL   :      76.6 MB       613 KB       613 KB       615 KB            0            99.2   0.0   0.0   0.8     0.3
Volume Recv0: <= 64B:     1.15e+03         9.01            9           10            0            99.2   0.0   0.0   0.8     9.9
Volume Recv1: <= 4KB:     4.23e+03           33           33           38            0            99.2   0.0   0.0   0.8    13.1
Volume Recv2: <= 2MB:     1.54e+03           12           12           12          126           100.0   0.0   0.0   0.0     0.0
Volume Send TOTAL   :      76.9 MB       615 KB       615 KB       615 KB          126           100.0   0.0   0.0   0.0     0.0
Volume Send0: <= 64B:     1.28e+03           10           10           10          126           100.0   0.0   0.0   0.0     0.0
Volume Send1: <= 4KB:     4.86e+03           38           38           38          126           100.0   0.0   0.0   0.0     0.0
Volume Send2: <= 2MB:     1.54e+03           12           12           12          126           100.0   0.0   0.0   0.0     0.0

Timestep 1       Time=1e-05       Next delT=1e-05       Wall Time=0.140543  EMA=0.0605452   Memory Used=121.40 MBs (avg) 122.02 MBs (max on rank: 29    )
Runtime Summary  summary stats for time step 1 at time=1e-05
  Description       Units       Minimum           Rank   Average (128)     Std. Dev.         Maximum           Rank   100*(1-ave/max) '% load imbalance'
  Compilation       [seconds] : 0.00844049      : 120  : 0.0109614       : 0.00222183      : 0.0167461       : 62   : 34.5437
  TaskExec          [seconds] : 0.0111833       : 64   : 0.0309981       : 0.0098399       : 0.0467558       : 98   : 33.7021
  TaskLocalComm     [seconds] : 0.00273933      : 108  : 0.00338875      : 0.000334533     : 0.00465958      : 62   : 27.2736
  TaskWaitCommTime  [seconds] : 0.000876014     : 25   : 0.0167573       : 0.0113482       : 0.0386519       : 64   : 56.6456
  NumberOfTasks     [tasks  ] : 8               : 0    : 8               : 0               : 8               : 0    : 0
  NumberOfPatches   [patches] : 1               : 0    : 1               : 0               : 1               : 0    : 0
  NumberOfCells     [cells  ] : 32768           : 0    : 32768           : 0               : 32768           : 0    : 0
  SCIMemoryUsed     [MBytes ] : 1.20476e+08     : 41   : 1.21402e+08     : 280518          : 1.22024e+08     : 29   : 0.509933
  SCIMemoryMaxUsed  [MBytes ] : 1.20476e+08     : 41   : 1.21402e+08     : 280518          : 1.22024e+08     : 29   : 0.509933
  MemoryUsed        [MBytes ] : 6.4002e+08      : 3    : 6.629e+08       : 1.19399e+07     : 6.8284e+08      : 80   : 2.92018
  MemoryResident    [MBytes ] : 1.20476e+08     : 41   : 1.21402e+08     : 280518          : 1.22024e+08     : 29   : 0.509933
  Percentage of time spent in overhead : 17.6496

________________________________________________________________________________
--------------------------------------------------------------------------------
MPIStats:+
--------------------------------------------------------------------------------
                Name:       Total:         Avg:         Min:         Max:    Max rank: Hist %% [  Q1 |  Q2 |  Q3 |  Q4 ]:  %%Load Imbalance
         Count: Recv:     6.66e+03           52           52           52          126           100.0   0.0   0.0   0.0     0.0
         Count: Redu:     1.02e+03            8            8            8          126           100.0   0.0   0.0   0.0     0.0
         Count: Send:     6.66e+03           52           52           52          126           100.0   0.0   0.0   0.0     0.0
         Count: Test:      1.1e+03         8.57            8           14          126            88.3   1.6   7.8   2.3    38.8
         Count: Wait:     1.23e+04           96           96           96          126           100.0   0.0   0.0   0.0     0.0
          Time: Recv:      3.67 ms    0.0287 ms    0.0174 ms     0.167 ms           71            93.0   5.5   0.0   1.6    82.9
          Time: Redu:     0.475 s       3.71 ms     0.293 ms      10.7 ms           46            39.1  43.8  13.3   3.9    65.4
          Time: Send:      54.9 ms     0.429 ms     0.276 ms     0.724 ms           54            28.1  60.2   8.6   3.1    40.7
          Time: Test:     0.896 ms     7e+03 ns  2.51e+03 ns    0.0257 ms           13            76.6  11.7  10.2   1.6    72.8
          Time: Wait:     0.934 s        7.3 ms     0.597 ms      14.8 ms           48            10.9  43.8  33.6  11.7    50.6
Volume Recv TOTAL   :      76.6 MB       613 KB       613 KB       615 KB            0            99.2   0.0   0.0   0.8     0.3
Volume Recv0: <= 64B:     1.15e+03         9.01            9           10            0            99.2   0.0   0.0   0.8     9.9
Volume Recv1: <= 4KB:     4.23e+03           33           33           38            0            99.2   0.0   0.0   0.8    13.1
Volume Recv2: <= 2MB:     1.54e+03           12           12           12          126           100.0   0.0   0.0   0.0     0.0
Volume Send TOTAL   :      76.9 MB       615 KB       615 KB       615 KB          126           100.0   0.0   0.0   0.0     0.0
Volume Send0: <= 64B:     1.28e+03           10           10           10          126           100.0   0.0   0.0   0.0     0.0
Volume Send1: <= 4KB:     4.86e+03           38           38           38          126           100.0   0.0   0.0   0.0     0.0
Volume Send2: <= 2MB:     1.54e+03           12           12           12          126           100.0   0.0   0.0   0.0     0.0

Timestep 2       Time=2e-05       Next delT=1e-05       Wall Time=0.167384  EMA=0.038075    Memory Used=122.02 MBs (avg) 122.72 MBs (max on rank: 95    )
Runtime Summary  summary stats for time step 2 at time=2e-05
  Description       Units       Minimum           Rank   Average (128)     Std. Dev.         Maximum           Rank   100*(1-ave/max) '% load imbalance'
  TaskExec          [seconds] : 0.00948721      : 48   : 0.0169586       : 0.00291015      : 0.023902        : 46   : 29.0492
  TaskLocalComm     [seconds] : 0.00191859      : 49   : 0.0027636       : 0.000325786     : 0.00359337      : 68   : 23.0919
  TaskWaitCommTime  [seconds] : 0.000884164     : 46   : 0.00775885      : 0.00290907      : 0.0155471       : 48   : 50.0945
  NumberOfTasks     [tasks  ] : 8               : 0    : 8               : 0               : 8               : 0    : 0
  NumberOfPatches   [patches] : 1               : 0    : 1               : 0               : 1               : 0    : 0
  NumberOfCells     [cells  ] : 32768           : 0    : 32768           : 0               : 32768           : 0    : 0
  SCIMemoryUsed     [MBytes ] : 1.21094e+08     : 41   : 1.22022e+08     : 279509          : 1.22716e+08     : 95   : 0.56552
  SCIMemoryMaxUsed  [MBytes ] : 1.21094e+08     : 41   : 1.22022e+08     : 279509          : 1.22716e+08     : 95   : 0.56552
  MemoryUsed        [MBytes ] : 6.40381e+08     : 3    : 6.633e+08       : 1.18345e+07     : 6.83168e+08     : 32   : 2.90812
  MemoryResident    [MBytes ] : 1.21094e+08     : 41   : 1.22022e+08     : 279509          : 1.22716e+08     : 95   : 0.56552
  Percentage of time spent in overhead : 8.82472

________________________________________________________________________________
--------------------------------------------------------------------------------
MPIStats:+
--------------------------------------------------------------------------------
                Name:       Total:         Avg:         Min:         Max:    Max rank: Hist %% [  Q1 |  Q2 |  Q3 |  Q4 ]:  %%Load Imbalance
         Count: Recv:     6.66e+03           52           52           52          126           100.0   0.0   0.0   0.0     0.0
         Count: Redu:     1.02e+03            8            8            8          126           100.0   0.0   0.0   0.0     0.0
         Count: Send:     6.66e+03           52           52           52          126           100.0   0.0   0.0   0.0     0.0
         Count: Test:      1.1e+03         8.57            8           15          127            87.5   9.4   2.3   0.8    42.9
         Count: Wait:     1.23e+04           96           96           96          126           100.0   0.0   0.0   0.0     0.0
          Time: Recv:      3.43 ms    0.0268 ms    0.0176 ms     0.087 ms           71            84.4  10.2   3.1   2.3    69.2
          Time: Redu:     0.456 s       3.57 ms     0.284 ms      10.2 ms           46            37.5  45.3  13.3   3.9    64.9
          Time: Send:      32.8 ms     0.256 ms     0.142 ms     0.532 ms           31            45.3  43.0  10.9   0.8    51.9
          Time: Test:     0.943 ms  7.37e+03 ns  2.24e+03 ns    0.0335 ms            6            79.7  14.1   3.1   3.1    78.0
          Time: Wait:     0.895 s          7 ms      0.45 ms      14.4 ms           48            12.5  47.7  28.1  11.7    51.5
Volume Recv TOTAL   :      76.6 MB       613 KB       613 KB       615 KB            0            99.2   0.0   0.0   0.8     0.3
Volume Recv0: <= 64B:     1.15e+03         9.01            9           10            0            99.2   0.0   0.0   0.8     9.9
Volume Recv1: <= 4KB:     4.23e+03           33           33           38            0            99.2   0.0   0.0   0.8    13.1
Volume Recv2: <= 2MB:     1.54e+03           12           12           12          126           100.0   0.0   0.0   0.0     0.0
Volume Send TOTAL   :      76.9 MB       615 KB       615 KB       615 KB          126           100.0   0.0   0.0   0.0     0.0
Volume Send0: <= 64B:     1.28e+03           10           10           10          126           100.0   0.0   0.0   0.0     0.0
Volume Send1: <= 4KB:     4.86e+03           38           38           38          126           100.0   0.0   0.0   0.0     0.0
Volume Send2: <= 2MB:     1.54e+03           12           12           12          126           100.0   0.0   0.0   0.0     0.0

Timestep 3       Time=3e-05       Next delT=1e-05       Wall Time=0.193225  EMA=0.0319582   Memory Used=123.12 MBs (avg) 123.83 MBs (max on rank: 35    )
Runtime Summary  summary stats for time step 3 at time=3e-05
  Description       Units       Minimum           Rank   Average (128)     Std. Dev.         Maximum           Rank   100*(1-ave/max) '% load imbalance'
  TaskExec          [seconds] : 0.0088753       : 48   : 0.0163141       : 0.00289214      : 0.0230572       : 46   : 29.2448
  TaskLocalComm     [seconds] : 0.00185344      : 49   : 0.00258996      : 0.000288568     : 0.00329574      : 68   : 21.4149
  TaskWaitCommTime  [seconds] : 0.000710055     : 46   : 0.00746003      : 0.00289202      : 0.015162        : 48   : 50.7979
  NumberOfTasks     [tasks  ] : 8               : 0    : 8               : 0               : 8               : 0    : 0
  NumberOfPatches   [patches] : 1               : 0    : 1               : 0               : 1               : 0    : 0
  NumberOfCells     [cells  ] : 32768           : 0    : 32768           : 0               : 32768           : 0    : 0
  SCIMemoryUsed     [MBytes ] : 1.22188e+08     : 41   : 1.2312e+08      : 281846          : 1.23834e+08     : 35   : 0.576848
  SCIMemoryMaxUsed  [MBytes ] : 1.22188e+08     : 41   : 1.2312e+08      : 281846          : 1.23834e+08     : 35   : 0.576848
  MemoryUsed        [MBytes ] : 6.41323e+08     : 3    : 6.64243e+08     : 1.18343e+07     : 6.8411e+08      : 16   : 2.90397
  MemoryResident    [MBytes ] : 1.22188e+08     : 41   : 1.2312e+08      : 281846          : 1.23834e+08     : 35   : 0.576848
  Percentage of time spent in overhead : 5.88273

________________________________________________________________________________
--------------------------------------------------------------------------------
MPIStats:+
--------------------------------------------------------------------------------
                Name:       Total:         Avg:         Min:         Max:    Max rank: Hist %% [  Q1 |  Q2 |  Q3 |  Q4 ]:  %%Load Imbalance
         Count: Recv:     6.66e+03           52           52           52          126           100.0   0.0   0.0   0.0     0.0
         Count: Redu:     1.02e+03            8            8            8          126           100.0   0.0   0.0   0.0     0.0
         Count: Send:     6.66e+03           52           52           52          126           100.0   0.0   0.0   0.0     0.0
         Count: Test:      1.1e+03         8.59            8           14          127            86.7   2.3   7.8   3.1    38.7
         Count: Wait:     1.23e+04           96           96           96          126           100.0   0.0   0.0   0.0     0.0
          Time: Recv:      3.73 ms    0.0291 ms     0.017 ms     0.378 ms           65            99.2   0.0   0.0   0.8    92.3
          Time: Redu:     0.419 s       3.27 ms     0.269 ms      10.5 ms           46            43.0  46.9   4.7   5.5    68.9
          Time: Send:        32 ms      0.25 ms     0.126 ms     0.473 ms           51            33.6  46.9  15.6   3.9    47.1
          Time: Test:     0.969 ms  7.57e+03 ns  2.03e+03 ns    0.0355 ms           15            81.2  10.9   6.2   1.6    78.7
          Time: Wait:       0.8 s       6.25 ms     0.358 ms      12.9 ms           48            14.1  47.7  25.8  12.5    51.7
Volume Recv TOTAL   :      76.6 MB       613 KB       613 KB       615 KB            0            99.2   0.0   0.0   0.8     0.3
Volume Recv0: <= 64B:     1.15e+03         9.01            9           10            0            99.2   0.0   0.0   0.8     9.9
Volume Recv1: <= 4KB:     4.23e+03           33           33           38            0            99.2   0.0   0.0   0.8    13.1
Volume Recv2: <= 2MB:     1.54e+03           12           12           12          126           100.0   0.0   0.0   0.0     0.0
Volume Send TOTAL   :      76.9 MB       615 KB       615 KB       615 KB          126           100.0   0.0   0.0   0.0     0.0
Volume Send0: <= 64B:     1.28e+03           10           10           10          126           100.0   0.0   0.0   0.0     0.0
Volume Send1: <= 4KB:     4.86e+03           38           38           38          126           100.0   0.0   0.0   0.0     0.0
Volume Send2: <= 2MB:     1.54e+03           12           12           12          126           100.0   0.0   0.0   0.0     0.0

Timestep 4       Time=4e-05       Next delT=1e-05       Wall Time=0.21887   EMA=0.0294325   Memory Used=122.63 MBs (avg) 123.36 MBs (max on rank: 35    )
Runtime Summary  summary stats for time step 4 at time=4e-05
  Description       Units       Minimum           Rank   Average (128)     Std. Dev.         Maximum           Rank   100*(1-ave/max) '% load imbalance'
  TaskExec          [seconds] : 0.0101004       : 48   : 0.0169098       : 0.00266408      : 0.0228894       : 46   : 26.1239
  TaskLocalComm     [seconds] : 0.00176672      : 48   : 0.00260511      : 0.000329256     : 0.00355557      : 52   : 26.7315
  TaskWaitCommTime  [seconds] : 0.000649466     : 46   : 0.00668829      : 0.00265842      : 0.0137783       : 48   : 51.4578
  NumberOfTasks     [tasks  ] : 8               : 0    : 8               : 0               : 8               : 0    : 0
  NumberOfPatches   [patches] : 1               : 0    : 1               : 0               : 1               : 0    : 0
  NumberOfCells     [cells  ] : 32768           : 0    : 32768           : 0               : 32768           : 0    : 0
  SCIMemoryUsed     [MBytes ] : 1.21717e+08     : 41   : 1.22629e+08     : 279689          : 1.23363e+08     : 35   : 0.594952
  SCIMemoryMaxUsed  [MBytes ] : 1.21717e+08     : 41   : 1.22629e+08     : 279689          : 1.23363e+08     : 35   : 0.594952
  MemoryUsed        [MBytes ] : 6.40696e+08     : 3    : 6.63614e+08     : 1.18345e+07     : 6.83483e+08     : 32   : 2.90702
  MemoryResident    [MBytes ] : 1.21717e+08     : 41   : 1.22629e+08     : 279689          : 1.23363e+08     : 35   : 0.594952
  Percentage of time spent in overhead : 4.41115

________________________________________________________________________________
--------------------------------------------------------------------------------
MPIStats:+
--------------------------------------------------------------------------------
                Name:       Total:         Avg:         Min:         Max:    Max rank: Hist %% [  Q1 |  Q2 |  Q3 |  Q4 ]:  %%Load Imbalance
         Count: Recv:     6.66e+03           52           52           52          126           100.0   0.0   0.0   0.0     0.0
         Count: Redu:     1.02e+03            8            8            8          126           100.0   0.0   0.0   0.0     0.0
         Count: Send:     6.66e+03           52           52           52          126           100.0   0.0   0.0   0.0     0.0
         Count: Test:     1.09e+03         8.54            8           14          127            89.1   1.6   7.0   2.3    39.0
         Count: Wait:     1.23e+04           96           96           96          126           100.0   0.0   0.0   0.0     0.0
          Time: Recv:      3.47 ms    0.0271 ms    0.0173 ms    0.0923 ms          116            85.9   7.0   3.9   3.1    70.7
          Time: Redu:     0.445 s       3.48 ms      0.24 ms      9.92 ms           46            42.2  40.6  14.1   3.1    64.9
          Time: Send:      32.6 ms     0.255 ms      0.14 ms     0.475 ms           18            50.0  27.3  10.9  11.7    46.4
          Time: Test:     0.887 ms  6.93e+03 ns  2.35e+03 ns    0.0296 ms           79            82.8  12.5   3.1   1.6    76.6
          Time: Wait:       0.8 s       6.25 ms     0.301 ms      12.2 ms           48             9.4  44.5  30.5  15.6    48.7
Volume Recv TOTAL   :      76.6 MB       613 KB       613 KB       615 KB            0            99.2   0.0   0.0   0.8     0.3
Volume Recv0: <= 64B:     1.15e+03         9.01            9           10            0            99.2   0.0   0.0   0.8     9.9
Volume Recv1: <= 4KB:     4.23e+03           33           33           38            0            99.2   0.0   0.0   0.8    13.1
Volume Recv2: <= 2MB:     1.54e+03           12           12           12          126           100.0   0.0   0.0   0.0     0.0
Volume Send TOTAL   :      76.9 MB       615 KB       615 KB       615 KB          126           100.0   0.0   0.0   0.0     0.0
Volume Send0: <= 64B:     1.28e+03           10           10           10          126           100.0   0.0   0.0   0.0     0.0
Volume Send1: <= 4KB:     4.86e+03           38           38           38          126           100.0   0.0   0.0   0.0     0.0
Volume Send2: <= 2MB:     1.54e+03           12           12           12          126           100.0   0.0   0.0   0.0     0.0

Timestep 5       Time=5e-05       Next delT=1e-05       Wall Time=0.244956  EMA=0.0283172   Memory Used=123.39 MBs (avg) 124.16 MBs (max on rank: 35    )
Runtime Summary  summary stats for time step 5 at time=5e-05
  Description       Units       Minimum           Rank   Average (128)     Std. Dev.         Maximum           Rank   100*(1-ave/max) '% load imbalance'
  TaskExec          [seconds] : 0.0113767       : 64   : 0.0173791       : 0.00256128      : 0.0232733       : 46   : 25.3259
  TaskLocalComm     [seconds] : 0.00182705      : 70   : 0.00258799      : 0.000288931     : 0.00377084      : 52   : 31.3685
  TaskWaitCommTime  [seconds] : 0.000534606     : 46   : 0.00668742      : 0.00253336      : 0.0128977       : 48   : 48.1503
  NumberOfTasks     [tasks  ] : 8               : 0    : 8               : 0               : 8               : 0    : 0
  NumberOfPatches   [patches] : 1               : 0    : 1               : 0               : 1               : 0    : 0
  NumberOfCells     [cells  ] : 32768           : 0    : 32768           : 0               : 32768           : 0    : 0
  SCIMemoryUsed     [MBytes ] : 1.2252e+08      : 41   : 1.2339e+08      : 285337          : 1.24158e+08     : 35   : 0.618335
  SCIMemoryMaxUsed  [MBytes ] : 1.2252e+08      : 41   : 1.2339e+08      : 285337          : 1.24158e+08     : 35   : 0.618335
  MemoryUsed        [MBytes ] : 6.41323e+08     : 3    : 6.64243e+08     : 1.18343e+07     : 6.8411e+08      : 16   : 2.90397
  MemoryResident    [MBytes ] : 1.2252e+08      : 41   : 1.2339e+08      : 285337          : 1.24158e+08     : 35   : 0.618335
  Percentage of time spent in overhead : 3.52749

________________________________________________________________________________
--------------------------------------------------------------------------------
MPIStats:+
--------------------------------------------------------------------------------
                Name:       Total:         Avg:         Min:         Max:    Max rank: Hist %% [  Q1 |  Q2 |  Q3 |  Q4 ]:  %%Load Imbalance
         Count: Recv:     6.66e+03           52           52           52          126           100.0   0.0   0.0   0.0     0.0
         Count: Redu:     1.02e+03            8            8            8          126           100.0   0.0   0.0   0.0     0.0
         Count: Send:     6.66e+03           52           52           52          126           100.0   0.0   0.0   0.0     0.0
         Count: Test:      1.1e+03         8.59            8           14          127            86.7   1.6   9.4   2.3    38.7
         Count: Wait:     1.23e+04           96           96           96          126           100.0   0.0   0.0   0.0     0.0
          Time: Recv:       3.7 ms    0.0289 ms    0.0176 ms     0.222 ms           65            96.1   3.1   0.0   0.8    86.9
          Time: Redu:      0.42 s       3.28 ms     0.263 ms      9.88 ms           46            48.4  34.4  12.5   4.7    66.8
          Time: Send:      31.3 ms     0.244 ms     0.135 ms      0.52 ms           94            53.9  32.0  10.9   3.1    53.0
          Time: Test:      1.04 ms  8.11e+03 ns  2.54e+03 ns    0.0435 ms           15            82.8  12.5   1.6   3.1    81.4
          Time: Wait:     0.796 s       6.22 ms     0.301 ms      12.6 ms           48            10.2  44.5  29.7  15.6    50.5
Volume Recv TOTAL   :      76.6 MB       613 KB       613 KB       615 KB            0            99.2   0.0   0.0   0.8     0.3
Volume Recv0: <= 64B:     1.15e+03         9.01            9           10            0            99.2   0.0   0.0   0.8     9.9
Volume Recv1: <= 4KB:     4.23e+03           33           33           38            0            99.2   0.0   0.0   0.8    13.1
Volume Recv2: <= 2MB:     1.54e+03           12           12           12          126           100.0   0.0   0.0   0.0     0.0
Volume Send TOTAL   :      76.9 MB       615 KB       615 KB       615 KB          126           100.0   0.0   0.0   0.0     0.0
Volume Send0: <= 64B:     1.28e+03           10           10           10          126           100.0   0.0   0.0   0.0     0.0
Volume Send1: <= 4KB:     4.86e+03           38           38           38          126           100.0   0.0   0.0   0.0     0.0
Volume Send2: <= 2MB:     1.54e+03           12           12           12          126           100.0   0.0   0.0   0.0     0.0

Timestep 6       Time=6e-05       Next delT=1e-05       Wall Time=0.270651  EMA=0.0275681   Memory Used=122.88 MBs (avg) 123.68 MBs (max on rank: 29    )
Runtime Summary  summary stats for time step 6 at time=6e-05
  Description       Units       Minimum           Rank   Average (128)     Std. Dev.         Maximum           Rank   100*(1-ave/max) '% load imbalance'
  TaskExec          [seconds] : 0.010754        : 48   : 0.0170172       : 0.0026953       : 0.0228697       : 46   : 25.5906
  TaskLocalComm     [seconds] : 0.00178043      : 48   : 0.00261999      : 0.000281666     : 0.00380434      : 52   : 31.1315
  TaskWaitCommTime  [seconds] : 0.000543117     : 46   : 0.0066587       : 0.00266372      : 0.0132154       : 48   : 49.6139
  NumberOfTasks     [tasks  ] : 8               : 0    : 8               : 0               : 8               : 0    : 0
  NumberOfPatches   [patches] : 1               : 0    : 1               : 0               : 1               : 0    : 0
  NumberOfCells     [cells  ] : 32768           : 0    : 32768           : 0               : 32768           : 0    : 0
  SCIMemoryUsed     [MBytes ] : 1.21991e+08     : 55   : 1.22882e+08     : 292116          : 1.23679e+08     : 29   : 0.644327
  SCIMemoryMaxUsed  [MBytes ] : 1.21991e+08     : 55   : 1.22882e+08     : 292116          : 1.23679e+08     : 29   : 0.644327
  MemoryUsed        [MBytes ] : 6.40696e+08     : 3    : 6.63614e+08     : 1.18345e+07     : 6.83483e+08     : 32   : 2.90702
  MemoryResident    [MBytes ] : 1.21991e+08     : 55   : 1.22882e+08     : 292116          : 1.23679e+08     : 29   : 0.644327
  Percentage of time spent in overhead : 2.93757

________________________________________________________________________________
--------------------------------------------------------------------------------
MPIStats:+
--------------------------------------------------------------------------------
                Name:       Total:         Avg:         Min:         Max:    Max rank: Hist %% [  Q1 |  Q2 |  Q3 |  Q4 ]:  %%Load Imbalance
         Count: Recv:     6.66e+03           52           52           52          126           100.0   0.0   0.0   0.0     0.0
         Count: Redu:     1.02e+03            8            8            8          126           100.0   0.0   0.0   0.0     0.0
         Count: Send:     6.66e+03           52           52           52          126           100.0   0.0   0.0   0.0     0.0
         Count: Test:      1.1e+03         8.56            8           14          127            88.3   1.6   7.0   3.1    38.8
         Count: Wait:     1.23e+04           96           96           96          126           100.0   0.0   0.0   0.0     0.0
          Time: Recv:      3.66 ms    0.0286 ms    0.0166 ms     0.267 ms           65            98.4   0.8   0.0   0.8    89.3
          Time: Redu:     0.398 s       3.11 ms     0.242 ms        10 ms           46            50.0  32.8  13.3   3.9    68.9
          Time: Send:      29.9 ms     0.234 ms     0.136 ms     0.477 ms           36            53.9  28.1  15.6   2.3    51.0
          Time: Test:     0.935 ms  7.31e+03 ns  2.35e+03 ns    0.0367 ms          123            85.9  10.9   0.8   2.3    80.1
          Time: Wait:     0.819 s        6.4 ms      0.41 ms      12.6 ms           48            10.2  43.8  31.2  14.8    49.4
Volume Recv TOTAL   :      76.6 MB       613 KB       613 KB       615 KB            0            99.2   0.0   0.0   0.8     0.3
Volume Recv0: <= 64B:     1.15e+03         9.01            9           10            0            99.2   0.0   0.0   0.8     9.9
Volume Recv1: <= 4KB:     4.23e+03           33           33           38            0            99.2   0.0   0.0   0.8    13.1
Volume Recv2: <= 2MB:     1.54e+03           12           12           12          126           100.0   0.0   0.0   0.0     0.0
Volume Send TOTAL   :      76.9 MB       615 KB       615 KB       615 KB          126           100.0   0.0   0.0   0.0     0.0
Volume Send0: <= 64B:     1.28e+03           10           10           10          126           100.0   0.0   0.0   0.0     0.0
Volume Send1: <= 4KB:     4.86e+03           38           38           38          126           100.0   0.0   0.0   0.0     0.0
Volume Send2: <= 2MB:     1.54e+03           12           12           12          126           100.0   0.0   0.0   0.0     0.0

Timestep 7       Time=7e-05       Next delT=1e-05       Wall Time=0.296418  EMA=0.0271178   Memory Used=123.63 MBs (avg) 124.49 MBs (max on rank: 29    )
Runtime Summary  summary stats for time step 7 at time=7e-05
  Description       Units       Minimum           Rank   Average (128)     Std. Dev.         Maximum           Rank   100*(1-ave/max) '% load imbalance'
  TaskExec          [seconds] : 0.0107188       : 48   : 0.0169254       : 0.0026566       : 0.0229901       : 46   : 26.3797
  TaskLocalComm     [seconds] : 0.00191543      : 49   : 0.00257002      : 0.000266731     : 0.00328013      : 6    : 21.6488
  TaskWaitCommTime  [seconds] : 0.000721834     : 46   : 0.00684141      : 0.00263207      : 0.013305        : 48   : 48.5801
  NumberOfTasks     [tasks  ] : 8               : 0    : 8               : 0               : 8               : 0    : 0
  NumberOfPatches   [patches] : 1               : 0    : 1               : 0               : 1               : 0    : 0
  NumberOfCells     [cells  ] : 32768           : 0    : 32768           : 0               : 32768           : 0    : 0
  SCIMemoryUsed     [MBytes ] : 1.227e+08       : 55   : 1.23628e+08     : 300504          : 1.24494e+08     : 29   : 0.695501
  SCIMemoryMaxUsed  [MBytes ] : 1.227e+08       : 55   : 1.23628e+08     : 300504          : 1.24494e+08     : 29   : 0.695501
  MemoryUsed        [MBytes ] : 6.41323e+08     : 3    : 6.64243e+08     : 1.18343e+07     : 6.8411e+08      : 16   : 2.90397
  MemoryResident    [MBytes ] : 1.227e+08       : 55   : 1.23628e+08     : 300504          : 1.24494e+08     : 29   : 0.695501
  Percentage of time spent in overhead : 2.51533

________________________________________________________________________________
--------------------------------------------------------------------------------
MPIStats:+
--------------------------------------------------------------------------------
                Name:       Total:         Avg:         Min:         Max:    Max rank: Hist %% [  Q1 |  Q2 |  Q3 |  Q4 ]:  %%Load Imbalance
         Count: Recv:     6.66e+03           52           52           52          126           100.0   0.0   0.0   0.0     0.0
         Count: Redu:     1.02e+03            8            8            8          126           100.0   0.0   0.0   0.0     0.0
         Count: Send:     6.66e+03           52           52           52          126           100.0   0.0   0.0   0.0     0.0
         Count: Test:      1.1e+03         8.56            8           14          127            87.5   1.6   8.6   2.3    38.8
         Count: Wait:     1.23e+04           96           96           96          126           100.0   0.0   0.0   0.0     0.0
          Time: Recv:      3.49 ms    0.0272 ms    0.0171 ms    0.0848 ms           70            84.4   7.0   4.7   3.9    67.9
          Time: Redu:     0.406 s       3.17 ms     0.264 ms      9.27 ms           47            46.1  35.2  14.8   3.9    65.8
          Time: Send:      30.6 ms     0.239 ms     0.125 ms     0.477 ms           52            51.6  24.2  18.0   6.2    49.9
          Time: Test:     0.997 ms  7.79e+03 ns   2.5e+03 ns     0.061 ms           63            90.6   7.8   0.8   0.8    87.2
          Time: Wait:     0.778 s       6.08 ms     0.457 ms      12.3 ms           48            10.2  46.9  28.1  14.8    50.6
Volume Recv TOTAL   :      76.6 MB       613 KB       613 KB       615 KB            0            99.2   0.0   0.0   0.8     0.3
Volume Recv0: <= 64B:     1.15e+03         9.01            9           10            0            99.2   0.0   0.0   0.8     9.9
Volume Recv1: <= 4KB:     4.23e+03           33           33           38            0            99.2   0.0   0.0   0.8    13.1
Volume Recv2: <= 2MB:     1.54e+03           12           12           12          126           100.0   0.0   0.0   0.0     0.0
Volume Send TOTAL   :      76.9 MB       615 KB       615 KB       615 KB          126           100.0   0.0   0.0   0.0     0.0
Volume Send0: <= 64B:     1.28e+03           10           10           10          126           100.0   0.0   0.0   0.0     0.0
Volume Send1: <= 4KB:     4.86e+03           38           38           38          126           100.0   0.0   0.0   0.0     0.0
Volume Send2: <= 2MB:     1.54e+03           12           12           12          126           100.0   0.0   0.0   0.0     0.0

Timestep 8       Time=8e-05       Next delT=1e-05       Wall Time=0.321856  EMA=0.0267443   Memory Used=123.11 MBs (avg) 124.00 MBs (max on rank: 29    )
Runtime Summary  summary stats for time step 8 at time=8e-05
  Description       Units       Minimum           Rank   Average (128)     Std. Dev.         Maximum           Rank   100*(1-ave/max) '% load imbalance'
  TaskExec          [seconds] : 0.0106834       : 48   : 0.0168832       : 0.00263295      : 0.0225999       : 46   : 25.2951
  TaskLocalComm     [seconds] : 0.00178443      : 48   : 0.00259829      : 0.000287615     : 0.00388956      : 52   : 33.1982
  TaskWaitCommTime  [seconds] : 0.000736954     : 46   : 0.00653745      : 0.00260726      : 0.0130327       : 48   : 49.838
  NumberOfTasks     [tasks  ] : 8               : 0    : 8               : 0               : 8               : 0    : 0
  NumberOfPatches   [patches] : 1               : 0    : 1               : 0               : 1               : 0    : 0
  NumberOfCells     [cells  ] : 32768           : 0    : 32768           : 0               : 32768           : 0    : 0
  SCIMemoryUsed     [MBytes ] : 1.22175e+08     : 55   : 1.23111e+08     : 309165          : 1.23998e+08     : 29   : 0.715365
  SCIMemoryMaxUsed  [MBytes ] : 1.22175e+08     : 55   : 1.23111e+08     : 309165          : 1.23998e+08     : 29   : 0.715365
  MemoryUsed        [MBytes ] : 6.40696e+08     : 3    : 6.63614e+08     : 1.18345e+07     : 6.83483e+08     : 32   : 2.90702
  MemoryResident    [MBytes ] : 1.22175e+08     : 55   : 1.23111e+08     : 309165          : 1.23998e+08     : 29   : 0.715365
  Percentage of time spent in overhead : 2.19774

________________________________________________________________________________
--------------------------------------------------------------------------------
MPIStats:+
--------------------------------------------------------------------------------
                Name:       Total:         Avg:         Min:         Max:    Max rank: Hist %% [  Q1 |  Q2 |  Q3 |  Q4 ]:  %%Load Imbalance
         Count: Recv:     6.66e+03           52           52           52          126           100.0   0.0   0.0   0.0     0.0
         Count: Redu:     1.02e+03            8            8            8          126           100.0   0.0   0.0   0.0     0.0
         Count: Send:     6.66e+03           52           52           52          126           100.0   0.0   0.0   0.0     0.0
         Count: Test:      1.1e+03         8.55            8           14          127            88.3   1.6   7.8   2.3    38.9
         Count: Wait:     1.23e+04           96           96           96          126           100.0   0.0   0.0   0.0     0.0
          Time: Recv:      3.42 ms    0.0267 ms    0.0171 ms    0.0859 ms           52            82.8   9.4   4.7   3.1    68.9
          Time: Redu:     0.461 s        3.6 ms     0.254 ms      9.78 ms           46            32.0  50.0  14.8   3.1    63.2
          Time: Send:      28.8 ms     0.225 ms     0.134 ms     0.456 ms           16            59.4  23.4  13.3   3.9    50.6
          Time: Test:      0.93 ms  7.26e+03 ns  2.68e+03 ns    0.0429 ms          111            87.5  10.9   0.0   1.6    83.1
          Time: Wait:     0.776 s       6.07 ms     0.401 ms      11.9 ms           64            10.2  46.9  27.3  15.6    49.1
Volume Recv TOTAL   :      76.6 MB       613 KB       613 KB       615 KB            0            99.2   0.0   0.0   0.8     0.3
Volume Recv0: <= 64B:     1.15e+03         9.01            9           10            0            99.2   0.0   0.0   0.8     9.9
Volume Recv1: <= 4KB:     4.23e+03           33           33           38            0            99.2   0.0   0.0   0.8    13.1
Volume Recv2: <= 2MB:     1.54e+03           12           12           12          126           100.0   0.0   0.0   0.0     0.0
Volume Send TOTAL   :      76.9 MB       615 KB       615 KB       615 KB          126           100.0   0.0   0.0   0.0     0.0
Volume Send0: <= 64B:     1.28e+03           10           10           10          126           100.0   0.0   0.0   0.0     0.0
Volume Send1: <= 4KB:     4.86e+03           38           38           38          126           100.0   0.0   0.0   0.0     0.0
Volume Send2: <= 2MB:     1.54e+03           12           12           12          126           100.0   0.0   0.0   0.0     0.0

Timestep 9       Time=9e-05       Next delT=1e-05       Wall Time=0.347766  EMA=0.0265774   Memory Used=123.84 MBs (avg) 124.76 MBs (max on rank: 29    )
Runtime Summary  summary stats for time step 9 at time=9e-05
  Description       Units       Minimum           Rank   Average (128)     Std. Dev.         Maximum           Rank   100*(1-ave/max) '% load imbalance'
  TaskExec          [seconds] : 0.0109574       : 64   : 0.0174008       : 0.00258322      : 0.0231285       : 46   : 24.7646
  TaskLocalComm     [seconds] : 0.00182523      : 48   : 0.00256052      : 0.00026498      : 0.00374353      : 52   : 31.6016
  TaskWaitCommTime  [seconds] : 0.000669215     : 46   : 0.00651032      : 0.00254762      : 0.0127353       : 64   : 48.8799
  NumberOfTasks     [tasks  ] : 8               : 0    : 8               : 0               : 8               : 0    : 0
  NumberOfPatches   [patches] : 1               : 0    : 1               : 0               : 1               : 0    : 0
  NumberOfCells     [cells  ] : 32768           : 0    : 32768           : 0               : 32768           : 0    : 0
  SCIMemoryUsed     [MBytes ] : 1.22888e+08     : 55   : 1.23842e+08     : 317733          : 1.24764e+08     : 29   : 0.738751
  SCIMemoryMaxUsed  [MBytes ] : 1.22888e+08     : 55   : 1.23842e+08     : 317733          : 1.24764e+08     : 29   : 0.738751
  MemoryUsed        [MBytes ] : 6.41323e+08     : 3    : 6.64243e+08     : 1.18343e+07     : 6.8411e+08      : 16   : 2.90397
  MemoryResident    [MBytes ] : 1.22888e+08     : 55   : 1.23842e+08     : 317733          : 1.24764e+08     : 29   : 0.738751
  Percentage of time spent in overhead : 1.94976

________________________________________________________________________________
--------------------------------------------------------------------------------
MPIStats:+
--------------------------------------------------------------------------------
                Name:       Total:         Avg:         Min:         Max:    Max rank: Hist %% [  Q1 |  Q2 |  Q3 |  Q4 ]:  %%Load Imbalance
         Count: Recv:     6.66e+03           52           52           52          126           100.0   0.0   0.0   0.0     0.0
         Count: Redu:     1.02e+03            8            8            8          126           100.0   0.0   0.0   0.0     0.0
         Count: Send:     6.66e+03           52           52           52          126           100.0   0.0   0.0   0.0     0.0
         Count: Test:      1.1e+03         8.57            8           14          127            87.5   1.6   8.6   2.3    38.8
         Count: Wait:     1.23e+04           96           96           96          126           100.0   0.0   0.0   0.0     0.0
          Time: Recv:      3.52 ms    0.0275 ms    0.0173 ms    0.0855 ms           52            82.8   8.6   3.9   4.7    67.8
          Time: Redu:     0.477 s       3.73 ms     0.262 ms      9.54 ms           46            28.9  51.6  15.6   3.9    60.9
          Time: Send:      28.7 ms     0.224 ms     0.116 ms     0.452 ms            6            50.0  32.0  14.1   3.9    50.4
          Time: Test:     0.962 ms  7.52e+03 ns  2.23e+03 ns     0.038 ms          124            83.6  11.7   2.3   2.3    80.2
          Time: Wait:      0.78 s        6.1 ms     0.441 ms      12.7 ms           48            11.7  51.6  22.7  14.1    51.9
Volume Recv TOTAL   :      76.6 MB       613 KB       613 KB       615 KB            0            99.2   0.0   0.0   0.8     0.3
Volume Recv0: <= 64B:     1.15e+03         9.01            9           10            0            99.2   0.0   0.0   0.8     9.9
Volume Recv1: <= 4KB:     4.23e+03           33           33           38            0            99.2   0.0   0.0   0.8    13.1
Volume Recv2: <= 2MB:     1.54e+03           12           12           12          126           100.0   0.0   0.0   0.0     0.0
Volume Send TOTAL   :      76.9 MB       615 KB       615 KB       615 KB          126           100.0   0.0   0.0   0.0     0.0
Volume Send0: <= 64B:     1.28e+03           10           10           10          126           100.0   0.0   0.0   0.0     0.0
Volume Send1: <= 4KB:     4.86e+03           38           38           38          126           100.0   0.0   0.0   0.0     0.0
Volume Send2: <= 2MB:     1.54e+03           12           12           12          126           100.0   0.0   0.0   0.0     0.0

Timestep 10      Time=0.0001      Next delT=1e-05       Wall Time=0.37363   EMA=0.0264477   Memory Used=123.31 MBs (avg) 124.27 MBs (max on rank: 29    )
Runtime Summary  summary stats for time step 10 at time=0.0001
  Description       Units       Minimum           Rank   Average (128)     Std. Dev.         Maximum           Rank   100*(1-ave/max) '% load imbalance'
  TaskExec          [seconds] : 0.0106105       : 48   : 0.0172813       : 0.00268168      : 0.0230008       : 46   : 24.8663
  TaskLocalComm     [seconds] : 0.0018521       : 112  : 0.00259157      : 0.000286981     : 0.00382534      : 52   : 32.2526
  TaskWaitCommTime  [seconds] : 0.000719125     : 46   : 0.00655294      : 0.00263849      : 0.013534        : 48   : 51.5818
  NumberOfTasks     [tasks  ] : 8               : 0    : 8               : 0               : 8               : 0    : 0
  NumberOfPatches   [patches] : 1               : 0    : 1               : 0               : 1               : 0    : 0
  NumberOfCells     [cells  ] : 32768           : 0    : 32768           : 0               : 32768           : 0    : 0
  SCIMemoryUsed     [MBytes ] : 1.22376e+08     : 55   : 1.23313e+08     : 329914          : 1.24269e+08     : 29   : 0.768787
  SCIMemoryMaxUsed  [MBytes ] : 1.22376e+08     : 55   : 1.23313e+08     : 329914          : 1.24269e+08     : 29   : 0.768787
  MemoryUsed        [MBytes ] : 6.40696e+08     : 3    : 6.63614e+08     : 1.18345e+07     : 6.83483e+08     : 32   : 2.90702
  MemoryResident    [MBytes ] : 1.22376e+08     : 55   : 1.23313e+08     : 329914          : 1.24269e+08     : 29   : 0.768787
  Percentage of time spent in overhead : 1.75039
Sus: going down successfully
