Parallel: 256 MPI processes (using MPI)
Parallel: MPI Level Required: 0, provided: 0
Date:       Thu Aug 25 11:43:02 2022
Machine:    ash276
git branch:wasatch-low-cost-integ-cmake
git date:   Sat Jul 30 10:34:22 2022 -0600
git hash:   9315f9f96fa6304db4fe79378b145f37ea40016d
Assertion level: 0
CFLAGS:          
CXXFLAGS:        
______________________________________________________________________
Application Component: 	'wasatch'

-------------------------------------------------------------
Wasatch was built against:
  SpatialOps HASH: bd7a2bac76e42e2cb528b02e2cf1291d05c71926
             DATE: Fri Nov 12 11:34:54 2021 -0700
     ExprLib HASH: d2950c77edb22e5f3669ddaaf2d2ed29ceb24d2c
             DATE: Thu Aug 5 12:26:26 2021 -0600
    TabProps HASH: eca0dc5f26b20d4f6b1cebe51b1ae97e11871e83
             DATE: Wed Aug 11 20:11:26 2021 -0600
-------------------------------------------------------------

Linear Solver: 		hypre
Load Balancer: 		Simple
Scheduler: 		MPI
Patch layout: 		(8,8,4)
Grid statistics:
Number of levels:		1
Level 0:
  Periodic boundaries:		[int 1, 1, 1]
  Number of patches:		256
  Total number of cells:	8388608 (32768 avg. per patch)
Total patches in grid:		256
Total cells in grid:		8388608 (32768 avg. per patch)

Using small, individual MPI messages (no message combining)
Detected solver: hypre
SETTING UP CONVECTIVE FLUX EXPRESSION IN X DIRECTION USING CENTRAL
SETTING UP CONVECTIVE FLUX EXPRESSION IN Y DIRECTION USING CENTRAL
SETTING UP CONVECTIVE FLUX EXPRESSION IN Z DIRECTION USING CENTRAL
Setting initial conditions for scalability test equation: scalability0
SETTING UP CONVECTIVE FLUX EXPRESSION IN X DIRECTION USING CENTRAL
SETTING UP CONVECTIVE FLUX EXPRESSION IN Y DIRECTION USING CENTRAL
SETTING UP CONVECTIVE FLUX EXPRESSION IN Z DIRECTION USING CENTRAL
Setting initial conditions for scalability test equation: scalability1
SETTING UP CONVECTIVE FLUX EXPRESSION IN X DIRECTION USING CENTRAL
SETTING UP CONVECTIVE FLUX EXPRESSION IN Y DIRECTION USING CENTRAL
SETTING UP CONVECTIVE FLUX EXPRESSION IN Z DIRECTION USING CENTRAL
Setting initial conditions for scalability test equation: scalability2
------------------------------------------------
No BoundaryConditions specified
  This message will only occur once

Compiling initialization taskgraph.
------------------------------------------------
SETTING INITIAL BOUNDARY CONDITIONS:
------------------------------------------------
Setting Initial BCs for transport equation 'scalability0'
Setting Initial BCs for transport equation 'scalability1'
Setting Initial BCs for transport equation 'scalability2'
------------------------------------------------
Wasatch: done creating initialization task(s)
Scheduling Task 'compute timestep' COMPUTES 'delT' in NEW data warehouse
Wasatch: done creating timestep task(s)
Done with taskgraph compile (0.000243706 seconds)
Warning: addContribution not implemented for LoadBalancerCommon.
WARNING at time step 0 and sim time 0 : lowering the next delT from 1 to the maximum: 1e-05

________________________________________________________________________________
--------------------------------------------------------------------------------
MPIStats:+
--------------------------------------------------------------------------------
                Name:       Total:         Avg:         Min:         Max:    Max rank: Hist %% [  Q1 |  Q2 |  Q3 |  Q4 ]:  %%Load Imbalance
         Count: Comm:          256            1            1            1          254           100.0   0.0   0.0   0.0     0.0
         Count: Gath:          512            2            2            2          254           100.0   0.0   0.0   0.0     0.0
         Count: Redu:          256            1            1            1          254           100.0   0.0   0.0   0.0     0.0
          Time: Comm:      1.33 s       5.21 ms      1.07 ms      10.8 ms          143            23.0  36.7  30.1  10.2    51.6
          Time: Gath:      18.2 s         71 ms      43.5 ms      96.5 ms          120            10.2  33.2  43.8  12.9    26.4
          Time: Redu:      8.84 s       34.5 ms     0.947 ms      45.5 ms          141             7.8   0.0  21.9  70.3    24.1
Volume Recv TOTAL   :       666 KB       2.6 KB       2.6 KB       2.6 KB          254           100.0   0.0   0.0   0.0     0.0
Volume Recv0: <= 64B:          256            1            1            1          254           100.0   0.0   0.0   0.0     0.0
Volume Recv1: <= 4KB:          512            2            2            2          254           100.0   0.0   0.0   0.0     0.0
Volume Send TOTAL   :      68.6 KB    274.375 B        273 B        277 B           86            65.6   0.0   0.0  34.4     0.9
Volume Send0: <= 64B:          512            2            2            2          254           100.0   0.0   0.0   0.0     0.0
Volume Send1: <= 4KB:          256            1            1            1          254           100.0   0.0   0.0   0.0     0.0


Simulation and run time stats are reported at the end of each time step
EMA == Wall time as an exponential moving average using a window of the last 10 time steps
Timestep 0       Time=0           Next delT=1e-05       Wall Time=0.113063  EMA=0.108972    Memory Used=126.44 MBs (avg) 127.24 MBs (max on rank: 6     )
Warning: finalizeContributions not implemented for LoadBalancerCommon.
Warning: resetCostForecaster not implemented for LoadBalancerCommon.
Compiling taskgraph(s)...
------------------------------------------------
SETTING BOUNDARY CONDITIONS:
------------------------------------------------
Setting BCs for transport equation 'scalability0'
Setting BCs for transport equation 'scalability1'
Setting BCs for transport equation 'scalability2'
------------------------------------------------
Wasatch: done creating solution task(s)
Wasatch: done creating solution task(s)
Wasatch: done creating solution task(s)
Wasatch: done creating post-processing task(s)
Scheduling Task 'compute timestep' COMPUTES 'delT' in NEW data warehouse
Wasatch: done creating timestep task(s)
Done with taskgraph compile (4.83875 seconds)

________________________________________________________________________________
--------------------------------------------------------------------------------
MPIStats:+
--------------------------------------------------------------------------------
                Name:       Total:         Avg:         Min:         Max:    Max rank: Hist %% [  Q1 |  Q2 |  Q3 |  Q4 ]:  %%Load Imbalance
         Count: Recv:        2e+04           78           78           78          254           100.0   0.0   0.0   0.0     0.0
         Count: Redu:     2.05e+03            8            8            8          254           100.0   0.0   0.0   0.0     0.0
         Count: Send:        2e+04           78           78           78          254           100.0   0.0   0.0   0.0     0.0
         Count: Test:     2.68e+03         10.5           10           20          254            94.5   2.0   2.7   0.8    47.6
         Count: Wait:     3.74e+04          146          146          146          254           100.0   0.0   0.0   0.0     0.0
          Time: Recv:      34.3 ms     0.134 ms    0.0443 ms      5.71 ms          231            99.6   0.0   0.0   0.4    97.6
          Time: Redu:       287 s       1.12 s      0.592 ms      4.72 s           137            76.6   0.0   0.0  23.4    76.3
          Time: Send:      22.9 s       89.3 ms      1.52 ms     0.106 s           163             0.4   0.0   5.5  94.1    15.5
          Time: Test:      1.42 s       5.57 ms  9.67e+03 ns      19.7 ms          165            56.2  15.6  19.5   8.6    71.8
          Time: Wait:       925 s       3.61 s       5.77 ms      4.78 s            32            23.8   0.0   0.0  76.2    24.4
Volume Recv TOTAL   :       268 MB      1.05 MB      1.05 MB      1.05 MB            0            99.6   0.0   0.0   0.4     0.2
Volume Recv0: <= 64B:      2.3e+03            9            9           10            0            99.6   0.0   0.0   0.4    10.0
Volume Recv1: <= 4KB:     1.36e+04           53           53           58            0            99.6   0.0   0.0   0.4     8.6
Volume Recv2: <= 2MB:     4.61e+03           18           18           18          254           100.0   0.0   0.0   0.0     0.0
Volume Send TOTAL   :       269 MB      1.05 MB      1.05 MB      1.05 MB          254           100.0   0.0   0.0   0.0     0.0
Volume Send0: <= 64B:     2.56e+03           10           10           10          254           100.0   0.0   0.0   0.0     0.0
Volume Send1: <= 4KB:     1.48e+04           58           58           58          254           100.0   0.0   0.0   0.0     0.0
Volume Send2: <= 2MB:     4.61e+03           18           18           18          254           100.0   0.0   0.0   0.0     0.0

Timestep 1       Time=1e-05       Next delT=1e-05       Wall Time=5.00525   EMA=4.89213     Memory Used=135.66 MBs (avg) 136.61 MBs (max on rank: 198   )
Runtime Summary  summary stats for time step 1 at time=1e-05
  Description       Units       Minimum           Rank   Average (256)     Std. Dev.         Maximum           Rank   100*(1-ave/max) '% load imbalance'
  Compilation       [seconds] : 0.0123838       : 128  : 0.0349991       : 0.301431        : 4.83875         : 0    : 99.2767
  TaskExec          [seconds] : 0.0311734       : 0    : 1.23495         : 1.99471         : 4.85112         : 177  : 74.5431
  TaskLocalComm     [seconds] : 0.00869109      : 0    : 0.0949703       : 0.00822349      : 0.113358        : 162  : 16.221
  TaskWaitCommTime  [seconds] : 0.00691313      : 177  : 3.61249         : 2.00579         : 4.77857         : 32   : 24.4023
  NumberOfTasks     [tasks  ] : 10              : 0    : 10              : 0               : 10              : 0    : 0
  NumberOfPatches   [patches] : 1               : 0    : 1               : 0               : 1               : 0    : 0
  NumberOfCells     [cells  ] : 32768           : 0    : 32768           : 0               : 32768           : 0    : 0
  SCIMemoryUsed     [MBytes ] : 1.34832e+08     : 226  : 1.35658e+08     : 293557          : 1.36606e+08     : 198  : 0.693441
  SCIMemoryMaxUsed  [MBytes ] : 1.34832e+08     : 226  : 1.35658e+08     : 293557          : 1.36606e+08     : 198  : 0.693441
  MemoryUsed        [MBytes ] : 7.33266e+08     : 237  : 7.61487e+08     : 9.65207e+06     : 7.84769e+08     : 73   : 2.96676
  MemoryResident    [MBytes ] : 1.34832e+08     : 226  : 1.35658e+08     : 293557          : 1.36606e+08     : 198  : 0.693441
  Percentage of time spent in overhead : 0.70316

________________________________________________________________________________
--------------------------------------------------------------------------------
MPIStats:+
--------------------------------------------------------------------------------
                Name:       Total:         Avg:         Min:         Max:    Max rank: Hist %% [  Q1 |  Q2 |  Q3 |  Q4 ]:  %%Load Imbalance
         Count: Recv:        2e+04           78           78           78          254           100.0   0.0   0.0   0.0     0.0
         Count: Redu:     2.05e+03            8            8            8          254           100.0   0.0   0.0   0.0     0.0
         Count: Send:        2e+04           78           78           78          254           100.0   0.0   0.0   0.0     0.0
         Count: Test:     2.69e+03         10.5           10           20          255            93.8   2.7   2.0   1.6    47.5
         Count: Wait:     3.74e+04          146          146          146          254           100.0   0.0   0.0   0.0     0.0
          Time: Recv:      16.2 ms    0.0631 ms    0.0403 ms     0.388 ms          237            94.1   3.9   1.6   0.4    83.8
          Time: Redu:      3.55 s       13.9 ms     0.515 ms      25.1 ms          230            10.5  24.6  47.7  17.2    44.8
          Time: Send:     0.265 s       1.04 ms     0.721 ms      1.69 ms            6            35.2  50.0  13.3   1.6    38.7
          Time: Test:      4.99 ms    0.0195 ms  3.57e+03 ns     0.221 ms          251            89.8   6.2   2.3   1.6    91.2
          Time: Wait:      2.62 s       10.2 ms     0.624 ms      21.5 ms          146            18.4  45.3  15.6  20.7    52.5
Volume Recv TOTAL   :       268 MB      1.05 MB      1.05 MB      1.05 MB            0            99.6   0.0   0.0   0.4     0.2
Volume Recv0: <= 64B:      2.3e+03            9            9           10            0            99.6   0.0   0.0   0.4    10.0
Volume Recv1: <= 4KB:     1.36e+04           53           53           58            0            99.6   0.0   0.0   0.4     8.6
Volume Recv2: <= 2MB:     4.61e+03           18           18           18          254           100.0   0.0   0.0   0.0     0.0
Volume Send TOTAL   :       269 MB      1.05 MB      1.05 MB      1.05 MB          254           100.0   0.0   0.0   0.0     0.0
Volume Send0: <= 64B:     2.56e+03           10           10           10          254           100.0   0.0   0.0   0.0     0.0
Volume Send1: <= 4KB:     1.48e+04           58           58           58          254           100.0   0.0   0.0   0.0     0.0
Volume Send2: <= 2MB:     4.61e+03           18           18           18          254           100.0   0.0   0.0   0.0     0.0

Timestep 2       Time=2e-05       Next delT=1e-05       Wall Time=5.06151   EMA=1.66822     Memory Used=135.78 MBs (avg) 136.82 MBs (max on rank: 122   )
Runtime Summary  summary stats for time step 2 at time=2e-05
  Description       Units       Minimum           Rank   Average (256)     Std. Dev.         Maximum           Rank   100*(1-ave/max) '% load imbalance'
  TaskExec          [seconds] : 0.0306321       : 146  : 0.0415527       : 0.00494154      : 0.051065        : 239  : 18.6278
  TaskLocalComm     [seconds] : 0.00548922      : 227  : 0.00659926      : 0.000675801     : 0.00910309      : 237  : 27.5053
  TaskWaitCommTime  [seconds] : 0.00141545      : 243  : 0.0111824       : 0.0049809       : 0.0224236       : 146  : 50.1313
  NumberOfTasks     [tasks  ] : 10              : 0    : 10              : 0               : 10              : 0    : 0
  NumberOfPatches   [patches] : 1               : 0    : 1               : 0               : 1               : 0    : 0
  NumberOfCells     [cells  ] : 32768           : 0    : 32768           : 0               : 32768           : 0    : 0
  SCIMemoryUsed     [MBytes ] : 1.34832e+08     : 226  : 1.35777e+08     : 304326          : 1.36819e+08     : 122  : 0.76137
  SCIMemoryMaxUsed  [MBytes ] : 1.34832e+08     : 226  : 1.35777e+08     : 304326          : 1.36819e+08     : 122  : 0.76137
  MemoryUsed        [MBytes ] : 7.33266e+08     : 237  : 7.61633e+08     : 9.60138e+06     : 7.84769e+08     : 73   : 2.94814
  MemoryResident    [MBytes ] : 1.34832e+08     : 226  : 1.35777e+08     : 304326          : 1.36819e+08     : 122  : 0.76137
  Percentage of time spent in overhead : 0.351577

________________________________________________________________________________
--------------------------------------------------------------------------------
MPIStats:+
--------------------------------------------------------------------------------
                Name:       Total:         Avg:         Min:         Max:    Max rank: Hist %% [  Q1 |  Q2 |  Q3 |  Q4 ]:  %%Load Imbalance
         Count: Recv:        2e+04           78           78           78          254           100.0   0.0   0.0   0.0     0.0
         Count: Redu:     2.05e+03            8            8            8          254           100.0   0.0   0.0   0.0     0.0
         Count: Send:        2e+04           78           78           78          254           100.0   0.0   0.0   0.0     0.0
         Count: Test:     2.66e+03         10.4           10           19          254            96.1   0.4   2.0   1.6    45.4
         Count: Wait:     3.74e+04          146          146          146          254           100.0   0.0   0.0   0.0     0.0
          Time: Recv:      14.5 ms    0.0566 ms    0.0423 ms     0.207 ms          252            93.4   3.1   2.3   1.2    72.6
          Time: Redu:       2.7 s       10.5 ms     0.307 ms      20.8 ms          228            20.3  22.3  43.0  14.5    49.4
          Time: Send:     0.181 s      0.706 ms     0.371 ms      1.17 ms          240            22.7  45.7  26.2   5.5    39.9
          Time: Test:      4.34 ms    0.0169 ms  3.45e+03 ns     0.215 ms          252            89.8   7.8   1.2   1.2    92.1
          Time: Wait:       1.4 s       5.47 ms     0.495 ms      24.7 ms          233            59.4  37.9   0.8   2.0    77.9
Volume Recv TOTAL   :       268 MB      1.05 MB      1.05 MB      1.05 MB            0            99.6   0.0   0.0   0.4     0.2
Volume Recv0: <= 64B:      2.3e+03            9            9           10            0            99.6   0.0   0.0   0.4    10.0
Volume Recv1: <= 4KB:     1.36e+04           53           53           58            0            99.6   0.0   0.0   0.4     8.6
Volume Recv2: <= 2MB:     4.61e+03           18           18           18          254           100.0   0.0   0.0   0.0     0.0
Volume Send TOTAL   :       269 MB      1.05 MB      1.05 MB      1.05 MB          254           100.0   0.0   0.0   0.0     0.0
Volume Send0: <= 64B:     2.56e+03           10           10           10          254           100.0   0.0   0.0   0.0     0.0
Volume Send1: <= 4KB:     1.48e+04           58           58           58          254           100.0   0.0   0.0   0.0     0.0
Volume Send2: <= 2MB:     4.61e+03           18           18           18          254           100.0   0.0   0.0   0.0     0.0

Timestep 3       Time=3e-05       Next delT=1e-05       Wall Time=5.11356   EMA=0.860135    Memory Used=135.91 MBs (avg) 136.82 MBs (max on rank: 122   )
Runtime Summary  summary stats for time step 3 at time=3e-05
  Description       Units       Minimum           Rank   Average (256)     Std. Dev.         Maximum           Rank   100*(1-ave/max) '% load imbalance'
  TaskExec          [seconds] : 0.0229585       : 233  : 0.0420069       : 0.00411243      : 0.0469984       : 250  : 10.6205
  TaskLocalComm     [seconds] : 0.00523624      : 144  : 0.00627035      : 0.000597273     : 0.0076477       : 106  : 18.01
  TaskWaitCommTime  [seconds] : 0.00116411      : 252  : 0.00634963      : 0.00418904      : 0.0257192       : 233  : 75.3118
  NumberOfTasks     [tasks  ] : 10              : 0    : 10              : 0               : 10              : 0    : 0
  NumberOfPatches   [patches] : 1               : 0    : 1               : 0               : 1               : 0    : 0
  NumberOfCells     [cells  ] : 32768           : 0    : 32768           : 0               : 32768           : 0    : 0
  SCIMemoryUsed     [MBytes ] : 1.35209e+08     : 235  : 1.35905e+08     : 290425          : 1.36819e+08     : 122  : 0.667745
  SCIMemoryMaxUsed  [MBytes ] : 1.35209e+08     : 235  : 1.35905e+08     : 290425          : 1.36819e+08     : 122  : 0.667745
  MemoryUsed        [MBytes ] : 7.33266e+08     : 237  : 7.61636e+08     : 9.60144e+06     : 7.84769e+08     : 73   : 2.94773
  MemoryResident    [MBytes ] : 1.35209e+08     : 235  : 1.35905e+08     : 290425          : 1.36819e+08     : 122  : 0.667745
  Percentage of time spent in overhead : 0.234368

________________________________________________________________________________
--------------------------------------------------------------------------------
MPIStats:+
--------------------------------------------------------------------------------
                Name:       Total:         Avg:         Min:         Max:    Max rank: Hist %% [  Q1 |  Q2 |  Q3 |  Q4 ]:  %%Load Imbalance
         Count: Recv:        2e+04           78           78           78          254           100.0   0.0   0.0   0.0     0.0
         Count: Redu:     2.05e+03            8            8            8          254           100.0   0.0   0.0   0.0     0.0
         Count: Send:        2e+04           78           78           78          254           100.0   0.0   0.0   0.0     0.0
         Count: Test:     2.65e+03         10.3           10           20          254            96.1   0.4   2.3   1.2    48.3
         Count: Wait:     3.74e+04          146          146          146          254           100.0   0.0   0.0   0.0     0.0
          Time: Recv:      14.2 ms    0.0556 ms    0.0423 ms     0.219 ms          255            94.9   2.0   1.6   1.6    74.7
          Time: Redu:      3.31 s       12.9 ms     0.346 ms      23.4 ms          229             6.2  25.4  53.1  15.2    44.7
          Time: Send:     0.148 s      0.577 ms     0.352 ms       1.4 ms          244            66.4  29.7   3.5   0.4    58.7
          Time: Test:      3.99 ms    0.0156 ms  3.58e+03 ns     0.214 ms          254            92.6   3.9   2.3   1.2    92.7
          Time: Wait:      1.41 s        5.5 ms     0.589 ms      22.1 ms          124            55.9  37.9   1.2   5.1    75.1
Volume Recv TOTAL   :       268 MB      1.05 MB      1.05 MB      1.05 MB            0            99.6   0.0   0.0   0.4     0.2
Volume Recv0: <= 64B:      2.3e+03            9            9           10            0            99.6   0.0   0.0   0.4    10.0
Volume Recv1: <= 4KB:     1.36e+04           53           53           58            0            99.6   0.0   0.0   0.4     8.6
Volume Recv2: <= 2MB:     4.61e+03           18           18           18          254           100.0   0.0   0.0   0.0     0.0
Volume Send TOTAL   :       269 MB      1.05 MB      1.05 MB      1.05 MB          254           100.0   0.0   0.0   0.0     0.0
Volume Send0: <= 64B:     2.56e+03           10           10           10          254           100.0   0.0   0.0   0.0     0.0
Volume Send1: <= 4KB:     1.48e+04           58           58           58          254           100.0   0.0   0.0   0.0     0.0
Volume Send2: <= 2MB:     4.61e+03           18           18           18          254           100.0   0.0   0.0   0.0     0.0

Timestep 4       Time=4e-05       Next delT=1e-05       Wall Time=5.16776   EMA=0.537763    Memory Used=136.01 MBs (avg) 136.82 MBs (max on rank: 122   )
Runtime Summary  summary stats for time step 4 at time=4e-05
  Description       Units       Minimum           Rank   Average (256)     Std. Dev.         Maximum           Rank   100*(1-ave/max) '% load imbalance'
  TaskExec          [seconds] : 0.0278738       : 124  : 0.0441478       : 0.00476569      : 0.0490589       : 180  : 10.0107
  TaskLocalComm     [seconds] : 0.00512111      : 219  : 0.00617244      : 0.000562989     : 0.00776568      : 42   : 20.5164
  TaskWaitCommTime  [seconds] : 0.00123585      : 230  : 0.00636434      : 0.00482129      : 0.02278         : 124  : 72.0617
  NumberOfTasks     [tasks  ] : 10              : 0    : 10              : 0               : 10              : 0    : 0
  NumberOfPatches   [patches] : 1               : 0    : 1               : 0               : 1               : 0    : 0
  NumberOfCells     [cells  ] : 32768           : 0    : 32768           : 0               : 32768           : 0    : 0
  SCIMemoryUsed     [MBytes ] : 1.3525e+08      : 226  : 1.36011e+08     : 295815          : 1.36819e+08     : 122  : 0.590177
  SCIMemoryMaxUsed  [MBytes ] : 1.3525e+08      : 226  : 1.36011e+08     : 295815          : 1.36819e+08     : 122  : 0.590177
  MemoryUsed        [MBytes ] : 7.33266e+08     : 237  : 7.61637e+08     : 9.60091e+06     : 7.84769e+08     : 73   : 2.94759
  MemoryResident    [MBytes ] : 1.3525e+08      : 226  : 1.36011e+08     : 295815          : 1.36819e+08     : 122  : 0.590177
  Percentage of time spent in overhead : 0.17574

________________________________________________________________________________
--------------------------------------------------------------------------------
MPIStats:+
--------------------------------------------------------------------------------
                Name:       Total:         Avg:         Min:         Max:    Max rank: Hist %% [  Q1 |  Q2 |  Q3 |  Q4 ]:  %%Load Imbalance
         Count: Recv:        2e+04           78           78           78          254           100.0   0.0   0.0   0.0     0.0
         Count: Redu:     2.05e+03            8            8            8          254           100.0   0.0   0.0   0.0     0.0
         Count: Send:        2e+04           78           78           78          254           100.0   0.0   0.0   0.0     0.0
         Count: Test:     2.64e+03         10.3           10           20          254            96.1   0.4   2.3   1.2    48.4
         Count: Wait:     3.74e+04          146          146          146          254           100.0   0.0   0.0   0.0     0.0
          Time: Recv:      14.2 ms    0.0554 ms    0.0426 ms     0.201 ms          253            93.8   3.1   1.2   2.0    72.5
          Time: Redu:      1.96 s       7.66 ms     0.346 ms      17.7 ms          229            19.9  45.3  25.8   9.0    56.8
          Time: Send:     0.144 s      0.563 ms     0.375 ms      1.15 ms          199            63.7  25.8   8.2   2.3    51.2
          Time: Test:      3.38 ms    0.0132 ms  3.39e+03 ns     0.205 ms          254            93.0   5.1   1.2   0.8    93.6
          Time: Wait:      1.08 s       4.24 ms     0.533 ms        10 ms          223            42.2   3.9  43.8  10.2    57.7
Volume Recv TOTAL   :       268 MB      1.05 MB      1.05 MB      1.05 MB            0            99.6   0.0   0.0   0.4     0.2
Volume Recv0: <= 64B:      2.3e+03            9            9           10            0            99.6   0.0   0.0   0.4    10.0
Volume Recv1: <= 4KB:     1.36e+04           53           53           58            0            99.6   0.0   0.0   0.4     8.6
Volume Recv2: <= 2MB:     4.61e+03           18           18           18          254           100.0   0.0   0.0   0.0     0.0
Volume Send TOTAL   :       269 MB      1.05 MB      1.05 MB      1.05 MB          254           100.0   0.0   0.0   0.0     0.0
Volume Send0: <= 64B:     2.56e+03           10           10           10          254           100.0   0.0   0.0   0.0     0.0
Volume Send1: <= 4KB:     1.48e+04           58           58           58          254           100.0   0.0   0.0   0.0     0.0
Volume Send2: <= 2MB:     4.61e+03           18           18           18          254           100.0   0.0   0.0   0.0     0.0

Timestep 5       Time=5e-05       Next delT=1e-05       Wall Time=5.21663   EMA=0.374798    Memory Used=136.08 MBs (avg) 136.85 MBs (max on rank: 176   )
Runtime Summary  summary stats for time step 5 at time=5e-05
  Description       Units       Minimum           Rank   Average (256)     Std. Dev.         Maximum           Rank   100*(1-ave/max) '% load imbalance'
  TaskExec          [seconds] : 0.0340434       : 223  : 0.0400729       : 0.00283424      : 0.0439136       : 230  : 8.74607
  TaskLocalComm     [seconds] : 0.00503393      : 223  : 0.00621909      : 0.000562893     : 0.00760631      : 41   : 18.2378
  TaskWaitCommTime  [seconds] : 0.00117043      : 230  : 0.00512229      : 0.00293022      : 0.011379        : 223  : 54.9847
  NumberOfTasks     [tasks  ] : 10              : 0    : 10              : 0               : 10              : 0    : 0
  NumberOfPatches   [patches] : 1               : 0    : 1               : 0               : 1               : 0    : 0
  NumberOfCells     [cells  ] : 32768           : 0    : 32768           : 0               : 32768           : 0    : 0
  SCIMemoryUsed     [MBytes ] : 1.3525e+08      : 226  : 1.36077e+08     : 303472          : 1.36851e+08     : 176  : 0.566161
  SCIMemoryMaxUsed  [MBytes ] : 1.3525e+08      : 226  : 1.36077e+08     : 303472          : 1.36851e+08     : 176  : 0.566161
  MemoryUsed        [MBytes ] : 7.33266e+08     : 237  : 7.61637e+08     : 9.60091e+06     : 7.84769e+08     : 73   : 2.94759
  MemoryResident    [MBytes ] : 1.3525e+08      : 226  : 1.36077e+08     : 303472          : 1.36851e+08     : 176  : 0.566161
  Percentage of time spent in overhead : 0.140535

________________________________________________________________________________
--------------------------------------------------------------------------------
MPIStats:+
--------------------------------------------------------------------------------
                Name:       Total:         Avg:         Min:         Max:    Max rank: Hist %% [  Q1 |  Q2 |  Q3 |  Q4 ]:  %%Load Imbalance
         Count: Recv:        2e+04           78           78           78          254           100.0   0.0   0.0   0.0     0.0
         Count: Redu:     2.05e+03            8            8            8          254           100.0   0.0   0.0   0.0     0.0
         Count: Send:        2e+04           78           78           78          254           100.0   0.0   0.0   0.0     0.0
         Count: Test:     2.64e+03         10.3           10           21          254            95.7   2.3   1.2   0.8    50.8
         Count: Wait:     3.74e+04          146          146          146          254           100.0   0.0   0.0   0.0     0.0
          Time: Recv:        14 ms    0.0548 ms    0.0418 ms     0.202 ms          253            94.1   3.1   1.2   1.6    72.9
          Time: Redu:      3.14 s       12.3 ms     0.365 ms      23.2 ms          229             7.4  21.1  62.1   9.4    47.0
          Time: Send:     0.142 s      0.555 ms     0.363 ms      1.09 ms           39            54.3  34.8   9.0   2.0    48.9
          Time: Test:      3.33 ms     0.013 ms  3.59e+03 ns     0.244 ms          252            94.1   4.7   0.4   0.8    94.7
          Time: Wait:      1.27 s       4.95 ms     0.586 ms      21.7 ms            9            69.1  23.4   0.8   6.6    77.1
Volume Recv TOTAL   :       268 MB      1.05 MB      1.05 MB      1.05 MB            0            99.6   0.0   0.0   0.4     0.2
Volume Recv0: <= 64B:      2.3e+03            9            9           10            0            99.6   0.0   0.0   0.4    10.0
Volume Recv1: <= 4KB:     1.36e+04           53           53           58            0            99.6   0.0   0.0   0.4     8.6
Volume Recv2: <= 2MB:     4.61e+03           18           18           18          254           100.0   0.0   0.0   0.0     0.0
Volume Send TOTAL   :       269 MB      1.05 MB      1.05 MB      1.05 MB          254           100.0   0.0   0.0   0.0     0.0
Volume Send0: <= 64B:     2.56e+03           10           10           10          254           100.0   0.0   0.0   0.0     0.0
Volume Send1: <= 4KB:     1.48e+04           58           58           58          254           100.0   0.0   0.0   0.0     0.0
Volume Send2: <= 2MB:     4.61e+03           18           18           18          254           100.0   0.0   0.0   0.0     0.0

Timestep 6       Time=6e-05       Next delT=1e-05       Wall Time=5.27059   EMA=0.283131    Memory Used=136.17 MBs (avg) 137.02 MBs (max on rank: 35    )
Runtime Summary  summary stats for time step 6 at time=6e-05
  Description       Units       Minimum           Rank   Average (256)     Std. Dev.         Maximum           Rank   100*(1-ave/max) '% load imbalance'
  TaskExec          [seconds] : 0.0277914       : 17   : 0.0444903       : 0.00503317      : 0.0490217       : 230  : 9.24376
  TaskLocalComm     [seconds] : 0.00513291      : 219  : 0.00620975      : 0.000551653     : 0.00756151      : 39   : 17.8769
  TaskWaitCommTime  [seconds] : 0.00123004      : 230  : 0.00581291      : 0.00508793      : 0.022671        : 17   : 74.3598
  NumberOfTasks     [tasks  ] : 10              : 0    : 10              : 0               : 10              : 0    : 0
  NumberOfPatches   [patches] : 1               : 0    : 1               : 0               : 1               : 0    : 0
  NumberOfCells     [cells  ] : 32768           : 0    : 32768           : 0               : 32768           : 0    : 0
  SCIMemoryUsed     [MBytes ] : 1.3525e+08      : 226  : 1.36169e+08     : 309351          : 1.37023e+08     : 35   : 0.623881
  SCIMemoryMaxUsed  [MBytes ] : 1.3525e+08      : 226  : 1.36169e+08     : 309351          : 1.37023e+08     : 35   : 0.623881
  MemoryUsed        [MBytes ] : 7.33266e+08     : 237  : 7.61638e+08     : 9.60076e+06     : 7.84769e+08     : 73   : 2.94753
  MemoryResident    [MBytes ] : 1.3525e+08      : 226  : 1.36169e+08     : 309351          : 1.37023e+08     : 35   : 0.623881
  Percentage of time spent in overhead : 0.117033

________________________________________________________________________________
--------------------------------------------------------------------------------
MPIStats:+
--------------------------------------------------------------------------------
                Name:       Total:         Avg:         Min:         Max:    Max rank: Hist %% [  Q1 |  Q2 |  Q3 |  Q4 ]:  %%Load Imbalance
         Count: Recv:        2e+04           78           78           78          254           100.0   0.0   0.0   0.0     0.0
         Count: Redu:     2.05e+03            8            8            8          254           100.0   0.0   0.0   0.0     0.0
         Count: Send:        2e+04           78           78           78          254           100.0   0.0   0.0   0.0     0.0
         Count: Test:     2.64e+03         10.3           10           21          254            96.1   1.2   2.3   0.4    50.8
         Count: Wait:     3.74e+04          146          146          146          254           100.0   0.0   0.0   0.0     0.0
          Time: Recv:      14.1 ms    0.0549 ms    0.0413 ms     0.208 ms          254            94.1   3.1   2.0   0.8    73.7
          Time: Redu:      1.93 s       7.54 ms     0.346 ms      17.7 ms          229            19.5  48.0  23.0   9.4    57.3
          Time: Send:     0.139 s      0.543 ms     0.366 ms      1.17 ms          239            66.0  27.7   4.7   1.6    53.4
          Time: Test:      2.88 ms    0.0112 ms  3.73e+03 ns       0.2 ms          252            93.8   4.3   1.2   0.8    94.4
          Time: Wait:     0.984 s       3.84 ms     0.454 ms      8.83 ms          219            41.8   3.5  47.3   7.4    56.5
Volume Recv TOTAL   :       268 MB      1.05 MB      1.05 MB      1.05 MB            0            99.6   0.0   0.0   0.4     0.2
Volume Recv0: <= 64B:      2.3e+03            9            9           10            0            99.6   0.0   0.0   0.4    10.0
Volume Recv1: <= 4KB:     1.36e+04           53           53           58            0            99.6   0.0   0.0   0.4     8.6
Volume Recv2: <= 2MB:     4.61e+03           18           18           18          254           100.0   0.0   0.0   0.0     0.0
Volume Send TOTAL   :       269 MB      1.05 MB      1.05 MB      1.05 MB          254           100.0   0.0   0.0   0.0     0.0
Volume Send0: <= 64B:     2.56e+03           10           10           10          254           100.0   0.0   0.0   0.0     0.0
Volume Send1: <= 4KB:     1.48e+04           58           58           58          254           100.0   0.0   0.0   0.0     0.0
Volume Send2: <= 2MB:     4.61e+03           18           18           18          254           100.0   0.0   0.0   0.0     0.0

Timestep 7       Time=7e-05       Next delT=1e-05       Wall Time=5.31928   EMA=0.224519    Memory Used=136.26 MBs (avg) 137.12 MBs (max on rank: 122   )
Runtime Summary  summary stats for time step 7 at time=7e-05
  Description       Units       Minimum           Rank   Average (256)     Std. Dev.         Maximum           Rank   100*(1-ave/max) '% load imbalance'
  TaskExec          [seconds] : 0.0351276       : 219  : 0.040335        : 0.00254688      : 0.0438034       : 228  : 7.91819
  TaskLocalComm     [seconds] : 0.00500956      : 223  : 0.00618379      : 0.000557591     : 0.00746367      : 42   : 17.1481
  TaskWaitCommTime  [seconds] : 0.00108423      : 252  : 0.00470623      : 0.00264277      : 0.0101931       : 219  : 53.8295
  NumberOfTasks     [tasks  ] : 10              : 0    : 10              : 0               : 10              : 0    : 0
  NumberOfPatches   [patches] : 1               : 0    : 1               : 0               : 1               : 0    : 0
  NumberOfCells     [cells  ] : 32768           : 0    : 32768           : 0               : 32768           : 0    : 0
  SCIMemoryUsed     [MBytes ] : 1.35549e+08     : 226  : 1.36261e+08     : 292155          : 1.37118e+08     : 122  : 0.625133
  SCIMemoryMaxUsed  [MBytes ] : 1.35549e+08     : 226  : 1.36261e+08     : 292155          : 1.37118e+08     : 122  : 0.625133
  MemoryUsed        [MBytes ] : 7.33266e+08     : 237  : 7.61638e+08     : 9.60084e+06     : 7.84769e+08     : 73   : 2.94746
  MemoryResident    [MBytes ] : 1.35549e+08     : 226  : 1.36261e+08     : 292155          : 1.37118e+08     : 122  : 0.625133
  Percentage of time spent in overhead : 0.100211

________________________________________________________________________________
--------------------------------------------------------------------------------
MPIStats:+
--------------------------------------------------------------------------------
                Name:       Total:         Avg:         Min:         Max:    Max rank: Hist %% [  Q1 |  Q2 |  Q3 |  Q4 ]:  %%Load Imbalance
         Count: Recv:        2e+04           78           78           78          254           100.0   0.0   0.0   0.0     0.0
         Count: Redu:     2.05e+03            8            8            8          254           100.0   0.0   0.0   0.0     0.0
         Count: Send:        2e+04           78           78           78          254           100.0   0.0   0.0   0.0     0.0
         Count: Test:     2.65e+03         10.3           10           20          254            95.7   0.8   2.3   1.2    48.3
         Count: Wait:     3.74e+04          146          146          146          254           100.0   0.0   0.0   0.0     0.0
          Time: Recv:      13.9 ms    0.0544 ms    0.0423 ms     0.223 ms          255            94.9   2.3   2.3   0.4    75.6
          Time: Redu:      3.17 s       12.4 ms     0.274 ms      22.8 ms          229             7.4  20.3  58.2  14.1    45.7
          Time: Send:     0.135 s      0.526 ms     0.351 ms      1.07 ms          233            59.8  33.6   5.1   1.6    50.7
          Time: Test:      2.98 ms    0.0117 ms  3.43e+03 ns      0.21 ms          252            93.8   4.3   1.2   0.8    94.4
          Time: Wait:      1.33 s       5.18 ms     0.524 ms      22.8 ms          200            72.3  20.3   0.8   6.6    77.2
Volume Recv TOTAL   :       268 MB      1.05 MB      1.05 MB      1.05 MB            0            99.6   0.0   0.0   0.4     0.2
Volume Recv0: <= 64B:      2.3e+03            9            9           10            0            99.6   0.0   0.0   0.4    10.0
Volume Recv1: <= 4KB:     1.36e+04           53           53           58            0            99.6   0.0   0.0   0.4     8.6
Volume Recv2: <= 2MB:     4.61e+03           18           18           18          254           100.0   0.0   0.0   0.0     0.0
Volume Send TOTAL   :       269 MB      1.05 MB      1.05 MB      1.05 MB          254           100.0   0.0   0.0   0.0     0.0
Volume Send0: <= 64B:     2.56e+03           10           10           10          254           100.0   0.0   0.0   0.0     0.0
Volume Send1: <= 4KB:     1.48e+04           58           58           58          254           100.0   0.0   0.0   0.0     0.0
Volume Send2: <= 2MB:     4.61e+03           18           18           18          254           100.0   0.0   0.0   0.0     0.0

Timestep 8       Time=8e-05       Next delT=1e-05       Wall Time=5.37321   EMA=0.18661     Memory Used=136.31 MBs (avg) 137.12 MBs (max on rank: 122   )
Runtime Summary  summary stats for time step 8 at time=8e-05
  Description       Units       Minimum           Rank   Average (256)     Std. Dev.         Maximum           Rank   100*(1-ave/max) '% load imbalance'
  TaskExec          [seconds] : 0.0269895       : 200  : 0.0442152       : 0.00487819      : 0.0490435       : 228  : 9.84486
  TaskLocalComm     [seconds] : 0.00508341      : 223  : 0.00616997      : 0.00056401      : 0.00748548      : 41   : 17.5742
  TaskWaitCommTime  [seconds] : 0.00116172      : 252  : 0.00605073      : 0.00493942      : 0.0235337       : 200  : 74.2891
  NumberOfTasks     [tasks  ] : 10              : 0    : 10              : 0               : 10              : 0    : 0
  NumberOfPatches   [patches] : 1               : 0    : 1               : 0               : 1               : 0    : 0
  NumberOfCells     [cells  ] : 32768           : 0    : 32768           : 0               : 32768           : 0    : 0
  SCIMemoryUsed     [MBytes ] : 1.35549e+08     : 226  : 1.36306e+08     : 297818          : 1.37118e+08     : 122  : 0.591865
  SCIMemoryMaxUsed  [MBytes ] : 1.35549e+08     : 226  : 1.36306e+08     : 297818          : 1.37118e+08     : 122  : 0.591865
  MemoryUsed        [MBytes ] : 7.33266e+08     : 237  : 7.61639e+08     : 9.6003e+06      : 7.84769e+08     : 73   : 2.94732
  MemoryResident    [MBytes ] : 1.35549e+08     : 226  : 1.36306e+08     : 297818          : 1.37118e+08     : 122  : 0.591865
  Percentage of time spent in overhead : 0.087558

________________________________________________________________________________
--------------------------------------------------------------------------------
MPIStats:+
--------------------------------------------------------------------------------
                Name:       Total:         Avg:         Min:         Max:    Max rank: Hist %% [  Q1 |  Q2 |  Q3 |  Q4 ]:  %%Load Imbalance
         Count: Recv:        2e+04           78           78           78          254           100.0   0.0   0.0   0.0     0.0
         Count: Redu:     2.05e+03            8            8            8          254           100.0   0.0   0.0   0.0     0.0
         Count: Send:        2e+04           78           78           78          254           100.0   0.0   0.0   0.0     0.0
         Count: Test:     2.64e+03         10.3           10           20          252            96.1   0.4   2.3   1.2    48.4
         Count: Wait:     3.74e+04          146          146          146          254           100.0   0.0   0.0   0.0     0.0
          Time: Recv:        14 ms    0.0547 ms    0.0423 ms      0.21 ms          252            94.9   2.3   0.8   2.0    73.9
          Time: Redu:      2.06 s       8.05 ms     0.332 ms      18.1 ms          229            19.5  49.2  20.3  10.9    55.5
          Time: Send:     0.135 s      0.527 ms      0.36 ms      1.01 ms          237            56.6  33.2   7.8   2.3    47.9
          Time: Test:      2.74 ms    0.0107 ms  3.36e+03 ns     0.205 ms          252            94.9   3.9   0.8   0.4    94.8
          Time: Wait:      1.08 s       4.21 ms     0.567 ms      9.18 ms          219            38.3   6.6  46.5   8.6    54.2
Volume Recv TOTAL   :       268 MB      1.05 MB      1.05 MB      1.05 MB            0            99.6   0.0   0.0   0.4     0.2
Volume Recv0: <= 64B:      2.3e+03            9            9           10            0            99.6   0.0   0.0   0.4    10.0
Volume Recv1: <= 4KB:     1.36e+04           53           53           58            0            99.6   0.0   0.0   0.4     8.6
Volume Recv2: <= 2MB:     4.61e+03           18           18           18          254           100.0   0.0   0.0   0.0     0.0
Volume Send TOTAL   :       269 MB      1.05 MB      1.05 MB      1.05 MB          254           100.0   0.0   0.0   0.0     0.0
Volume Send0: <= 64B:     2.56e+03           10           10           10          254           100.0   0.0   0.0   0.0     0.0
Volume Send1: <= 4KB:     1.48e+04           58           58           58          254           100.0   0.0   0.0   0.0     0.0
Volume Send2: <= 2MB:     4.61e+03           18           18           18          254           100.0   0.0   0.0   0.0     0.0

Timestep 9       Time=9e-05       Next delT=1e-05       Wall Time=5.42256   EMA=0.159159    Memory Used=136.36 MBs (avg) 137.18 MBs (max on rank: 208   )
Runtime Summary  summary stats for time step 9 at time=9e-05
  Description       Units       Minimum           Rank   Average (256)     Std. Dev.         Maximum           Rank   100*(1-ave/max) '% load imbalance'
  TaskExec          [seconds] : 0.0354826       : 219  : 0.0405845       : 0.00260912      : 0.0444005       : 230  : 8.59451
  TaskLocalComm     [seconds] : 0.00516253      : 223  : 0.00621115      : 0.000583076     : 0.00738904      : 115  : 15.941
  TaskWaitCommTime  [seconds] : 0.00118567      : 252  : 0.00510053      : 0.00270416      : 0.0105027       : 219  : 51.4361
  NumberOfTasks     [tasks  ] : 10              : 0    : 10              : 0               : 10              : 0    : 0
  NumberOfPatches   [patches] : 1               : 0    : 1               : 0               : 1               : 0    : 0
  NumberOfCells     [cells  ] : 32768           : 0    : 32768           : 0               : 32768           : 0    : 0
  SCIMemoryUsed     [MBytes ] : 1.35549e+08     : 226  : 1.36362e+08     : 310696          : 1.37183e+08     : 208  : 0.598545
  SCIMemoryMaxUsed  [MBytes ] : 1.35549e+08     : 226  : 1.36362e+08     : 310696          : 1.37183e+08     : 208  : 0.598545
  MemoryUsed        [MBytes ] : 7.33266e+08     : 237  : 7.61639e+08     : 9.6003e+06      : 7.84769e+08     : 73   : 2.94732
  MemoryResident    [MBytes ] : 1.35549e+08     : 226  : 1.36362e+08     : 310696          : 1.37183e+08     : 208  : 0.598545
  Percentage of time spent in overhead : 0.0776786

________________________________________________________________________________
--------------------------------------------------------------------------------
MPIStats:+
--------------------------------------------------------------------------------
                Name:       Total:         Avg:         Min:         Max:    Max rank: Hist %% [  Q1 |  Q2 |  Q3 |  Q4 ]:  %%Load Imbalance
         Count: Recv:        2e+04           78           78           78          254           100.0   0.0   0.0   0.0     0.0
         Count: Redu:     2.05e+03            8            8            8          254           100.0   0.0   0.0   0.0     0.0
         Count: Send:        2e+04           78           78           78          254           100.0   0.0   0.0   0.0     0.0
         Count: Test:     2.64e+03         10.3           10           19          254            95.7   0.8   1.6   2.0    45.6
         Count: Wait:     3.74e+04          146          146          146          254           100.0   0.0   0.0   0.0     0.0
          Time: Recv:        14 ms    0.0547 ms    0.0421 ms     0.243 ms          253            95.3   2.3   1.6   0.8    77.5
          Time: Redu:      3.09 s       12.1 ms     0.323 ms        23 ms          229             9.8  20.7  55.1  14.5    47.6
          Time: Send:     0.133 s      0.521 ms     0.361 ms      1.08 ms           63            66.8  25.0   5.9   2.3    51.7
          Time: Test:      2.87 ms    0.0112 ms  3.53e+03 ns     0.159 ms          254            93.0   2.7   2.7   1.6    93.0
          Time: Wait:      1.38 s        5.4 ms     0.617 ms      23.4 ms          200            73.4  19.1   0.0   7.4    76.9
Volume Recv TOTAL   :       268 MB      1.05 MB      1.05 MB      1.05 MB            0            99.6   0.0   0.0   0.4     0.2
Volume Recv0: <= 64B:      2.3e+03            9            9           10            0            99.6   0.0   0.0   0.4    10.0
Volume Recv1: <= 4KB:     1.36e+04           53           53           58            0            99.6   0.0   0.0   0.4     8.6
Volume Recv2: <= 2MB:     4.61e+03           18           18           18          254           100.0   0.0   0.0   0.0     0.0
Volume Send TOTAL   :       269 MB      1.05 MB      1.05 MB      1.05 MB          254           100.0   0.0   0.0   0.0     0.0
Volume Send0: <= 64B:     2.56e+03           10           10           10          254           100.0   0.0   0.0   0.0     0.0
Volume Send1: <= 4KB:     1.48e+04           58           58           58          254           100.0   0.0   0.0   0.0     0.0
Volume Send2: <= 2MB:     4.61e+03           18           18           18          254           100.0   0.0   0.0   0.0     0.0

Timestep 10      Time=0.0001      Next delT=1e-05       Wall Time=5.47663   EMA=0.140052    Memory Used=136.41 MBs (avg) 137.18 MBs (max on rank: 208   )
Runtime Summary  summary stats for time step 10 at time=0.0001
  Description       Units       Minimum           Rank   Average (256)     Std. Dev.         Maximum           Rank   100*(1-ave/max) '% load imbalance'
  TaskExec          [seconds] : 0.0263835       : 202  : 0.0441074       : 0.00526189      : 0.0488783       : 190  : 9.76061
  TaskLocalComm     [seconds] : 0.00508203      : 219  : 0.00619218      : 0.000567916     : 0.00746995      : 41   : 17.1054
  TaskWaitCommTime  [seconds] : 0.00128767      : 254  : 0.0062746       : 0.00533554      : 0.024246        : 200  : 74.1211
  NumberOfTasks     [tasks  ] : 10              : 0    : 10              : 0               : 10              : 0    : 0
  NumberOfPatches   [patches] : 1               : 0    : 1               : 0               : 1               : 0    : 0
  NumberOfCells     [cells  ] : 32768           : 0    : 32768           : 0               : 32768           : 0    : 0
  SCIMemoryUsed     [MBytes ] : 1.35549e+08     : 226  : 1.36414e+08     : 319325          : 1.37183e+08     : 208  : 0.560628
  SCIMemoryMaxUsed  [MBytes ] : 1.35549e+08     : 226  : 1.36414e+08     : 319325          : 1.37183e+08     : 208  : 0.560628
  MemoryUsed        [MBytes ] : 7.33266e+08     : 237  : 7.61639e+08     : 9.6003e+06      : 7.84769e+08     : 73   : 2.94732
  MemoryResident    [MBytes ] : 1.35549e+08     : 226  : 1.36414e+08     : 319325          : 1.37183e+08     : 208  : 0.560628
  Percentage of time spent in overhead : 0.0697357
Sus: going down successfully
