Parallel: 64 MPI processes (using MPI)
Parallel: MPI Level Required: 0, provided: 0
Date:       Thu Aug 25 13:45:14 2022
Machine:    notch201
git branch:wasatch-low-cost-integ-cmake
git date:   Sat Jul 30 10:34:22 2022 -0600
git hash:   9315f9f96fa6304db4fe79378b145f37ea40016d
Assertion level: 0
CFLAGS:          
CXXFLAGS:        
______________________________________________________________________
Application Component: 	'wasatch'

-------------------------------------------------------------
Wasatch was built against:
  SpatialOps HASH: bd7a2bac76e42e2cb528b02e2cf1291d05c71926
             DATE: Fri Nov 12 11:34:54 2021 -0700
     ExprLib HASH: d2950c77edb22e5f3669ddaaf2d2ed29ceb24d2c
             DATE: Thu Aug 5 12:26:26 2021 -0600
    TabProps HASH: eca0dc5f26b20d4f6b1cebe51b1ae97e11871e83
             DATE: Wed Aug 11 20:11:26 2021 -0600
-------------------------------------------------------------

Linear Solver: 		hypre
Load Balancer: 		Simple
Scheduler: 		MPI
Patch layout: 		(4,4,4)
Grid statistics:
Number of levels:		1
Level 0:
  Periodic boundaries:		[int 1, 1, 1]
  Number of patches:		64
  Total number of cells:	2097152 (32768 avg. per patch)
Total patches in grid:		64
Total cells in grid:		2097152 (32768 avg. per patch)

Using small, individual MPI messages (no message combining)
Detected solver: hypre
SETTING UP CONVECTIVE FLUX EXPRESSION IN X DIRECTION USING CENTRAL
SETTING UP CONVECTIVE FLUX EXPRESSION IN Y DIRECTION USING CENTRAL
SETTING UP CONVECTIVE FLUX EXPRESSION IN Z DIRECTION USING CENTRAL
Setting initial conditions for scalability test equation: scalability0
SETTING UP CONVECTIVE FLUX EXPRESSION IN X DIRECTION USING CENTRAL
SETTING UP CONVECTIVE FLUX EXPRESSION IN Y DIRECTION USING CENTRAL
SETTING UP CONVECTIVE FLUX EXPRESSION IN Z DIRECTION USING CENTRAL
Setting initial conditions for scalability test equation: scalability1
SETTING UP CONVECTIVE FLUX EXPRESSION IN X DIRECTION USING CENTRAL
SETTING UP CONVECTIVE FLUX EXPRESSION IN Y DIRECTION USING CENTRAL
SETTING UP CONVECTIVE FLUX EXPRESSION IN Z DIRECTION USING CENTRAL
Setting initial conditions for scalability test equation: scalability2
------------------------------------------------
No BoundaryConditions specified
  This message will only occur once

Compiling initialization taskgraph.
------------------------------------------------
SETTING INITIAL BOUNDARY CONDITIONS:
------------------------------------------------
Setting Initial BCs for transport equation 'scalability0'
Setting Initial BCs for transport equation 'scalability1'
Setting Initial BCs for transport equation 'scalability2'
------------------------------------------------
Wasatch: done creating initialization task(s)
Scheduling Task 'compute timestep' COMPUTES 'delT' in NEW data warehouse
Wasatch: done creating timestep task(s)
Done with taskgraph compile (0.00010579 seconds)
Warning: addContribution not implemented for LoadBalancerCommon.
WARNING at time step 0 and sim time 0 : lowering the next delT from 1 to the maximum: 1e-05

________________________________________________________________________________
--------------------------------------------------------------------------------
MPIStats:+
--------------------------------------------------------------------------------
                Name:       Total:         Avg:         Min:         Max:    Max rank: Hist %% [  Q1 |  Q2 |  Q3 |  Q4 ]:  %%Load Imbalance
         Count: Gath:          128            2            2            2            0           100.0   0.0   0.0   0.0     0.0
         Count: Redu:           64            1            1            1            0           100.0   0.0   0.0   0.0     0.0
          Time: Gath:     0.314 s       4.91 ms     0.539 ms      5.45 ms           30             3.1   0.0   4.7  92.2     9.9
          Time: Redu:     0.234 s       3.66 ms     0.324 ms      4.26 ms            3             7.8   1.6   0.0  90.6    14.2
Volume Recv TOTAL   :      70.6 KB       1.1 KB       1.1 KB       1.1 KB            0           100.0   0.0   0.0   0.0     0.0
Volume Recv0: <= 64B:           64            1            1            1            0           100.0   0.0   0.0   0.0     0.0
Volume Recv1: <= 4KB:          128            2            2            2            0           100.0   0.0   0.0   0.0     0.0
Volume Send TOTAL   :      17.4 KB      278.5 B        277 B        281 B            0            62.5   0.0   0.0  37.5     0.9
Volume Send0: <= 64B:          128            2            2            2            0           100.0   0.0   0.0   0.0     0.0
Volume Send1: <= 4KB:           64            1            1            1            0           100.0   0.0   0.0   0.0     0.0


Simulation and run time stats are reported at the end of each time step
EMA == Wall time as an exponential moving average using a window of the last 10 time steps
Timestep 0       Time=0           Next delT=1e-05       Wall Time=0.0871083 EMA=0.0810155   Memory Used=107.25 MBs (avg) 107.83 MBs (max on rank: 25    )
Warning: finalizeContributions not implemented for LoadBalancerCommon.
Warning: resetCostForecaster not implemented for LoadBalancerCommon.
Compiling taskgraph(s)...
------------------------------------------------
SETTING BOUNDARY CONDITIONS:
------------------------------------------------
Setting BCs for transport equation 'scalability0'
Setting BCs for transport equation 'scalability1'
Setting BCs for transport equation 'scalability2'
------------------------------------------------
Wasatch: done creating solution task(s)
Wasatch: done creating solution task(s)
Wasatch: done creating solution task(s)
Wasatch: done creating post-processing task(s)
Scheduling Task 'compute timestep' COMPUTES 'delT' in NEW data warehouse
Wasatch: done creating timestep task(s)
Done with taskgraph compile (0.0221708 seconds)

________________________________________________________________________________
--------------------------------------------------------------------------------
MPIStats:+
--------------------------------------------------------------------------------
                Name:       Total:         Avg:         Min:         Max:    Max rank: Hist %% [  Q1 |  Q2 |  Q3 |  Q4 ]:  %%Load Imbalance
         Count: Recv:     4.99e+03           78           78           78            0           100.0   0.0   0.0   0.0     0.0
         Count: Redu:          512            8            8            8            0           100.0   0.0   0.0   0.0     0.0
         Count: Send:     4.99e+03           78           78           78            0           100.0   0.0   0.0   0.0     0.0
         Count: Test:          730         11.4           10           20           63            84.4   0.0   9.4   6.2    43.0
         Count: Wait:     9.34e+03          146          146          146            0           100.0   0.0   0.0   0.0     0.0
          Time: Recv:      2.44 ms    0.0382 ms    0.0272 ms    0.0839 ms           59            78.1  12.5   7.8   1.6    54.5
          Time: Redu:       0.4 s       6.25 ms     0.352 ms      13.2 ms           41             4.7  65.6  20.3   9.4    52.7
          Time: Send:      92.8 ms      1.45 ms      1.17 ms      1.91 ms           21            35.9  35.9  20.3   7.8    24.0
          Time: Test:      1.69 ms    0.0265 ms  6.87e+03 ns     0.152 ms           61            85.9   3.1   4.7   6.2    82.6
          Time: Wait:     0.632 s       9.87 ms      1.87 ms      13.5 ms            4            12.5   3.1  31.2  53.1    27.0
Volume Recv TOTAL   :        67 MB      1.05 MB      1.05 MB      1.05 MB            0            98.4   0.0   0.0   1.6     0.2
Volume Recv0: <= 64B:          577         9.02            9           10            0            98.4   0.0   0.0   1.6     9.8
Volume Recv1: <= 4KB:      3.4e+03         53.1           53           58            0            98.4   0.0   0.0   1.6     8.5
Volume Recv2: <= 2MB:     1.15e+03           18           18           18            0           100.0   0.0   0.0   0.0     0.0
Volume Send TOTAL   :      67.2 MB      1.05 MB      1.05 MB      1.05 MB            0           100.0   0.0   0.0   0.0     0.0
Volume Send0: <= 64B:          640           10           10           10            0           100.0   0.0   0.0   0.0     0.0
Volume Send1: <= 4KB:     3.71e+03           58           58           58            0           100.0   0.0   0.0   0.0     0.0
Volume Send2: <= 2MB:     1.15e+03           18           18           18            0           100.0   0.0   0.0   0.0     0.0

Timestep 1       Time=1e-05       Next delT=1e-05       Wall Time=0.168888  EMA=0.0817426   Memory Used=113.74 MBs (avg) 114.37 MBs (max on rank: 1     )
Runtime Summary  summary stats for time step 1 at time=1e-05
  Description       Units       Minimum           Rank   Average (64)      Std. Dev.         Maximum           Rank   100*(1-ave/max) '% load imbalance'
  Compilation       [seconds] : 0.0159505       : 26   : 0.0170743       : 0.00201881      : 0.0221708       : 0    : 22.9875
  TaskExec          [seconds] : 0.0479732       : 7    : 0.0509205       : 0.00138295      : 0.0539575       : 41   : 5.62845
  TaskLocalComm     [seconds] : 0.00509747      : 0    : 0.00596694      : 0.00065935      : 0.00792103      : 59   : 24.6695
  TaskWaitCommTime  [seconds] : 0.0034179       : 14   : 0.0106576       : 0.00272352      : 0.0143304       : 4    : 25.6297
  NumberOfTasks     [tasks  ] : 10              : 0    : 10              : 0               : 10              : 0    : 0
  NumberOfPatches   [patches] : 1               : 0    : 1               : 0               : 1               : 0    : 0
  NumberOfCells     [cells  ] : 32768           : 0    : 32768           : 0               : 32768           : 0    : 0
  SCIMemoryUsed     [MBytes ] : 1.13328e+08     : 55   : 1.13745e+08     : 220093          : 1.14373e+08     : 1    : 0.548831
  SCIMemoryMaxUsed  [MBytes ] : 1.13328e+08     : 55   : 1.13745e+08     : 220093          : 1.14373e+08     : 1    : 0.548831
  MemoryUsed        [MBytes ] : 6.62118e+08     : 51   : 6.62247e+08     : 70083.5         : 6.62348e+08     : 16   : 0.0151799
  MemoryResident    [MBytes ] : 1.13328e+08     : 55   : 1.13745e+08     : 220093          : 1.14373e+08     : 1    : 0.548831
  Percentage of time spent in overhead : 20.1777

________________________________________________________________________________
--------------------------------------------------------------------------------
MPIStats:+
--------------------------------------------------------------------------------
                Name:       Total:         Avg:         Min:         Max:    Max rank: Hist %% [  Q1 |  Q2 |  Q3 |  Q4 ]:  %%Load Imbalance
         Count: Recv:     4.99e+03           78           78           78            0           100.0   0.0   0.0   0.0     0.0
         Count: Redu:          512            8            8            8            0           100.0   0.0   0.0   0.0     0.0
         Count: Send:     4.99e+03           78           78           78            0           100.0   0.0   0.0   0.0     0.0
         Count: Test:          740         11.6           10           20           61            78.1   6.2   7.8   7.8    42.2
         Count: Wait:     9.34e+03          146          146          146            0           100.0   0.0   0.0   0.0     0.0
          Time: Recv:      2.44 ms    0.0382 ms    0.0264 ms     0.105 ms           59            85.9  10.9   1.6   1.6    63.6
          Time: Redu:     0.321 s       5.01 ms     0.189 ms      10.8 ms           27             3.1  71.9  15.6   9.4    53.6
          Time: Send:      44.8 ms       0.7 ms     0.505 ms         1 ms           61            31.2  39.1  18.8  10.9    30.0
          Time: Test:     0.903 ms    0.0141 ms  4.55e+03 ns    0.0593 ms           61            75.0  15.6   6.2   3.1    76.2
          Time: Wait:     0.244 s       3.81 ms     0.877 ms      8.94 ms            7            28.1  50.0  18.8   3.1    57.4
Volume Recv TOTAL   :        67 MB      1.05 MB      1.05 MB      1.05 MB            0            98.4   0.0   0.0   1.6     0.2
Volume Recv0: <= 64B:          577         9.02            9           10            0            98.4   0.0   0.0   1.6     9.8
Volume Recv1: <= 4KB:      3.4e+03         53.1           53           58            0            98.4   0.0   0.0   1.6     8.5
Volume Recv2: <= 2MB:     1.15e+03           18           18           18            0           100.0   0.0   0.0   0.0     0.0
Volume Send TOTAL   :      67.2 MB      1.05 MB      1.05 MB      1.05 MB            0           100.0   0.0   0.0   0.0     0.0
Volume Send0: <= 64B:          640           10           10           10            0           100.0   0.0   0.0   0.0     0.0
Volume Send1: <= 4KB:     3.71e+03           58           58           58            0           100.0   0.0   0.0   0.0     0.0
Volume Send2: <= 2MB:     1.15e+03           18           18           18            0           100.0   0.0   0.0   0.0     0.0

Timestep 2       Time=2e-05       Next delT=1e-05       Wall Time=0.206507  EMA=0.0523255   Memory Used=115.00 MBs (avg) 115.59 MBs (max on rank: 1     )
Runtime Summary  summary stats for time step 2 at time=2e-05
  Description       Units       Minimum           Rank   Average (64)      Std. Dev.         Maximum           Rank   100*(1-ave/max) '% load imbalance'
  TaskExec          [seconds] : 0.0243055       : 7    : 0.02954         : 0.00190197      : 0.0325912       : 1    : 9.36215
  TaskLocalComm     [seconds] : 0.00461084      : 39   : 0.00532137      : 0.000514376     : 0.00737532      : 59   : 27.849
  TaskWaitCommTime  [seconds] : 0.00163729      : 17   : 0.00456506      : 0.00188839      : 0.0097334       : 7    : 53.099
  NumberOfTasks     [tasks  ] : 10              : 0    : 10              : 0               : 10              : 0    : 0
  NumberOfPatches   [patches] : 1               : 0    : 1               : 0               : 1               : 0    : 0
  NumberOfCells     [cells  ] : 32768           : 0    : 32768           : 0               : 32768           : 0    : 0
  SCIMemoryUsed     [MBytes ] : 1.14594e+08     : 55   : 1.15001e+08     : 210158          : 1.15589e+08     : 1    : 0.508781
  SCIMemoryMaxUsed  [MBytes ] : 1.14594e+08     : 55   : 1.15001e+08     : 210158          : 1.15589e+08     : 1    : 0.508781
  MemoryUsed        [MBytes ] : 6.6304e+08      : 61   : 6.63212e+08     : 56227.3         : 6.63302e+08     : 56   : 0.0135468
  MemoryResident    [MBytes ] : 1.14594e+08     : 55   : 1.15001e+08     : 210158          : 1.15589e+08     : 1    : 0.508781
  Percentage of time spent in overhead : 10.0888

________________________________________________________________________________
--------------------------------------------------------------------------------
MPIStats:+
--------------------------------------------------------------------------------
                Name:       Total:         Avg:         Min:         Max:    Max rank: Hist %% [  Q1 |  Q2 |  Q3 |  Q4 ]:  %%Load Imbalance
         Count: Recv:     4.99e+03           78           78           78            0           100.0   0.0   0.0   0.0     0.0
         Count: Redu:          512            8            8            8            0           100.0   0.0   0.0   0.0     0.0
         Count: Send:     4.99e+03           78           78           78            0           100.0   0.0   0.0   0.0     0.0
         Count: Test:          737         11.5           10           20           63            75.0   9.4   9.4   6.2    42.4
         Count: Wait:     9.34e+03          146          146          146            0           100.0   0.0   0.0   0.0     0.0
          Time: Recv:      2.58 ms    0.0403 ms    0.0278 ms    0.0926 ms           59            78.1  12.5   6.2   3.1    56.4
          Time: Redu:     0.273 s       4.26 ms     0.187 ms        10 ms           27             3.1  81.2   6.2   9.4    57.5
          Time: Send:      31.6 ms     0.493 ms     0.327 ms     0.793 ms           62            43.8  34.4  10.9  10.9    37.7
          Time: Test:     0.847 ms    0.0132 ms   3.7e+03 ns    0.0611 ms           15            79.7  12.5   4.7   3.1    78.3
          Time: Wait:     0.227 s       3.54 ms     0.743 ms      10.1 ms            7            34.4  54.7   7.8   3.1    64.8
Volume Recv TOTAL   :        67 MB      1.05 MB      1.05 MB      1.05 MB            0            98.4   0.0   0.0   1.6     0.2
Volume Recv0: <= 64B:          577         9.02            9           10            0            98.4   0.0   0.0   1.6     9.8
Volume Recv1: <= 4KB:      3.4e+03         53.1           53           58            0            98.4   0.0   0.0   1.6     8.5
Volume Recv2: <= 2MB:     1.15e+03           18           18           18            0           100.0   0.0   0.0   0.0     0.0
Volume Send TOTAL   :      67.2 MB      1.05 MB      1.05 MB      1.05 MB            0           100.0   0.0   0.0   0.0     0.0
Volume Send0: <= 64B:          640           10           10           10            0           100.0   0.0   0.0   0.0     0.0
Volume Send1: <= 4KB:     3.71e+03           58           58           58            0           100.0   0.0   0.0   0.0     0.0
Volume Send2: <= 2MB:     1.15e+03           18           18           18            0           100.0   0.0   0.0   0.0     0.0

Timestep 3       Time=3e-05       Next delT=1e-05       Wall Time=0.242469  EMA=0.0441432   Memory Used=116.05 MBs (avg) 116.70 MBs (max on rank: 1     )
Runtime Summary  summary stats for time step 3 at time=3e-05
  Description       Units       Minimum           Rank   Average (64)      Std. Dev.         Maximum           Rank   100*(1-ave/max) '% load imbalance'
  TaskExec          [seconds] : 0.0214929       : 7    : 0.0281462       : 0.00196942      : 0.0310004       : 9    : 9.2068
  TaskLocalComm     [seconds] : 0.00441431      : 23   : 0.00511361      : 0.000486269     : 0.00687546      : 59   : 25.6253
  TaskWaitCommTime  [seconds] : 0.00141205      : 57   : 0.00430987      : 0.00198337      : 0.0108702       : 7    : 60.3515
  NumberOfTasks     [tasks  ] : 10              : 0    : 10              : 0               : 10              : 0    : 0
  NumberOfPatches   [patches] : 1               : 0    : 1               : 0               : 1               : 0    : 0
  NumberOfCells     [cells  ] : 32768           : 0    : 32768           : 0               : 32768           : 0    : 0
  SCIMemoryUsed     [MBytes ] : 1.15438e+08     : 62   : 1.1605e+08      : 232977          : 1.16695e+08     : 1    : 0.552661
  SCIMemoryMaxUsed  [MBytes ] : 1.15438e+08     : 62   : 1.1605e+08      : 232977          : 1.16695e+08     : 1    : 0.552661
  MemoryUsed        [MBytes ] : 6.634e+08       : 61   : 6.64129e+08     : 199656          : 6.64248e+08     : 35   : 0.0180366
  MemoryResident    [MBytes ] : 1.15438e+08     : 62   : 1.1605e+08      : 232977          : 1.16695e+08     : 1    : 0.552661
  Percentage of time spent in overhead : 6.72539

________________________________________________________________________________
--------------------------------------------------------------------------------
MPIStats:+
--------------------------------------------------------------------------------
                Name:       Total:         Avg:         Min:         Max:    Max rank: Hist %% [  Q1 |  Q2 |  Q3 |  Q4 ]:  %%Load Imbalance
         Count: Recv:     4.99e+03           78           78           78            0           100.0   0.0   0.0   0.0     0.0
         Count: Redu:          512            8            8            8            0           100.0   0.0   0.0   0.0     0.0
         Count: Send:     4.99e+03           78           78           78            0           100.0   0.0   0.0   0.0     0.0
         Count: Test:          746         11.7           10           20           63            75.0   9.4   7.8   7.8    41.7
         Count: Wait:     9.34e+03          146          146          146            0           100.0   0.0   0.0   0.0     0.0
          Time: Recv:      2.55 ms    0.0399 ms    0.0302 ms    0.0764 ms           62            70.3  17.2   9.4   3.1    47.8
          Time: Redu:      92.3 ms      1.44 ms     0.212 ms       3.6 ms           46            37.5  35.9  18.8   7.8    60.0
          Time: Send:      28.7 ms     0.448 ms     0.284 ms     0.733 ms           14            40.6  37.5  12.5   9.4    38.9
          Time: Test:     0.988 ms    0.0154 ms  4.26e+03 ns    0.0679 ms           55            73.4  14.1   7.8   4.7    77.3
          Time: Wait:      78.8 ms      1.23 ms     0.592 ms      2.76 ms           16            51.6  35.9   6.2   6.2    55.4
Volume Recv TOTAL   :        67 MB      1.05 MB      1.05 MB      1.05 MB            0            98.4   0.0   0.0   1.6     0.2
Volume Recv0: <= 64B:          577         9.02            9           10            0            98.4   0.0   0.0   1.6     9.8
Volume Recv1: <= 4KB:      3.4e+03         53.1           53           58            0            98.4   0.0   0.0   1.6     8.5
Volume Recv2: <= 2MB:     1.15e+03           18           18           18            0           100.0   0.0   0.0   0.0     0.0
Volume Send TOTAL   :      67.2 MB      1.05 MB      1.05 MB      1.05 MB            0           100.0   0.0   0.0   0.0     0.0
Volume Send0: <= 64B:          640           10           10           10            0           100.0   0.0   0.0   0.0     0.0
Volume Send1: <= 4KB:     3.71e+03           58           58           58            0           100.0   0.0   0.0   0.0     0.0
Volume Send2: <= 2MB:     1.15e+03           18           18           18            0           100.0   0.0   0.0   0.0     0.0

Timestep 4       Time=4e-05       Next delT=1e-05       Wall Time=0.27572   EMA=0.0397877   Memory Used=116.31 MBs (avg) 116.97 MBs (max on rank: 1     )
Runtime Summary  summary stats for time step 4 at time=4e-05
  Description       Units       Minimum           Rank   Average (64)      Std. Dev.         Maximum           Rank   100*(1-ave/max) '% load imbalance'
  TaskExec          [seconds] : 0.0258261       : 16   : 0.0277236       : 0.000680947     : 0.0286735       : 58   : 3.31262
  TaskLocalComm     [seconds] : 0.00464142      : 32   : 0.00511804      : 0.000326331     : 0.00608314      : 59   : 15.8651
  TaskWaitCommTime  [seconds] : 0.00112729      : 58   : 0.00198633      : 0.000560221     : 0.00375121      : 16   : 47.0482
  NumberOfTasks     [tasks  ] : 10              : 0    : 10              : 0               : 10              : 0    : 0
  NumberOfPatches   [patches] : 1               : 0    : 1               : 0               : 1               : 0    : 0
  NumberOfCells     [cells  ] : 32768           : 0    : 32768           : 0               : 32768           : 0    : 0
  SCIMemoryUsed     [MBytes ] : 1.15425e+08     : 62   : 1.16312e+08     : 284930          : 1.16965e+08     : 1    : 0.558606
  SCIMemoryMaxUsed  [MBytes ] : 1.15425e+08     : 62   : 1.16312e+08     : 284930          : 1.16965e+08     : 1    : 0.558606
  MemoryUsed        [MBytes ] : 6.63085e+08     : 61   : 6.64118e+08     : 253239          : 6.64248e+08     : 35   : 0.0195879
  MemoryResident    [MBytes ] : 1.15425e+08     : 62   : 1.16312e+08     : 284930          : 1.16965e+08     : 1    : 0.558606
  Percentage of time spent in overhead : 5.04302

________________________________________________________________________________
--------------------------------------------------------------------------------
MPIStats:+
--------------------------------------------------------------------------------
                Name:       Total:         Avg:         Min:         Max:    Max rank: Hist %% [  Q1 |  Q2 |  Q3 |  Q4 ]:  %%Load Imbalance
         Count: Recv:     4.99e+03           78           78           78            0           100.0   0.0   0.0   0.0     0.0
         Count: Redu:          512            8            8            8            0           100.0   0.0   0.0   0.0     0.0
         Count: Send:     4.99e+03           78           78           78            0           100.0   0.0   0.0   0.0     0.0
         Count: Test:          744         11.6           10           22           63            76.6  15.6   1.6   6.2    47.2
         Count: Wait:     9.34e+03          146          146          146            0           100.0   0.0   0.0   0.0     0.0
          Time: Recv:      2.51 ms    0.0391 ms    0.0295 ms    0.0711 ms           29            73.4   9.4  12.5   4.7    45.0
          Time: Redu:      82.2 ms      1.29 ms     0.214 ms      3.24 ms           35            43.8  34.4   7.8  14.1    60.4
          Time: Send:      26.4 ms     0.413 ms     0.267 ms     0.778 ms           14            53.1  29.7  10.9   6.2    47.0
          Time: Test:      1.04 ms    0.0162 ms  3.84e+03 ns    0.0731 ms           63            70.3  21.9   3.1   4.7    77.8
          Time: Wait:      68.8 ms      1.08 ms     0.679 ms      1.83 ms           16            29.7  56.2  12.5   1.6    41.3
Volume Recv TOTAL   :        67 MB      1.05 MB      1.05 MB      1.05 MB            0            98.4   0.0   0.0   1.6     0.2
Volume Recv0: <= 64B:          577         9.02            9           10            0            98.4   0.0   0.0   1.6     9.8
Volume Recv1: <= 4KB:      3.4e+03         53.1           53           58            0            98.4   0.0   0.0   1.6     8.5
Volume Recv2: <= 2MB:     1.15e+03           18           18           18            0           100.0   0.0   0.0   0.0     0.0
Volume Send TOTAL   :      67.2 MB      1.05 MB      1.05 MB      1.05 MB            0           100.0   0.0   0.0   0.0     0.0
Volume Send0: <= 64B:          640           10           10           10            0           100.0   0.0   0.0   0.0     0.0
Volume Send1: <= 4KB:     3.71e+03           58           58           58            0           100.0   0.0   0.0   0.0     0.0
Volume Send2: <= 2MB:     1.15e+03           18           18           18            0           100.0   0.0   0.0   0.0     0.0

Timestep 5       Time=5e-05       Next delT=1e-05       Wall Time=0.308703  EMA=0.0375189   Memory Used=116.60 MBs (avg) 117.24 MBs (max on rank: 1     )
Runtime Summary  summary stats for time step 5 at time=5e-05
  Description       Units       Minimum           Rank   Average (64)      Std. Dev.         Maximum           Rank   100*(1-ave/max) '% load imbalance'
  TaskExec          [seconds] : 0.0267046       : 16   : 0.0276206       : 0.000410427     : 0.0283095       : 3    : 2.43347
  TaskLocalComm     [seconds] : 0.0046414       : 39   : 0.0050754       : 0.000308058     : 0.00605713      : 16   : 16.2079
  TaskWaitCommTime  [seconds] : 0.00129632      : 25   : 0.00184713      : 0.0002775       : 0.00244328      : 16   : 24.3994
  NumberOfTasks     [tasks  ] : 10              : 0    : 10              : 0               : 10              : 0    : 0
  NumberOfPatches   [patches] : 1               : 0    : 1               : 0               : 1               : 0    : 0
  NumberOfCells     [cells  ] : 32768           : 0    : 32768           : 0               : 32768           : 0    : 0
  SCIMemoryUsed     [MBytes ] : 1.15917e+08     : 56   : 1.16604e+08     : 243697          : 1.17236e+08     : 1    : 0.538812
  SCIMemoryMaxUsed  [MBytes ] : 1.15917e+08     : 56   : 1.16604e+08     : 243697          : 1.17236e+08     : 1    : 0.538812
  MemoryUsed        [MBytes ] : 6.634e+08       : 61   : 6.64147e+08     : 166175          : 6.64261e+08     : 32   : 0.0170343
  MemoryResident    [MBytes ] : 1.15917e+08     : 56   : 1.16604e+08     : 243697          : 1.17236e+08     : 1    : 0.538812
  Percentage of time spent in overhead : 4.03277

________________________________________________________________________________
--------------------------------------------------------------------------------
MPIStats:+
--------------------------------------------------------------------------------
                Name:       Total:         Avg:         Min:         Max:    Max rank: Hist %% [  Q1 |  Q2 |  Q3 |  Q4 ]:  %%Load Imbalance
         Count: Recv:     4.99e+03           78           78           78            0           100.0   0.0   0.0   0.0     0.0
         Count: Redu:          512            8            8            8            0           100.0   0.0   0.0   0.0     0.0
         Count: Send:     4.99e+03           78           78           78            0           100.0   0.0   0.0   0.0     0.0
         Count: Test:          743         11.6           10           21           61            78.1  12.5   4.7   4.7    44.7
         Count: Wait:     9.34e+03          146          146          146            0           100.0   0.0   0.0   0.0     0.0
          Time: Recv:      2.49 ms     0.039 ms     0.029 ms    0.0659 ms           62            68.8  15.6   9.4   6.2    40.9
          Time: Redu:      94.5 ms      1.48 ms     0.213 ms      3.72 ms           56            34.4  43.8  14.1   7.8    60.3
          Time: Send:      25.6 ms     0.401 ms     0.279 ms     0.639 ms           48            40.6  34.4  18.8   6.2    37.3
          Time: Test:      1.02 ms     0.016 ms  3.88e+03 ns    0.0795 ms           51            76.6   9.4  10.9   3.1    79.9
          Time: Wait:      66.4 ms      1.04 ms     0.626 ms      1.57 ms           15            25.0  32.8  35.9   6.2    33.8
Volume Recv TOTAL   :        67 MB      1.05 MB      1.05 MB      1.05 MB            0            98.4   0.0   0.0   1.6     0.2
Volume Recv0: <= 64B:          577         9.02            9           10            0            98.4   0.0   0.0   1.6     9.8
Volume Recv1: <= 4KB:      3.4e+03         53.1           53           58            0            98.4   0.0   0.0   1.6     8.5
Volume Recv2: <= 2MB:     1.15e+03           18           18           18            0           100.0   0.0   0.0   0.0     0.0
Volume Send TOTAL   :      67.2 MB      1.05 MB      1.05 MB      1.05 MB            0           100.0   0.0   0.0   0.0     0.0
Volume Send0: <= 64B:          640           10           10           10            0           100.0   0.0   0.0   0.0     0.0
Volume Send1: <= 4KB:     3.71e+03           58           58           58            0           100.0   0.0   0.0   0.0     0.0
Volume Send2: <= 2MB:     1.15e+03           18           18           18            0           100.0   0.0   0.0   0.0     0.0

Timestep 6       Time=6e-05       Next delT=1e-05       Wall Time=0.341771  EMA=0.0362474   Memory Used=116.85 MBs (avg) 117.51 MBs (max on rank: 1     )
Runtime Summary  summary stats for time step 6 at time=6e-05
  Description       Units       Minimum           Rank   Average (64)      Std. Dev.         Maximum           Rank   100*(1-ave/max) '% load imbalance'
  TaskExec          [seconds] : 0.0269039       : 26   : 0.0276853       : 0.000392878     : 0.0282804       : 48   : 2.10418
  TaskLocalComm     [seconds] : 0.00458463      : 18   : 0.00507859      : 0.000346938     : 0.00588273      : 56   : 13.6695
  TaskWaitCommTime  [seconds] : 0.00117818      : 51   : 0.00179459      : 0.000305852     : 0.0024138       : 26   : 25.6529
  NumberOfTasks     [tasks  ] : 10              : 0    : 10              : 0               : 10              : 0    : 0
  NumberOfPatches   [patches] : 1               : 0    : 1               : 0               : 1               : 0    : 0
  NumberOfCells     [cells  ] : 32768           : 0    : 32768           : 0               : 32768           : 0    : 0
  SCIMemoryUsed     [MBytes ] : 1.15827e+08     : 56   : 1.1685e+08      : 296132          : 1.17506e+08     : 1    : 0.558433
  SCIMemoryMaxUsed  [MBytes ] : 1.15827e+08     : 56   : 1.1685e+08      : 296132          : 1.17506e+08     : 1    : 0.558433
  MemoryUsed        [MBytes ] : 6.63085e+08     : 61   : 6.64133e+08     : 230207          : 6.64261e+08     : 32   : 0.0192503
  MemoryResident    [MBytes ] : 1.15827e+08     : 56   : 1.1685e+08      : 296132          : 1.17506e+08     : 1    : 0.558433
  Percentage of time spent in overhead : 3.35836

________________________________________________________________________________
--------------------------------------------------------------------------------
MPIStats:+
--------------------------------------------------------------------------------
                Name:       Total:         Avg:         Min:         Max:    Max rank: Hist %% [  Q1 |  Q2 |  Q3 |  Q4 ]:  %%Load Imbalance
         Count: Recv:     4.99e+03           78           78           78            0           100.0   0.0   0.0   0.0     0.0
         Count: Redu:          512            8            8            8            0           100.0   0.0   0.0   0.0     0.0
         Count: Send:     4.99e+03           78           78           78            0           100.0   0.0   0.0   0.0     0.0
         Count: Test:          735         11.5           10           20           63            82.8   0.0  10.9   6.2    42.6
         Count: Wait:     9.34e+03          146          146          146            0           100.0   0.0   0.0   0.0     0.0
          Time: Recv:      2.48 ms    0.0387 ms    0.0294 ms     0.066 ms           61            70.3  15.6   7.8   6.2    41.4
          Time: Redu:      94.5 ms      1.48 ms     0.224 ms      3.81 ms           59            42.2  31.2  20.3   6.2    61.3
          Time: Send:      25.3 ms     0.395 ms     0.274 ms     0.798 ms           63            57.8  34.4   6.2   1.6    50.5
          Time: Test:      1.03 ms    0.0161 ms  3.74e+03 ns    0.0938 ms           57            81.2  10.9   6.2   1.6    82.8
          Time: Wait:      69.4 ms      1.08 ms     0.676 ms      2.07 ms           57            37.5  56.2   4.7   1.6    47.7
Volume Recv TOTAL   :        67 MB      1.05 MB      1.05 MB      1.05 MB            0            98.4   0.0   0.0   1.6     0.2
Volume Recv0: <= 64B:          577         9.02            9           10            0            98.4   0.0   0.0   1.6     9.8
Volume Recv1: <= 4KB:      3.4e+03         53.1           53           58            0            98.4   0.0   0.0   1.6     8.5
Volume Recv2: <= 2MB:     1.15e+03           18           18           18            0           100.0   0.0   0.0   0.0     0.0
Volume Send TOTAL   :      67.2 MB      1.05 MB      1.05 MB      1.05 MB            0           100.0   0.0   0.0   0.0     0.0
Volume Send0: <= 64B:          640           10           10           10            0           100.0   0.0   0.0   0.0     0.0
Volume Send1: <= 4KB:     3.71e+03           58           58           58            0           100.0   0.0   0.0   0.0     0.0
Volume Send2: <= 2MB:     1.15e+03           18           18           18            0           100.0   0.0   0.0   0.0     0.0

Timestep 7       Time=7e-05       Next delT=1e-05       Wall Time=0.374775  EMA=0.0354364   Memory Used=117.11 MBs (avg) 117.78 MBs (max on rank: 1     )
Runtime Summary  summary stats for time step 7 at time=7e-05
  Description       Units       Minimum           Rank   Average (64)      Std. Dev.         Maximum           Rank   100*(1-ave/max) '% load imbalance'
  TaskExec          [seconds] : 0.0260112       : 57   : 0.0275814       : 0.000448268     : 0.0282975       : 63   : 2.53061
  TaskLocalComm     [seconds] : 0.00453883      : 48   : 0.00505426      : 0.000348112     : 0.00626991      : 57   : 19.3886
  TaskWaitCommTime  [seconds] : 0.00117568      : 60   : 0.00186044      : 0.000309998     : 0.00284462      : 57   : 34.598
  NumberOfTasks     [tasks  ] : 10              : 0    : 10              : 0               : 10              : 0    : 0
  NumberOfPatches   [patches] : 1               : 0    : 1               : 0               : 1               : 0    : 0
  NumberOfCells     [cells  ] : 32768           : 0    : 32768           : 0               : 32768           : 0    : 0
  SCIMemoryUsed     [MBytes ] : 1.16388e+08     : 56   : 1.17106e+08     : 268966          : 1.17776e+08     : 1    : 0.568997
  SCIMemoryMaxUsed  [MBytes ] : 1.16388e+08     : 56   : 1.17106e+08     : 268966          : 1.17776e+08     : 1    : 0.568997
  MemoryUsed        [MBytes ] : 6.634e+08       : 61   : 6.64157e+08     : 137376          : 6.64261e+08     : 32   : 0.0155505
  MemoryResident    [MBytes ] : 1.16388e+08     : 56   : 1.17106e+08     : 268966          : 1.17776e+08     : 1    : 0.568997
  Percentage of time spent in overhead : 2.87564

________________________________________________________________________________
--------------------------------------------------------------------------------
MPIStats:+
--------------------------------------------------------------------------------
                Name:       Total:         Avg:         Min:         Max:    Max rank: Hist %% [  Q1 |  Q2 |  Q3 |  Q4 ]:  %%Load Imbalance
         Count: Recv:     4.99e+03           78           78           78            0           100.0   0.0   0.0   0.0     0.0
         Count: Redu:          512            8            8            8            0           100.0   0.0   0.0   0.0     0.0
         Count: Send:     4.99e+03           78           78           78            0           100.0   0.0   0.0   0.0     0.0
         Count: Test:          739         11.5           10           21           61            79.7  12.5   3.1   4.7    45.0
         Count: Wait:     9.34e+03          146          146          146            0           100.0   0.0   0.0   0.0     0.0
          Time: Recv:       2.5 ms    0.0391 ms    0.0289 ms    0.0663 ms           60            62.5  20.3   7.8   9.4    41.0
          Time: Redu:      95.9 ms       1.5 ms     0.253 ms      4.37 ms           29            48.4  39.1   7.8   4.7    65.7
          Time: Send:      27.2 ms     0.425 ms     0.292 ms     0.807 ms           49            56.2  29.7  12.5   1.6    47.4
          Time: Test:     0.966 ms    0.0151 ms  3.08e+03 ns    0.0551 ms           51            68.8  10.9  12.5   7.8    72.6
          Time: Wait:      68.5 ms      1.07 ms     0.721 ms      1.39 ms           17            12.5  31.2  45.3  10.9    23.3
Volume Recv TOTAL   :        67 MB      1.05 MB      1.05 MB      1.05 MB            0            98.4   0.0   0.0   1.6     0.2
Volume Recv0: <= 64B:          577         9.02            9           10            0            98.4   0.0   0.0   1.6     9.8
Volume Recv1: <= 4KB:      3.4e+03         53.1           53           58            0            98.4   0.0   0.0   1.6     8.5
Volume Recv2: <= 2MB:     1.15e+03           18           18           18            0           100.0   0.0   0.0   0.0     0.0
Volume Send TOTAL   :      67.2 MB      1.05 MB      1.05 MB      1.05 MB            0           100.0   0.0   0.0   0.0     0.0
Volume Send0: <= 64B:          640           10           10           10            0           100.0   0.0   0.0   0.0     0.0
Volume Send1: <= 4KB:     3.71e+03           58           58           58            0           100.0   0.0   0.0   0.0     0.0
Volume Send2: <= 2MB:     1.15e+03           18           18           18            0           100.0   0.0   0.0   0.0     0.0

Timestep 8       Time=8e-05       Next delT=1e-05       Wall Time=0.408169  EMA=0.0349826   Memory Used=117.24 MBs (avg) 117.96 MBs (max on rank: 26    )
Runtime Summary  summary stats for time step 8 at time=8e-05
  Description       Units       Minimum           Rank   Average (64)      Std. Dev.         Maximum           Rank   100*(1-ave/max) '% load imbalance'
  TaskExec          [seconds] : 0.0274263       : 14   : 0.0280112       : 0.000326213     : 0.0286229       : 46   : 2.13698
  TaskLocalComm     [seconds] : 0.00462016      : 18   : 0.00508234      : 0.000255788     : 0.00575756      : 51   : 11.7275
  TaskWaitCommTime  [seconds] : 0.00129168      : 46   : 0.00183801      : 0.000210047     : 0.00225556      : 6    : 18.5119
  NumberOfTasks     [tasks  ] : 10              : 0    : 10              : 0               : 10              : 0    : 0
  NumberOfPatches   [patches] : 1               : 0    : 1               : 0               : 1               : 0    : 0
  NumberOfCells     [cells  ] : 32768           : 0    : 32768           : 0               : 32768           : 0    : 0
  SCIMemoryUsed     [MBytes ] : 1.16273e+08     : 56   : 1.17238e+08     : 276820          : 1.17965e+08     : 26   : 0.615777
  SCIMemoryMaxUsed  [MBytes ] : 1.16273e+08     : 56   : 1.17238e+08     : 276820          : 1.17965e+08     : 26   : 0.615777
  MemoryUsed        [MBytes ] : 6.63085e+08     : 61   : 6.64147e+08     : 188818          : 6.64261e+08     : 32   : 0.0170343
  MemoryResident    [MBytes ] : 1.16273e+08     : 56   : 1.17238e+08     : 276820          : 1.17965e+08     : 26   : 0.615777
  Percentage of time spent in overhead : 2.51255

________________________________________________________________________________
--------------------------------------------------------------------------------
MPIStats:+
--------------------------------------------------------------------------------
                Name:       Total:         Avg:         Min:         Max:    Max rank: Hist %% [  Q1 |  Q2 |  Q3 |  Q4 ]:  %%Load Imbalance
         Count: Recv:     4.99e+03           78           78           78            0           100.0   0.0   0.0   0.0     0.0
         Count: Redu:          512            8            8            8            0           100.0   0.0   0.0   0.0     0.0
         Count: Send:     4.99e+03           78           78           78            0           100.0   0.0   0.0   0.0     0.0
         Count: Test:          739         11.5           10           21           62            79.7   9.4   6.2   4.7    45.0
         Count: Wait:     9.34e+03          146          146          146            0           100.0   0.0   0.0   0.0     0.0
          Time: Recv:      2.39 ms    0.0374 ms     0.031 ms    0.0559 ms           63            65.6  20.3   4.7   9.4    33.1
          Time: Redu:      95.8 ms       1.5 ms     0.146 ms      3.74 ms           59            29.7  45.3  21.9   3.1    60.0
          Time: Send:      27.9 ms     0.436 ms     0.274 ms     0.781 ms           17            43.8  34.4  17.2   4.7    44.2
          Time: Test:      1.05 ms    0.0164 ms  3.74e+03 ns    0.0899 ms           59            76.6  15.6   6.2   1.6    81.7
          Time: Wait:      69.1 ms      1.08 ms     0.675 ms      1.75 ms           16            32.8  39.1  26.6   1.6    38.2
Volume Recv TOTAL   :        67 MB      1.05 MB      1.05 MB      1.05 MB            0            98.4   0.0   0.0   1.6     0.2
Volume Recv0: <= 64B:          577         9.02            9           10            0            98.4   0.0   0.0   1.6     9.8
Volume Recv1: <= 4KB:      3.4e+03         53.1           53           58            0            98.4   0.0   0.0   1.6     8.5
Volume Recv2: <= 2MB:     1.15e+03           18           18           18            0           100.0   0.0   0.0   0.0     0.0
Volume Send TOTAL   :      67.2 MB      1.05 MB      1.05 MB      1.05 MB            0           100.0   0.0   0.0   0.0     0.0
Volume Send0: <= 64B:          640           10           10           10            0           100.0   0.0   0.0   0.0     0.0
Volume Send1: <= 4KB:     3.71e+03           58           58           58            0           100.0   0.0   0.0   0.0     0.0
Volume Send2: <= 2MB:     1.15e+03           18           18           18            0           100.0   0.0   0.0   0.0     0.0

Timestep 9       Time=9e-05       Next delT=1e-05       Wall Time=0.441419  EMA=0.0346359   Memory Used=117.45 MBs (avg) 118.24 MBs (max on rank: 26    )
Runtime Summary  summary stats for time step 9 at time=9e-05
  Description       Units       Minimum           Rank   Average (64)      Std. Dev.         Maximum           Rank   100*(1-ave/max) '% load imbalance'
  TaskExec          [seconds] : 0.0271081       : 16   : 0.0278695       : 0.000400969     : 0.0286214       : 20   : 2.6269
  TaskLocalComm     [seconds] : 0.00454495      : 54   : 0.00512006      : 0.000337164     : 0.00631573      : 17   : 18.9316
  TaskWaitCommTime  [seconds] : 0.00124489      : 11   : 0.00185413      : 0.000299108     : 0.00244755      : 16   : 24.2454
  NumberOfTasks     [tasks  ] : 10              : 0    : 10              : 0               : 10              : 0    : 0
  NumberOfPatches   [patches] : 1               : 0    : 1               : 0               : 1               : 0    : 0
  NumberOfCells     [cells  ] : 32768           : 0    : 32768           : 0               : 32768           : 0    : 0
  SCIMemoryUsed     [MBytes ] : 1.16802e+08     : 56   : 1.17445e+08     : 246780          : 1.18235e+08     : 26   : 0.668065
  SCIMemoryMaxUsed  [MBytes ] : 1.16802e+08     : 56   : 1.17445e+08     : 246780          : 1.18235e+08     : 26   : 0.668065
  MemoryUsed        [MBytes ] : 6.634e+08       : 61   : 6.64157e+08     : 137376          : 6.64261e+08     : 32   : 0.0155505
  MemoryResident    [MBytes ] : 1.16802e+08     : 56   : 1.17445e+08     : 246780          : 1.18235e+08     : 26   : 0.668065
  Percentage of time spent in overhead : 2.22905

________________________________________________________________________________
--------------------------------------------------------------------------------
MPIStats:+
--------------------------------------------------------------------------------
                Name:       Total:         Avg:         Min:         Max:    Max rank: Hist %% [  Q1 |  Q2 |  Q3 |  Q4 ]:  %%Load Imbalance
         Count: Recv:     4.99e+03           78           78           78            0           100.0   0.0   0.0   0.0     0.0
         Count: Redu:          512            8            8            8            0           100.0   0.0   0.0   0.0     0.0
         Count: Send:     4.99e+03           78           78           78            0           100.0   0.0   0.0   0.0     0.0
         Count: Test:          741         11.6           10           22           63            79.7  10.9   3.1   6.2    47.4
         Count: Wait:     9.34e+03          146          146          146            0           100.0   0.0   0.0   0.0     0.0
          Time: Recv:      2.44 ms    0.0381 ms    0.0294 ms    0.0642 ms           59            67.2  20.3   4.7   7.8    40.7
          Time: Redu:      89.1 ms      1.39 ms     0.161 ms      2.92 ms           42            20.3  45.3  15.6  18.8    52.3
          Time: Send:      23.7 ms     0.371 ms     0.257 ms     0.709 ms           44            56.2  32.8   7.8   3.1    47.7
          Time: Test:      1.02 ms    0.0159 ms  3.56e+03 ns    0.0852 ms           51            76.6  18.8   3.1   1.6    81.3
          Time: Wait:      69.2 ms      1.08 ms      0.67 ms      1.97 ms           15            35.9  56.2   6.2   1.6    45.1
Volume Recv TOTAL   :        67 MB      1.05 MB      1.05 MB      1.05 MB            0            98.4   0.0   0.0   1.6     0.2
Volume Recv0: <= 64B:          577         9.02            9           10            0            98.4   0.0   0.0   1.6     9.8
Volume Recv1: <= 4KB:      3.4e+03         53.1           53           58            0            98.4   0.0   0.0   1.6     8.5
Volume Recv2: <= 2MB:     1.15e+03           18           18           18            0           100.0   0.0   0.0   0.0     0.0
Volume Send TOTAL   :      67.2 MB      1.05 MB      1.05 MB      1.05 MB            0           100.0   0.0   0.0   0.0     0.0
Volume Send0: <= 64B:          640           10           10           10            0           100.0   0.0   0.0   0.0     0.0
Volume Send1: <= 4KB:     3.71e+03           58           58           58            0           100.0   0.0   0.0   0.0     0.0
Volume Send2: <= 2MB:     1.15e+03           18           18           18            0           100.0   0.0   0.0   0.0     0.0

Timestep 10      Time=0.0001      Next delT=1e-05       Wall Time=0.474651  EMA=0.0343797   Memory Used=117.67 MBs (avg) 118.32 MBs (max on rank: 1     )
Runtime Summary  summary stats for time step 10 at time=0.0001
  Description       Units       Minimum           Rank   Average (64)      Std. Dev.         Maximum           Rank   100*(1-ave/max) '% load imbalance'
  TaskExec          [seconds] : 0.0267741       : 15   : 0.0278554       : 0.000411228     : 0.0286353       : 52   : 2.7236
  TaskLocalComm     [seconds] : 0.00443832      : 4    : 0.00501586      : 0.000305753     : 0.00585174      : 0    : 14.2842
  TaskWaitCommTime  [seconds] : 0.00120894      : 52   : 0.00184892      : 0.000297701     : 0.00262861      : 15   : 29.6617
  NumberOfTasks     [tasks  ] : 10              : 0    : 10              : 0               : 10              : 0    : 0
  NumberOfPatches   [patches] : 1               : 0    : 1               : 0               : 1               : 0    : 0
  NumberOfCells     [cells  ] : 32768           : 0    : 32768           : 0               : 32768           : 0    : 0
  SCIMemoryUsed     [MBytes ] : 1.1667e+08      : 56   : 1.17674e+08     : 262047          : 1.18317e+08     : 1    : 0.543191
  SCIMemoryMaxUsed  [MBytes ] : 1.1667e+08      : 56   : 1.17674e+08     : 262047          : 1.18317e+08     : 1    : 0.543191
  MemoryUsed        [MBytes ] : 6.63085e+08     : 61   : 6.64147e+08     : 188818          : 6.64261e+08     : 32   : 0.0170343
  MemoryResident    [MBytes ] : 1.1667e+08      : 56   : 1.17674e+08     : 262047          : 1.18317e+08     : 1    : 0.543191
  Percentage of time spent in overhead : 2.00112
Sus: going down successfully
