Parallel: 16 MPI processes (using MPI)
Parallel: MPI Level Required: 0, provided: 0
Date:       Thu Aug 25 13:38:43 2022
Machine:    notch201
git branch:wasatch-low-cost-integ-cmake
git date:   Sat Jul 30 10:34:22 2022 -0600
git hash:   9315f9f96fa6304db4fe79378b145f37ea40016d
Assertion level: 0
CFLAGS:          
CXXFLAGS:        
______________________________________________________________________
Application Component: 	'wasatch'

-------------------------------------------------------------
Wasatch was built against:
  SpatialOps HASH: bd7a2bac76e42e2cb528b02e2cf1291d05c71926
             DATE: Fri Nov 12 11:34:54 2021 -0700
     ExprLib HASH: d2950c77edb22e5f3669ddaaf2d2ed29ceb24d2c
             DATE: Thu Aug 5 12:26:26 2021 -0600
    TabProps HASH: eca0dc5f26b20d4f6b1cebe51b1ae97e11871e83
             DATE: Wed Aug 11 20:11:26 2021 -0600
-------------------------------------------------------------

Linear Solver: 		hypre
Load Balancer: 		Simple
Scheduler: 		MPI
Patch layout: 		(4,2,2)
Grid statistics:
Number of levels:		1
Level 0:
  Periodic boundaries:		[int 1, 1, 1]
  Number of patches:		16
  Total number of cells:	524288 (32768 avg. per patch)
Total patches in grid:		16
Total cells in grid:		524288 (32768 avg. per patch)

Using small, individual MPI messages (no message combining)
Detected solver: hypre
SETTING UP CONVECTIVE FLUX EXPRESSION IN X DIRECTION USING CENTRAL
SETTING UP CONVECTIVE FLUX EXPRESSION IN Y DIRECTION USING CENTRAL
SETTING UP CONVECTIVE FLUX EXPRESSION IN Z DIRECTION USING CENTRAL
Setting initial conditions for scalability test equation: scalability0
SETTING UP CONVECTIVE FLUX EXPRESSION IN X DIRECTION USING CENTRAL
SETTING UP CONVECTIVE FLUX EXPRESSION IN Y DIRECTION USING CENTRAL
SETTING UP CONVECTIVE FLUX EXPRESSION IN Z DIRECTION USING CENTRAL
Setting initial conditions for scalability test equation: scalability1
SETTING UP CONVECTIVE FLUX EXPRESSION IN X DIRECTION USING CENTRAL
SETTING UP CONVECTIVE FLUX EXPRESSION IN Y DIRECTION USING CENTRAL
SETTING UP CONVECTIVE FLUX EXPRESSION IN Z DIRECTION USING CENTRAL
Setting initial conditions for scalability test equation: scalability2
------------------------------------------------
No BoundaryConditions specified
  This message will only occur once

Compiling initialization taskgraph.
------------------------------------------------
SETTING INITIAL BOUNDARY CONDITIONS:
------------------------------------------------
Setting Initial BCs for transport equation 'scalability0'
Setting Initial BCs for transport equation 'scalability1'
Setting Initial BCs for transport equation 'scalability2'
------------------------------------------------
Wasatch: done creating initialization task(s)
Scheduling Task 'compute timestep' COMPUTES 'delT' in NEW data warehouse
Wasatch: done creating timestep task(s)
Done with taskgraph compile (0.00015281 seconds)
Warning: addContribution not implemented for LoadBalancerCommon.
WARNING at time step 0 and sim time 0 : lowering the next delT from 1 to the maximum: 1e-05

________________________________________________________________________________
--------------------------------------------------------------------------------
MPIStats:+
--------------------------------------------------------------------------------
                Name:       Total:         Avg:         Min:         Max:    Max rank: Hist %% [  Q1 |  Q2 |  Q3 |  Q4 ]:  %%Load Imbalance
         Count: Gath:           32            2            2            2            0           100.0   0.0   0.0   0.0     0.0
         Count: Redu:           16            1            1            1            0           100.0   0.0   0.0   0.0     0.0
          Time: Gath:      14.8 ms     0.923 ms      0.35 ms      1.14 ms           15            12.5   0.0  25.0  62.5    19.0
          Time: Redu:      27.3 ms      1.71 ms      1.62 ms      1.92 ms            1            62.5  25.0   0.0  12.5    11.1
Volume Recv TOTAL   :      10.1 KB        649 B        649 B        649 B            0           100.0   0.0   0.0   0.0     0.0
Volume Recv0: <= 64B:           16            1            1            1            0           100.0   0.0   0.0   0.0     0.0
Volume Recv1: <= 4KB:           32            2            2            2            0           100.0   0.0   0.0   0.0     0.0
Volume Send TOTAL   :      4.52 KB        289 B        289 B        289 B            0           100.0   0.0   0.0   0.0     0.0
Volume Send0: <= 64B:           32            2            2            2            0           100.0   0.0   0.0   0.0     0.0
Volume Send1: <= 4KB:           16            1            1            1            0           100.0   0.0   0.0   0.0     0.0


Simulation and run time stats are reported at the end of each time step
EMA == Wall time as an exponential moving average using a window of the last 10 time steps
Timestep 0       Time=0           Next delT=1e-05       Wall Time=0.0711975 EMA=0.0640069   Memory Used=168.99 MBs (avg) 169.59 MBs (max on rank: 15    )
Warning: finalizeContributions not implemented for LoadBalancerCommon.
Warning: resetCostForecaster not implemented for LoadBalancerCommon.
Compiling taskgraph(s)...
------------------------------------------------
SETTING BOUNDARY CONDITIONS:
------------------------------------------------
Setting BCs for transport equation 'scalability0'
Setting BCs for transport equation 'scalability1'
Setting BCs for transport equation 'scalability2'
------------------------------------------------
Wasatch: done creating solution task(s)
Wasatch: done creating solution task(s)
Wasatch: done creating solution task(s)
Wasatch: done creating post-processing task(s)
Scheduling Task 'compute timestep' COMPUTES 'delT' in NEW data warehouse
Wasatch: done creating timestep task(s)
Done with taskgraph compile (0.0173341 seconds)

________________________________________________________________________________
--------------------------------------------------------------------------------
MPIStats:+
--------------------------------------------------------------------------------
                Name:       Total:         Avg:         Min:         Max:    Max rank: Hist %% [  Q1 |  Q2 |  Q3 |  Q4 ]:  %%Load Imbalance
         Count: Recv:          528           33           33           33            0           100.0   0.0   0.0   0.0     0.0
         Count: Redu:          128            8            8            8            0           100.0   0.0   0.0   0.0     0.0
         Count: Send:          528           33           33           33            0           100.0   0.0   0.0   0.0     0.0
         Count: Test:          215         13.4           10           21           15            50.0  25.0  18.8   6.2    36.0
         Count: Wait:          896           56           56           56            0           100.0   0.0   0.0   0.0     0.0
          Time: Recv:     0.469 ms    0.0293 ms      0.01 ms    0.0625 ms           13            56.2   0.0  18.8  25.0    53.1
          Time: Redu:      23.1 ms      1.44 ms     0.369 ms      2.41 ms            8            37.5   0.0  25.0  37.5    40.0
          Time: Send:      10.1 ms     0.633 ms     0.554 ms     0.776 ms            3            43.8  31.2   6.2  18.8    18.5
          Time: Test:     0.837 ms    0.0523 ms  4.02e+03 ns     0.223 ms           12            81.2   0.0   0.0  18.8    76.5
          Time: Wait:      42.5 ms      2.66 ms     0.649 ms      4.01 ms            5            25.0   6.2  31.2  37.5    33.8
Volume Recv TOTAL   :      16.8 MB      1.05 MB      1.05 MB      1.05 MB            0            93.8   0.0   0.0   6.2     0.2
Volume Recv0: <= 64B:           17         1.06            1            2            0            93.8   0.0   0.0   6.2    46.9
Volume Recv1: <= 4KB:          197         12.3           12           17            0            93.8   0.0   0.0   6.2    27.6
Volume Recv2: <= 2MB:          352           22           22           22            0           100.0   0.0   0.0   0.0     0.0
Volume Send TOTAL   :      16.8 MB      1.05 MB      1.05 MB      1.05 MB            0           100.0   0.0   0.0   0.0     0.0
Volume Send0: <= 64B:           32            2            2            2            0           100.0   0.0   0.0   0.0     0.0
Volume Send1: <= 4KB:          272           17           17           17            0           100.0   0.0   0.0   0.0     0.0
Volume Send2: <= 2MB:          352           22           22           22            0           100.0   0.0   0.0   0.0     0.0

Timestep 1       Time=1e-05       Next delT=1e-05       Wall Time=0.122368  EMA=0.0511386   Memory Used=175.20 MBs (avg) 176.23 MBs (max on rank: 11    )
Runtime Summary  summary stats for time step 1 at time=1e-05
  Description       Units       Minimum           Rank   Average (16)      Std. Dev.         Maximum           Rank   100*(1-ave/max) '% load imbalance'
  Compilation       [seconds] : 0.0142774       : 3    : 0.0146593       : 0.000719046     : 0.0173341       : 0    : 15.4308
  TaskExec          [seconds] : 0.0304284       : 0    : 0.0318452       : 0.00119287      : 0.0341206       : 10   : 6.66874
  TaskLocalComm     [seconds] : 0.00235831      : 8    : 0.00282067      : 0.000321786     : 0.00334855      : 3    : 15.7645
  TaskWaitCommTime  [seconds] : 0.00102658      : 9    : 0.00299687      : 0.00115334      : 0.00433515      : 5    : 30.8705
  NumberOfTasks     [tasks  ] : 10              : 0    : 10              : 0               : 10              : 0    : 0
  NumberOfPatches   [patches] : 1               : 0    : 1               : 0               : 1               : 0    : 0
  NumberOfCells     [cells  ] : 32768           : 0    : 32768           : 0               : 32768           : 0    : 0
  SCIMemoryUsed     [MBytes ] : 1.7444e+08      : 13   : 1.75204e+08     : 434992          : 1.76234e+08     : 11   : 0.58453
  SCIMemoryMaxUsed  [MBytes ] : 1.7444e+08      : 13   : 1.75204e+08     : 434992          : 1.76234e+08     : 11   : 0.58453
  MemoryUsed        [MBytes ] : 7.48777e+08     : 1    : 7.58335e+08     : 4.60544e+06     : 7.65964e+08     : 5    : 0.99604
  MemoryResident    [MBytes ] : 1.7444e+08      : 13   : 1.75204e+08     : 434992          : 1.76234e+08     : 11   : 0.58453
  Percentage of time spent in overhead : 28.0175

________________________________________________________________________________
--------------------------------------------------------------------------------
MPIStats:+
--------------------------------------------------------------------------------
                Name:       Total:         Avg:         Min:         Max:    Max rank: Hist %% [  Q1 |  Q2 |  Q3 |  Q4 ]:  %%Load Imbalance
         Count: Recv:          528           33           33           33            0           100.0   0.0   0.0   0.0     0.0
         Count: Redu:          128            8            8            8            0           100.0   0.0   0.0   0.0     0.0
         Count: Send:          528           33           33           33            0           100.0   0.0   0.0   0.0     0.0
         Count: Test:          213         13.3           10           19           15            43.8  12.5  25.0  18.8    29.9
         Count: Wait:          896           56           56           56            0           100.0   0.0   0.0   0.0     0.0
          Time: Recv:     0.251 ms    0.0157 ms  6.87e+03 ns    0.0329 ms           15            50.0  18.8  25.0   6.2    52.3
          Time: Redu:      18.4 ms      1.15 ms     0.171 ms      1.95 ms            7            37.5   0.0  31.2  31.2    41.3
          Time: Send:      6.57 ms     0.411 ms      0.28 ms     0.608 ms           14            43.8  25.0  12.5  18.8    32.4
          Time: Test:     0.197 ms    0.0123 ms  1.65e+03 ns     0.033 ms           15            56.2  12.5  18.8  12.5    62.7
          Time: Wait:      14.6 ms     0.912 ms     0.383 ms      1.82 ms            0            62.5   0.0  12.5  25.0    49.8
Volume Recv TOTAL   :      16.8 MB      1.05 MB      1.05 MB      1.05 MB            0            93.8   0.0   0.0   6.2     0.2
Volume Recv0: <= 64B:           17         1.06            1            2            0            93.8   0.0   0.0   6.2    46.9
Volume Recv1: <= 4KB:          197         12.3           12           17            0            93.8   0.0   0.0   6.2    27.6
Volume Recv2: <= 2MB:          352           22           22           22            0           100.0   0.0   0.0   0.0     0.0
Volume Send TOTAL   :      16.8 MB      1.05 MB      1.05 MB      1.05 MB            0           100.0   0.0   0.0   0.0     0.0
Volume Send0: <= 64B:           32            2            2            2            0           100.0   0.0   0.0   0.0     0.0
Volume Send1: <= 4KB:          272           17           17           17            0           100.0   0.0   0.0   0.0     0.0
Volume Send2: <= 2MB:          352           22           22           22            0           100.0   0.0   0.0   0.0     0.0

Timestep 2       Time=2e-05       Next delT=1e-05       Wall Time=0.135315  EMA=0.0256783   Memory Used=175.41 MBs (avg) 176.35 MBs (max on rank: 11    )
Runtime Summary  summary stats for time step 2 at time=2e-05
  Description       Units       Minimum           Rank   Average (16)      Std. Dev.         Maximum           Rank   100*(1-ave/max) '% load imbalance'
  TaskExec          [seconds] : 0.00914831      : 0    : 0.0100158       : 0.000466108     : 0.0104641       : 12   : 4.28412
  TaskLocalComm     [seconds] : 0.00196639      : 8    : 0.00245796      : 0.000354582     : 0.00293899      : 14   : 16.3671
  TaskWaitCommTime  [seconds] : 0.000679223     : 15   : 0.00118768      : 0.000558789     : 0.00206276      : 0    : 42.4226
  NumberOfTasks     [tasks  ] : 10              : 0    : 10              : 0               : 10              : 0    : 0
  NumberOfPatches   [patches] : 1               : 0    : 1               : 0               : 1               : 0    : 0
  NumberOfCells     [cells  ] : 32768           : 0    : 32768           : 0               : 32768           : 0    : 0
  SCIMemoryUsed     [MBytes ] : 1.74957e+08     : 14   : 1.7541e+08      : 397125          : 1.76353e+08     : 11   : 0.534636
  SCIMemoryMaxUsed  [MBytes ] : 1.74957e+08     : 14   : 1.7541e+08      : 397125          : 1.76353e+08     : 11   : 0.534636
  MemoryUsed        [MBytes ] : 7.48646e+08     : 1    : 7.58314e+08     : 4.57355e+06     : 7.65833e+08     : 5    : 0.98177
  MemoryResident    [MBytes ] : 1.74957e+08     : 14   : 1.7541e+08      : 397125          : 1.76353e+08     : 11   : 0.534636
  Percentage of time spent in overhead : 14.0086

________________________________________________________________________________
--------------------------------------------------------------------------------
MPIStats:+
--------------------------------------------------------------------------------
                Name:       Total:         Avg:         Min:         Max:    Max rank: Hist %% [  Q1 |  Q2 |  Q3 |  Q4 ]:  %%Load Imbalance
         Count: Recv:          528           33           33           33            0           100.0   0.0   0.0   0.0     0.0
         Count: Redu:          128            8            8            8            0           100.0   0.0   0.0   0.0     0.0
         Count: Send:          528           33           33           33            0           100.0   0.0   0.0   0.0     0.0
         Count: Test:          216         13.5           10           21           15            50.0  12.5  31.2   6.2    35.7
         Count: Wait:          896           56           56           56            0           100.0   0.0   0.0   0.0     0.0
          Time: Recv:     0.207 ms    0.0129 ms  6.32e+03 ns    0.0256 ms           15            37.5  43.8  12.5   6.2    49.6
          Time: Redu:      17.5 ms      1.09 ms     0.176 ms      1.83 ms           11            37.5   0.0  12.5  50.0    40.4
          Time: Send:       7.3 ms     0.456 ms     0.285 ms     0.609 ms           13            18.8  31.2  31.2  18.8    25.1
          Time: Test:     0.189 ms    0.0118 ms  1.54e+03 ns    0.0304 ms           15            50.0  25.0   6.2  18.8    61.2
          Time: Wait:      14.6 ms     0.914 ms     0.427 ms      1.78 ms            0            56.2   6.2   6.2  31.2    48.5
Volume Recv TOTAL   :      16.8 MB      1.05 MB      1.05 MB      1.05 MB            0            93.8   0.0   0.0   6.2     0.2
Volume Recv0: <= 64B:           17         1.06            1            2            0            93.8   0.0   0.0   6.2    46.9
Volume Recv1: <= 4KB:          197         12.3           12           17            0            93.8   0.0   0.0   6.2    27.6
Volume Recv2: <= 2MB:          352           22           22           22            0           100.0   0.0   0.0   0.0     0.0
Volume Send TOTAL   :      16.8 MB      1.05 MB      1.05 MB      1.05 MB            0           100.0   0.0   0.0   0.0     0.0
Volume Send0: <= 64B:           32            2            2            2            0           100.0   0.0   0.0   0.0     0.0
Volume Send1: <= 4KB:          272           17           17           17            0           100.0   0.0   0.0   0.0     0.0
Volume Send2: <= 2MB:          352           22           22           22            0           100.0   0.0   0.0   0.0     0.0

Timestep 3       Time=3e-05       Next delT=1e-05       Wall Time=0.148173  EMA=0.0192676   Memory Used=176.53 MBs (avg) 177.46 MBs (max on rank: 11    )
Runtime Summary  summary stats for time step 3 at time=3e-05
  Description       Units       Minimum           Rank   Average (16)      Std. Dev.         Maximum           Rank   100*(1-ave/max) '% load imbalance'
  TaskExec          [seconds] : 0.00898575      : 0    : 0.00978242      : 0.000454486     : 0.0102236       : 12   : 4.31486
  TaskLocalComm     [seconds] : 0.0019871       : 8    : 0.00250614      : 0.000360619     : 0.00291906      : 13   : 14.1456
  TaskWaitCommTime  [seconds] : 0.000711133     : 15   : 0.0011911       : 0.000544166     : 0.0020172       : 0    : 40.9525
  NumberOfTasks     [tasks  ] : 10              : 0    : 10              : 0               : 10              : 0    : 0
  NumberOfPatches   [patches] : 1               : 0    : 1               : 0               : 1               : 0    : 0
  NumberOfCells     [cells  ] : 32768           : 0    : 32768           : 0               : 32768           : 0    : 0
  SCIMemoryUsed     [MBytes ] : 1.76062e+08     : 14   : 1.7653e+08      : 397074          : 1.77459e+08     : 11   : 0.523658
  SCIMemoryMaxUsed  [MBytes ] : 1.76062e+08     : 14   : 1.7653e+08      : 397074          : 1.77459e+08     : 11   : 0.523658
  MemoryUsed        [MBytes ] : 7.49588e+08     : 1    : 7.59258e+08     : 4.574e+06       : 7.66775e+08     : 5    : 0.980397
  MemoryResident    [MBytes ] : 1.76062e+08     : 14   : 1.7653e+08      : 397074          : 1.77459e+08     : 11   : 0.523658
  Percentage of time spent in overhead : 9.33843

________________________________________________________________________________
--------------------------------------------------------------------------------
MPIStats:+
--------------------------------------------------------------------------------
                Name:       Total:         Avg:         Min:         Max:    Max rank: Hist %% [  Q1 |  Q2 |  Q3 |  Q4 ]:  %%Load Imbalance
         Count: Recv:          528           33           33           33            0           100.0   0.0   0.0   0.0     0.0
         Count: Redu:          128            8            8            8            0           100.0   0.0   0.0   0.0     0.0
         Count: Send:          528           33           33           33            0           100.0   0.0   0.0   0.0     0.0
         Count: Test:          213         13.3           10           21           15            56.2  12.5  25.0   6.2    36.6
         Count: Wait:          896           56           56           56            0           100.0   0.0   0.0   0.0     0.0
          Time: Recv:     0.232 ms    0.0145 ms  6.63e+03 ns    0.0263 ms           15            56.2   6.2  18.8  18.8    44.8
          Time: Redu:      21.4 ms      1.34 ms     0.182 ms      2.18 ms           12            37.5   0.0  12.5  50.0    38.8
          Time: Send:      7.36 ms      0.46 ms     0.287 ms     0.596 ms            3             6.2  31.2  37.5  25.0    22.8
          Time: Test:      0.15 ms  9.35e+03 ns  1.65e+03 ns     0.024 ms           14            43.8  31.2  12.5  12.5    61.0
          Time: Wait:      14.9 ms     0.929 ms     0.424 ms      1.74 ms            0            56.2   6.2   6.2  31.2    46.7
Volume Recv TOTAL   :      16.8 MB      1.05 MB      1.05 MB      1.05 MB            0            93.8   0.0   0.0   6.2     0.2
Volume Recv0: <= 64B:           17         1.06            1            2            0            93.8   0.0   0.0   6.2    46.9
Volume Recv1: <= 4KB:          197         12.3           12           17            0            93.8   0.0   0.0   6.2    27.6
Volume Recv2: <= 2MB:          352           22           22           22            0           100.0   0.0   0.0   0.0     0.0
Volume Send TOTAL   :      16.8 MB      1.05 MB      1.05 MB      1.05 MB            0           100.0   0.0   0.0   0.0     0.0
Volume Send0: <= 64B:           32            2            2            2            0           100.0   0.0   0.0   0.0     0.0
Volume Send1: <= 4KB:          272           17           17           17            0           100.0   0.0   0.0   0.0     0.0
Volume Send2: <= 2MB:          352           22           22           22            0           100.0   0.0   0.0   0.0     0.0

Timestep 4       Time=4e-05       Next delT=1e-05       Wall Time=0.160889  EMA=0.0166472   Memory Used=176.08 MBs (avg) 176.99 MBs (max on rank: 11    )
Runtime Summary  summary stats for time step 4 at time=4e-05
  Description       Units       Minimum           Rank   Average (16)      Std. Dev.         Maximum           Rank   100*(1-ave/max) '% load imbalance'
  TaskExec          [seconds] : 0.00897964      : 0    : 0.00971379      : 0.000409211     : 0.0101467       : 15   : 4.26685
  TaskLocalComm     [seconds] : 0.00198377      : 7    : 0.00248335      : 0.000362564     : 0.00300757      : 2    : 17.4301
  TaskWaitCommTime  [seconds] : 0.000705023     : 15   : 0.00120328      : 0.000512738     : 0.00197747      : 0    : 39.1502
  NumberOfTasks     [tasks  ] : 10              : 0    : 10              : 0               : 10              : 0    : 0
  NumberOfPatches   [patches] : 1               : 0    : 1               : 0               : 1               : 0    : 0
  NumberOfCells     [cells  ] : 32768           : 0    : 32768           : 0               : 32768           : 0    : 0
  SCIMemoryUsed     [MBytes ] : 1.75661e+08     : 2    : 1.76075e+08     : 388480          : 1.76988e+08     : 11   : 0.515795
  SCIMemoryMaxUsed  [MBytes ] : 1.75661e+08     : 2    : 1.76075e+08     : 388480          : 1.76988e+08     : 11   : 0.515795
  MemoryUsed        [MBytes ] : 7.48962e+08     : 1    : 7.58629e+08     : 4.57393e+06     : 7.66149e+08     : 5    : 0.981433
  MemoryResident    [MBytes ] : 1.75661e+08     : 2    : 1.76075e+08     : 388480          : 1.76988e+08     : 11   : 0.515795
  Percentage of time spent in overhead : 7.0024

________________________________________________________________________________
--------------------------------------------------------------------------------
MPIStats:+
--------------------------------------------------------------------------------
                Name:       Total:         Avg:         Min:         Max:    Max rank: Hist %% [  Q1 |  Q2 |  Q3 |  Q4 ]:  %%Load Imbalance
         Count: Recv:          528           33           33           33            0           100.0   0.0   0.0   0.0     0.0
         Count: Redu:          128            8            8            8            0           100.0   0.0   0.0   0.0     0.0
         Count: Send:          528           33           33           33            0           100.0   0.0   0.0   0.0     0.0
         Count: Test:          218         13.6           10           21           15            50.0   6.2  31.2  12.5    35.1
         Count: Wait:          896           56           56           56            0           100.0   0.0   0.0   0.0     0.0
          Time: Recv:     0.208 ms     0.013 ms  6.32e+03 ns    0.0259 ms           14            50.0  25.0   6.2  18.8    49.8
          Time: Redu:      22.2 ms      1.39 ms     0.179 ms      2.26 ms           12            37.5   0.0  12.5  50.0    38.5
          Time: Send:       6.6 ms     0.412 ms     0.281 ms     0.539 ms           13            18.8  37.5  18.8  25.0    23.6
          Time: Test:     0.163 ms    0.0102 ms  1.46e+03 ns    0.0301 ms           15            62.5  12.5  12.5  12.5    66.2
          Time: Wait:      15.9 ms     0.997 ms      0.41 ms      1.74 ms            0            50.0   0.0  12.5  37.5    42.7
Volume Recv TOTAL   :      16.8 MB      1.05 MB      1.05 MB      1.05 MB            0            93.8   0.0   0.0   6.2     0.2
Volume Recv0: <= 64B:           17         1.06            1            2            0            93.8   0.0   0.0   6.2    46.9
Volume Recv1: <= 4KB:          197         12.3           12           17            0            93.8   0.0   0.0   6.2    27.6
Volume Recv2: <= 2MB:          352           22           22           22            0           100.0   0.0   0.0   0.0     0.0
Volume Send TOTAL   :      16.8 MB      1.05 MB      1.05 MB      1.05 MB            0           100.0   0.0   0.0   0.0     0.0
Volume Send0: <= 64B:           32            2            2            2            0           100.0   0.0   0.0   0.0     0.0
Volume Send1: <= 4KB:          272           17           17           17            0           100.0   0.0   0.0   0.0     0.0
Volume Send2: <= 2MB:          352           22           22           22            0           100.0   0.0   0.0   0.0     0.0

Timestep 5       Time=5e-05       Next delT=1e-05       Wall Time=0.173667  EMA=0.0153573   Memory Used=176.87 MBs (avg) 177.76 MBs (max on rank: 11    )
Runtime Summary  summary stats for time step 5 at time=5e-05
  Description       Units       Minimum           Rank   Average (16)      Std. Dev.         Maximum           Rank   100*(1-ave/max) '% load imbalance'
  TaskExec          [seconds] : 0.00906175      : 0    : 0.00978548      : 0.000432011     : 0.010289        : 15   : 4.89365
  TaskLocalComm     [seconds] : 0.00194682      : 5    : 0.00240937      : 0.000396842     : 0.00305752      : 1    : 21.1986
  TaskWaitCommTime  [seconds] : 0.000696402     : 15   : 0.00126789      : 0.000532851     : 0.00197845      : 0    : 35.9146
  NumberOfTasks     [tasks  ] : 10              : 0    : 10              : 0               : 10              : 0    : 0
  NumberOfPatches   [patches] : 1               : 0    : 1               : 0               : 1               : 0    : 0
  NumberOfCells     [cells  ] : 32768           : 0    : 32768           : 0               : 32768           : 0    : 0
  SCIMemoryUsed     [MBytes ] : 1.76439e+08     : 2    : 1.76868e+08     : 385226          : 1.77758e+08     : 11   : 0.500599
  SCIMemoryMaxUsed  [MBytes ] : 1.76439e+08     : 2    : 1.76868e+08     : 385226          : 1.77758e+08     : 11   : 0.500599
  MemoryUsed        [MBytes ] : 7.49588e+08     : 1    : 7.59258e+08     : 4.574e+06       : 7.66775e+08     : 5    : 0.980397
  MemoryResident    [MBytes ] : 1.76439e+08     : 2    : 1.76868e+08     : 385226          : 1.77758e+08     : 11   : 0.500599
  Percentage of time spent in overhead : 5.59964

________________________________________________________________________________
--------------------------------------------------------------------------------
MPIStats:+
--------------------------------------------------------------------------------
                Name:       Total:         Avg:         Min:         Max:    Max rank: Hist %% [  Q1 |  Q2 |  Q3 |  Q4 ]:  %%Load Imbalance
         Count: Recv:          528           33           33           33            0           100.0   0.0   0.0   0.0     0.0
         Count: Redu:          128            8            8            8            0           100.0   0.0   0.0   0.0     0.0
         Count: Send:          528           33           33           33            0           100.0   0.0   0.0   0.0     0.0
         Count: Test:          213         13.3           10           21           15            50.0  25.0  18.8   6.2    36.6
         Count: Wait:          896           56           56           56            0           100.0   0.0   0.0   0.0     0.0
          Time: Recv:     0.223 ms    0.0139 ms  6.33e+03 ns    0.0284 ms           13            37.5  43.8   0.0  18.8    51.0
          Time: Redu:        28 ms      1.75 ms     0.163 ms      2.64 ms           12            12.5  25.0   6.2  56.2    33.8
          Time: Send:      7.16 ms     0.447 ms      0.29 ms     0.607 ms            3            12.5  43.8  31.2  12.5    26.3
          Time: Test:      0.17 ms    0.0106 ms  1.43e+03 ns    0.0308 ms           13            62.5   6.2  12.5  18.8    65.5
          Time: Wait:      15.9 ms     0.993 ms     0.391 ms      1.91 ms            4            50.0   6.2  12.5  31.2    47.9
Volume Recv TOTAL   :      16.8 MB      1.05 MB      1.05 MB      1.05 MB            0            93.8   0.0   0.0   6.2     0.2
Volume Recv0: <= 64B:           17         1.06            1            2            0            93.8   0.0   0.0   6.2    46.9
Volume Recv1: <= 4KB:          197         12.3           12           17            0            93.8   0.0   0.0   6.2    27.6
Volume Recv2: <= 2MB:          352           22           22           22            0           100.0   0.0   0.0   0.0     0.0
Volume Send TOTAL   :      16.8 MB      1.05 MB      1.05 MB      1.05 MB            0           100.0   0.0   0.0   0.0     0.0
Volume Send0: <= 64B:           32            2            2            2            0           100.0   0.0   0.0   0.0     0.0
Volume Send1: <= 4KB:          272           17           17           17            0           100.0   0.0   0.0   0.0     0.0
Volume Send2: <= 2MB:          352           22           22           22            0           100.0   0.0   0.0   0.0     0.0

Timestep 6       Time=6e-05       Next delT=1e-05       Wall Time=0.186776  EMA=0.0147148   Memory Used=176.40 MBs (avg) 177.26 MBs (max on rank: 11    )
Runtime Summary  summary stats for time step 6 at time=6e-05
  Description       Units       Minimum           Rank   Average (16)      Std. Dev.         Maximum           Rank   100*(1-ave/max) '% load imbalance'
  TaskExec          [seconds] : 0.00929706      : 0    : 0.0100087       : 0.000447656     : 0.0105475       : 15   : 5.10911
  TaskLocalComm     [seconds] : 0.00194711      : 4    : 0.00248624      : 0.000423719     : 0.00318531      : 10   : 21.9468
  TaskWaitCommTime  [seconds] : 0.000689182     : 14   : 0.00126047      : 0.000562401     : 0.00214411      : 4    : 41.2123
  NumberOfTasks     [tasks  ] : 10              : 0    : 10              : 0               : 10              : 0    : 0
  NumberOfPatches   [patches] : 1               : 0    : 1               : 0               : 1               : 0    : 0
  NumberOfCells     [cells  ] : 32768           : 0    : 32768           : 0               : 32768           : 0    : 0
  SCIMemoryUsed     [MBytes ] : 1.75968e+08     : 2    : 1.76395e+08     : 384847          : 1.77263e+08     : 11   : 0.489434
  SCIMemoryMaxUsed  [MBytes ] : 1.75968e+08     : 2    : 1.76395e+08     : 384847          : 1.77263e+08     : 11   : 0.489434
  MemoryUsed        [MBytes ] : 7.48962e+08     : 1    : 7.58629e+08     : 4.57393e+06     : 7.66149e+08     : 5    : 0.981433
  MemoryResident    [MBytes ] : 1.75968e+08     : 2    : 1.76395e+08     : 384847          : 1.77263e+08     : 11   : 0.489434
  Percentage of time spent in overhead : 4.66319

________________________________________________________________________________
--------------------------------------------------------------------------------
MPIStats:+
--------------------------------------------------------------------------------
                Name:       Total:         Avg:         Min:         Max:    Max rank: Hist %% [  Q1 |  Q2 |  Q3 |  Q4 ]:  %%Load Imbalance
         Count: Recv:          528           33           33           33            0           100.0   0.0   0.0   0.0     0.0
         Count: Redu:          128            8            8            8            0           100.0   0.0   0.0   0.0     0.0
         Count: Send:          528           33           33           33            0           100.0   0.0   0.0   0.0     0.0
         Count: Test:          218         13.6           10           19           12            56.2   0.0  12.5  31.2    28.3
         Count: Wait:          896           56           56           56            0           100.0   0.0   0.0   0.0     0.0
          Time: Recv:     0.205 ms    0.0128 ms  6.15e+03 ns    0.0249 ms           14            56.2  18.8   6.2  18.8    48.5
          Time: Redu:      16.5 ms      1.03 ms     0.155 ms      1.62 ms           11            37.5   0.0  12.5  50.0    36.2
          Time: Send:      6.27 ms     0.392 ms     0.275 ms     0.517 ms           15            12.5  43.8  25.0  18.8    24.2
          Time: Test:     0.154 ms  9.65e+03 ns  1.21e+03 ns    0.0275 ms           13            50.0  25.0  18.8   6.2    64.9
          Time: Wait:      9.59 ms       0.6 ms     0.389 ms     0.964 ms            0            43.8  25.0  12.5  18.8    37.8
Volume Recv TOTAL   :      16.8 MB      1.05 MB      1.05 MB      1.05 MB            0            93.8   0.0   0.0   6.2     0.2
Volume Recv0: <= 64B:           17         1.06            1            2            0            93.8   0.0   0.0   6.2    46.9
Volume Recv1: <= 4KB:          197         12.3           12           17            0            93.8   0.0   0.0   6.2    27.6
Volume Recv2: <= 2MB:          352           22           22           22            0           100.0   0.0   0.0   0.0     0.0
Volume Send TOTAL   :      16.8 MB      1.05 MB      1.05 MB      1.05 MB            0           100.0   0.0   0.0   0.0     0.0
Volume Send0: <= 64B:           32            2            2            2            0           100.0   0.0   0.0   0.0     0.0
Volume Send1: <= 4KB:          272           17           17           17            0           100.0   0.0   0.0   0.0     0.0
Volume Send2: <= 2MB:          352           22           22           22            0           100.0   0.0   0.0   0.0     0.0

Timestep 7       Time=7e-05       Next delT=1e-05       Wall Time=0.198125  EMA=0.0138732   Memory Used=177.17 MBs (avg) 178.01 MBs (max on rank: 11    )
Runtime Summary  summary stats for time step 7 at time=7e-05
  Description       Units       Minimum           Rank   Average (16)      Std. Dev.         Maximum           Rank   100*(1-ave/max) '% load imbalance'
  TaskExec          [seconds] : 0.00849775      : 0    : 0.00885516      : 0.000150456     : 0.00905059      : 10   : 2.15932
  TaskLocalComm     [seconds] : 0.0019537       : 0    : 0.0022448       : 0.000248205     : 0.0026146       : 3    : 14.1435
  TaskWaitCommTime  [seconds] : 0.000684152     : 15   : 0.000863959     : 0.000171117     : 0.00121979      : 0    : 29.1717
  NumberOfTasks     [tasks  ] : 10              : 0    : 10              : 0               : 10              : 0    : 0
  NumberOfPatches   [patches] : 1               : 0    : 1               : 0               : 1               : 0    : 0
  NumberOfCells     [cells  ] : 32768           : 0    : 32768           : 0               : 32768           : 0    : 0
  SCIMemoryUsed     [MBytes ] : 1.76746e+08     : 2    : 1.77167e+08     : 383478          : 1.78008e+08     : 11   : 0.472572
  SCIMemoryMaxUsed  [MBytes ] : 1.76746e+08     : 2    : 1.77167e+08     : 383478          : 1.78008e+08     : 11   : 0.472572
  MemoryUsed        [MBytes ] : 7.49588e+08     : 1    : 7.59258e+08     : 4.574e+06       : 7.66775e+08     : 5    : 0.980397
  MemoryResident    [MBytes ] : 1.76746e+08     : 2    : 1.77167e+08     : 383478          : 1.78008e+08     : 11   : 0.472572
  Percentage of time spent in overhead : 3.99292

________________________________________________________________________________
--------------------------------------------------------------------------------
MPIStats:+
--------------------------------------------------------------------------------
                Name:       Total:         Avg:         Min:         Max:    Max rank: Hist %% [  Q1 |  Q2 |  Q3 |  Q4 ]:  %%Load Imbalance
         Count: Recv:          528           33           33           33            0           100.0   0.0   0.0   0.0     0.0
         Count: Redu:          128            8            8            8            0           100.0   0.0   0.0   0.0     0.0
         Count: Send:          528           33           33           33            0           100.0   0.0   0.0   0.0     0.0
         Count: Test:          221         13.8           10           20           13            50.0   6.2  12.5  31.2    30.9
         Count: Wait:          896           56           56           56            0           100.0   0.0   0.0   0.0     0.0
          Time: Recv:     0.212 ms    0.0133 ms  5.58e+03 ns    0.0294 ms           14            62.5  12.5   6.2  18.8    54.8
          Time: Redu:        17 ms      1.06 ms     0.153 ms      1.59 ms           11            25.0  12.5   6.2  56.2    32.9
          Time: Send:      6.82 ms     0.426 ms     0.273 ms     0.634 ms           15            25.0  43.8  18.8  12.5    32.8
          Time: Test:     0.151 ms  9.47e+03 ns  1.27e+03 ns    0.0274 ms           13            50.0  31.2   6.2  12.5    65.4
          Time: Wait:      11.3 ms     0.708 ms     0.387 ms      1.13 ms            0            37.5  12.5  31.2  18.8    37.4
Volume Recv TOTAL   :      16.8 MB      1.05 MB      1.05 MB      1.05 MB            0            93.8   0.0   0.0   6.2     0.2
Volume Recv0: <= 64B:           17         1.06            1            2            0            93.8   0.0   0.0   6.2    46.9
Volume Recv1: <= 4KB:          197         12.3           12           17            0            93.8   0.0   0.0   6.2    27.6
Volume Recv2: <= 2MB:          352           22           22           22            0           100.0   0.0   0.0   0.0     0.0
Volume Send TOTAL   :      16.8 MB      1.05 MB      1.05 MB      1.05 MB            0           100.0   0.0   0.0   0.0     0.0
Volume Send0: <= 64B:           32            2            2            2            0           100.0   0.0   0.0   0.0     0.0
Volume Send1: <= 4KB:          272           17           17           17            0           100.0   0.0   0.0   0.0     0.0
Volume Send2: <= 2MB:          352           22           22           22            0           100.0   0.0   0.0   0.0     0.0

Timestep 8       Time=8e-05       Next delT=1e-05       Wall Time=0.209615  EMA=0.0133438   Memory Used=176.69 MBs (avg) 177.54 MBs (max on rank: 11    )
Runtime Summary  summary stats for time step 8 at time=8e-05
  Description       Units       Minimum           Rank   Average (16)      Std. Dev.         Maximum           Rank   100*(1-ave/max) '% load imbalance'
  TaskExec          [seconds] : 0.00825862      : 0    : 0.00871038      : 0.000191215     : 0.00891439      : 11   : 2.28855
  TaskLocalComm     [seconds] : 0.00196931      : 12   : 0.00226353      : 0.000268632     : 0.00275201      : 15   : 17.7499
  TaskWaitCommTime  [seconds] : 0.000673903     : 14   : 0.000966205     : 0.000240457     : 0.00136958      : 0    : 29.4522
  NumberOfTasks     [tasks  ] : 10              : 0    : 10              : 0               : 10              : 0    : 0
  NumberOfPatches   [patches] : 1               : 0    : 1               : 0               : 1               : 0    : 0
  NumberOfCells     [cells  ] : 32768           : 0    : 32768           : 0               : 32768           : 0    : 0
  SCIMemoryUsed     [MBytes ] : 1.76271e+08     : 1    : 1.76687e+08     : 381044          : 1.77541e+08     : 11   : 0.481024
  SCIMemoryMaxUsed  [MBytes ] : 1.76271e+08     : 1    : 1.76687e+08     : 381044          : 1.77541e+08     : 11   : 0.481024
  MemoryUsed        [MBytes ] : 7.48962e+08     : 1    : 7.58629e+08     : 4.57393e+06     : 7.66149e+08     : 5    : 0.981433
  MemoryResident    [MBytes ] : 1.76271e+08     : 1    : 1.76687e+08     : 381044          : 1.77541e+08     : 11   : 0.481024
  Percentage of time spent in overhead : 3.48876

________________________________________________________________________________
--------------------------------------------------------------------------------
MPIStats:+
--------------------------------------------------------------------------------
                Name:       Total:         Avg:         Min:         Max:    Max rank: Hist %% [  Q1 |  Q2 |  Q3 |  Q4 ]:  %%Load Imbalance
         Count: Recv:          528           33           33           33            0           100.0   0.0   0.0   0.0     0.0
         Count: Redu:          128            8            8            8            0           100.0   0.0   0.0   0.0     0.0
         Count: Send:          528           33           33           33            0           100.0   0.0   0.0   0.0     0.0
         Count: Test:          215         13.4           10           20           15            50.0   6.2  37.5   6.2    32.8
         Count: Wait:          896           56           56           56            0           100.0   0.0   0.0   0.0     0.0
          Time: Recv:     0.195 ms    0.0122 ms   5.3e+03 ns    0.0255 ms           13            56.2  18.8   6.2  18.8    52.3
          Time: Redu:        17 ms      1.06 ms     0.165 ms       1.9 ms           10            18.8  25.0  37.5  18.8    44.1
          Time: Send:      5.57 ms     0.348 ms     0.292 ms     0.423 ms            2            37.5  25.0  25.0  12.5    17.6
          Time: Test:     0.128 ms     8e+03 ns  1.41e+03 ns    0.0257 ms           13            50.0  37.5   6.2   6.2    68.9
          Time: Wait:      12.7 ms     0.795 ms     0.399 ms      1.38 ms            0            56.2   0.0  18.8  25.0    42.2
Volume Recv TOTAL   :      16.8 MB      1.05 MB      1.05 MB      1.05 MB            0            93.8   0.0   0.0   6.2     0.2
Volume Recv0: <= 64B:           17         1.06            1            2            0            93.8   0.0   0.0   6.2    46.9
Volume Recv1: <= 4KB:          197         12.3           12           17            0            93.8   0.0   0.0   6.2    27.6
Volume Recv2: <= 2MB:          352           22           22           22            0           100.0   0.0   0.0   0.0     0.0
Volume Send TOTAL   :      16.8 MB      1.05 MB      1.05 MB      1.05 MB            0           100.0   0.0   0.0   0.0     0.0
Volume Send0: <= 64B:           32            2            2            2            0           100.0   0.0   0.0   0.0     0.0
Volume Send1: <= 4KB:          272           17           17           17            0           100.0   0.0   0.0   0.0     0.0
Volume Send2: <= 2MB:          352           22           22           22            0           100.0   0.0   0.0   0.0     0.0

Timestep 9       Time=9e-05       Next delT=1e-05       Wall Time=0.221052  EMA=0.0129624   Memory Used=177.45 MBs (avg) 178.32 MBs (max on rank: 11    )
Runtime Summary  summary stats for time step 9 at time=9e-05
  Description       Units       Minimum           Rank   Average (16)      Std. Dev.         Maximum           Rank   100*(1-ave/max) '% load imbalance'
  TaskExec          [seconds] : 0.00817958      : 0    : 0.00877192      : 0.000318943     : 0.00927081      : 11   : 5.38133
  TaskLocalComm     [seconds] : 0.00197523      : 10   : 0.00216773      : 0.000211572     : 0.00258164      : 3    : 16.0329
  TaskWaitCommTime  [seconds] : 0.000636541     : 11   : 0.00105234      : 0.000357342     : 0.00161715      : 0    : 34.9263
  NumberOfTasks     [tasks  ] : 10              : 0    : 10              : 0               : 10              : 0    : 0
  NumberOfPatches   [patches] : 1               : 0    : 1               : 0               : 1               : 0    : 0
  NumberOfCells     [cells  ] : 32768           : 0    : 32768           : 0               : 32768           : 0    : 0
  SCIMemoryUsed     [MBytes ] : 1.77025e+08     : 1    : 1.77452e+08     : 385893          : 1.78323e+08     : 11   : 0.488676
  SCIMemoryMaxUsed  [MBytes ] : 1.77025e+08     : 1    : 1.77452e+08     : 385893          : 1.78323e+08     : 11   : 0.488676
  MemoryUsed        [MBytes ] : 7.49588e+08     : 1    : 7.59258e+08     : 4.574e+06       : 7.66775e+08     : 5    : 0.980397
  MemoryResident    [MBytes ] : 1.77025e+08     : 1    : 1.77452e+08     : 385893          : 1.78323e+08     : 11   : 0.488676
  Percentage of time spent in overhead : 3.09511

________________________________________________________________________________
--------------------------------------------------------------------------------
MPIStats:+
--------------------------------------------------------------------------------
                Name:       Total:         Avg:         Min:         Max:    Max rank: Hist %% [  Q1 |  Q2 |  Q3 |  Q4 ]:  %%Load Imbalance
         Count: Recv:          528           33           33           33            0           100.0   0.0   0.0   0.0     0.0
         Count: Redu:          128            8            8            8            0           100.0   0.0   0.0   0.0     0.0
         Count: Send:          528           33           33           33            0           100.0   0.0   0.0   0.0     0.0
         Count: Test:          215         13.4           10           21           15            50.0  25.0  18.8   6.2    36.0
         Count: Wait:          896           56           56           56            0           100.0   0.0   0.0   0.0     0.0
          Time: Recv:     0.179 ms    0.0112 ms  5.16e+03 ns    0.0283 ms           14            56.2  31.2   6.2   6.2    60.4
          Time: Redu:      17.8 ms      1.11 ms     0.151 ms      1.57 ms           10            25.0   0.0   6.2  68.8    28.9
          Time: Send:      5.46 ms     0.341 ms     0.295 ms     0.432 ms            9            43.8  31.2  12.5  12.5    20.9
          Time: Test:     0.124 ms  7.78e+03 ns  1.42e+03 ns    0.0213 ms           14            56.2  12.5  18.8  12.5    63.6
          Time: Wait:      9.56 ms     0.597 ms     0.431 ms     0.795 ms            4            25.0  31.2  18.8  25.0    24.9
Volume Recv TOTAL   :      16.8 MB      1.05 MB      1.05 MB      1.05 MB            0            93.8   0.0   0.0   6.2     0.2
Volume Recv0: <= 64B:           17         1.06            1            2            0            93.8   0.0   0.0   6.2    46.9
Volume Recv1: <= 4KB:          197         12.3           12           17            0            93.8   0.0   0.0   6.2    27.6
Volume Recv2: <= 2MB:          352           22           22           22            0           100.0   0.0   0.0   0.0     0.0
Volume Send TOTAL   :      16.8 MB      1.05 MB      1.05 MB      1.05 MB            0           100.0   0.0   0.0   0.0     0.0
Volume Send0: <= 64B:           32            2            2            2            0           100.0   0.0   0.0   0.0     0.0
Volume Send1: <= 4KB:          272           17           17           17            0           100.0   0.0   0.0   0.0     0.0
Volume Send2: <= 2MB:          352           22           22           22            0           100.0   0.0   0.0   0.0     0.0

Timestep 10      Time=0.0001      Next delT=1e-05       Wall Time=0.232411  EMA=0.0126706   Memory Used=176.95 MBs (avg) 177.82 MBs (max on rank: 11    )
Runtime Summary  summary stats for time step 10 at time=0.0001
  Description       Units       Minimum           Rank   Average (16)      Std. Dev.         Maximum           Rank   100*(1-ave/max) '% load imbalance'
  TaskExec          [seconds] : 0.00843958      : 14   : 0.00862308      : 0.000128712     : 0.00879631      : 15   : 1.96935
  TaskLocalComm     [seconds] : 0.00197382      : 1    : 0.00215706      : 0.000255133     : 0.00263411      : 13   : 18.1105
  TaskWaitCommTime  [seconds] : 0.000739022     : 14   : 0.000874165     : 9.24006e-05     : 0.00104022      : 4    : 15.9638
  NumberOfTasks     [tasks  ] : 10              : 0    : 10              : 0               : 10              : 0    : 0
  NumberOfPatches   [patches] : 1               : 0    : 1               : 0               : 1               : 0    : 0
  NumberOfCells     [cells  ] : 32768           : 0    : 32768           : 0               : 32768           : 0    : 0
  SCIMemoryUsed     [MBytes ] : 1.76497e+08     : 1    : 1.76948e+08     : 387103          : 1.7782e+08      : 11   : 0.489917
  SCIMemoryMaxUsed  [MBytes ] : 1.76497e+08     : 1    : 1.76948e+08     : 387103          : 1.7782e+08      : 11   : 0.489917
  MemoryUsed        [MBytes ] : 7.48962e+08     : 1    : 7.58629e+08     : 4.57393e+06     : 7.66149e+08     : 5    : 0.981433
  MemoryResident    [MBytes ] : 1.76497e+08     : 1    : 1.76948e+08     : 387103          : 1.7782e+08      : 11   : 0.489917
  Percentage of time spent in overhead : 2.77862
Sus: going down successfully
