Parallel: 32 MPI processes (using MPI)
Parallel: MPI Level Required: 0, provided: 0
Date:       Thu Aug 25 13:41:59 2022
Machine:    notch201
git branch:wasatch-low-cost-integ-cmake
git date:   Sat Jul 30 10:34:22 2022 -0600
git hash:   9315f9f96fa6304db4fe79378b145f37ea40016d
Assertion level: 0
CFLAGS:          
CXXFLAGS:        
______________________________________________________________________
Application Component: 	'wasatch'

-------------------------------------------------------------
Wasatch was built against:
  SpatialOps HASH: bd7a2bac76e42e2cb528b02e2cf1291d05c71926
             DATE: Fri Nov 12 11:34:54 2021 -0700
     ExprLib HASH: d2950c77edb22e5f3669ddaaf2d2ed29ceb24d2c
             DATE: Thu Aug 5 12:26:26 2021 -0600
    TabProps HASH: eca0dc5f26b20d4f6b1cebe51b1ae97e11871e83
             DATE: Wed Aug 11 20:11:26 2021 -0600
-------------------------------------------------------------

Linear Solver: 		hypre
Load Balancer: 		Simple
Scheduler: 		MPI
Patch layout: 		(4,4,2)
Grid statistics:
Number of levels:		1
Level 0:
  Periodic boundaries:		[int 1, 1, 1]
  Number of patches:		32
  Total number of cells:	1048576 (32768 avg. per patch)
Total patches in grid:		32
Total cells in grid:		1048576 (32768 avg. per patch)

Using small, individual MPI messages (no message combining)
Detected solver: hypre
SETTING UP CONVECTIVE FLUX EXPRESSION IN X DIRECTION USING CENTRAL
SETTING UP CONVECTIVE FLUX EXPRESSION IN Y DIRECTION USING CENTRAL
SETTING UP CONVECTIVE FLUX EXPRESSION IN Z DIRECTION USING CENTRAL
Setting initial conditions for scalability test equation: scalability0
SETTING UP CONVECTIVE FLUX EXPRESSION IN X DIRECTION USING CENTRAL
SETTING UP CONVECTIVE FLUX EXPRESSION IN Y DIRECTION USING CENTRAL
SETTING UP CONVECTIVE FLUX EXPRESSION IN Z DIRECTION USING CENTRAL
Setting initial conditions for scalability test equation: scalability1
SETTING UP CONVECTIVE FLUX EXPRESSION IN X DIRECTION USING CENTRAL
SETTING UP CONVECTIVE FLUX EXPRESSION IN Y DIRECTION USING CENTRAL
SETTING UP CONVECTIVE FLUX EXPRESSION IN Z DIRECTION USING CENTRAL
Setting initial conditions for scalability test equation: scalability2
------------------------------------------------
No BoundaryConditions specified
  This message will only occur once

Compiling initialization taskgraph.
------------------------------------------------
SETTING INITIAL BOUNDARY CONDITIONS:
------------------------------------------------
Setting Initial BCs for transport equation 'scalability0'
Setting Initial BCs for transport equation 'scalability1'
Setting Initial BCs for transport equation 'scalability2'
------------------------------------------------
Wasatch: done creating initialization task(s)
Scheduling Task 'compute timestep' COMPUTES 'delT' in NEW data warehouse
Wasatch: done creating timestep task(s)
Done with taskgraph compile (0.00012402 seconds)
Warning: addContribution not implemented for LoadBalancerCommon.
WARNING at time step 0 and sim time 0 : lowering the next delT from 1 to the maximum: 1e-05

________________________________________________________________________________
--------------------------------------------------------------------------------
MPIStats:+
--------------------------------------------------------------------------------
                Name:       Total:         Avg:         Min:         Max:    Max rank: Hist %% [  Q1 |  Q2 |  Q3 |  Q4 ]:  %%Load Imbalance
         Count: Gath:           64            2            2            2            7           100.0   0.0   0.0   0.0     0.0
         Count: Redu:           32            1            1            1           11           100.0   0.0   0.0   0.0     0.0
          Time: Gath:      55.2 ms      1.72 ms     0.331 ms      2.57 ms           13            21.9   9.4  21.9  46.9    32.9
          Time: Redu:     0.332 s       10.4 ms    0.0357 ms      10.8 ms            6             3.1   0.0   0.0  96.9     4.0
Volume Recv TOTAL   :      26.3 KB        841 B        841 B        841 B           18           100.0   0.0   0.0   0.0     0.0
Volume Recv0: <= 64B:           32            1            1            1            2           100.0   0.0   0.0   0.0     0.0
Volume Recv1: <= 4KB:           64            2            2            2           28           100.0   0.0   0.0   0.0     0.0
Volume Send TOTAL   :      8.84 KB        283 B        281 B        285 B            4            50.0   0.0   0.0  50.0     0.7
Volume Send0: <= 64B:           64            2            2            2           24           100.0   0.0   0.0   0.0     0.0
Volume Send1: <= 4KB:           32            1            1            1            8           100.0   0.0   0.0   0.0     0.0


Simulation and run time stats are reported at the end of each time step
EMA == Wall time as an exponential moving average using a window of the last 10 time steps
Timestep 0       Time=0           Next delT=1e-05       Wall Time=0.0828557 EMA=0.0765839   Memory Used=172.07 MBs (avg) 172.70 MBs (max on rank: 23    )
Warning: finalizeContributions not implemented for LoadBalancerCommon.
Warning: resetCostForecaster not implemented for LoadBalancerCommon.
Compiling taskgraph(s)...
------------------------------------------------
SETTING BOUNDARY CONDITIONS:
------------------------------------------------
Setting BCs for transport equation 'scalability0'
Setting BCs for transport equation 'scalability1'
Setting BCs for transport equation 'scalability2'
------------------------------------------------
Wasatch: done creating solution task(s)
Wasatch: done creating solution task(s)
Wasatch: done creating solution task(s)
Wasatch: done creating post-processing task(s)
Scheduling Task 'compute timestep' COMPUTES 'delT' in NEW data warehouse
Wasatch: done creating timestep task(s)
Done with taskgraph compile (0.0214402 seconds)

________________________________________________________________________________
--------------------------------------------------------------------------------
MPIStats:+
--------------------------------------------------------------------------------
                Name:       Total:         Avg:         Min:         Max:    Max rank: Hist %% [  Q1 |  Q2 |  Q3 |  Q4 ]:  %%Load Imbalance
         Count: Recv:     1.63e+03           51           51           51           27           100.0   0.0   0.0   0.0     0.0
         Count: Redu:          256            8            8            8           11           100.0   0.0   0.0   0.0     0.0
         Count: Send:     1.63e+03           51           51           51           29           100.0   0.0   0.0   0.0     0.0
         Count: Test:          392         12.2           10           20           31            65.6   9.4  18.8   6.2    38.7
         Count: Wait:     2.94e+03           92           92           92           21           100.0   0.0   0.0   0.0     0.0
          Time: Recv:      0.96 ms      0.03 ms     0.015 ms    0.0823 ms           27            68.8  12.5  12.5   6.2    63.5
          Time: Redu:      50.2 ms      1.57 ms     0.301 ms      3.55 ms            2            12.5  65.6  18.8   3.1    55.7
          Time: Send:      28.2 ms      0.88 ms     0.723 ms       1.1 ms           15            12.5  59.4  25.0   3.1    20.2
          Time: Test:      1.08 ms    0.0339 ms   4.7e+03 ns     0.255 ms           25            90.6   0.0   0.0   9.4    86.7
          Time: Wait:     0.138 s       4.31 ms     0.769 ms      7.93 ms            2            46.9   0.0   0.0  53.1    45.7
Volume Recv TOTAL   :      33.5 MB      1.05 MB      1.05 MB      1.05 MB            0            96.9   0.0   0.0   3.1     0.2
Volume Recv0: <= 64B:          161         5.03            5            6            0            96.9   0.0   0.0   3.1    16.1
Volume Recv1: <= 4KB:          805         25.2           25           30            0            96.9   0.0   0.0   3.1    16.1
Volume Recv2: <= 2MB:          736           23           23           23           12           100.0   0.0   0.0   0.0     0.0
Volume Send TOTAL   :      33.6 MB      1.05 MB      1.05 MB      1.05 MB            4           100.0   0.0   0.0   0.0     0.0
Volume Send0: <= 64B:          192            6            6            6           24           100.0   0.0   0.0   0.0     0.0
Volume Send1: <= 4KB:          960           30           30           30            8           100.0   0.0   0.0   0.0     0.0
Volume Send2: <= 2MB:          736           23           23           23           16           100.0   0.0   0.0   0.0     0.0

Timestep 1       Time=1e-05       Next delT=1e-05       Wall Time=0.135683  EMA=0.052794    Memory Used=178.45 MBs (avg) 179.04 MBs (max on rank: 23    )
Runtime Summary  summary stats for time step 1 at time=1e-05
  Description       Units       Minimum           Rank   Average (32)      Std. Dev.         Maximum           Rank   100*(1-ave/max) '% load imbalance'
  Compilation       [seconds] : 0.0145057       : 16   : 0.0149122       : 0.00119544      : 0.0214402       : 0    : 30.4475
  TaskExec          [seconds] : 0.0277525       : 0    : 0.0312062       : 0.00316317      : 0.0351062       : 16   : 11.109
  TaskLocalComm     [seconds] : 0.00280283      : 2    : 0.00349143      : 0.000309242     : 0.00462288      : 15   : 24.4748
  TaskWaitCommTime  [seconds] : 0.0012407       : 23   : 0.00473959      : 0.00315102      : 0.00826748      : 2    : 42.6719
  NumberOfTasks     [tasks  ] : 10              : 0    : 10              : 0               : 10              : 0    : 0
  NumberOfPatches   [patches] : 1               : 0    : 1               : 0               : 1               : 0    : 0
  NumberOfCells     [cells  ] : 32768           : 0    : 32768           : 0               : 32768           : 0    : 0
  SCIMemoryUsed     [MBytes ] : 1.77832e+08     : 31   : 1.78446e+08     : 273549          : 1.7904e+08      : 23   : 0.331796
  SCIMemoryMaxUsed  [MBytes ] : 1.77832e+08     : 31   : 1.78446e+08     : 273549          : 1.7904e+08      : 23   : 0.331796
  MemoryUsed        [MBytes ] : 7.90155e+08     : 1    : 8.09231e+08     : 1.00776e+07     : 8.37423e+08     : 0    : 3.36647
  MemoryResident    [MBytes ] : 1.77832e+08     : 31   : 1.78446e+08     : 273549          : 1.7904e+08      : 23   : 0.331796
  Percentage of time spent in overhead : 27.4376

________________________________________________________________________________
--------------------------------------------------------------------------------
MPIStats:+
--------------------------------------------------------------------------------
                Name:       Total:         Avg:         Min:         Max:    Max rank: Hist %% [  Q1 |  Q2 |  Q3 |  Q4 ]:  %%Load Imbalance
         Count: Recv:     1.63e+03           51           51           51           27           100.0   0.0   0.0   0.0     0.0
         Count: Redu:          256            8            8            8           11           100.0   0.0   0.0   0.0     0.0
         Count: Send:     1.63e+03           51           51           51           29           100.0   0.0   0.0   0.0     0.0
         Count: Test:          392         12.2           10           20           31            59.4  15.6  21.9   3.1    38.7
         Count: Wait:     2.94e+03           92           92           92           21           100.0   0.0   0.0   0.0     0.0
          Time: Recv:     0.688 ms    0.0215 ms  9.56e+03 ns    0.0452 ms           27            56.2  28.1   6.2   9.4    52.4
          Time: Redu:      43.7 ms      1.37 ms     0.236 ms      2.89 ms            2             9.4  65.6  21.9   3.1    52.8
          Time: Send:      14.4 ms     0.449 ms     0.243 ms     0.624 ms            6             6.2  37.5  40.6  15.6    28.1
          Time: Test:     0.337 ms    0.0105 ms  1.83e+03 ns    0.0341 ms           31            56.2  25.0  15.6   3.1    69.1
          Time: Wait:      24.1 ms     0.753 ms     0.525 ms      1.95 ms            2            84.4  12.5   0.0   3.1    61.4
Volume Recv TOTAL   :      33.5 MB      1.05 MB      1.05 MB      1.05 MB            0            96.9   0.0   0.0   3.1     0.2
Volume Recv0: <= 64B:          161         5.03            5            6            0            96.9   0.0   0.0   3.1    16.1
Volume Recv1: <= 4KB:          805         25.2           25           30            0            96.9   0.0   0.0   3.1    16.1
Volume Recv2: <= 2MB:          736           23           23           23           12           100.0   0.0   0.0   0.0     0.0
Volume Send TOTAL   :      33.6 MB      1.05 MB      1.05 MB      1.05 MB            4           100.0   0.0   0.0   0.0     0.0
Volume Send0: <= 64B:          192            6            6            6           24           100.0   0.0   0.0   0.0     0.0
Volume Send1: <= 4KB:          960           30           30           30            8           100.0   0.0   0.0   0.0     0.0
Volume Send2: <= 2MB:          736           23           23           23           16           100.0   0.0   0.0   0.0     0.0

Timestep 2       Time=2e-05       Next delT=1e-05       Wall Time=0.151139  EMA=0.0279014   Memory Used=179.59 MBs (avg) 180.24 MBs (max on rank: 23    )
Runtime Summary  summary stats for time step 2 at time=2e-05
  Description       Units       Minimum           Rank   Average (32)      Std. Dev.         Maximum           Rank   100*(1-ave/max) '% load imbalance'
  TaskExec          [seconds] : 0.0113662       : 2    : 0.0121058       : 0.000195879     : 0.0124756       : 3    : 2.96451
  TaskLocalComm     [seconds] : 0.0022557       : 2    : 0.00300253      : 0.000262262     : 0.00364792      : 6    : 17.692
  TaskWaitCommTime  [seconds] : 0.000950033     : 23   : 0.001182        : 0.000246661     : 0.00223457      : 2    : 47.1037
  NumberOfTasks     [tasks  ] : 10              : 0    : 10              : 0               : 10              : 0    : 0
  NumberOfPatches   [patches] : 1               : 0    : 1               : 0               : 1               : 0    : 0
  NumberOfCells     [cells  ] : 32768           : 0    : 32768           : 0               : 32768           : 0    : 0
  SCIMemoryUsed     [MBytes ] : 1.78467e+08     : 7    : 1.7959e+08      : 431999          : 1.80244e+08     : 23   : 0.363311
  SCIMemoryMaxUsed  [MBytes ] : 1.78467e+08     : 7    : 1.7959e+08      : 431999          : 1.80244e+08     : 23   : 0.363311
  MemoryUsed        [MBytes ] : 7.91163e+08     : 1    : 8.10073e+08     : 1.00799e+07     : 8.38402e+08     : 0    : 3.37897
  MemoryResident    [MBytes ] : 1.78467e+08     : 7    : 1.7959e+08      : 431999          : 1.80244e+08     : 23   : 0.363311
  Percentage of time spent in overhead : 13.7187

________________________________________________________________________________
--------------------------------------------------------------------------------
MPIStats:+
--------------------------------------------------------------------------------
                Name:       Total:         Avg:         Min:         Max:    Max rank: Hist %% [  Q1 |  Q2 |  Q3 |  Q4 ]:  %%Load Imbalance
         Count: Recv:     1.63e+03           51           51           51           27           100.0   0.0   0.0   0.0     0.0
         Count: Redu:          256            8            8            8           11           100.0   0.0   0.0   0.0     0.0
         Count: Send:     1.63e+03           51           51           51           29           100.0   0.0   0.0   0.0     0.0
         Count: Test:          389         12.2           10           20           31            62.5  12.5  21.9   3.1    39.2
         Count: Wait:     2.94e+03           92           92           92           21           100.0   0.0   0.0   0.0     0.0
          Time: Recv:     0.729 ms    0.0228 ms  9.09e+03 ns    0.0405 ms           27            21.9  46.9  12.5  18.8    43.7
          Time: Redu:      57.7 ms       1.8 ms     0.184 ms      3.39 ms            2             9.4  31.2  56.2   3.1    46.8
          Time: Send:      9.54 ms     0.298 ms     0.163 ms     0.493 ms            6            28.1  37.5  21.9  12.5    39.6
          Time: Test:     0.327 ms    0.0102 ms  1.91e+03 ns    0.0389 ms           30            59.4  28.1   9.4   3.1    73.8
          Time: Wait:      26.2 ms     0.818 ms     0.461 ms      1.79 ms            2            56.2  37.5   3.1   3.1    54.4
Volume Recv TOTAL   :      33.5 MB      1.05 MB      1.05 MB      1.05 MB            0            96.9   0.0   0.0   3.1     0.2
Volume Recv0: <= 64B:          161         5.03            5            6            0            96.9   0.0   0.0   3.1    16.1
Volume Recv1: <= 4KB:          805         25.2           25           30            0            96.9   0.0   0.0   3.1    16.1
Volume Recv2: <= 2MB:          736           23           23           23           12           100.0   0.0   0.0   0.0     0.0
Volume Send TOTAL   :      33.6 MB      1.05 MB      1.05 MB      1.05 MB            4           100.0   0.0   0.0   0.0     0.0
Volume Send0: <= 64B:          192            6            6            6           24           100.0   0.0   0.0   0.0     0.0
Volume Send1: <= 4KB:          960           30           30           30            8           100.0   0.0   0.0   0.0     0.0
Volume Send2: <= 2MB:          736           23           23           23           16           100.0   0.0   0.0   0.0     0.0

Timestep 3       Time=3e-05       Next delT=1e-05       Wall Time=0.166267  EMA=0.021515    Memory Used=180.53 MBs (avg) 181.25 MBs (max on rank: 1     )
Runtime Summary  summary stats for time step 3 at time=3e-05
  Description       Units       Minimum           Rank   Average (32)      Std. Dev.         Maximum           Rank   100*(1-ave/max) '% load imbalance'
  TaskExec          [seconds] : 0.0112158       : 2    : 0.0116958       : 0.000226581     : 0.0120781       : 26   : 3.16562
  TaskLocalComm     [seconds] : 0.00211193      : 2    : 0.00280751      : 0.000277709     : 0.0036929       : 6    : 23.9754
  TaskWaitCommTime  [seconds] : 0.000856372     : 18   : 0.00126364      : 0.000278908     : 0.00208135      : 2    : 39.2874
  NumberOfTasks     [tasks  ] : 10              : 0    : 10              : 0               : 10              : 0    : 0
  NumberOfPatches   [patches] : 1               : 0    : 1               : 0               : 1               : 0    : 0
  NumberOfCells     [cells  ] : 32768           : 0    : 32768           : 0               : 32768           : 0    : 0
  SCIMemoryUsed     [MBytes ] : 1.79683e+08     : 7    : 1.80528e+08     : 427693          : 1.81252e+08     : 1    : 0.399426
  SCIMemoryMaxUsed  [MBytes ] : 1.79683e+08     : 7    : 1.80528e+08     : 427693          : 1.81252e+08     : 1    : 0.399426
  MemoryUsed        [MBytes ] : 7.92138e+08     : 1    : 8.1082e+08      : 1.00767e+07     : 8.39385e+08     : 0    : 3.40313
  MemoryResident    [MBytes ] : 1.79683e+08     : 7    : 1.80528e+08     : 427693          : 1.81252e+08     : 1    : 0.399426
  Percentage of time spent in overhead : 9.14514

________________________________________________________________________________
--------------------------------------------------------------------------------
MPIStats:+
--------------------------------------------------------------------------------
                Name:       Total:         Avg:         Min:         Max:    Max rank: Hist %% [  Q1 |  Q2 |  Q3 |  Q4 ]:  %%Load Imbalance
         Count: Recv:     1.63e+03           51           51           51           27           100.0   0.0   0.0   0.0     0.0
         Count: Redu:          256            8            8            8           11           100.0   0.0   0.0   0.0     0.0
         Count: Send:     1.63e+03           51           51           51           29           100.0   0.0   0.0   0.0     0.0
         Count: Test:          392         12.2           10           21           31            65.6  18.8   9.4   6.2    41.7
         Count: Wait:     2.94e+03           92           92           92           21           100.0   0.0   0.0   0.0     0.0
          Time: Recv:     0.724 ms    0.0226 ms  8.61e+03 ns    0.0555 ms           29            62.5  25.0   6.2   6.2    59.2
          Time: Redu:      57.8 ms      1.81 ms     0.272 ms      3.11 ms            2             9.4  21.9  65.6   3.1    41.9
          Time: Send:      9.62 ms     0.301 ms     0.115 ms     0.492 ms            6            15.6  40.6  28.1  15.6    38.9
          Time: Test:     0.353 ms     0.011 ms  1.81e+03 ns    0.0434 ms            6            68.8  15.6   6.2   9.4    74.6
          Time: Wait:      24.3 ms     0.759 ms     0.394 ms      2.25 ms            2            71.9  25.0   0.0   3.1    66.3
Volume Recv TOTAL   :      33.5 MB      1.05 MB      1.05 MB      1.05 MB            0            96.9   0.0   0.0   3.1     0.2
Volume Recv0: <= 64B:          161         5.03            5            6            0            96.9   0.0   0.0   3.1    16.1
Volume Recv1: <= 4KB:          805         25.2           25           30            0            96.9   0.0   0.0   3.1    16.1
Volume Recv2: <= 2MB:          736           23           23           23           12           100.0   0.0   0.0   0.0     0.0
Volume Send TOTAL   :      33.6 MB      1.05 MB      1.05 MB      1.05 MB            4           100.0   0.0   0.0   0.0     0.0
Volume Send0: <= 64B:          192            6            6            6           24           100.0   0.0   0.0   0.0     0.0
Volume Send1: <= 4KB:          960           30           30           30            8           100.0   0.0   0.0   0.0     0.0
Volume Send2: <= 2MB:          736           23           23           23           16           100.0   0.0   0.0   0.0     0.0

Timestep 4       Time=4e-05       Next delT=1e-05       Wall Time=0.181164  EMA=0.0188674   Memory Used=180.64 MBs (avg) 181.52 MBs (max on rank: 1     )
Runtime Summary  summary stats for time step 4 at time=4e-05
  Description       Units       Minimum           Rank   Average (32)      Std. Dev.         Maximum           Rank   100*(1-ave/max) '% load imbalance'
  TaskExec          [seconds] : 0.0105145       : 2    : 0.0114701       : 0.000276023     : 0.0118004       : 11   : 2.79879
  TaskLocalComm     [seconds] : 0.00202668      : 2    : 0.00282186      : 0.000307132     : 0.00357994      : 30   : 21.1758
  TaskWaitCommTime  [seconds] : 0.000767453     : 26   : 0.00116792      : 0.000363826     : 0.00252446      : 2    : 53.7357
  NumberOfTasks     [tasks  ] : 10              : 0    : 10              : 0               : 10              : 0    : 0
  NumberOfPatches   [patches] : 1               : 0    : 1               : 0               : 1               : 0    : 0
  NumberOfCells     [cells  ] : 32768           : 0    : 32768           : 0               : 32768           : 0    : 0
  SCIMemoryUsed     [MBytes ] : 1.78991e+08     : 10   : 1.80635e+08     : 682565          : 1.81522e+08     : 1    : 0.488737
  SCIMemoryMaxUsed  [MBytes ] : 1.78991e+08     : 10   : 1.80635e+08     : 682565          : 1.81522e+08     : 1    : 0.488737
  MemoryUsed        [MBytes ] : 7.92138e+08     : 1    : 8.10706e+08     : 1.01155e+07     : 8.39385e+08     : 0    : 3.41672
  MemoryResident    [MBytes ] : 1.78991e+08     : 10   : 1.80635e+08     : 682565          : 1.81522e+08     : 1    : 0.488737
  Percentage of time spent in overhead : 6.85746

________________________________________________________________________________
--------------------------------------------------------------------------------
MPIStats:+
--------------------------------------------------------------------------------
                Name:       Total:         Avg:         Min:         Max:    Max rank: Hist %% [  Q1 |  Q2 |  Q3 |  Q4 ]:  %%Load Imbalance
         Count: Recv:     1.63e+03           51           51           51           27           100.0   0.0   0.0   0.0     0.0
         Count: Redu:          256            8            8            8           11           100.0   0.0   0.0   0.0     0.0
         Count: Send:     1.63e+03           51           51           51           29           100.0   0.0   0.0   0.0     0.0
         Count: Test:          394         12.3           10           20           31            59.4  12.5  21.9   6.2    38.4
         Count: Wait:     2.94e+03           92           92           92           21           100.0   0.0   0.0   0.0     0.0
          Time: Recv:      0.64 ms      0.02 ms  8.93e+03 ns    0.0343 ms           27             6.2  68.8  15.6   9.4    41.6
          Time: Redu:      57.4 ms      1.79 ms     0.185 ms      3.05 ms            2             9.4  18.8  65.6   6.2    41.1
          Time: Send:      8.51 ms     0.266 ms     0.116 ms     0.524 ms            6            28.1  50.0  18.8   3.1    49.2
          Time: Test:     0.288 ms  9.01e+03 ns  1.97e+03 ns    0.0244 ms           30            56.2  12.5  21.9   9.4    63.0
          Time: Wait:      24.7 ms     0.772 ms     0.448 ms      1.95 ms            2            68.8  18.8   9.4   3.1    60.4
Volume Recv TOTAL   :      33.5 MB      1.05 MB      1.05 MB      1.05 MB            0            96.9   0.0   0.0   3.1     0.2
Volume Recv0: <= 64B:          161         5.03            5            6            0            96.9   0.0   0.0   3.1    16.1
Volume Recv1: <= 4KB:          805         25.2           25           30            0            96.9   0.0   0.0   3.1    16.1
Volume Recv2: <= 2MB:          736           23           23           23           12           100.0   0.0   0.0   0.0     0.0
Volume Send TOTAL   :      33.6 MB      1.05 MB      1.05 MB      1.05 MB            4           100.0   0.0   0.0   0.0     0.0
Volume Send0: <= 64B:          192            6            6            6           24           100.0   0.0   0.0   0.0     0.0
Volume Send1: <= 4KB:          960           30           30           30            8           100.0   0.0   0.0   0.0     0.0
Volume Send2: <= 2MB:          736           23           23           23           16           100.0   0.0   0.0   0.0     0.0

Timestep 5       Time=5e-05       Next delT=1e-05       Wall Time=0.195929  EMA=0.0175003   Memory Used=181.12 MBs (avg) 181.79 MBs (max on rank: 1     )
Runtime Summary  summary stats for time step 5 at time=5e-05
  Description       Units       Minimum           Rank   Average (32)      Std. Dev.         Maximum           Rank   100*(1-ave/max) '% load imbalance'
  TaskExec          [seconds] : 0.010623        : 2    : 0.0113541       : 0.000275527     : 0.0118324       : 3    : 4.04243
  TaskLocalComm     [seconds] : 0.00206282      : 2    : 0.00277389      : 0.0002681       : 0.00356169      : 6    : 22.1188
  TaskWaitCommTime  [seconds] : 0.000810992     : 26   : 0.00116905      : 0.000351324     : 0.0022362       : 2    : 47.7215
  NumberOfTasks     [tasks  ] : 10              : 0    : 10              : 0               : 10              : 0    : 0
  NumberOfPatches   [patches] : 1               : 0    : 1               : 0               : 1               : 0    : 0
  NumberOfCells     [cells  ] : 32768           : 0    : 32768           : 0               : 32768           : 0    : 0
  SCIMemoryUsed     [MBytes ] : 1.80126e+08     : 10   : 1.81116e+08     : 452815          : 1.81793e+08     : 1    : 0.372116
  SCIMemoryMaxUsed  [MBytes ] : 1.80126e+08     : 10   : 1.81116e+08     : 452815          : 1.81793e+08     : 1    : 0.372116
  MemoryUsed        [MBytes ] : 7.92138e+08     : 1    : 8.11023e+08     : 1.01126e+07     : 8.39385e+08     : 0    : 3.37887
  MemoryResident    [MBytes ] : 1.80126e+08     : 10   : 1.81116e+08     : 452815          : 1.81793e+08     : 1    : 0.372116
  Percentage of time spent in overhead : 5.48374

________________________________________________________________________________
--------------------------------------------------------------------------------
MPIStats:+
--------------------------------------------------------------------------------
                Name:       Total:         Avg:         Min:         Max:    Max rank: Hist %% [  Q1 |  Q2 |  Q3 |  Q4 ]:  %%Load Imbalance
         Count: Recv:     1.63e+03           51           51           51           27           100.0   0.0   0.0   0.0     0.0
         Count: Redu:          256            8            8            8           11           100.0   0.0   0.0   0.0     0.0
         Count: Send:     1.63e+03           51           51           51           29           100.0   0.0   0.0   0.0     0.0
         Count: Test:          392         12.2           10           23           31            71.9  18.8   6.2   3.1    46.7
         Count: Wait:     2.94e+03           92           92           92           21           100.0   0.0   0.0   0.0     0.0
          Time: Recv:      0.65 ms    0.0203 ms  9.06e+03 ns    0.0375 ms            6            15.6  62.5   9.4  12.5    45.8
          Time: Redu:      50.3 ms      1.57 ms     0.192 ms      3.19 ms            2             9.4  56.2  31.2   3.1    50.6
          Time: Send:      8.45 ms     0.264 ms     0.169 ms     0.451 ms            6            40.6  37.5   6.2  15.6    41.5
          Time: Test:     0.298 ms   9.3e+03 ns   1.9e+03 ns    0.0357 ms           31            56.2  34.4   6.2   3.1    74.0
          Time: Wait:        25 ms     0.781 ms     0.431 ms      1.65 ms            2            40.6  50.0   6.2   3.1    52.7
Volume Recv TOTAL   :      33.5 MB      1.05 MB      1.05 MB      1.05 MB            0            96.9   0.0   0.0   3.1     0.2
Volume Recv0: <= 64B:          161         5.03            5            6            0            96.9   0.0   0.0   3.1    16.1
Volume Recv1: <= 4KB:          805         25.2           25           30            0            96.9   0.0   0.0   3.1    16.1
Volume Recv2: <= 2MB:          736           23           23           23           12           100.0   0.0   0.0   0.0     0.0
Volume Send TOTAL   :      33.6 MB      1.05 MB      1.05 MB      1.05 MB            4           100.0   0.0   0.0   0.0     0.0
Volume Send0: <= 64B:          192            6            6            6           24           100.0   0.0   0.0   0.0     0.0
Volume Send1: <= 4KB:          960           30           30           30            8           100.0   0.0   0.0   0.0     0.0
Volume Send2: <= 2MB:          736           23           23           23           16           100.0   0.0   0.0   0.0     0.0

Timestep 6       Time=6e-05       Next delT=1e-05       Wall Time=0.210497  EMA=0.0166623   Memory Used=181.21 MBs (avg) 181.99 MBs (max on rank: 23    )
Runtime Summary  summary stats for time step 6 at time=6e-05
  Description       Units       Minimum           Rank   Average (32)      Std. Dev.         Maximum           Rank   100*(1-ave/max) '% load imbalance'
  TaskExec          [seconds] : 0.0106665       : 4    : 0.0110404       : 0.000161053     : 0.0113844       : 26   : 3.02176
  TaskLocalComm     [seconds] : 0.00204669      : 2    : 0.00275582      : 0.000284642     : 0.00360423      : 6    : 23.5393
  TaskWaitCommTime  [seconds] : 0.000813602     : 26   : 0.00121548      : 0.000237822     : 0.00193808      : 2    : 37.2842
  NumberOfTasks     [tasks  ] : 10              : 0    : 10              : 0               : 10              : 0    : 0
  NumberOfPatches   [patches] : 1               : 0    : 1               : 0               : 1               : 0    : 0
  NumberOfCells     [cells  ] : 32768           : 0    : 32768           : 0               : 32768           : 0    : 0
  SCIMemoryUsed     [MBytes ] : 1.79409e+08     : 10   : 1.81207e+08     : 640502          : 1.81993e+08     : 23   : 0.432402
  SCIMemoryMaxUsed  [MBytes ] : 1.79409e+08     : 10   : 1.81207e+08     : 640502          : 1.81993e+08     : 23   : 0.432402
  MemoryUsed        [MBytes ] : 7.92138e+08     : 1    : 8.10931e+08     : 1.01386e+07     : 8.39385e+08     : 0    : 3.38993
  MemoryResident    [MBytes ] : 1.79409e+08     : 10   : 1.81207e+08     : 640502          : 1.81993e+08     : 23   : 0.432402
  Percentage of time spent in overhead : 4.56667

________________________________________________________________________________
--------------------------------------------------------------------------------
MPIStats:+
--------------------------------------------------------------------------------
                Name:       Total:         Avg:         Min:         Max:    Max rank: Hist %% [  Q1 |  Q2 |  Q3 |  Q4 ]:  %%Load Imbalance
         Count: Recv:     1.63e+03           51           51           51           27           100.0   0.0   0.0   0.0     0.0
         Count: Redu:          256            8            8            8           11           100.0   0.0   0.0   0.0     0.0
         Count: Send:     1.63e+03           51           51           51           29           100.0   0.0   0.0   0.0     0.0
         Count: Test:          391         12.2           10           22           31            65.6  18.8  12.5   3.1    44.5
         Count: Wait:     2.94e+03           92           92           92           21           100.0   0.0   0.0   0.0     0.0
          Time: Recv:     0.666 ms    0.0208 ms   8.6e+03 ns    0.0409 ms            7            18.8  59.4  15.6   6.2    49.2
          Time: Redu:      59.7 ms      1.87 ms     0.191 ms      3.17 ms            2             3.1  25.0  59.4  12.5    41.0
          Time: Send:       8.3 ms     0.259 ms     0.157 ms     0.473 ms           16            43.8  31.2  12.5  12.5    45.1
          Time: Test:     0.286 ms  8.93e+03 ns  1.85e+03 ns    0.0383 ms           31            62.5  31.2   3.1   3.1    76.7
          Time: Wait:      28.4 ms     0.887 ms     0.467 ms      2.07 ms            2            62.5  28.1   6.2   3.1    57.2
Volume Recv TOTAL   :      33.5 MB      1.05 MB      1.05 MB      1.05 MB            0            96.9   0.0   0.0   3.1     0.2
Volume Recv0: <= 64B:          161         5.03            5            6            0            96.9   0.0   0.0   3.1    16.1
Volume Recv1: <= 4KB:          805         25.2           25           30            0            96.9   0.0   0.0   3.1    16.1
Volume Recv2: <= 2MB:          736           23           23           23           12           100.0   0.0   0.0   0.0     0.0
Volume Send TOTAL   :      33.6 MB      1.05 MB      1.05 MB      1.05 MB            4           100.0   0.0   0.0   0.0     0.0
Volume Send0: <= 64B:          192            6            6            6           24           100.0   0.0   0.0   0.0     0.0
Volume Send1: <= 4KB:          960           30           30           30            8           100.0   0.0   0.0   0.0     0.0
Volume Send2: <= 2MB:          736           23           23           23           16           100.0   0.0   0.0   0.0     0.0

Timestep 7       Time=7e-05       Next delT=1e-05       Wall Time=0.22539   EMA=0.0162202   Memory Used=181.54 MBs (avg) 182.26 MBs (max on rank: 23    )
Runtime Summary  summary stats for time step 7 at time=7e-05
  Description       Units       Minimum           Rank   Average (32)      Std. Dev.         Maximum           Rank   100*(1-ave/max) '% load imbalance'
  TaskExec          [seconds] : 0.0107136       : 2    : 0.0113696       : 0.000279416     : 0.0117839       : 22   : 3.51588
  TaskLocalComm     [seconds] : 0.00205772      : 2    : 0.0027439       : 0.000272317     : 0.00352253      : 6    : 22.1043
  TaskWaitCommTime  [seconds] : 0.000848673     : 30   : 0.00131982      : 0.000361401     : 0.0023748       : 2    : 44.4237
  NumberOfTasks     [tasks  ] : 10              : 0    : 10              : 0               : 10              : 0    : 0
  NumberOfPatches   [patches] : 1               : 0    : 1               : 0               : 1               : 0    : 0
  NumberOfCells     [cells  ] : 32768           : 0    : 32768           : 0               : 32768           : 0    : 0
  SCIMemoryUsed     [MBytes ] : 1.80543e+08     : 10   : 1.81542e+08     : 421231          : 1.82264e+08     : 23   : 0.395804
  SCIMemoryMaxUsed  [MBytes ] : 1.80543e+08     : 10   : 1.81542e+08     : 421231          : 1.82264e+08     : 23   : 0.395804
  MemoryUsed        [MBytes ] : 7.92138e+08     : 1    : 8.11029e+08     : 1.01116e+07     : 8.39385e+08     : 0    : 3.37824
  MemoryResident    [MBytes ] : 1.80543e+08     : 10   : 1.81542e+08     : 421231          : 1.82264e+08     : 23   : 0.395804
  Percentage of time spent in overhead : 3.91027

________________________________________________________________________________
--------------------------------------------------------------------------------
MPIStats:+
--------------------------------------------------------------------------------
                Name:       Total:         Avg:         Min:         Max:    Max rank: Hist %% [  Q1 |  Q2 |  Q3 |  Q4 ]:  %%Load Imbalance
         Count: Recv:     1.63e+03           51           51           51           27           100.0   0.0   0.0   0.0     0.0
         Count: Redu:          256            8            8            8           11           100.0   0.0   0.0   0.0     0.0
         Count: Send:     1.63e+03           51           51           51           29           100.0   0.0   0.0   0.0     0.0
         Count: Test:          392         12.2           10           21           31            56.2  28.1  12.5   3.1    41.7
         Count: Wait:     2.94e+03           92           92           92           21           100.0   0.0   0.0   0.0     0.0
          Time: Recv:      0.65 ms    0.0203 ms  8.82e+03 ns    0.0365 ms           15             6.2  68.8  18.8   6.2    44.4
          Time: Redu:        55 ms      1.72 ms     0.217 ms      3.27 ms            2             9.4  43.8  43.8   3.1    47.5
          Time: Send:      7.92 ms     0.247 ms     0.109 ms     0.412 ms            6            21.9  40.6  21.9  15.6    39.9
          Time: Test:     0.337 ms    0.0105 ms  1.78e+03 ns     0.038 ms           30            59.4  28.1   3.1   9.4    72.3
          Time: Wait:      24.4 ms     0.764 ms     0.425 ms      1.72 ms            2            50.0  43.8   3.1   3.1    55.7
Volume Recv TOTAL   :      33.5 MB      1.05 MB      1.05 MB      1.05 MB            0            96.9   0.0   0.0   3.1     0.2
Volume Recv0: <= 64B:          161         5.03            5            6            0            96.9   0.0   0.0   3.1    16.1
Volume Recv1: <= 4KB:          805         25.2           25           30            0            96.9   0.0   0.0   3.1    16.1
Volume Recv2: <= 2MB:          736           23           23           23           12           100.0   0.0   0.0   0.0     0.0
Volume Send TOTAL   :      33.6 MB      1.05 MB      1.05 MB      1.05 MB            4           100.0   0.0   0.0   0.0     0.0
Volume Send0: <= 64B:          192            6            6            6           24           100.0   0.0   0.0   0.0     0.0
Volume Send1: <= 4KB:          960           30           30           30            8           100.0   0.0   0.0   0.0     0.0
Volume Send2: <= 2MB:          736           23           23           23           16           100.0   0.0   0.0   0.0     0.0

Timestep 8       Time=8e-05       Next delT=1e-05       Wall Time=0.240081  EMA=0.01588     Memory Used=181.66 MBs (avg) 182.48 MBs (max on rank: 0     )
Runtime Summary  summary stats for time step 8 at time=8e-05
  Description       Units       Minimum           Rank   Average (32)      Std. Dev.         Maximum           Rank   100*(1-ave/max) '% load imbalance'
  TaskExec          [seconds] : 0.0106886       : 2    : 0.0111547       : 0.000183223     : 0.011549        : 3    : 3.41433
  TaskLocalComm     [seconds] : 0.00200519      : 2    : 0.00273925      : 0.000272914     : 0.003569        : 6    : 23.2489
  TaskWaitCommTime  [seconds] : 0.000809673     : 30   : 0.00120322      : 0.000247132     : 0.00200514      : 2    : 39.993
  NumberOfTasks     [tasks  ] : 10              : 0    : 10              : 0               : 10              : 0    : 0
  NumberOfPatches   [patches] : 1               : 0    : 1               : 0               : 1               : 0    : 0
  NumberOfCells     [cells  ] : 32768           : 0    : 32768           : 0               : 32768           : 0    : 0
  SCIMemoryUsed     [MBytes ] : 1.7979e+08      : 10   : 1.8166e+08      : 682225          : 1.82481e+08     : 0    : 0.449976
  SCIMemoryMaxUsed  [MBytes ] : 1.7979e+08      : 10   : 1.8166e+08      : 682225          : 1.82481e+08     : 0    : 0.449976
  MemoryUsed        [MBytes ] : 7.92138e+08     : 1    : 8.10925e+08     : 1.01434e+07     : 8.39385e+08     : 0    : 3.39054
  MemoryResident    [MBytes ] : 1.7979e+08      : 10   : 1.8166e+08      : 682225          : 1.82481e+08     : 0    : 0.449976
  Percentage of time spent in overhead : 3.41655

________________________________________________________________________________
--------------------------------------------------------------------------------
MPIStats:+
--------------------------------------------------------------------------------
                Name:       Total:         Avg:         Min:         Max:    Max rank: Hist %% [  Q1 |  Q2 |  Q3 |  Q4 ]:  %%Load Imbalance
         Count: Recv:     1.63e+03           51           51           51           27           100.0   0.0   0.0   0.0     0.0
         Count: Redu:          256            8            8            8           11           100.0   0.0   0.0   0.0     0.0
         Count: Send:     1.63e+03           51           51           51           29           100.0   0.0   0.0   0.0     0.0
         Count: Test:          386         12.1           10           20           31            65.6   9.4  21.9   3.1    39.7
         Count: Wait:     2.94e+03           92           92           92           21           100.0   0.0   0.0   0.0     0.0
          Time: Recv:     0.655 ms    0.0205 ms  8.74e+03 ns    0.0341 ms           31             3.1  62.5  21.9  12.5    39.9
          Time: Redu:      65.7 ms      2.05 ms     0.174 ms      3.21 ms            2             3.1  25.0  53.1  18.8    36.0
          Time: Send:      7.71 ms     0.241 ms     0.154 ms     0.612 ms            6            78.1  15.6   3.1   3.1    60.6
          Time: Test:     0.293 ms  9.16e+03 ns  1.76e+03 ns    0.0292 ms           27            56.2  25.0  12.5   6.2    68.6
          Time: Wait:      30.6 ms     0.957 ms     0.494 ms      2.21 ms            2            56.2  25.0  15.6   3.1    56.7
Volume Recv TOTAL   :      33.5 MB      1.05 MB      1.05 MB      1.05 MB            0            96.9   0.0   0.0   3.1     0.2
Volume Recv0: <= 64B:          161         5.03            5            6            0            96.9   0.0   0.0   3.1    16.1
Volume Recv1: <= 4KB:          805         25.2           25           30            0            96.9   0.0   0.0   3.1    16.1
Volume Recv2: <= 2MB:          736           23           23           23           12           100.0   0.0   0.0   0.0     0.0
Volume Send TOTAL   :      33.6 MB      1.05 MB      1.05 MB      1.05 MB            4           100.0   0.0   0.0   0.0     0.0
Volume Send0: <= 64B:          192            6            6            6           24           100.0   0.0   0.0   0.0     0.0
Volume Send1: <= 4KB:          960           30           30           30            8           100.0   0.0   0.0   0.0     0.0
Volume Send2: <= 2MB:          736           23           23           23           16           100.0   0.0   0.0   0.0     0.0

Timestep 9       Time=9e-05       Next delT=1e-05       Wall Time=0.255092  EMA=0.0157063   Memory Used=181.90 MBs (avg) 182.75 MBs (max on rank: 0     )
Runtime Summary  summary stats for time step 9 at time=9e-05
  Description       Units       Minimum           Rank   Average (32)      Std. Dev.         Maximum           Rank   100*(1-ave/max) '% load imbalance'
  TaskExec          [seconds] : 0.0106867       : 2    : 0.0114536       : 0.000350778     : 0.0119568       : 26   : 4.20838
  TaskLocalComm     [seconds] : 0.00205673      : 2    : 0.00274219      : 0.000284747     : 0.00367916      : 6    : 25.467
  TaskWaitCommTime  [seconds] : 0.000872723     : 22   : 0.00137864      : 0.00041542      : 0.0025078       : 2    : 45.026
  NumberOfTasks     [tasks  ] : 10              : 0    : 10              : 0               : 10              : 0    : 0
  NumberOfPatches   [patches] : 1               : 0    : 1               : 0               : 1               : 0    : 0
  NumberOfCells     [cells  ] : 32768           : 0    : 32768           : 0               : 32768           : 0    : 0
  SCIMemoryUsed     [MBytes ] : 1.80892e+08     : 10   : 1.81904e+08     : 439582          : 1.82751e+08     : 0    : 0.463599
  SCIMemoryMaxUsed  [MBytes ] : 1.80892e+08     : 10   : 1.81904e+08     : 439582          : 1.82751e+08     : 0    : 0.463599
  MemoryUsed        [MBytes ] : 7.92138e+08     : 1    : 8.11033e+08     : 1.01129e+07     : 8.39385e+08     : 0    : 3.37768
  MemoryResident    [MBytes ] : 1.80892e+08     : 10   : 1.81904e+08     : 439582          : 1.82751e+08     : 0    : 0.463599
  Percentage of time spent in overhead : 3.03105

________________________________________________________________________________
--------------------------------------------------------------------------------
MPIStats:+
--------------------------------------------------------------------------------
                Name:       Total:         Avg:         Min:         Max:    Max rank: Hist %% [  Q1 |  Q2 |  Q3 |  Q4 ]:  %%Load Imbalance
         Count: Recv:     1.63e+03           51           51           51           27           100.0   0.0   0.0   0.0     0.0
         Count: Redu:          256            8            8            8           11           100.0   0.0   0.0   0.0     0.0
         Count: Send:     1.63e+03           51           51           51           29           100.0   0.0   0.0   0.0     0.0
         Count: Test:          391         12.2           10           21           31            62.5  18.8  15.6   3.1    41.8
         Count: Wait:     2.94e+03           92           92           92           21           100.0   0.0   0.0   0.0     0.0
          Time: Recv:     0.682 ms    0.0213 ms  8.51e+03 ns    0.0455 ms           29            53.1  28.1  12.5   6.2    53.2
          Time: Redu:      65.8 ms      2.06 ms     0.178 ms      3.64 ms            2             3.1  21.9  71.9   3.1    43.6
          Time: Send:      7.96 ms     0.249 ms      0.14 ms     0.521 ms            6            34.4  53.1   9.4   3.1    52.2
          Time: Test:     0.295 ms  9.22e+03 ns  1.79e+03 ns    0.0365 ms           31            62.5  25.0   9.4   3.1    74.7
          Time: Wait:      27.7 ms     0.866 ms     0.402 ms      1.68 ms            2            43.8  25.0  21.9   9.4    48.4
Volume Recv TOTAL   :      33.5 MB      1.05 MB      1.05 MB      1.05 MB            0            96.9   0.0   0.0   3.1     0.2
Volume Recv0: <= 64B:          161         5.03            5            6            0            96.9   0.0   0.0   3.1    16.1
Volume Recv1: <= 4KB:          805         25.2           25           30            0            96.9   0.0   0.0   3.1    16.1
Volume Recv2: <= 2MB:          736           23           23           23           12           100.0   0.0   0.0   0.0     0.0
Volume Send TOTAL   :      33.6 MB      1.05 MB      1.05 MB      1.05 MB            4           100.0   0.0   0.0   0.0     0.0
Volume Send0: <= 64B:          192            6            6            6           24           100.0   0.0   0.0   0.0     0.0
Volume Send1: <= 4KB:          960           30           30           30            8           100.0   0.0   0.0   0.0     0.0
Volume Send2: <= 2MB:          736           23           23           23           16           100.0   0.0   0.0   0.0     0.0

Timestep 10      Time=0.0001      Next delT=1e-05       Wall Time=0.270146  EMA=0.0155876   Memory Used=181.97 MBs (avg) 182.80 MBs (max on rank: 23    )
Runtime Summary  summary stats for time step 10 at time=0.0001
  Description       Units       Minimum           Rank   Average (32)      Std. Dev.         Maximum           Rank   100*(1-ave/max) '% load imbalance'
  TaskExec          [seconds] : 0.0109041       : 4    : 0.0114793       : 0.000256391     : 0.0118228       : 26   : 2.90595
  TaskLocalComm     [seconds] : 0.0020501       : 2    : 0.00276913      : 0.000304957     : 0.00379187      : 6    : 26.9718
  TaskWaitCommTime  [seconds] : 0.000769282     : 30   : 0.00130951      : 0.000327489     : 0.0019703       : 4    : 33.5375
  NumberOfTasks     [tasks  ] : 10              : 0    : 10              : 0               : 10              : 0    : 0
  NumberOfPatches   [patches] : 1               : 0    : 1               : 0               : 1               : 0    : 0
  NumberOfCells     [cells  ] : 32768           : 0    : 32768           : 0               : 32768           : 0    : 0
  SCIMemoryUsed     [MBytes ] : 1.80126e+08     : 10   : 1.81965e+08     : 677211          : 1.82804e+08     : 23   : 0.459052
  SCIMemoryMaxUsed  [MBytes ] : 1.80126e+08     : 10   : 1.81965e+08     : 677211          : 1.82804e+08     : 23   : 0.459052
  MemoryUsed        [MBytes ] : 7.92138e+08     : 1    : 8.10925e+08     : 1.01434e+07     : 8.39385e+08     : 0    : 3.39054
  MemoryResident    [MBytes ] : 1.80126e+08     : 10   : 1.81965e+08     : 677211          : 1.82804e+08     : 23   : 0.459052
  Percentage of time spent in overhead : 2.72111
Sus: going down successfully
