Parallel: 128 MPI processes (using MPI)
Parallel: MPI Level Required: 0, provided: 0
Date:       Thu Aug 25 11:45:01 2022
Machine:    ash259
git branch:wasatch-low-cost-integ-cmake
git date:   Sat Jul 30 10:34:22 2022 -0600
git hash:   9315f9f96fa6304db4fe79378b145f37ea40016d
Assertion level: 0
CFLAGS:          
CXXFLAGS:        
______________________________________________________________________
Application Component: 	'wasatch'

-------------------------------------------------------------
Wasatch was built against:
  SpatialOps HASH: bd7a2bac76e42e2cb528b02e2cf1291d05c71926
             DATE: Fri Nov 12 11:34:54 2021 -0700
     ExprLib HASH: d2950c77edb22e5f3669ddaaf2d2ed29ceb24d2c
             DATE: Thu Aug 5 12:26:26 2021 -0600
    TabProps HASH: eca0dc5f26b20d4f6b1cebe51b1ae97e11871e83
             DATE: Wed Aug 11 20:11:26 2021 -0600
-------------------------------------------------------------

Linear Solver: 		hypre
Load Balancer: 		Simple
Scheduler: 		MPI
Patch layout: 		(8,4,4)
Grid statistics:
Number of levels:		1
Level 0:
  Periodic boundaries:		[int 1, 1, 1]
  Number of patches:		128
  Total number of cells:	4194304 (32768 avg. per patch)
Total patches in grid:		128
Total cells in grid:		4194304 (32768 avg. per patch)

Using small, individual MPI messages (no message combining)
Detected solver: hypre
SETTING UP CONVECTIVE FLUX EXPRESSION IN X DIRECTION USING CENTRAL
SETTING UP CONVECTIVE FLUX EXPRESSION IN Y DIRECTION USING CENTRAL
SETTING UP CONVECTIVE FLUX EXPRESSION IN Z DIRECTION USING CENTRAL
Setting initial conditions for scalability test equation: scalability0
SETTING UP CONVECTIVE FLUX EXPRESSION IN X DIRECTION USING CENTRAL
SETTING UP CONVECTIVE FLUX EXPRESSION IN Y DIRECTION USING CENTRAL
SETTING UP CONVECTIVE FLUX EXPRESSION IN Z DIRECTION USING CENTRAL
Setting initial conditions for scalability test equation: scalability1
SETTING UP CONVECTIVE FLUX EXPRESSION IN X DIRECTION USING CENTRAL
SETTING UP CONVECTIVE FLUX EXPRESSION IN Y DIRECTION USING CENTRAL
SETTING UP CONVECTIVE FLUX EXPRESSION IN Z DIRECTION USING CENTRAL
Setting initial conditions for scalability test equation: scalability2
SETTING UP CONVECTIVE FLUX EXPRESSION IN X DIRECTION USING CENTRAL
SETTING UP CONVECTIVE FLUX EXPRESSION IN Y DIRECTION USING CENTRAL
SETTING UP CONVECTIVE FLUX EXPRESSION IN Z DIRECTION USING CENTRAL
Setting initial conditions for scalability test equation: scalability3
SETTING UP CONVECTIVE FLUX EXPRESSION IN X DIRECTION USING CENTRAL
SETTING UP CONVECTIVE FLUX EXPRESSION IN Y DIRECTION USING CENTRAL
SETTING UP CONVECTIVE FLUX EXPRESSION IN Z DIRECTION USING CENTRAL
Setting initial conditions for scalability test equation: scalability4
SETTING UP CONVECTIVE FLUX EXPRESSION IN X DIRECTION USING CENTRAL
SETTING UP CONVECTIVE FLUX EXPRESSION IN Y DIRECTION USING CENTRAL
SETTING UP CONVECTIVE FLUX EXPRESSION IN Z DIRECTION USING CENTRAL
Setting initial conditions for scalability test equation: scalability5
SETTING UP CONVECTIVE FLUX EXPRESSION IN X DIRECTION USING CENTRAL
SETTING UP CONVECTIVE FLUX EXPRESSION IN Y DIRECTION USING CENTRAL
SETTING UP CONVECTIVE FLUX EXPRESSION IN Z DIRECTION USING CENTRAL
Setting initial conditions for scalability test equation: scalability6
SETTING UP CONVECTIVE FLUX EXPRESSION IN X DIRECTION USING CENTRAL
SETTING UP CONVECTIVE FLUX EXPRESSION IN Y DIRECTION USING CENTRAL
SETTING UP CONVECTIVE FLUX EXPRESSION IN Z DIRECTION USING CENTRAL
Setting initial conditions for scalability test equation: scalability7
SETTING UP CONVECTIVE FLUX EXPRESSION IN X DIRECTION USING CENTRAL
SETTING UP CONVECTIVE FLUX EXPRESSION IN Y DIRECTION USING CENTRAL
SETTING UP CONVECTIVE FLUX EXPRESSION IN Z DIRECTION USING CENTRAL
Setting initial conditions for scalability test equation: scalability8
SETTING UP CONVECTIVE FLUX EXPRESSION IN X DIRECTION USING CENTRAL
SETTING UP CONVECTIVE FLUX EXPRESSION IN Y DIRECTION USING CENTRAL
SETTING UP CONVECTIVE FLUX EXPRESSION IN Z DIRECTION USING CENTRAL
Setting initial conditions for scalability test equation: scalability9
------------------------------------------------
No BoundaryConditions specified
  This message will only occur once

Compiling initialization taskgraph.
------------------------------------------------
SETTING INITIAL BOUNDARY CONDITIONS:
------------------------------------------------
Setting Initial BCs for transport equation 'scalability0'
Setting Initial BCs for transport equation 'scalability1'
Setting Initial BCs for transport equation 'scalability2'
Setting Initial BCs for transport equation 'scalability3'
Setting Initial BCs for transport equation 'scalability4'
Setting Initial BCs for transport equation 'scalability5'
Setting Initial BCs for transport equation 'scalability6'
Setting Initial BCs for transport equation 'scalability7'
Setting Initial BCs for transport equation 'scalability8'
Setting Initial BCs for transport equation 'scalability9'
------------------------------------------------
Wasatch: done creating initialization task(s)
Scheduling Task 'compute timestep' COMPUTES 'delT' in NEW data warehouse
Wasatch: done creating timestep task(s)
Done with taskgraph compile (0.000277736 seconds)
Warning: addContribution not implemented for LoadBalancerCommon.
WARNING at time step 0 and sim time 0 : lowering the next delT from 1 to the maximum: 1e-05

________________________________________________________________________________
--------------------------------------------------------------------------------
MPIStats:+
--------------------------------------------------------------------------------
                Name:       Total:         Avg:         Min:         Max:    Max rank: Hist %% [  Q1 |  Q2 |  Q3 |  Q4 ]:  %%Load Imbalance
         Count: Comm:          128            1            1            1          126           100.0   0.0   0.0   0.0     0.0
         Count: Gath:          256            2            2            2          126           100.0   0.0   0.0   0.0     0.0
         Count: Redu:          128            1            1            1          126           100.0   0.0   0.0   0.0     0.0
          Time: Comm:     0.424 s       3.31 ms      1.04 ms      8.49 ms           57            46.9  32.8  17.2   3.1    61.0
          Time: Gath:      14.4 s      0.113 s       25.2 ms     0.159 s            50            28.1   0.0   5.5  66.4    29.0
          Time: Redu:       1.7 s       13.2 ms    0.0586 ms      17.3 ms           45             0.8   4.7  49.2  45.3    23.6
Volume Recv TOTAL   :       213 KB      1.67 KB      1.67 KB      1.67 KB          126           100.0   0.0   0.0   0.0     0.0
Volume Recv0: <= 64B:          128            1            1            1          126           100.0   0.0   0.0   0.0     0.0
Volume Recv1: <= 4KB:          256            2            2            2          126           100.0   0.0   0.0   0.0     0.0
Volume Send TOTAL   :      34.5 KB     276.25 B        273 B        277 B          102            18.8   0.0   0.0  81.2     0.3
Volume Send0: <= 64B:          256            2            2            2          126           100.0   0.0   0.0   0.0     0.0
Volume Send1: <= 4KB:          128            1            1            1          126           100.0   0.0   0.0   0.0     0.0


Simulation and run time stats are reported at the end of each time step
EMA == Wall time as an exponential moving average using a window of the last 10 time steps
Timestep 0       Time=0           Next delT=1e-05       Wall Time=0.159391  EMA=0.157185    Memory Used=128.28 MBs (avg) 128.93 MBs (max on rank: 93    )
Warning: finalizeContributions not implemented for LoadBalancerCommon.
Warning: resetCostForecaster not implemented for LoadBalancerCommon.
Compiling taskgraph(s)...
------------------------------------------------
SETTING BOUNDARY CONDITIONS:
------------------------------------------------
Setting BCs for transport equation 'scalability0'
Setting BCs for transport equation 'scalability1'
Setting BCs for transport equation 'scalability2'
Setting BCs for transport equation 'scalability3'
Setting BCs for transport equation 'scalability4'
Setting BCs for transport equation 'scalability5'
Setting BCs for transport equation 'scalability6'
Setting BCs for transport equation 'scalability7'
Setting BCs for transport equation 'scalability8'
Setting BCs for transport equation 'scalability9'
------------------------------------------------
Wasatch: done creating solution task(s)
Wasatch: done creating solution task(s)
Wasatch: done creating solution task(s)
Wasatch: done creating post-processing task(s)
Scheduling Task 'compute timestep' COMPUTES 'delT' in NEW data warehouse
Wasatch: done creating timestep task(s)
Done with taskgraph compile (0.0620779 seconds)

________________________________________________________________________________
--------------------------------------------------------------------------------
MPIStats:+
--------------------------------------------------------------------------------
                Name:       Total:         Avg:         Min:         Max:    Max rank: Hist %% [  Q1 |  Q2 |  Q3 |  Q4 ]:  %%Load Imbalance
         Count: Recv:     9.98e+03           78           78           78          126           100.0   0.0   0.0   0.0     0.0
         Count: Redu:     1.02e+03            8            8            8          126           100.0   0.0   0.0   0.0     0.0
         Count: Send:     9.98e+03           78           78           78          126           100.0   0.0   0.0   0.0     0.0
         Count: Test:      1.4e+03           11           10           20          127            88.3   1.6   8.6   1.6    45.2
         Count: Wait:     1.87e+04          146          146          146          126           100.0   0.0   0.0   0.0     0.0
          Time: Recv:      25.8 ms     0.202 ms     0.053 ms      1.13 ms          111            75.0  20.3   3.9   0.8    82.1
          Time: Redu:      1.88 s       14.7 ms     0.582 ms      24.2 ms           27             1.6  26.6  55.5  16.4    39.3
          Time: Send:      8.65 s       67.6 ms      52.9 ms      78.9 ms          103            10.9  23.4  45.3  20.3    14.4
          Time: Test:      0.31 s       2.42 ms    0.0125 ms      10.2 ms           35            62.5  15.6  14.8   7.0    76.2
          Time: Wait:      5.67 s       44.3 ms      12.3 ms      70.4 ms           96            10.2  29.7  41.4  18.8    37.2
Volume Recv TOTAL   :       357 MB      2.79 MB      2.79 MB      2.79 MB            0            99.2   0.0   0.0   0.8     0.1
Volume Recv0: <= 64B:          129         1.01            1            2            0            99.2   0.0   0.0   0.8    49.6
Volume Recv1: <= 4KB:     4.74e+03           37           37           42            0            99.2   0.0   0.0   0.8    11.8
Volume Recv2: <= 2MB:     5.38e+03           42           42           42          126           100.0   0.0   0.0   0.0     0.0
Volume Send TOTAL   :       358 MB      2.79 MB      2.79 MB      2.79 MB          126           100.0   0.0   0.0   0.0     0.0
Volume Send0: <= 64B:          256            2            2            2          126           100.0   0.0   0.0   0.0     0.0
Volume Send1: <= 4KB:     5.38e+03           42           42           42          126           100.0   0.0   0.0   0.0     0.0
Volume Send2: <= 2MB:     5.38e+03           42           42           42          126           100.0   0.0   0.0   0.0     0.0

Timestep 1       Time=1e-05       Next delT=1e-05       Wall Time=0.421275  EMA=0.261824    Memory Used=149.35 MBs (avg) 150.09 MBs (max on rank: 74    )
Runtime Summary  summary stats for time step 1 at time=1e-05
  Description       Units       Minimum           Rank   Average (128)     Std. Dev.         Maximum           Rank   100*(1-ave/max) '% load imbalance'
  Compilation       [seconds] : 0.028841        : 47   : 0.0332659       : 0.00592359      : 0.0620779       : 0    : 46.4127
  TaskExec          [seconds] : 0.149209        : 86   : 0.168608        : 0.00917788      : 0.194749        : 12   : 13.4229
  TaskLocalComm     [seconds] : 0.0687706       : 0    : 0.0841123       : 0.00629705      : 0.0972263       : 11   : 13.4881
  TaskWaitCommTime  [seconds] : 0.0156773       : 37   : 0.0479098       : 0.0124517       : 0.0737045       : 96   : 34.9974
  NumberOfTasks     [tasks  ] : 10              : 0    : 10              : 0               : 10              : 0    : 0
  NumberOfPatches   [patches] : 1               : 0    : 1               : 0               : 1               : 0    : 0
  NumberOfCells     [cells  ] : 32768           : 0    : 32768           : 0               : 32768           : 0    : 0
  SCIMemoryUsed     [MBytes ] : 1.48705e+08     : 63   : 1.49353e+08     : 278326          : 1.50086e+08     : 74   : 0.487913
  SCIMemoryMaxUsed  [MBytes ] : 1.48705e+08     : 63   : 1.49353e+08     : 278326          : 1.50086e+08     : 74   : 0.487913
  MemoryUsed        [MBytes ] : 7.55397e+08     : 117  : 7.77959e+08     : 7.23657e+06     : 7.94214e+08     : 5    : 2.04669
  MemoryResident    [MBytes ] : 1.48705e+08     : 63   : 1.49353e+08     : 278326          : 1.50086e+08     : 74   : 0.487913
  Percentage of time spent in overhead : 9.96294

________________________________________________________________________________
--------------------------------------------------------------------------------
MPIStats:+
--------------------------------------------------------------------------------
                Name:       Total:         Avg:         Min:         Max:    Max rank: Hist %% [  Q1 |  Q2 |  Q3 |  Q4 ]:  %%Load Imbalance
         Count: Recv:     9.98e+03           78           78           78          126           100.0   0.0   0.0   0.0     0.0
         Count: Redu:     1.02e+03            8            8            8          126           100.0   0.0   0.0   0.0     0.0
         Count: Send:     9.98e+03           78           78           78          126           100.0   0.0   0.0   0.0     0.0
         Count: Test:      1.4e+03           11           10           20          127            87.5   3.9   5.5   3.1    45.2
         Count: Wait:     1.87e+04          146          146          146          126           100.0   0.0   0.0   0.0     0.0
          Time: Recv:      20.3 ms     0.159 ms    0.0465 ms     0.803 ms          122            78.9  14.1   5.5   1.6    80.3
          Time: Redu:      1.48 s       11.5 ms     0.428 ms        27 ms          104            27.3  32.8  29.7  10.2    57.2
          Time: Send:     0.227 s       1.78 ms       1.2 ms      2.81 ms           88            25.8  53.1  17.2   3.9    36.7
          Time: Test:      4.72 ms    0.0369 ms  4.61e+03 ns     0.298 ms          111            83.6  10.9   3.1   2.3    87.6
          Time: Wait:      4.19 s       32.8 ms      10.7 ms      47.8 ms            3             3.1  29.7  42.2  25.0    31.5
Volume Recv TOTAL   :       357 MB      2.79 MB      2.79 MB      2.79 MB            0            99.2   0.0   0.0   0.8     0.1
Volume Recv0: <= 64B:          129         1.01            1            2            0            99.2   0.0   0.0   0.8    49.6
Volume Recv1: <= 4KB:     4.74e+03           37           37           42            0            99.2   0.0   0.0   0.8    11.8
Volume Recv2: <= 2MB:     5.38e+03           42           42           42          126           100.0   0.0   0.0   0.0     0.0
Volume Send TOTAL   :       358 MB      2.79 MB      2.79 MB      2.79 MB          126           100.0   0.0   0.0   0.0     0.0
Volume Send0: <= 64B:          256            2            2            2          126           100.0   0.0   0.0   0.0     0.0
Volume Send1: <= 4KB:     5.38e+03           42           42           42          126           100.0   0.0   0.0   0.0     0.0
Volume Send2: <= 2MB:     5.38e+03           42           42           42          126           100.0   0.0   0.0   0.0     0.0

Timestep 2       Time=2e-05       Next delT=1e-05       Wall Time=0.558604  EMA=0.178827    Memory Used=149.59 MBs (avg) 150.40 MBs (max on rank: 74    )
Runtime Summary  summary stats for time step 2 at time=2e-05
  Description       Units       Minimum           Rank   Average (128)     Std. Dev.         Maximum           Rank   100*(1-ave/max) '% load imbalance'
  TaskExec          [seconds] : 0.0769969       : 117  : 0.0924713       : 0.00685572      : 0.10961         : 25   : 15.6357
  TaskLocalComm     [seconds] : 0.0134656       : 93   : 0.0169576       : 0.00203258      : 0.0247755       : 25   : 31.5549
  TaskWaitCommTime  [seconds] : 0.0149493       : 25   : 0.0361889       : 0.00705577      : 0.0516436       : 117  : 29.9257
  NumberOfTasks     [tasks  ] : 10              : 0    : 10              : 0               : 10              : 0    : 0
  NumberOfPatches   [patches] : 1               : 0    : 1               : 0               : 1               : 0    : 0
  NumberOfCells     [cells  ] : 32768           : 0    : 32768           : 0               : 32768           : 0    : 0
  SCIMemoryUsed     [MBytes ] : 1.48959e+08     : 121  : 1.49587e+08     : 288889          : 1.50397e+08     : 74   : 0.538756
  SCIMemoryMaxUsed  [MBytes ] : 1.48959e+08     : 121  : 1.49587e+08     : 288889          : 1.50397e+08     : 74   : 0.538756
  MemoryUsed        [MBytes ] : 7.55397e+08     : 117  : 7.78052e+08     : 7.18915e+06     : 7.94214e+08     : 5    : 2.03502
  MemoryResident    [MBytes ] : 1.48959e+08     : 121  : 1.49587e+08     : 288889          : 1.50397e+08     : 74   : 0.538756
  Percentage of time spent in overhead : 4.98143

________________________________________________________________________________
--------------------------------------------------------------------------------
MPIStats:+
--------------------------------------------------------------------------------
                Name:       Total:         Avg:         Min:         Max:    Max rank: Hist %% [  Q1 |  Q2 |  Q3 |  Q4 ]:  %%Load Imbalance
         Count: Recv:     9.98e+03           78           78           78          126           100.0   0.0   0.0   0.0     0.0
         Count: Redu:     1.02e+03            8            8            8          126           100.0   0.0   0.0   0.0     0.0
         Count: Send:     9.98e+03           78           78           78          126           100.0   0.0   0.0   0.0     0.0
         Count: Test:      1.4e+03         10.9           10           20          126            89.8   1.6   5.5   3.1    45.4
         Count: Wait:     1.87e+04          146          146          146          126           100.0   0.0   0.0   0.0     0.0
          Time: Recv:      16.5 ms     0.129 ms    0.0458 ms       0.8 ms          111            83.6   7.8   7.0   1.6    83.8
          Time: Redu:      1.73 s       13.5 ms     0.489 ms      29.7 ms          109            23.4  33.6  28.1  14.8    54.6
          Time: Send:     0.138 s       1.08 ms     0.654 ms      1.73 ms          113            24.2  45.3  24.2   6.2    37.4
          Time: Test:      3.78 ms    0.0295 ms  4.46e+03 ns     0.278 ms          124            85.9   9.4   3.9   0.8    89.4
          Time: Wait:      3.03 s       23.6 ms      12.1 ms      39.1 ms           49            35.9  20.3  32.0  11.7    39.6
Volume Recv TOTAL   :       357 MB      2.79 MB      2.79 MB      2.79 MB            0            99.2   0.0   0.0   0.8     0.1
Volume Recv0: <= 64B:          129         1.01            1            2            0            99.2   0.0   0.0   0.8    49.6
Volume Recv1: <= 4KB:     4.74e+03           37           37           42            0            99.2   0.0   0.0   0.8    11.8
Volume Recv2: <= 2MB:     5.38e+03           42           42           42          126           100.0   0.0   0.0   0.0     0.0
Volume Send TOTAL   :       358 MB      2.79 MB      2.79 MB      2.79 MB          126           100.0   0.0   0.0   0.0     0.0
Volume Send0: <= 64B:          256            2            2            2          126           100.0   0.0   0.0   0.0     0.0
Volume Send1: <= 4KB:     5.38e+03           42           42           42          126           100.0   0.0   0.0   0.0     0.0
Volume Send2: <= 2MB:     5.38e+03           42           42           42          126           100.0   0.0   0.0   0.0     0.0

Timestep 3       Time=3e-05       Next delT=1e-05       Wall Time=0.693146  EMA=0.156685    Memory Used=149.77 MBs (avg) 150.53 MBs (max on rank: 0     )
Runtime Summary  summary stats for time step 3 at time=3e-05
  Description       Units       Minimum           Rank   Average (128)     Std. Dev.         Maximum           Rank   100*(1-ave/max) '% load imbalance'
  TaskExec          [seconds] : 0.0796786       : 49   : 0.0989066       : 0.00759173      : 0.110639        : 90   : 10.604
  TaskLocalComm     [seconds] : 0.0128519       : 94   : 0.0166338       : 0.00184536      : 0.0218527       : 80   : 23.8823
  TaskWaitCommTime  [seconds] : 0.0149273       : 73   : 0.0270412       : 0.00753058      : 0.0442893       : 49   : 38.9441
  NumberOfTasks     [tasks  ] : 10              : 0    : 10              : 0               : 10              : 0    : 0
  NumberOfPatches   [patches] : 1               : 0    : 1               : 0               : 1               : 0    : 0
  NumberOfCells     [cells  ] : 32768           : 0    : 32768           : 0               : 32768           : 0    : 0
  SCIMemoryUsed     [MBytes ] : 1.49041e+08     : 127  : 1.49769e+08     : 295426          : 1.50528e+08     : 0    : 0.504145
  SCIMemoryMaxUsed  [MBytes ] : 1.49041e+08     : 127  : 1.49769e+08     : 295426          : 1.50528e+08     : 0    : 0.504145
  MemoryUsed        [MBytes ] : 7.55397e+08     : 117  : 7.78121e+08     : 7.10302e+06     : 7.94214e+08     : 5    : 2.02629
  MemoryResident    [MBytes ] : 1.49041e+08     : 127  : 1.49769e+08     : 295426          : 1.50528e+08     : 0    : 0.504145
  Percentage of time spent in overhead : 3.32072

________________________________________________________________________________
--------------------------------------------------------------------------------
MPIStats:+
--------------------------------------------------------------------------------
                Name:       Total:         Avg:         Min:         Max:    Max rank: Hist %% [  Q1 |  Q2 |  Q3 |  Q4 ]:  %%Load Imbalance
         Count: Recv:     9.98e+03           78           78           78          126           100.0   0.0   0.0   0.0     0.0
         Count: Redu:     1.02e+03            8            8            8          126           100.0   0.0   0.0   0.0     0.0
         Count: Send:     9.98e+03           78           78           78          126           100.0   0.0   0.0   0.0     0.0
         Count: Test:     1.39e+03         10.9           10           20          126            89.1   3.1   5.5   2.3    45.6
         Count: Wait:     1.87e+04          146          146          146          126           100.0   0.0   0.0   0.0     0.0
          Time: Recv:      22.3 ms     0.174 ms    0.0453 ms      1.69 ms           77            89.1   9.4   0.8   0.8    89.7
          Time: Redu:      1.16 s       9.07 ms     0.517 ms      19.5 ms          107            30.5  26.6  21.9  21.1    53.5
          Time: Send:     0.159 s       1.24 ms     0.525 ms      2.78 ms          114            45.3  34.4  18.0   2.3    55.3
          Time: Test:      4.32 ms    0.0338 ms  4.75e+03 ns     0.375 ms          126            92.2   4.7   2.3   0.8    91.0
          Time: Wait:      3.08 s         24 ms        11 ms      37.9 ms           51            14.8  38.3  29.7  17.2    36.6
Volume Recv TOTAL   :       357 MB      2.79 MB      2.79 MB      2.79 MB            0            99.2   0.0   0.0   0.8     0.1
Volume Recv0: <= 64B:          129         1.01            1            2            0            99.2   0.0   0.0   0.8    49.6
Volume Recv1: <= 4KB:     4.74e+03           37           37           42            0            99.2   0.0   0.0   0.8    11.8
Volume Recv2: <= 2MB:     5.38e+03           42           42           42          126           100.0   0.0   0.0   0.0     0.0
Volume Send TOTAL   :       358 MB      2.79 MB      2.79 MB      2.79 MB          126           100.0   0.0   0.0   0.0     0.0
Volume Send0: <= 64B:          256            2            2            2          126           100.0   0.0   0.0   0.0     0.0
Volume Send1: <= 4KB:     5.38e+03           42           42           42          126           100.0   0.0   0.0   0.0     0.0
Volume Send2: <= 2MB:     5.38e+03           42           42           42          126           100.0   0.0   0.0   0.0     0.0

Timestep 4       Time=4e-05       Next delT=1e-05       Wall Time=0.823712  EMA=0.146237    Memory Used=149.93 MBs (avg) 150.67 MBs (max on rank: 74    )
Runtime Summary  summary stats for time step 4 at time=4e-05
  Description       Units       Minimum           Rank   Average (128)     Std. Dev.         Maximum           Rank   100*(1-ave/max) '% load imbalance'
  TaskExec          [seconds] : 0.0746714       : 77   : 0.0939632       : 0.00679465      : 0.106991        : 127  : 12.1764
  TaskLocalComm     [seconds] : 0.012558        : 93   : 0.0168706       : 0.0019224       : 0.0227398       : 69   : 25.8102
  TaskWaitCommTime  [seconds] : 0.0139259       : 127  : 0.0275221       : 0.00653857      : 0.0428502       : 51   : 35.7714
  NumberOfTasks     [tasks  ] : 10              : 0    : 10              : 0               : 10              : 0    : 0
  NumberOfPatches   [patches] : 1               : 0    : 1               : 0               : 1               : 0    : 0
  NumberOfCells     [cells  ] : 32768           : 0    : 32768           : 0               : 32768           : 0    : 0
  SCIMemoryUsed     [MBytes ] : 1.49287e+08     : 121  : 1.49926e+08     : 286724          : 1.50667e+08     : 74   : 0.491871
  SCIMemoryMaxUsed  [MBytes ] : 1.49287e+08     : 121  : 1.49926e+08     : 286724          : 1.50667e+08     : 74   : 0.491871
  MemoryUsed        [MBytes ] : 7.55397e+08     : 117  : 7.78187e+08     : 7.1363e+06      : 7.94214e+08     : 5    : 2.01802
  MemoryResident    [MBytes ] : 1.49287e+08     : 121  : 1.49926e+08     : 286724          : 1.50667e+08     : 74   : 0.491871
  Percentage of time spent in overhead : 2.49004

________________________________________________________________________________
--------------------------------------------------------------------------------
MPIStats:+
--------------------------------------------------------------------------------
                Name:       Total:         Avg:         Min:         Max:    Max rank: Hist %% [  Q1 |  Q2 |  Q3 |  Q4 ]:  %%Load Imbalance
         Count: Recv:     9.98e+03           78           78           78          126           100.0   0.0   0.0   0.0     0.0
         Count: Redu:     1.02e+03            8            8            8          126           100.0   0.0   0.0   0.0     0.0
         Count: Send:     9.98e+03           78           78           78          126           100.0   0.0   0.0   0.0     0.0
         Count: Test:     1.39e+03         10.9           10           20          126            89.1   2.3   5.5   3.1    45.6
         Count: Wait:     1.87e+04          146          146          146          126           100.0   0.0   0.0   0.0     0.0
          Time: Recv:        17 ms     0.133 ms    0.0465 ms     0.739 ms          110            82.0   7.8   7.0   3.1    82.0
          Time: Redu:      2.51 s       19.6 ms     0.438 ms      33.1 ms          109             3.1  35.9  36.7  24.2    40.7
          Time: Send:     0.117 s      0.912 ms     0.412 ms      2.32 ms           15            57.8  31.2   9.4   1.6    60.7
          Time: Test:      4.36 ms    0.0341 ms  4.52e+03 ns     0.298 ms          126            84.4  10.9   3.1   1.6    88.6
          Time: Wait:      3.07 s         24 ms      1.51 ms      46.4 ms           29            14.8  34.4  32.0  18.8    48.3
Volume Recv TOTAL   :       357 MB      2.79 MB      2.79 MB      2.79 MB            0            99.2   0.0   0.0   0.8     0.1
Volume Recv0: <= 64B:          129         1.01            1            2            0            99.2   0.0   0.0   0.8    49.6
Volume Recv1: <= 4KB:     4.74e+03           37           37           42            0            99.2   0.0   0.0   0.8    11.8
Volume Recv2: <= 2MB:     5.38e+03           42           42           42          126           100.0   0.0   0.0   0.0     0.0
Volume Send TOTAL   :       358 MB      2.79 MB      2.79 MB      2.79 MB          126           100.0   0.0   0.0   0.0     0.0
Volume Send0: <= 64B:          256            2            2            2          126           100.0   0.0   0.0   0.0     0.0
Volume Send1: <= 4KB:     5.38e+03           42           42           42          126           100.0   0.0   0.0   0.0     0.0
Volume Send2: <= 2MB:     5.38e+03           42           42           42          126           100.0   0.0   0.0   0.0     0.0

Timestep 5       Time=5e-05       Next delT=1e-05       Wall Time=0.962011  EMA=0.143591    Memory Used=150.06 MBs (avg) 150.67 MBs (max on rank: 74    )
Runtime Summary  summary stats for time step 5 at time=5e-05
  Description       Units       Minimum           Rank   Average (128)     Std. Dev.         Maximum           Rank   100*(1-ave/max) '% load imbalance'
  TaskExec          [seconds] : 0.0791479       : 29   : 0.102204        : 0.011288        : 0.124511        : 125  : 17.9162
  TaskLocalComm     [seconds] : 0.0125877       : 96   : 0.0164351       : 0.00210098      : 0.0242295       : 46   : 32.1692
  TaskWaitCommTime  [seconds] : 0.00501875      : 127  : 0.0273783       : 0.0113851       : 0.0505114       : 29   : 45.7978
  NumberOfTasks     [tasks  ] : 10              : 0    : 10              : 0               : 10              : 0    : 0
  NumberOfPatches   [patches] : 1               : 0    : 1               : 0               : 1               : 0    : 0
  NumberOfCells     [cells  ] : 32768           : 0    : 32768           : 0               : 32768           : 0    : 0
  SCIMemoryUsed     [MBytes ] : 1.49311e+08     : 127  : 1.50055e+08     : 286577          : 1.50667e+08     : 74   : 0.406193
  SCIMemoryMaxUsed  [MBytes ] : 1.49311e+08     : 127  : 1.50055e+08     : 286577          : 1.50667e+08     : 74   : 0.406193
  MemoryUsed        [MBytes ] : 7.55397e+08     : 117  : 7.78189e+08     : 7.13654e+06     : 7.94214e+08     : 5    : 2.01775
  MemoryResident    [MBytes ] : 1.49311e+08     : 127  : 1.50055e+08     : 286577          : 1.50667e+08     : 74   : 0.406193
  Percentage of time spent in overhead : 1.99122

________________________________________________________________________________
--------------------------------------------------------------------------------
MPIStats:+
--------------------------------------------------------------------------------
                Name:       Total:         Avg:         Min:         Max:    Max rank: Hist %% [  Q1 |  Q2 |  Q3 |  Q4 ]:  %%Load Imbalance
         Count: Recv:     9.98e+03           78           78           78          126           100.0   0.0   0.0   0.0     0.0
         Count: Redu:     1.02e+03            8            8            8          126           100.0   0.0   0.0   0.0     0.0
         Count: Send:     9.98e+03           78           78           78          126           100.0   0.0   0.0   0.0     0.0
         Count: Test:      1.4e+03         10.9           10           20          126            88.3   3.1   5.5   3.1    45.4
         Count: Wait:     1.87e+04          146          146          146          126           100.0   0.0   0.0   0.0     0.0
          Time: Recv:      14.5 ms     0.113 ms    0.0484 ms     0.861 ms          110            89.8   6.2   3.1   0.8    86.8
          Time: Redu:       1.6 s       12.5 ms     0.385 ms      22.3 ms          105            10.2  31.2  34.4  24.2    43.8
          Time: Send:     0.103 s      0.801 ms     0.401 ms      1.51 ms           47            36.7  35.2  22.7   5.5    46.8
          Time: Test:      3.78 ms    0.0296 ms   4.7e+03 ns     0.213 ms           15            79.7  11.7   6.2   2.3    86.1
          Time: Wait:      3.11 s       24.3 ms      9.83 ms        43 ms          108            21.1  42.2  21.9  14.8    43.5
Volume Recv TOTAL   :       357 MB      2.79 MB      2.79 MB      2.79 MB            0            99.2   0.0   0.0   0.8     0.1
Volume Recv0: <= 64B:          129         1.01            1            2            0            99.2   0.0   0.0   0.8    49.6
Volume Recv1: <= 4KB:     4.74e+03           37           37           42            0            99.2   0.0   0.0   0.8    11.8
Volume Recv2: <= 2MB:     5.38e+03           42           42           42          126           100.0   0.0   0.0   0.0     0.0
Volume Send TOTAL   :       358 MB      2.79 MB      2.79 MB      2.79 MB          126           100.0   0.0   0.0   0.0     0.0
Volume Send0: <= 64B:          256            2            2            2          126           100.0   0.0   0.0   0.0     0.0
Volume Send1: <= 4KB:     5.38e+03           42           42           42          126           100.0   0.0   0.0   0.0     0.0
Volume Send2: <= 2MB:     5.38e+03           42           42           42          126           100.0   0.0   0.0   0.0     0.0

Timestep 6       Time=6e-05       Next delT=1e-05       Wall Time=1.09567   EMA=0.140753    Memory Used=150.16 MBs (avg) 150.94 MBs (max on rank: 74    )
Runtime Summary  summary stats for time step 6 at time=6e-05
  Description       Units       Minimum           Rank   Average (128)     Std. Dev.         Maximum           Rank   100*(1-ave/max) '% load imbalance'
  TaskExec          [seconds] : 0.0776226       : 61   : 0.0974269       : 0.00831558      : 0.111815        : 125  : 12.8678
  TaskLocalComm     [seconds] : 0.012278        : 96   : 0.0163774       : 0.00185611      : 0.0207499       : 90   : 21.0724
  TaskWaitCommTime  [seconds] : 0.0128663       : 123  : 0.0276773       : 0.00825164      : 0.0458312       : 108  : 39.6104
  NumberOfTasks     [tasks  ] : 10              : 0    : 10              : 0               : 10              : 0    : 0
  NumberOfPatches   [patches] : 1               : 0    : 1               : 0               : 1               : 0    : 0
  NumberOfCells     [cells  ] : 32768           : 0    : 32768           : 0               : 32768           : 0    : 0
  SCIMemoryUsed     [MBytes ] : 1.49402e+08     : 94   : 1.50165e+08     : 304806          : 1.50938e+08     : 74   : 0.511915
  SCIMemoryMaxUsed  [MBytes ] : 1.49402e+08     : 94   : 1.50165e+08     : 304806          : 1.50938e+08     : 74   : 0.511915
  MemoryUsed        [MBytes ] : 7.55397e+08     : 117  : 7.7819e+08      : 7.13699e+06     : 7.94214e+08     : 5    : 2.01762
  MemoryResident    [MBytes ] : 1.49402e+08     : 94   : 1.50165e+08     : 304806          : 1.50938e+08     : 74   : 0.511915
  Percentage of time spent in overhead : 1.65822

________________________________________________________________________________
--------------------------------------------------------------------------------
MPIStats:+
--------------------------------------------------------------------------------
                Name:       Total:         Avg:         Min:         Max:    Max rank: Hist %% [  Q1 |  Q2 |  Q3 |  Q4 ]:  %%Load Imbalance
         Count: Recv:     9.98e+03           78           78           78          126           100.0   0.0   0.0   0.0     0.0
         Count: Redu:     1.02e+03            8            8            8          126           100.0   0.0   0.0   0.0     0.0
         Count: Send:     9.98e+03           78           78           78          126           100.0   0.0   0.0   0.0     0.0
         Count: Test:      1.4e+03         10.9           10           21          126            89.1   7.0   1.6   2.3    48.1
         Count: Wait:     1.87e+04          146          146          146          126           100.0   0.0   0.0   0.0     0.0
          Time: Recv:      16.5 ms     0.129 ms    0.0481 ms     0.661 ms           47            81.2  10.9   5.5   2.3    80.5
          Time: Redu:      1.32 s       10.3 ms     0.481 ms      22.3 ms          107            21.1  43.0  21.1  14.8    53.9
          Time: Send:     0.101 s      0.786 ms     0.382 ms       1.5 ms          117            43.8  29.7  17.2   9.4    47.7
          Time: Test:      4.15 ms    0.0324 ms  4.61e+03 ns     0.215 ms          111            75.8  16.4   4.7   3.1    84.9
          Time: Wait:      3.09 s       24.1 ms      8.94 ms      39.2 ms           99            25.8  27.3  18.8  28.1    38.4
Volume Recv TOTAL   :       357 MB      2.79 MB      2.79 MB      2.79 MB            0            99.2   0.0   0.0   0.8     0.1
Volume Recv0: <= 64B:          129         1.01            1            2            0            99.2   0.0   0.0   0.8    49.6
Volume Recv1: <= 4KB:     4.74e+03           37           37           42            0            99.2   0.0   0.0   0.8    11.8
Volume Recv2: <= 2MB:     5.38e+03           42           42           42          126           100.0   0.0   0.0   0.0     0.0
Volume Send TOTAL   :       358 MB      2.79 MB      2.79 MB      2.79 MB          126           100.0   0.0   0.0   0.0     0.0
Volume Send0: <= 64B:          256            2            2            2          126           100.0   0.0   0.0   0.0     0.0
Volume Send1: <= 4KB:     5.38e+03           42           42           42          126           100.0   0.0   0.0   0.0     0.0
Volume Send2: <= 2MB:     5.38e+03           42           42           42          126           100.0   0.0   0.0   0.0     0.0

Timestep 7       Time=7e-05       Next delT=1e-05       Wall Time=1.22867   EMA=0.138816    Memory Used=150.28 MBs (avg) 150.94 MBs (max on rank: 74    )
Runtime Summary  summary stats for time step 7 at time=7e-05
  Description       Units       Minimum           Rank   Average (128)     Std. Dev.         Maximum           Rank   100*(1-ave/max) '% load imbalance'
  TaskExec          [seconds] : 0.0794818       : 33   : 0.0967794       : 0.00896143      : 0.111674        : 119  : 13.3373
  TaskLocalComm     [seconds] : 0.0125461       : 99   : 0.0162613       : 0.0019378       : 0.0214104       : 117  : 24.0495
  TaskWaitCommTime  [seconds] : 0.0117488       : 117  : 0.0275708       : 0.0090315       : 0.042656        : 95   : 35.3648
  NumberOfTasks     [tasks  ] : 10              : 0    : 10              : 0               : 10              : 0    : 0
  NumberOfPatches   [patches] : 1               : 0    : 1               : 0               : 1               : 0    : 0
  NumberOfCells     [cells  ] : 32768           : 0    : 32768           : 0               : 32768           : 0    : 0
  SCIMemoryUsed     [MBytes ] : 1.49582e+08     : 127  : 1.50284e+08     : 283021          : 1.50938e+08     : 74   : 0.433154
  SCIMemoryMaxUsed  [MBytes ] : 1.49582e+08     : 127  : 1.50284e+08     : 283021          : 1.50938e+08     : 74   : 0.433154
  MemoryUsed        [MBytes ] : 7.55397e+08     : 117  : 7.7819e+08      : 7.13699e+06     : 7.94214e+08     : 5    : 2.01762
  MemoryResident    [MBytes ] : 1.49582e+08     : 127  : 1.50284e+08     : 283021          : 1.50938e+08     : 74   : 0.433154
  Percentage of time spent in overhead : 1.41987

________________________________________________________________________________
--------------------------------------------------------------------------------
MPIStats:+
--------------------------------------------------------------------------------
                Name:       Total:         Avg:         Min:         Max:    Max rank: Hist %% [  Q1 |  Q2 |  Q3 |  Q4 ]:  %%Load Imbalance
         Count: Recv:     9.98e+03           78           78           78          126           100.0   0.0   0.0   0.0     0.0
         Count: Redu:     1.02e+03            8            8            8          126           100.0   0.0   0.0   0.0     0.0
         Count: Send:     9.98e+03           78           78           78          126           100.0   0.0   0.0   0.0     0.0
         Count: Test:     1.39e+03         10.9           10           20          127            89.8   2.3   4.7   3.1    45.7
         Count: Wait:     1.87e+04          146          146          146          126           100.0   0.0   0.0   0.0     0.0
          Time: Recv:      15.6 ms     0.122 ms     0.047 ms     0.789 ms          110            85.9   9.4   3.9   0.8    84.5
          Time: Redu:      1.19 s       9.31 ms     0.391 ms      22.9 ms          107            32.8  36.7  19.5  10.9    59.3
          Time: Send:      98.1 ms     0.766 ms     0.393 ms      1.87 ms          117            54.7  37.5   7.0   0.8    59.0
          Time: Test:      3.38 ms    0.0264 ms  4.78e+03 ns     0.233 ms          111            82.8  14.1   1.6   1.6    88.7
          Time: Wait:      3.31 s       25.9 ms      10.3 ms      43.9 ms           95            35.2  14.8  28.9  21.1    41.0
Volume Recv TOTAL   :       357 MB      2.79 MB      2.79 MB      2.79 MB            0            99.2   0.0   0.0   0.8     0.1
Volume Recv0: <= 64B:          129         1.01            1            2            0            99.2   0.0   0.0   0.8    49.6
Volume Recv1: <= 4KB:     4.74e+03           37           37           42            0            99.2   0.0   0.0   0.8    11.8
Volume Recv2: <= 2MB:     5.38e+03           42           42           42          126           100.0   0.0   0.0   0.0     0.0
Volume Send TOTAL   :       358 MB      2.79 MB      2.79 MB      2.79 MB          126           100.0   0.0   0.0   0.0     0.0
Volume Send0: <= 64B:          256            2            2            2          126           100.0   0.0   0.0   0.0     0.0
Volume Send1: <= 4KB:     5.38e+03           42           42           42          126           100.0   0.0   0.0   0.0     0.0
Volume Send2: <= 2MB:     5.38e+03           42           42           42          126           100.0   0.0   0.0   0.0     0.0

Timestep 8       Time=8e-05       Next delT=1e-05       Wall Time=1.36312   EMA=0.137844    Memory Used=150.39 MBs (avg) 151.21 MBs (max on rank: 74    )
Runtime Summary  summary stats for time step 8 at time=8e-05
  Description       Units       Minimum           Rank   Average (128)     Std. Dev.         Maximum           Rank   100*(1-ave/max) '% load imbalance'
  TaskExec          [seconds] : 0.0785134       : 59   : 0.0963816       : 0.00944075      : 0.112038        : 117  : 13.9741
  TaskLocalComm     [seconds] : 0.0121541       : 108  : 0.016478        : 0.00184985      : 0.0217934       : 81   : 24.3898
  TaskWaitCommTime  [seconds] : 0.0132976       : 117  : 0.0293618       : 0.00944044      : 0.0474039       : 95   : 38.0603
  NumberOfTasks     [tasks  ] : 10              : 0    : 10              : 0               : 10              : 0    : 0
  NumberOfPatches   [patches] : 1               : 0    : 1               : 0               : 1               : 0    : 0
  NumberOfCells     [cells  ] : 32768           : 0    : 32768           : 0               : 32768           : 0    : 0
  SCIMemoryUsed     [MBytes ] : 1.49672e+08     : 94   : 1.50392e+08     : 318659          : 1.51208e+08     : 74   : 0.539443
  SCIMemoryMaxUsed  [MBytes ] : 1.49672e+08     : 94   : 1.50392e+08     : 318659          : 1.51208e+08     : 74   : 0.539443
  MemoryUsed        [MBytes ] : 7.55397e+08     : 117  : 7.7819e+08      : 7.13699e+06     : 7.94214e+08     : 5    : 2.01762
  MemoryResident    [MBytes ] : 1.49672e+08     : 94   : 1.50392e+08     : 318659          : 1.51208e+08     : 74   : 0.539443
  Percentage of time spent in overhead : 1.24059

________________________________________________________________________________
--------------------------------------------------------------------------------
MPIStats:+
--------------------------------------------------------------------------------
                Name:       Total:         Avg:         Min:         Max:    Max rank: Hist %% [  Q1 |  Q2 |  Q3 |  Q4 ]:  %%Load Imbalance
         Count: Recv:     9.98e+03           78           78           78          126           100.0   0.0   0.0   0.0     0.0
         Count: Redu:     1.02e+03            8            8            8          126           100.0   0.0   0.0   0.0     0.0
         Count: Send:     9.98e+03           78           78           78          126           100.0   0.0   0.0   0.0     0.0
         Count: Test:     1.39e+03         10.9           10           20          126            88.3   3.9   4.7   3.1    45.6
         Count: Wait:     1.87e+04          146          146          146          126           100.0   0.0   0.0   0.0     0.0
          Time: Recv:      15.3 ms      0.12 ms    0.0456 ms     0.818 ms          111            87.5   7.8   3.1   1.6    85.3
          Time: Redu:      1.59 s       12.4 ms     0.459 ms      25.8 ms          104            26.6  31.2  12.5  29.7    51.9
          Time: Send:      90.2 ms     0.705 ms     0.405 ms      1.43 ms           90            50.8  33.6  10.9   4.7    50.6
          Time: Test:      3.59 ms    0.0281 ms  4.79e+03 ns     0.384 ms          124            92.2   6.2   0.8   0.8    92.7
          Time: Wait:      3.66 s       28.6 ms      13.6 ms      45.4 ms           92            40.6  14.1  16.4  28.9    37.0
Volume Recv TOTAL   :       357 MB      2.79 MB      2.79 MB      2.79 MB            0            99.2   0.0   0.0   0.8     0.1
Volume Recv0: <= 64B:          129         1.01            1            2            0            99.2   0.0   0.0   0.8    49.6
Volume Recv1: <= 4KB:     4.74e+03           37           37           42            0            99.2   0.0   0.0   0.8    11.8
Volume Recv2: <= 2MB:     5.38e+03           42           42           42          126           100.0   0.0   0.0   0.0     0.0
Volume Send TOTAL   :       358 MB      2.79 MB      2.79 MB      2.79 MB          126           100.0   0.0   0.0   0.0     0.0
Volume Send0: <= 64B:          256            2            2            2          126           100.0   0.0   0.0   0.0     0.0
Volume Send1: <= 4KB:     5.38e+03           42           42           42          126           100.0   0.0   0.0   0.0     0.0
Volume Send2: <= 2MB:     5.38e+03           42           42           42          126           100.0   0.0   0.0   0.0     0.0

Timestep 9       Time=9e-05       Next delT=1e-05       Wall Time=1.50226   EMA=0.138104    Memory Used=150.48 MBs (avg) 151.21 MBs (max on rank: 74    )
Runtime Summary  summary stats for time step 9 at time=9e-05
  Description       Units       Minimum           Rank   Average (128)     Std. Dev.         Maximum           Rank   100*(1-ave/max) '% load imbalance'
  TaskExec          [seconds] : 0.0828578       : 92   : 0.0985527       : 0.00968789      : 0.11382         : 127  : 13.4135
  TaskLocalComm     [seconds] : 0.0121497       : 92   : 0.0162417       : 0.00196817      : 0.0216838       : 89   : 25.0977
  TaskWaitCommTime  [seconds] : 0.0169138       : 127  : 0.0320588       : 0.00973501      : 0.0487284       : 92   : 34.2093
  NumberOfTasks     [tasks  ] : 10              : 0    : 10              : 0               : 10              : 0    : 0
  NumberOfPatches   [patches] : 1               : 0    : 1               : 0               : 1               : 0    : 0
  NumberOfCells     [cells  ] : 32768           : 0    : 32768           : 0               : 32768           : 0    : 0
  SCIMemoryUsed     [MBytes ] : 1.49807e+08     : 64   : 1.50483e+08     : 301076          : 1.51208e+08     : 74   : 0.479234
  SCIMemoryMaxUsed  [MBytes ] : 1.49807e+08     : 64   : 1.50483e+08     : 301076          : 1.51208e+08     : 74   : 0.479234
  MemoryUsed        [MBytes ] : 7.55397e+08     : 117  : 7.78257e+08     : 7.08662e+06     : 7.94214e+08     : 5    : 2.00921
  MemoryResident    [MBytes ] : 1.49807e+08     : 64   : 1.50483e+08     : 301076          : 1.51208e+08     : 74   : 0.479234
  Percentage of time spent in overhead : 1.10061

________________________________________________________________________________
--------------------------------------------------------------------------------
MPIStats:+
--------------------------------------------------------------------------------
                Name:       Total:         Avg:         Min:         Max:    Max rank: Hist %% [  Q1 |  Q2 |  Q3 |  Q4 ]:  %%Load Imbalance
         Count: Recv:     9.98e+03           78           78           78          126           100.0   0.0   0.0   0.0     0.0
         Count: Redu:     1.02e+03            8            8            8          126           100.0   0.0   0.0   0.0     0.0
         Count: Send:     9.98e+03           78           78           78          126           100.0   0.0   0.0   0.0     0.0
         Count: Test:     1.39e+03         10.9           10           20          127            89.1   3.9   3.9   3.1    45.7
         Count: Wait:     1.87e+04          146          146          146          126           100.0   0.0   0.0   0.0     0.0
          Time: Recv:      17.1 ms     0.134 ms    0.0484 ms     0.897 ms           62            85.9  10.2   2.3   1.6    85.1
          Time: Redu:      1.56 s       12.2 ms     0.407 ms      28.6 ms          104            28.1  37.5  23.4  10.9    57.6
          Time: Send:      87.1 ms      0.68 ms     0.377 ms      1.62 ms          124            58.6  32.8   6.2   2.3    57.9
          Time: Test:      4.37 ms    0.0341 ms  4.34e+03 ns      0.27 ms          124            84.4  10.2   3.9   1.6    87.4
          Time: Wait:      3.91 s       30.6 ms      10.1 ms      50.8 ms           34            11.7  42.2  22.7  23.4    39.8
Volume Recv TOTAL   :       357 MB      2.79 MB      2.79 MB      2.79 MB            0            99.2   0.0   0.0   0.8     0.1
Volume Recv0: <= 64B:          129         1.01            1            2            0            99.2   0.0   0.0   0.8    49.6
Volume Recv1: <= 4KB:     4.74e+03           37           37           42            0            99.2   0.0   0.0   0.8    11.8
Volume Recv2: <= 2MB:     5.38e+03           42           42           42          126           100.0   0.0   0.0   0.0     0.0
Volume Send TOTAL   :       358 MB      2.79 MB      2.79 MB      2.79 MB          126           100.0   0.0   0.0   0.0     0.0
Volume Send0: <= 64B:          256            2            2            2          126           100.0   0.0   0.0   0.0     0.0
Volume Send1: <= 4KB:     5.38e+03           42           42           42          126           100.0   0.0   0.0   0.0     0.0
Volume Send2: <= 2MB:     5.38e+03           42           42           42          126           100.0   0.0   0.0   0.0     0.0

Timestep 10      Time=0.0001      Next delT=1e-05       Wall Time=1.64241   EMA=0.138477    Memory Used=150.58 MBs (avg) 151.28 MBs (max on rank: 36    )
Runtime Summary  summary stats for time step 10 at time=0.0001
  Description       Units       Minimum           Rank   Average (128)     Std. Dev.         Maximum           Rank   100*(1-ave/max) '% load imbalance'
  TaskExec          [seconds] : 0.0783895       : 34   : 0.0972958       : 0.0107157       : 0.117872        : 125  : 17.4565
  TaskLocalComm     [seconds] : 0.0119809       : 93   : 0.0163839       : 0.00203713      : 0.0235638       : 90   : 30.4699
  TaskWaitCommTime  [seconds] : 0.0137439       : 125  : 0.0341041       : 0.0108015       : 0.0534157       : 34   : 36.1534
  NumberOfTasks     [tasks  ] : 10              : 0    : 10              : 0               : 10              : 0    : 0
  NumberOfPatches   [patches] : 1               : 0    : 1               : 0               : 1               : 0    : 0
  NumberOfCells     [cells  ] : 32768           : 0    : 32768           : 0               : 32768           : 0    : 0
  SCIMemoryUsed     [MBytes ] : 1.49852e+08     : 127  : 1.5058e+08      : 313862          : 1.51282e+08     : 36   : 0.464003
  SCIMemoryMaxUsed  [MBytes ] : 1.49852e+08     : 127  : 1.5058e+08      : 313862          : 1.51282e+08     : 36   : 0.464003
  MemoryUsed        [MBytes ] : 7.55397e+08     : 117  : 7.78257e+08     : 7.08662e+06     : 7.94214e+08     : 5    : 2.00921
  MemoryResident    [MBytes ] : 1.49852e+08     : 127  : 1.5058e+08      : 313862          : 1.51282e+08     : 36   : 0.464003
  Percentage of time spent in overhead : 0.988072
Sus: going down successfully
