Parallel: 32 MPI processes (using MPI)
Parallel: MPI Level Required: 0, provided: 0
Date:       Thu Aug 25 13:32:09 2022
Machine:    notch201
git branch:wasatch-low-cost-integ-cmake
git date:   Sat Jul 30 10:34:22 2022 -0600
git hash:   9315f9f96fa6304db4fe79378b145f37ea40016d
Assertion level: 0
CFLAGS:          
CXXFLAGS:        
______________________________________________________________________
Application Component: 	'wasatch'

-------------------------------------------------------------
Wasatch was built against:
  SpatialOps HASH: bd7a2bac76e42e2cb528b02e2cf1291d05c71926
             DATE: Fri Nov 12 11:34:54 2021 -0700
     ExprLib HASH: d2950c77edb22e5f3669ddaaf2d2ed29ceb24d2c
             DATE: Thu Aug 5 12:26:26 2021 -0600
    TabProps HASH: eca0dc5f26b20d4f6b1cebe51b1ae97e11871e83
             DATE: Wed Aug 11 20:11:26 2021 -0600
-------------------------------------------------------------

Linear Solver: 		hypre
Load Balancer: 		Simple
Scheduler: 		MPI
Patch layout: 		(4,4,2)
Grid statistics:
Number of levels:		1
Level 0:
  Periodic boundaries:		[int 1, 1, 1]
  Number of patches:		32
  Total number of cells:	1048576 (32768 avg. per patch)
Total patches in grid:		32
Total cells in grid:		1048576 (32768 avg. per patch)

Using small, individual MPI messages (no message combining)
Detected solver: hypre
SETTING UP CONVECTIVE FLUX EXPRESSION IN X DIRECTION USING CENTRAL
SETTING UP CONVECTIVE FLUX EXPRESSION IN Y DIRECTION USING CENTRAL
SETTING UP CONVECTIVE FLUX EXPRESSION IN Z DIRECTION USING CENTRAL
Setting initial conditions for scalability test equation: scalability0
SETTING UP CONVECTIVE FLUX EXPRESSION IN X DIRECTION USING CENTRAL
SETTING UP CONVECTIVE FLUX EXPRESSION IN Y DIRECTION USING CENTRAL
SETTING UP CONVECTIVE FLUX EXPRESSION IN Z DIRECTION USING CENTRAL
Setting initial conditions for scalability test equation: scalability1
SETTING UP CONVECTIVE FLUX EXPRESSION IN X DIRECTION USING CENTRAL
SETTING UP CONVECTIVE FLUX EXPRESSION IN Y DIRECTION USING CENTRAL
SETTING UP CONVECTIVE FLUX EXPRESSION IN Z DIRECTION USING CENTRAL
Setting initial conditions for scalability test equation: scalability2
SETTING UP CONVECTIVE FLUX EXPRESSION IN X DIRECTION USING CENTRAL
SETTING UP CONVECTIVE FLUX EXPRESSION IN Y DIRECTION USING CENTRAL
SETTING UP CONVECTIVE FLUX EXPRESSION IN Z DIRECTION USING CENTRAL
Setting initial conditions for scalability test equation: scalability3
SETTING UP CONVECTIVE FLUX EXPRESSION IN X DIRECTION USING CENTRAL
SETTING UP CONVECTIVE FLUX EXPRESSION IN Y DIRECTION USING CENTRAL
SETTING UP CONVECTIVE FLUX EXPRESSION IN Z DIRECTION USING CENTRAL
Setting initial conditions for scalability test equation: scalability4
SETTING UP CONVECTIVE FLUX EXPRESSION IN X DIRECTION USING CENTRAL
SETTING UP CONVECTIVE FLUX EXPRESSION IN Y DIRECTION USING CENTRAL
SETTING UP CONVECTIVE FLUX EXPRESSION IN Z DIRECTION USING CENTRAL
Setting initial conditions for scalability test equation: scalability5
SETTING UP CONVECTIVE FLUX EXPRESSION IN X DIRECTION USING CENTRAL
SETTING UP CONVECTIVE FLUX EXPRESSION IN Y DIRECTION USING CENTRAL
SETTING UP CONVECTIVE FLUX EXPRESSION IN Z DIRECTION USING CENTRAL
Setting initial conditions for scalability test equation: scalability6
SETTING UP CONVECTIVE FLUX EXPRESSION IN X DIRECTION USING CENTRAL
SETTING UP CONVECTIVE FLUX EXPRESSION IN Y DIRECTION USING CENTRAL
SETTING UP CONVECTIVE FLUX EXPRESSION IN Z DIRECTION USING CENTRAL
Setting initial conditions for scalability test equation: scalability7
SETTING UP CONVECTIVE FLUX EXPRESSION IN X DIRECTION USING CENTRAL
SETTING UP CONVECTIVE FLUX EXPRESSION IN Y DIRECTION USING CENTRAL
SETTING UP CONVECTIVE FLUX EXPRESSION IN Z DIRECTION USING CENTRAL
Setting initial conditions for scalability test equation: scalability8
SETTING UP CONVECTIVE FLUX EXPRESSION IN X DIRECTION USING CENTRAL
SETTING UP CONVECTIVE FLUX EXPRESSION IN Y DIRECTION USING CENTRAL
SETTING UP CONVECTIVE FLUX EXPRESSION IN Z DIRECTION USING CENTRAL
Setting initial conditions for scalability test equation: scalability9
------------------------------------------------
No BoundaryConditions specified
  This message will only occur once

Compiling initialization taskgraph.
------------------------------------------------
SETTING INITIAL BOUNDARY CONDITIONS:
------------------------------------------------
Setting Initial BCs for transport equation 'scalability0'
Setting Initial BCs for transport equation 'scalability1'
Setting Initial BCs for transport equation 'scalability2'
Setting Initial BCs for transport equation 'scalability3'
Setting Initial BCs for transport equation 'scalability4'
Setting Initial BCs for transport equation 'scalability5'
Setting Initial BCs for transport equation 'scalability6'
Setting Initial BCs for transport equation 'scalability7'
Setting Initial BCs for transport equation 'scalability8'
Setting Initial BCs for transport equation 'scalability9'
------------------------------------------------
Wasatch: done creating initialization task(s)
Scheduling Task 'compute timestep' COMPUTES 'delT' in NEW data warehouse
Wasatch: done creating timestep task(s)
Done with taskgraph compile (0.00016674 seconds)
Warning: addContribution not implemented for LoadBalancerCommon.
WARNING at time step 0 and sim time 0 : lowering the next delT from 1 to the maximum: 1e-05

________________________________________________________________________________
--------------------------------------------------------------------------------
MPIStats:+
--------------------------------------------------------------------------------
                Name:       Total:         Avg:         Min:         Max:    Max rank: Hist %% [  Q1 |  Q2 |  Q3 |  Q4 ]:  %%Load Imbalance
         Count: Gath:           64            2            2            2            7           100.0   0.0   0.0   0.0     0.0
         Count: Redu:           32            1            1            1           11           100.0   0.0   0.0   0.0     0.0
          Time: Gath:      46.9 ms      1.47 ms     0.548 ms      1.91 ms           20             6.2  21.9  15.6  56.2    23.4
          Time: Redu:      61.9 ms      1.93 ms      1.48 ms       2.3 ms            2            18.8  15.6  46.9  18.8    15.8
Volume Recv TOTAL   :      26.3 KB        841 B        841 B        841 B           18           100.0   0.0   0.0   0.0     0.0
Volume Recv0: <= 64B:           32            1            1            1            2           100.0   0.0   0.0   0.0     0.0
Volume Recv1: <= 4KB:           64            2            2            2           28           100.0   0.0   0.0   0.0     0.0
Volume Send TOTAL   :      8.84 KB        283 B        281 B        285 B            4            50.0   0.0   0.0  50.0     0.7
Volume Send0: <= 64B:           64            2            2            2           24           100.0   0.0   0.0   0.0     0.0
Volume Send1: <= 4KB:           32            1            1            1            8           100.0   0.0   0.0   0.0     0.0


Simulation and run time stats are reported at the end of each time step
EMA == Wall time as an exponential moving average using a window of the last 10 time steps
Timestep 0       Time=0           Next delT=1e-05       Wall Time=0.0974568 EMA=0.0879909   Memory Used=174.15 MBs (avg) 174.71 MBs (max on rank: 12    )
Warning: finalizeContributions not implemented for LoadBalancerCommon.
Warning: resetCostForecaster not implemented for LoadBalancerCommon.
Compiling taskgraph(s)...
------------------------------------------------
SETTING BOUNDARY CONDITIONS:
------------------------------------------------
Setting BCs for transport equation 'scalability0'
Setting BCs for transport equation 'scalability1'
Setting BCs for transport equation 'scalability2'
Setting BCs for transport equation 'scalability3'
Setting BCs for transport equation 'scalability4'
Setting BCs for transport equation 'scalability5'
Setting BCs for transport equation 'scalability6'
Setting BCs for transport equation 'scalability7'
Setting BCs for transport equation 'scalability8'
Setting BCs for transport equation 'scalability9'
------------------------------------------------
Wasatch: done creating solution task(s)
Wasatch: done creating solution task(s)
Wasatch: done creating solution task(s)
Wasatch: done creating post-processing task(s)
Scheduling Task 'compute timestep' COMPUTES 'delT' in NEW data warehouse
Wasatch: done creating timestep task(s)
Done with taskgraph compile (0.0323058 seconds)

________________________________________________________________________________
--------------------------------------------------------------------------------
MPIStats:+
--------------------------------------------------------------------------------
                Name:       Total:         Avg:         Min:         Max:    Max rank: Hist %% [  Q1 |  Q2 |  Q3 |  Q4 ]:  %%Load Imbalance
         Count: Recv:     1.63e+03           51           51           51           27           100.0   0.0   0.0   0.0     0.0
         Count: Redu:          256            8            8            8           11           100.0   0.0   0.0   0.0     0.0
         Count: Send:     1.63e+03           51           51           51           29           100.0   0.0   0.0   0.0     0.0
         Count: Test:          416           13           10           20           29            56.2   0.0  31.2  12.5    35.0
         Count: Wait:     2.94e+03           92           92           92           21           100.0   0.0   0.0   0.0     0.0
          Time: Recv:      1.24 ms    0.0387 ms    0.0185 ms    0.0922 ms           31            62.5   9.4  12.5  15.6    58.0
          Time: Redu:     0.157 s       4.91 ms      0.29 ms      9.89 ms           29             9.4  40.6  37.5  12.5    50.4
          Time: Send:      36.1 ms      1.13 ms      1.02 ms      1.35 ms           29            46.9  34.4  12.5   6.2    16.4
          Time: Test:     0.904 ms    0.0283 ms  6.67e+03 ns     0.234 ms           15            96.9   0.0   0.0   3.1    87.9
          Time: Wait:     0.168 s       5.26 ms      2.11 ms      8.44 ms            1            46.9   0.0   0.0  53.1    37.7
Volume Recv TOTAL   :      89.4 MB      2.79 MB      2.79 MB      2.79 MB            0            96.9   0.0   0.0   3.1     0.1
Volume Recv0: <= 64B:           33         1.03            1            2            0            96.9   0.0   0.0   3.1    48.4
Volume Recv1: <= 4KB:          549         17.2           17           22            0            96.9   0.0   0.0   3.1    22.0
Volume Recv2: <= 2MB:     1.12e+03           35           35           35           12           100.0   0.0   0.0   0.0     0.0
Volume Send TOTAL   :      89.4 MB      2.79 MB      2.79 MB      2.79 MB            4           100.0   0.0   0.0   0.0     0.0
Volume Send0: <= 64B:           64            2            2            2           24           100.0   0.0   0.0   0.0     0.0
Volume Send1: <= 4KB:          704           22           22           22            8           100.0   0.0   0.0   0.0     0.0
Volume Send2: <= 2MB:     1.12e+03           35           35           35           16           100.0   0.0   0.0   0.0     0.0

Timestep 1       Time=1e-05       Next delT=1e-05       Wall Time=0.205786  EMA=0.10829     Memory Used=186.66 MBs (avg) 187.28 MBs (max on rank: 0     )
Runtime Summary  summary stats for time step 1 at time=1e-05
  Description       Units       Minimum           Rank   Average (32)      Std. Dev.         Maximum           Rank   100*(1-ave/max) '% load imbalance'
  Compilation       [seconds] : 0.0249176       : 29   : 0.0255623       : 0.00124342      : 0.0323058       : 0    : 20.874
  TaskExec          [seconds] : 0.0653398       : 15   : 0.0704584       : 0.00298178      : 0.0742805       : 18   : 5.14545
  TaskLocalComm     [seconds] : 0.00908599      : 0    : 0.0103975       : 0.000581671     : 0.0123101       : 15   : 15.537
  TaskWaitCommTime  [seconds] : 0.00340955      : 18   : 0.00667825      : 0.00282099      : 0.0103347       : 15   : 35.3804
  NumberOfTasks     [tasks  ] : 10              : 0    : 10              : 0               : 10              : 0    : 0
  NumberOfPatches   [patches] : 1               : 0    : 1               : 0               : 1               : 0    : 0
  NumberOfCells     [cells  ] : 32768           : 0    : 32768           : 0               : 32768           : 0    : 0
  SCIMemoryUsed     [MBytes ] : 1.86032e+08     : 24   : 1.86656e+08     : 276513          : 1.87281e+08     : 0    : 0.333735
  SCIMemoryMaxUsed  [MBytes ] : 1.86032e+08     : 24   : 1.86656e+08     : 276513          : 1.87281e+08     : 0    : 0.333735
  MemoryUsed        [MBytes ] : 8.0309e+08      : 4    : 8.17651e+08     : 9.40764e+06     : 8.46017e+08     : 0    : 3.35281
  MemoryResident    [MBytes ] : 1.86032e+08     : 24   : 1.86656e+08     : 276513          : 1.87281e+08     : 0    : 0.333735
  Percentage of time spent in overhead : 22.6022

________________________________________________________________________________
--------------------------------------------------------------------------------
MPIStats:+
--------------------------------------------------------------------------------
                Name:       Total:         Avg:         Min:         Max:    Max rank: Hist %% [  Q1 |  Q2 |  Q3 |  Q4 ]:  %%Load Imbalance
         Count: Recv:     1.63e+03           51           51           51           27           100.0   0.0   0.0   0.0     0.0
         Count: Redu:          256            8            8            8           11           100.0   0.0   0.0   0.0     0.0
         Count: Send:     1.63e+03           51           51           51           29           100.0   0.0   0.0   0.0     0.0
         Count: Test:          414         12.9           10           19           29            56.2   0.0  25.0  18.8    31.9
         Count: Wait:     2.94e+03           92           92           92           21           100.0   0.0   0.0   0.0     0.0
          Time: Recv:     0.819 ms    0.0256 ms    0.0179 ms    0.0465 ms           30            65.6  15.6   3.1  15.6    45.0
          Time: Redu:       0.1 s       3.13 ms     0.222 ms      6.31 ms           18            21.9  25.0  40.6  12.5    50.4
          Time: Send:      48.4 ms      1.51 ms         1 ms      1.93 ms           18            15.6  31.2  25.0  28.1    21.5
          Time: Test:     0.523 ms    0.0163 ms  4.19e+03 ns    0.0485 ms           30            56.2  15.6  15.6  12.5    66.3
          Time: Wait:      69.5 ms      2.17 ms       1.5 ms      5.13 ms            0            78.1  15.6   3.1   3.1    57.6
Volume Recv TOTAL   :      89.4 MB      2.79 MB      2.79 MB      2.79 MB            0            96.9   0.0   0.0   3.1     0.1
Volume Recv0: <= 64B:           33         1.03            1            2            0            96.9   0.0   0.0   3.1    48.4
Volume Recv1: <= 4KB:          549         17.2           17           22            0            96.9   0.0   0.0   3.1    22.0
Volume Recv2: <= 2MB:     1.12e+03           35           35           35           12           100.0   0.0   0.0   0.0     0.0
Volume Send TOTAL   :      89.4 MB      2.79 MB      2.79 MB      2.79 MB            4           100.0   0.0   0.0   0.0     0.0
Volume Send0: <= 64B:           64            2            2            2           24           100.0   0.0   0.0   0.0     0.0
Volume Send1: <= 4KB:          704           22           22           22            8           100.0   0.0   0.0   0.0     0.0
Volume Send2: <= 2MB:     1.12e+03           35           35           35           16           100.0   0.0   0.0   0.0     0.0

Timestep 2       Time=2e-05       Next delT=1e-05       Wall Time=0.252354  EMA=0.0671414   Memory Used=191.40 MBs (avg) 192.08 MBs (max on rank: 12    )
Runtime Summary  summary stats for time step 2 at time=2e-05
  Description       Units       Minimum           Rank   Average (32)      Std. Dev.         Maximum           Rank   100*(1-ave/max) '% load imbalance'
  TaskExec          [seconds] : 0.0351875       : 0    : 0.0379191       : 0.000651454     : 0.0386456       : 30   : 1.87994
  TaskLocalComm     [seconds] : 0.00863881      : 0    : 0.00981124      : 0.000428511     : 0.0105254       : 16   : 6.78493
  TaskWaitCommTime  [seconds] : 0.00281045      : 30   : 0.00342609      : 0.000679025     : 0.00628013      : 0    : 45.4456
  NumberOfTasks     [tasks  ] : 10              : 0    : 10              : 0               : 10              : 0    : 0
  NumberOfPatches   [patches] : 1               : 0    : 1               : 0               : 1               : 0    : 0
  NumberOfCells     [cells  ] : 32768           : 0    : 32768           : 0               : 32768           : 0    : 0
  SCIMemoryUsed     [MBytes ] : 1.90661e+08     : 31   : 1.91402e+08     : 329977          : 1.92082e+08     : 12   : 0.353782
  SCIMemoryMaxUsed  [MBytes ] : 1.90661e+08     : 31   : 1.91402e+08     : 329977          : 1.92082e+08     : 12   : 0.353782
  MemoryUsed        [MBytes ] : 8.07518e+08     : 4    : 8.22123e+08     : 9.41076e+06     : 8.50444e+08     : 0    : 3.33013
  MemoryResident    [MBytes ] : 1.90661e+08     : 31   : 1.91402e+08     : 329977          : 1.92082e+08     : 12   : 0.353782
  Percentage of time spent in overhead : 11.301

________________________________________________________________________________
--------------------------------------------------------------------------------
MPIStats:+
--------------------------------------------------------------------------------
                Name:       Total:         Avg:         Min:         Max:    Max rank: Hist %% [  Q1 |  Q2 |  Q3 |  Q4 ]:  %%Load Imbalance
         Count: Recv:     1.63e+03           51           51           51           27           100.0   0.0   0.0   0.0     0.0
         Count: Redu:          256            8            8            8           11           100.0   0.0   0.0   0.0     0.0
         Count: Send:     1.63e+03           51           51           51           29           100.0   0.0   0.0   0.0     0.0
         Count: Test:          413         12.9           10           20           30            56.2   0.0  31.2  12.5    35.5
         Count: Wait:     2.94e+03           92           92           92           21           100.0   0.0   0.0   0.0     0.0
          Time: Recv:     0.815 ms    0.0255 ms    0.0173 ms    0.0475 ms           29            65.6  18.8   6.2   9.4    46.4
          Time: Redu:     0.256 s       7.99 ms      0.28 ms      11.9 ms           22             3.1  21.9  34.4  40.6    32.8
          Time: Send:      28.3 ms     0.885 ms     0.687 ms       1.3 ms           26            37.5  46.9   9.4   6.2    32.1
          Time: Test:     0.543 ms     0.017 ms  4.89e+03 ns    0.0624 ms           29            62.5  25.0   9.4   3.1    72.8
          Time: Wait:     0.115 s       3.58 ms       1.5 ms      9.39 ms            0            56.2  21.9  18.8   3.1    61.8
Volume Recv TOTAL   :      89.4 MB      2.79 MB      2.79 MB      2.79 MB            0            96.9   0.0   0.0   3.1     0.1
Volume Recv0: <= 64B:           33         1.03            1            2            0            96.9   0.0   0.0   3.1    48.4
Volume Recv1: <= 4KB:          549         17.2           17           22            0            96.9   0.0   0.0   3.1    22.0
Volume Recv2: <= 2MB:     1.12e+03           35           35           35           12           100.0   0.0   0.0   0.0     0.0
Volume Send TOTAL   :      89.4 MB      2.79 MB      2.79 MB      2.79 MB            4           100.0   0.0   0.0   0.0     0.0
Volume Send0: <= 64B:           64            2            2            2           24           100.0   0.0   0.0   0.0     0.0
Volume Send1: <= 4KB:          704           22           22           22            8           100.0   0.0   0.0   0.0     0.0
Volume Send2: <= 2MB:     1.12e+03           35           35           35           16           100.0   0.0   0.0   0.0     0.0

Timestep 3       Time=3e-05       Next delT=1e-05       Wall Time=0.303366  EMA=0.0590766   Memory Used=194.65 MBs (avg) 195.42 MBs (max on rank: 0     )
Runtime Summary  summary stats for time step 3 at time=3e-05
  Description       Units       Minimum           Rank   Average (32)      Std. Dev.         Maximum           Rank   100*(1-ave/max) '% load imbalance'
  TaskExec          [seconds] : 0.0350328       : 0    : 0.0407999       : 0.00207174      : 0.0430662       : 22   : 5.2623
  TaskLocalComm     [seconds] : 0.00799248      : 0    : 0.00921747      : 0.000782175     : 0.0125985       : 26   : 26.8365
  TaskWaitCommTime  [seconds] : 0.00264445      : 15   : 0.00491827      : 0.00208227      : 0.0106913       : 0    : 53.9974
  NumberOfTasks     [tasks  ] : 10              : 0    : 10              : 0               : 10              : 0    : 0
  NumberOfPatches   [patches] : 1               : 0    : 1               : 0               : 1               : 0    : 0
  NumberOfCells     [cells  ] : 32768           : 0    : 32768           : 0               : 32768           : 0    : 0
  SCIMemoryUsed     [MBytes ] : 1.93917e+08     : 31   : 1.94655e+08     : 331147          : 1.95416e+08     : 0    : 0.389471
  SCIMemoryMaxUsed  [MBytes ] : 1.93917e+08     : 31   : 1.94655e+08     : 331147          : 1.95416e+08     : 0    : 0.389471
  MemoryUsed        [MBytes ] : 8.10668e+08     : 4    : 8.25269e+08     : 9.41361e+06     : 8.53594e+08     : 0    : 3.31834
  MemoryResident    [MBytes ] : 1.93917e+08     : 31   : 1.94655e+08     : 331147          : 1.95416e+08     : 0    : 0.389471
  Percentage of time spent in overhead : 7.53349

________________________________________________________________________________
--------------------------------------------------------------------------------
MPIStats:+
--------------------------------------------------------------------------------
                Name:       Total:         Avg:         Min:         Max:    Max rank: Hist %% [  Q1 |  Q2 |  Q3 |  Q4 ]:  %%Load Imbalance
         Count: Recv:     1.63e+03           51           51           51           27           100.0   0.0   0.0   0.0     0.0
         Count: Redu:          256            8            8            8           11           100.0   0.0   0.0   0.0     0.0
         Count: Send:     1.63e+03           51           51           51           29           100.0   0.0   0.0   0.0     0.0
         Count: Test:          424         13.2           10           19            7            56.2   0.0   9.4  34.4    30.3
         Count: Wait:     2.94e+03           92           92           92           21           100.0   0.0   0.0   0.0     0.0
          Time: Recv:     0.901 ms    0.0282 ms    0.0175 ms    0.0628 ms           31            65.6  18.8   9.4   6.2    55.2
          Time: Redu:      68.1 ms      2.13 ms     0.245 ms      4.06 ms           21            12.5  56.2  12.5  18.8    47.5
          Time: Send:      24.5 ms     0.765 ms      0.47 ms      1.06 ms           25            15.6  31.2  40.6  12.5    27.9
          Time: Test:     0.627 ms    0.0196 ms  4.15e+03 ns    0.0904 ms           23            62.5  31.2   3.1   3.1    78.3
          Time: Wait:        53 ms      1.66 ms      1.02 ms      2.14 ms           30            15.6  21.9  37.5  25.0    22.5
Volume Recv TOTAL   :      89.4 MB      2.79 MB      2.79 MB      2.79 MB            0            96.9   0.0   0.0   3.1     0.1
Volume Recv0: <= 64B:           33         1.03            1            2            0            96.9   0.0   0.0   3.1    48.4
Volume Recv1: <= 4KB:          549         17.2           17           22            0            96.9   0.0   0.0   3.1    22.0
Volume Recv2: <= 2MB:     1.12e+03           35           35           35           12           100.0   0.0   0.0   0.0     0.0
Volume Send TOTAL   :      89.4 MB      2.79 MB      2.79 MB      2.79 MB            4           100.0   0.0   0.0   0.0     0.0
Volume Send0: <= 64B:           64            2            2            2           24           100.0   0.0   0.0   0.0     0.0
Volume Send1: <= 4KB:          704           22           22           22            8           100.0   0.0   0.0   0.0     0.0
Volume Send2: <= 2MB:     1.12e+03           35           35           35           16           100.0   0.0   0.0   0.0     0.0

Timestep 4       Time=4e-05       Next delT=1e-05       Wall Time=0.346625  EMA=0.0527495   Memory Used=194.92 MBs (avg) 195.69 MBs (max on rank: 0     )
Runtime Summary  summary stats for time step 4 at time=4e-05
  Description       Units       Minimum           Rank   Average (32)      Std. Dev.         Maximum           Rank   100*(1-ave/max) '% load imbalance'
  TaskExec          [seconds] : 0.0347591       : 15   : 0.0353211       : 0.000412694     : 0.0363117       : 21   : 2.72817
  TaskLocalComm     [seconds] : 0.00805225      : 19   : 0.00875405      : 0.000466864     : 0.0105426       : 15   : 16.9647
  TaskWaitCommTime  [seconds] : 0.00212147      : 24   : 0.00291715      : 0.000327473     : 0.0034402       : 30   : 15.2042
  NumberOfTasks     [tasks  ] : 10              : 0    : 10              : 0               : 10              : 0    : 0
  NumberOfPatches   [patches] : 1               : 0    : 1               : 0               : 1               : 0    : 0
  NumberOfCells     [cells  ] : 32768           : 0    : 32768           : 0               : 32768           : 0    : 0
  SCIMemoryUsed     [MBytes ] : 1.94187e+08     : 31   : 1.94918e+08     : 333356          : 1.95686e+08     : 0    : 0.392792
  SCIMemoryMaxUsed  [MBytes ] : 1.94187e+08     : 31   : 1.94918e+08     : 333356          : 1.95686e+08     : 0    : 0.392792
  MemoryUsed        [MBytes ] : 8.10668e+08     : 4    : 8.25273e+08     : 9.41082e+06     : 8.53594e+08     : 0    : 3.31784
  MemoryResident    [MBytes ] : 1.94187e+08     : 31   : 1.94918e+08     : 333356          : 1.95686e+08     : 0    : 0.392792
  Percentage of time spent in overhead : 5.64897

________________________________________________________________________________
--------------------------------------------------------------------------------
MPIStats:+
--------------------------------------------------------------------------------
                Name:       Total:         Avg:         Min:         Max:    Max rank: Hist %% [  Q1 |  Q2 |  Q3 |  Q4 ]:  %%Load Imbalance
         Count: Recv:     1.63e+03           51           51           51           27           100.0   0.0   0.0   0.0     0.0
         Count: Redu:          256            8            8            8           11           100.0   0.0   0.0   0.0     0.0
         Count: Send:     1.63e+03           51           51           51           29           100.0   0.0   0.0   0.0     0.0
         Count: Test:          420         13.1           10           22           30            56.2   9.4  25.0   9.4    40.3
         Count: Wait:     2.94e+03           92           92           92           21           100.0   0.0   0.0   0.0     0.0
          Time: Recv:     0.935 ms    0.0292 ms    0.0178 ms    0.0602 ms           29            62.5  15.6   6.2  15.6    51.5
          Time: Redu:      64.7 ms      2.02 ms     0.219 ms      3.97 ms            9             9.4  53.1  25.0  12.5    49.0
          Time: Send:      25.3 ms     0.789 ms     0.554 ms      1.13 ms           15            25.0  40.6  21.9  12.5    30.3
          Time: Test:     0.614 ms    0.0192 ms  3.76e+03 ns    0.0885 ms           30            65.6  28.1   3.1   3.1    78.3
          Time: Wait:      52.1 ms      1.63 ms      1.11 ms      1.92 ms           11             9.4  18.8  31.2  40.6    15.2
Volume Recv TOTAL   :      89.4 MB      2.79 MB      2.79 MB      2.79 MB            0            96.9   0.0   0.0   3.1     0.1
Volume Recv0: <= 64B:           33         1.03            1            2            0            96.9   0.0   0.0   3.1    48.4
Volume Recv1: <= 4KB:          549         17.2           17           22            0            96.9   0.0   0.0   3.1    22.0
Volume Recv2: <= 2MB:     1.12e+03           35           35           35           12           100.0   0.0   0.0   0.0     0.0
Volume Send TOTAL   :      89.4 MB      2.79 MB      2.79 MB      2.79 MB            4           100.0   0.0   0.0   0.0     0.0
Volume Send0: <= 64B:           64            2            2            2           24           100.0   0.0   0.0   0.0     0.0
Volume Send1: <= 4KB:          704           22           22           22            8           100.0   0.0   0.0   0.0     0.0
Volume Send2: <= 2MB:     1.12e+03           35           35           35           16           100.0   0.0   0.0   0.0     0.0

Timestep 5       Time=5e-05       Next delT=1e-05       Wall Time=0.389447  EMA=0.0494401   Memory Used=195.12 MBs (avg) 195.96 MBs (max on rank: 0     )
Runtime Summary  summary stats for time step 5 at time=5e-05
  Description       Units       Minimum           Rank   Average (32)      Std. Dev.         Maximum           Rank   100*(1-ave/max) '% load imbalance'
  TaskExec          [seconds] : 0.0343838       : 0    : 0.0349182       : 0.000426707     : 0.0360689       : 9    : 3.19041
  TaskLocalComm     [seconds] : 0.00814958      : 3    : 0.00884161      : 0.000506593     : 0.0103693       : 15   : 14.7325
  TaskWaitCommTime  [seconds] : 0.00219253      : 9    : 0.00288497      : 0.00023926      : 0.00313589      : 7    : 8.00148
  NumberOfTasks     [tasks  ] : 10              : 0    : 10              : 0               : 10              : 0    : 0
  NumberOfPatches   [patches] : 1               : 0    : 1               : 0               : 1               : 0    : 0
  NumberOfCells     [cells  ] : 32768           : 0    : 32768           : 0               : 32768           : 0    : 0
  SCIMemoryUsed     [MBytes ] : 1.94458e+08     : 31   : 1.95121e+08     : 363864          : 1.95957e+08     : 0    : 0.426739
  SCIMemoryMaxUsed  [MBytes ] : 1.94458e+08     : 31   : 1.95121e+08     : 363864          : 1.95957e+08     : 0    : 0.426739
  MemoryUsed        [MBytes ] : 8.10668e+08     : 4    : 8.25282e+08     : 9.40127e+06     : 8.53594e+08     : 0    : 3.31685
  MemoryResident    [MBytes ] : 1.94458e+08     : 31   : 1.95121e+08     : 363864          : 1.95957e+08     : 0    : 0.426739
  Percentage of time spent in overhead : 4.51734

________________________________________________________________________________
--------------------------------------------------------------------------------
MPIStats:+
--------------------------------------------------------------------------------
                Name:       Total:         Avg:         Min:         Max:    Max rank: Hist %% [  Q1 |  Q2 |  Q3 |  Q4 ]:  %%Load Imbalance
         Count: Recv:     1.63e+03           51           51           51           27           100.0   0.0   0.0   0.0     0.0
         Count: Redu:          256            8            8            8           11           100.0   0.0   0.0   0.0     0.0
         Count: Send:     1.63e+03           51           51           51           29           100.0   0.0   0.0   0.0     0.0
         Count: Test:          415           13           10           20           31            56.2   0.0  31.2  12.5    35.2
         Count: Wait:     2.94e+03           92           92           92           21           100.0   0.0   0.0   0.0     0.0
          Time: Recv:     0.912 ms    0.0285 ms    0.0176 ms    0.0695 ms           31            75.0   6.2  12.5   6.2    59.0
          Time: Redu:      49.6 ms      1.55 ms     0.264 ms      3.56 ms           13            31.2  31.2  31.2   6.2    56.5
          Time: Send:      25.4 ms     0.793 ms     0.398 ms       1.3 ms           26            12.5  62.5  21.9   3.1    39.1
          Time: Test:     0.511 ms     0.016 ms  3.51e+03 ns      0.04 ms           30            53.1  12.5  18.8  15.6    60.2
          Time: Wait:      54.4 ms       1.7 ms      1.08 ms      2.04 ms            2             9.4   6.2  50.0  34.4    16.7
Volume Recv TOTAL   :      89.4 MB      2.79 MB      2.79 MB      2.79 MB            0            96.9   0.0   0.0   3.1     0.1
Volume Recv0: <= 64B:           33         1.03            1            2            0            96.9   0.0   0.0   3.1    48.4
Volume Recv1: <= 4KB:          549         17.2           17           22            0            96.9   0.0   0.0   3.1    22.0
Volume Recv2: <= 2MB:     1.12e+03           35           35           35           12           100.0   0.0   0.0   0.0     0.0
Volume Send TOTAL   :      89.4 MB      2.79 MB      2.79 MB      2.79 MB            4           100.0   0.0   0.0   0.0     0.0
Volume Send0: <= 64B:           64            2            2            2           24           100.0   0.0   0.0   0.0     0.0
Volume Send1: <= 4KB:          704           22           22           22            8           100.0   0.0   0.0   0.0     0.0
Volume Send2: <= 2MB:     1.12e+03           35           35           35           16           100.0   0.0   0.0   0.0     0.0

Timestep 6       Time=6e-05       Next delT=1e-05       Wall Time=0.431924  EMA=0.0474506   Memory Used=195.28 MBs (avg) 196.23 MBs (max on rank: 0     )
Runtime Summary  summary stats for time step 6 at time=6e-05
  Description       Units       Minimum           Rank   Average (32)      Std. Dev.         Maximum           Rank   100*(1-ave/max) '% load imbalance'
  TaskExec          [seconds] : 0.0337396       : 26   : 0.0345342       : 0.000391263     : 0.0354174       : 28   : 2.4937
  TaskLocalComm     [seconds] : 0.00815373      : 30   : 0.00888509      : 0.000542768     : 0.0104491       : 15   : 14.9682
  TaskWaitCommTime  [seconds] : 0.00237335      : 28   : 0.00297044      : 0.000228698     : 0.00329799      : 2    : 9.93183
  NumberOfTasks     [tasks  ] : 10              : 0    : 10              : 0               : 10              : 0    : 0
  NumberOfPatches   [patches] : 1               : 0    : 1               : 0               : 1               : 0    : 0
  NumberOfCells     [cells  ] : 32768           : 0    : 32768           : 0               : 32768           : 0    : 0
  SCIMemoryUsed     [MBytes ] : 1.94458e+08     : 31   : 1.95284e+08     : 346417          : 1.96227e+08     : 0    : 0.480358
  SCIMemoryMaxUsed  [MBytes ] : 1.94458e+08     : 31   : 1.95284e+08     : 346417          : 1.96227e+08     : 0    : 0.480358
  MemoryUsed        [MBytes ] : 8.10668e+08     : 4    : 8.25299e+08     : 9.41234e+06     : 8.53594e+08     : 0    : 3.31481
  MemoryResident    [MBytes ] : 1.94458e+08     : 31   : 1.95284e+08     : 346417          : 1.96227e+08     : 0    : 0.480358
  Percentage of time spent in overhead : 3.76188

________________________________________________________________________________
--------------------------------------------------------------------------------
MPIStats:+
--------------------------------------------------------------------------------
                Name:       Total:         Avg:         Min:         Max:    Max rank: Hist %% [  Q1 |  Q2 |  Q3 |  Q4 ]:  %%Load Imbalance
         Count: Recv:     1.63e+03           51           51           51           27           100.0   0.0   0.0   0.0     0.0
         Count: Redu:          256            8            8            8           11           100.0   0.0   0.0   0.0     0.0
         Count: Send:     1.63e+03           51           51           51           29           100.0   0.0   0.0   0.0     0.0
         Count: Test:          433         13.5           10           20           25            56.2   0.0  15.6  28.1    32.3
         Count: Wait:     2.94e+03           92           92           92           21           100.0   0.0   0.0   0.0     0.0
          Time: Recv:     0.967 ms    0.0302 ms     0.018 ms    0.0744 ms           31            65.6  18.8  12.5   3.1    59.4
          Time: Redu:      47.5 ms      1.48 ms     0.275 ms      3.13 ms           11            28.1  34.4  25.0  12.5    52.5
          Time: Send:      26.5 ms     0.827 ms     0.565 ms      1.58 ms           31            53.1  40.6   3.1   3.1    47.6
          Time: Test:     0.801 ms     0.025 ms  4.55e+03 ns     0.182 ms           25            84.4  12.5   0.0   3.1    86.2
          Time: Wait:      52.5 ms      1.64 ms      1.13 ms      1.93 ms           10             9.4  15.6  37.5  37.5    14.8
Volume Recv TOTAL   :      89.4 MB      2.79 MB      2.79 MB      2.79 MB            0            96.9   0.0   0.0   3.1     0.1
Volume Recv0: <= 64B:           33         1.03            1            2            0            96.9   0.0   0.0   3.1    48.4
Volume Recv1: <= 4KB:          549         17.2           17           22            0            96.9   0.0   0.0   3.1    22.0
Volume Recv2: <= 2MB:     1.12e+03           35           35           35           12           100.0   0.0   0.0   0.0     0.0
Volume Send TOTAL   :      89.4 MB      2.79 MB      2.79 MB      2.79 MB            4           100.0   0.0   0.0   0.0     0.0
Volume Send0: <= 64B:           64            2            2            2           24           100.0   0.0   0.0   0.0     0.0
Volume Send1: <= 4KB:          704           22           22           22            8           100.0   0.0   0.0   0.0     0.0
Volume Send2: <= 2MB:     1.12e+03           35           35           35           16           100.0   0.0   0.0   0.0     0.0

Timestep 7       Time=7e-05       Next delT=1e-05       Wall Time=0.474626  EMA=0.0462635   Memory Used=195.52 MBs (avg) 196.50 MBs (max on rank: 0     )
Runtime Summary  summary stats for time step 7 at time=7e-05
  Description       Units       Minimum           Rank   Average (32)      Std. Dev.         Maximum           Rank   100*(1-ave/max) '% load imbalance'
  TaskExec          [seconds] : 0.0342035       : 16   : 0.0347326       : 0.000341482     : 0.0356674       : 11   : 2.62098
  TaskLocalComm     [seconds] : 0.00837613      : 14   : 0.00897813      : 0.000550532     : 0.0104876       : 31   : 14.3931
  TaskWaitCommTime  [seconds] : 0.0022478       : 11   : 0.0029148       : 0.000241628     : 0.00319131      : 10   : 8.66445
  NumberOfTasks     [tasks  ] : 10              : 0    : 10              : 0               : 10              : 0    : 0
  NumberOfPatches   [patches] : 1               : 0    : 1               : 0               : 1               : 0    : 0
  NumberOfCells     [cells  ] : 32768           : 0    : 32768           : 0               : 32768           : 0    : 0
  SCIMemoryUsed     [MBytes ] : 1.94728e+08     : 31   : 1.95523e+08     : 326046          : 1.96497e+08     : 0    : 0.495982
  SCIMemoryMaxUsed  [MBytes ] : 1.94728e+08     : 31   : 1.95523e+08     : 326046          : 1.96497e+08     : 0    : 0.495982
  MemoryUsed        [MBytes ] : 8.10668e+08     : 4    : 8.25317e+08     : 9.40009e+06     : 8.53594e+08     : 0    : 3.31271
  MemoryResident    [MBytes ] : 1.94728e+08     : 31   : 1.95523e+08     : 326046          : 1.96497e+08     : 0    : 0.495982
  Percentage of time spent in overhead : 3.22116

________________________________________________________________________________
--------------------------------------------------------------------------------
MPIStats:+
--------------------------------------------------------------------------------
                Name:       Total:         Avg:         Min:         Max:    Max rank: Hist %% [  Q1 |  Q2 |  Q3 |  Q4 ]:  %%Load Imbalance
         Count: Recv:     1.63e+03           51           51           51           27           100.0   0.0   0.0   0.0     0.0
         Count: Redu:          256            8            8            8           11           100.0   0.0   0.0   0.0     0.0
         Count: Send:     1.63e+03           51           51           51           29           100.0   0.0   0.0   0.0     0.0
         Count: Test:          414         12.9           10           21           31            56.2   6.2  34.4   3.1    38.4
         Count: Wait:     2.94e+03           92           92           92           21           100.0   0.0   0.0   0.0     0.0
          Time: Recv:     0.892 ms    0.0279 ms    0.0178 ms    0.0668 ms           27            75.0   9.4   9.4   6.2    58.2
          Time: Redu:      49.6 ms      1.55 ms     0.226 ms      3.33 ms           25            34.4  31.2  12.5  21.9    53.5
          Time: Send:        23 ms     0.717 ms     0.344 ms      1.18 ms           13            15.6  53.1  18.8  12.5    39.1
          Time: Test:     0.549 ms    0.0171 ms   4.2e+03 ns    0.0458 ms           29            56.2   6.2  21.9  15.6    62.6
          Time: Wait:      53.1 ms      1.66 ms      1.21 ms      2.07 ms            4            15.6  25.0  34.4  25.0    19.9
Volume Recv TOTAL   :      89.4 MB      2.79 MB      2.79 MB      2.79 MB            0            96.9   0.0   0.0   3.1     0.1
Volume Recv0: <= 64B:           33         1.03            1            2            0            96.9   0.0   0.0   3.1    48.4
Volume Recv1: <= 4KB:          549         17.2           17           22            0            96.9   0.0   0.0   3.1    22.0
Volume Recv2: <= 2MB:     1.12e+03           35           35           35           12           100.0   0.0   0.0   0.0     0.0
Volume Send TOTAL   :      89.4 MB      2.79 MB      2.79 MB      2.79 MB            4           100.0   0.0   0.0   0.0     0.0
Volume Send0: <= 64B:           64            2            2            2           24           100.0   0.0   0.0   0.0     0.0
Volume Send1: <= 4KB:          704           22           22           22            8           100.0   0.0   0.0   0.0     0.0
Volume Send2: <= 2MB:     1.12e+03           35           35           35           16           100.0   0.0   0.0   0.0     0.0

Timestep 8       Time=8e-05       Next delT=1e-05       Wall Time=0.517574  EMA=0.045526    Memory Used=195.71 MBs (avg) 196.80 MBs (max on rank: 0     )
Runtime Summary  summary stats for time step 8 at time=8e-05
  Description       Units       Minimum           Rank   Average (32)      Std. Dev.         Maximum           Rank   100*(1-ave/max) '% load imbalance'
  TaskExec          [seconds] : 0.0342581       : 10   : 0.0349464       : 0.000382596     : 0.0358495       : 3    : 2.5191
  TaskLocalComm     [seconds] : 0.00806471      : 3    : 0.00879795      : 0.000496905     : 0.010463        : 15   : 15.914
  TaskWaitCommTime  [seconds] : 0.00242596      : 25   : 0.00296895      : 0.000268114     : 0.00342713      : 16   : 13.3693
  NumberOfTasks     [tasks  ] : 10              : 0    : 10              : 0               : 10              : 0    : 0
  NumberOfPatches   [patches] : 1               : 0    : 1               : 0               : 1               : 0    : 0
  NumberOfCells     [cells  ] : 32768           : 0    : 32768           : 0               : 32768           : 0    : 0
  SCIMemoryUsed     [MBytes ] : 1.94728e+08     : 31   : 1.9571e+08      : 385324          : 1.96796e+08     : 0    : 0.55227
  SCIMemoryMaxUsed  [MBytes ] : 1.94728e+08     : 31   : 1.9571e+08      : 385324          : 1.96796e+08     : 0    : 0.55227
  MemoryUsed        [MBytes ] : 8.10668e+08     : 4    : 8.2534e+08      : 9.3922e+06      : 8.53594e+08     : 0    : 3.31006
  MemoryResident    [MBytes ] : 1.94728e+08     : 31   : 1.9571e+08      : 385324          : 1.96796e+08     : 0    : 0.55227
  Percentage of time spent in overhead : 2.81445

________________________________________________________________________________
--------------------------------------------------------------------------------
MPIStats:+
--------------------------------------------------------------------------------
                Name:       Total:         Avg:         Min:         Max:    Max rank: Hist %% [  Q1 |  Q2 |  Q3 |  Q4 ]:  %%Load Imbalance
         Count: Recv:     1.63e+03           51           51           51           27           100.0   0.0   0.0   0.0     0.0
         Count: Redu:          256            8            8            8           11           100.0   0.0   0.0   0.0     0.0
         Count: Send:     1.63e+03           51           51           51           29           100.0   0.0   0.0   0.0     0.0
         Count: Test:          416           13           10           20           31            56.2   0.0  28.1  15.6    35.0
         Count: Wait:     2.94e+03           92           92           92           21           100.0   0.0   0.0   0.0     0.0
          Time: Recv:      0.92 ms    0.0287 ms    0.0181 ms    0.0537 ms           27            62.5  12.5   9.4  15.6    46.4
          Time: Redu:      53.2 ms      1.66 ms     0.343 ms      3.62 ms           31            43.8  15.6  25.0  15.6    54.1
          Time: Send:      22.2 ms     0.695 ms     0.306 ms      1.22 ms           15            28.1  37.5  21.9  12.5    43.2
          Time: Test:     0.624 ms    0.0195 ms   4.5e+03 ns     0.126 ms           26            87.5   9.4   0.0   3.1    84.5
          Time: Wait:      54.4 ms       1.7 ms      1.12 ms      2.19 ms           24            12.5  34.4  37.5  15.6    22.3
Volume Recv TOTAL   :      89.4 MB      2.79 MB      2.79 MB      2.79 MB            0            96.9   0.0   0.0   3.1     0.1
Volume Recv0: <= 64B:           33         1.03            1            2            0            96.9   0.0   0.0   3.1    48.4
Volume Recv1: <= 4KB:          549         17.2           17           22            0            96.9   0.0   0.0   3.1    22.0
Volume Recv2: <= 2MB:     1.12e+03           35           35           35           12           100.0   0.0   0.0   0.0     0.0
Volume Send TOTAL   :      89.4 MB      2.79 MB      2.79 MB      2.79 MB            4           100.0   0.0   0.0   0.0     0.0
Volume Send0: <= 64B:           64            2            2            2           24           100.0   0.0   0.0   0.0     0.0
Volume Send1: <= 4KB:          704           22           22           22            8           100.0   0.0   0.0   0.0     0.0
Volume Send2: <= 2MB:     1.12e+03           35           35           35           16           100.0   0.0   0.0   0.0     0.0

Timestep 9       Time=9e-05       Next delT=1e-05       Wall Time=0.560748  EMA=0.045056    Memory Used=195.84 MBs (avg) 197.07 MBs (max on rank: 0     )
Runtime Summary  summary stats for time step 9 at time=9e-05
  Description       Units       Minimum           Rank   Average (32)      Std. Dev.         Maximum           Rank   100*(1-ave/max) '% load imbalance'
  TaskExec          [seconds] : 0.034582        : 21   : 0.035146        : 0.000365714     : 0.0359783       : 30   : 2.31313
  TaskLocalComm     [seconds] : 0.00794696      : 31   : 0.00877966      : 0.000587817     : 0.0104999       : 15   : 16.383
  TaskWaitCommTime  [seconds] : 0.00249494      : 30   : 0.0030077       : 0.000305392     : 0.00355153      : 8    : 15.3126
  NumberOfTasks     [tasks  ] : 10              : 0    : 10              : 0               : 10              : 0    : 0
  NumberOfPatches   [patches] : 1               : 0    : 1               : 0               : 1               : 0    : 0
  NumberOfCells     [cells  ] : 32768           : 0    : 32768           : 0               : 32768           : 0    : 0
  SCIMemoryUsed     [MBytes ] : 1.94998e+08     : 31   : 1.95837e+08     : 364941          : 1.97067e+08     : 0    : 0.62387
  SCIMemoryMaxUsed  [MBytes ] : 1.94998e+08     : 31   : 1.95837e+08     : 364941          : 1.97067e+08     : 0    : 0.62387
  MemoryUsed        [MBytes ] : 8.10668e+08     : 4    : 8.2534e+08      : 9.3922e+06      : 8.53594e+08     : 0    : 3.31006
  MemoryResident    [MBytes ] : 1.94998e+08     : 31   : 1.95837e+08     : 364941          : 1.97067e+08     : 0    : 0.62387
  Percentage of time spent in overhead : 2.49689

________________________________________________________________________________
--------------------------------------------------------------------------------
MPIStats:+
--------------------------------------------------------------------------------
                Name:       Total:         Avg:         Min:         Max:    Max rank: Hist %% [  Q1 |  Q2 |  Q3 |  Q4 ]:  %%Load Imbalance
         Count: Recv:     1.63e+03           51           51           51           27           100.0   0.0   0.0   0.0     0.0
         Count: Redu:          256            8            8            8           11           100.0   0.0   0.0   0.0     0.0
         Count: Send:     1.63e+03           51           51           51           29           100.0   0.0   0.0   0.0     0.0
         Count: Test:          418         13.1           10           20           31            56.2   0.0  28.1  15.6    34.7
         Count: Wait:     2.94e+03           92           92           92           21           100.0   0.0   0.0   0.0     0.0
          Time: Recv:     0.897 ms     0.028 ms    0.0174 ms    0.0512 ms           28            62.5  12.5   6.2  18.8    45.2
          Time: Redu:      48.2 ms      1.51 ms     0.259 ms      3.72 ms           14            40.6  28.1  18.8  12.5    59.4
          Time: Send:      20.9 ms     0.654 ms     0.331 ms      1.03 ms           26            31.2  25.0  28.1  15.6    36.5
          Time: Test:     0.655 ms    0.0205 ms  4.34e+03 ns      0.11 ms           30            81.2  12.5   3.1   3.1    81.4
          Time: Wait:      51.3 ms       1.6 ms     0.949 ms      2.01 ms           16             6.2  21.9  43.8  28.1    20.4
Volume Recv TOTAL   :      89.4 MB      2.79 MB      2.79 MB      2.79 MB            0            96.9   0.0   0.0   3.1     0.1
Volume Recv0: <= 64B:           33         1.03            1            2            0            96.9   0.0   0.0   3.1    48.4
Volume Recv1: <= 4KB:          549         17.2           17           22            0            96.9   0.0   0.0   3.1    22.0
Volume Recv2: <= 2MB:     1.12e+03           35           35           35           12           100.0   0.0   0.0   0.0     0.0
Volume Send TOTAL   :      89.4 MB      2.79 MB      2.79 MB      2.79 MB            4           100.0   0.0   0.0   0.0     0.0
Volume Send0: <= 64B:           64            2            2            2           24           100.0   0.0   0.0   0.0     0.0
Volume Send1: <= 4KB:          704           22           22           22            8           100.0   0.0   0.0   0.0     0.0
Volume Send2: <= 2MB:     1.12e+03           35           35           35           16           100.0   0.0   0.0   0.0     0.0

Timestep 10      Time=0.0001      Next delT=1e-05       Wall Time=0.603532  EMA=0.044643    Memory Used=196.03 MBs (avg) 197.07 MBs (max on rank: 0     )
Runtime Summary  summary stats for time step 10 at time=0.0001
  Description       Units       Minimum           Rank   Average (32)      Std. Dev.         Maximum           Rank   100*(1-ave/max) '% load imbalance'
  TaskExec          [seconds] : 0.0342681       : 21   : 0.0348334       : 0.000418689     : 0.0360704       : 14   : 3.42956
  TaskLocalComm     [seconds] : 0.00800014      : 14   : 0.00872231      : 0.000461951     : 0.010141        : 15   : 13.99
  TaskWaitCommTime  [seconds] : 0.00201901      : 14   : 0.0029157       : 0.000248049     : 0.00338769      : 16   : 13.9326
  NumberOfTasks     [tasks  ] : 10              : 0    : 10              : 0               : 10              : 0    : 0
  NumberOfPatches   [patches] : 1               : 0    : 1               : 0               : 1               : 0    : 0
  NumberOfCells     [cells  ] : 32768           : 0    : 32768           : 0               : 32768           : 0    : 0
  SCIMemoryUsed     [MBytes ] : 1.94998e+08     : 31   : 1.96029e+08     : 400348          : 1.97067e+08     : 0    : 0.526831
  SCIMemoryMaxUsed  [MBytes ] : 1.94998e+08     : 31   : 1.96029e+08     : 400348          : 1.97067e+08     : 0    : 0.526831
  MemoryUsed        [MBytes ] : 8.10668e+08     : 4    : 8.25322e+08     : 9.40182e+06     : 8.53594e+08     : 0    : 3.31208
  MemoryResident    [MBytes ] : 1.94998e+08     : 31   : 1.96029e+08     : 400348          : 1.97067e+08     : 0    : 0.526831
  Percentage of time spent in overhead : 2.24157
Sus: going down successfully
