Parallel: 64 MPI processes (using MPI)
Parallel: MPI Level Required: 0, provided: 0
Date:       Thu Aug 25 11:45:01 2022
Machine:    ash255
git branch:wasatch-low-cost-integ-cmake
git date:   Sat Jul 30 10:34:22 2022 -0600
git hash:   9315f9f96fa6304db4fe79378b145f37ea40016d
Assertion level: 0
CFLAGS:          
CXXFLAGS:        
______________________________________________________________________
Application Component: 	'wasatch'

-------------------------------------------------------------
Wasatch was built against:
  SpatialOps HASH: bd7a2bac76e42e2cb528b02e2cf1291d05c71926
             DATE: Fri Nov 12 11:34:54 2021 -0700
     ExprLib HASH: d2950c77edb22e5f3669ddaaf2d2ed29ceb24d2c
             DATE: Thu Aug 5 12:26:26 2021 -0600
    TabProps HASH: eca0dc5f26b20d4f6b1cebe51b1ae97e11871e83
             DATE: Wed Aug 11 20:11:26 2021 -0600
-------------------------------------------------------------

Linear Solver: 		hypre
Load Balancer: 		Simple
Scheduler: 		MPI
Patch layout: 		(4,4,4)
Grid statistics:
Number of levels:		1
Level 0:
  Periodic boundaries:		[int 1, 1, 1]
  Number of patches:		64
  Total number of cells:	2097152 (32768 avg. per patch)
Total patches in grid:		64
Total cells in grid:		2097152 (32768 avg. per patch)

Using small, individual MPI messages (no message combining)
Detected solver: hypre
SETTING UP CONVECTIVE FLUX EXPRESSION IN X DIRECTION USING CENTRAL
SETTING UP CONVECTIVE FLUX EXPRESSION IN Y DIRECTION USING CENTRAL
SETTING UP CONVECTIVE FLUX EXPRESSION IN Z DIRECTION USING CENTRAL
Setting initial conditions for scalability test equation: scalability0
SETTING UP CONVECTIVE FLUX EXPRESSION IN X DIRECTION USING CENTRAL
SETTING UP CONVECTIVE FLUX EXPRESSION IN Y DIRECTION USING CENTRAL
SETTING UP CONVECTIVE FLUX EXPRESSION IN Z DIRECTION USING CENTRAL
Setting initial conditions for scalability test equation: scalability1
SETTING UP CONVECTIVE FLUX EXPRESSION IN X DIRECTION USING CENTRAL
SETTING UP CONVECTIVE FLUX EXPRESSION IN Y DIRECTION USING CENTRAL
SETTING UP CONVECTIVE FLUX EXPRESSION IN Z DIRECTION USING CENTRAL
Setting initial conditions for scalability test equation: scalability2
SETTING UP CONVECTIVE FLUX EXPRESSION IN X DIRECTION USING CENTRAL
SETTING UP CONVECTIVE FLUX EXPRESSION IN Y DIRECTION USING CENTRAL
SETTING UP CONVECTIVE FLUX EXPRESSION IN Z DIRECTION USING CENTRAL
Setting initial conditions for scalability test equation: scalability3
SETTING UP CONVECTIVE FLUX EXPRESSION IN X DIRECTION USING CENTRAL
SETTING UP CONVECTIVE FLUX EXPRESSION IN Y DIRECTION USING CENTRAL
SETTING UP CONVECTIVE FLUX EXPRESSION IN Z DIRECTION USING CENTRAL
Setting initial conditions for scalability test equation: scalability4
SETTING UP CONVECTIVE FLUX EXPRESSION IN X DIRECTION USING CENTRAL
SETTING UP CONVECTIVE FLUX EXPRESSION IN Y DIRECTION USING CENTRAL
SETTING UP CONVECTIVE FLUX EXPRESSION IN Z DIRECTION USING CENTRAL
Setting initial conditions for scalability test equation: scalability5
SETTING UP CONVECTIVE FLUX EXPRESSION IN X DIRECTION USING CENTRAL
SETTING UP CONVECTIVE FLUX EXPRESSION IN Y DIRECTION USING CENTRAL
SETTING UP CONVECTIVE FLUX EXPRESSION IN Z DIRECTION USING CENTRAL
Setting initial conditions for scalability test equation: scalability6
SETTING UP CONVECTIVE FLUX EXPRESSION IN X DIRECTION USING CENTRAL
SETTING UP CONVECTIVE FLUX EXPRESSION IN Y DIRECTION USING CENTRAL
SETTING UP CONVECTIVE FLUX EXPRESSION IN Z DIRECTION USING CENTRAL
Setting initial conditions for scalability test equation: scalability7
SETTING UP CONVECTIVE FLUX EXPRESSION IN X DIRECTION USING CENTRAL
SETTING UP CONVECTIVE FLUX EXPRESSION IN Y DIRECTION USING CENTRAL
SETTING UP CONVECTIVE FLUX EXPRESSION IN Z DIRECTION USING CENTRAL
Setting initial conditions for scalability test equation: scalability8
SETTING UP CONVECTIVE FLUX EXPRESSION IN X DIRECTION USING CENTRAL
SETTING UP CONVECTIVE FLUX EXPRESSION IN Y DIRECTION USING CENTRAL
SETTING UP CONVECTIVE FLUX EXPRESSION IN Z DIRECTION USING CENTRAL
Setting initial conditions for scalability test equation: scalability9
------------------------------------------------
No BoundaryConditions specified
  This message will only occur once

Compiling initialization taskgraph.
------------------------------------------------
SETTING INITIAL BOUNDARY CONDITIONS:
------------------------------------------------
Setting Initial BCs for transport equation 'scalability0'
Setting Initial BCs for transport equation 'scalability1'
Setting Initial BCs for transport equation 'scalability2'
Setting Initial BCs for transport equation 'scalability3'
Setting Initial BCs for transport equation 'scalability4'
Setting Initial BCs for transport equation 'scalability5'
Setting Initial BCs for transport equation 'scalability6'
Setting Initial BCs for transport equation 'scalability7'
Setting Initial BCs for transport equation 'scalability8'
Setting Initial BCs for transport equation 'scalability9'
------------------------------------------------
Wasatch: done creating initialization task(s)
Scheduling Task 'compute timestep' COMPUTES 'delT' in NEW data warehouse
Wasatch: done creating timestep task(s)
Done with taskgraph compile (0.00017609 seconds)
Warning: addContribution not implemented for LoadBalancerCommon.
WARNING at time step 0 and sim time 0 : lowering the next delT from 1 to the maximum: 1e-05

________________________________________________________________________________
--------------------------------------------------------------------------------
MPIStats:+
--------------------------------------------------------------------------------
                Name:       Total:         Avg:         Min:         Max:    Max rank: Hist %% [  Q1 |  Q2 |  Q3 |  Q4 ]:  %%Load Imbalance
         Count: Comm:           64            1            1            1            0           100.0   0.0   0.0   0.0     0.0
         Count: Gath:          128            2            2            2            0           100.0   0.0   0.0   0.0     0.0
         Count: Redu:           64            1            1            1            0           100.0   0.0   0.0   0.0     0.0
          Time: Comm:       0.2 s       3.12 ms     0.449 ms      9.14 ms           19            53.1  28.1  14.1   4.7    65.9
          Time: Gath:       4.1 s       64.1 ms      27.7 ms     0.131 s             7            60.9  14.1   0.0  25.0    51.3
          Time: Redu:      1.72 s       26.9 ms     0.034 ms      81.9 ms            1            75.0   0.0   0.0  25.0    67.2
Volume Recv TOTAL   :      70.6 KB       1.1 KB       1.1 KB       1.1 KB            0           100.0   0.0   0.0   0.0     0.0
Volume Recv0: <= 64B:           64            1            1            1            0           100.0   0.0   0.0   0.0     0.0
Volume Recv1: <= 4KB:          128            2            2            2            0           100.0   0.0   0.0   0.0     0.0
Volume Send TOTAL   :      17.4 KB      278.5 B        277 B        281 B            0            62.5   0.0   0.0  37.5     0.9
Volume Send0: <= 64B:          128            2            2            2            0           100.0   0.0   0.0   0.0     0.0
Volume Send1: <= 4KB:           64            1            1            1            0           100.0   0.0   0.0   0.0     0.0


Simulation and run time stats are reported at the end of each time step
EMA == Wall time as an exponential moving average using a window of the last 10 time steps
Timestep 0       Time=0           Next delT=1e-05       Wall Time=0.230528  EMA=0.227789    Memory Used=136.49 MBs (avg) 139.39 MBs (max on rank: 0     )
Warning: finalizeContributions not implemented for LoadBalancerCommon.
Warning: resetCostForecaster not implemented for LoadBalancerCommon.
Compiling taskgraph(s)...
------------------------------------------------
SETTING BOUNDARY CONDITIONS:
------------------------------------------------
Setting BCs for transport equation 'scalability0'
Setting BCs for transport equation 'scalability1'
Setting BCs for transport equation 'scalability2'
Setting BCs for transport equation 'scalability3'
Setting BCs for transport equation 'scalability4'
Setting BCs for transport equation 'scalability5'
Setting BCs for transport equation 'scalability6'
Setting BCs for transport equation 'scalability7'
Setting BCs for transport equation 'scalability8'
Setting BCs for transport equation 'scalability9'
------------------------------------------------
Wasatch: done creating solution task(s)
Wasatch: done creating solution task(s)
Wasatch: done creating solution task(s)
Wasatch: done creating post-processing task(s)
Scheduling Task 'compute timestep' COMPUTES 'delT' in NEW data warehouse
Wasatch: done creating timestep task(s)
Done with taskgraph compile (0.0579745 seconds)

________________________________________________________________________________
--------------------------------------------------------------------------------
MPIStats:+
--------------------------------------------------------------------------------
                Name:       Total:         Avg:         Min:         Max:    Max rank: Hist %% [  Q1 |  Q2 |  Q3 |  Q4 ]:  %%Load Imbalance
         Count: Recv:     4.99e+03           78           78           78            0           100.0   0.0   0.0   0.0     0.0
         Count: Redu:          512            8            8            8            0           100.0   0.0   0.0   0.0     0.0
         Count: Send:     4.99e+03           78           78           78            0           100.0   0.0   0.0   0.0     0.0
         Count: Test:          748         11.7           10           19           61            79.7   6.2   6.2   7.8    38.5
         Count: Wait:     9.34e+03          146          146          146            0           100.0   0.0   0.0   0.0     0.0
          Time: Recv:      14.4 ms     0.225 ms    0.0641 ms     0.868 ms           30            70.3  21.9   6.2   1.6    74.0
          Time: Redu:      0.54 s       8.44 ms     0.299 ms      21.9 ms           32            25.0  51.6  21.9   1.6    61.4
          Time: Send:      4.95 s       77.4 ms      2.97 ms      89.5 ms           11             1.6   0.0   0.0  98.4    13.5
          Time: Test:     0.115 s        1.8 ms  9.62e+03 ns      9.64 ms            8            71.9  20.3   1.6   6.2    81.4
          Time: Wait:      3.28 s       51.3 ms      33.9 ms      99.3 ms            0            48.4  50.0   0.0   1.6    48.4
Volume Recv TOTAL   :       179 MB      2.79 MB      2.79 MB      2.79 MB            0            98.4   0.0   0.0   1.6     0.1
Volume Recv0: <= 64B:           65         1.02            1            2            0            98.4   0.0   0.0   1.6    49.2
Volume Recv1: <= 4KB:     2.37e+03         37.1           37           42            0            98.4   0.0   0.0   1.6    11.7
Volume Recv2: <= 2MB:     2.69e+03           42           42           42            0           100.0   0.0   0.0   0.0     0.0
Volume Send TOTAL   :       179 MB      2.79 MB      2.79 MB      2.79 MB            0           100.0   0.0   0.0   0.0     0.0
Volume Send0: <= 64B:          128            2            2            2            0           100.0   0.0   0.0   0.0     0.0
Volume Send1: <= 4KB:     2.69e+03           42           42           42            0           100.0   0.0   0.0   0.0     0.0
Volume Send2: <= 2MB:     2.69e+03           42           42           42            0           100.0   0.0   0.0   0.0     0.0

Timestep 1       Time=1e-05       Next delT=1e-05       Wall Time=0.489854  EMA=0.259262    Memory Used=157.53 MBs (avg) 159.67 MBs (max on rank: 0     )
Runtime Summary  summary stats for time step 1 at time=1e-05
  Description       Units       Minimum           Rank   Average (64)      Std. Dev.         Maximum           Rank   100*(1-ave/max) '% load imbalance'
  Compilation       [seconds] : 0.0302382       : 20   : 0.0314261       : 0.00343482      : 0.0579745       : 0    : 45.7933
  TaskExec          [seconds] : 0.0893005       : 0    : 0.162733        : 0.0118997       : 0.180873        : 40   : 10.0292
  TaskLocalComm     [seconds] : 0.0173607       : 0    : 0.0921616       : 0.0109359       : 0.108688        : 11   : 15.2056
  TaskWaitCommTime  [seconds] : 0.0369516       : 40   : 0.0542541       : 0.0101064       : 0.102463        : 0    : 47.0499
  NumberOfTasks     [tasks  ] : 10              : 0    : 10              : 0               : 10              : 0    : 0
  NumberOfPatches   [patches] : 1               : 0    : 1               : 0               : 1               : 0    : 0
  NumberOfCells     [cells  ] : 32768           : 0    : 32768           : 0               : 32768           : 0    : 0
  SCIMemoryUsed     [MBytes ] : 1.5684e+08      : 63   : 1.57534e+08     : 416661          : 1.59674e+08     : 0    : 1.34061
  SCIMemoryMaxUsed  [MBytes ] : 1.5684e+08      : 63   : 1.57534e+08     : 416661          : 1.59674e+08     : 0    : 1.34061
  MemoryUsed        [MBytes ] : 7.63642e+08     : 12   : 7.74706e+08     : 5.54113e+06     : 7.85281e+08     : 52   : 1.34665
  MemoryResident    [MBytes ] : 1.5684e+08      : 63   : 1.57534e+08     : 416661          : 1.59674e+08     : 0    : 1.34061
  Percentage of time spent in overhead : 9.22736

________________________________________________________________________________
--------------------------------------------------------------------------------
MPIStats:+
--------------------------------------------------------------------------------
                Name:       Total:         Avg:         Min:         Max:    Max rank: Hist %% [  Q1 |  Q2 |  Q3 |  Q4 ]:  %%Load Imbalance
         Count: Recv:     4.99e+03           78           78           78            0           100.0   0.0   0.0   0.0     0.0
         Count: Redu:          512            8            8            8            0           100.0   0.0   0.0   0.0     0.0
         Count: Send:     4.99e+03           78           78           78            0           100.0   0.0   0.0   0.0     0.0
         Count: Test:          723         11.3           10           20           61            82.8   6.2   4.7   6.2    43.5
         Count: Wait:     9.34e+03          146          146          146            0           100.0   0.0   0.0   0.0     0.0
          Time: Recv:       8.9 ms     0.139 ms    0.0445 ms     0.584 ms           50            73.4   9.4  10.9   6.2    76.2
          Time: Redu:     0.329 s       5.14 ms     0.181 ms      7.54 ms           49             7.8  17.2  26.6  48.4    31.8
          Time: Send:     0.122 s       1.91 ms      1.26 ms      2.34 ms           30             9.4  12.5  60.9  17.2    18.4
          Time: Test:      2.07 ms    0.0323 ms  4.01e+03 ns     0.214 ms           55            78.1  10.9   6.2   4.7    84.9
          Time: Wait:      96.6 ms      1.51 ms     0.946 ms      2.02 ms           12            12.5  26.6  51.6   9.4    25.3
Volume Recv TOTAL   :       179 MB      2.79 MB      2.79 MB      2.79 MB            0            98.4   0.0   0.0   1.6     0.1
Volume Recv0: <= 64B:           65         1.02            1            2            0            98.4   0.0   0.0   1.6    49.2
Volume Recv1: <= 4KB:     2.37e+03         37.1           37           42            0            98.4   0.0   0.0   1.6    11.7
Volume Recv2: <= 2MB:     2.69e+03           42           42           42            0           100.0   0.0   0.0   0.0     0.0
Volume Send TOTAL   :       179 MB      2.79 MB      2.79 MB      2.79 MB            0           100.0   0.0   0.0   0.0     0.0
Volume Send0: <= 64B:          128            2            2            2            0           100.0   0.0   0.0   0.0     0.0
Volume Send1: <= 4KB:     2.69e+03           42           42           42            0           100.0   0.0   0.0   0.0     0.0
Volume Send2: <= 2MB:     2.69e+03           42           42           42            0           100.0   0.0   0.0   0.0     0.0

Timestep 2       Time=2e-05       Next delT=1e-05       Wall Time=0.580257  EMA=0.146691    Memory Used=157.78 MBs (avg) 159.97 MBs (max on rank: 0     )
Runtime Summary  summary stats for time step 2 at time=2e-05
  Description       Units       Minimum           Rank   Average (64)      Std. Dev.         Maximum           Rank   100*(1-ave/max) '% load imbalance'
  TaskExec          [seconds] : 0.076192        : 11   : 0.0783362       : 0.000593943     : 0.079438        : 55   : 1.38703
  TaskLocalComm     [seconds] : 0.0142963       : 55   : 0.0154249       : 0.000651281     : 0.0173998       : 11   : 11.3502
  TaskWaitCommTime  [seconds] : 0.00314576      : 55   : 0.0045233       : 0.000424092     : 0.00532824      : 11   : 15.107
  NumberOfTasks     [tasks  ] : 10              : 0    : 10              : 0               : 10              : 0    : 0
  NumberOfPatches   [patches] : 1               : 0    : 1               : 0               : 1               : 0    : 0
  NumberOfCells     [cells  ] : 32768           : 0    : 32768           : 0               : 32768           : 0    : 0
  SCIMemoryUsed     [MBytes ] : 1.57143e+08     : 63   : 1.57781e+08     : 401656          : 1.59973e+08     : 0    : 1.37075
  SCIMemoryMaxUsed  [MBytes ] : 1.57143e+08     : 63   : 1.57781e+08     : 401656          : 1.59973e+08     : 0    : 1.37075
  MemoryUsed        [MBytes ] : 7.63826e+08     : 8    : 7.7475e+08      : 5.53437e+06     : 7.85469e+08     : 52   : 1.36474
  MemoryResident    [MBytes ] : 1.57143e+08     : 63   : 1.57781e+08     : 401656          : 1.59973e+08     : 0    : 1.37075
  Percentage of time spent in overhead : 4.61364

________________________________________________________________________________
--------------------------------------------------------------------------------
MPIStats:+
--------------------------------------------------------------------------------
                Name:       Total:         Avg:         Min:         Max:    Max rank: Hist %% [  Q1 |  Q2 |  Q3 |  Q4 ]:  %%Load Imbalance
         Count: Recv:     4.99e+03           78           78           78            0           100.0   0.0   0.0   0.0     0.0
         Count: Redu:          512            8            8            8            0           100.0   0.0   0.0   0.0     0.0
         Count: Send:     4.99e+03           78           78           78            0           100.0   0.0   0.0   0.0     0.0
         Count: Test:          721         11.3           10           20           63            81.2   7.8   4.7   6.2    43.7
         Count: Wait:     9.34e+03          146          146          146            0           100.0   0.0   0.0   0.0     0.0
          Time: Recv:      7.68 ms      0.12 ms    0.0444 ms     0.488 ms           51            73.4  12.5   6.2   7.8    75.4
          Time: Redu:     0.374 s       5.84 ms     0.167 ms      8.41 ms           40             3.1  21.9  20.3  54.7    30.5
          Time: Send:      64.3 ms      1.01 ms     0.627 ms      1.48 ms            0            17.2  46.9  26.6   9.4    32.2
          Time: Test:      1.46 ms    0.0228 ms  4.18e+03 ns     0.123 ms           63            73.4  14.1   9.4   3.1    81.4
          Time: Wait:      91.6 ms      1.43 ms     0.925 ms      1.84 ms            0            12.5  25.0  39.1  23.4    22.0
Volume Recv TOTAL   :       179 MB      2.79 MB      2.79 MB      2.79 MB            0            98.4   0.0   0.0   1.6     0.1
Volume Recv0: <= 64B:           65         1.02            1            2            0            98.4   0.0   0.0   1.6    49.2
Volume Recv1: <= 4KB:     2.37e+03         37.1           37           42            0            98.4   0.0   0.0   1.6    11.7
Volume Recv2: <= 2MB:     2.69e+03           42           42           42            0           100.0   0.0   0.0   0.0     0.0
Volume Send TOTAL   :       179 MB      2.79 MB      2.79 MB      2.79 MB            0           100.0   0.0   0.0   0.0     0.0
Volume Send0: <= 64B:          128            2            2            2            0           100.0   0.0   0.0   0.0     0.0
Volume Send1: <= 4KB:     2.69e+03           42           42           42            0           100.0   0.0   0.0   0.0     0.0
Volume Send2: <= 2MB:     2.69e+03           42           42           42            0           100.0   0.0   0.0   0.0     0.0

Timestep 3       Time=3e-05       Next delT=1e-05       Wall Time=0.669887  EMA=0.118161    Memory Used=157.97 MBs (avg) 159.97 MBs (max on rank: 0     )
Runtime Summary  summary stats for time step 3 at time=3e-05
  Description       Units       Minimum           Rank   Average (64)      Std. Dev.         Maximum           Rank   100*(1-ave/max) '% load imbalance'
  TaskExec          [seconds] : 0.0755089       : 0    : 0.0777042       : 0.000625324     : 0.0787567       : 56   : 1.33638
  TaskLocalComm     [seconds] : 0.0135812       : 41   : 0.0142926       : 0.000485822     : 0.0158627       : 11   : 9.89777
  TaskWaitCommTime  [seconds] : 0.00335999      : 47   : 0.00446078      : 0.000431803     : 0.00530692      : 0    : 15.944
  NumberOfTasks     [tasks  ] : 10              : 0    : 10              : 0               : 10              : 0    : 0
  NumberOfPatches   [patches] : 1               : 0    : 1               : 0               : 1               : 0    : 0
  NumberOfCells     [cells  ] : 32768           : 0    : 32768           : 0               : 32768           : 0    : 0
  SCIMemoryUsed     [MBytes ] : 1.57286e+08     : 54   : 1.57968e+08     : 398596          : 1.59973e+08     : 0    : 1.25337
  SCIMemoryMaxUsed  [MBytes ] : 1.57286e+08     : 54   : 1.57968e+08     : 398596          : 1.59973e+08     : 0    : 1.25337
  MemoryUsed        [MBytes ] : 7.63826e+08     : 8    : 7.74756e+08     : 5.54157e+06     : 7.85469e+08     : 52   : 1.36393
  MemoryResident    [MBytes ] : 1.57286e+08     : 54   : 1.57968e+08     : 398596          : 1.59973e+08     : 0    : 1.25337
  Percentage of time spent in overhead : 3.07554

________________________________________________________________________________
--------------------------------------------------------------------------------
MPIStats:+
--------------------------------------------------------------------------------
                Name:       Total:         Avg:         Min:         Max:    Max rank: Hist %% [  Q1 |  Q2 |  Q3 |  Q4 ]:  %%Load Imbalance
         Count: Recv:     4.99e+03           78           78           78            0           100.0   0.0   0.0   0.0     0.0
         Count: Redu:          512            8            8            8            0           100.0   0.0   0.0   0.0     0.0
         Count: Send:     4.99e+03           78           78           78            0           100.0   0.0   0.0   0.0     0.0
         Count: Test:          716         11.2           10           20           63            85.9   3.1   6.2   4.7    44.1
         Count: Wait:     9.34e+03          146          146          146            0           100.0   0.0   0.0   0.0     0.0
          Time: Recv:       9.7 ms     0.152 ms    0.0452 ms      1.51 ms           50            92.2   4.7   0.0   3.1    89.9
          Time: Redu:     0.544 s        8.5 ms     0.358 ms      23.5 ms           45            45.3  21.9  26.6   6.2    63.9
          Time: Send:      64.8 ms      1.01 ms     0.414 ms      2.31 ms           35            32.8  53.1  12.5   1.6    56.2
          Time: Test:      1.42 ms    0.0223 ms  4.07e+03 ns     0.114 ms           62            71.9  17.2   6.2   4.7    80.5
          Time: Wait:     0.572 s       8.94 ms      1.38 ms      17.1 ms           55            34.4   4.7  42.2  18.8    47.6
Volume Recv TOTAL   :       179 MB      2.79 MB      2.79 MB      2.79 MB            0            98.4   0.0   0.0   1.6     0.1
Volume Recv0: <= 64B:           65         1.02            1            2            0            98.4   0.0   0.0   1.6    49.2
Volume Recv1: <= 4KB:     2.37e+03         37.1           37           42            0            98.4   0.0   0.0   1.6    11.7
Volume Recv2: <= 2MB:     2.69e+03           42           42           42            0           100.0   0.0   0.0   0.0     0.0
Volume Send TOTAL   :       179 MB      2.79 MB      2.79 MB      2.79 MB            0           100.0   0.0   0.0   0.0     0.0
Volume Send0: <= 64B:          128            2            2            2            0           100.0   0.0   0.0   0.0     0.0
Volume Send1: <= 4KB:     2.69e+03           42           42           42            0           100.0   0.0   0.0   0.0     0.0
Volume Send2: <= 2MB:     2.69e+03           42           42           42            0           100.0   0.0   0.0   0.0     0.0

Timestep 4       Time=4e-05       Next delT=1e-05       Wall Time=0.767175  EMA=0.109812    Memory Used=158.12 MBs (avg) 160.30 MBs (max on rank: 0     )
Runtime Summary  summary stats for time step 4 at time=4e-05
  Description       Units       Minimum           Rank   Average (64)      Std. Dev.         Maximum           Rank   100*(1-ave/max) '% load imbalance'
  TaskExec          [seconds] : 0.0691954       : 55   : 0.0774861       : 0.00498969      : 0.085718        : 29   : 9.6035
  TaskLocalComm     [seconds] : 0.013044        : 38   : 0.0146271       : 0.00176478      : 0.0238705       : 53   : 38.7229
  TaskWaitCommTime  [seconds] : 0.00376519      : 29   : 0.0117147       : 0.00503457      : 0.0203449       : 55   : 42.4194
  NumberOfTasks     [tasks  ] : 10              : 0    : 10              : 0               : 10              : 0    : 0
  NumberOfPatches   [patches] : 1               : 0    : 1               : 0               : 1               : 0    : 0
  NumberOfCells     [cells  ] : 32768           : 0    : 32768           : 0               : 32768           : 0    : 0
  SCIMemoryUsed     [MBytes ] : 1.57536e+08     : 58   : 1.58119e+08     : 395969          : 1.60301e+08     : 0    : 1.36132
  SCIMemoryMaxUsed  [MBytes ] : 1.57536e+08     : 58   : 1.58119e+08     : 395969          : 1.60301e+08     : 0    : 1.36132
  MemoryUsed        [MBytes ] : 7.63826e+08     : 8    : 7.74758e+08     : 5.54554e+06     : 7.85469e+08     : 52   : 1.36366
  MemoryResident    [MBytes ] : 1.57536e+08     : 58   : 1.58119e+08     : 395969          : 1.60301e+08     : 0    : 1.36132
  Percentage of time spent in overhead : 2.30619

________________________________________________________________________________
--------------------------------------------------------------------------------
MPIStats:+
--------------------------------------------------------------------------------
                Name:       Total:         Avg:         Min:         Max:    Max rank: Hist %% [  Q1 |  Q2 |  Q3 |  Q4 ]:  %%Load Imbalance
         Count: Recv:     4.99e+03           78           78           78            0           100.0   0.0   0.0   0.0     0.0
         Count: Redu:          512            8            8            8            0           100.0   0.0   0.0   0.0     0.0
         Count: Send:     4.99e+03           78           78           78            0           100.0   0.0   0.0   0.0     0.0
         Count: Test:          721         11.3           10           20           61            82.8   6.2   4.7   6.2    43.7
         Count: Wait:     9.34e+03          146          146          146            0           100.0   0.0   0.0   0.0     0.0
          Time: Recv:      8.86 ms     0.138 ms    0.0466 ms     0.559 ms           47            71.9  12.5   7.8   7.8    75.2
          Time: Redu:     0.281 s        4.4 ms     0.147 ms        10 ms           39            20.3  40.6  29.7   9.4    56.1
          Time: Send:      45.4 ms     0.709 ms     0.389 ms      1.51 ms           57            46.9  43.8   7.8   1.6    53.1
          Time: Test:      2.03 ms    0.0317 ms  3.96e+03 ns     0.208 ms           63            75.0  15.6   7.8   1.6    84.7
          Time: Wait:     0.102 s       1.59 ms     0.878 ms       3.2 ms           43            51.6  32.8   3.1  12.5    50.2
Volume Recv TOTAL   :       179 MB      2.79 MB      2.79 MB      2.79 MB            0            98.4   0.0   0.0   1.6     0.1
Volume Recv0: <= 64B:           65         1.02            1            2            0            98.4   0.0   0.0   1.6    49.2
Volume Recv1: <= 4KB:     2.37e+03         37.1           37           42            0            98.4   0.0   0.0   1.6    11.7
Volume Recv2: <= 2MB:     2.69e+03           42           42           42            0           100.0   0.0   0.0   0.0     0.0
Volume Send TOTAL   :       179 MB      2.79 MB      2.79 MB      2.79 MB            0           100.0   0.0   0.0   0.0     0.0
Volume Send0: <= 64B:          128            2            2            2            0           100.0   0.0   0.0   0.0     0.0
Volume Send1: <= 4KB:     2.69e+03           42           42           42            0           100.0   0.0   0.0   0.0     0.0
Volume Send2: <= 2MB:     2.69e+03           42           42           42            0           100.0   0.0   0.0   0.0     0.0

Timestep 5       Time=5e-05       Next delT=1e-05       Wall Time=0.854771  EMA=0.102407    Memory Used=158.27 MBs (avg) 160.30 MBs (max on rank: 0     )
Runtime Summary  summary stats for time step 5 at time=5e-05
  Description       Units       Minimum           Rank   Average (64)      Std. Dev.         Maximum           Rank   100*(1-ave/max) '% load imbalance'
  TaskExec          [seconds] : 0.0718328       : 47   : 0.0752721       : 0.000986883     : 0.0768217       : 25   : 2.01704
  TaskLocalComm     [seconds] : 0.0130755       : 32   : 0.0141396       : 0.000666041     : 0.0174141       : 47   : 18.804
  TaskWaitCommTime  [seconds] : 0.00329804      : 25   : 0.00461784      : 0.000764657     : 0.00652996      : 43   : 29.2821
  NumberOfTasks     [tasks  ] : 10              : 0    : 10              : 0               : 10              : 0    : 0
  NumberOfPatches   [patches] : 1               : 0    : 1               : 0               : 1               : 0    : 0
  NumberOfCells     [cells  ] : 32768           : 0    : 32768           : 0               : 32768           : 0    : 0
  SCIMemoryUsed     [MBytes ] : 1.57712e+08     : 63   : 1.58265e+08     : 387883          : 1.60301e+08     : 0    : 1.26997
  SCIMemoryMaxUsed  [MBytes ] : 1.57712e+08     : 63   : 1.58265e+08     : 387883          : 1.60301e+08     : 0    : 1.26997
  MemoryUsed        [MBytes ] : 7.63826e+08     : 8    : 7.7476e+08      : 5.54454e+06     : 7.85469e+08     : 52   : 1.36339
  MemoryResident    [MBytes ] : 1.57712e+08     : 63   : 1.58265e+08     : 387883          : 1.60301e+08     : 0    : 1.26997
  Percentage of time spent in overhead : 1.8442

________________________________________________________________________________
--------------------------------------------------------------------------------
MPIStats:+
--------------------------------------------------------------------------------
                Name:       Total:         Avg:         Min:         Max:    Max rank: Hist %% [  Q1 |  Q2 |  Q3 |  Q4 ]:  %%Load Imbalance
         Count: Recv:     4.99e+03           78           78           78            0           100.0   0.0   0.0   0.0     0.0
         Count: Redu:          512            8            8            8            0           100.0   0.0   0.0   0.0     0.0
         Count: Send:     4.99e+03           78           78           78            0           100.0   0.0   0.0   0.0     0.0
         Count: Test:          723         11.3           10           20           63            79.7   9.4   4.7   6.2    43.5
         Count: Wait:     9.34e+03          146          146          146            0           100.0   0.0   0.0   0.0     0.0
          Time: Recv:      7.33 ms     0.115 ms    0.0459 ms     0.552 ms           55            73.4  18.8   4.7   3.1    79.2
          Time: Redu:     0.234 s       3.66 ms     0.157 ms      6.04 ms           39            18.8   9.4  34.4  37.5    39.4
          Time: Send:        44 ms     0.687 ms     0.356 ms       1.2 ms           13            34.4  31.2  20.3  14.1    42.5
          Time: Test:      1.64 ms    0.0256 ms  4.09e+03 ns     0.176 ms           63            78.1  15.6   4.7   1.6    85.4
          Time: Wait:      86.1 ms      1.35 ms     0.807 ms      2.53 ms           43            37.5  53.1   7.8   1.6    46.9
Volume Recv TOTAL   :       179 MB      2.79 MB      2.79 MB      2.79 MB            0            98.4   0.0   0.0   1.6     0.1
Volume Recv0: <= 64B:           65         1.02            1            2            0            98.4   0.0   0.0   1.6    49.2
Volume Recv1: <= 4KB:     2.37e+03         37.1           37           42            0            98.4   0.0   0.0   1.6    11.7
Volume Recv2: <= 2MB:     2.69e+03           42           42           42            0           100.0   0.0   0.0   0.0     0.0
Volume Send TOTAL   :       179 MB      2.79 MB      2.79 MB      2.79 MB            0           100.0   0.0   0.0   0.0     0.0
Volume Send0: <= 64B:          128            2            2            2            0           100.0   0.0   0.0   0.0     0.0
Volume Send1: <= 4KB:     2.69e+03           42           42           42            0           100.0   0.0   0.0   0.0     0.0
Volume Send2: <= 2MB:     2.69e+03           42           42           42            0           100.0   0.0   0.0   0.0     0.0

Timestep 6       Time=6e-05       Next delT=1e-05       Wall Time=0.941953  EMA=0.0980563   Memory Used=158.37 MBs (avg) 160.57 MBs (max on rank: 0     )
Runtime Summary  summary stats for time step 6 at time=6e-05
  Description       Units       Minimum           Rank   Average (64)      Std. Dev.         Maximum           Rank   100*(1-ave/max) '% load imbalance'
  TaskExec          [seconds] : 0.0735958       : 43   : 0.0752384       : 0.000690984     : 0.0768624       : 62   : 2.11294
  TaskLocalComm     [seconds] : 0.0130532       : 44   : 0.0140803       : 0.000488148     : 0.0152507       : 13   : 7.67479
  TaskWaitCommTime  [seconds] : 0.00279923      : 62   : 0.0043962       : 0.000541283     : 0.00591827      : 43   : 25.7182
  NumberOfTasks     [tasks  ] : 10              : 0    : 10              : 0               : 10              : 0    : 0
  NumberOfPatches   [patches] : 1               : 0    : 1               : 0               : 1               : 0    : 0
  NumberOfCells     [cells  ] : 32768           : 0    : 32768           : 0               : 32768           : 0    : 0
  SCIMemoryUsed     [MBytes ] : 1.57712e+08     : 63   : 1.58371e+08     : 399001          : 1.60571e+08     : 0    : 1.37027
  SCIMemoryMaxUsed  [MBytes ] : 1.57712e+08     : 63   : 1.58371e+08     : 399001          : 1.60571e+08     : 0    : 1.37027
  MemoryUsed        [MBytes ] : 7.63826e+08     : 8    : 7.7476e+08      : 5.54454e+06     : 7.85469e+08     : 52   : 1.36339
  MemoryResident    [MBytes ] : 1.57712e+08     : 63   : 1.58371e+08     : 399001          : 1.60571e+08     : 0    : 1.37027
  Percentage of time spent in overhead : 1.53579

________________________________________________________________________________
--------------------------------------------------------------------------------
MPIStats:+
--------------------------------------------------------------------------------
                Name:       Total:         Avg:         Min:         Max:    Max rank: Hist %% [  Q1 |  Q2 |  Q3 |  Q4 ]:  %%Load Imbalance
         Count: Recv:     4.99e+03           78           78           78            0           100.0   0.0   0.0   0.0     0.0
         Count: Redu:          512            8            8            8            0           100.0   0.0   0.0   0.0     0.0
         Count: Send:     4.99e+03           78           78           78            0           100.0   0.0   0.0   0.0     0.0
         Count: Test:          724         11.3           10           21           63            82.8   7.8   4.7   4.7    46.1
         Count: Wait:     9.34e+03          146          146          146            0           100.0   0.0   0.0   0.0     0.0
          Time: Recv:      6.86 ms     0.107 ms    0.0462 ms     0.563 ms           51            84.4   9.4   1.6   4.7    81.0
          Time: Redu:      0.32 s          5 ms     0.144 ms      7.42 ms           63             3.1  23.4  31.2  42.2    32.7
          Time: Send:      44.8 ms       0.7 ms     0.342 ms      1.39 ms            0            45.3  26.6  21.9   6.2    49.8
          Time: Test:      1.79 ms    0.0279 ms  4.02e+03 ns      0.23 ms           58            84.4   7.8   6.2   1.6    87.9
          Time: Wait:      84.9 ms      1.33 ms     0.771 ms      1.92 ms           13             9.4  46.9  31.2  12.5    30.8
Volume Recv TOTAL   :       179 MB      2.79 MB      2.79 MB      2.79 MB            0            98.4   0.0   0.0   1.6     0.1
Volume Recv0: <= 64B:           65         1.02            1            2            0            98.4   0.0   0.0   1.6    49.2
Volume Recv1: <= 4KB:     2.37e+03         37.1           37           42            0            98.4   0.0   0.0   1.6    11.7
Volume Recv2: <= 2MB:     2.69e+03           42           42           42            0           100.0   0.0   0.0   0.0     0.0
Volume Send TOTAL   :       179 MB      2.79 MB      2.79 MB      2.79 MB            0           100.0   0.0   0.0   0.0     0.0
Volume Send0: <= 64B:          128            2            2            2            0           100.0   0.0   0.0   0.0     0.0
Volume Send1: <= 4KB:     2.69e+03           42           42           42            0           100.0   0.0   0.0   0.0     0.0
Volume Send2: <= 2MB:     2.69e+03           42           42           42            0           100.0   0.0   0.0   0.0     0.0

Timestep 7       Time=7e-05       Next delT=1e-05       Wall Time=1.03071   EMA=0.0957323   Memory Used=158.48 MBs (avg) 160.57 MBs (max on rank: 0     )
Runtime Summary  summary stats for time step 7 at time=7e-05
  Description       Units       Minimum           Rank   Average (64)      Std. Dev.         Maximum           Rank   100*(1-ave/max) '% load imbalance'
  TaskExec          [seconds] : 0.0747136       : 0    : 0.0768778       : 0.000684583     : 0.0782465       : 19   : 1.7493
  TaskLocalComm     [seconds] : 0.0133701       : 60   : 0.0142027       : 0.000431822     : 0.0151571       : 31   : 6.29701
  TaskWaitCommTime  [seconds] : 0.00313783      : 60   : 0.00434955      : 0.00046834      : 0.00530353      : 13   : 17.9878
  NumberOfTasks     [tasks  ] : 10              : 0    : 10              : 0               : 10              : 0    : 0
  NumberOfPatches   [patches] : 1               : 0    : 1               : 0               : 1               : 0    : 0
  NumberOfCells     [cells  ] : 32768           : 0    : 32768           : 0               : 32768           : 0    : 0
  SCIMemoryUsed     [MBytes ] : 1.57835e+08     : 58   : 1.58479e+08     : 407697          : 1.60571e+08     : 0    : 1.30279
  SCIMemoryMaxUsed  [MBytes ] : 1.57835e+08     : 58   : 1.58479e+08     : 407697          : 1.60571e+08     : 0    : 1.30279
  MemoryUsed        [MBytes ] : 7.63826e+08     : 8    : 7.7476e+08      : 5.54454e+06     : 7.85469e+08     : 52   : 1.36339
  MemoryResident    [MBytes ] : 1.57835e+08     : 58   : 1.58479e+08     : 407697          : 1.60571e+08     : 0    : 1.30279
  Percentage of time spent in overhead : 1.31504

________________________________________________________________________________
--------------------------------------------------------------------------------
MPIStats:+
--------------------------------------------------------------------------------
                Name:       Total:         Avg:         Min:         Max:    Max rank: Hist %% [  Q1 |  Q2 |  Q3 |  Q4 ]:  %%Load Imbalance
         Count: Recv:     4.99e+03           78           78           78            0           100.0   0.0   0.0   0.0     0.0
         Count: Redu:          512            8            8            8            0           100.0   0.0   0.0   0.0     0.0
         Count: Send:     4.99e+03           78           78           78            0           100.0   0.0   0.0   0.0     0.0
         Count: Test:          725         11.3           10           20           63            79.7   9.4   4.7   6.2    43.4
         Count: Wait:     9.34e+03          146          146          146            0           100.0   0.0   0.0   0.0     0.0
          Time: Recv:      7.08 ms     0.111 ms    0.0467 ms     0.534 ms           62            79.7  14.1   3.1   3.1    79.3
          Time: Redu:     0.283 s       4.42 ms     0.158 ms      6.62 ms           45            12.5  15.6  25.0  46.9    33.2
          Time: Send:      43.1 ms     0.673 ms     0.375 ms       1.2 ms           53            43.8  28.1  15.6  12.5    43.7
          Time: Test:      1.71 ms    0.0266 ms  4.06e+03 ns     0.153 ms           49            71.9  18.8   6.2   3.1    82.6
          Time: Wait:        87 ms      1.36 ms     0.772 ms      1.99 ms           19            23.4  34.4  17.2  25.0    31.5
Volume Recv TOTAL   :       179 MB      2.79 MB      2.79 MB      2.79 MB            0            98.4   0.0   0.0   1.6     0.1
Volume Recv0: <= 64B:           65         1.02            1            2            0            98.4   0.0   0.0   1.6    49.2
Volume Recv1: <= 4KB:     2.37e+03         37.1           37           42            0            98.4   0.0   0.0   1.6    11.7
Volume Recv2: <= 2MB:     2.69e+03           42           42           42            0           100.0   0.0   0.0   0.0     0.0
Volume Send TOTAL   :       179 MB      2.79 MB      2.79 MB      2.79 MB            0           100.0   0.0   0.0   0.0     0.0
Volume Send0: <= 64B:          128            2            2            2            0           100.0   0.0   0.0   0.0     0.0
Volume Send1: <= 4KB:     2.69e+03           42           42           42            0           100.0   0.0   0.0   0.0     0.0
Volume Send2: <= 2MB:     2.69e+03           42           42           42            0           100.0   0.0   0.0   0.0     0.0

Timestep 8       Time=8e-05       Next delT=1e-05       Wall Time=1.11878   EMA=0.0940301   Memory Used=158.59 MBs (avg) 160.57 MBs (max on rank: 0     )
Runtime Summary  summary stats for time step 8 at time=8e-05
  Description       Units       Minimum           Rank   Average (64)      Std. Dev.         Maximum           Rank   100*(1-ave/max) '% load imbalance'
  TaskExec          [seconds] : 0.0747514       : 0    : 0.0761122       : 0.000646925     : 0.0774077       : 20   : 1.67348
  TaskLocalComm     [seconds] : 0.0133187       : 28   : 0.0141605       : 0.000422902     : 0.0152656       : 13   : 7.23903
  TaskWaitCommTime  [seconds] : 0.00336815      : 14   : 0.00438959      : 0.000512386     : 0.00525356      : 52   : 16.4454
  NumberOfTasks     [tasks  ] : 10              : 0    : 10              : 0               : 10              : 0    : 0
  NumberOfPatches   [patches] : 1               : 0    : 1               : 0               : 1               : 0    : 0
  NumberOfCells     [cells  ] : 32768           : 0    : 32768           : 0               : 32768           : 0    : 0
  SCIMemoryUsed     [MBytes ] : 1.58011e+08     : 53   : 1.58595e+08     : 374810          : 1.60571e+08     : 0    : 1.23092
  SCIMemoryMaxUsed  [MBytes ] : 1.58011e+08     : 53   : 1.58595e+08     : 374810          : 1.60571e+08     : 0    : 1.23092
  MemoryUsed        [MBytes ] : 7.63826e+08     : 8    : 7.7476e+08      : 5.54454e+06     : 7.85469e+08     : 52   : 1.36339
  MemoryResident    [MBytes ] : 1.58011e+08     : 53   : 1.58595e+08     : 374810          : 1.60571e+08     : 0    : 1.23092
  Percentage of time spent in overhead : 1.149

________________________________________________________________________________
--------------------------------------------------------------------------------
MPIStats:+
--------------------------------------------------------------------------------
                Name:       Total:         Avg:         Min:         Max:    Max rank: Hist %% [  Q1 |  Q2 |  Q3 |  Q4 ]:  %%Load Imbalance
         Count: Recv:     4.99e+03           78           78           78            0           100.0   0.0   0.0   0.0     0.0
         Count: Redu:          512            8            8            8            0           100.0   0.0   0.0   0.0     0.0
         Count: Send:     4.99e+03           78           78           78            0           100.0   0.0   0.0   0.0     0.0
         Count: Test:          726         11.3           10           20           63            79.7   7.8   6.2   6.2    43.3
         Count: Wait:     9.34e+03          146          146          146            0           100.0   0.0   0.0   0.0     0.0
          Time: Recv:      7.25 ms     0.113 ms    0.0458 ms     0.537 ms           58            81.2   7.8   6.2   4.7    78.9
          Time: Redu:     0.275 s        4.3 ms     0.147 ms      6.97 ms           40            15.6  17.2  21.9  45.3    38.4
          Time: Send:      39.4 ms     0.615 ms     0.338 ms      1.54 ms           58            64.1  26.6   6.2   3.1    59.9
          Time: Test:      1.65 ms    0.0258 ms  4.24e+03 ns      0.15 ms           51            75.0  15.6   6.2   3.1    82.8
          Time: Wait:      83.1 ms       1.3 ms     0.834 ms      1.92 ms           56            28.1  31.2  31.2   9.4    32.3
Volume Recv TOTAL   :       179 MB      2.79 MB      2.79 MB      2.79 MB            0            98.4   0.0   0.0   1.6     0.1
Volume Recv0: <= 64B:           65         1.02            1            2            0            98.4   0.0   0.0   1.6    49.2
Volume Recv1: <= 4KB:     2.37e+03         37.1           37           42            0            98.4   0.0   0.0   1.6    11.7
Volume Recv2: <= 2MB:     2.69e+03           42           42           42            0           100.0   0.0   0.0   0.0     0.0
Volume Send TOTAL   :       179 MB      2.79 MB      2.79 MB      2.79 MB            0           100.0   0.0   0.0   0.0     0.0
Volume Send0: <= 64B:          128            2            2            2            0           100.0   0.0   0.0   0.0     0.0
Volume Send1: <= 4KB:     2.69e+03           42           42           42            0           100.0   0.0   0.0   0.0     0.0
Volume Send2: <= 2MB:     2.69e+03           42           42           42            0           100.0   0.0   0.0   0.0     0.0

Timestep 9       Time=9e-05       Next delT=1e-05       Wall Time=1.20707   EMA=0.0928805   Memory Used=158.68 MBs (avg) 160.57 MBs (max on rank: 0     )
Runtime Summary  summary stats for time step 9 at time=9e-05
  Description       Units       Minimum           Rank   Average (64)      Std. Dev.         Maximum           Rank   100*(1-ave/max) '% load imbalance'
  TaskExec          [seconds] : 0.0745262       : 13   : 0.0763868       : 0.000632522     : 0.0775789       : 30   : 1.53655
  TaskLocalComm     [seconds] : 0.0130377       : 30   : 0.0141978       : 0.000543145     : 0.015672        : 13   : 9.40706
  TaskWaitCommTime  [seconds] : 0.00313886      : 30   : 0.00437246      : 0.000448098     : 0.00535468      : 13   : 18.3433
  NumberOfTasks     [tasks  ] : 10              : 0    : 10              : 0               : 10              : 0    : 0
  NumberOfPatches   [patches] : 1               : 0    : 1               : 0               : 1               : 0    : 0
  NumberOfCells     [cells  ] : 32768           : 0    : 32768           : 0               : 32768           : 0    : 0
  SCIMemoryUsed     [MBytes ] : 1.58106e+08     : 58   : 1.58675e+08     : 364118          : 1.60571e+08     : 0    : 1.18094
  SCIMemoryMaxUsed  [MBytes ] : 1.58106e+08     : 58   : 1.58675e+08     : 364118          : 1.60571e+08     : 0    : 1.18094
  MemoryUsed        [MBytes ] : 7.63826e+08     : 8    : 7.74766e+08     : 5.5509e+06      : 7.85469e+08     : 52   : 1.36268
  MemoryResident    [MBytes ] : 1.58106e+08     : 58   : 1.58675e+08     : 364118          : 1.60571e+08     : 0    : 1.18094
  Percentage of time spent in overhead : 1.01935

________________________________________________________________________________
--------------------------------------------------------------------------------
MPIStats:+
--------------------------------------------------------------------------------
                Name:       Total:         Avg:         Min:         Max:    Max rank: Hist %% [  Q1 |  Q2 |  Q3 |  Q4 ]:  %%Load Imbalance
         Count: Recv:     4.99e+03           78           78           78            0           100.0   0.0   0.0   0.0     0.0
         Count: Redu:          512            8            8            8            0           100.0   0.0   0.0   0.0     0.0
         Count: Send:     4.99e+03           78           78           78            0           100.0   0.0   0.0   0.0     0.0
         Count: Test:          721         11.3           10           20           63            81.2   7.8   4.7   6.2    43.7
         Count: Wait:     9.34e+03          146          146          146            0           100.0   0.0   0.0   0.0     0.0
          Time: Recv:      6.87 ms     0.107 ms    0.0467 ms     0.462 ms           49            81.2   4.7   7.8   6.2    76.8
          Time: Redu:     0.207 s       3.23 ms     0.353 ms      6.36 ms           47            21.9  31.2  31.2  15.6    49.2
          Time: Send:      37.7 ms     0.588 ms     0.352 ms      1.16 ms           54            51.6  25.0  17.2   6.2    49.1
          Time: Test:      1.47 ms    0.0229 ms  3.88e+03 ns     0.104 ms           62            68.8  15.6   7.8   7.8    78.0
          Time: Wait:      83.5 ms      1.31 ms     0.892 ms      1.73 ms           33            14.1  39.1  26.6  20.3    24.6
Volume Recv TOTAL   :       179 MB      2.79 MB      2.79 MB      2.79 MB            0            98.4   0.0   0.0   1.6     0.1
Volume Recv0: <= 64B:           65         1.02            1            2            0            98.4   0.0   0.0   1.6    49.2
Volume Recv1: <= 4KB:     2.37e+03         37.1           37           42            0            98.4   0.0   0.0   1.6    11.7
Volume Recv2: <= 2MB:     2.69e+03           42           42           42            0           100.0   0.0   0.0   0.0     0.0
Volume Send TOTAL   :       179 MB      2.79 MB      2.79 MB      2.79 MB            0           100.0   0.0   0.0   0.0     0.0
Volume Send0: <= 64B:          128            2            2            2            0           100.0   0.0   0.0   0.0     0.0
Volume Send1: <= 4KB:     2.69e+03           42           42           42            0           100.0   0.0   0.0   0.0     0.0
Volume Send2: <= 2MB:     2.69e+03           42           42           42            0           100.0   0.0   0.0   0.0     0.0

Timestep 10      Time=0.0001      Next delT=1e-05       Wall Time=1.29445   EMA=0.0918816   Memory Used=158.77 MBs (avg) 160.84 MBs (max on rank: 0     )
Runtime Summary  summary stats for time step 10 at time=0.0001
  Description       Units       Minimum           Rank   Average (64)      Std. Dev.         Maximum           Rank   100*(1-ave/max) '% load imbalance'
  TaskExec          [seconds] : 0.074231        : 15   : 0.0754785       : 0.000551957     : 0.0765338       : 19   : 1.37888
  TaskLocalComm     [seconds] : 0.013255        : 28   : 0.0142663       : 0.000492453     : 0.015377        : 15   : 7.2234
  TaskWaitCommTime  [seconds] : 0.00340543      : 47   : 0.00440938      : 0.000352345     : 0.00505733      : 22   : 12.812
  NumberOfTasks     [tasks  ] : 10              : 0    : 10              : 0               : 10              : 0    : 0
  NumberOfPatches   [patches] : 1               : 0    : 1               : 0               : 1               : 0    : 0
  NumberOfCells     [cells  ] : 32768           : 0    : 32768           : 0               : 32768           : 0    : 0
  SCIMemoryUsed     [MBytes ] : 1.58106e+08     : 58   : 1.58769e+08     : 386619          : 1.60842e+08     : 0    : 1.28894
  SCIMemoryMaxUsed  [MBytes ] : 1.58106e+08     : 58   : 1.58769e+08     : 386619          : 1.60842e+08     : 0    : 1.28894
  MemoryUsed        [MBytes ] : 7.63826e+08     : 8    : 7.74766e+08     : 5.5509e+06      : 7.85469e+08     : 52   : 1.36268
  MemoryResident    [MBytes ] : 1.58106e+08     : 58   : 1.58769e+08     : 386619          : 1.60842e+08     : 0    : 1.28894
  Percentage of time spent in overhead : 0.915121
Sus: going down successfully
