Parallel: 1024 MPI processes (using MPI)
Parallel: MPI Level Required: 0, provided: 0
Date:       Thu Aug 25 16:47:20 2022
Machine:    notch175
git branch:wasatch-low-cost-integ-cmake
git date:   Sat Jul 30 10:34:22 2022 -0600
git hash:   9315f9f96fa6304db4fe79378b145f37ea40016d
Assertion level: 0
CFLAGS:          
CXXFLAGS:        
______________________________________________________________________
Application Component: 	'wasatch'

-------------------------------------------------------------
Wasatch was built against:
  SpatialOps HASH: bd7a2bac76e42e2cb528b02e2cf1291d05c71926
             DATE: Fri Nov 12 11:34:54 2021 -0700
     ExprLib HASH: d2950c77edb22e5f3669ddaaf2d2ed29ceb24d2c
             DATE: Thu Aug 5 12:26:26 2021 -0600
    TabProps HASH: eca0dc5f26b20d4f6b1cebe51b1ae97e11871e83
             DATE: Wed Aug 11 20:11:26 2021 -0600
-------------------------------------------------------------

Linear Solver: 		hypre
Load Balancer: 		Simple
Scheduler: 		MPI
Patch layout: 		(16,8,8)
Grid statistics:
Number of levels:		1
Level 0:
  Periodic boundaries:		[int 1, 1, 1]
  Number of patches:		1024
  Total number of cells:	33554432 (32768 avg. per patch)
Total patches in grid:		1024
Total cells in grid:		33554432 (32768 avg. per patch)

Using small, individual MPI messages (no message combining)
Detected solver: hypre
SETTING UP CONVECTIVE FLUX EXPRESSION IN X DIRECTION USING CENTRAL
SETTING UP CONVECTIVE FLUX EXPRESSION IN Y DIRECTION USING CENTRAL
SETTING UP CONVECTIVE FLUX EXPRESSION IN Z DIRECTION USING CENTRAL
Setting initial conditions for scalability test equation: scalability0
SETTING UP CONVECTIVE FLUX EXPRESSION IN X DIRECTION USING CENTRAL
SETTING UP CONVECTIVE FLUX EXPRESSION IN Y DIRECTION USING CENTRAL
SETTING UP CONVECTIVE FLUX EXPRESSION IN Z DIRECTION USING CENTRAL
Setting initial conditions for scalability test equation: scalability1
SETTING UP CONVECTIVE FLUX EXPRESSION IN X DIRECTION USING CENTRAL
SETTING UP CONVECTIVE FLUX EXPRESSION IN Y DIRECTION USING CENTRAL
SETTING UP CONVECTIVE FLUX EXPRESSION IN Z DIRECTION USING CENTRAL
Setting initial conditions for scalability test equation: scalability2
SETTING UP CONVECTIVE FLUX EXPRESSION IN X DIRECTION USING CENTRAL
SETTING UP CONVECTIVE FLUX EXPRESSION IN Y DIRECTION USING CENTRAL
SETTING UP CONVECTIVE FLUX EXPRESSION IN Z DIRECTION USING CENTRAL
Setting initial conditions for scalability test equation: scalability3
SETTING UP CONVECTIVE FLUX EXPRESSION IN X DIRECTION USING CENTRAL
SETTING UP CONVECTIVE FLUX EXPRESSION IN Y DIRECTION USING CENTRAL
SETTING UP CONVECTIVE FLUX EXPRESSION IN Z DIRECTION USING CENTRAL
Setting initial conditions for scalability test equation: scalability4
SETTING UP CONVECTIVE FLUX EXPRESSION IN X DIRECTION USING CENTRAL
SETTING UP CONVECTIVE FLUX EXPRESSION IN Y DIRECTION USING CENTRAL
SETTING UP CONVECTIVE FLUX EXPRESSION IN Z DIRECTION USING CENTRAL
Setting initial conditions for scalability test equation: scalability5
SETTING UP CONVECTIVE FLUX EXPRESSION IN X DIRECTION USING CENTRAL
SETTING UP CONVECTIVE FLUX EXPRESSION IN Y DIRECTION USING CENTRAL
SETTING UP CONVECTIVE FLUX EXPRESSION IN Z DIRECTION USING CENTRAL
Setting initial conditions for scalability test equation: scalability6
SETTING UP CONVECTIVE FLUX EXPRESSION IN X DIRECTION USING CENTRAL
SETTING UP CONVECTIVE FLUX EXPRESSION IN Y DIRECTION USING CENTRAL
SETTING UP CONVECTIVE FLUX EXPRESSION IN Z DIRECTION USING CENTRAL
Setting initial conditions for scalability test equation: scalability7
SETTING UP CONVECTIVE FLUX EXPRESSION IN X DIRECTION USING CENTRAL
SETTING UP CONVECTIVE FLUX EXPRESSION IN Y DIRECTION USING CENTRAL
SETTING UP CONVECTIVE FLUX EXPRESSION IN Z DIRECTION USING CENTRAL
Setting initial conditions for scalability test equation: scalability8
SETTING UP CONVECTIVE FLUX EXPRESSION IN X DIRECTION USING CENTRAL
SETTING UP CONVECTIVE FLUX EXPRESSION IN Y DIRECTION USING CENTRAL
SETTING UP CONVECTIVE FLUX EXPRESSION IN Z DIRECTION USING CENTRAL
Setting initial conditions for scalability test equation: scalability9
------------------------------------------------
No BoundaryConditions specified
  This message will only occur once

Compiling initialization taskgraph.
------------------------------------------------
SETTING INITIAL BOUNDARY CONDITIONS:
------------------------------------------------
Setting Initial BCs for transport equation 'scalability0'
Setting Initial BCs for transport equation 'scalability1'
Setting Initial BCs for transport equation 'scalability2'
Setting Initial BCs for transport equation 'scalability3'
Setting Initial BCs for transport equation 'scalability4'
Setting Initial BCs for transport equation 'scalability5'
Setting Initial BCs for transport equation 'scalability6'
Setting Initial BCs for transport equation 'scalability7'
Setting Initial BCs for transport equation 'scalability8'
Setting Initial BCs for transport equation 'scalability9'
------------------------------------------------
Wasatch: done creating initialization task(s)
Scheduling Task 'compute timestep' COMPUTES 'delT' in NEW data warehouse
Wasatch: done creating timestep task(s)
Done with taskgraph compile (0.000204522 seconds)
Warning: addContribution not implemented for LoadBalancerCommon.
WARNING at time step 0 and sim time 0 : lowering the next delT from 1 to the maximum: 1e-05

________________________________________________________________________________
--------------------------------------------------------------------------------
MPIStats:+
--------------------------------------------------------------------------------
                Name:       Total:         Avg:         Min:         Max:    Max rank: Hist %% [  Q1 |  Q2 |  Q3 |  Q4 ]:  %%Load Imbalance
         Count: Comm:     1.02e+03            1            1            1         1022           100.0   0.0   0.0   0.0     0.0
         Count: Gath:     2.05e+03            2            2            2         1022           100.0   0.0   0.0   0.0     0.0
         Count: Redu:     1.02e+03            1            1            1         1022           100.0   0.0   0.0   0.0     0.0
          Time: Comm:      5.91 s       5.77 ms      1.88 ms      9.54 ms          921            46.9   3.1   0.3  49.7    39.5
          Time: Gath:      72.2 s       70.5 ms      9.22 ms     0.121 s           428            17.7  25.2  27.7  29.4    41.6
          Time: Redu:      21.7 s       21.2 ms    0.0568 ms      28.8 ms          946             1.2  13.8  24.4  60.6    26.5
Volume Recv TOTAL   :      7.29 MB      7.29 KB      7.29 KB      7.29 KB         1022           100.0   0.0   0.0   0.0     0.0
Volume Recv0: <= 64B:     1.02e+03            1            1            1         1022           100.0   0.0   0.0   0.0     0.0
Volume Recv1: <= 4KB:     1.02e+03            1            1            1         1022           100.0   0.0   0.0   0.0     0.0
Volume Recv2: <= 2MB:     1.02e+03            1            1            1         1022           100.0   0.0   0.0   0.0     0.0
Volume Send TOTAL   :       272 KB    272.031 B        269 B        273 B          774            24.2   0.0   0.0  75.8     0.4
Volume Send0: <= 64B:     2.05e+03            2            2            2         1022           100.0   0.0   0.0   0.0     0.0
Volume Send1: <= 4KB:     1.02e+03            1            1            1         1022           100.0   0.0   0.0   0.0     0.0


Simulation and run time stats are reported at the end of each time step
EMA == Wall time as an exponential moving average using a window of the last 10 time steps
Timestep 0       Time=0           Next delT=1e-05       Wall Time=0.15433   EMA=0.152121    Memory Used=118.53 MBs (avg) 119.74 MBs (max on rank: 822   )
Warning: finalizeContributions not implemented for LoadBalancerCommon.
Warning: resetCostForecaster not implemented for LoadBalancerCommon.
Compiling taskgraph(s)...
------------------------------------------------
SETTING BOUNDARY CONDITIONS:
------------------------------------------------
Setting BCs for transport equation 'scalability0'
Setting BCs for transport equation 'scalability1'
Setting BCs for transport equation 'scalability2'
Setting BCs for transport equation 'scalability3'
Setting BCs for transport equation 'scalability4'
Setting BCs for transport equation 'scalability5'
Setting BCs for transport equation 'scalability6'
Setting BCs for transport equation 'scalability7'
Setting BCs for transport equation 'scalability8'
Setting BCs for transport equation 'scalability9'
------------------------------------------------
Wasatch: done creating solution task(s)
Wasatch: done creating solution task(s)
Wasatch: done creating solution task(s)
Wasatch: done creating post-processing task(s)
Scheduling Task 'compute timestep' COMPUTES 'delT' in NEW data warehouse
Wasatch: done creating timestep task(s)
Done with taskgraph compile (0.0376559 seconds)

________________________________________________________________________________
--------------------------------------------------------------------------------
MPIStats:+
--------------------------------------------------------------------------------
                Name:       Total:         Avg:         Min:         Max:    Max rank: Hist %% [  Q1 |  Q2 |  Q3 |  Q4 ]:  %%Load Imbalance
         Count: Recv:     7.99e+04           78           78           78         1022           100.0   0.0   0.0   0.0     0.0
         Count: Redu:     8.19e+03            8            8            8         1022           100.0   0.0   0.0   0.0     0.0
         Count: Send:     7.99e+04           78           78           78         1022           100.0   0.0   0.0   0.0     0.0
         Count: Test:     1.08e+04         10.5           10           19         1022            95.4   1.6   2.2   0.8    44.7
         Count: Wait:      1.5e+05          146          146          146         1022           100.0   0.0   0.0   0.0     0.0
          Time: Recv:      66.1 ms    0.0646 ms    0.0304 ms     0.623 ms          312            91.3   7.9   0.7   0.1    89.6
          Time: Redu:      28.4 s       27.7 ms     0.798 ms        61 ms          223            22.4  37.2  29.7  10.7    54.5
          Time: Send:      1.88 s       1.83 ms      1.44 ms      2.69 ms          905            37.2  53.6   8.6   0.6    31.9
          Time: Test:      18.7 ms    0.0183 ms  7.16e+03 ns     0.376 ms          549            98.7   0.7   0.0   0.6    95.1
          Time: Wait:      48.3 s       47.2 ms      2.76 ms      76.7 ms          247             5.5  23.7  44.9  25.9    38.5
Volume Recv TOTAL   :      2.79 GB      2.79 MB      2.79 MB      2.79 MB            0            99.9   0.0   0.0   0.1     0.1
Volume Recv0: <= 64B:     1.02e+03            1            1            2            0            99.9   0.0   0.0   0.1    50.0
Volume Recv1: <= 4KB:     3.79e+04           37           37           42            0            99.9   0.0   0.0   0.1    11.9
Volume Recv2: <= 2MB:      4.3e+04           42           42           42         1022           100.0   0.0   0.0   0.0     0.0
Volume Send TOTAL   :      2.79 GB      2.79 MB      2.79 MB      2.79 MB         1022           100.0   0.0   0.0   0.0     0.0
Volume Send0: <= 64B:     2.05e+03            2            2            2         1022           100.0   0.0   0.0   0.0     0.0
Volume Send1: <= 4KB:      4.3e+04           42           42           42         1022           100.0   0.0   0.0   0.0     0.0
Volume Send2: <= 2MB:      4.3e+04           42           42           42         1022           100.0   0.0   0.0   0.0     0.0

Timestep 1       Time=1e-05       Next delT=1e-05       Wall Time=0.330964  EMA=0.176592    Memory Used=133.31 MBs (avg) 137.09 MBs (max on rank: 18    )
Runtime Summary  summary stats for time step 1 at time=1e-05
  Description       Units       Minimum           Rank   Average (1024)    Std. Dev.         Maximum           Rank   100*(1-ave/max) '% load imbalance'
  Compilation       [seconds] : 0.0262158       : 78   : 0.0362786       : 0.00652077      : 0.0637479       : 921  : 43.0905
  TaskExec          [seconds] : 0.0539224       : 833  : 0.081784        : 0.0135429       : 0.116727        : 152  : 29.9359
  TaskLocalComm     [seconds] : 0.0109052       : 691  : 0.0143406       : 0.00155071      : 0.0210203       : 905  : 31.7773
  TaskWaitCommTime  [seconds] : 0.00626621      : 143  : 0.0502401       : 0.0143747       : 0.0799012       : 247  : 37.1222
  NumberOfTasks     [tasks  ] : 10              : 0    : 10              : 0               : 10              : 0    : 0
  NumberOfPatches   [patches] : 1               : 0    : 1               : 0               : 1               : 0    : 0
  NumberOfCells     [cells  ] : 32768           : 0    : 32768           : 0               : 32768           : 0    : 0
  SCIMemoryUsed     [MBytes ] : 1.31854e+08     : 953  : 1.33308e+08     : 357940          : 1.37093e+08     : 18   : 2.76109
  SCIMemoryMaxUsed  [MBytes ] : 1.31854e+08     : 953  : 1.33308e+08     : 357940          : 1.37093e+08     : 18   : 2.76109
  MemoryUsed        [MBytes ] : 6.29699e+08     : 963  : 6.45495e+08     : 6.11671e+06     : 6.64146e+08     : 992  : 2.80821
  MemoryResident    [MBytes ] : 1.31854e+08     : 953  : 1.33308e+08     : 357940          : 1.37093e+08     : 18   : 2.76109
  Percentage of time spent in overhead : 19.8631

________________________________________________________________________________
--------------------------------------------------------------------------------
MPIStats:+
--------------------------------------------------------------------------------
                Name:       Total:         Avg:         Min:         Max:    Max rank: Hist %% [  Q1 |  Q2 |  Q3 |  Q4 ]:  %%Load Imbalance
         Count: Recv:     7.99e+04           78           78           78         1022           100.0   0.0   0.0   0.0     0.0
         Count: Redu:     8.19e+03            8            8            8         1022           100.0   0.0   0.0   0.0     0.0
         Count: Send:     7.99e+04           78           78           78         1022           100.0   0.0   0.0   0.0     0.0
         Count: Test:     1.09e+04         10.6           10           20         1023            92.9   4.1   2.2   0.8    47.0
         Count: Wait:      1.5e+05          146          146          146         1022           100.0   0.0   0.0   0.0     0.0
          Time: Recv:      68.3 ms    0.0667 ms    0.0275 ms     0.511 ms          286            88.2   6.8   4.3   0.7    87.0
          Time: Redu:      22.6 s       22.1 ms     0.261 ms      46.3 ms          757            18.6  37.2  30.3  14.0    52.3
          Time: Send:      1.42 s       1.39 ms     0.976 ms      2.92 ms          501            72.4  25.6   1.9   0.2    52.5
          Time: Test:      12.1 ms    0.0119 ms  4.16e+03 ns     0.403 ms          313            99.6   0.0   0.1   0.3    97.1
          Time: Wait:      28.7 s         28 ms      3.49 ms      63.2 ms          193            22.6  46.4  27.4   3.6    55.7
Volume Recv TOTAL   :      2.79 GB      2.79 MB      2.79 MB      2.79 MB            0            99.9   0.0   0.0   0.1     0.1
Volume Recv0: <= 64B:     1.02e+03            1            1            2            0            99.9   0.0   0.0   0.1    50.0
Volume Recv1: <= 4KB:     3.79e+04           37           37           42            0            99.9   0.0   0.0   0.1    11.9
Volume Recv2: <= 2MB:      4.3e+04           42           42           42         1022           100.0   0.0   0.0   0.0     0.0
Volume Send TOTAL   :      2.79 GB      2.79 MB      2.79 MB      2.79 MB         1022           100.0   0.0   0.0   0.0     0.0
Volume Send0: <= 64B:     2.05e+03            2            2            2         1022           100.0   0.0   0.0   0.0     0.0
Volume Send1: <= 4KB:      4.3e+04           42           42           42         1022           100.0   0.0   0.0   0.0     0.0
Volume Send2: <= 2MB:      4.3e+04           42           42           42         1022           100.0   0.0   0.0   0.0     0.0

Timestep 2       Time=2e-05       Next delT=1e-05       Wall Time=0.450089  EMA=0.138281    Memory Used=136.70 MBs (avg) 139.85 MBs (max on rank: 18    )
Runtime Summary  summary stats for time step 2 at time=2e-05
  Description       Units       Minimum           Rank   Average (1024)    Std. Dev.         Maximum           Rank   100*(1-ave/max) '% load imbalance'
  TaskExec          [seconds] : 0.0442299       : 193  : 0.0806411       : 0.0106947       : 0.105361        : 491  : 23.4623
  TaskLocalComm     [seconds] : 0.0109495       : 337  : 0.0137825       : 0.00126307      : 0.0216618       : 947  : 36.3745
  TaskWaitCommTime  [seconds] : 0.00629753      : 491  : 0.0309512       : 0.0107867       : 0.0669284       : 193  : 53.7549
  NumberOfTasks     [tasks  ] : 10              : 0    : 10              : 0               : 10              : 0    : 0
  NumberOfPatches   [patches] : 1               : 0    : 1               : 0               : 1               : 0    : 0
  NumberOfCells     [cells  ] : 32768           : 0    : 32768           : 0               : 32768           : 0    : 0
  SCIMemoryUsed     [MBytes ] : 1.35533e+08     : 479  : 1.36701e+08     : 334354          : 1.3985e+08      : 18   : 2.25129
  SCIMemoryMaxUsed  [MBytes ] : 1.35533e+08     : 479  : 1.36701e+08     : 334354          : 1.3985e+08      : 18   : 2.25129
  MemoryUsed        [MBytes ] : 6.32861e+08     : 963  : 6.48796e+08     : 5.9832e+06      : 6.67312e+08     : 992  : 2.77471
  MemoryResident    [MBytes ] : 1.35533e+08     : 479  : 1.36701e+08     : 334354          : 1.3985e+08      : 18   : 2.25129
  Percentage of time spent in overhead : 9.93147

________________________________________________________________________________
--------------------------------------------------------------------------------
MPIStats:+
--------------------------------------------------------------------------------
                Name:       Total:         Avg:         Min:         Max:    Max rank: Hist %% [  Q1 |  Q2 |  Q3 |  Q4 ]:  %%Load Imbalance
         Count: Recv:     7.99e+04           78           78           78         1022           100.0   0.0   0.0   0.0     0.0
         Count: Redu:     8.19e+03            8            8            8         1022           100.0   0.0   0.0   0.0     0.0
         Count: Send:     7.99e+04           78           78           78         1022           100.0   0.0   0.0   0.0     0.0
         Count: Test:     1.08e+04         10.6           10           20         1023            92.7   4.3   2.2   0.8    47.1
         Count: Wait:      1.5e+05          146          146          146         1022           100.0   0.0   0.0   0.0     0.0
          Time: Recv:      61.7 ms    0.0602 ms    0.0274 ms     0.537 ms          722            90.6   7.3   1.7   0.4    88.8
          Time: Redu:      27.2 s       26.5 ms     0.248 ms      49.8 ms          766             8.9  41.4  29.9  19.8    46.7
          Time: Send:     0.864 s      0.843 ms     0.399 ms      2.07 ms          973            53.2  40.7   4.8   1.3    59.2
          Time: Test:      11.3 ms     0.011 ms  3.85e+03 ns     0.287 ms          863            99.7   0.1   0.0   0.2    96.2
          Time: Wait:      28.9 s       28.2 ms       3.5 ms      62.6 ms           27            22.2  44.0  30.3   3.5    54.9
Volume Recv TOTAL   :      2.79 GB      2.79 MB      2.79 MB      2.79 MB            0            99.9   0.0   0.0   0.1     0.1
Volume Recv0: <= 64B:     1.02e+03            1            1            2            0            99.9   0.0   0.0   0.1    50.0
Volume Recv1: <= 4KB:     3.79e+04           37           37           42            0            99.9   0.0   0.0   0.1    11.9
Volume Recv2: <= 2MB:      4.3e+04           42           42           42         1022           100.0   0.0   0.0   0.0     0.0
Volume Send TOTAL   :      2.79 GB      2.79 MB      2.79 MB      2.79 MB         1022           100.0   0.0   0.0   0.0     0.0
Volume Send0: <= 64B:     2.05e+03            2            2            2         1022           100.0   0.0   0.0   0.0     0.0
Volume Send1: <= 4KB:      4.3e+04           42           42           42         1022           100.0   0.0   0.0   0.0     0.0
Volume Send2: <= 2MB:      4.3e+04           42           42           42         1022           100.0   0.0   0.0   0.0     0.0

Timestep 3       Time=3e-05       Next delT=1e-05       Wall Time=0.57143   EMA=0.129811    Memory Used=139.92 MBs (avg) 140.89 MBs (max on rank: 86    )
Runtime Summary  summary stats for time step 3 at time=3e-05
  Description       Units       Minimum           Rank   Average (1024)    Std. Dev.         Maximum           Rank   100*(1-ave/max) '% load imbalance'
  TaskExec          [seconds] : 0.0475436       : 27   : 0.0823845       : 0.0110688       : 0.106997        : 1017 : 23.0029
  TaskLocalComm     [seconds] : 0.00958797      : 385  : 0.0134314       : 0.00125238      : 0.0190532       : 155  : 29.5058
  TaskWaitCommTime  [seconds] : 0.00665856      : 965  : 0.0310445       : 0.0111354       : 0.0651642       : 27   : 52.3595
  NumberOfTasks     [tasks  ] : 10              : 0    : 10              : 0               : 10              : 0    : 0
  NumberOfPatches   [patches] : 1               : 0    : 1               : 0               : 1               : 0    : 0
  NumberOfCells     [cells  ] : 32768           : 0    : 32768           : 0               : 32768           : 0    : 0
  SCIMemoryUsed     [MBytes ] : 1.38736e+08     : 479  : 1.39921e+08     : 318788          : 1.4089e+08      : 86   : 0.687992
  SCIMemoryMaxUsed  [MBytes ] : 1.38736e+08     : 479  : 1.39921e+08     : 318788          : 1.4089e+08      : 86   : 0.687992
  MemoryUsed        [MBytes ] : 6.36236e+08     : 131  : 6.51984e+08     : 5.93969e+06     : 6.70462e+08     : 992  : 2.75607
  MemoryResident    [MBytes ] : 1.38736e+08     : 479  : 1.39921e+08     : 318788          : 1.4089e+08      : 86   : 0.687992
  Percentage of time spent in overhead : 6.62052

________________________________________________________________________________
--------------------------------------------------------------------------------
MPIStats:+
--------------------------------------------------------------------------------
                Name:       Total:         Avg:         Min:         Max:    Max rank: Hist %% [  Q1 |  Q2 |  Q3 |  Q4 ]:  %%Load Imbalance
         Count: Recv:     7.99e+04           78           78           78         1022           100.0   0.0   0.0   0.0     0.0
         Count: Redu:     8.19e+03            8            8            8         1022           100.0   0.0   0.0   0.0     0.0
         Count: Send:     7.99e+04           78           78           78         1022           100.0   0.0   0.0   0.0     0.0
         Count: Test:     1.08e+04         10.6           10           20         1023            93.7   3.4   2.1   0.8    47.2
         Count: Wait:      1.5e+05          146          146          146         1022           100.0   0.0   0.0   0.0     0.0
          Time: Recv:      52.6 ms    0.0514 ms    0.0284 ms     0.439 ms          243            94.6   3.1   1.8   0.5    88.3
          Time: Redu:      25.4 s       24.8 ms     0.249 ms      43.8 ms          691            11.3  23.3  43.3  22.1    43.3
          Time: Send:     0.681 s      0.665 ms     0.261 ms      1.74 ms          571            45.8  47.7   6.2   0.4    61.7
          Time: Test:      11.1 ms    0.0108 ms  3.94e+03 ns     0.317 ms          697            99.9   0.0   0.0   0.1    96.6
          Time: Wait:      24.1 s       23.5 ms      1.93 ms      52.8 ms           22            20.4  46.9  23.9   8.8    55.5
Volume Recv TOTAL   :      2.79 GB      2.79 MB      2.79 MB      2.79 MB            0            99.9   0.0   0.0   0.1     0.1
Volume Recv0: <= 64B:     1.02e+03            1            1            2            0            99.9   0.0   0.0   0.1    50.0
Volume Recv1: <= 4KB:     3.79e+04           37           37           42            0            99.9   0.0   0.0   0.1    11.9
Volume Recv2: <= 2MB:      4.3e+04           42           42           42         1022           100.0   0.0   0.0   0.0     0.0
Volume Send TOTAL   :      2.79 GB      2.79 MB      2.79 MB      2.79 MB         1022           100.0   0.0   0.0   0.0     0.0
Volume Send0: <= 64B:     2.05e+03            2            2            2         1022           100.0   0.0   0.0   0.0     0.0
Volume Send1: <= 4KB:      4.3e+04           42           42           42         1022           100.0   0.0   0.0   0.0     0.0
Volume Send2: <= 2MB:      4.3e+04           42           42           42         1022           100.0   0.0   0.0   0.0     0.0

Timestep 4       Time=4e-05       Next delT=1e-05       Wall Time=0.685668  EMA=0.123582    Memory Used=139.96 MBs (avg) 141.09 MBs (max on rank: 628   )
Runtime Summary  summary stats for time step 4 at time=4e-05
  Description       Units       Minimum           Rank   Average (1024)    Std. Dev.         Maximum           Rank   100*(1-ave/max) '% load imbalance'
  TaskExec          [seconds] : 0.0507365       : 235  : 0.0803475       : 0.010388        : 0.101228        : 394  : 20.6275
  TaskLocalComm     [seconds] : 0.0102117       : 679  : 0.0128503       : 0.00119647      : 0.0214916       : 300  : 40.2079
  TaskWaitCommTime  [seconds] : 0.00549318      : 394  : 0.026261        : 0.0104328       : 0.0553836       : 22   : 52.5834
  NumberOfTasks     [tasks  ] : 10              : 0    : 10              : 0               : 10              : 0    : 0
  NumberOfPatches   [patches] : 1               : 0    : 1               : 0               : 1               : 0    : 0
  NumberOfCells     [cells  ] : 32768           : 0    : 32768           : 0               : 32768           : 0    : 0
  SCIMemoryUsed     [MBytes ] : 1.38736e+08     : 479  : 1.39962e+08     : 338346          : 1.41087e+08     : 628  : 0.797118
  SCIMemoryMaxUsed  [MBytes ] : 1.38736e+08     : 479  : 1.39962e+08     : 338346          : 1.41087e+08     : 628  : 0.797118
  MemoryUsed        [MBytes ] : 6.36236e+08     : 131  : 6.52055e+08     : 5.87029e+06     : 6.7065e+08      : 992  : 2.77271
  MemoryResident    [MBytes ] : 1.38736e+08     : 479  : 1.39962e+08     : 338346          : 1.41087e+08     : 628  : 0.797118
  Percentage of time spent in overhead : 4.96438

________________________________________________________________________________
--------------------------------------------------------------------------------
MPIStats:+
--------------------------------------------------------------------------------
                Name:       Total:         Avg:         Min:         Max:    Max rank: Hist %% [  Q1 |  Q2 |  Q3 |  Q4 ]:  %%Load Imbalance
         Count: Recv:     7.99e+04           78           78           78         1022           100.0   0.0   0.0   0.0     0.0
         Count: Redu:     8.19e+03            8            8            8         1022           100.0   0.0   0.0   0.0     0.0
         Count: Send:     7.99e+04           78           78           78         1022           100.0   0.0   0.0   0.0     0.0
         Count: Test:     1.08e+04         10.5           10           20         1023            94.1   2.7   2.3   0.8    47.3
         Count: Wait:      1.5e+05          146          146          146         1022           100.0   0.0   0.0   0.0     0.0
          Time: Recv:      51.5 ms    0.0503 ms    0.0274 ms     0.377 ms          850            93.3   3.5   2.4   0.8    86.7
          Time: Redu:      21.8 s       21.3 ms     0.349 ms      45.7 ms          140            21.2  39.9  18.5  20.4    53.4
          Time: Send:     0.597 s      0.583 ms      0.25 ms      1.52 ms         1021            52.7  38.4   8.4   0.5    61.6
          Time: Test:        11 ms    0.0107 ms  3.39e+03 ns     0.286 ms          839            99.6   0.3   0.0   0.1    96.3
          Time: Wait:        27 s       26.4 ms      1.82 ms      57.3 ms          170            20.2  33.9  41.7   4.2    54.0
Volume Recv TOTAL   :      2.79 GB      2.79 MB      2.79 MB      2.79 MB            0            99.9   0.0   0.0   0.1     0.1
Volume Recv0: <= 64B:     1.02e+03            1            1            2            0            99.9   0.0   0.0   0.1    50.0
Volume Recv1: <= 4KB:     3.79e+04           37           37           42            0            99.9   0.0   0.0   0.1    11.9
Volume Recv2: <= 2MB:      4.3e+04           42           42           42         1022           100.0   0.0   0.0   0.0     0.0
Volume Send TOTAL   :      2.79 GB      2.79 MB      2.79 MB      2.79 MB         1022           100.0   0.0   0.0   0.0     0.0
Volume Send0: <= 64B:     2.05e+03            2            2            2         1022           100.0   0.0   0.0   0.0     0.0
Volume Send1: <= 4KB:      4.3e+04           42           42           42         1022           100.0   0.0   0.0   0.0     0.0
Volume Send2: <= 2MB:      4.3e+04           42           42           42         1022           100.0   0.0   0.0   0.0     0.0

Timestep 5       Time=5e-05       Next delT=1e-05       Wall Time=0.799997  EMA=0.120497    Memory Used=140.17 MBs (avg) 141.21 MBs (max on rank: 1000  )
Runtime Summary  summary stats for time step 5 at time=5e-05
  Description       Units       Minimum           Rank   Average (1024)    Std. Dev.         Maximum           Rank   100*(1-ave/max) '% load imbalance'
  TaskExec          [seconds] : 0.0477593       : 170  : 0.0775266       : 0.0110949       : 0.102144        : 997  : 24.1007
  TaskLocalComm     [seconds] : 0.00960795      : 158  : 0.0126595       : 0.00115451      : 0.0188211       : 915  : 32.7381
  TaskWaitCommTime  [seconds] : 0.0040587       : 997  : 0.0289881       : 0.0112525       : 0.0591788       : 170  : 51.016
  NumberOfTasks     [tasks  ] : 10              : 0    : 10              : 0               : 10              : 0    : 0
  NumberOfPatches   [patches] : 1               : 0    : 1               : 0               : 1               : 0    : 0
  NumberOfCells     [cells  ] : 32768           : 0    : 32768           : 0               : 32768           : 0    : 0
  SCIMemoryUsed     [MBytes ] : 1.38977e+08     : 709  : 1.40174e+08     : 333771          : 1.41214e+08     : 1000 : 0.736243
  SCIMemoryMaxUsed  [MBytes ] : 1.38977e+08     : 709  : 1.40174e+08     : 333771          : 1.41214e+08     : 1000 : 0.736243
  MemoryUsed        [MBytes ] : 6.36236e+08     : 131  : 6.52079e+08     : 5.84592e+06     : 6.7065e+08      : 992  : 2.76911
  MemoryResident    [MBytes ] : 1.38977e+08     : 709  : 1.40174e+08     : 333771          : 1.41214e+08     : 1000 : 0.736243
  Percentage of time spent in overhead : 3.96989

________________________________________________________________________________
--------------------------------------------------------------------------------
MPIStats:+
--------------------------------------------------------------------------------
                Name:       Total:         Avg:         Min:         Max:    Max rank: Hist %% [  Q1 |  Q2 |  Q3 |  Q4 ]:  %%Load Imbalance
         Count: Recv:     7.99e+04           78           78           78         1022           100.0   0.0   0.0   0.0     0.0
         Count: Redu:     8.19e+03            8            8            8         1022           100.0   0.0   0.0   0.0     0.0
         Count: Send:     7.99e+04           78           78           78         1022           100.0   0.0   0.0   0.0     0.0
         Count: Test:     1.08e+04         10.5           10           20         1023            94.7   2.3   2.1   0.8    47.4
         Count: Wait:      1.5e+05          146          146          146         1022           100.0   0.0   0.0   0.0     0.0
          Time: Recv:      47.3 ms    0.0462 ms    0.0281 ms     0.362 ms          852            94.9   2.4   2.0   0.7    87.2
          Time: Redu:      25.1 s       24.5 ms     0.268 ms      47.4 ms          927            18.3  23.0  37.6  21.1    48.3
          Time: Send:     0.587 s      0.573 ms     0.241 ms      1.72 ms          974            60.5  34.2   4.8   0.5    66.6
          Time: Test:      11.4 ms    0.0111 ms   3.5e+03 ns     0.405 ms          487            99.7   0.2   0.0   0.1    97.3
          Time: Wait:      19.3 s       18.8 ms      2.78 ms      47.3 ms          207            46.3  15.8  27.0  10.9    60.2
Volume Recv TOTAL   :      2.79 GB      2.79 MB      2.79 MB      2.79 MB            0            99.9   0.0   0.0   0.1     0.1
Volume Recv0: <= 64B:     1.02e+03            1            1            2            0            99.9   0.0   0.0   0.1    50.0
Volume Recv1: <= 4KB:     3.79e+04           37           37           42            0            99.9   0.0   0.0   0.1    11.9
Volume Recv2: <= 2MB:      4.3e+04           42           42           42         1022           100.0   0.0   0.0   0.0     0.0
Volume Send TOTAL   :      2.79 GB      2.79 MB      2.79 MB      2.79 MB         1022           100.0   0.0   0.0   0.0     0.0
Volume Send0: <= 64B:     2.05e+03            2            2            2         1022           100.0   0.0   0.0   0.0     0.0
Volume Send1: <= 4KB:      4.3e+04           42           42           42         1022           100.0   0.0   0.0   0.0     0.0
Volume Send2: <= 2MB:      4.3e+04           42           42           42         1022           100.0   0.0   0.0   0.0     0.0

Timestep 6       Time=6e-05       Next delT=1e-05       Wall Time=0.916255  EMA=0.119286    Memory Used=140.23 MBs (avg) 141.33 MBs (max on rank: 1008  )
Runtime Summary  summary stats for time step 6 at time=6e-05
  Description       Units       Minimum           Rank   Average (1024)    Std. Dev.         Maximum           Rank   100*(1-ave/max) '% load imbalance'
  TaskExec          [seconds] : 0.0575193       : 207  : 0.0872585       : 0.0129144       : 0.103778        : 933  : 15.918
  TaskLocalComm     [seconds] : 0.010197        : 357  : 0.0129761       : 0.000946925     : 0.018555        : 915  : 30.0667
  TaskWaitCommTime  [seconds] : 0.00475263      : 933  : 0.0215763       : 0.0129667       : 0.0508258       : 207  : 57.5486
  NumberOfTasks     [tasks  ] : 10              : 0    : 10              : 0               : 10              : 0    : 0
  NumberOfPatches   [patches] : 1               : 0    : 1               : 0               : 1               : 0    : 0
  NumberOfCells     [cells  ] : 32768           : 0    : 32768           : 0               : 32768           : 0    : 0
  SCIMemoryUsed     [MBytes ] : 1.39006e+08     : 479  : 1.40235e+08     : 336286          : 1.41328e+08     : 1008 : 0.773761
  SCIMemoryMaxUsed  [MBytes ] : 1.39006e+08     : 479  : 1.40235e+08     : 336286          : 1.41328e+08     : 1008 : 0.773761
  MemoryUsed        [MBytes ] : 6.36236e+08     : 131  : 6.52099e+08     : 5.82962e+06     : 6.7065e+08      : 992  : 2.76623
  MemoryResident    [MBytes ] : 1.39006e+08     : 479  : 1.40235e+08     : 336286          : 1.41328e+08     : 1008 : 0.773761
  Percentage of time spent in overhead : 3.30599

________________________________________________________________________________
--------------------------------------------------------------------------------
MPIStats:+
--------------------------------------------------------------------------------
                Name:       Total:         Avg:         Min:         Max:    Max rank: Hist %% [  Q1 |  Q2 |  Q3 |  Q4 ]:  %%Load Imbalance
         Count: Recv:     7.99e+04           78           78           78         1022           100.0   0.0   0.0   0.0     0.0
         Count: Redu:     8.19e+03            8            8            8         1022           100.0   0.0   0.0   0.0     0.0
         Count: Send:     7.99e+04           78           78           78         1022           100.0   0.0   0.0   0.0     0.0
         Count: Test:     1.08e+04         10.5           10           20         1023            94.4   2.4   2.3   0.8    47.4
         Count: Wait:      1.5e+05          146          146          146         1022           100.0   0.0   0.0   0.0     0.0
          Time: Recv:      47.7 ms    0.0465 ms    0.0285 ms     0.401 ms          686            95.3   2.7   1.5   0.5    88.4
          Time: Redu:      28.4 s       27.8 ms     0.245 ms      49.2 ms          935             7.3  28.2  39.8  24.6    43.6
          Time: Send:     0.576 s      0.562 ms     0.249 ms      1.39 ms          984            48.6  40.5   9.9   1.0    59.7
          Time: Test:      11.1 ms    0.0108 ms  2.87e+03 ns     0.312 ms          709            99.8   0.1   0.0   0.1    96.5
          Time: Wait:      19.3 s       18.8 ms      2.86 ms      52.8 ms           20            46.2  28.5  19.6   5.7    64.4
Volume Recv TOTAL   :      2.79 GB      2.79 MB      2.79 MB      2.79 MB            0            99.9   0.0   0.0   0.1     0.1
Volume Recv0: <= 64B:     1.02e+03            1            1            2            0            99.9   0.0   0.0   0.1    50.0
Volume Recv1: <= 4KB:     3.79e+04           37           37           42            0            99.9   0.0   0.0   0.1    11.9
Volume Recv2: <= 2MB:      4.3e+04           42           42           42         1022           100.0   0.0   0.0   0.0     0.0
Volume Send TOTAL   :      2.79 GB      2.79 MB      2.79 MB      2.79 MB         1022           100.0   0.0   0.0   0.0     0.0
Volume Send0: <= 64B:     2.05e+03            2            2            2         1022           100.0   0.0   0.0   0.0     0.0
Volume Send1: <= 4KB:      4.3e+04           42           42           42         1022           100.0   0.0   0.0   0.0     0.0
Volume Send2: <= 2MB:      4.3e+04           42           42           42         1022           100.0   0.0   0.0   0.0     0.0

Timestep 7       Time=7e-05       Next delT=1e-05       Wall Time=1.03467   EMA=0.119067    Memory Used=140.31 MBs (avg) 141.39 MBs (max on rank: 192   )
Runtime Summary  summary stats for time step 7 at time=7e-05
  Description       Units       Minimum           Rank   Average (1024)    Std. Dev.         Maximum           Rank   100*(1-ave/max) '% load imbalance'
  TaskExec          [seconds] : 0.0558707       : 5    : 0.0892819       : 0.0120331       : 0.1058          : 599  : 15.6124
  TaskLocalComm     [seconds] : 0.0102152       : 20   : 0.0129179       : 0.00102074      : 0.0213562       : 267  : 39.5122
  TaskWaitCommTime  [seconds] : 0.00498284      : 599  : 0.0215637       : 0.0120646       : 0.0553689       : 20   : 61.0545
  NumberOfTasks     [tasks  ] : 10              : 0    : 10              : 0               : 10              : 0    : 0
  NumberOfPatches   [patches] : 1               : 0    : 1               : 0               : 1               : 0    : 0
  NumberOfCells     [cells  ] : 32768           : 0    : 32768           : 0               : 32768           : 0    : 0
  SCIMemoryUsed     [MBytes ] : 1.39006e+08     : 479  : 1.40312e+08     : 363979          : 1.4139e+08      : 192  : 0.762615
  SCIMemoryMaxUsed  [MBytes ] : 1.39006e+08     : 479  : 1.40312e+08     : 363979          : 1.4139e+08      : 192  : 0.762615
  MemoryUsed        [MBytes ] : 6.36236e+08     : 131  : 6.52117e+08     : 5.81461e+06     : 6.7065e+08      : 992  : 2.76351
  MemoryResident    [MBytes ] : 1.39006e+08     : 479  : 1.40312e+08     : 363979          : 1.4139e+08      : 192  : 0.762615
  Percentage of time spent in overhead : 2.8308

________________________________________________________________________________
--------------------------------------------------------------------------------
MPIStats:+
--------------------------------------------------------------------------------
                Name:       Total:         Avg:         Min:         Max:    Max rank: Hist %% [  Q1 |  Q2 |  Q3 |  Q4 ]:  %%Load Imbalance
         Count: Recv:     7.99e+04           78           78           78         1022           100.0   0.0   0.0   0.0     0.0
         Count: Redu:     8.19e+03            8            8            8         1022           100.0   0.0   0.0   0.0     0.0
         Count: Send:     7.99e+04           78           78           78         1022           100.0   0.0   0.0   0.0     0.0
         Count: Test:     1.07e+04         10.5           10           20         1023            95.3   1.8   2.1   0.8    47.5
         Count: Wait:      1.5e+05          146          146          146         1022           100.0   0.0   0.0   0.0     0.0
          Time: Recv:      46.8 ms    0.0457 ms    0.0278 ms     0.412 ms          803            96.0   2.8   0.9   0.3    88.9
          Time: Redu:      23.9 s       23.3 ms     0.412 ms        45 ms          947            22.0  18.4  37.1  22.6    48.2
          Time: Send:     0.547 s      0.534 ms     0.234 ms      1.43 ms          981            54.7  38.2   6.5   0.6    62.8
          Time: Test:      10.6 ms    0.0104 ms  3.49e+03 ns     0.165 ms          829            98.8   0.9   0.1   0.2    93.7
          Time: Wait:      20.1 s       19.7 ms       2.5 ms      49.4 ms           18            42.9  21.9  25.6   9.7    60.2
Volume Recv TOTAL   :      2.79 GB      2.79 MB      2.79 MB      2.79 MB            0            99.9   0.0   0.0   0.1     0.1
Volume Recv0: <= 64B:     1.02e+03            1            1            2            0            99.9   0.0   0.0   0.1    50.0
Volume Recv1: <= 4KB:     3.79e+04           37           37           42            0            99.9   0.0   0.0   0.1    11.9
Volume Recv2: <= 2MB:      4.3e+04           42           42           42         1022           100.0   0.0   0.0   0.0     0.0
Volume Send TOTAL   :      2.79 GB      2.79 MB      2.79 MB      2.79 MB         1022           100.0   0.0   0.0   0.0     0.0
Volume Send0: <= 64B:     2.05e+03            2            2            2         1022           100.0   0.0   0.0   0.0     0.0
Volume Send1: <= 4KB:      4.3e+04           42           42           42         1022           100.0   0.0   0.0   0.0     0.0
Volume Send2: <= 2MB:      4.3e+04           42           42           42         1022           100.0   0.0   0.0   0.0     0.0

Timestep 8       Time=8e-05       Next delT=1e-05       Wall Time=1.14821   EMA=0.117839    Memory Used=140.45 MBs (avg) 141.60 MBs (max on rank: 1008  )
Runtime Summary  summary stats for time step 8 at time=8e-05
  Description       Units       Minimum           Rank   Average (1024)    Std. Dev.         Maximum           Rank   100*(1-ave/max) '% load imbalance'
  TaskExec          [seconds] : 0.0540005       : 68   : 0.0835787       : 0.012546        : 0.100568        : 756  : 16.8934
  TaskLocalComm     [seconds] : 0.00990259      : 20   : 0.0129163       : 0.00104123      : 0.0200772       : 971  : 35.667
  TaskWaitCommTime  [seconds] : 0.00533         : 937  : 0.0223835       : 0.0126056       : 0.0518287       : 68   : 56.8126
  NumberOfTasks     [tasks  ] : 10              : 0    : 10              : 0               : 10              : 0    : 0
  NumberOfPatches   [patches] : 1               : 0    : 1               : 0               : 1               : 0    : 0
  NumberOfCells     [cells  ] : 32768           : 0    : 32768           : 0               : 32768           : 0    : 0
  SCIMemoryUsed     [MBytes ] : 1.39276e+08     : 479  : 1.40454e+08     : 358740          : 1.41599e+08     : 1008 : 0.80823
  SCIMemoryMaxUsed  [MBytes ] : 1.39276e+08     : 479  : 1.40454e+08     : 358740          : 1.41599e+08     : 1008 : 0.80823
  MemoryUsed        [MBytes ] : 6.36236e+08     : 131  : 6.52118e+08     : 5.8149e+06      : 6.7065e+08      : 992  : 2.76339
  MemoryResident    [MBytes ] : 1.39276e+08     : 479  : 1.40454e+08     : 358740          : 1.41599e+08     : 1008 : 0.80823
  Percentage of time spent in overhead : 2.47337

________________________________________________________________________________
--------------------------------------------------------------------------------
MPIStats:+
--------------------------------------------------------------------------------
                Name:       Total:         Avg:         Min:         Max:    Max rank: Hist %% [  Q1 |  Q2 |  Q3 |  Q4 ]:  %%Load Imbalance
         Count: Recv:     7.99e+04           78           78           78         1022           100.0   0.0   0.0   0.0     0.0
         Count: Redu:     8.19e+03            8            8            8         1022           100.0   0.0   0.0   0.0     0.0
         Count: Send:     7.99e+04           78           78           78         1022           100.0   0.0   0.0   0.0     0.0
         Count: Test:     1.08e+04         10.5           10           20         1023            94.2   2.6   2.3   0.8    47.4
         Count: Wait:      1.5e+05          146          146          146         1022           100.0   0.0   0.0   0.0     0.0
          Time: Recv:      49.5 ms    0.0483 ms    0.0272 ms     0.401 ms          409            95.1   2.2   1.8   0.9    88.0
          Time: Redu:      26.5 s       25.9 ms     0.305 ms      43.4 ms          372            10.4  18.2  40.9  30.5    40.3
          Time: Send:     0.517 s      0.505 ms     0.248 ms      1.35 ms          957            59.4  32.1   7.4   1.1    62.6
          Time: Test:      11.3 ms     0.011 ms  3.89e+03 ns     0.142 ms         1001            97.2   2.1   0.5   0.2    92.2
          Time: Wait:      19.6 s       19.1 ms         2 ms      46.6 ms          287            31.9  37.8  23.0   7.2    59.0
Volume Recv TOTAL   :      2.79 GB      2.79 MB      2.79 MB      2.79 MB            0            99.9   0.0   0.0   0.1     0.1
Volume Recv0: <= 64B:     1.02e+03            1            1            2            0            99.9   0.0   0.0   0.1    50.0
Volume Recv1: <= 4KB:     3.79e+04           37           37           42            0            99.9   0.0   0.0   0.1    11.9
Volume Recv2: <= 2MB:      4.3e+04           42           42           42         1022           100.0   0.0   0.0   0.0     0.0
Volume Send TOTAL   :      2.79 GB      2.79 MB      2.79 MB      2.79 MB         1022           100.0   0.0   0.0   0.0     0.0
Volume Send0: <= 64B:     2.05e+03            2            2            2         1022           100.0   0.0   0.0   0.0     0.0
Volume Send1: <= 4KB:      4.3e+04           42           42           42         1022           100.0   0.0   0.0   0.0     0.0
Volume Send2: <= 2MB:      4.3e+04           42           42           42         1022           100.0   0.0   0.0   0.0     0.0

Timestep 9       Time=9e-05       Next delT=1e-05       Wall Time=1.26269   EMA=0.117167    Memory Used=140.53 MBs (avg) 141.66 MBs (max on rank: 192   )
Runtime Summary  summary stats for time step 9 at time=9e-05
  Description       Units       Minimum           Rank   Average (1024)    Std. Dev.         Maximum           Rank   100*(1-ave/max) '% load imbalance'
  TaskExec          [seconds] : 0.0587775       : 256  : 0.0850266       : 0.010202        : 0.101407        : 925  : 16.153
  TaskLocalComm     [seconds] : 0.00983349      : 887  : 0.012812        : 0.0010337       : 0.0203524       : 915  : 37.0494
  TaskWaitCommTime  [seconds] : 0.00560967      : 509  : 0.0218868       : 0.0102486       : 0.0487429       : 880  : 55.0974
  NumberOfTasks     [tasks  ] : 10              : 0    : 10              : 0               : 10              : 0    : 0
  NumberOfPatches   [patches] : 1               : 0    : 1               : 0               : 1               : 0    : 0
  NumberOfCells     [cells  ] : 32768           : 0    : 32768           : 0               : 32768           : 0    : 0
  SCIMemoryUsed     [MBytes ] : 1.39276e+08     : 479  : 1.4053e+08      : 359985          : 1.4166e+08      : 192  : 0.797653
  SCIMemoryMaxUsed  [MBytes ] : 1.39276e+08     : 479  : 1.4053e+08      : 359985          : 1.4166e+08      : 192  : 0.797653
  MemoryUsed        [MBytes ] : 6.36236e+08     : 131  : 6.52134e+08     : 5.8008e+06      : 6.7065e+08      : 992  : 2.76089
  MemoryResident    [MBytes ] : 1.39276e+08     : 479  : 1.4053e+08      : 359985          : 1.4166e+08      : 192  : 0.797653
  Percentage of time spent in overhead : 2.19429

________________________________________________________________________________
--------------------------------------------------------------------------------
MPIStats:+
--------------------------------------------------------------------------------
                Name:       Total:         Avg:         Min:         Max:    Max rank: Hist %% [  Q1 |  Q2 |  Q3 |  Q4 ]:  %%Load Imbalance
         Count: Recv:     7.99e+04           78           78           78         1022           100.0   0.0   0.0   0.0     0.0
         Count: Redu:     8.19e+03            8            8            8         1022           100.0   0.0   0.0   0.0     0.0
         Count: Send:     7.99e+04           78           78           78         1022           100.0   0.0   0.0   0.0     0.0
         Count: Test:     1.08e+04         10.5           10           20         1023            94.8   2.2   2.1   0.8    47.4
         Count: Wait:      1.5e+05          146          146          146         1022           100.0   0.0   0.0   0.0     0.0
          Time: Recv:      44.6 ms    0.0436 ms    0.0279 ms     0.553 ms          482            97.9   1.5   0.4   0.2    92.1
          Time: Redu:      20.4 s       19.9 ms     0.312 ms      36.5 ms          927             8.0  38.4  33.6  20.0    45.5
          Time: Send:     0.513 s      0.501 ms     0.256 ms      1.32 ms         1009            59.2  32.4   6.7   1.7    62.0
          Time: Test:        11 ms    0.0107 ms  2.92e+03 ns     0.116 ms         1006            95.4   4.2   0.2   0.2    90.8
          Time: Wait:        15 s       14.6 ms      2.28 ms      46.6 ms          839            53.4  29.1  15.3   2.1    68.6
Volume Recv TOTAL   :      2.79 GB      2.79 MB      2.79 MB      2.79 MB            0            99.9   0.0   0.0   0.1     0.1
Volume Recv0: <= 64B:     1.02e+03            1            1            2            0            99.9   0.0   0.0   0.1    50.0
Volume Recv1: <= 4KB:     3.79e+04           37           37           42            0            99.9   0.0   0.0   0.1    11.9
Volume Recv2: <= 2MB:      4.3e+04           42           42           42         1022           100.0   0.0   0.0   0.0     0.0
Volume Send TOTAL   :      2.79 GB      2.79 MB      2.79 MB      2.79 MB         1022           100.0   0.0   0.0   0.0     0.0
Volume Send0: <= 64B:     2.05e+03            2            2            2         1022           100.0   0.0   0.0   0.0     0.0
Volume Send1: <= 4KB:      4.3e+04           42           42           42         1022           100.0   0.0   0.0   0.0     0.0
Volume Send2: <= 2MB:      4.3e+04           42           42           42         1022           100.0   0.0   0.0   0.0     0.0

Timestep 10      Time=0.0001      Next delT=1e-05       Wall Time=1.36905   EMA=0.115203    Memory Used=140.59 MBs (avg) 141.87 MBs (max on rank: 1008  )
Runtime Summary  summary stats for time step 10 at time=0.0001
  Description       Units       Minimum           Rank   Average (1024)    Std. Dev.         Maximum           Rank   100*(1-ave/max) '% load imbalance'
  TaskExec          [seconds] : 0.0510642       : 880  : 0.0812473       : 0.00937402      : 0.0930813       : 929  : 12.7136
  TaskLocalComm     [seconds] : 0.0105783       : 839  : 0.0129687       : 0.000949089     : 0.0199189       : 959  : 34.8926
  TaskWaitCommTime  [seconds] : 0.0051384       : 383  : 0.0174543       : 0.00937487      : 0.0484597       : 839  : 63.9818
  NumberOfTasks     [tasks  ] : 10              : 0    : 10              : 0               : 10              : 0    : 0
  NumberOfPatches   [patches] : 1               : 0    : 1               : 0               : 1               : 0    : 0
  NumberOfCells     [cells  ] : 32768           : 0    : 32768           : 0               : 32768           : 0    : 0
  SCIMemoryUsed     [MBytes ] : 1.39276e+08     : 479  : 1.40594e+08     : 383633          : 1.41869e+08     : 1008 : 0.89866
  SCIMemoryMaxUsed  [MBytes ] : 1.39276e+08     : 479  : 1.40594e+08     : 383633          : 1.41869e+08     : 1008 : 0.89866
  MemoryUsed        [MBytes ] : 6.36236e+08     : 131  : 6.52136e+08     : 5.79977e+06     : 6.7065e+08      : 992  : 2.76065
  MemoryResident    [MBytes ] : 1.39276e+08     : 479  : 1.40594e+08     : 383633          : 1.41869e+08     : 1008 : 0.89866
  Percentage of time spent in overhead : 1.96992
Sus: going down successfully
