Parallel: 1024 MPI processes (using MPI)
Parallel: MPI Level Required: 0, provided: 0
Date:       Thu Aug 25 16:46:41 2022
Machine:    notch175
git branch:wasatch-low-cost-integ-cmake
git date:   Sat Jul 30 10:34:22 2022 -0600
git hash:   9315f9f96fa6304db4fe79378b145f37ea40016d
Assertion level: 0
CFLAGS:          
CXXFLAGS:        
______________________________________________________________________
Application Component: 	'wasatch'

-------------------------------------------------------------
Wasatch was built against:
  SpatialOps HASH: bd7a2bac76e42e2cb528b02e2cf1291d05c71926
             DATE: Fri Nov 12 11:34:54 2021 -0700
     ExprLib HASH: d2950c77edb22e5f3669ddaaf2d2ed29ceb24d2c
             DATE: Thu Aug 5 12:26:26 2021 -0600
    TabProps HASH: eca0dc5f26b20d4f6b1cebe51b1ae97e11871e83
             DATE: Wed Aug 11 20:11:26 2021 -0600
-------------------------------------------------------------

Linear Solver: 		hypre
Load Balancer: 		Simple
Scheduler: 		MPI
Patch layout: 		(16,8,8)
Grid statistics:
Number of levels:		1
Level 0:
  Periodic boundaries:		[int 1, 1, 1]
  Number of patches:		1024
  Total number of cells:	33554432 (32768 avg. per patch)
Total patches in grid:		1024
Total cells in grid:		33554432 (32768 avg. per patch)

Using small, individual MPI messages (no message combining)
Detected solver: hypre
SETTING UP CONVECTIVE FLUX EXPRESSION IN X DIRECTION USING CENTRAL
SETTING UP CONVECTIVE FLUX EXPRESSION IN Y DIRECTION USING CENTRAL
SETTING UP CONVECTIVE FLUX EXPRESSION IN Z DIRECTION USING CENTRAL
Setting initial conditions for scalability test equation: scalability0
SETTING UP CONVECTIVE FLUX EXPRESSION IN X DIRECTION USING CENTRAL
SETTING UP CONVECTIVE FLUX EXPRESSION IN Y DIRECTION USING CENTRAL
SETTING UP CONVECTIVE FLUX EXPRESSION IN Z DIRECTION USING CENTRAL
Setting initial conditions for scalability test equation: scalability1
SETTING UP CONVECTIVE FLUX EXPRESSION IN X DIRECTION USING CENTRAL
SETTING UP CONVECTIVE FLUX EXPRESSION IN Y DIRECTION USING CENTRAL
SETTING UP CONVECTIVE FLUX EXPRESSION IN Z DIRECTION USING CENTRAL
Setting initial conditions for scalability test equation: scalability2
SETTING UP CONVECTIVE FLUX EXPRESSION IN X DIRECTION USING CENTRAL
SETTING UP CONVECTIVE FLUX EXPRESSION IN Y DIRECTION USING CENTRAL
SETTING UP CONVECTIVE FLUX EXPRESSION IN Z DIRECTION USING CENTRAL
Setting initial conditions for scalability test equation: scalability3
SETTING UP CONVECTIVE FLUX EXPRESSION IN X DIRECTION USING CENTRAL
SETTING UP CONVECTIVE FLUX EXPRESSION IN Y DIRECTION USING CENTRAL
SETTING UP CONVECTIVE FLUX EXPRESSION IN Z DIRECTION USING CENTRAL
Setting initial conditions for scalability test equation: scalability4
------------------------------------------------
No BoundaryConditions specified
  This message will only occur once

Compiling initialization taskgraph.
------------------------------------------------
SETTING INITIAL BOUNDARY CONDITIONS:
------------------------------------------------
Setting Initial BCs for transport equation 'scalability0'
Setting Initial BCs for transport equation 'scalability1'
Setting Initial BCs for transport equation 'scalability2'
Setting Initial BCs for transport equation 'scalability3'
Setting Initial BCs for transport equation 'scalability4'
------------------------------------------------
Wasatch: done creating initialization task(s)
Scheduling Task 'compute timestep' COMPUTES 'delT' in NEW data warehouse
Wasatch: done creating timestep task(s)
Done with taskgraph compile (0.000210832 seconds)
Warning: addContribution not implemented for LoadBalancerCommon.
WARNING at time step 0 and sim time 0 : lowering the next delT from 1 to the maximum: 1e-05

________________________________________________________________________________
--------------------------------------------------------------------------------
MPIStats:+
--------------------------------------------------------------------------------
                Name:       Total:         Avg:         Min:         Max:    Max rank: Hist %% [  Q1 |  Q2 |  Q3 |  Q4 ]:  %%Load Imbalance
         Count: Comm:     1.02e+03            1            1            1         1022           100.0   0.0   0.0   0.0     0.0
         Count: Gath:     2.05e+03            2            2            2         1022           100.0   0.0   0.0   0.0     0.0
         Count: Redu:     1.02e+03            1            1            1         1022           100.0   0.0   0.0   0.0     0.0
          Time: Comm:      8.54 s       8.34 ms      4.28 ms      13.3 ms          707            30.8  18.6  36.6  14.1    37.1
          Time: Gath:      79.6 s       77.8 ms      13.8 ms     0.134 s           360            18.8  27.8  25.9  27.5    42.1
          Time: Redu:      19.4 s       18.9 ms     0.186 ms      24.7 ms          411             1.2   7.3  22.0  69.5    23.4
Volume Recv TOTAL   :      7.29 MB      7.29 KB      7.29 KB      7.29 KB         1022           100.0   0.0   0.0   0.0     0.0
Volume Recv0: <= 64B:     1.02e+03            1            1            1         1022           100.0   0.0   0.0   0.0     0.0
Volume Recv1: <= 4KB:     1.02e+03            1            1            1         1022           100.0   0.0   0.0   0.0     0.0
Volume Recv2: <= 2MB:     1.02e+03            1            1            1         1022           100.0   0.0   0.0   0.0     0.0
Volume Send TOTAL   :       272 KB    272.031 B        269 B        273 B          774            24.2   0.0   0.0  75.8     0.4
Volume Send0: <= 64B:     2.05e+03            2            2            2         1022           100.0   0.0   0.0   0.0     0.0
Volume Send1: <= 4KB:     1.02e+03            1            1            1         1022           100.0   0.0   0.0   0.0     0.0


Simulation and run time stats are reported at the end of each time step
EMA == Wall time as an exponential moving average using a window of the last 10 time steps
Timestep 0       Time=0           Next delT=1e-05       Wall Time=0.138735  EMA=0.138105    Memory Used=117.34 MBs (avg) 118.38 MBs (max on rank: 631   )
Warning: finalizeContributions not implemented for LoadBalancerCommon.
Warning: resetCostForecaster not implemented for LoadBalancerCommon.
Compiling taskgraph(s)...
------------------------------------------------
SETTING BOUNDARY CONDITIONS:
------------------------------------------------
Setting BCs for transport equation 'scalability0'
Setting BCs for transport equation 'scalability1'
Setting BCs for transport equation 'scalability2'
Setting BCs for transport equation 'scalability3'
Setting BCs for transport equation 'scalability4'
------------------------------------------------
Wasatch: done creating solution task(s)
Wasatch: done creating post-processing task(s)
Scheduling Task 'compute timestep' COMPUTES 'delT' in NEW data warehouse
Wasatch: done creating timestep task(s)
Done with taskgraph compile (0.016743 seconds)

________________________________________________________________________________
--------------------------------------------------------------------------------
MPIStats:+
--------------------------------------------------------------------------------
                Name:       Total:         Avg:         Min:         Max:    Max rank: Hist %% [  Q1 |  Q2 |  Q3 |  Q4 ]:  %%Load Imbalance
         Count: Recv:     2.66e+04           26           26           26         1022           100.0   0.0   0.0   0.0     0.0
         Count: Redu:     8.19e+03            8            8            8         1022           100.0   0.0   0.0   0.0     0.0
         Count: Send:     2.66e+04           26           26           26         1022           100.0   0.0   0.0   0.0     0.0
         Count: Test:     6.24e+03         6.09            6           12         1023            98.5   0.7   0.1   0.7    49.2
         Count: Wait:     4.71e+04           46           46           46         1022           100.0   0.0   0.0   0.0     0.0
          Time: Recv:        12 ms    0.0117 ms  7.97e+03 ns    0.0572 ms         1023            98.8   0.8   0.3   0.1    79.6
          Time: Redu:      20.3 s       19.8 ms     0.402 ms      31.2 ms          372            11.6  16.3  37.3  34.8    36.3
          Time: Send:     0.924 s      0.902 ms     0.671 ms      1.22 ms          523             9.4  63.2  26.2   1.3    26.1
          Time: Test:      7.57 ms  7.39e+03 ns  2.95e+03 ns     0.332 ms          983            99.3   0.4   0.1   0.2    97.8
          Time: Wait:      10.9 s       10.6 ms     0.157 ms      30.8 ms          655            62.7   3.2  16.8  17.3    65.5
Volume Recv TOTAL   :       256 MB       256 KB       256 KB       258 KB            0            99.9   0.0   0.0   0.1     0.8
Volume Recv0: <= 64B:     9.22e+03            9            9           10            0            99.9   0.0   0.0   0.1    10.0
Volume Recv1: <= 4KB:     1.33e+04           13           13           18            0            99.9   0.0   0.0   0.1    27.8
Volume Recv2: <= 2MB:     6.14e+03            6            6            6         1022           100.0   0.0   0.0   0.0     0.0
Volume Send TOTAL   :       258 MB       258 KB       258 KB       258 KB         1022           100.0   0.0   0.0   0.0     0.0
Volume Send0: <= 64B:     1.02e+04           10           10           10         1022           100.0   0.0   0.0   0.0     0.0
Volume Send1: <= 4KB:     1.84e+04           18           18           18         1022           100.0   0.0   0.0   0.0     0.0
Volume Send2: <= 2MB:     6.14e+03            6            6            6         1022           100.0   0.0   0.0   0.0     0.0

Timestep 1       Time=1e-05       Next delT=1e-05       Wall Time=0.193572  EMA=0.0547868   Memory Used=122.59 MBs (avg) 125.20 MBs (max on rank: 42    )
Runtime Summary  summary stats for time step 1 at time=1e-05
  Description       Units       Minimum           Rank   Average (1024)    Std. Dev.         Maximum           Rank   100*(1-ave/max) '% load imbalance'
  Compilation       [seconds] : 0.00654464      : 408  : 0.0085676       : 0.0015051       : 0.016743        : 0    : 48.8289
  TaskExec          [seconds] : 0.0143402       : 655  : 0.0342896       : 0.0099157       : 0.0459811       : 422  : 25.4267
  TaskLocalComm     [seconds] : 0.00135085      : 672  : 0.00174183      : 0.000147149     : 0.00238394      : 968  : 26.9349
  TaskWaitCommTime  [seconds] : 0.000240373     : 763  : 0.0107571       : 0.0100003       : 0.0313818       : 655  : 65.7218
  NumberOfTasks     [tasks  ] : 6               : 0    : 6               : 0               : 6               : 0    : 0
  NumberOfPatches   [patches] : 1               : 0    : 1               : 0               : 1               : 0    : 0
  NumberOfCells     [cells  ] : 32768           : 0    : 32768           : 0               : 32768           : 0    : 0
  SCIMemoryUsed     [MBytes ] : 1.21389e+08     : 325  : 1.22586e+08     : 397551          : 1.25198e+08     : 42   : 2.08681
  SCIMemoryMaxUsed  [MBytes ] : 1.21389e+08     : 325  : 1.22586e+08     : 397551          : 1.25198e+08     : 42   : 2.08681
  MemoryUsed        [MBytes ] : 6.15043e+08     : 1    : 6.34783e+08     : 6.42499e+06     : 6.53533e+08     : 288  : 2.86903
  MemoryResident    [MBytes ] : 1.21389e+08     : 325  : 1.22586e+08     : 397551          : 1.25198e+08     : 42   : 2.08681
  Percentage of time spent in overhead : 15.4772

________________________________________________________________________________
--------------------------------------------------------------------------------
MPIStats:+
--------------------------------------------------------------------------------
                Name:       Total:         Avg:         Min:         Max:    Max rank: Hist %% [  Q1 |  Q2 |  Q3 |  Q4 ]:  %%Load Imbalance
         Count: Recv:     2.66e+04           26           26           26         1022           100.0   0.0   0.0   0.0     0.0
         Count: Redu:     8.19e+03            8            8            8         1022           100.0   0.0   0.0   0.0     0.0
         Count: Send:     2.66e+04           26           26           26         1022           100.0   0.0   0.0   0.0     0.0
         Count: Test:     6.24e+03          6.1            6           12         1023            98.4   0.8   0.0   0.8    49.2
         Count: Wait:     4.71e+04           46           46           46         1022           100.0   0.0   0.0   0.0     0.0
          Time: Recv:      10.9 ms    0.0107 ms   6.7e+03 ns    0.0403 ms          146            90.6   6.5   2.0   0.9    73.5
          Time: Redu:      15.2 s       14.9 ms     0.339 ms      22.7 ms          337             7.7  22.0  30.3  40.0    34.6
          Time: Send:      0.34 s      0.332 ms    0.0701 ms     0.677 ms          920             9.9  62.7  22.7   4.8    50.9
          Time: Test:      3.58 ms   3.5e+03 ns   1.2e+03 ns     0.292 ms          967            99.8   0.0   0.0   0.2    98.8
          Time: Wait:      5.48 s       5.35 ms     0.134 ms      16.4 ms          455            52.8   6.3  29.9  10.9    67.5
Volume Recv TOTAL   :       256 MB       256 KB       256 KB       258 KB            0            99.9   0.0   0.0   0.1     0.8
Volume Recv0: <= 64B:     9.22e+03            9            9           10            0            99.9   0.0   0.0   0.1    10.0
Volume Recv1: <= 4KB:     1.33e+04           13           13           18            0            99.9   0.0   0.0   0.1    27.8
Volume Recv2: <= 2MB:     6.14e+03            6            6            6         1022           100.0   0.0   0.0   0.0     0.0
Volume Send TOTAL   :       258 MB       258 KB       258 KB       258 KB         1022           100.0   0.0   0.0   0.0     0.0
Volume Send0: <= 64B:     1.02e+04           10           10           10         1022           100.0   0.0   0.0   0.0     0.0
Volume Send1: <= 4KB:     1.84e+04           18           18           18         1022           100.0   0.0   0.0   0.0     0.0
Volume Send2: <= 2MB:     6.14e+03            6            6            6         1022           100.0   0.0   0.0   0.0     0.0

Timestep 2       Time=2e-05       Next delT=1e-05       Wall Time=0.224077  EMA=0.0386002   Memory Used=123.76 MBs (avg) 126.26 MBs (max on rank: 42    )
Runtime Summary  summary stats for time step 2 at time=2e-05
  Description       Units       Minimum           Rank   Average (1024)    Std. Dev.         Maximum           Rank   100*(1-ave/max) '% load imbalance'
  TaskExec          [seconds] : 0.0129801       : 502  : 0.0240447       : 0.00529372      : 0.0293899       : 948  : 18.1871
  TaskLocalComm     [seconds] : 0.000861771     : 993  : 0.00133479      : 0.000174223     : 0.00219311      : 523  : 39.1374
  TaskWaitCommTime  [seconds] : 0.000256348     : 1009 : 0.00551171      : 0.00529964      : 0.0166834       : 502  : 66.9629
  NumberOfTasks     [tasks  ] : 6               : 0    : 6               : 0               : 6               : 0    : 0
  NumberOfPatches   [patches] : 1               : 0    : 1               : 0               : 1               : 0    : 0
  NumberOfCells     [cells  ] : 32768           : 0    : 32768           : 0               : 32768           : 0    : 0
  SCIMemoryUsed     [MBytes ] : 1.22573e+08     : 325  : 1.23756e+08     : 387246          : 1.26259e+08     : 42   : 1.98297
  SCIMemoryMaxUsed  [MBytes ] : 1.22573e+08     : 325  : 1.23756e+08     : 387246          : 1.26259e+08     : 42   : 1.98297
  MemoryUsed        [MBytes ] : 6.16022e+08     : 385  : 6.35804e+08     : 6.39127e+06     : 6.54512e+08     : 32   : 2.85834
  MemoryResident    [MBytes ] : 1.22573e+08     : 325  : 1.23756e+08     : 387246          : 1.26259e+08     : 42   : 1.98297
  Percentage of time spent in overhead : 7.73855

________________________________________________________________________________
--------------------------------------------------------------------------------
MPIStats:+
--------------------------------------------------------------------------------
                Name:       Total:         Avg:         Min:         Max:    Max rank: Hist %% [  Q1 |  Q2 |  Q3 |  Q4 ]:  %%Load Imbalance
         Count: Recv:     2.66e+04           26           26           26         1022           100.0   0.0   0.0   0.0     0.0
         Count: Redu:     8.19e+03            8            8            8         1022           100.0   0.0   0.0   0.0     0.0
         Count: Send:     2.66e+04           26           26           26         1022           100.0   0.0   0.0   0.0     0.0
         Count: Test:     6.24e+03         6.09            6           12         1023            98.5   0.7   0.1   0.7    49.2
         Count: Wait:     4.71e+04           46           46           46         1022           100.0   0.0   0.0   0.0     0.0
          Time: Recv:      11.7 ms    0.0115 ms  7.73e+03 ns    0.0502 ms         1016            94.7   4.6   0.4   0.3    77.2
          Time: Redu:      15.1 s       14.7 ms     0.315 ms      21.8 ms          867             6.0  20.2  30.5  43.4    32.4
          Time: Send:     0.185 s       0.18 ms    0.0524 ms     0.446 ms          265            41.4  35.0  20.6   3.0    59.6
          Time: Test:      3.12 ms  3.05e+03 ns  1.16e+03 ns    0.0542 ms         1023            99.2   0.6   0.1   0.1    94.4
          Time: Wait:      5.08 s       4.96 ms      0.13 ms      16.4 ms          324            51.2  17.9  25.7   5.3    69.7
Volume Recv TOTAL   :       256 MB       256 KB       256 KB       258 KB            0            99.9   0.0   0.0   0.1     0.8
Volume Recv0: <= 64B:     9.22e+03            9            9           10            0            99.9   0.0   0.0   0.1    10.0
Volume Recv1: <= 4KB:     1.33e+04           13           13           18            0            99.9   0.0   0.0   0.1    27.8
Volume Recv2: <= 2MB:     6.14e+03            6            6            6         1022           100.0   0.0   0.0   0.0     0.0
Volume Send TOTAL   :       258 MB       258 KB       258 KB       258 KB         1022           100.0   0.0   0.0   0.0     0.0
Volume Send0: <= 64B:     1.02e+04           10           10           10         1022           100.0   0.0   0.0   0.0     0.0
Volume Send1: <= 4KB:     1.84e+04           18           18           18         1022           100.0   0.0   0.0   0.0     0.0
Volume Send2: <= 2MB:     6.14e+03            6            6            6         1022           100.0   0.0   0.0   0.0     0.0

Timestep 3       Time=3e-05       Next delT=1e-05       Wall Time=0.252906  EMA=0.0337149   Memory Used=125.36 MBs (avg) 126.41 MBs (max on rank: 736   )
Runtime Summary  summary stats for time step 3 at time=3e-05
  Description       Units       Minimum           Rank   Average (1024)    Std. Dev.         Maximum           Rank   100*(1-ave/max) '% load imbalance'
  TaskExec          [seconds] : 0.0110644       : 324  : 0.0224612       : 0.00492446      : 0.0273736       : 902  : 17.9456
  TaskLocalComm     [seconds] : 0.000814523     : 660  : 0.00122678      : 0.000167172     : 0.00193474      : 1010 : 36.5919
  TaskWaitCommTime  [seconds] : 0.000247901     : 908  : 0.0051267       : 0.00494259      : 0.0166023       : 324  : 69.1205
  NumberOfTasks     [tasks  ] : 6               : 0    : 6               : 0               : 6               : 0    : 0
  NumberOfPatches   [patches] : 1               : 0    : 1               : 0               : 1               : 0    : 0
  NumberOfCells     [cells  ] : 32768           : 0    : 32768           : 0               : 32768           : 0    : 0
  SCIMemoryUsed     [MBytes ] : 1.24084e+08     : 121  : 1.25359e+08     : 326678          : 1.26407e+08     : 736  : 0.828535
  SCIMemoryMaxUsed  [MBytes ] : 1.24084e+08     : 121  : 1.25359e+08     : 326678          : 1.26407e+08     : 736  : 0.828535
  MemoryUsed        [MBytes ] : 6.17595e+08     : 1    : 6.37339e+08     : 6.39051e+06     : 6.56085e+08     : 32   : 2.8572
  MemoryResident    [MBytes ] : 1.24084e+08     : 121  : 1.25359e+08     : 326678          : 1.26407e+08     : 736  : 0.828535
  Percentage of time spent in overhead : 5.15867

________________________________________________________________________________
--------------------------------------------------------------------------------
MPIStats:+
--------------------------------------------------------------------------------
                Name:       Total:         Avg:         Min:         Max:    Max rank: Hist %% [  Q1 |  Q2 |  Q3 |  Q4 ]:  %%Load Imbalance
         Count: Recv:     2.66e+04           26           26           26         1022           100.0   0.0   0.0   0.0     0.0
         Count: Redu:     8.19e+03            8            8            8         1022           100.0   0.0   0.0   0.0     0.0
         Count: Send:     2.66e+04           26           26           26         1022           100.0   0.0   0.0   0.0     0.0
         Count: Test:     6.24e+03          6.1            6           13         1017            98.5   0.7   0.6   0.2    53.1
         Count: Wait:     4.71e+04           46           46           46         1022           100.0   0.0   0.0   0.0     0.0
          Time: Recv:        11 ms    0.0107 ms  7.34e+03 ns    0.0699 ms          970            98.1   1.3   0.5   0.1    84.6
          Time: Redu:      14.3 s         14 ms     0.285 ms      21.1 ms          866             4.5  21.8  34.4  39.4    33.5
          Time: Send:     0.155 s      0.151 ms    0.0511 ms     0.384 ms          646            56.3  17.4  22.5   3.8    60.6
          Time: Test:      3.32 ms  3.24e+03 ns  1.15e+03 ns    0.0381 ms          967            97.9   1.3   0.6   0.2    91.5
          Time: Wait:      4.86 s       4.75 ms     0.107 ms      13.5 ms          669            49.8   9.6  23.9  16.7    64.8
Volume Recv TOTAL   :       256 MB       256 KB       256 KB       258 KB            0            99.9   0.0   0.0   0.1     0.8
Volume Recv0: <= 64B:     9.22e+03            9            9           10            0            99.9   0.0   0.0   0.1    10.0
Volume Recv1: <= 4KB:     1.33e+04           13           13           18            0            99.9   0.0   0.0   0.1    27.8
Volume Recv2: <= 2MB:     6.14e+03            6            6            6         1022           100.0   0.0   0.0   0.0     0.0
Volume Send TOTAL   :       258 MB       258 KB       258 KB       258 KB         1022           100.0   0.0   0.0   0.0     0.0
Volume Send0: <= 64B:     1.02e+04           10           10           10         1022           100.0   0.0   0.0   0.0     0.0
Volume Send1: <= 4KB:     1.84e+04           18           18           18         1022           100.0   0.0   0.0   0.0     0.0
Volume Send2: <= 2MB:     6.14e+03            6            6            6         1022           100.0   0.0   0.0   0.0     0.0

Timestep 4       Time=4e-05       Next delT=1e-05       Wall Time=0.280754  EMA=0.0313679   Memory Used=124.52 MBs (avg) 126.39 MBs (max on rank: 42    )
Runtime Summary  summary stats for time step 4 at time=4e-05
  Description       Units       Minimum           Rank   Average (1024)    Std. Dev.         Maximum           Rank   100*(1-ave/max) '% load imbalance'
  TaskExec          [seconds] : 0.0128351       : 669  : 0.0215909       : 0.00456546      : 0.0261791       : 953  : 17.5263
  TaskLocalComm     [seconds] : 0.000873903     : 511  : 0.00121877      : 0.000167419     : 0.0020011       : 726  : 39.0951
  TaskWaitCommTime  [seconds] : 0.00022647      : 913  : 0.00492259      : 0.0045832       : 0.0137712       : 669  : 64.2545
  NumberOfTasks     [tasks  ] : 6               : 0    : 6               : 0               : 6               : 0    : 0
  NumberOfPatches   [patches] : 1               : 0    : 1               : 0               : 1               : 0    : 0
  NumberOfCells     [cells  ] : 32768           : 0    : 32768           : 0               : 32768           : 0    : 0
  SCIMemoryUsed     [MBytes ] : 1.23339e+08     : 325  : 1.24519e+08     : 355782          : 1.26386e+08     : 42   : 1.47747
  SCIMemoryMaxUsed  [MBytes ] : 1.23339e+08     : 325  : 1.24519e+08     : 355782          : 1.26386e+08     : 42   : 1.47747
  MemoryUsed        [MBytes ] : 6.16653e+08     : 1    : 6.36424e+08     : 6.38981e+06     : 6.55139e+08     : 32   : 2.85666
  MemoryResident    [MBytes ] : 1.23339e+08     : 325  : 1.24519e+08     : 355782          : 1.26386e+08     : 42   : 1.47747
  Percentage of time spent in overhead : 3.86822

________________________________________________________________________________
--------------------------------------------------------------------------------
MPIStats:+
--------------------------------------------------------------------------------
                Name:       Total:         Avg:         Min:         Max:    Max rank: Hist %% [  Q1 |  Q2 |  Q3 |  Q4 ]:  %%Load Imbalance
         Count: Recv:     2.66e+04           26           26           26         1022           100.0   0.0   0.0   0.0     0.0
         Count: Redu:     8.19e+03            8            8            8         1022           100.0   0.0   0.0   0.0     0.0
         Count: Send:     2.66e+04           26           26           26         1022           100.0   0.0   0.0   0.0     0.0
         Count: Test:     6.24e+03          6.1            6           13         1017            98.4   0.8   0.6   0.2    53.1
         Count: Wait:     4.71e+04           46           46           46         1022           100.0   0.0   0.0   0.0     0.0
          Time: Recv:      12.3 ms     0.012 ms  8.03e+03 ns    0.0611 ms          961            96.9   2.6   0.4   0.1    80.3
          Time: Redu:      11.3 s         11 ms     0.323 ms      19.4 ms          843            17.3  17.6  36.5  28.6    43.0
          Time: Send:     0.157 s      0.153 ms    0.0517 ms     0.485 ms          701            67.2  19.3  11.7   1.8    68.4
          Time: Test:      3.19 ms  3.12e+03 ns  1.05e+03 ns    0.0327 ms          967            97.9   1.3   0.4   0.5    90.5
          Time: Wait:      5.34 s       5.22 ms     0.129 ms      16.6 ms          512            54.6   8.4  23.8  13.2    68.6
Volume Recv TOTAL   :       256 MB       256 KB       256 KB       258 KB            0            99.9   0.0   0.0   0.1     0.8
Volume Recv0: <= 64B:     9.22e+03            9            9           10            0            99.9   0.0   0.0   0.1    10.0
Volume Recv1: <= 4KB:     1.33e+04           13           13           18            0            99.9   0.0   0.0   0.1    27.8
Volume Recv2: <= 2MB:     6.14e+03            6            6            6         1022           100.0   0.0   0.0   0.0     0.0
Volume Send TOTAL   :       258 MB       258 KB       258 KB       258 KB         1022           100.0   0.0   0.0   0.0     0.0
Volume Send0: <= 64B:     1.02e+04           10           10           10         1022           100.0   0.0   0.0   0.0     0.0
Volume Send1: <= 4KB:     1.84e+04           18           18           18         1022           100.0   0.0   0.0   0.0     0.0
Volume Send2: <= 2MB:     6.14e+03            6            6            6         1022           100.0   0.0   0.0   0.0     0.0

Timestep 5       Time=5e-05       Next delT=1e-05       Wall Time=0.307307  EMA=0.0297629   Memory Used=125.49 MBs (avg) 126.60 MBs (max on rank: 736   )
Runtime Summary  summary stats for time step 5 at time=5e-05
  Description       Units       Minimum           Rank   Average (1024)    Std. Dev.         Maximum           Rank   100*(1-ave/max) '% load imbalance'
  TaskExec          [seconds] : 0.00847079      : 392  : 0.0198826       : 0.00536433      : 0.024871        : 948  : 20.0573
  TaskLocalComm     [seconds] : 0.000882638     : 535  : 0.00132219      : 0.000195953     : 0.0021951       : 652  : 39.7664
  TaskWaitCommTime  [seconds] : 0.000266947     : 1009 : 0.00539607      : 0.00538187      : 0.0168741       : 392  : 68.0215
  NumberOfTasks     [tasks  ] : 6               : 0    : 6               : 0               : 6               : 0    : 0
  NumberOfPatches   [patches] : 1               : 0    : 1               : 0               : 1               : 0    : 0
  NumberOfCells     [cells  ] : 32768           : 0    : 32768           : 0               : 32768           : 0    : 0
  SCIMemoryUsed     [MBytes ] : 1.24244e+08     : 121  : 1.25493e+08     : 336638          : 1.26603e+08     : 736  : 0.877349
  SCIMemoryMaxUsed  [MBytes ] : 1.24244e+08     : 121  : 1.25493e+08     : 336638          : 1.26603e+08     : 736  : 0.877349
  MemoryUsed        [MBytes ] : 6.17595e+08     : 1    : 6.37339e+08     : 6.39051e+06     : 6.56085e+08     : 32   : 2.8572
  MemoryResident    [MBytes ] : 1.24244e+08     : 121  : 1.25493e+08     : 336638          : 1.26603e+08     : 736  : 0.877349
  Percentage of time spent in overhead : 3.09332

________________________________________________________________________________
--------------------------------------------------------------------------------
MPIStats:+
--------------------------------------------------------------------------------
                Name:       Total:         Avg:         Min:         Max:    Max rank: Hist %% [  Q1 |  Q2 |  Q3 |  Q4 ]:  %%Load Imbalance
         Count: Recv:     2.66e+04           26           26           26         1022           100.0   0.0   0.0   0.0     0.0
         Count: Redu:     8.19e+03            8            8            8         1022           100.0   0.0   0.0   0.0     0.0
         Count: Send:     2.66e+04           26           26           26         1022           100.0   0.0   0.0   0.0     0.0
         Count: Test:     6.24e+03          6.1            6           12         1023            98.4   0.7   0.2   0.7    49.2
         Count: Wait:     4.71e+04           46           46           46         1022           100.0   0.0   0.0   0.0     0.0
          Time: Recv:      10.8 ms    0.0106 ms  7.59e+03 ns    0.0423 ms         1022            95.0   3.7   0.7   0.6    75.0
          Time: Redu:      11.4 s       11.2 ms     0.272 ms      17.6 ms          850             8.9  21.0  30.4  39.7    36.7
          Time: Send:     0.132 s      0.129 ms    0.0493 ms     0.382 ms          307            72.0  10.1  15.0   2.9    66.3
          Time: Test:      3.28 ms   3.2e+03 ns  1.29e+03 ns    0.0406 ms         1021            98.3   1.0   0.6   0.1    92.1
          Time: Wait:      4.23 s       4.14 ms     0.101 ms      14.3 ms          658            59.6   6.6  23.2  10.5    71.1
Volume Recv TOTAL   :       256 MB       256 KB       256 KB       258 KB            0            99.9   0.0   0.0   0.1     0.8
Volume Recv0: <= 64B:     9.22e+03            9            9           10            0            99.9   0.0   0.0   0.1    10.0
Volume Recv1: <= 4KB:     1.33e+04           13           13           18            0            99.9   0.0   0.0   0.1    27.8
Volume Recv2: <= 2MB:     6.14e+03            6            6            6         1022           100.0   0.0   0.0   0.0     0.0
Volume Send TOTAL   :       258 MB       258 KB       258 KB       258 KB         1022           100.0   0.0   0.0   0.0     0.0
Volume Send0: <= 64B:     1.02e+04           10           10           10         1022           100.0   0.0   0.0   0.0     0.0
Volume Send1: <= 4KB:     1.84e+04           18           18           18         1022           100.0   0.0   0.0   0.0     0.0
Volume Send2: <= 2MB:     6.14e+03            6            6            6         1022           100.0   0.0   0.0   0.0     0.0

Timestep 6       Time=6e-05       Next delT=1e-05       Wall Time=0.331793  EMA=0.0282551   Memory Used=124.63 MBs (avg) 126.48 MBs (max on rank: 42    )
Runtime Summary  summary stats for time step 6 at time=6e-05
  Description       Units       Minimum           Rank   Average (1024)    Std. Dev.         Maximum           Rank   100*(1-ave/max) '% load imbalance'
  TaskExec          [seconds] : 0.00868881      : 654  : 0.0189058       : 0.00455593      : 0.022848        : 950  : 17.2542
  TaskLocalComm     [seconds] : 0.000884983     : 698  : 0.00119929      : 0.000145701     : 0.00197277      : 652  : 39.2077
  TaskWaitCommTime  [seconds] : 0.000223791     : 652  : 0.0043074       : 0.00456763      : 0.0146048       : 658  : 70.5069
  NumberOfTasks     [tasks  ] : 6               : 0    : 6               : 0               : 6               : 0    : 0
  NumberOfPatches   [patches] : 1               : 0    : 1               : 0               : 1               : 0    : 0
  NumberOfCells     [cells  ] : 32768           : 0    : 32768           : 0               : 32768           : 0    : 0
  SCIMemoryUsed     [MBytes ] : 1.23408e+08     : 325  : 1.24626e+08     : 367708          : 1.26476e+08     : 42   : 1.46298
  SCIMemoryMaxUsed  [MBytes ] : 1.23408e+08     : 325  : 1.24626e+08     : 367708          : 1.26476e+08     : 42   : 1.46298
  MemoryUsed        [MBytes ] : 6.16653e+08     : 1    : 6.36424e+08     : 6.38981e+06     : 6.55139e+08     : 32   : 2.85666
  MemoryResident    [MBytes ] : 1.23408e+08     : 325  : 1.24626e+08     : 367708          : 1.26476e+08     : 42   : 1.46298
  Percentage of time spent in overhead : 2.57601

________________________________________________________________________________
--------------------------------------------------------------------------------
MPIStats:+
--------------------------------------------------------------------------------
                Name:       Total:         Avg:         Min:         Max:    Max rank: Hist %% [  Q1 |  Q2 |  Q3 |  Q4 ]:  %%Load Imbalance
         Count: Recv:     2.66e+04           26           26           26         1022           100.0   0.0   0.0   0.0     0.0
         Count: Redu:     8.19e+03            8            8            8         1022           100.0   0.0   0.0   0.0     0.0
         Count: Send:     2.66e+04           26           26           26         1022           100.0   0.0   0.0   0.0     0.0
         Count: Test:     6.24e+03         6.09            6           12         1023            98.5   0.7   0.1   0.7    49.2
         Count: Wait:     4.71e+04           46           46           46         1022           100.0   0.0   0.0   0.0     0.0
          Time: Recv:      11.4 ms    0.0111 ms   8.1e+03 ns    0.0459 ms          961            94.9   4.3   0.6   0.2    75.7
          Time: Redu:      9.99 s       9.75 ms     0.339 ms      16.2 ms          865            14.4  16.9  31.2  37.6    39.7
          Time: Send:     0.125 s      0.122 ms    0.0524 ms     0.371 ms           45            74.7  10.4  12.1   2.8    67.1
          Time: Test:      3.14 ms  3.07e+03 ns  1.06e+03 ns    0.0255 ms         1011            96.7   2.6   0.5   0.2    88.0
          Time: Wait:      3.99 s        3.9 ms    0.0955 ms        15 ms          307            60.9   9.5  25.3   4.3    74.0
Volume Recv TOTAL   :       256 MB       256 KB       256 KB       258 KB            0            99.9   0.0   0.0   0.1     0.8
Volume Recv0: <= 64B:     9.22e+03            9            9           10            0            99.9   0.0   0.0   0.1    10.0
Volume Recv1: <= 4KB:     1.33e+04           13           13           18            0            99.9   0.0   0.0   0.1    27.8
Volume Recv2: <= 2MB:     6.14e+03            6            6            6         1022           100.0   0.0   0.0   0.0     0.0
Volume Send TOTAL   :       258 MB       258 KB       258 KB       258 KB         1022           100.0   0.0   0.0   0.0     0.0
Volume Send0: <= 64B:     1.02e+04           10           10           10         1022           100.0   0.0   0.0   0.0     0.0
Volume Send1: <= 4KB:     1.84e+04           18           18           18         1022           100.0   0.0   0.0   0.0     0.0
Volume Send2: <= 2MB:     6.14e+03            6            6            6         1022           100.0   0.0   0.0   0.0     0.0

Timestep 7       Time=7e-05       Next delT=1e-05       Wall Time=0.354997  EMA=0.0269922   Memory Used=125.59 MBs (avg) 126.84 MBs (max on rank: 736   )
Runtime Summary  summary stats for time step 7 at time=7e-05
  Description       Units       Minimum           Rank   Average (1024)    Std. Dev.         Maximum           Rank   100*(1-ave/max) '% load imbalance'
  TaskExec          [seconds] : 0.00682352      : 308  : 0.0178879       : 0.00438838      : 0.0215699       : 911  : 17.0699
  TaskLocalComm     [seconds] : 0.000893104     : 617  : 0.00118978      : 0.000140061     : 0.00196359      : 680  : 39.4077
  TaskWaitCommTime  [seconds] : 0.000210601     : 829  : 0.00407109      : 0.00440264      : 0.0152179       : 309  : 73.248
  NumberOfTasks     [tasks  ] : 6               : 0    : 6               : 0               : 6               : 0    : 0
  NumberOfPatches   [patches] : 1               : 0    : 1               : 0               : 1               : 0    : 0
  NumberOfCells     [cells  ] : 32768           : 0    : 32768           : 0               : 32768           : 0    : 0
  SCIMemoryUsed     [MBytes ] : 1.2435e+08      : 121  : 1.25593e+08     : 349848          : 1.26841e+08     : 736  : 0.983932
  SCIMemoryMaxUsed  [MBytes ] : 1.2435e+08      : 121  : 1.25593e+08     : 349848          : 1.26841e+08     : 736  : 0.983932
  MemoryUsed        [MBytes ] : 6.17595e+08     : 1    : 6.37339e+08     : 6.39051e+06     : 6.56085e+08     : 32   : 2.8572
  MemoryResident    [MBytes ] : 1.2435e+08      : 121  : 1.25593e+08     : 349848          : 1.26841e+08     : 736  : 0.983932
  Percentage of time spent in overhead : 2.20574

________________________________________________________________________________
--------------------------------------------------------------------------------
MPIStats:+
--------------------------------------------------------------------------------
                Name:       Total:         Avg:         Min:         Max:    Max rank: Hist %% [  Q1 |  Q2 |  Q3 |  Q4 ]:  %%Load Imbalance
         Count: Recv:     2.66e+04           26           26           26         1022           100.0   0.0   0.0   0.0     0.0
         Count: Redu:     8.19e+03            8            8            8         1022           100.0   0.0   0.0   0.0     0.0
         Count: Send:     2.66e+04           26           26           26         1022           100.0   0.0   0.0   0.0     0.0
         Count: Test:     6.24e+03          6.1            6           13         1017            98.3   0.9   0.6   0.2    53.1
         Count: Wait:     4.71e+04           46           46           46         1022           100.0   0.0   0.0   0.0     0.0
          Time: Recv:      10.6 ms    0.0104 ms  7.53e+03 ns    0.0441 ms          975            96.1   3.1   0.4   0.4    76.5
          Time: Redu:      11.2 s       10.9 ms     0.302 ms      17.9 ms          866            11.8  14.8  37.6  35.7    38.7
          Time: Send:     0.122 s      0.119 ms    0.0509 ms      0.44 ms          766            77.5  14.6   7.1   0.8    72.8
          Time: Test:      3.22 ms  3.15e+03 ns  1.15e+03 ns    0.0294 ms         1021            97.5   1.7   0.2   0.7    89.3
          Time: Wait:      3.81 s       3.72 ms     0.127 ms      14.4 ms          281            65.4   5.2  17.9  11.5    74.2
Volume Recv TOTAL   :       256 MB       256 KB       256 KB       258 KB            0            99.9   0.0   0.0   0.1     0.8
Volume Recv0: <= 64B:     9.22e+03            9            9           10            0            99.9   0.0   0.0   0.1    10.0
Volume Recv1: <= 4KB:     1.33e+04           13           13           18            0            99.9   0.0   0.0   0.1    27.8
Volume Recv2: <= 2MB:     6.14e+03            6            6            6         1022           100.0   0.0   0.0   0.0     0.0
Volume Send TOTAL   :       258 MB       258 KB       258 KB       258 KB         1022           100.0   0.0   0.0   0.0     0.0
Volume Send0: <= 64B:     1.02e+04           10           10           10         1022           100.0   0.0   0.0   0.0     0.0
Volume Send1: <= 4KB:     1.84e+04           18           18           18         1022           100.0   0.0   0.0   0.0     0.0
Volume Send2: <= 2MB:     6.14e+03            6            6            6         1022           100.0   0.0   0.0   0.0     0.0

Timestep 8       Time=8e-05       Next delT=1e-05       Wall Time=0.379755  EMA=0.0264958   Memory Used=124.73 MBs (avg) 126.55 MBs (max on rank: 42    )
Runtime Summary  summary stats for time step 8 at time=8e-05
  Description       Units       Minimum           Rank   Average (1024)    Std. Dev.         Maximum           Rank   100*(1-ave/max) '% load imbalance'
  TaskExec          [seconds] : 0.00886616      : 264  : 0.0195073       : 0.00452843      : 0.0230035       : 953  : 15.1985
  TaskLocalComm     [seconds] : 0.000907943     : 940  : 0.00118178      : 0.000131285     : 0.00204355      : 652  : 42.17
  TaskWaitCommTime  [seconds] : 0.00024177      : 191  : 0.00389071      : 0.00453809      : 0.0146237       : 281  : 73.3945
  NumberOfTasks     [tasks  ] : 6               : 0    : 6               : 0               : 6               : 0    : 0
  NumberOfPatches   [patches] : 1               : 0    : 1               : 0               : 1               : 0    : 0
  NumberOfCells     [cells  ] : 32768           : 0    : 32768           : 0               : 32768           : 0    : 0
  SCIMemoryUsed     [MBytes ] : 1.23478e+08     : 325  : 1.24734e+08     : 378001          : 1.2655e+08      : 42   : 1.43504
  SCIMemoryMaxUsed  [MBytes ] : 1.23478e+08     : 325  : 1.24734e+08     : 378001          : 1.2655e+08      : 42   : 1.43504
  MemoryUsed        [MBytes ] : 6.16653e+08     : 1    : 6.36424e+08     : 6.38981e+06     : 6.55139e+08     : 32   : 2.85666
  MemoryResident    [MBytes ] : 1.23478e+08     : 325  : 1.24734e+08     : 378001          : 1.2655e+08      : 42   : 1.43504
  Percentage of time spent in overhead : 1.92724

________________________________________________________________________________
--------------------------------------------------------------------------------
MPIStats:+
--------------------------------------------------------------------------------
                Name:       Total:         Avg:         Min:         Max:    Max rank: Hist %% [  Q1 |  Q2 |  Q3 |  Q4 ]:  %%Load Imbalance
         Count: Recv:     2.66e+04           26           26           26         1022           100.0   0.0   0.0   0.0     0.0
         Count: Redu:     8.19e+03            8            8            8         1022           100.0   0.0   0.0   0.0     0.0
         Count: Send:     2.66e+04           26           26           26         1022           100.0   0.0   0.0   0.0     0.0
         Count: Test:     6.24e+03         6.09            6           12         1023            98.5   0.7   0.1   0.7    49.2
         Count: Wait:     4.71e+04           46           46           46         1022           100.0   0.0   0.0   0.0     0.0
          Time: Recv:      11.9 ms    0.0116 ms   7.9e+03 ns     0.135 ms          158            99.5   0.1   0.0   0.4    91.4
          Time: Redu:        14 s       13.7 ms     0.284 ms      21.9 ms          843             9.5  19.3  40.3  30.9    37.4
          Time: Send:     0.121 s      0.118 ms    0.0513 ms     0.424 ms          528            80.1  12.1   6.9   0.9    72.2
          Time: Test:      3.24 ms  3.17e+03 ns  1.27e+03 ns    0.0379 ms         1021            98.3   1.2   0.1   0.4    91.7
          Time: Wait:      4.79 s       4.68 ms     0.114 ms      14.2 ms          587            58.9   6.1  12.3  22.8    67.0
Volume Recv TOTAL   :       256 MB       256 KB       256 KB       258 KB            0            99.9   0.0   0.0   0.1     0.8
Volume Recv0: <= 64B:     9.22e+03            9            9           10            0            99.9   0.0   0.0   0.1    10.0
Volume Recv1: <= 4KB:     1.33e+04           13           13           18            0            99.9   0.0   0.0   0.1    27.8
Volume Recv2: <= 2MB:     6.14e+03            6            6            6         1022           100.0   0.0   0.0   0.0     0.0
Volume Send TOTAL   :       258 MB       258 KB       258 KB       258 KB         1022           100.0   0.0   0.0   0.0     0.0
Volume Send0: <= 64B:     1.02e+04           10           10           10         1022           100.0   0.0   0.0   0.0     0.0
Volume Send1: <= 4KB:     1.84e+04           18           18           18         1022           100.0   0.0   0.0   0.0     0.0
Volume Send2: <= 2MB:     6.14e+03            6            6            6         1022           100.0   0.0   0.0   0.0     0.0

Timestep 9       Time=9e-05       Next delT=1e-05       Wall Time=0.408648  EMA=0.0269754   Memory Used=125.69 MBs (avg) 127.03 MBs (max on rank: 736   )
Runtime Summary  summary stats for time step 9 at time=9e-05
  Description       Units       Minimum           Rank   Average (1024)    Std. Dev.         Maximum           Rank   100*(1-ave/max) '% load imbalance'
  TaskExec          [seconds] : 0.0130401       : 579  : 0.0227706       : 0.00518634      : 0.0272599       : 958  : 16.4687
  TaskLocalComm     [seconds] : 0.000886033     : 940  : 0.00121221      : 0.000157882     : 0.00194592      : 1009 : 37.7053
  TaskWaitCommTime  [seconds] : 0.000228597     : 1009 : 0.0048551       : 0.00520345      : 0.0146903       : 579  : 66.9503
  NumberOfTasks     [tasks  ] : 6               : 0    : 6               : 0               : 6               : 0    : 0
  NumberOfPatches   [patches] : 1               : 0    : 1               : 0               : 1               : 0    : 0
  NumberOfCells     [cells  ] : 32768           : 0    : 32768           : 0               : 32768           : 0    : 0
  SCIMemoryUsed     [MBytes ] : 1.2442e+08      : 121  : 1.25695e+08     : 363410          : 1.27033e+08     : 736  : 1.05388
  SCIMemoryMaxUsed  [MBytes ] : 1.2442e+08      : 121  : 1.25695e+08     : 363410          : 1.27033e+08     : 736  : 1.05388
  MemoryUsed        [MBytes ] : 6.17595e+08     : 1    : 6.37339e+08     : 6.39051e+06     : 6.56085e+08     : 32   : 2.8572
  MemoryResident    [MBytes ] : 1.2442e+08      : 121  : 1.25695e+08     : 363410          : 1.27033e+08     : 736  : 1.05388
  Percentage of time spent in overhead : 1.70978

________________________________________________________________________________
--------------------------------------------------------------------------------
MPIStats:+
--------------------------------------------------------------------------------
                Name:       Total:         Avg:         Min:         Max:    Max rank: Hist %% [  Q1 |  Q2 |  Q3 |  Q4 ]:  %%Load Imbalance
         Count: Recv:     2.66e+04           26           26           26         1022           100.0   0.0   0.0   0.0     0.0
         Count: Redu:     8.19e+03            8            8            8         1022           100.0   0.0   0.0   0.0     0.0
         Count: Send:     2.66e+04           26           26           26         1022           100.0   0.0   0.0   0.0     0.0
         Count: Test:     6.24e+03         6.09            6           12         1023            98.5   0.7   0.1   0.7    49.2
         Count: Wait:     4.71e+04           46           46           46         1022           100.0   0.0   0.0   0.0     0.0
          Time: Recv:      10.8 ms    0.0106 ms  7.54e+03 ns    0.0518 ms          961            96.7   2.5   0.6   0.2    79.6
          Time: Redu:      14.8 s       14.4 ms     0.263 ms      22.7 ms          756             8.4  16.4  43.8  31.3    36.4
          Time: Send:     0.125 s      0.122 ms    0.0591 ms     0.454 ms           55            81.1  12.0   6.2   0.8    73.2
          Time: Test:      3.15 ms  3.08e+03 ns       930 ns    0.0321 ms         1017            97.9   1.7   0.3   0.2    90.4
          Time: Wait:      4.86 s       4.75 ms     0.137 ms      14.4 ms          626            59.1   6.8  13.6  20.5    67.1
Volume Recv TOTAL   :       256 MB       256 KB       256 KB       258 KB            0            99.9   0.0   0.0   0.1     0.8
Volume Recv0: <= 64B:     9.22e+03            9            9           10            0            99.9   0.0   0.0   0.1    10.0
Volume Recv1: <= 4KB:     1.33e+04           13           13           18            0            99.9   0.0   0.0   0.1    27.8
Volume Recv2: <= 2MB:     6.14e+03            6            6            6         1022           100.0   0.0   0.0   0.0     0.0
Volume Send TOTAL   :       258 MB       258 KB       258 KB       258 KB         1022           100.0   0.0   0.0   0.0     0.0
Volume Send0: <= 64B:     1.02e+04           10           10           10         1022           100.0   0.0   0.0   0.0     0.0
Volume Send1: <= 4KB:     1.84e+04           18           18           18         1022           100.0   0.0   0.0   0.0     0.0
Volume Send2: <= 2MB:     6.14e+03            6            6            6         1022           100.0   0.0   0.0   0.0     0.0

Timestep 10      Time=0.0001      Next delT=1e-05       Wall Time=0.438363  EMA=0.0274733   Memory Used=124.81 MBs (avg) 126.62 MBs (max on rank: 42    )
Runtime Summary  summary stats for time step 10 at time=0.0001
  Description       Units       Minimum           Rank   Average (1024)    Std. Dev.         Maximum           Rank   100*(1-ave/max) '% load imbalance'
  TaskExec          [seconds] : 0.013787        : 626  : 0.0235097       : 0.00521305      : 0.0280826       : 935  : 16.2838
  TaskLocalComm     [seconds] : 0.000916143     : 352  : 0.00124654      : 0.000156785     : 0.00211465      : 1009 : 41.0523
  TaskWaitCommTime  [seconds] : 0.000262918     : 1009 : 0.00493238      : 0.00520975      : 0.0147607       : 626  : 66.5845
  NumberOfTasks     [tasks  ] : 6               : 0    : 6               : 0               : 6               : 0    : 0
  NumberOfPatches   [patches] : 1               : 0    : 1               : 0               : 1               : 0    : 0
  NumberOfCells     [cells  ] : 32768           : 0    : 32768           : 0               : 32768           : 0    : 0
  SCIMemoryUsed     [MBytes ] : 1.23527e+08     : 325  : 1.24814e+08     : 392335          : 1.2662e+08      : 42   : 1.42638
  SCIMemoryMaxUsed  [MBytes ] : 1.23527e+08     : 325  : 1.24814e+08     : 392335          : 1.2662e+08      : 42   : 1.42638
  MemoryUsed        [MBytes ] : 6.16653e+08     : 1    : 6.36424e+08     : 6.38981e+06     : 6.55139e+08     : 32   : 2.85666
  MemoryResident    [MBytes ] : 1.23527e+08     : 325  : 1.24814e+08     : 392335          : 1.2662e+08      : 42   : 1.42638
  Percentage of time spent in overhead : 1.53495
Sus: going down successfully
