Parallel: 128 MPI processes (using MPI)
Parallel: MPI Level Required: 0, provided: 0
Date:       Thu Aug 25 13:45:15 2022
Machine:    notch190
git branch:wasatch-low-cost-integ-cmake
git date:   Sat Jul 30 10:34:22 2022 -0600
git hash:   9315f9f96fa6304db4fe79378b145f37ea40016d
Assertion level: 0
CFLAGS:          
CXXFLAGS:        
______________________________________________________________________
Application Component: 	'wasatch'

-------------------------------------------------------------
Wasatch was built against:
  SpatialOps HASH: bd7a2bac76e42e2cb528b02e2cf1291d05c71926
             DATE: Fri Nov 12 11:34:54 2021 -0700
     ExprLib HASH: d2950c77edb22e5f3669ddaaf2d2ed29ceb24d2c
             DATE: Thu Aug 5 12:26:26 2021 -0600
    TabProps HASH: eca0dc5f26b20d4f6b1cebe51b1ae97e11871e83
             DATE: Wed Aug 11 20:11:26 2021 -0600
-------------------------------------------------------------

Linear Solver: 		hypre
Load Balancer: 		Simple
Scheduler: 		MPI
Patch layout: 		(8,4,4)
Grid statistics:
Number of levels:		1
Level 0:
  Periodic boundaries:		[int 1, 1, 1]
  Number of patches:		128
  Total number of cells:	4194304 (32768 avg. per patch)
Total patches in grid:		128
Total cells in grid:		4194304 (32768 avg. per patch)

Using small, individual MPI messages (no message combining)
Detected solver: hypre
SETTING UP CONVECTIVE FLUX EXPRESSION IN X DIRECTION USING CENTRAL
SETTING UP CONVECTIVE FLUX EXPRESSION IN Y DIRECTION USING CENTRAL
SETTING UP CONVECTIVE FLUX EXPRESSION IN Z DIRECTION USING CENTRAL
Setting initial conditions for scalability test equation: scalability0
SETTING UP CONVECTIVE FLUX EXPRESSION IN X DIRECTION USING CENTRAL
SETTING UP CONVECTIVE FLUX EXPRESSION IN Y DIRECTION USING CENTRAL
SETTING UP CONVECTIVE FLUX EXPRESSION IN Z DIRECTION USING CENTRAL
Setting initial conditions for scalability test equation: scalability1
SETTING UP CONVECTIVE FLUX EXPRESSION IN X DIRECTION USING CENTRAL
SETTING UP CONVECTIVE FLUX EXPRESSION IN Y DIRECTION USING CENTRAL
SETTING UP CONVECTIVE FLUX EXPRESSION IN Z DIRECTION USING CENTRAL
Setting initial conditions for scalability test equation: scalability2
SETTING UP CONVECTIVE FLUX EXPRESSION IN X DIRECTION USING CENTRAL
SETTING UP CONVECTIVE FLUX EXPRESSION IN Y DIRECTION USING CENTRAL
SETTING UP CONVECTIVE FLUX EXPRESSION IN Z DIRECTION USING CENTRAL
Setting initial conditions for scalability test equation: scalability3
SETTING UP CONVECTIVE FLUX EXPRESSION IN X DIRECTION USING CENTRAL
SETTING UP CONVECTIVE FLUX EXPRESSION IN Y DIRECTION USING CENTRAL
SETTING UP CONVECTIVE FLUX EXPRESSION IN Z DIRECTION USING CENTRAL
Setting initial conditions for scalability test equation: scalability4
------------------------------------------------
No BoundaryConditions specified
  This message will only occur once

Compiling initialization taskgraph.
------------------------------------------------
SETTING INITIAL BOUNDARY CONDITIONS:
------------------------------------------------
Setting Initial BCs for transport equation 'scalability0'
Setting Initial BCs for transport equation 'scalability1'
Setting Initial BCs for transport equation 'scalability2'
Setting Initial BCs for transport equation 'scalability3'
Setting Initial BCs for transport equation 'scalability4'
------------------------------------------------
Wasatch: done creating initialization task(s)
Scheduling Task 'compute timestep' COMPUTES 'delT' in NEW data warehouse
Wasatch: done creating timestep task(s)
Done with taskgraph compile (0.000122149 seconds)
Warning: addContribution not implemented for LoadBalancerCommon.
WARNING at time step 0 and sim time 0 : lowering the next delT from 1 to the maximum: 1e-05

________________________________________________________________________________
--------------------------------------------------------------------------------
MPIStats:+
--------------------------------------------------------------------------------
                Name:       Total:         Avg:         Min:         Max:    Max rank: Hist %% [  Q1 |  Q2 |  Q3 |  Q4 ]:  %%Load Imbalance
         Count: Comm:          128            1            1            1          126           100.0   0.0   0.0   0.0     0.0
         Count: Gath:          256            2            2            2          126           100.0   0.0   0.0   0.0     0.0
         Count: Redu:          128            1            1            1          126           100.0   0.0   0.0   0.0     0.0
          Time: Comm:     0.347 s       2.71 ms      1.32 ms      3.75 ms           62            15.6  17.2  42.2  25.0    27.6
          Time: Gath:      2.98 s       23.3 ms      11.8 ms        30 ms          112             7.8  43.8   7.0  41.4    22.5
          Time: Redu:      2.96 s       23.1 ms     0.056 ms      40.9 ms          103            50.0   0.0   0.0  50.0    43.6
Volume Recv TOTAL   :       213 KB      1.67 KB      1.67 KB      1.67 KB          126           100.0   0.0   0.0   0.0     0.0
Volume Recv0: <= 64B:          128            1            1            1          126           100.0   0.0   0.0   0.0     0.0
Volume Recv1: <= 4KB:          256            2            2            2          126           100.0   0.0   0.0   0.0     0.0
Volume Send TOTAL   :      34.5 KB     276.25 B        273 B        277 B          102            18.8   0.0   0.0  81.2     0.3
Volume Send0: <= 64B:          256            2            2            2          126           100.0   0.0   0.0   0.0     0.0
Volume Send1: <= 4KB:          128            1            1            1          126           100.0   0.0   0.0   0.0     0.0


Simulation and run time stats are reported at the end of each time step
EMA == Wall time as an exponential moving average using a window of the last 10 time steps
Timestep 0       Time=0           Next delT=1e-05       Wall Time=0.0850803 EMA=0.0831633   Memory Used=116.54 MBs (avg) 117.31 MBs (max on rank: 104   )
Warning: finalizeContributions not implemented for LoadBalancerCommon.
Warning: resetCostForecaster not implemented for LoadBalancerCommon.
Compiling taskgraph(s)...
------------------------------------------------
SETTING BOUNDARY CONDITIONS:
------------------------------------------------
Setting BCs for transport equation 'scalability0'
Setting BCs for transport equation 'scalability1'
Setting BCs for transport equation 'scalability2'
Setting BCs for transport equation 'scalability3'
Setting BCs for transport equation 'scalability4'
------------------------------------------------
Wasatch: done creating solution task(s)
Wasatch: done creating post-processing task(s)
Scheduling Task 'compute timestep' COMPUTES 'delT' in NEW data warehouse
Wasatch: done creating timestep task(s)
Done with taskgraph compile (0.0160329 seconds)

________________________________________________________________________________
--------------------------------------------------------------------------------
MPIStats:+
--------------------------------------------------------------------------------
                Name:       Total:         Avg:         Min:         Max:    Max rank: Hist %% [  Q1 |  Q2 |  Q3 |  Q4 ]:  %%Load Imbalance
         Count: Recv:     3.33e+03           26           26           26          126           100.0   0.0   0.0   0.0     0.0
         Count: Redu:     1.02e+03            8            8            8          126           100.0   0.0   0.0   0.0     0.0
         Count: Send:     3.33e+03           26           26           26          126           100.0   0.0   0.0   0.0     0.0
         Count: Test:          821         6.41            6           12          127            90.6   6.2   0.8   2.3    46.5
         Count: Wait:     5.89e+03           46           46           46          126           100.0   0.0   0.0   0.0     0.0
          Time: Recv:      1.43 ms    0.0112 ms  8.41e+03 ns     0.025 ms          125            86.7  10.2   0.8   2.3    55.3
          Time: Redu:      2.92 s       22.8 ms     0.424 ms      36.6 ms          120             4.7  50.0   0.0  45.3    37.7
          Time: Send:      92.3 ms     0.721 ms     0.521 ms      1.09 ms           87            42.2  29.7  26.6   1.6    33.8
          Time: Test:      1.46 ms    0.0114 ms     3e+03 ns     0.209 ms          109            96.9   0.0   2.3   0.8    94.5
          Time: Wait:     0.634 s       4.95 ms     0.221 ms      42.7 ms           66            95.3   0.0   0.0   4.7    88.4
Volume Recv TOTAL   :      31.9 MB       256 KB       256 KB       258 KB            0            99.2   0.0   0.0   0.8     0.8
Volume Recv0: <= 64B:     1.15e+03         9.01            9           10            0            99.2   0.0   0.0   0.8     9.9
Volume Recv1: <= 4KB:     1.67e+03           13           13           18            0            99.2   0.0   0.0   0.8    27.6
Volume Recv2: <= 2MB:          768            6            6            6          126           100.0   0.0   0.0   0.0     0.0
Volume Send TOTAL   :      32.2 MB       258 KB       258 KB       258 KB          126           100.0   0.0   0.0   0.0     0.0
Volume Send0: <= 64B:     1.28e+03           10           10           10          126           100.0   0.0   0.0   0.0     0.0
Volume Send1: <= 4KB:      2.3e+03           18           18           18          126           100.0   0.0   0.0   0.0     0.0
Volume Send2: <= 2MB:          768            6            6            6          126           100.0   0.0   0.0   0.0     0.0

Timestep 1       Time=1e-05       Next delT=1e-05       Wall Time=0.146587  EMA=0.0614662   Memory Used=121.81 MBs (avg) 122.52 MBs (max on rank: 44    )
Runtime Summary  summary stats for time step 1 at time=1e-05
  Description       Units       Minimum           Rank   Average (128)     Std. Dev.         Maximum           Rank   100*(1-ave/max) '% load imbalance'
  Compilation       [seconds] : 0.0064252       : 126  : 0.00931247      : 0.00281603      : 0.0160329       : 0    : 41.9166
  TaskExec          [seconds] : 0.0112226       : 66   : 0.0462079       : 0.00807857      : 0.0536786       : 104  : 13.9175
  TaskLocalComm     [seconds] : 0.00124516      : 16   : 0.00154144      : 0.00018468      : 0.00222437      : 87   : 30.7023
  TaskWaitCommTime  [seconds] : 0.000306948     : 8    : 0.00507412      : 0.00830516      : 0.042922        : 66   : 88.1783
  NumberOfTasks     [tasks  ] : 6               : 0    : 6               : 0               : 6               : 0    : 0
  NumberOfPatches   [patches] : 1               : 0    : 1               : 0               : 1               : 0    : 0
  NumberOfCells     [cells  ] : 32768           : 0    : 32768           : 0               : 32768           : 0    : 0
  SCIMemoryUsed     [MBytes ] : 1.20906e+08     : 27   : 1.21813e+08     : 277693          : 1.2252e+08      : 44   : 0.577031
  SCIMemoryMaxUsed  [MBytes ] : 1.20906e+08     : 27   : 1.21813e+08     : 277693          : 1.2252e+08      : 44   : 0.577031
  MemoryUsed        [MBytes ] : 6.40688e+08     : 79   : 6.63722e+08     : 1.1863e+07      : 6.83471e+08     : 80   : 2.88943
  MemoryResident    [MBytes ] : 1.20906e+08     : 27   : 1.21813e+08     : 277693          : 1.2252e+08      : 44   : 0.577031
  Percentage of time spent in overhead : 14.9873

________________________________________________________________________________
--------------------------------------------------------------------------------
MPIStats:+
--------------------------------------------------------------------------------
                Name:       Total:         Avg:         Min:         Max:    Max rank: Hist %% [  Q1 |  Q2 |  Q3 |  Q4 ]:  %%Load Imbalance
         Count: Recv:     3.33e+03           26           26           26          126           100.0   0.0   0.0   0.0     0.0
         Count: Redu:     1.02e+03            8            8            8          126           100.0   0.0   0.0   0.0     0.0
         Count: Send:     3.33e+03           26           26           26          126           100.0   0.0   0.0   0.0     0.0
         Count: Test:          823         6.43            6           12          127            89.8   7.0   0.8   2.3    46.4
         Count: Wait:     5.89e+03           46           46           46          126           100.0   0.0   0.0   0.0     0.0
          Time: Recv:      1.56 ms    0.0122 ms  7.69e+03 ns    0.0344 ms          127            75.8  18.0   2.3   3.9    64.6
          Time: Redu:      1.71 s       13.4 ms     0.271 ms      17.7 ms          121             3.1  10.9  22.7  63.3    24.2
          Time: Send:      31.1 ms     0.243 ms     0.101 ms     0.428 ms           52            10.9  60.9  25.8   2.3    43.1
          Time: Test:     0.842 ms  6.58e+03 ns  1.55e+03 ns     0.249 ms           79            99.2   0.0   0.0   0.8    97.4
          Time: Wait:     0.285 s       2.23 ms     0.157 ms      16.9 ms           66            84.4   1.6   6.2   7.8    86.8
Volume Recv TOTAL   :      31.9 MB       256 KB       256 KB       258 KB            0            99.2   0.0   0.0   0.8     0.8
Volume Recv0: <= 64B:     1.15e+03         9.01            9           10            0            99.2   0.0   0.0   0.8     9.9
Volume Recv1: <= 4KB:     1.67e+03           13           13           18            0            99.2   0.0   0.0   0.8    27.6
Volume Recv2: <= 2MB:          768            6            6            6          126           100.0   0.0   0.0   0.0     0.0
Volume Send TOTAL   :      32.2 MB       258 KB       258 KB       258 KB          126           100.0   0.0   0.0   0.0     0.0
Volume Send0: <= 64B:     1.28e+03           10           10           10          126           100.0   0.0   0.0   0.0     0.0
Volume Send1: <= 4KB:      2.3e+03           18           18           18          126           100.0   0.0   0.0   0.0     0.0
Volume Send2: <= 2MB:          768            6            6            6          126           100.0   0.0   0.0   0.0     0.0

Timestep 2       Time=2e-05       Next delT=1e-05       Wall Time=0.17351   EMA=0.0384374   Memory Used=123.00 MBs (avg) 123.75 MBs (max on rank: 25    )
Runtime Summary  summary stats for time step 2 at time=2e-05
  Description       Units       Minimum           Rank   Average (128)     Std. Dev.         Maximum           Rank   100*(1-ave/max) '% load imbalance'
  TaskExec          [seconds] : 0.00871063      : 66   : 0.0233554       : 0.00454711      : 0.0255176       : 59   : 8.47313
  TaskLocalComm     [seconds] : 0.000968443     : 112  : 0.00125188      : 0.000190689     : 0.00189637      : 30   : 33.9853
  TaskWaitCommTime  [seconds] : 0.000256261     : 87   : 0.0024075       : 0.00455316      : 0.0171641       : 66   : 85.9736
  NumberOfTasks     [tasks  ] : 6               : 0    : 6               : 0               : 6               : 0    : 0
  NumberOfPatches   [patches] : 1               : 0    : 1               : 0               : 1               : 0    : 0
  NumberOfCells     [cells  ] : 32768           : 0    : 32768           : 0               : 32768           : 0    : 0
  SCIMemoryUsed     [MBytes ] : 1.22139e+08     : 27   : 1.22999e+08     : 276399          : 1.23748e+08     : 25   : 0.605254
  SCIMemoryMaxUsed  [MBytes ] : 1.22139e+08     : 27   : 1.22999e+08     : 276399          : 1.23748e+08     : 25   : 0.605254
  MemoryUsed        [MBytes ] : 6.50043e+08     : 1    : 6.64753e+08     : 1.17586e+07     : 6.84425e+08     : 80   : 2.87433
  MemoryResident    [MBytes ] : 1.22139e+08     : 27   : 1.22999e+08     : 276399          : 1.23748e+08     : 25   : 0.605254
  Percentage of time spent in overhead : 7.49357

________________________________________________________________________________
--------------------------------------------------------------------------------
MPIStats:+
--------------------------------------------------------------------------------
                Name:       Total:         Avg:         Min:         Max:    Max rank: Hist %% [  Q1 |  Q2 |  Q3 |  Q4 ]:  %%Load Imbalance
         Count: Recv:     3.33e+03           26           26           26          126           100.0   0.0   0.0   0.0     0.0
         Count: Redu:     1.02e+03            8            8            8          126           100.0   0.0   0.0   0.0     0.0
         Count: Send:     3.33e+03           26           26           26          126           100.0   0.0   0.0   0.0     0.0
         Count: Test:          825         6.45            6           13          127            90.6   6.2   2.3   0.8    50.4
         Count: Wait:     5.89e+03           46           46           46          126           100.0   0.0   0.0   0.0     0.0
          Time: Recv:      1.52 ms    0.0119 ms  7.54e+03 ns    0.0336 ms          124            82.0  12.5   3.1   2.3    64.6
          Time: Redu:      1.59 s       12.4 ms     0.307 ms      16.9 ms           59             4.7  11.7  26.6  57.0    26.5
          Time: Send:      19.8 ms     0.155 ms    0.0724 ms     0.291 ms          106            37.5  27.3  29.7   5.5    46.9
          Time: Test:     0.943 ms  7.37e+03 ns  1.39e+03 ns      0.28 ms           95            99.2   0.0   0.0   0.8    97.4
          Time: Wait:     0.269 s        2.1 ms     0.132 ms        16 ms           66            84.4   1.6   6.2   7.8    86.9
Volume Recv TOTAL   :      31.9 MB       256 KB       256 KB       258 KB            0            99.2   0.0   0.0   0.8     0.8
Volume Recv0: <= 64B:     1.15e+03         9.01            9           10            0            99.2   0.0   0.0   0.8     9.9
Volume Recv1: <= 4KB:     1.67e+03           13           13           18            0            99.2   0.0   0.0   0.8    27.6
Volume Recv2: <= 2MB:          768            6            6            6          126           100.0   0.0   0.0   0.0     0.0
Volume Send TOTAL   :      32.2 MB       258 KB       258 KB       258 KB          126           100.0   0.0   0.0   0.0     0.0
Volume Send0: <= 64B:     1.28e+03           10           10           10          126           100.0   0.0   0.0   0.0     0.0
Volume Send1: <= 4KB:      2.3e+03           18           18           18          126           100.0   0.0   0.0   0.0     0.0
Volume Send2: <= 2MB:          768            6            6            6          126           100.0   0.0   0.0   0.0     0.0

Timestep 3       Time=3e-05       Next delT=1e-05       Wall Time=0.198624  EMA=0.0317758   Memory Used=124.68 MBs (avg) 125.42 MBs (max on rank: 25    )
Runtime Summary  summary stats for time step 3 at time=3e-05
  Description       Units       Minimum           Rank   Average (128)     Std. Dev.         Maximum           Rank   100*(1-ave/max) '% load imbalance'
  TaskExec          [seconds] : 0.00786298      : 66   : 0.0216934       : 0.0043218       : 0.023802        : 59   : 8.85923
  TaskLocalComm     [seconds] : 0.000795433     : 112  : 0.00117729      : 0.000183457     : 0.00184281      : 76   : 36.1141
  TaskWaitCommTime  [seconds] : 0.000246838     : 59   : 0.00227409      : 0.00434251      : 0.0162406       : 66   : 85.9975
  NumberOfTasks     [tasks  ] : 6               : 0    : 6               : 0               : 6               : 0    : 0
  NumberOfPatches   [patches] : 1               : 0    : 1               : 0               : 1               : 0    : 0
  NumberOfCells     [cells  ] : 32768           : 0    : 32768           : 0               : 32768           : 0    : 0
  SCIMemoryUsed     [MBytes ] : 1.23843e+08     : 121  : 1.24679e+08     : 281540          : 1.2542e+08      : 25   : 0.590632
  SCIMemoryMaxUsed  [MBytes ] : 1.23843e+08     : 121  : 1.24679e+08     : 281540          : 1.2542e+08      : 25   : 0.590632
  MemoryUsed        [MBytes ] : 6.51616e+08     : 1    : 6.66391e+08     : 1.1773e+07      : 6.85994e+08     : 32   : 2.85764
  MemoryResident    [MBytes ] : 1.23843e+08     : 121  : 1.24679e+08     : 281540          : 1.2542e+08      : 25   : 0.590632
  Percentage of time spent in overhead : 4.99536

________________________________________________________________________________
--------------------------------------------------------------------------------
MPIStats:+
--------------------------------------------------------------------------------
                Name:       Total:         Avg:         Min:         Max:    Max rank: Hist %% [  Q1 |  Q2 |  Q3 |  Q4 ]:  %%Load Imbalance
         Count: Recv:     3.33e+03           26           26           26          126           100.0   0.0   0.0   0.0     0.0
         Count: Redu:     1.02e+03            8            8            8          126           100.0   0.0   0.0   0.0     0.0
         Count: Send:     3.33e+03           26           26           26          126           100.0   0.0   0.0   0.0     0.0
         Count: Test:          823         6.43            6           12          127            89.1   7.8   0.8   2.3    46.4
         Count: Wait:     5.89e+03           46           46           46          126           100.0   0.0   0.0   0.0     0.0
          Time: Recv:      1.51 ms    0.0118 ms  7.18e+03 ns    0.0326 ms          127            78.1  14.1   7.0   0.8    63.7
          Time: Redu:      1.29 s         10 ms     0.237 ms      14.9 ms           17             8.6  12.5  33.6  45.3    32.5
          Time: Send:      18.9 ms     0.148 ms    0.0759 ms      0.26 ms           92            45.3  14.1  30.5  10.2    43.1
          Time: Test:     0.616 ms  4.81e+03 ns  1.44e+03 ns    0.0296 ms           45            89.8   7.0   2.3   0.8    83.7
          Time: Wait:     0.257 s       2.01 ms     0.118 ms      14.4 ms          112            84.4   0.0   7.8   7.8    86.1
Volume Recv TOTAL   :      31.9 MB       256 KB       256 KB       258 KB            0            99.2   0.0   0.0   0.8     0.8
Volume Recv0: <= 64B:     1.15e+03         9.01            9           10            0            99.2   0.0   0.0   0.8     9.9
Volume Recv1: <= 4KB:     1.67e+03           13           13           18            0            99.2   0.0   0.0   0.8    27.6
Volume Recv2: <= 2MB:          768            6            6            6          126           100.0   0.0   0.0   0.0     0.0
Volume Send TOTAL   :      32.2 MB       258 KB       258 KB       258 KB          126           100.0   0.0   0.0   0.0     0.0
Volume Send0: <= 64B:     1.28e+03           10           10           10          126           100.0   0.0   0.0   0.0     0.0
Volume Send1: <= 4KB:      2.3e+03           18           18           18          126           100.0   0.0   0.0   0.0     0.0
Volume Send2: <= 2MB:          768            6            6            6          126           100.0   0.0   0.0   0.0     0.0

Timestep 4       Time=4e-05       Next delT=1e-05       Wall Time=0.22108   EMA=0.0280479   Memory Used=123.82 MBs (avg) 124.57 MBs (max on rank: 25    )
Runtime Summary  summary stats for time step 4 at time=4e-05
  Description       Units       Minimum           Rank   Average (128)     Std. Dev.         Maximum           Rank   100*(1-ave/max) '% load imbalance'
  TaskExec          [seconds] : 0.00670556      : 112  : 0.0190764       : 0.00407878      : 0.021051        : 59   : 9.37989
  TaskLocalComm     [seconds] : 0.000876533     : 70   : 0.00118992      : 0.000179361     : 0.00180691      : 74   : 34.146
  TaskWaitCommTime  [seconds] : 0.000231981     : 76   : 0.00218569      : 0.00409299      : 0.0146139       : 112  : 85.0438
  NumberOfTasks     [tasks  ] : 6               : 0    : 6               : 0               : 6               : 0    : 0
  NumberOfPatches   [patches] : 1               : 0    : 1               : 0               : 1               : 0    : 0
  NumberOfCells     [cells  ] : 32768           : 0    : 32768           : 0               : 32768           : 0    : 0
  SCIMemoryUsed     [MBytes ] : 1.22962e+08     : 121  : 1.23823e+08     : 280684          : 1.24568e+08     : 25   : 0.597729
  SCIMemoryMaxUsed  [MBytes ] : 1.22962e+08     : 121  : 1.23823e+08     : 280684          : 1.24568e+08     : 25   : 0.597729
  MemoryUsed        [MBytes ] : 6.50674e+08     : 1    : 6.65448e+08     : 1.17729e+07     : 6.85052e+08     : 80   : 2.86167
  MemoryResident    [MBytes ] : 1.22962e+08     : 121  : 1.23823e+08     : 280684          : 1.24568e+08     : 25   : 0.597729
  Percentage of time spent in overhead : 3.74576

________________________________________________________________________________
--------------------------------------------------------------------------------
MPIStats:+
--------------------------------------------------------------------------------
                Name:       Total:         Avg:         Min:         Max:    Max rank: Hist %% [  Q1 |  Q2 |  Q3 |  Q4 ]:  %%Load Imbalance
         Count: Recv:     3.33e+03           26           26           26          126           100.0   0.0   0.0   0.0     0.0
         Count: Redu:     1.02e+03            8            8            8          126           100.0   0.0   0.0   0.0     0.0
         Count: Send:     3.33e+03           26           26           26          126           100.0   0.0   0.0   0.0     0.0
         Count: Test:          826         6.45            6           12          127            89.1   6.2   2.3   2.3    46.2
         Count: Wait:     5.89e+03           46           46           46          126           100.0   0.0   0.0   0.0     0.0
          Time: Recv:      1.62 ms    0.0127 ms  8.34e+03 ns    0.0409 ms          109            84.4  10.2   4.7   0.8    69.1
          Time: Redu:      1.13 s       8.79 ms     0.244 ms        14 ms           17             8.6  13.3  43.8  34.4    37.2
          Time: Send:      19.1 ms      0.15 ms    0.0644 ms      0.35 ms          120            55.5  23.4  19.5   1.6    57.2
          Time: Test:     0.643 ms  5.03e+03 ns   1.6e+03 ns    0.0285 ms           93            86.7   7.0   4.7   1.6    82.4
          Time: Wait:     0.273 s       2.13 ms     0.143 ms      15.1 ms          112            84.4   0.0   6.2   9.4    85.8
Volume Recv TOTAL   :      31.9 MB       256 KB       256 KB       258 KB            0            99.2   0.0   0.0   0.8     0.8
Volume Recv0: <= 64B:     1.15e+03         9.01            9           10            0            99.2   0.0   0.0   0.8     9.9
Volume Recv1: <= 4KB:     1.67e+03           13           13           18            0            99.2   0.0   0.0   0.8    27.6
Volume Recv2: <= 2MB:          768            6            6            6          126           100.0   0.0   0.0   0.0     0.0
Volume Send TOTAL   :      32.2 MB       258 KB       258 KB       258 KB          126           100.0   0.0   0.0   0.0     0.0
Volume Send0: <= 64B:     1.28e+03           10           10           10          126           100.0   0.0   0.0   0.0     0.0
Volume Send1: <= 4KB:      2.3e+03           18           18           18          126           100.0   0.0   0.0   0.0     0.0
Volume Send2: <= 2MB:          768            6            6            6          126           100.0   0.0   0.0   0.0     0.0

Timestep 5       Time=5e-05       Next delT=1e-05       Wall Time=0.242926  EMA=0.0259806   Memory Used=124.84 MBs (avg) 125.60 MBs (max on rank: 25    )
Runtime Summary  summary stats for time step 5 at time=5e-05
  Description       Units       Minimum           Rank   Average (128)     Std. Dev.         Maximum           Rank   100*(1-ave/max) '% load imbalance'
  TaskExec          [seconds] : 0.00549034      : 112  : 0.0183313       : 0.00417649      : 0.020342        : 72   : 9.88458
  TaskLocalComm     [seconds] : 0.000889234     : 0    : 0.00124237      : 0.00019681      : 0.00197768      : 74   : 37.1803
  TaskWaitCommTime  [seconds] : 0.000275311     : 76   : 0.00232466      : 0.00421433      : 0.0152589       : 112  : 84.7653
  NumberOfTasks     [tasks  ] : 6               : 0    : 6               : 0               : 6               : 0    : 0
  NumberOfPatches   [patches] : 1               : 0    : 1               : 0               : 1               : 0    : 0
  NumberOfCells     [cells  ] : 32768           : 0    : 32768           : 0               : 32768           : 0    : 0
  SCIMemoryUsed     [MBytes ] : 1.23998e+08     : 121  : 1.24844e+08     : 283003          : 1.256e+08       : 25   : 0.601988
  SCIMemoryMaxUsed  [MBytes ] : 1.23998e+08     : 121  : 1.24844e+08     : 283003          : 1.256e+08       : 25   : 0.601988
  MemoryUsed        [MBytes ] : 6.51616e+08     : 1    : 6.66391e+08     : 1.1773e+07      : 6.85994e+08     : 32   : 2.85764
  MemoryResident    [MBytes ] : 1.23998e+08     : 121  : 1.24844e+08     : 283003          : 1.256e+08       : 25   : 0.601988
  Percentage of time spent in overhead : 2.99539

________________________________________________________________________________
--------------------------------------------------------------------------------
MPIStats:+
--------------------------------------------------------------------------------
                Name:       Total:         Avg:         Min:         Max:    Max rank: Hist %% [  Q1 |  Q2 |  Q3 |  Q4 ]:  %%Load Imbalance
         Count: Recv:     3.33e+03           26           26           26          126           100.0   0.0   0.0   0.0     0.0
         Count: Redu:     1.02e+03            8            8            8          126           100.0   0.0   0.0   0.0     0.0
         Count: Send:     3.33e+03           26           26           26          126           100.0   0.0   0.0   0.0     0.0
         Count: Test:          820         6.41            6           12          127            90.6   6.2   0.8   2.3    46.6
         Count: Wait:     5.89e+03           46           46           46          126           100.0   0.0   0.0   0.0     0.0
          Time: Recv:      1.53 ms     0.012 ms  8.12e+03 ns    0.0388 ms           15            86.7   8.6   3.1   1.6    69.2
          Time: Redu:      1.16 s       9.05 ms      0.28 ms      13.9 ms           17             8.6  20.3  28.9  42.2    34.8
          Time: Send:      17.7 ms     0.138 ms    0.0746 ms     0.331 ms           36            68.0  16.4  11.7   3.9    58.3
          Time: Test:     0.585 ms  4.57e+03 ns  1.63e+03 ns    0.0261 ms          124            89.1   5.5   3.1   2.3    82.5
          Time: Wait:     0.279 s       2.18 ms     0.136 ms      15.4 ms          112            84.4   0.0   7.8   7.8    85.8
Volume Recv TOTAL   :      31.9 MB       256 KB       256 KB       258 KB            0            99.2   0.0   0.0   0.8     0.8
Volume Recv0: <= 64B:     1.15e+03         9.01            9           10            0            99.2   0.0   0.0   0.8     9.9
Volume Recv1: <= 4KB:     1.67e+03           13           13           18            0            99.2   0.0   0.0   0.8    27.6
Volume Recv2: <= 2MB:          768            6            6            6          126           100.0   0.0   0.0   0.0     0.0
Volume Send TOTAL   :      32.2 MB       258 KB       258 KB       258 KB          126           100.0   0.0   0.0   0.0     0.0
Volume Send0: <= 64B:     1.28e+03           10           10           10          126           100.0   0.0   0.0   0.0     0.0
Volume Send1: <= 4KB:      2.3e+03           18           18           18          126           100.0   0.0   0.0   0.0     0.0
Volume Send2: <= 2MB:          768            6            6            6          126           100.0   0.0   0.0   0.0     0.0

Timestep 6       Time=6e-05       Next delT=1e-05       Wall Time=0.264771  EMA=0.0247991   Memory Used=123.97 MBs (avg) 124.75 MBs (max on rank: 25    )
Runtime Summary  summary stats for time step 6 at time=6e-05
  Description       Units       Minimum           Rank   Average (128)     Std. Dev.         Maximum           Rank   100*(1-ave/max) '% load imbalance'
  TaskExec          [seconds] : 0.00516244      : 112  : 0.0182763       : 0.00413182      : 0.0203754       : 72   : 10.3022
  TaskLocalComm     [seconds] : 0.000871303     : 112  : 0.00127598      : 0.000209396     : 0.00204724      : 15   : 37.6728
  TaskWaitCommTime  [seconds] : 0.000261581     : 76   : 0.00240981      : 0.00416167      : 0.0156198       : 112  : 84.572
  NumberOfTasks     [tasks  ] : 6               : 0    : 6               : 0               : 6               : 0    : 0
  NumberOfPatches   [patches] : 1               : 0    : 1               : 0               : 1               : 0    : 0
  NumberOfCells     [cells  ] : 32768           : 0    : 32768           : 0               : 32768           : 0    : 0
  SCIMemoryUsed     [MBytes ] : 1.23118e+08     : 121  : 1.23974e+08     : 285451          : 1.24752e+08     : 25   : 0.623753
  SCIMemoryMaxUsed  [MBytes ] : 1.23118e+08     : 121  : 1.23974e+08     : 285451          : 1.24752e+08     : 25   : 0.623753
  MemoryUsed        [MBytes ] : 6.50674e+08     : 1    : 6.65448e+08     : 1.17729e+07     : 6.85052e+08     : 80   : 2.86167
  MemoryResident    [MBytes ] : 1.23118e+08     : 121  : 1.23974e+08     : 285451          : 1.24752e+08     : 25   : 0.623753
  Percentage of time spent in overhead : 2.49446

________________________________________________________________________________
--------------------------------------------------------------------------------
MPIStats:+
--------------------------------------------------------------------------------
                Name:       Total:         Avg:         Min:         Max:    Max rank: Hist %% [  Q1 |  Q2 |  Q3 |  Q4 ]:  %%Load Imbalance
         Count: Recv:     3.33e+03           26           26           26          126           100.0   0.0   0.0   0.0     0.0
         Count: Redu:     1.02e+03            8            8            8          126           100.0   0.0   0.0   0.0     0.0
         Count: Send:     3.33e+03           26           26           26          126           100.0   0.0   0.0   0.0     0.0
         Count: Test:          820         6.41            6           12          127            90.6   6.2   0.8   2.3    46.6
         Count: Wait:     5.89e+03           46           46           46          126           100.0   0.0   0.0   0.0     0.0
          Time: Recv:      1.52 ms    0.0119 ms  8.17e+03 ns    0.0374 ms            5            85.2  10.2   2.3   2.3    68.2
          Time: Redu:      1.18 s       9.21 ms     0.288 ms      14.1 ms           17             7.8  15.6  31.2  45.3    34.8
          Time: Send:      15.6 ms     0.122 ms    0.0709 ms     0.295 ms           28            75.0  10.9   9.4   4.7    58.6
          Time: Test:     0.591 ms  4.62e+03 ns  1.48e+03 ns    0.0263 ms          124            89.1   6.2   3.9   0.8    82.4
          Time: Wait:     0.268 s       2.09 ms     0.137 ms      15.1 ms          112            84.4   0.0   8.6   7.0    86.2
Volume Recv TOTAL   :      31.9 MB       256 KB       256 KB       258 KB            0            99.2   0.0   0.0   0.8     0.8
Volume Recv0: <= 64B:     1.15e+03         9.01            9           10            0            99.2   0.0   0.0   0.8     9.9
Volume Recv1: <= 4KB:     1.67e+03           13           13           18            0            99.2   0.0   0.0   0.8    27.6
Volume Recv2: <= 2MB:          768            6            6            6          126           100.0   0.0   0.0   0.0     0.0
Volume Send TOTAL   :      32.2 MB       258 KB       258 KB       258 KB          126           100.0   0.0   0.0   0.0     0.0
Volume Send0: <= 64B:     1.28e+03           10           10           10          126           100.0   0.0   0.0   0.0     0.0
Volume Send1: <= 4KB:      2.3e+03           18           18           18          126           100.0   0.0   0.0   0.0     0.0
Volume Send2: <= 2MB:          768            6            6            6          126           100.0   0.0   0.0   0.0     0.0

Timestep 7       Time=7e-05       Next delT=1e-05       Wall Time=0.286616  EMA=0.0240603   Memory Used=124.99 MBs (avg) 125.78 MBs (max on rank: 25    )
Runtime Summary  summary stats for time step 7 at time=7e-05
  Description       Units       Minimum           Rank   Average (128)     Std. Dev.         Maximum           Rank   100*(1-ave/max) '% load imbalance'
  TaskExec          [seconds] : 0.00540037      : 112  : 0.0184056       : 0.00404677      : 0.0202918       : 79   : 9.29529
  TaskLocalComm     [seconds] : 0.000868253     : 112  : 0.00114549      : 0.000148526     : 0.0017344       : 76   : 33.9546
  TaskWaitCommTime  [seconds] : 0.000255541     : 76   : 0.00228762      : 0.00406628      : 0.0153461       : 112  : 85.0931
  NumberOfTasks     [tasks  ] : 6               : 0    : 6               : 0               : 6               : 0    : 0
  NumberOfPatches   [patches] : 1               : 0    : 1               : 0               : 1               : 0    : 0
  NumberOfCells     [cells  ] : 32768           : 0    : 32768           : 0               : 32768           : 0    : 0
  SCIMemoryUsed     [MBytes ] : 1.24113e+08     : 121  : 1.24987e+08     : 288543          : 1.25784e+08     : 25   : 0.633975
  SCIMemoryMaxUsed  [MBytes ] : 1.24113e+08     : 121  : 1.24987e+08     : 288543          : 1.25784e+08     : 25   : 0.633975
  MemoryUsed        [MBytes ] : 6.51616e+08     : 1    : 6.66391e+08     : 1.1773e+07      : 6.85994e+08     : 32   : 2.85764
  MemoryResident    [MBytes ] : 1.24113e+08     : 121  : 1.24987e+08     : 288543          : 1.25784e+08     : 25   : 0.633975
  Percentage of time spent in overhead : 2.13591

________________________________________________________________________________
--------------------------------------------------------------------------------
MPIStats:+
--------------------------------------------------------------------------------
                Name:       Total:         Avg:         Min:         Max:    Max rank: Hist %% [  Q1 |  Q2 |  Q3 |  Q4 ]:  %%Load Imbalance
         Count: Recv:     3.33e+03           26           26           26          126           100.0   0.0   0.0   0.0     0.0
         Count: Redu:     1.02e+03            8            8            8          126           100.0   0.0   0.0   0.0     0.0
         Count: Send:     3.33e+03           26           26           26          126           100.0   0.0   0.0   0.0     0.0
         Count: Test:          821         6.41            6           12          127            90.6   5.5   1.6   2.3    46.5
         Count: Wait:     5.89e+03           46           46           46          126           100.0   0.0   0.0   0.0     0.0
          Time: Recv:      1.45 ms    0.0113 ms  8.05e+03 ns    0.0367 ms          125            87.5  10.2   1.6   0.8    69.2
          Time: Redu:      1.13 s        8.8 ms     0.278 ms      13.7 ms           17             7.0  21.1  28.9  43.0    35.9
          Time: Send:      15.3 ms      0.12 ms    0.0661 ms     0.282 ms           18            71.9   9.4  12.5   6.2    57.5
          Time: Test:     0.607 ms  4.74e+03 ns  1.53e+03 ns    0.0312 ms          127            89.1   8.6   1.6   0.8    84.8
          Time: Wait:     0.261 s       2.04 ms     0.156 ms      14.8 ms          112            84.4   0.0   8.6   7.0    86.3
Volume Recv TOTAL   :      31.9 MB       256 KB       256 KB       258 KB            0            99.2   0.0   0.0   0.8     0.8
Volume Recv0: <= 64B:     1.15e+03         9.01            9           10            0            99.2   0.0   0.0   0.8     9.9
Volume Recv1: <= 4KB:     1.67e+03           13           13           18            0            99.2   0.0   0.0   0.8    27.6
Volume Recv2: <= 2MB:          768            6            6            6          126           100.0   0.0   0.0   0.0     0.0
Volume Send TOTAL   :      32.2 MB       258 KB       258 KB       258 KB          126           100.0   0.0   0.0   0.0     0.0
Volume Send0: <= 64B:     1.28e+03           10           10           10          126           100.0   0.0   0.0   0.0     0.0
Volume Send1: <= 4KB:      2.3e+03           18           18           18          126           100.0   0.0   0.0   0.0     0.0
Volume Send2: <= 2MB:          768            6            6            6          126           100.0   0.0   0.0   0.0     0.0

Timestep 8       Time=8e-05       Next delT=1e-05       Wall Time=0.307895  EMA=0.0234424   Memory Used=124.11 MBs (avg) 124.92 MBs (max on rank: 25    )
Runtime Summary  summary stats for time step 8 at time=8e-05
  Description       Units       Minimum           Rank   Average (128)     Std. Dev.         Maximum           Rank   100*(1-ave/max) '% load imbalance'
  TaskExec          [seconds] : 0.00514488      : 112  : 0.0178889       : 0.00401729      : 0.0197291       : 95   : 9.32736
  TaskLocalComm     [seconds] : 0.000863523     : 116  : 0.00113582      : 0.000133403     : 0.00168279      : 47   : 32.5039
  TaskWaitCommTime  [seconds] : 0.00027781      : 76   : 0.00222539      : 0.00404067      : 0.0150213       : 112  : 85.1851
  NumberOfTasks     [tasks  ] : 6               : 0    : 6               : 0               : 6               : 0    : 0
  NumberOfPatches   [patches] : 1               : 0    : 1               : 0               : 1               : 0    : 0
  NumberOfCells     [cells  ] : 32768           : 0    : 32768           : 0               : 32768           : 0    : 0
  SCIMemoryUsed     [MBytes ] : 1.2322e+08      : 121  : 1.2411e+08      : 292404          : 1.2492e+08      : 25   : 0.648429
  SCIMemoryMaxUsed  [MBytes ] : 1.2322e+08      : 121  : 1.2411e+08      : 292404          : 1.2492e+08      : 25   : 0.648429
  MemoryUsed        [MBytes ] : 6.50674e+08     : 1    : 6.65448e+08     : 1.17729e+07     : 6.85052e+08     : 80   : 2.86167
  MemoryResident    [MBytes ] : 1.2322e+08      : 121  : 1.2411e+08      : 292404          : 1.2492e+08      : 25   : 0.648429
  Percentage of time spent in overhead : 1.86622

________________________________________________________________________________
--------------------------------------------------------------------------------
MPIStats:+
--------------------------------------------------------------------------------
                Name:       Total:         Avg:         Min:         Max:    Max rank: Hist %% [  Q1 |  Q2 |  Q3 |  Q4 ]:  %%Load Imbalance
         Count: Recv:     3.33e+03           26           26           26          126           100.0   0.0   0.0   0.0     0.0
         Count: Redu:     1.02e+03            8            8            8          126           100.0   0.0   0.0   0.0     0.0
         Count: Send:     3.33e+03           26           26           26          126           100.0   0.0   0.0   0.0     0.0
         Count: Test:          825         6.45            6           12          127            89.1   7.0   1.6   2.3    46.3
         Count: Wait:     5.89e+03           46           46           46          126           100.0   0.0   0.0   0.0     0.0
          Time: Recv:      1.52 ms    0.0119 ms  8.56e+03 ns    0.0319 ms           47            85.9   6.2   5.5   2.3    62.8
          Time: Redu:      1.16 s       9.06 ms     0.314 ms        14 ms           17             7.0  20.3  32.0  40.6    35.2
          Time: Send:      14.8 ms     0.115 ms    0.0747 ms     0.245 ms           30            74.2   9.4  10.9   5.5    53.0
          Time: Test:      0.63 ms  4.92e+03 ns  1.36e+03 ns    0.0274 ms          124            86.7   7.8   4.7   0.8    82.1
          Time: Wait:     0.269 s        2.1 ms     0.138 ms      13.5 ms          112            84.4   0.0   3.9  11.7    84.5
Volume Recv TOTAL   :      31.9 MB       256 KB       256 KB       258 KB            0            99.2   0.0   0.0   0.8     0.8
Volume Recv0: <= 64B:     1.15e+03         9.01            9           10            0            99.2   0.0   0.0   0.8     9.9
Volume Recv1: <= 4KB:     1.67e+03           13           13           18            0            99.2   0.0   0.0   0.8    27.6
Volume Recv2: <= 2MB:          768            6            6            6          126           100.0   0.0   0.0   0.0     0.0
Volume Send TOTAL   :      32.2 MB       258 KB       258 KB       258 KB          126           100.0   0.0   0.0   0.0     0.0
Volume Send0: <= 64B:     1.28e+03           10           10           10          126           100.0   0.0   0.0   0.0     0.0
Volume Send1: <= 4KB:      2.3e+03           18           18           18          126           100.0   0.0   0.0   0.0     0.0
Volume Send2: <= 2MB:          768            6            6            6          126           100.0   0.0   0.0   0.0     0.0

Timestep 9       Time=9e-05       Next delT=1e-05       Wall Time=0.329612  EMA=0.0230973   Memory Used=125.12 MBs (avg) 125.98 MBs (max on rank: 25    )
Runtime Summary  summary stats for time step 9 at time=9e-05
  Description       Units       Minimum           Rank   Average (128)     Std. Dev.         Maximum           Rank   100*(1-ave/max) '% load imbalance'
  TaskExec          [seconds] : 0.00691183      : 112  : 0.0182712       : 0.00400537      : 0.0201659       : 72   : 9.39548
  TaskLocalComm     [seconds] : 0.000874064     : 0    : 0.00114374      : 0.00012813      : 0.00175037      : 47   : 34.6571
  TaskWaitCommTime  [seconds] : 0.000263781     : 76   : 0.00229921      : 0.0040346       : 0.013741        : 112  : 83.2675
  NumberOfTasks     [tasks  ] : 6               : 0    : 6               : 0               : 6               : 0    : 0
  NumberOfPatches   [patches] : 1               : 0    : 1               : 0               : 1               : 0    : 0
  NumberOfCells     [cells  ] : 32768           : 0    : 32768           : 0               : 32768           : 0    : 0
  SCIMemoryUsed     [MBytes ] : 1.24219e+08     : 121  : 1.25118e+08     : 296170          : 1.25981e+08     : 25   : 0.684422
  SCIMemoryMaxUsed  [MBytes ] : 1.24219e+08     : 121  : 1.25118e+08     : 296170          : 1.25981e+08     : 25   : 0.684422
  MemoryUsed        [MBytes ] : 6.51616e+08     : 1    : 6.66391e+08     : 1.1773e+07      : 6.85994e+08     : 32   : 2.85764
  MemoryResident    [MBytes ] : 1.24219e+08     : 121  : 1.25118e+08     : 296170          : 1.25981e+08     : 25   : 0.684422
  Percentage of time spent in overhead : 1.65565

________________________________________________________________________________
--------------------------------------------------------------------------------
MPIStats:+
--------------------------------------------------------------------------------
                Name:       Total:         Avg:         Min:         Max:    Max rank: Hist %% [  Q1 |  Q2 |  Q3 |  Q4 ]:  %%Load Imbalance
         Count: Recv:     3.33e+03           26           26           26          126           100.0   0.0   0.0   0.0     0.0
         Count: Redu:     1.02e+03            8            8            8          126           100.0   0.0   0.0   0.0     0.0
         Count: Send:     3.33e+03           26           26           26          126           100.0   0.0   0.0   0.0     0.0
         Count: Test:          827         6.46            6           12          127            89.8   4.7   2.3   3.1    46.2
         Count: Wait:     5.89e+03           46           46           46          126           100.0   0.0   0.0   0.0     0.0
          Time: Recv:      1.47 ms    0.0115 ms  8.11e+03 ns    0.0291 ms           78            85.9   5.5   4.7   3.9    60.5
          Time: Redu:      1.08 s       8.42 ms     0.247 ms      13.7 ms           17             7.0  22.7  43.0  27.3    38.6
          Time: Send:      14.5 ms     0.113 ms    0.0666 ms     0.266 ms          118            78.9  10.9   7.0   3.1    57.3
          Time: Test:     0.658 ms  5.14e+03 ns  1.34e+03 ns    0.0444 ms          127            93.0   3.9   1.6   1.6    88.4
          Time: Wait:     0.277 s       2.16 ms     0.135 ms      14.7 ms          112            84.4   0.0   7.8   7.8    85.3
Volume Recv TOTAL   :      31.9 MB       256 KB       256 KB       258 KB            0            99.2   0.0   0.0   0.8     0.8
Volume Recv0: <= 64B:     1.15e+03         9.01            9           10            0            99.2   0.0   0.0   0.8     9.9
Volume Recv1: <= 4KB:     1.67e+03           13           13           18            0            99.2   0.0   0.0   0.8    27.6
Volume Recv2: <= 2MB:          768            6            6            6          126           100.0   0.0   0.0   0.0     0.0
Volume Send TOTAL   :      32.2 MB       258 KB       258 KB       258 KB          126           100.0   0.0   0.0   0.0     0.0
Volume Send0: <= 64B:     1.28e+03           10           10           10          126           100.0   0.0   0.0   0.0     0.0
Volume Send1: <= 4KB:      2.3e+03           18           18           18          126           100.0   0.0   0.0   0.0     0.0
Volume Send2: <= 2MB:          768            6            6            6          126           100.0   0.0   0.0   0.0     0.0

Timestep 10      Time=0.0001      Next delT=1e-05       Wall Time=0.35089   EMA=0.0227665   Memory Used=124.24 MBs (avg) 125.13 MBs (max on rank: 25    )
Runtime Summary  summary stats for time step 10 at time=0.0001
  Description       Units       Minimum           Rank   Average (128)     Std. Dev.         Maximum           Rank   100*(1-ave/max) '% load imbalance'
  TaskExec          [seconds] : 0.00528027      : 112  : 0.0177348       : 0.00411058      : 0.0197171       : 72   : 10.0533
  TaskLocalComm     [seconds] : 0.000866264     : 0    : 0.00118032      : 0.000153595     : 0.00194188      : 76   : 39.2175
  TaskWaitCommTime  [seconds] : 0.000255441     : 76   : 0.00237328      : 0.00413379      : 0.0148729       : 112  : 84.0429
  NumberOfTasks     [tasks  ] : 6               : 0    : 6               : 0               : 6               : 0    : 0
  NumberOfPatches   [patches] : 1               : 0    : 1               : 0               : 1               : 0    : 0
  NumberOfCells     [cells  ] : 32768           : 0    : 32768           : 0               : 32768           : 0    : 0
  SCIMemoryUsed     [MBytes ] : 1.23335e+08     : 121  : 1.2424e+08      : 301008          : 1.25129e+08     : 25   : 0.710283
  SCIMemoryMaxUsed  [MBytes ] : 1.23335e+08     : 121  : 1.2424e+08      : 301008          : 1.25129e+08     : 25   : 0.710283
  MemoryUsed        [MBytes ] : 6.50674e+08     : 1    : 6.65448e+08     : 1.17729e+07     : 6.85052e+08     : 80   : 2.86167
  MemoryResident    [MBytes ] : 1.23335e+08     : 121  : 1.2424e+08      : 301008          : 1.25129e+08     : 25   : 0.710283
  Percentage of time spent in overhead : 1.48636
Sus: going down successfully
