Parallel: 64 MPI processes (using MPI)
Parallel: MPI Level Required: 0, provided: 0
Date:       Thu Aug 25 13:05:53 2022
Machine:    notch201
git branch:wasatch-low-cost-integ-cmake
git date:   Sat Jul 30 10:34:22 2022 -0600
git hash:   9315f9f96fa6304db4fe79378b145f37ea40016d
Assertion level: 0
CFLAGS:          
CXXFLAGS:        
______________________________________________________________________
Application Component: 	'wasatch'

-------------------------------------------------------------
Wasatch was built against:
  SpatialOps HASH: bd7a2bac76e42e2cb528b02e2cf1291d05c71926
             DATE: Fri Nov 12 11:34:54 2021 -0700
     ExprLib HASH: d2950c77edb22e5f3669ddaaf2d2ed29ceb24d2c
             DATE: Thu Aug 5 12:26:26 2021 -0600
    TabProps HASH: eca0dc5f26b20d4f6b1cebe51b1ae97e11871e83
             DATE: Wed Aug 11 20:11:26 2021 -0600
-------------------------------------------------------------

Linear Solver: 		hypre
Load Balancer: 		Simple
Scheduler: 		MPI
Patch layout: 		(4,4,4)
Grid statistics:
Number of levels:		1
Level 0:
  Periodic boundaries:		[int 1, 1, 1]
  Number of patches:		64
  Total number of cells:	2097152 (32768 avg. per patch)
Total patches in grid:		64
Total cells in grid:		2097152 (32768 avg. per patch)

Using small, individual MPI messages (no message combining)
Detected solver: hypre
SETTING UP CONVECTIVE FLUX EXPRESSION IN X DIRECTION USING CENTRAL
SETTING UP CONVECTIVE FLUX EXPRESSION IN Y DIRECTION USING CENTRAL
SETTING UP CONVECTIVE FLUX EXPRESSION IN Z DIRECTION USING CENTRAL
Setting initial conditions for scalability test equation: scalability0
SETTING UP CONVECTIVE FLUX EXPRESSION IN X DIRECTION USING CENTRAL
SETTING UP CONVECTIVE FLUX EXPRESSION IN Y DIRECTION USING CENTRAL
SETTING UP CONVECTIVE FLUX EXPRESSION IN Z DIRECTION USING CENTRAL
Setting initial conditions for scalability test equation: scalability1
SETTING UP CONVECTIVE FLUX EXPRESSION IN X DIRECTION USING CENTRAL
SETTING UP CONVECTIVE FLUX EXPRESSION IN Y DIRECTION USING CENTRAL
SETTING UP CONVECTIVE FLUX EXPRESSION IN Z DIRECTION USING CENTRAL
Setting initial conditions for scalability test equation: scalability2
SETTING UP CONVECTIVE FLUX EXPRESSION IN X DIRECTION USING CENTRAL
SETTING UP CONVECTIVE FLUX EXPRESSION IN Y DIRECTION USING CENTRAL
SETTING UP CONVECTIVE FLUX EXPRESSION IN Z DIRECTION USING CENTRAL
Setting initial conditions for scalability test equation: scalability3
SETTING UP CONVECTIVE FLUX EXPRESSION IN X DIRECTION USING CENTRAL
SETTING UP CONVECTIVE FLUX EXPRESSION IN Y DIRECTION USING CENTRAL
SETTING UP CONVECTIVE FLUX EXPRESSION IN Z DIRECTION USING CENTRAL
Setting initial conditions for scalability test equation: scalability4
------------------------------------------------
No BoundaryConditions specified
  This message will only occur once

Compiling initialization taskgraph.
------------------------------------------------
SETTING INITIAL BOUNDARY CONDITIONS:
------------------------------------------------
Setting Initial BCs for transport equation 'scalability0'
Setting Initial BCs for transport equation 'scalability1'
Setting Initial BCs for transport equation 'scalability2'
Setting Initial BCs for transport equation 'scalability3'
Setting Initial BCs for transport equation 'scalability4'
------------------------------------------------
Wasatch: done creating initialization task(s)
Scheduling Task 'compute timestep' COMPUTES 'delT' in NEW data warehouse
Wasatch: done creating timestep task(s)
Done with taskgraph compile (0.00011246 seconds)
Warning: addContribution not implemented for LoadBalancerCommon.
WARNING at time step 0 and sim time 0 : lowering the next delT from 1 to the maximum: 1e-05

________________________________________________________________________________
--------------------------------------------------------------------------------
MPIStats:+
--------------------------------------------------------------------------------
                Name:       Total:         Avg:         Min:         Max:    Max rank: Hist %% [  Q1 |  Q2 |  Q3 |  Q4 ]:  %%Load Imbalance
         Count: Gath:          128            2            2            2            0           100.0   0.0   0.0   0.0     0.0
         Count: Redu:           64            1            1            1            0           100.0   0.0   0.0   0.0     0.0
          Time: Gath:     0.532 s       8.32 ms      2.73 ms      9.37 ms           45             6.2   4.7   7.8  81.2    11.3
          Time: Redu:     0.376 s       5.88 ms     0.375 ms      7.81 ms            6            14.1  10.9   0.0  75.0    24.8
Volume Recv TOTAL   :      70.6 KB       1.1 KB       1.1 KB       1.1 KB            0           100.0   0.0   0.0   0.0     0.0
Volume Recv0: <= 64B:           64            1            1            1            0           100.0   0.0   0.0   0.0     0.0
Volume Recv1: <= 4KB:          128            2            2            2            0           100.0   0.0   0.0   0.0     0.0
Volume Send TOTAL   :      17.4 KB      278.5 B        277 B        281 B            0            62.5   0.0   0.0  37.5     0.9
Volume Send0: <= 64B:          128            2            2            2            0           100.0   0.0   0.0   0.0     0.0
Volume Send1: <= 4KB:           64            1            1            1            0           100.0   0.0   0.0   0.0     0.0


Simulation and run time stats are reported at the end of each time step
EMA == Wall time as an exponential moving average using a window of the last 10 time steps
Timestep 0       Time=0           Next delT=1e-05       Wall Time=0.0947347 EMA=0.0936553   Memory Used=107.97 MBs (avg) 108.46 MBs (max on rank: 24    )
Warning: finalizeContributions not implemented for LoadBalancerCommon.
Warning: resetCostForecaster not implemented for LoadBalancerCommon.
Compiling taskgraph(s)...
------------------------------------------------
SETTING BOUNDARY CONDITIONS:
------------------------------------------------
Setting BCs for transport equation 'scalability0'
Setting BCs for transport equation 'scalability1'
Setting BCs for transport equation 'scalability2'
Setting BCs for transport equation 'scalability3'
Setting BCs for transport equation 'scalability4'
------------------------------------------------
Wasatch: done creating solution task(s)
Wasatch: done creating post-processing task(s)
Scheduling Task 'compute timestep' COMPUTES 'delT' in NEW data warehouse
Wasatch: done creating timestep task(s)
Done with taskgraph compile (0.0144256 seconds)

________________________________________________________________________________
--------------------------------------------------------------------------------
MPIStats:+
--------------------------------------------------------------------------------
                Name:       Total:         Avg:         Min:         Max:    Max rank: Hist %% [  Q1 |  Q2 |  Q3 |  Q4 ]:  %%Load Imbalance
         Count: Recv:     1.66e+03           26           26           26            0           100.0   0.0   0.0   0.0     0.0
         Count: Redu:          512            8            8            8            0           100.0   0.0   0.0   0.0     0.0
         Count: Send:     1.66e+03           26           26           26            0           100.0   0.0   0.0   0.0     0.0
         Count: Test:          430         6.72            6           12           63            84.4   9.4   1.6   4.7    44.0
         Count: Wait:     2.94e+03           46           46           46            0           100.0   0.0   0.0   0.0     0.0
          Time: Recv:     0.744 ms    0.0116 ms   7.4e+03 ns    0.0218 ms           47            65.6  17.2   9.4   7.8    46.7
          Time: Redu:     0.276 s       4.31 ms     0.351 ms      7.61 ms           12            21.9   0.0  56.2  21.9    43.3
          Time: Send:      38.2 ms     0.597 ms     0.451 ms      1.12 ms           51            76.6  21.9   0.0   1.6    46.7
          Time: Test:       1.1 ms    0.0172 ms  4.06e+03 ns     0.129 ms           47            90.6   0.0   3.1   6.2    86.6
          Time: Wait:     0.162 s       2.52 ms     0.252 ms      4.34 ms           35            21.9   9.4  39.1  29.7    41.8
Volume Recv TOTAL   :        16 MB       256 KB       256 KB       258 KB            0            98.4   0.0   0.0   1.6     0.8
Volume Recv0: <= 64B:          577         9.02            9           10            0            98.4   0.0   0.0   1.6     9.8
Volume Recv1: <= 4KB:          837         13.1           13           18            0            98.4   0.0   0.0   1.6    27.3
Volume Recv2: <= 2MB:          384            6            6            6            0           100.0   0.0   0.0   0.0     0.0
Volume Send TOTAL   :      16.1 MB       258 KB       258 KB       258 KB            0           100.0   0.0   0.0   0.0     0.0
Volume Send0: <= 64B:          640           10           10           10            0           100.0   0.0   0.0   0.0     0.0
Volume Send1: <= 4KB:     1.15e+03           18           18           18            0           100.0   0.0   0.0   0.0     0.0
Volume Send2: <= 2MB:          384            6            6            6            0           100.0   0.0   0.0   0.0     0.0

Timestep 1       Time=1e-05       Next delT=1e-05       Wall Time=0.157466  EMA=0.0626824   Memory Used=113.24 MBs (avg) 113.73 MBs (max on rank: 11    )
Runtime Summary  summary stats for time step 1 at time=1e-05
  Description       Units       Minimum           Rank   Average (64)      Std. Dev.         Maximum           Rank   100*(1-ave/max) '% load imbalance'
  Compilation       [seconds] : 0.0133619       : 2    : 0.0142469       : 0.0011429       : 0.0170323       : 42   : 16.3538
  TaskExec          [seconds] : 0.0438861       : 26   : 0.0449386       : 0.000622596     : 0.046746        : 51   : 3.86649
  TaskLocalComm     [seconds] : 0.00117885      : 18   : 0.00146054      : 0.000189792     : 0.00212129      : 51   : 31.1486
  TaskWaitCommTime  [seconds] : 0.000383991     : 24   : 0.00264125      : 0.00126931      : 0.00443791      : 35   : 40.4844
  NumberOfTasks     [tasks  ] : 6               : 0    : 6               : 0               : 6               : 0    : 0
  NumberOfPatches   [patches] : 1               : 0    : 1               : 0               : 1               : 0    : 0
  NumberOfCells     [cells  ] : 32768           : 0    : 32768           : 0               : 32768           : 0    : 0
  SCIMemoryUsed     [MBytes ] : 1.1273e+08      : 23   : 1.13236e+08     : 219376          : 1.13725e+08     : 11   : 0.430623
  SCIMemoryMaxUsed  [MBytes ] : 1.1273e+08      : 23   : 1.13236e+08     : 219376          : 1.13725e+08     : 11   : 0.430623
  MemoryUsed        [MBytes ] : 6.62045e+08     : 3    : 6.62048e+08     : 1107.93         : 6.62049e+08     : 0    : 4.83348e-05
  MemoryResident    [MBytes ] : 1.1273e+08      : 23   : 1.13236e+08     : 219376          : 1.13725e+08     : 11   : 0.430623
  Percentage of time spent in overhead : 22.5114

________________________________________________________________________________
--------------------------------------------------------------------------------
MPIStats:+
--------------------------------------------------------------------------------
                Name:       Total:         Avg:         Min:         Max:    Max rank: Hist %% [  Q1 |  Q2 |  Q3 |  Q4 ]:  %%Load Imbalance
         Count: Recv:     1.66e+03           26           26           26            0           100.0   0.0   0.0   0.0     0.0
         Count: Redu:          512            8            8            8            0           100.0   0.0   0.0   0.0     0.0
         Count: Send:     1.66e+03           26           26           26            0           100.0   0.0   0.0   0.0     0.0
         Count: Test:          444         6.94            6           14           63            71.9  21.9   3.1   3.1    50.4
         Count: Wait:     2.94e+03           46           46           46            0           100.0   0.0   0.0   0.0     0.0
          Time: Recv:      0.85 ms    0.0133 ms  7.84e+03 ns    0.0416 ms           63            75.0  15.6   4.7   4.7    68.1
          Time: Redu:     0.238 s       3.72 ms     0.229 ms      9.24 ms           54            15.6  67.2   4.7  12.5    59.7
          Time: Send:      13.7 ms     0.213 ms     0.112 ms     0.396 ms           51            26.6  50.0  20.3   3.1    46.1
          Time: Test:     0.452 ms  7.06e+03 ns  2.17e+03 ns    0.0249 ms           11            70.3  10.9  14.1   4.7    71.7
          Time: Wait:      19.4 ms     0.304 ms     0.148 ms     0.456 ms           31            17.2  29.7  39.1  14.1    33.3
Volume Recv TOTAL   :        16 MB       256 KB       256 KB       258 KB            0            98.4   0.0   0.0   1.6     0.8
Volume Recv0: <= 64B:          577         9.02            9           10            0            98.4   0.0   0.0   1.6     9.8
Volume Recv1: <= 4KB:          837         13.1           13           18            0            98.4   0.0   0.0   1.6    27.3
Volume Recv2: <= 2MB:          384            6            6            6            0           100.0   0.0   0.0   0.0     0.0
Volume Send TOTAL   :      16.1 MB       258 KB       258 KB       258 KB            0           100.0   0.0   0.0   0.0     0.0
Volume Send0: <= 64B:          640           10           10           10            0           100.0   0.0   0.0   0.0     0.0
Volume Send1: <= 4KB:     1.15e+03           18           18           18            0           100.0   0.0   0.0   0.0     0.0
Volume Send2: <= 2MB:          384            6            6            6            0           100.0   0.0   0.0   0.0     0.0

Timestep 2       Time=2e-05       Next delT=1e-05       Wall Time=0.175703  EMA=0.0330529   Memory Used=114.46 MBs (avg) 115.00 MBs (max on rank: 11    )
Runtime Summary  summary stats for time step 2 at time=2e-05
  Description       Units       Minimum           Rank   Average (64)      Std. Dev.         Maximum           Rank   100*(1-ave/max) '% load imbalance'
  TaskExec          [seconds] : 0.0164711       : 60   : 0.0166965       : 9.4755e-05      : 0.0169618       : 46   : 1.56418
  TaskLocalComm     [seconds] : 0.000959813     : 0    : 0.00124365      : 0.000216864     : 0.00182631      : 51   : 31.9033
  TaskWaitCommTime  [seconds] : 0.000245591     : 51   : 0.000468391     : 8.98157e-05     : 0.000672182     : 17   : 30.3178
  NumberOfTasks     [tasks  ] : 6               : 0    : 6               : 0               : 6               : 0    : 0
  NumberOfPatches   [patches] : 1               : 0    : 1               : 0               : 1               : 0    : 0
  NumberOfCells     [cells  ] : 32768           : 0    : 32768           : 0               : 32768           : 0    : 0
  SCIMemoryUsed     [MBytes ] : 1.13983e+08     : 23   : 1.14465e+08     : 222978          : 1.15003e+08     : 11   : 0.468522
  SCIMemoryMaxUsed  [MBytes ] : 1.13983e+08     : 23   : 1.14465e+08     : 222978          : 1.15003e+08     : 11   : 0.468522
  MemoryUsed        [MBytes ] : 6.62987e+08     : 3    : 6.62991e+08     : 1237.44         : 6.62995e+08     : 0    : 0.000656415
  MemoryResident    [MBytes ] : 1.13983e+08     : 23   : 1.14465e+08     : 222978          : 1.15003e+08     : 11   : 0.468522
  Percentage of time spent in overhead : 11.2556

________________________________________________________________________________
--------------------------------------------------------------------------------
MPIStats:+
--------------------------------------------------------------------------------
                Name:       Total:         Avg:         Min:         Max:    Max rank: Hist %% [  Q1 |  Q2 |  Q3 |  Q4 ]:  %%Load Imbalance
         Count: Recv:     1.66e+03           26           26           26            0           100.0   0.0   0.0   0.0     0.0
         Count: Redu:          512            8            8            8            0           100.0   0.0   0.0   0.0     0.0
         Count: Send:     1.66e+03           26           26           26            0           100.0   0.0   0.0   0.0     0.0
         Count: Test:          438         6.84            6           13           63            76.6  17.2   4.7   1.6    47.4
         Count: Wait:     2.94e+03           46           46           46            0           100.0   0.0   0.0   0.0     0.0
          Time: Recv:     0.815 ms    0.0127 ms  8.18e+03 ns    0.0344 ms           30            75.0  14.1   6.2   4.7    63.0
          Time: Redu:     0.248 s       3.87 ms     0.198 ms      9.56 ms           46            15.6  67.2   0.0  17.2    59.5
          Time: Send:      8.78 ms     0.137 ms    0.0734 ms     0.234 ms           16            40.6  18.8  28.1  12.5    41.4
          Time: Test:     0.514 ms  8.03e+03 ns  2.13e+03 ns    0.0321 ms           44            68.8  15.6  12.5   3.1    75.0
          Time: Wait:      21.1 ms      0.33 ms     0.164 ms      0.49 ms           39            21.9  15.6  48.4  14.1    32.7
Volume Recv TOTAL   :        16 MB       256 KB       256 KB       258 KB            0            98.4   0.0   0.0   1.6     0.8
Volume Recv0: <= 64B:          577         9.02            9           10            0            98.4   0.0   0.0   1.6     9.8
Volume Recv1: <= 4KB:          837         13.1           13           18            0            98.4   0.0   0.0   1.6    27.3
Volume Recv2: <= 2MB:          384            6            6            6            0           100.0   0.0   0.0   0.0     0.0
Volume Send TOTAL   :      16.1 MB       258 KB       258 KB       258 KB            0           100.0   0.0   0.0   0.0     0.0
Volume Send0: <= 64B:          640           10           10           10            0           100.0   0.0   0.0   0.0     0.0
Volume Send1: <= 4KB:     1.15e+03           18           18           18            0           100.0   0.0   0.0   0.0     0.0
Volume Send2: <= 2MB:          384            6            6            6            0           100.0   0.0   0.0   0.0     0.0

Timestep 3       Time=3e-05       Next delT=1e-05       Wall Time=0.193439  EMA=0.0253943   Memory Used=116.19 MBs (avg) 116.71 MBs (max on rank: 11    )
Runtime Summary  summary stats for time step 3 at time=3e-05
  Description       Units       Minimum           Rank   Average (64)      Std. Dev.         Maximum           Rank   100*(1-ave/max) '% load imbalance'
  TaskExec          [seconds] : 0.0158167       : 32   : 0.0160191       : 9.26408e-05     : 0.0163073       : 54   : 1.76754
  TaskLocalComm     [seconds] : 0.000902753     : 46   : 0.00114984      : 0.000188416     : 0.00169781      : 16   : 32.2752
  TaskWaitCommTime  [seconds] : 0.000278441     : 54   : 0.000511692     : 0.000108736     : 0.000673553     : 39   : 24.0309
  NumberOfTasks     [tasks  ] : 6               : 0    : 6               : 0               : 6               : 0    : 0
  NumberOfPatches   [patches] : 1               : 0    : 1               : 0               : 1               : 0    : 0
  NumberOfCells     [cells  ] : 32768           : 0    : 32768           : 0               : 32768           : 0    : 0
  SCIMemoryUsed     [MBytes ] : 1.157e+08       : 23   : 1.16186e+08     : 223610          : 1.16711e+08     : 11   : 0.450369
  SCIMemoryMaxUsed  [MBytes ] : 1.157e+08       : 23   : 1.16186e+08     : 223610          : 1.16711e+08     : 11   : 0.450369
  MemoryUsed        [MBytes ] : 6.6456e+08      : 3    : 6.64563e+08     : 1203.34         : 6.64564e+08     : 0    : 5.77823e-05
  MemoryResident    [MBytes ] : 1.157e+08       : 23   : 1.16186e+08     : 223610          : 1.16711e+08     : 11   : 0.450369
  Percentage of time spent in overhead : 7.50322

________________________________________________________________________________
--------------------------------------------------------------------------------
MPIStats:+
--------------------------------------------------------------------------------
                Name:       Total:         Avg:         Min:         Max:    Max rank: Hist %% [  Q1 |  Q2 |  Q3 |  Q4 ]:  %%Load Imbalance
         Count: Recv:     1.66e+03           26           26           26            0           100.0   0.0   0.0   0.0     0.0
         Count: Redu:          512            8            8            8            0           100.0   0.0   0.0   0.0     0.0
         Count: Send:     1.66e+03           26           26           26            0           100.0   0.0   0.0   0.0     0.0
         Count: Test:          440         6.88            6           12           63            79.7   7.8   7.8   4.7    42.7
         Count: Wait:     2.94e+03           46           46           46            0           100.0   0.0   0.0   0.0     0.0
          Time: Recv:     0.783 ms    0.0122 ms  7.85e+03 ns    0.0469 ms           32            87.5   7.8   3.1   1.6    73.9
          Time: Redu:     0.235 s       3.67 ms     0.237 ms      9.78 ms           46            12.5  68.8  15.6   3.1    62.5
          Time: Send:      8.78 ms     0.137 ms    0.0825 ms     0.246 ms           30            46.9  26.6  12.5  14.1    44.1
          Time: Test:     0.514 ms  8.04e+03 ns  2.12e+03 ns    0.0432 ms           46            78.1  15.6   4.7   1.6    81.4
          Time: Wait:      24.6 ms     0.384 ms     0.147 ms     0.545 ms           35            15.6  15.6  29.7  39.1    29.5
Volume Recv TOTAL   :        16 MB       256 KB       256 KB       258 KB            0            98.4   0.0   0.0   1.6     0.8
Volume Recv0: <= 64B:          577         9.02            9           10            0            98.4   0.0   0.0   1.6     9.8
Volume Recv1: <= 4KB:          837         13.1           13           18            0            98.4   0.0   0.0   1.6    27.3
Volume Recv2: <= 2MB:          384            6            6            6            0           100.0   0.0   0.0   0.0     0.0
Volume Send TOTAL   :      16.1 MB       258 KB       258 KB       258 KB            0           100.0   0.0   0.0   0.0     0.0
Volume Send0: <= 64B:          640           10           10           10            0           100.0   0.0   0.0   0.0     0.0
Volume Send1: <= 4KB:     1.15e+03           18           18           18            0           100.0   0.0   0.0   0.0     0.0
Volume Send2: <= 2MB:          384            6            6            6            0           100.0   0.0   0.0   0.0     0.0

Timestep 4       Time=4e-05       Next delT=1e-05       Wall Time=0.210633  EMA=0.022114    Memory Used=115.39 MBs (avg) 115.94 MBs (max on rank: 11    )
Runtime Summary  summary stats for time step 4 at time=4e-05
  Description       Units       Minimum           Rank   Average (64)      Std. Dev.         Maximum           Rank   100*(1-ave/max) '% load imbalance'
  TaskExec          [seconds] : 0.015359        : 32   : 0.015537        : 9.24121e-05     : 0.0158223       : 54   : 1.80347
  TaskLocalComm     [seconds] : 0.000929963     : 46   : 0.00117024      : 0.00020505      : 0.0017672       : 16   : 33.7798
  TaskWaitCommTime  [seconds] : 0.000299081     : 30   : 0.0005753       : 0.000135725     : 0.000771642     : 20   : 25.4447
  NumberOfTasks     [tasks  ] : 6               : 0    : 6               : 0               : 6               : 0    : 0
  NumberOfPatches   [patches] : 1               : 0    : 1               : 0               : 1               : 0    : 0
  NumberOfCells     [cells  ] : 32768           : 0    : 32768           : 0               : 32768           : 0    : 0
  SCIMemoryUsed     [MBytes ] : 1.14926e+08     : 23   : 1.15387e+08     : 221812          : 1.15941e+08     : 11   : 0.478311
  SCIMemoryMaxUsed  [MBytes ] : 1.14926e+08     : 23   : 1.15387e+08     : 221812          : 1.15941e+08     : 11   : 0.478311
  MemoryUsed        [MBytes ] : 6.63618e+08     : 3    : 6.63621e+08     : 1288.51         : 6.63622e+08     : 0    : 6.75083e-05
  MemoryResident    [MBytes ] : 1.14926e+08     : 23   : 1.15387e+08     : 221812          : 1.15941e+08     : 11   : 0.478311
  Percentage of time spent in overhead : 5.62627

________________________________________________________________________________
--------------------------------------------------------------------------------
MPIStats:+
--------------------------------------------------------------------------------
                Name:       Total:         Avg:         Min:         Max:    Max rank: Hist %% [  Q1 |  Q2 |  Q3 |  Q4 ]:  %%Load Imbalance
         Count: Recv:     1.66e+03           26           26           26            0           100.0   0.0   0.0   0.0     0.0
         Count: Redu:          512            8            8            8            0           100.0   0.0   0.0   0.0     0.0
         Count: Send:     1.66e+03           26           26           26            0           100.0   0.0   0.0   0.0     0.0
         Count: Test:          440         6.88            6           13           61            76.6  17.2   3.1   3.1    47.1
         Count: Wait:     2.94e+03           46           46           46            0           100.0   0.0   0.0   0.0     0.0
          Time: Recv:     0.777 ms    0.0121 ms   8.2e+03 ns    0.0326 ms           62            76.6  15.6   6.2   1.6    62.8
          Time: Redu:     0.243 s        3.8 ms     0.218 ms      9.57 ms           54            12.5  68.8  12.5   6.2    60.3
          Time: Send:       7.9 ms     0.123 ms    0.0791 ms     0.267 ms           57            62.5  20.3  14.1   3.1    53.8
          Time: Test:     0.458 ms  7.16e+03 ns  1.98e+03 ns    0.0414 ms           58            82.8  12.5   3.1   1.6    82.7
          Time: Wait:      24.1 ms     0.376 ms     0.168 ms     0.542 ms            7            15.6  23.4  37.5  23.4    30.6
Volume Recv TOTAL   :        16 MB       256 KB       256 KB       258 KB            0            98.4   0.0   0.0   1.6     0.8
Volume Recv0: <= 64B:          577         9.02            9           10            0            98.4   0.0   0.0   1.6     9.8
Volume Recv1: <= 4KB:          837         13.1           13           18            0            98.4   0.0   0.0   1.6    27.3
Volume Recv2: <= 2MB:          384            6            6            6            0           100.0   0.0   0.0   0.0     0.0
Volume Send TOTAL   :      16.1 MB       258 KB       258 KB       258 KB            0           100.0   0.0   0.0   0.0     0.0
Volume Send0: <= 64B:          640           10           10           10            0           100.0   0.0   0.0   0.0     0.0
Volume Send1: <= 4KB:     1.15e+03           18           18           18            0           100.0   0.0   0.0   0.0     0.0
Volume Send2: <= 2MB:          384            6            6            6            0           100.0   0.0   0.0   0.0     0.0

Timestep 5       Time=5e-05       Next delT=1e-05       Wall Time=0.228186  EMA=0.0205938   Memory Used=116.46 MBs (avg) 117.01 MBs (max on rank: 11    )
Runtime Summary  summary stats for time step 5 at time=5e-05
  Description       Units       Minimum           Rank   Average (64)      Std. Dev.         Maximum           Rank   100*(1-ave/max) '% load imbalance'
  TaskExec          [seconds] : 0.0156739       : 32   : 0.0158439       : 9.52853e-05     : 0.0161544       : 54   : 1.92191
  TaskLocalComm     [seconds] : 0.000939224     : 46   : 0.00115501      : 0.000187728     : 0.00172899      : 32   : 33.1969
  TaskWaitCommTime  [seconds] : 0.000309781     : 54   : 0.000569735     : 0.000124639     : 0.000759023     : 7    : 24.9384
  NumberOfTasks     [tasks  ] : 6               : 0    : 6               : 0               : 6               : 0    : 0
  NumberOfPatches   [patches] : 1               : 0    : 1               : 0               : 1               : 0    : 0
  NumberOfCells     [cells  ] : 32768           : 0    : 32768           : 0               : 32768           : 0    : 0
  SCIMemoryUsed     [MBytes ] : 1.15991e+08     : 23   : 1.16456e+08     : 220128          : 1.17006e+08     : 11   : 0.470183
  SCIMemoryMaxUsed  [MBytes ] : 1.15991e+08     : 23   : 1.16456e+08     : 220128          : 1.17006e+08     : 11   : 0.470183
  MemoryUsed        [MBytes ] : 6.6456e+08      : 3    : 6.64563e+08     : 1203.34         : 6.64564e+08     : 0    : 5.77823e-05
  MemoryResident    [MBytes ] : 1.15991e+08     : 23   : 1.16456e+08     : 220128          : 1.17006e+08     : 11   : 0.470183
  Percentage of time spent in overhead : 4.49919

________________________________________________________________________________
--------------------------------------------------------------------------------
MPIStats:+
--------------------------------------------------------------------------------
                Name:       Total:         Avg:         Min:         Max:    Max rank: Hist %% [  Q1 |  Q2 |  Q3 |  Q4 ]:  %%Load Imbalance
         Count: Recv:     1.66e+03           26           26           26            0           100.0   0.0   0.0   0.0     0.0
         Count: Redu:          512            8            8            8            0           100.0   0.0   0.0   0.0     0.0
         Count: Send:     1.66e+03           26           26           26            0           100.0   0.0   0.0   0.0     0.0
         Count: Test:          437         6.83            6           12           63            79.7   7.8   7.8   4.7    43.1
         Count: Wait:     2.94e+03           46           46           46            0           100.0   0.0   0.0   0.0     0.0
          Time: Recv:     0.751 ms    0.0117 ms  7.97e+03 ns    0.0405 ms           42            84.4  10.9   3.1   1.6    71.0
          Time: Redu:     0.217 s       3.39 ms     0.198 ms      7.47 ms           54            14.1  62.5  10.9  12.5    54.6
          Time: Send:      7.55 ms     0.118 ms    0.0766 ms      0.23 ms           58            67.2   7.8  14.1  10.9    48.7
          Time: Test:     0.445 ms  6.95e+03 ns  1.99e+03 ns    0.0569 ms           46            89.1   9.4   0.0   1.6    87.8
          Time: Wait:      27.1 ms     0.423 ms     0.176 ms     0.533 ms           41            12.5   3.1  34.4  50.0    20.5
Volume Recv TOTAL   :        16 MB       256 KB       256 KB       258 KB            0            98.4   0.0   0.0   1.6     0.8
Volume Recv0: <= 64B:          577         9.02            9           10            0            98.4   0.0   0.0   1.6     9.8
Volume Recv1: <= 4KB:          837         13.1           13           18            0            98.4   0.0   0.0   1.6    27.3
Volume Recv2: <= 2MB:          384            6            6            6            0           100.0   0.0   0.0   0.0     0.0
Volume Send TOTAL   :      16.1 MB       258 KB       258 KB       258 KB            0           100.0   0.0   0.0   0.0     0.0
Volume Send0: <= 64B:          640           10           10           10            0           100.0   0.0   0.0   0.0     0.0
Volume Send1: <= 4KB:     1.15e+03           18           18           18            0           100.0   0.0   0.0   0.0     0.0
Volume Send2: <= 2MB:          384            6            6            6            0           100.0   0.0   0.0   0.0     0.0

Timestep 6       Time=6e-05       Next delT=1e-05       Wall Time=0.245261  EMA=0.0195879   Memory Used=115.64 MBs (avg) 116.19 MBs (max on rank: 11    )
Runtime Summary  summary stats for time step 6 at time=6e-05
  Description       Units       Minimum           Rank   Average (64)      Std. Dev.         Maximum           Rank   100*(1-ave/max) '% load imbalance'
  TaskExec          [seconds] : 0.0151314       : 42   : 0.0152815       : 6.94582e-05     : 0.0155965       : 54   : 2.01948
  TaskLocalComm     [seconds] : 0.000973383     : 38   : 0.0011272       : 0.000184063     : 0.00173979      : 24   : 35.2104
  TaskWaitCommTime  [seconds] : 0.000314991     : 42   : 0.000627582     : 0.00011387      : 0.000740012     : 16   : 15.193
  NumberOfTasks     [tasks  ] : 6               : 0    : 6               : 0               : 6               : 0    : 0
  NumberOfPatches   [patches] : 1               : 0    : 1               : 0               : 1               : 0    : 0
  NumberOfCells     [cells  ] : 32768           : 0    : 32768           : 0               : 32768           : 0    : 0
  SCIMemoryUsed     [MBytes ] : 1.15188e+08     : 23   : 1.15636e+08     : 219125          : 1.16191e+08     : 11   : 0.478274
  SCIMemoryMaxUsed  [MBytes ] : 1.15188e+08     : 23   : 1.15636e+08     : 219125          : 1.16191e+08     : 11   : 0.478274
  MemoryUsed        [MBytes ] : 6.63618e+08     : 3    : 6.63621e+08     : 1288.51         : 6.63622e+08     : 0    : 6.75083e-05
  MemoryResident    [MBytes ] : 1.15188e+08     : 23   : 1.15636e+08     : 219125          : 1.16191e+08     : 11   : 0.478274
  Percentage of time spent in overhead : 3.74677

________________________________________________________________________________
--------------------------------------------------------------------------------
MPIStats:+
--------------------------------------------------------------------------------
                Name:       Total:         Avg:         Min:         Max:    Max rank: Hist %% [  Q1 |  Q2 |  Q3 |  Q4 ]:  %%Load Imbalance
         Count: Recv:     1.66e+03           26           26           26            0           100.0   0.0   0.0   0.0     0.0
         Count: Redu:          512            8            8            8            0           100.0   0.0   0.0   0.0     0.0
         Count: Send:     1.66e+03           26           26           26            0           100.0   0.0   0.0   0.0     0.0
         Count: Test:          436         6.81            6           13           63            79.7  14.1   3.1   3.1    47.6
         Count: Wait:     2.94e+03           46           46           46            0           100.0   0.0   0.0   0.0     0.0
          Time: Recv:     0.773 ms    0.0121 ms  7.44e+03 ns    0.0375 ms           62            78.1  17.2   3.1   1.6    67.8
          Time: Redu:     0.213 s       3.33 ms      0.11 ms      6.87 ms            2             9.4  54.7  28.1   7.8    51.5
          Time: Send:      7.55 ms     0.118 ms    0.0736 ms     0.232 ms           19            68.8   4.7  17.2   9.4    49.1
          Time: Test:     0.459 ms  7.18e+03 ns  1.94e+03 ns    0.0324 ms           63            78.1   9.4   7.8   4.7    77.9
          Time: Wait:      24.6 ms     0.384 ms     0.167 ms       0.5 ms           47            12.5   6.2  32.8  48.4    23.2
Volume Recv TOTAL   :        16 MB       256 KB       256 KB       258 KB            0            98.4   0.0   0.0   1.6     0.8
Volume Recv0: <= 64B:          577         9.02            9           10            0            98.4   0.0   0.0   1.6     9.8
Volume Recv1: <= 4KB:          837         13.1           13           18            0            98.4   0.0   0.0   1.6    27.3
Volume Recv2: <= 2MB:          384            6            6            6            0           100.0   0.0   0.0   0.0     0.0
Volume Send TOTAL   :      16.1 MB       258 KB       258 KB       258 KB            0           100.0   0.0   0.0   0.0     0.0
Volume Send0: <= 64B:          640           10           10           10            0           100.0   0.0   0.0   0.0     0.0
Volume Send1: <= 4KB:     1.15e+03           18           18           18            0           100.0   0.0   0.0   0.0     0.0
Volume Send2: <= 2MB:          384            6            6            6            0           100.0   0.0   0.0   0.0     0.0

Timestep 7       Time=7e-05       Next delT=1e-05       Wall Time=0.262394  EMA=0.0189742   Memory Used=116.69 MBs (avg) 117.25 MBs (max on rank: 11    )
Runtime Summary  summary stats for time step 7 at time=7e-05
  Description       Units       Minimum           Rank   Average (64)      Std. Dev.         Maximum           Rank   100*(1-ave/max) '% load imbalance'
  TaskExec          [seconds] : 0.0150834       : 0    : 0.0154153       : 7.53845e-05     : 0.015583        : 42   : 1.07634
  TaskLocalComm     [seconds] : 0.000953583     : 14   : 0.00114612      : 0.000187873     : 0.00174144      : 0    : 34.1856
  TaskWaitCommTime  [seconds] : 0.000294661     : 30   : 0.000578157     : 9.65735e-05     : 0.000727972     : 11   : 20.5798
  NumberOfTasks     [tasks  ] : 6               : 0    : 6               : 0               : 6               : 0    : 0
  NumberOfPatches   [patches] : 1               : 0    : 1               : 0               : 1               : 0    : 0
  NumberOfCells     [cells  ] : 32768           : 0    : 32768           : 0               : 32768           : 0    : 0
  SCIMemoryUsed     [MBytes ] : 1.1624e+08      : 23   : 1.16694e+08     : 223114          : 1.17248e+08     : 11   : 0.472544
  SCIMemoryMaxUsed  [MBytes ] : 1.1624e+08      : 23   : 1.16694e+08     : 223114          : 1.17248e+08     : 11   : 0.472544
  MemoryUsed        [MBytes ] : 6.6456e+08      : 3    : 6.64563e+08     : 1203.34         : 6.64564e+08     : 0    : 5.77823e-05
  MemoryResident    [MBytes ] : 1.1624e+08      : 23   : 1.16694e+08     : 223114          : 1.17248e+08     : 11   : 0.472544
  Percentage of time spent in overhead : 3.20822

________________________________________________________________________________
--------------------------------------------------------------------------------
MPIStats:+
--------------------------------------------------------------------------------
                Name:       Total:         Avg:         Min:         Max:    Max rank: Hist %% [  Q1 |  Q2 |  Q3 |  Q4 ]:  %%Load Imbalance
         Count: Recv:     1.66e+03           26           26           26            0           100.0   0.0   0.0   0.0     0.0
         Count: Redu:          512            8            8            8            0           100.0   0.0   0.0   0.0     0.0
         Count: Send:     1.66e+03           26           26           26            0           100.0   0.0   0.0   0.0     0.0
         Count: Test:          437         6.83            6           12           63            78.1  12.5   4.7   4.7    43.1
         Count: Wait:     2.94e+03           46           46           46            0           100.0   0.0   0.0   0.0     0.0
          Time: Recv:     0.724 ms    0.0113 ms  7.97e+03 ns    0.0356 ms           62            87.5   6.2   3.1   3.1    68.2
          Time: Redu:     0.176 s       2.76 ms     0.277 ms      6.66 ms           54            12.5  75.0   7.8   4.7    58.7
          Time: Send:      6.62 ms     0.103 ms    0.0771 ms     0.211 ms           57            81.2   4.7   3.1  10.9    51.0
          Time: Test:     0.466 ms  7.28e+03 ns  1.98e+03 ns    0.0524 ms           54            85.9  12.5   0.0   1.6    86.1
          Time: Wait:      27.5 ms      0.43 ms     0.152 ms     0.583 ms           13             4.7  21.9  29.7  43.8    26.2
Volume Recv TOTAL   :        16 MB       256 KB       256 KB       258 KB            0            98.4   0.0   0.0   1.6     0.8
Volume Recv0: <= 64B:          577         9.02            9           10            0            98.4   0.0   0.0   1.6     9.8
Volume Recv1: <= 4KB:          837         13.1           13           18            0            98.4   0.0   0.0   1.6    27.3
Volume Recv2: <= 2MB:          384            6            6            6            0           100.0   0.0   0.0   0.0     0.0
Volume Send TOTAL   :      16.1 MB       258 KB       258 KB       258 KB            0           100.0   0.0   0.0   0.0     0.0
Volume Send0: <= 64B:          640           10           10           10            0           100.0   0.0   0.0   0.0     0.0
Volume Send1: <= 4KB:     1.15e+03           18           18           18            0           100.0   0.0   0.0   0.0     0.0
Volume Send2: <= 2MB:          384            6            6            6            0           100.0   0.0   0.0   0.0     0.0

Timestep 8       Time=8e-05       Next delT=1e-05       Wall Time=0.278884  EMA=0.0184224   Memory Used=115.86 MBs (avg) 116.40 MBs (max on rank: 11    )
Runtime Summary  summary stats for time step 8 at time=8e-05
  Description       Units       Minimum           Rank   Average (64)      Std. Dev.         Maximum           Rank   100*(1-ave/max) '% load imbalance'
  TaskExec          [seconds] : 0.0145744       : 0    : 0.0147921       : 6.74604e-05     : 0.0149962       : 54   : 1.36089
  TaskLocalComm     [seconds] : 0.000967714     : 32   : 0.00110055      : 0.000147403     : 0.00157565      : 0    : 30.1529
  TaskWaitCommTime  [seconds] : 0.000275441     : 0    : 0.000642345     : 9.97536e-05     : 0.000781742     : 13   : 17.8316
  NumberOfTasks     [tasks  ] : 6               : 0    : 6               : 0               : 6               : 0    : 0
  NumberOfPatches   [patches] : 1               : 0    : 1               : 0               : 1               : 0    : 0
  NumberOfCells     [cells  ] : 32768           : 0    : 32768           : 0               : 32768           : 0    : 0
  SCIMemoryUsed     [MBytes ] : 1.15409e+08     : 23   : 1.15863e+08     : 223812          : 1.164e+08       : 11   : 0.461635
  SCIMemoryMaxUsed  [MBytes ] : 1.15409e+08     : 23   : 1.15863e+08     : 223812          : 1.164e+08       : 11   : 0.461635
  MemoryUsed        [MBytes ] : 6.63618e+08     : 3    : 6.63621e+08     : 1288.51         : 6.63622e+08     : 0    : 6.75083e-05
  MemoryResident    [MBytes ] : 1.15409e+08     : 23   : 1.15863e+08     : 223812          : 1.164e+08       : 11   : 0.461635
  Percentage of time spent in overhead : 2.80314

________________________________________________________________________________
--------------------------------------------------------------------------------
MPIStats:+
--------------------------------------------------------------------------------
                Name:       Total:         Avg:         Min:         Max:    Max rank: Hist %% [  Q1 |  Q2 |  Q3 |  Q4 ]:  %%Load Imbalance
         Count: Recv:     1.66e+03           26           26           26            0           100.0   0.0   0.0   0.0     0.0
         Count: Redu:          512            8            8            8            0           100.0   0.0   0.0   0.0     0.0
         Count: Send:     1.66e+03           26           26           26            0           100.0   0.0   0.0   0.0     0.0
         Count: Test:          433         6.77            6           12           61            81.2  10.9   3.1   4.7    43.6
         Count: Wait:     2.94e+03           46           46           46            0           100.0   0.0   0.0   0.0     0.0
          Time: Recv:     0.731 ms    0.0114 ms  8.22e+03 ns    0.0446 ms           62            90.6   6.2   1.6   1.6    74.4
          Time: Redu:     0.188 s       2.94 ms     0.198 ms      6.02 ms           46             3.1  73.4  18.8   4.7    51.2
          Time: Send:      6.63 ms     0.104 ms    0.0755 ms     0.231 ms           28            82.8   3.1   7.8   6.2    55.2
          Time: Test:     0.411 ms  6.42e+03 ns  1.93e+03 ns    0.0261 ms           46            76.6  12.5   6.2   4.7    75.4
          Time: Wait:      30.2 ms     0.471 ms     0.176 ms     0.553 ms           35             3.1   0.0  23.4  73.4    14.8
Volume Recv TOTAL   :        16 MB       256 KB       256 KB       258 KB            0            98.4   0.0   0.0   1.6     0.8
Volume Recv0: <= 64B:          577         9.02            9           10            0            98.4   0.0   0.0   1.6     9.8
Volume Recv1: <= 4KB:          837         13.1           13           18            0            98.4   0.0   0.0   1.6    27.3
Volume Recv2: <= 2MB:          384            6            6            6            0           100.0   0.0   0.0   0.0     0.0
Volume Send TOTAL   :      16.1 MB       258 KB       258 KB       258 KB            0           100.0   0.0   0.0   0.0     0.0
Volume Send0: <= 64B:          640           10           10           10            0           100.0   0.0   0.0   0.0     0.0
Volume Send1: <= 4KB:     1.15e+03           18           18           18            0           100.0   0.0   0.0   0.0     0.0
Volume Send2: <= 2MB:          384            6            6            6            0           100.0   0.0   0.0   0.0     0.0

Timestep 9       Time=9e-05       Next delT=1e-05       Wall Time=0.295862  EMA=0.0181336   Memory Used=116.92 MBs (avg) 117.47 MBs (max on rank: 11    )
Runtime Summary  summary stats for time step 9 at time=9e-05
  Description       Units       Minimum           Rank   Average (64)      Std. Dev.         Maximum           Rank   100*(1-ave/max) '% load imbalance'
  TaskExec          [seconds] : 0.0151151       : 0    : 0.0152374       : 4.94489e-05     : 0.0153408       : 21   : 0.674141
  TaskLocalComm     [seconds] : 0.000990603     : 15   : 0.00109169      : 0.000131841     : 0.00169747      : 62   : 35.6872
  TaskWaitCommTime  [seconds] : 0.000315601     : 62   : 0.000697302     : 8.276e-05       : 0.000798532     : 52   : 12.677
  NumberOfTasks     [tasks  ] : 6               : 0    : 6               : 0               : 6               : 0    : 0
  NumberOfPatches   [patches] : 1               : 0    : 1               : 0               : 1               : 0    : 0
  NumberOfCells     [cells  ] : 32768           : 0    : 32768           : 0               : 32768           : 0    : 0
  SCIMemoryUsed     [MBytes ] : 1.16474e+08     : 23   : 1.16917e+08     : 224512          : 1.17469e+08     : 11   : 0.470401
  SCIMemoryMaxUsed  [MBytes ] : 1.16474e+08     : 23   : 1.16917e+08     : 224512          : 1.17469e+08     : 11   : 0.470401
  MemoryUsed        [MBytes ] : 6.6456e+08      : 3    : 6.64563e+08     : 1203.34         : 6.64564e+08     : 0    : 5.77823e-05
  MemoryResident    [MBytes ] : 1.16474e+08     : 23   : 1.16917e+08     : 224512          : 1.17469e+08     : 11   : 0.470401
  Percentage of time spent in overhead : 2.48686

________________________________________________________________________________
--------------------------------------------------------------------------------
MPIStats:+
--------------------------------------------------------------------------------
                Name:       Total:         Avg:         Min:         Max:    Max rank: Hist %% [  Q1 |  Q2 |  Q3 |  Q4 ]:  %%Load Imbalance
         Count: Recv:     1.66e+03           26           26           26            0           100.0   0.0   0.0   0.0     0.0
         Count: Redu:          512            8            8            8            0           100.0   0.0   0.0   0.0     0.0
         Count: Send:     1.66e+03           26           26           26            0           100.0   0.0   0.0   0.0     0.0
         Count: Test:          438         6.84            6           13           63            78.1  15.6   4.7   1.6    47.4
         Count: Wait:     2.94e+03           46           46           46            0           100.0   0.0   0.0   0.0     0.0
          Time: Recv:     0.703 ms     0.011 ms  7.84e+03 ns    0.0376 ms           62            90.6   6.2   1.6   1.6    70.8
          Time: Redu:      0.16 s        2.5 ms     0.212 ms      6.85 ms            2            12.5  82.8   0.0   4.7    63.4
          Time: Send:      6.57 ms     0.103 ms    0.0777 ms     0.212 ms           62            82.8   0.0   7.8   9.4    51.5
          Time: Test:      0.38 ms  5.93e+03 ns  1.87e+03 ns    0.0214 ms           63            73.4  10.9   9.4   6.2    72.3
          Time: Wait:      28.2 ms     0.441 ms     0.142 ms      0.57 ms           16             4.7   9.4  37.5  48.4    22.7
Volume Recv TOTAL   :        16 MB       256 KB       256 KB       258 KB            0            98.4   0.0   0.0   1.6     0.8
Volume Recv0: <= 64B:          577         9.02            9           10            0            98.4   0.0   0.0   1.6     9.8
Volume Recv1: <= 4KB:          837         13.1           13           18            0            98.4   0.0   0.0   1.6    27.3
Volume Recv2: <= 2MB:          384            6            6            6            0           100.0   0.0   0.0   0.0     0.0
Volume Send TOTAL   :      16.1 MB       258 KB       258 KB       258 KB            0           100.0   0.0   0.0   0.0     0.0
Volume Send0: <= 64B:          640           10           10           10            0           100.0   0.0   0.0   0.0     0.0
Volume Send1: <= 4KB:     1.15e+03           18           18           18            0           100.0   0.0   0.0   0.0     0.0
Volume Send2: <= 2MB:          384            6            6            6            0           100.0   0.0   0.0   0.0     0.0

Timestep 10      Time=0.0001      Next delT=1e-05       Wall Time=0.312275  EMA=0.0178205   Memory Used=116.07 MBs (avg) 116.61 MBs (max on rank: 11    )
Runtime Summary  summary stats for time step 10 at time=0.0001
  Description       Units       Minimum           Rank   Average (64)      Std. Dev.         Maximum           Rank   100*(1-ave/max) '% load imbalance'
  TaskExec          [seconds] : 0.014533        : 0    : 0.0147091       : 7.58437e-05     : 0.0149697       : 54   : 1.7408
  TaskLocalComm     [seconds] : 0.000944353     : 54   : 0.00108132      : 0.000131296     : 0.00174296      : 62   : 37.9604
  TaskWaitCommTime  [seconds] : 0.000279261     : 62   : 0.000671953     : 9.41892e-05     : 0.000809653     : 16   : 17.0073
  NumberOfTasks     [tasks  ] : 6               : 0    : 6               : 0               : 6               : 0    : 0
  NumberOfPatches   [patches] : 1               : 0    : 1               : 0               : 1               : 0    : 0
  NumberOfCells     [cells  ] : 32768           : 0    : 32768           : 0               : 32768           : 0    : 0
  SCIMemoryUsed     [MBytes ] : 1.1561e+08      : 23   : 1.16074e+08     : 226861          : 1.16613e+08     : 11   : 0.462164
  SCIMemoryMaxUsed  [MBytes ] : 1.1561e+08      : 23   : 1.16074e+08     : 226861          : 1.16613e+08     : 11   : 0.462164
  MemoryUsed        [MBytes ] : 6.63618e+08     : 3    : 6.63621e+08     : 1288.51         : 6.63622e+08     : 0    : 6.75083e-05
  MemoryResident    [MBytes ] : 1.1561e+08      : 23   : 1.16074e+08     : 226861          : 1.16613e+08     : 11   : 0.462164
  Percentage of time spent in overhead : 2.23257
Sus: going down successfully
