Parallel: 1024 MPI processes (using MPI)
Parallel: MPI Level Required: 0, provided: 0
Date:       Thu Aug 25 16:47:57 2022
Machine:    notch175
git branch:wasatch-low-cost-integ-cmake
git date:   Sat Jul 30 10:34:22 2022 -0600
git hash:   9315f9f96fa6304db4fe79378b145f37ea40016d
Assertion level: 0
CFLAGS:          
CXXFLAGS:        
______________________________________________________________________
Application Component: 	'wasatch'

-------------------------------------------------------------
Wasatch was built against:
  SpatialOps HASH: bd7a2bac76e42e2cb528b02e2cf1291d05c71926
             DATE: Fri Nov 12 11:34:54 2021 -0700
     ExprLib HASH: d2950c77edb22e5f3669ddaaf2d2ed29ceb24d2c
             DATE: Thu Aug 5 12:26:26 2021 -0600
    TabProps HASH: eca0dc5f26b20d4f6b1cebe51b1ae97e11871e83
             DATE: Wed Aug 11 20:11:26 2021 -0600
-------------------------------------------------------------

Linear Solver: 		hypre
Load Balancer: 		Simple
Scheduler: 		MPI
Patch layout: 		(16,8,8)
Grid statistics:
Number of levels:		1
Level 0:
  Periodic boundaries:		[int 1, 1, 1]
  Number of patches:		1024
  Total number of cells:	33554432 (32768 avg. per patch)
Total patches in grid:		1024
Total cells in grid:		33554432 (32768 avg. per patch)

Using small, individual MPI messages (no message combining)
Detected solver: hypre
SETTING UP CONVECTIVE FLUX EXPRESSION IN X DIRECTION USING CENTRAL
SETTING UP CONVECTIVE FLUX EXPRESSION IN Y DIRECTION USING CENTRAL
SETTING UP CONVECTIVE FLUX EXPRESSION IN Z DIRECTION USING CENTRAL
Setting initial conditions for scalability test equation: scalability0
SETTING UP CONVECTIVE FLUX EXPRESSION IN X DIRECTION USING CENTRAL
SETTING UP CONVECTIVE FLUX EXPRESSION IN Y DIRECTION USING CENTRAL
SETTING UP CONVECTIVE FLUX EXPRESSION IN Z DIRECTION USING CENTRAL
Setting initial conditions for scalability test equation: scalability1
SETTING UP CONVECTIVE FLUX EXPRESSION IN X DIRECTION USING CENTRAL
SETTING UP CONVECTIVE FLUX EXPRESSION IN Y DIRECTION USING CENTRAL
SETTING UP CONVECTIVE FLUX EXPRESSION IN Z DIRECTION USING CENTRAL
Setting initial conditions for scalability test equation: scalability2
SETTING UP CONVECTIVE FLUX EXPRESSION IN X DIRECTION USING CENTRAL
SETTING UP CONVECTIVE FLUX EXPRESSION IN Y DIRECTION USING CENTRAL
SETTING UP CONVECTIVE FLUX EXPRESSION IN Z DIRECTION USING CENTRAL
Setting initial conditions for scalability test equation: scalability3
SETTING UP CONVECTIVE FLUX EXPRESSION IN X DIRECTION USING CENTRAL
SETTING UP CONVECTIVE FLUX EXPRESSION IN Y DIRECTION USING CENTRAL
SETTING UP CONVECTIVE FLUX EXPRESSION IN Z DIRECTION USING CENTRAL
Setting initial conditions for scalability test equation: scalability4
------------------------------------------------
No BoundaryConditions specified
  This message will only occur once

Compiling initialization taskgraph.
------------------------------------------------
SETTING INITIAL BOUNDARY CONDITIONS:
------------------------------------------------
Setting Initial BCs for transport equation 'scalability0'
Setting Initial BCs for transport equation 'scalability1'
Setting Initial BCs for transport equation 'scalability2'
Setting Initial BCs for transport equation 'scalability3'
Setting Initial BCs for transport equation 'scalability4'
------------------------------------------------
Wasatch: done creating initialization task(s)
Scheduling Task 'compute timestep' COMPUTES 'delT' in NEW data warehouse
Wasatch: done creating timestep task(s)
Done with taskgraph compile (0.000481585 seconds)
Warning: addContribution not implemented for LoadBalancerCommon.
WARNING at time step 0 and sim time 0 : lowering the next delT from 1 to the maximum: 1e-05

________________________________________________________________________________
--------------------------------------------------------------------------------
MPIStats:+
--------------------------------------------------------------------------------
                Name:       Total:         Avg:         Min:         Max:    Max rank: Hist %% [  Q1 |  Q2 |  Q3 |  Q4 ]:  %%Load Imbalance
         Count: Comm:     1.02e+03            1            1            1         1022           100.0   0.0   0.0   0.0     0.0
         Count: Gath:     2.05e+03            2            2            2         1022           100.0   0.0   0.0   0.0     0.0
         Count: Redu:     1.02e+03            1            1            1         1022           100.0   0.0   0.0   0.0     0.0
          Time: Comm:      5.66 s       5.53 ms      1.86 ms         9 ms          198            47.1   2.9   3.2  46.8    38.6
          Time: Gath:      52.4 s       51.2 ms      11.2 ms      85.2 ms          552            11.0  35.5  32.9  20.5    39.9
          Time: Redu:      47.5 s       46.4 ms     0.196 ms      54.9 ms          843             6.2   6.2   0.0  87.5    15.5
Volume Recv TOTAL   :      7.29 MB      7.29 KB      7.29 KB      7.29 KB         1022           100.0   0.0   0.0   0.0     0.0
Volume Recv0: <= 64B:     1.02e+03            1            1            1         1022           100.0   0.0   0.0   0.0     0.0
Volume Recv1: <= 4KB:     1.02e+03            1            1            1         1022           100.0   0.0   0.0   0.0     0.0
Volume Recv2: <= 2MB:     1.02e+03            1            1            1         1022           100.0   0.0   0.0   0.0     0.0
Volume Send TOTAL   :       272 KB    272.031 B        269 B        273 B          774            24.2   0.0   0.0  75.8     0.4
Volume Send0: <= 64B:     2.05e+03            2            2            2         1022           100.0   0.0   0.0   0.0     0.0
Volume Send1: <= 4KB:     1.02e+03            1            1            1         1022           100.0   0.0   0.0   0.0     0.0


Simulation and run time stats are reported at the end of each time step
EMA == Wall time as an exponential moving average using a window of the last 10 time steps
Timestep 0       Time=0           Next delT=1e-05       Wall Time=0.129495  EMA=0.128894    Memory Used=117.29 MBs (avg) 118.26 MBs (max on rank: 732   )
Warning: finalizeContributions not implemented for LoadBalancerCommon.
Warning: resetCostForecaster not implemented for LoadBalancerCommon.
Compiling taskgraph(s)...
------------------------------------------------
SETTING BOUNDARY CONDITIONS:
------------------------------------------------
Setting BCs for transport equation 'scalability0'
Setting BCs for transport equation 'scalability1'
Setting BCs for transport equation 'scalability2'
Setting BCs for transport equation 'scalability3'
Setting BCs for transport equation 'scalability4'
------------------------------------------------
Wasatch: done creating solution task(s)
Wasatch: done creating solution task(s)
Wasatch: done creating solution task(s)
Wasatch: done creating post-processing task(s)
Scheduling Task 'compute timestep' COMPUTES 'delT' in NEW data warehouse
Wasatch: done creating timestep task(s)
Done with taskgraph compile (0.0232011 seconds)

________________________________________________________________________________
--------------------------------------------------------------------------------
MPIStats:+
--------------------------------------------------------------------------------
                Name:       Total:         Avg:         Min:         Max:    Max rank: Hist %% [  Q1 |  Q2 |  Q3 |  Q4 ]:  %%Load Imbalance
         Count: Recv:     7.99e+04           78           78           78         1022           100.0   0.0   0.0   0.0     0.0
         Count: Redu:     8.19e+03            8            8            8         1022           100.0   0.0   0.0   0.0     0.0
         Count: Send:     7.99e+04           78           78           78         1022           100.0   0.0   0.0   0.0     0.0
         Count: Test:     1.06e+04         10.3           10           19         1022            96.1   2.3   0.8   0.8    45.5
         Count: Wait:      1.5e+05          146          146          146         1022           100.0   0.0   0.0   0.0     0.0
          Time: Recv:     0.115 s      0.112 ms    0.0279 ms      0.64 ms          838            79.3  19.4   1.2   0.1    82.5
          Time: Redu:      34.3 s       33.5 ms     0.347 ms      57.7 ms          218            13.3  27.1  23.4  36.2    42.0
          Time: Send:      1.74 s        1.7 ms      1.26 ms      2.38 ms          838            20.2  55.8  20.9   3.1    28.5
          Time: Test:      14.6 ms    0.0143 ms  5.24e+03 ns     0.379 ms          383            99.0   0.5   0.1   0.4    96.2
          Time: Wait:      48.1 s         47 ms      10.4 ms      88.4 ms          343            10.5  52.1  27.1  10.3    46.8
Volume Recv TOTAL   :      1.55 GB      1.55 MB      1.55 MB      1.55 MB            0            99.9   0.0   0.0   0.1     0.1
Volume Recv0: <= 64B:     9.22e+03            9            9           10            0            99.9   0.0   0.0   0.1    10.0
Volume Recv1: <= 4KB:     5.43e+04           53           53           58            0            99.9   0.0   0.0   0.1     8.6
Volume Recv2: <= 2MB:     1.84e+04           18           18           18         1022           100.0   0.0   0.0   0.0     0.0
Volume Send TOTAL   :      1.55 GB      1.55 MB      1.55 MB      1.55 MB         1022           100.0   0.0   0.0   0.0     0.0
Volume Send0: <= 64B:     1.02e+04           10           10           10         1022           100.0   0.0   0.0   0.0     0.0
Volume Send1: <= 4KB:     5.94e+04           58           58           58         1022           100.0   0.0   0.0   0.0     0.0
Volume Send2: <= 2MB:     1.84e+04           18           18           18         1022           100.0   0.0   0.0   0.0     0.0

Timestep 1       Time=1e-05       Next delT=1e-05       Wall Time=0.270432  EMA=0.140898    Memory Used=126.23 MBs (avg) 128.67 MBs (max on rank: 932   )
Runtime Summary  summary stats for time step 1 at time=1e-05
  Description       Units       Minimum           Rank   Average (1024)    Std. Dev.         Maximum           Rank   100*(1-ave/max) '% load imbalance'
  Compilation       [seconds] : 0.0157221       : 136  : 0.0224287       : 0.00450092      : 0.0412439       : 506  : 45.6194
  TaskExec          [seconds] : 0.024991        : 343  : 0.0653541       : 0.0143235       : 0.0944002       : 179  : 30.7691
  TaskLocalComm     [seconds] : 0.00602588      : 837  : 0.00809881      : 0.000972283     : 0.0154479       : 838  : 47.5735
  TaskWaitCommTime  [seconds] : 0.012734        : 991  : 0.0485194       : 0.0156218       : 0.0896016       : 343  : 45.8498
  NumberOfTasks     [tasks  ] : 10              : 0    : 10              : 0               : 10              : 0    : 0
  NumberOfPatches   [patches] : 1               : 0    : 1               : 0               : 1               : 0    : 0
  NumberOfCells     [cells  ] : 32768           : 0    : 32768           : 0               : 32768           : 0    : 0
  SCIMemoryUsed     [MBytes ] : 1.25227e+08     : 323  : 1.26235e+08     : 317867          : 1.28672e+08     : 932  : 1.89378
  SCIMemoryMaxUsed  [MBytes ] : 1.25227e+08     : 323  : 1.26235e+08     : 317867          : 1.28672e+08     : 932  : 1.89378
  MemoryUsed        [MBytes ] : 6.22801e+08     : 515  : 6.38773e+08     : 5.74133e+06     : 6.59194e+08     : 160  : 3.09786
  MemoryResident    [MBytes ] : 1.25227e+08     : 323  : 1.26235e+08     : 317867          : 1.28672e+08     : 932  : 1.89378
  Percentage of time spent in overhead : 15.5322

________________________________________________________________________________
--------------------------------------------------------------------------------
MPIStats:+
--------------------------------------------------------------------------------
                Name:       Total:         Avg:         Min:         Max:    Max rank: Hist %% [  Q1 |  Q2 |  Q3 |  Q4 ]:  %%Load Imbalance
         Count: Recv:     7.99e+04           78           78           78         1022           100.0   0.0   0.0   0.0     0.0
         Count: Redu:     8.19e+03            8            8            8         1022           100.0   0.0   0.0   0.0     0.0
         Count: Send:     7.99e+04           78           78           78         1022           100.0   0.0   0.0   0.0     0.0
         Count: Test:      1.1e+04         10.7           10           20         1023            86.7  11.8   0.7   0.8    46.4
         Count: Wait:      1.5e+05          146          146          146         1022           100.0   0.0   0.0   0.0     0.0
          Time: Recv:      80.1 ms    0.0782 ms    0.0249 ms     0.524 ms          767            86.2  13.1   0.4   0.3    85.1
          Time: Redu:      18.8 s       18.3 ms     0.321 ms      30.9 ms          438             5.2  19.8  59.9  15.1    40.7
          Time: Send:      1.21 s       1.19 ms     0.753 ms      5.11 ms          612            99.6   0.3   0.0   0.1    76.8
          Time: Test:      11.3 ms     0.011 ms  3.38e+03 ns     0.292 ms          463            99.5   0.3   0.0   0.2    96.2
          Time: Wait:        25 s       24.4 ms      8.38 ms        47 ms          676            11.0  66.1  19.5   3.3    48.2
Volume Recv TOTAL   :      1.55 GB      1.55 MB      1.55 MB      1.55 MB            0            99.9   0.0   0.0   0.1     0.1
Volume Recv0: <= 64B:     9.22e+03            9            9           10            0            99.9   0.0   0.0   0.1    10.0
Volume Recv1: <= 4KB:     5.43e+04           53           53           58            0            99.9   0.0   0.0   0.1     8.6
Volume Recv2: <= 2MB:     1.84e+04           18           18           18         1022           100.0   0.0   0.0   0.0     0.0
Volume Send TOTAL   :      1.55 GB      1.55 MB      1.55 MB      1.55 MB         1022           100.0   0.0   0.0   0.0     0.0
Volume Send0: <= 64B:     1.02e+04           10           10           10         1022           100.0   0.0   0.0   0.0     0.0
Volume Send1: <= 4KB:     5.94e+04           58           58           58         1022           100.0   0.0   0.0   0.0     0.0
Volume Send2: <= 2MB:     1.84e+04           18           18           18         1022           100.0   0.0   0.0   0.0     0.0

Timestep 2       Time=2e-05       Next delT=1e-05       Wall Time=0.347891  EMA=0.0986044   Memory Used=128.01 MBs (avg) 129.78 MBs (max on rank: 932   )
Runtime Summary  summary stats for time step 2 at time=2e-05
  Description       Units       Minimum           Rank   Average (1024)    Std. Dev.         Maximum           Rank   100*(1-ave/max) '% load imbalance'
  TaskExec          [seconds] : 0.0242105       : 676  : 0.0467778       : 0.00578991      : 0.0623113       : 903  : 24.9289
  TaskLocalComm     [seconds] : 0.00560107      : 865  : 0.00759056      : 0.000964874     : 0.013003        : 612  : 41.6246
  TaskWaitCommTime  [seconds] : 0.00989925      : 903  : 0.0259146       : 0.00583696      : 0.0485346       : 676  : 46.6058
  NumberOfTasks     [tasks  ] : 10              : 0    : 10              : 0               : 10              : 0    : 0
  NumberOfPatches   [patches] : 1               : 0    : 1               : 0               : 1               : 0    : 0
  NumberOfCells     [cells  ] : 32768           : 0    : 32768           : 0               : 32768           : 0    : 0
  SCIMemoryUsed     [MBytes ] : 1.26996e+08     : 323  : 1.28006e+08     : 298012          : 1.29778e+08     : 932  : 1.36489
  SCIMemoryMaxUsed  [MBytes ] : 1.26996e+08     : 323  : 1.28006e+08     : 298012          : 1.29778e+08     : 932  : 1.36489
  MemoryUsed        [MBytes ] : 6.24386e+08     : 515  : 6.40414e+08     : 5.67206e+06     : 6.60156e+08     : 160  : 2.99052
  MemoryResident    [MBytes ] : 1.26996e+08     : 323  : 1.28006e+08     : 298012          : 1.29778e+08     : 932  : 1.36489
  Percentage of time spent in overhead : 7.76605

________________________________________________________________________________
--------------------------------------------------------------------------------
MPIStats:+
--------------------------------------------------------------------------------
                Name:       Total:         Avg:         Min:         Max:    Max rank: Hist %% [  Q1 |  Q2 |  Q3 |  Q4 ]:  %%Load Imbalance
         Count: Recv:     7.99e+04           78           78           78         1022           100.0   0.0   0.0   0.0     0.0
         Count: Redu:     8.19e+03            8            8            8         1022           100.0   0.0   0.0   0.0     0.0
         Count: Send:     7.99e+04           78           78           78         1022           100.0   0.0   0.0   0.0     0.0
         Count: Test:     1.09e+04         10.6           10           21         1023            88.8  10.4   0.5   0.4    49.3
         Count: Wait:      1.5e+05          146          146          146         1022           100.0   0.0   0.0   0.0     0.0
          Time: Recv:        66 ms    0.0645 ms    0.0266 ms     0.379 ms          690            87.7   8.6   2.8   0.9    83.0
          Time: Redu:      16.8 s       16.4 ms     0.255 ms      26.2 ms          255             1.3  16.4  63.7  18.7    37.3
          Time: Send:      0.62 s      0.606 ms     0.215 ms      1.19 ms          440            18.0  54.4  25.5   2.1    49.1
          Time: Test:      10.1 ms  9.85e+03 ns     3e+03 ns    0.0627 ms         1021            88.4   8.7   2.3   0.6    84.3
          Time: Wait:      21.8 s       21.3 ms      3.52 ms      44.5 ms          962             4.1  69.2  25.3   1.4    52.2
Volume Recv TOTAL   :      1.55 GB      1.55 MB      1.55 MB      1.55 MB            0            99.9   0.0   0.0   0.1     0.1
Volume Recv0: <= 64B:     9.22e+03            9            9           10            0            99.9   0.0   0.0   0.1    10.0
Volume Recv1: <= 4KB:     5.43e+04           53           53           58            0            99.9   0.0   0.0   0.1     8.6
Volume Recv2: <= 2MB:     1.84e+04           18           18           18         1022           100.0   0.0   0.0   0.0     0.0
Volume Send TOTAL   :      1.55 GB      1.55 MB      1.55 MB      1.55 MB         1022           100.0   0.0   0.0   0.0     0.0
Volume Send0: <= 64B:     1.02e+04           10           10           10         1022           100.0   0.0   0.0   0.0     0.0
Volume Send1: <= 4KB:     5.94e+04           58           58           58         1022           100.0   0.0   0.0   0.0     0.0
Volume Send2: <= 2MB:     1.84e+04           18           18           18         1022           100.0   0.0   0.0   0.0     0.0

Timestep 3       Time=3e-05       Next delT=1e-05       Wall Time=0.419783  EMA=0.0852487   Memory Used=129.64 MBs (avg) 130.63 MBs (max on rank: 732   )
Runtime Summary  summary stats for time step 3 at time=3e-05
  Description       Units       Minimum           Rank   Average (1024)    Std. Dev.         Maximum           Rank   100*(1-ave/max) '% load imbalance'
  TaskExec          [seconds] : 0.0206524       : 962  : 0.0441332       : 0.00509233      : 0.0612526       : 375  : 27.9489
  TaskLocalComm     [seconds] : 0.00436341      : 265  : 0.00698215      : 0.000863613     : 0.01118         : 59   : 37.5477
  TaskWaitCommTime  [seconds] : 0.00507448      : 375  : 0.022812        : 0.00517951      : 0.0464092       : 962  : 50.8459
  NumberOfTasks     [tasks  ] : 10              : 0    : 10              : 0               : 10              : 0    : 0
  NumberOfPatches   [patches] : 1               : 0    : 1               : 0               : 1               : 0    : 0
  NumberOfCells     [cells  ] : 32768           : 0    : 32768           : 0               : 32768           : 0    : 0
  SCIMemoryUsed     [MBytes ] : 1.28643e+08     : 323  : 1.29636e+08     : 276641          : 1.30626e+08     : 732  : 0.757368
  SCIMemoryMaxUsed  [MBytes ] : 1.28643e+08     : 323  : 1.29636e+08     : 276641          : 1.30626e+08     : 732  : 0.757368
  MemoryUsed        [MBytes ] : 6.30026e+08     : 961  : 6.42017e+08     : 5.61349e+06     : 6.60259e+08     : 32   : 2.7629
  MemoryResident    [MBytes ] : 1.28643e+08     : 323  : 1.29636e+08     : 276641          : 1.30626e+08     : 732  : 0.757368
  Percentage of time spent in overhead : 5.177

________________________________________________________________________________
--------------------------------------------------------------------------------
MPIStats:+
--------------------------------------------------------------------------------
                Name:       Total:         Avg:         Min:         Max:    Max rank: Hist %% [  Q1 |  Q2 |  Q3 |  Q4 ]:  %%Load Imbalance
         Count: Recv:     7.99e+04           78           78           78         1022           100.0   0.0   0.0   0.0     0.0
         Count: Redu:     8.19e+03            8            8            8         1022           100.0   0.0   0.0   0.0     0.0
         Count: Send:     7.99e+04           78           78           78         1022           100.0   0.0   0.0   0.0     0.0
         Count: Test:     1.09e+04         10.7           10           20         1023            88.0  10.4   1.0   0.7    46.7
         Count: Wait:      1.5e+05          146          146          146         1022           100.0   0.0   0.0   0.0     0.0
          Time: Recv:      64.8 ms    0.0632 ms    0.0269 ms     0.416 ms          894            89.5   7.9   1.9   0.8    84.8
          Time: Redu:      10.8 s       10.6 ms     0.254 ms      22.2 ms          571            15.2  35.5  44.5   4.7    52.5
          Time: Send:     0.581 s      0.568 ms     0.212 ms      1.38 ms           60            41.2  47.0  10.6   1.2    58.9
          Time: Test:      10.3 ms    0.0101 ms  2.74e+03 ns     0.229 ms          167            99.5   0.4   0.0   0.1    95.6
          Time: Wait:      22.3 s       21.8 ms      8.56 ms      39.2 ms          768            17.0  49.1  26.8   7.1    44.4
Volume Recv TOTAL   :      1.55 GB      1.55 MB      1.55 MB      1.55 MB            0            99.9   0.0   0.0   0.1     0.1
Volume Recv0: <= 64B:     9.22e+03            9            9           10            0            99.9   0.0   0.0   0.1    10.0
Volume Recv1: <= 4KB:     5.43e+04           53           53           58            0            99.9   0.0   0.0   0.1     8.6
Volume Recv2: <= 2MB:     1.84e+04           18           18           18         1022           100.0   0.0   0.0   0.0     0.0
Volume Send TOTAL   :      1.55 GB      1.55 MB      1.55 MB      1.55 MB         1022           100.0   0.0   0.0   0.0     0.0
Volume Send0: <= 64B:     1.02e+04           10           10           10         1022           100.0   0.0   0.0   0.0     0.0
Volume Send1: <= 4KB:     5.94e+04           58           58           58         1022           100.0   0.0   0.0   0.0     0.0
Volume Send2: <= 2MB:     1.84e+04           18           18           18         1022           100.0   0.0   0.0   0.0     0.0

Timestep 4       Time=4e-05       Next delT=1e-05       Wall Time=0.487853  EMA=0.0783771   Memory Used=129.66 MBs (avg) 130.70 MBs (max on rank: 272   )
Runtime Summary  summary stats for time step 4 at time=4e-05
  Description       Units       Minimum           Rank   Average (1024)    Std. Dev.         Maximum           Rank   100*(1-ave/max) '% load imbalance'
  TaskExec          [seconds] : 0.0233374       : 131  : 0.0401215       : 0.00575464      : 0.0530853       : 575  : 24.4207
  TaskLocalComm     [seconds] : 0.00456124      : 668  : 0.00703562      : 0.000881353     : 0.0103265       : 371  : 31.8686
  TaskWaitCommTime  [seconds] : 0.0098398       : 575  : 0.0231263       : 0.00579865      : 0.0401312       : 768  : 42.3734
  NumberOfTasks     [tasks  ] : 10              : 0    : 10              : 0               : 10              : 0    : 0
  NumberOfPatches   [patches] : 1               : 0    : 1               : 0               : 1               : 0    : 0
  NumberOfCells     [cells  ] : 32768           : 0    : 32768           : 0               : 32768           : 0    : 0
  SCIMemoryUsed     [MBytes ] : 1.28643e+08     : 323  : 1.29661e+08     : 293335          : 1.30703e+08     : 272  : 0.797644
  SCIMemoryMaxUsed  [MBytes ] : 1.28643e+08     : 323  : 1.29661e+08     : 293335          : 1.30703e+08     : 272  : 0.797644
  MemoryUsed        [MBytes ] : 6.30026e+08     : 961  : 6.42042e+08     : 5.59367e+06     : 6.60259e+08     : 32   : 2.75903
  MemoryResident    [MBytes ] : 1.28643e+08     : 323  : 1.29661e+08     : 293335          : 1.30703e+08     : 272  : 0.797644
  Percentage of time spent in overhead : 3.88196

________________________________________________________________________________
--------------------------------------------------------------------------------
MPIStats:+
--------------------------------------------------------------------------------
                Name:       Total:         Avg:         Min:         Max:    Max rank: Hist %% [  Q1 |  Q2 |  Q3 |  Q4 ]:  %%Load Imbalance
         Count: Recv:     7.99e+04           78           78           78         1022           100.0   0.0   0.0   0.0     0.0
         Count: Redu:     8.19e+03            8            8            8         1022           100.0   0.0   0.0   0.0     0.0
         Count: Send:     7.99e+04           78           78           78         1022           100.0   0.0   0.0   0.0     0.0
         Count: Test:     1.09e+04         10.7           10           20         1023            88.3  10.2   0.9   0.7    46.7
         Count: Wait:      1.5e+05          146          146          146         1022           100.0   0.0   0.0   0.0     0.0
          Time: Recv:        63 ms    0.0615 ms    0.0257 ms     0.406 ms          640            89.3   8.1   2.4   0.2    84.8
          Time: Redu:      15.9 s       15.5 ms     0.243 ms      26.6 ms          538             2.6  28.1  54.6  14.6    41.8
          Time: Send:     0.486 s      0.475 ms     0.196 ms      1.19 ms          890            48.3  40.1  10.5   1.0    60.3
          Time: Test:      10.1 ms   9.9e+03 ns  3.18e+03 ns     0.266 ms          103            99.8   0.1   0.0   0.1    96.3
          Time: Wait:      21.1 s       20.6 ms      6.32 ms      43.8 ms          106            18.1  61.5  19.3   1.1    52.9
Volume Recv TOTAL   :      1.55 GB      1.55 MB      1.55 MB      1.55 MB            0            99.9   0.0   0.0   0.1     0.1
Volume Recv0: <= 64B:     9.22e+03            9            9           10            0            99.9   0.0   0.0   0.1    10.0
Volume Recv1: <= 4KB:     5.43e+04           53           53           58            0            99.9   0.0   0.0   0.1     8.6
Volume Recv2: <= 2MB:     1.84e+04           18           18           18         1022           100.0   0.0   0.0   0.0     0.0
Volume Send TOTAL   :      1.55 GB      1.55 MB      1.55 MB      1.55 MB         1022           100.0   0.0   0.0   0.0     0.0
Volume Send0: <= 64B:     1.02e+04           10           10           10         1022           100.0   0.0   0.0   0.0     0.0
Volume Send1: <= 4KB:     5.94e+04           58           58           58         1022           100.0   0.0   0.0   0.0     0.0
Volume Send2: <= 2MB:     1.84e+04           18           18           18         1022           100.0   0.0   0.0   0.0     0.0

Timestep 5       Time=5e-05       Next delT=1e-05       Wall Time=0.558757  EMA=0.0758863   Memory Used=129.77 MBs (avg) 130.90 MBs (max on rank: 732   )
Runtime Summary  summary stats for time step 5 at time=5e-05
  Description       Units       Minimum           Rank   Average (1024)    Std. Dev.         Maximum           Rank   100*(1-ave/max) '% load imbalance'
  TaskExec          [seconds] : 0.0205002       : 106  : 0.044017        : 0.00535291      : 0.0574925       : 375  : 23.4388
  TaskLocalComm     [seconds] : 0.0043523       : 191  : 0.00679717      : 0.000843873     : 0.0115083       : 43   : 40.9366
  TaskWaitCommTime  [seconds] : 0.00785468      : 375  : 0.0220739       : 0.0054576       : 0.0454965       : 106  : 51.4821
  NumberOfTasks     [tasks  ] : 10              : 0    : 10              : 0               : 10              : 0    : 0
  NumberOfPatches   [patches] : 1               : 0    : 1               : 0               : 1               : 0    : 0
  NumberOfCells     [cells  ] : 32768           : 0    : 32768           : 0               : 32768           : 0    : 0
  SCIMemoryUsed     [MBytes ] : 1.27955e+08     : 583  : 1.29767e+08     : 323189          : 1.30896e+08     : 732  : 0.862499
  SCIMemoryMaxUsed  [MBytes ] : 1.27955e+08     : 583  : 1.29767e+08     : 323189          : 1.30896e+08     : 732  : 0.862499
  MemoryUsed        [MBytes ] : 6.30026e+08     : 961  : 6.42051e+08     : 5.58875e+06     : 6.60259e+08     : 32   : 2.75763
  MemoryResident    [MBytes ] : 1.27955e+08     : 583  : 1.29767e+08     : 323189          : 1.30896e+08     : 732  : 0.862499
  Percentage of time spent in overhead : 3.10431

________________________________________________________________________________
--------------------------------------------------------------------------------
MPIStats:+
--------------------------------------------------------------------------------
                Name:       Total:         Avg:         Min:         Max:    Max rank: Hist %% [  Q1 |  Q2 |  Q3 |  Q4 ]:  %%Load Imbalance
         Count: Recv:     7.99e+04           78           78           78         1022           100.0   0.0   0.0   0.0     0.0
         Count: Redu:     8.19e+03            8            8            8         1022           100.0   0.0   0.0   0.0     0.0
         Count: Send:     7.99e+04           78           78           78         1022           100.0   0.0   0.0   0.0     0.0
         Count: Test:     1.08e+04         10.6           10           20         1023            90.4   8.0   1.0   0.6    47.1
         Count: Wait:      1.5e+05          146          146          146         1022           100.0   0.0   0.0   0.0     0.0
          Time: Recv:      60.5 ms     0.059 ms    0.0269 ms     0.383 ms          384            91.4   6.0   1.9   0.8    84.6
          Time: Redu:      14.8 s       14.4 ms     0.298 ms      25.4 ms          234             6.2  20.4  65.1   8.2    43.3
          Time: Send:     0.483 s      0.472 ms       0.2 ms      1.01 ms          261            40.4  38.3  17.1   4.2    53.2
          Time: Test:      9.73 ms   9.5e+03 ns  3.03e+03 ns    0.0614 ms          967            89.0   7.9   2.4   0.7    84.5
          Time: Wait:      23.1 s       22.5 ms      11.7 ms      45.7 ms          127            38.5  49.1   9.4   3.0    50.7
Volume Recv TOTAL   :      1.55 GB      1.55 MB      1.55 MB      1.55 MB            0            99.9   0.0   0.0   0.1     0.1
Volume Recv0: <= 64B:     9.22e+03            9            9           10            0            99.9   0.0   0.0   0.1    10.0
Volume Recv1: <= 4KB:     5.43e+04           53           53           58            0            99.9   0.0   0.0   0.1     8.6
Volume Recv2: <= 2MB:     1.84e+04           18           18           18         1022           100.0   0.0   0.0   0.0     0.0
Volume Send TOTAL   :      1.55 GB      1.55 MB      1.55 MB      1.55 MB         1022           100.0   0.0   0.0   0.0     0.0
Volume Send0: <= 64B:     1.02e+04           10           10           10         1022           100.0   0.0   0.0   0.0     0.0
Volume Send1: <= 4KB:     5.94e+04           58           58           58         1022           100.0   0.0   0.0   0.0     0.0
Volume Send2: <= 2MB:     1.84e+04           18           18           18         1022           100.0   0.0   0.0   0.0     0.0

Timestep 6       Time=6e-05       Next delT=1e-05       Wall Time=0.631015  EMA=0.0748494   Memory Used=129.94 MBs (avg) 131.00 MBs (max on rank: 272   )
Runtime Summary  summary stats for time step 6 at time=6e-05
  Description       Units       Minimum           Rank   Average (1024)    Std. Dev.         Maximum           Rank   100*(1-ave/max) '% load imbalance'
  TaskExec          [seconds] : 0.0206603       : 127  : 0.0435842       : 0.00598335      : 0.055143        : 159  : 20.9615
  TaskLocalComm     [seconds] : 0.0047595       : 145  : 0.00692045      : 0.000844688     : 0.0120889       : 711  : 42.7536
  TaskWaitCommTime  [seconds] : 0.0124754       : 159  : 0.0239185       : 0.00608041      : 0.047235        : 127  : 49.3627
  NumberOfTasks     [tasks  ] : 10              : 0    : 10              : 0               : 10              : 0    : 0
  NumberOfPatches   [patches] : 1               : 0    : 1               : 0               : 1               : 0    : 0
  NumberOfCells     [cells  ] : 32768           : 0    : 32768           : 0               : 32768           : 0    : 0
  SCIMemoryUsed     [MBytes ] : 1.28913e+08     : 323  : 1.29941e+08     : 295738          : 1.31002e+08     : 272  : 0.810547
  SCIMemoryMaxUsed  [MBytes ] : 1.28913e+08     : 323  : 1.29941e+08     : 295738          : 1.31002e+08     : 272  : 0.810547
  MemoryUsed        [MBytes ] : 6.30026e+08     : 961  : 6.42069e+08     : 5.56527e+06     : 6.60259e+08     : 32   : 2.75492
  MemoryResident    [MBytes ] : 1.28913e+08     : 323  : 1.29941e+08     : 295738          : 1.31002e+08     : 272  : 0.810547
  Percentage of time spent in overhead : 2.58516

________________________________________________________________________________
--------------------------------------------------------------------------------
MPIStats:+
--------------------------------------------------------------------------------
                Name:       Total:         Avg:         Min:         Max:    Max rank: Hist %% [  Q1 |  Q2 |  Q3 |  Q4 ]:  %%Load Imbalance
         Count: Recv:     7.99e+04           78           78           78         1022           100.0   0.0   0.0   0.0     0.0
         Count: Redu:     8.19e+03            8            8            8         1022           100.0   0.0   0.0   0.0     0.0
         Count: Send:     7.99e+04           78           78           78         1022           100.0   0.0   0.0   0.0     0.0
         Count: Test:     1.09e+04         10.7           10           21         1023            88.0  11.2   0.3   0.5    49.2
         Count: Wait:      1.5e+05          146          146          146         1022           100.0   0.0   0.0   0.0     0.0
          Time: Recv:      57.5 ms    0.0561 ms    0.0263 ms     0.423 ms          230            94.7   3.0   1.7   0.6    86.7
          Time: Redu:      10.4 s       10.2 ms      0.21 ms      21.1 ms          659            11.0  45.1  38.2   5.7    51.8
          Time: Send:     0.419 s      0.409 ms     0.203 ms      1.17 ms          339            66.4  27.6   5.5   0.5    65.0
          Time: Test:      10.3 ms      0.01 ms  3.36e+03 ns     0.178 ms          986            98.7   1.2   0.0   0.1    94.4
          Time: Wait:      20.3 s       19.8 ms      9.47 ms      36.4 ms          103            23.1  55.3  17.4   4.2    45.6
Volume Recv TOTAL   :      1.55 GB      1.55 MB      1.55 MB      1.55 MB            0            99.9   0.0   0.0   0.1     0.1
Volume Recv0: <= 64B:     9.22e+03            9            9           10            0            99.9   0.0   0.0   0.1    10.0
Volume Recv1: <= 4KB:     5.43e+04           53           53           58            0            99.9   0.0   0.0   0.1     8.6
Volume Recv2: <= 2MB:     1.84e+04           18           18           18         1022           100.0   0.0   0.0   0.0     0.0
Volume Send TOTAL   :      1.55 GB      1.55 MB      1.55 MB      1.55 MB         1022           100.0   0.0   0.0   0.0     0.0
Volume Send0: <= 64B:     1.02e+04           10           10           10         1022           100.0   0.0   0.0   0.0     0.0
Volume Send1: <= 4KB:     5.94e+04           58           58           58         1022           100.0   0.0   0.0   0.0     0.0
Volume Send2: <= 2MB:     1.84e+04           18           18           18         1022           100.0   0.0   0.0   0.0     0.0

Timestep 7       Time=7e-05       Next delT=1e-05       Wall Time=0.695022  EMA=0.0721388   Memory Used=129.98 MBs (avg) 131.00 MBs (max on rank: 272   )
Runtime Summary  summary stats for time step 7 at time=7e-05
  Description       Units       Minimum           Rank   Average (1024)    Std. Dev.         Maximum           Rank   100*(1-ave/max) '% load imbalance'
  TaskExec          [seconds] : 0.0220996       : 103  : 0.0379155       : 0.0046408       : 0.0484622       : 355  : 21.7626
  TaskLocalComm     [seconds] : 0.00474929      : 198  : 0.00666737      : 0.000845813     : 0.00991528      : 683  : 32.7565
  TaskWaitCommTime  [seconds] : 0.0110432       : 355  : 0.0213348       : 0.00474071      : 0.037768        : 103  : 43.511
  NumberOfTasks     [tasks  ] : 10              : 0    : 10              : 0               : 10              : 0    : 0
  NumberOfPatches   [patches] : 1               : 0    : 1               : 0               : 1               : 0    : 0
  NumberOfCells     [cells  ] : 32768           : 0    : 32768           : 0               : 32768           : 0    : 0
  SCIMemoryUsed     [MBytes ] : 1.28913e+08     : 323  : 1.29976e+08     : 311544          : 1.31002e+08     : 272  : 0.783091
  SCIMemoryMaxUsed  [MBytes ] : 1.28913e+08     : 323  : 1.29976e+08     : 311544          : 1.31002e+08     : 272  : 0.783091
  MemoryUsed        [MBytes ] : 6.30026e+08     : 961  : 6.4207e+08      : 5.56472e+06     : 6.60259e+08     : 32   : 2.75479
  MemoryResident    [MBytes ] : 1.28913e+08     : 323  : 1.29976e+08     : 311544          : 1.31002e+08     : 272  : 0.783091
  Percentage of time spent in overhead : 2.21358

________________________________________________________________________________
--------------------------------------------------------------------------------
MPIStats:+
--------------------------------------------------------------------------------
                Name:       Total:         Avg:         Min:         Max:    Max rank: Hist %% [  Q1 |  Q2 |  Q3 |  Q4 ]:  %%Load Imbalance
         Count: Recv:     7.99e+04           78           78           78         1022           100.0   0.0   0.0   0.0     0.0
         Count: Redu:     8.19e+03            8            8            8         1022           100.0   0.0   0.0   0.0     0.0
         Count: Send:     7.99e+04           78           78           78         1022           100.0   0.0   0.0   0.0     0.0
         Count: Test:     1.09e+04         10.6           10           20         1023            90.0   8.5   0.8   0.7    47.0
         Count: Wait:      1.5e+05          146          146          146         1022           100.0   0.0   0.0   0.0     0.0
          Time: Recv:        59 ms    0.0576 ms    0.0268 ms     0.446 ms          894            94.2   4.4   1.2   0.2    87.1
          Time: Redu:      8.84 s       8.63 ms     0.263 ms      17.3 ms         1013            10.6  39.9  42.6   6.8    50.3
          Time: Send:     0.448 s      0.438 ms     0.215 ms      1.22 ms          700            63.5  31.1   5.2   0.3    64.2
          Time: Test:      10.1 ms  9.89e+03 ns  2.75e+03 ns    0.0646 ms         1020            87.9   9.3   2.3   0.5    84.7
          Time: Wait:      21.2 s       20.7 ms        12 ms        38 ms          198            39.7  41.0  17.1   2.1    45.5
Volume Recv TOTAL   :      1.55 GB      1.55 MB      1.55 MB      1.55 MB            0            99.9   0.0   0.0   0.1     0.1
Volume Recv0: <= 64B:     9.22e+03            9            9           10            0            99.9   0.0   0.0   0.1    10.0
Volume Recv1: <= 4KB:     5.43e+04           53           53           58            0            99.9   0.0   0.0   0.1     8.6
Volume Recv2: <= 2MB:     1.84e+04           18           18           18         1022           100.0   0.0   0.0   0.0     0.0
Volume Send TOTAL   :      1.55 GB      1.55 MB      1.55 MB      1.55 MB         1022           100.0   0.0   0.0   0.0     0.0
Volume Send0: <= 64B:     1.02e+04           10           10           10         1022           100.0   0.0   0.0   0.0     0.0
Volume Send1: <= 4KB:     5.94e+04           58           58           58         1022           100.0   0.0   0.0   0.0     0.0
Volume Send2: <= 2MB:     1.84e+04           18           18           18         1022           100.0   0.0   0.0   0.0     0.0

Timestep 8       Time=8e-05       Next delT=1e-05       Wall Time=0.761692  EMA=0.0709236   Memory Used=130.03 MBs (avg) 131.27 MBs (max on rank: 272   )
Runtime Summary  summary stats for time step 8 at time=8e-05
  Description       Units       Minimum           Rank   Average (1024)    Std. Dev.         Maximum           Rank   100*(1-ave/max) '% load imbalance'
  TaskExec          [seconds] : 0.0226683       : 198  : 0.0398077       : 0.0045891       : 0.0488639       : 167  : 18.5336
  TaskLocalComm     [seconds] : 0.0048992       : 483  : 0.00703373      : 0.0007777       : 0.0102176       : 851  : 31.1606
  TaskWaitCommTime  [seconds] : 0.0130403       : 167  : 0.0220998       : 0.00469392      : 0.0393689       : 198  : 43.8648
  NumberOfTasks     [tasks  ] : 10              : 0    : 10              : 0               : 10              : 0    : 0
  NumberOfPatches   [patches] : 1               : 0    : 1               : 0               : 1               : 0    : 0
  NumberOfCells     [cells  ] : 32768           : 0    : 32768           : 0               : 32768           : 0    : 0
  SCIMemoryUsed     [MBytes ] : 1.28451e+08     : 507  : 1.30027e+08     : 346972          : 1.31273e+08     : 272  : 0.949108
  SCIMemoryMaxUsed  [MBytes ] : 1.28451e+08     : 507  : 1.30027e+08     : 346972          : 1.31273e+08     : 272  : 0.949108
  MemoryUsed        [MBytes ] : 6.30026e+08     : 961  : 6.42069e+08     : 5.56588e+06     : 6.60259e+08     : 32   : 2.75498
  MemoryResident    [MBytes ] : 1.28451e+08     : 507  : 1.30027e+08     : 346972          : 1.31273e+08     : 272  : 0.949108
  Percentage of time spent in overhead : 1.93408

________________________________________________________________________________
--------------------------------------------------------------------------------
MPIStats:+
--------------------------------------------------------------------------------
                Name:       Total:         Avg:         Min:         Max:    Max rank: Hist %% [  Q1 |  Q2 |  Q3 |  Q4 ]:  %%Load Imbalance
         Count: Recv:     7.99e+04           78           78           78         1022           100.0   0.0   0.0   0.0     0.0
         Count: Redu:     8.19e+03            8            8            8         1022           100.0   0.0   0.0   0.0     0.0
         Count: Send:     7.99e+04           78           78           78         1022           100.0   0.0   0.0   0.0     0.0
         Count: Test:      1.1e+04         10.8           10           21         1023            85.4  13.8   0.4   0.4    48.7
         Count: Wait:      1.5e+05          146          146          146         1022           100.0   0.0   0.0   0.0     0.0
          Time: Recv:      57.7 ms    0.0564 ms    0.0265 ms     0.635 ms          890            96.7   2.9   0.3   0.1    91.1
          Time: Redu:      12.2 s       11.9 ms      0.27 ms      26.1 ms          493            11.7  46.1  38.0   4.2    54.4
          Time: Send:     0.413 s      0.404 ms     0.192 ms      1.03 ms          438            56.7  33.5   8.3   1.5    60.8
          Time: Test:      10.8 ms    0.0106 ms  2.91e+03 ns    0.0787 ms         1020            90.0   8.4   1.4   0.2    86.6
          Time: Wait:        19 s       18.5 ms      3.64 ms      38.1 ms          898             8.1  59.2  31.5   1.2    51.3
Volume Recv TOTAL   :      1.55 GB      1.55 MB      1.55 MB      1.55 MB            0            99.9   0.0   0.0   0.1     0.1
Volume Recv0: <= 64B:     9.22e+03            9            9           10            0            99.9   0.0   0.0   0.1    10.0
Volume Recv1: <= 4KB:     5.43e+04           53           53           58            0            99.9   0.0   0.0   0.1     8.6
Volume Recv2: <= 2MB:     1.84e+04           18           18           18         1022           100.0   0.0   0.0   0.0     0.0
Volume Send TOTAL   :      1.55 GB      1.55 MB      1.55 MB      1.55 MB         1022           100.0   0.0   0.0   0.0     0.0
Volume Send0: <= 64B:     1.02e+04           10           10           10         1022           100.0   0.0   0.0   0.0     0.0
Volume Send1: <= 4KB:     5.94e+04           58           58           58         1022           100.0   0.0   0.0   0.0     0.0
Volume Send2: <= 2MB:     1.84e+04           18           18           18         1022           100.0   0.0   0.0   0.0     0.0

Timestep 9       Time=9e-05       Next delT=1e-05       Wall Time=0.826565  EMA=0.0697133   Memory Used=130.14 MBs (avg) 131.27 MBs (max on rank: 272   )
Runtime Summary  summary stats for time step 9 at time=9e-05
  Description       Units       Minimum           Rank   Average (1024)    Std. Dev.         Maximum           Rank   100*(1-ave/max) '% load imbalance'
  TaskExec          [seconds] : 0.0209922       : 898  : 0.0401008       : 0.0048481       : 0.0556315       : 494  : 27.9171
  TaskLocalComm     [seconds] : 0.0042752       : 665  : 0.00675278      : 0.000858605     : 0.0100835       : 890  : 33.0315
  TaskWaitCommTime  [seconds] : 0.00469383      : 494  : 0.0199976       : 0.00491061      : 0.0400129       : 898  : 50.0222
  NumberOfTasks     [tasks  ] : 10              : 0    : 10              : 0               : 10              : 0    : 0
  NumberOfPatches   [patches] : 1               : 0    : 1               : 0               : 1               : 0    : 0
  NumberOfCells     [cells  ] : 32768           : 0    : 32768           : 0               : 32768           : 0    : 0
  SCIMemoryUsed     [MBytes ] : 1.28201e+08     : 507  : 1.30139e+08     : 342214          : 1.31273e+08     : 272  : 0.863457
  SCIMemoryMaxUsed  [MBytes ] : 1.28201e+08     : 507  : 1.30139e+08     : 342214          : 1.31273e+08     : 272  : 0.863457
  MemoryUsed        [MBytes ] : 6.30026e+08     : 961  : 6.42069e+08     : 5.56628e+06     : 6.60259e+08     : 32   : 2.75501
  MemoryResident    [MBytes ] : 1.28201e+08     : 507  : 1.30139e+08     : 342214          : 1.31273e+08     : 272  : 0.863457
  Percentage of time spent in overhead : 1.71586

________________________________________________________________________________
--------------------------------------------------------------------------------
MPIStats:+
--------------------------------------------------------------------------------
                Name:       Total:         Avg:         Min:         Max:    Max rank: Hist %% [  Q1 |  Q2 |  Q3 |  Q4 ]:  %%Load Imbalance
         Count: Recv:     7.99e+04           78           78           78         1022           100.0   0.0   0.0   0.0     0.0
         Count: Redu:     8.19e+03            8            8            8         1022           100.0   0.0   0.0   0.0     0.0
         Count: Send:     7.99e+04           78           78           78         1022           100.0   0.0   0.0   0.0     0.0
         Count: Test:     1.09e+04         10.6           10           20         1023            90.0   8.4   0.8   0.8    47.0
         Count: Wait:      1.5e+05          146          146          146         1022           100.0   0.0   0.0   0.0     0.0
          Time: Recv:      58.2 ms    0.0568 ms    0.0253 ms     0.455 ms          608            93.9   4.4   1.5   0.2    87.5
          Time: Redu:      12.7 s       12.4 ms     0.314 ms      25.5 ms          571            10.6  41.8  40.1   7.4    51.3
          Time: Send:     0.403 s      0.394 ms     0.204 ms      1.31 ms          230            76.0  21.7   2.1   0.2    69.9
          Time: Test:      9.96 ms  9.73e+03 ns  3.03e+03 ns    0.0914 ms         1022            93.7   5.4   0.8   0.2    89.4
          Time: Wait:      21.4 s       20.8 ms      9.36 ms      38.7 ms          128            24.5  48.7  22.1   4.7    46.1
Volume Recv TOTAL   :      1.55 GB      1.55 MB      1.55 MB      1.55 MB            0            99.9   0.0   0.0   0.1     0.1
Volume Recv0: <= 64B:     9.22e+03            9            9           10            0            99.9   0.0   0.0   0.1    10.0
Volume Recv1: <= 4KB:     5.43e+04           53           53           58            0            99.9   0.0   0.0   0.1     8.6
Volume Recv2: <= 2MB:     1.84e+04           18           18           18         1022           100.0   0.0   0.0   0.0     0.0
Volume Send TOTAL   :      1.55 GB      1.55 MB      1.55 MB      1.55 MB         1022           100.0   0.0   0.0   0.0     0.0
Volume Send0: <= 64B:     1.02e+04           10           10           10         1022           100.0   0.0   0.0   0.0     0.0
Volume Send1: <= 4KB:     5.94e+04           58           58           58         1022           100.0   0.0   0.0   0.0     0.0
Volume Send2: <= 2MB:     1.84e+04           18           18           18         1022           100.0   0.0   0.0   0.0     0.0

Timestep 10      Time=0.0001      Next delT=1e-05       Wall Time=0.894589  EMA=0.0694061   Memory Used=130.25 MBs (avg) 131.50 MBs (max on rank: 528   )
Runtime Summary  summary stats for time step 10 at time=0.0001
  Description       Units       Minimum           Rank   Average (1024)    Std. Dev.         Maximum           Rank   100*(1-ave/max) '% load imbalance'
  TaskExec          [seconds] : 0.0237118       : 128  : 0.0409409       : 0.00547591      : 0.0528586       : 442  : 22.5463
  TaskLocalComm     [seconds] : 0.00469807      : 700  : 0.00677654      : 0.000814502     : 0.00958678      : 343  : 29.3137
  TaskWaitCommTime  [seconds] : 0.0102862       : 442  : 0.0222777       : 0.0055388       : 0.0401095       : 128  : 44.4578
  NumberOfTasks     [tasks  ] : 10              : 0    : 10              : 0               : 10              : 0    : 0
  NumberOfPatches   [patches] : 1               : 0    : 1               : 0               : 1               : 0    : 0
  NumberOfCells     [cells  ] : 32768           : 0    : 32768           : 0               : 32768           : 0    : 0
  SCIMemoryUsed     [MBytes ] : 1.28578e+08     : 507  : 1.30246e+08     : 338299          : 1.31502e+08     : 528  : 0.955529
  SCIMemoryMaxUsed  [MBytes ] : 1.28578e+08     : 507  : 1.30246e+08     : 338299          : 1.31502e+08     : 528  : 0.955529
  MemoryUsed        [MBytes ] : 6.30026e+08     : 961  : 6.42069e+08     : 5.56607e+06     : 6.60259e+08     : 32   : 2.7549
  MemoryResident    [MBytes ] : 1.28578e+08     : 507  : 1.30246e+08     : 338299          : 1.31502e+08     : 528  : 0.955529
  Percentage of time spent in overhead : 1.5404
Sus: going down successfully
