Parallel: 32 MPI processes (using MPI)
Parallel: MPI Level Required: 0, provided: 0
Date:       Thu Aug 25 11:44:20 2022
Machine:    ash404
git branch:wasatch-low-cost-integ-cmake
git date:   Sat Jul 30 10:34:22 2022 -0600
git hash:   9315f9f96fa6304db4fe79378b145f37ea40016d
Assertion level: 0
CFLAGS:          
CXXFLAGS:        
______________________________________________________________________
Application Component: 	'wasatch'

-------------------------------------------------------------
Wasatch was built against:
  SpatialOps HASH: bd7a2bac76e42e2cb528b02e2cf1291d05c71926
             DATE: Fri Nov 12 11:34:54 2021 -0700
     ExprLib HASH: d2950c77edb22e5f3669ddaaf2d2ed29ceb24d2c
             DATE: Thu Aug 5 12:26:26 2021 -0600
    TabProps HASH: eca0dc5f26b20d4f6b1cebe51b1ae97e11871e83
             DATE: Wed Aug 11 20:11:26 2021 -0600
-------------------------------------------------------------

Linear Solver: 		hypre
Load Balancer: 		Simple
Scheduler: 		MPI
Patch layout: 		(4,4,2)
Grid statistics:
Number of levels:		1
Level 0:
  Periodic boundaries:		[int 1, 1, 1]
  Number of patches:		32
  Total number of cells:	1048576 (32768 avg. per patch)
Total patches in grid:		32
Total cells in grid:		1048576 (32768 avg. per patch)

Using small, individual MPI messages (no message combining)
Detected solver: hypre
SETTING UP CONVECTIVE FLUX EXPRESSION IN X DIRECTION USING CENTRAL
SETTING UP CONVECTIVE FLUX EXPRESSION IN Y DIRECTION USING CENTRAL
SETTING UP CONVECTIVE FLUX EXPRESSION IN Z DIRECTION USING CENTRAL
Setting initial conditions for scalability test equation: scalability0
SETTING UP CONVECTIVE FLUX EXPRESSION IN X DIRECTION USING CENTRAL
SETTING UP CONVECTIVE FLUX EXPRESSION IN Y DIRECTION USING CENTRAL
SETTING UP CONVECTIVE FLUX EXPRESSION IN Z DIRECTION USING CENTRAL
Setting initial conditions for scalability test equation: scalability1
SETTING UP CONVECTIVE FLUX EXPRESSION IN X DIRECTION USING CENTRAL
SETTING UP CONVECTIVE FLUX EXPRESSION IN Y DIRECTION USING CENTRAL
SETTING UP CONVECTIVE FLUX EXPRESSION IN Z DIRECTION USING CENTRAL
Setting initial conditions for scalability test equation: scalability2
SETTING UP CONVECTIVE FLUX EXPRESSION IN X DIRECTION USING CENTRAL
SETTING UP CONVECTIVE FLUX EXPRESSION IN Y DIRECTION USING CENTRAL
SETTING UP CONVECTIVE FLUX EXPRESSION IN Z DIRECTION USING CENTRAL
Setting initial conditions for scalability test equation: scalability3
SETTING UP CONVECTIVE FLUX EXPRESSION IN X DIRECTION USING CENTRAL
SETTING UP CONVECTIVE FLUX EXPRESSION IN Y DIRECTION USING CENTRAL
SETTING UP CONVECTIVE FLUX EXPRESSION IN Z DIRECTION USING CENTRAL
Setting initial conditions for scalability test equation: scalability4
------------------------------------------------
No BoundaryConditions specified
  This message will only occur once

Compiling initialization taskgraph.
------------------------------------------------
SETTING INITIAL BOUNDARY CONDITIONS:
------------------------------------------------
Setting Initial BCs for transport equation 'scalability0'
Setting Initial BCs for transport equation 'scalability1'
Setting Initial BCs for transport equation 'scalability2'
Setting Initial BCs for transport equation 'scalability3'
Setting Initial BCs for transport equation 'scalability4'
------------------------------------------------
Wasatch: done creating initialization task(s)
Scheduling Task 'compute timestep' COMPUTES 'delT' in NEW data warehouse
Wasatch: done creating timestep task(s)
Done with taskgraph compile (0.000153515 seconds)
Warning: addContribution not implemented for LoadBalancerCommon.
WARNING at time step 0 and sim time 0 : lowering the next delT from 1 to the maximum: 1e-05

________________________________________________________________________________
--------------------------------------------------------------------------------
MPIStats:+
--------------------------------------------------------------------------------
                Name:       Total:         Avg:         Min:         Max:    Max rank: Hist %% [  Q1 |  Q2 |  Q3 |  Q4 ]:  %%Load Imbalance
         Count: Comm:           32            1            1            1           23           100.0   0.0   0.0   0.0     0.0
         Count: Gath:           64            2            2            2            7           100.0   0.0   0.0   0.0     0.0
         Count: Redu:           32            1            1            1           11           100.0   0.0   0.0   0.0     0.0
          Time: Comm:        97 ms      3.03 ms       1.3 ms       6.7 ms           17            37.5  43.8   6.2  12.5    54.8
          Time: Gath:     0.766 s         24 ms      16.5 ms      32.9 ms           22            25.0  50.0   0.0  25.0    27.1
          Time: Redu:     0.396 s       12.4 ms    0.0957 ms      20.8 ms           16            50.0   0.0   0.0  50.0    40.6
Volume Recv TOTAL   :      26.3 KB        841 B        841 B        841 B           18           100.0   0.0   0.0   0.0     0.0
Volume Recv0: <= 64B:           32            1            1            1            2           100.0   0.0   0.0   0.0     0.0
Volume Recv1: <= 4KB:           64            2            2            2           28           100.0   0.0   0.0   0.0     0.0
Volume Send TOTAL   :      8.84 KB        283 B        281 B        285 B            4            50.0   0.0   0.0  50.0     0.7
Volume Send0: <= 64B:           64            2            2            2           24           100.0   0.0   0.0   0.0     0.0
Volume Send1: <= 4KB:           32            1            1            1            8           100.0   0.0   0.0   0.0     0.0


Simulation and run time stats are reported at the end of each time step
EMA == Wall time as an exponential moving average using a window of the last 10 time steps
Timestep 0       Time=0           Next delT=1e-05       Wall Time=0.0671457 EMA=0.0565428   Memory Used=134.77 MBs (avg) 136.18 MBs (max on rank: 0     )
Warning: finalizeContributions not implemented for LoadBalancerCommon.
Warning: resetCostForecaster not implemented for LoadBalancerCommon.
Compiling taskgraph(s)...
------------------------------------------------
SETTING BOUNDARY CONDITIONS:
------------------------------------------------
Setting BCs for transport equation 'scalability0'
Setting BCs for transport equation 'scalability1'
Setting BCs for transport equation 'scalability2'
Setting BCs for transport equation 'scalability3'
Setting BCs for transport equation 'scalability4'
------------------------------------------------
Wasatch: done creating solution task(s)
Wasatch: done creating solution task(s)
Wasatch: done creating solution task(s)
Wasatch: done creating post-processing task(s)
Scheduling Task 'compute timestep' COMPUTES 'delT' in NEW data warehouse
Wasatch: done creating timestep task(s)
Done with taskgraph compile (0.0345081 seconds)

________________________________________________________________________________
--------------------------------------------------------------------------------
MPIStats:+
--------------------------------------------------------------------------------
                Name:       Total:         Avg:         Min:         Max:    Max rank: Hist %% [  Q1 |  Q2 |  Q3 |  Q4 ]:  %%Load Imbalance
         Count: Recv:     1.63e+03           51           51           51           27           100.0   0.0   0.0   0.0     0.0
         Count: Redu:          256            8            8            8           11           100.0   0.0   0.0   0.0     0.0
         Count: Send:     1.63e+03           51           51           51           29           100.0   0.0   0.0   0.0     0.0
         Count: Test:          435         13.6           10           27           15            65.6  18.8   9.4   6.2    49.7
         Count: Wait:     2.94e+03           92           92           92           21           100.0   0.0   0.0   0.0     0.0
          Time: Recv:      2.84 ms    0.0889 ms    0.0316 ms     0.227 ms            1            59.4  18.8  15.6   6.2    60.8
          Time: Redu:     0.303 s       9.47 ms     0.312 ms      17.4 ms           19            12.5  25.0  37.5  25.0    45.7
          Time: Send:     0.802 s       25.1 ms      1.66 ms      29.7 ms            8             3.1   0.0  15.6  81.2    15.7
          Time: Test:      14.9 ms     0.466 ms  6.95e+03 ns      3.14 ms           14            84.4   6.2   3.1   6.2    85.2
          Time: Wait:     0.704 s         22 ms        10 ms      30.9 ms           24             6.2  28.1  40.6  25.0    28.8
Volume Recv TOTAL   :      49.5 MB      1.55 MB      1.55 MB      1.55 MB            0            96.9   0.0   0.0   3.1     0.1
Volume Recv0: <= 64B:           33         1.03            1            2            0            96.9   0.0   0.0   3.1    48.4
Volume Recv1: <= 4KB:          933         29.2           29           34            0            96.9   0.0   0.0   3.1    14.2
Volume Recv2: <= 2MB:          736           23           23           23           12           100.0   0.0   0.0   0.0     0.0
Volume Send TOTAL   :      49.5 MB      1.55 MB      1.55 MB      1.55 MB            4           100.0   0.0   0.0   0.0     0.0
Volume Send0: <= 64B:           64            2            2            2           24           100.0   0.0   0.0   0.0     0.0
Volume Send1: <= 4KB:     1.09e+03           34           34           34            8           100.0   0.0   0.0   0.0     0.0
Volume Send2: <= 2MB:          736           23           23           23           16           100.0   0.0   0.0   0.0     0.0

Timestep 1       Time=1e-05       Next delT=1e-05       Wall Time=0.187715  EMA=0.120521    Memory Used=146.43 MBs (avg) 147.51 MBs (max on rank: 0     )
Runtime Summary  summary stats for time step 1 at time=1e-05
  Description       Units       Minimum           Rank   Average (32)      Std. Dev.         Maximum           Rank   100*(1-ave/max) '% load imbalance'
  Compilation       [seconds] : 0.0135789       : 31   : 0.0148454       : 0.003622        : 0.0345081       : 0    : 56.9799
  TaskExec          [seconds] : 0.049244        : 0    : 0.076723        : 0.00695477      : 0.089458        : 20   : 14.2358
  TaskLocalComm     [seconds] : 0.00856052      : 0    : 0.0331173       : 0.00530254      : 0.0428284       : 1    : 22.6744
  TaskWaitCommTime  [seconds] : 0.0113253       : 20   : 0.0236488       : 0.00512787      : 0.032511        : 24   : 27.2591
  NumberOfTasks     [tasks  ] : 10              : 0    : 10              : 0               : 10              : 0    : 0
  NumberOfPatches   [patches] : 1               : 0    : 1               : 0               : 1               : 0    : 0
  NumberOfCells     [cells  ] : 32768           : 0    : 32768           : 0               : 32768           : 0    : 0
  SCIMemoryUsed     [MBytes ] : 1.4585e+08      : 7    : 1.4643e+08      : 348686          : 1.47513e+08     : 0    : 0.734697
  SCIMemoryMaxUsed  [MBytes ] : 1.4585e+08      : 7    : 1.4643e+08      : 348686          : 1.47513e+08     : 0    : 0.734697
  MemoryUsed        [MBytes ] : 7.65325e+08     : 25   : 7.70272e+08     : 3.44137e+06     : 7.78949e+08     : 0    : 1.11394
  MemoryResident    [MBytes ] : 1.4585e+08      : 7    : 1.4643e+08      : 348686          : 1.47513e+08     : 0    : 0.734697
  Percentage of time spent in overhead : 10.0081

________________________________________________________________________________
--------------------------------------------------------------------------------
MPIStats:+
--------------------------------------------------------------------------------
                Name:       Total:         Avg:         Min:         Max:    Max rank: Hist %% [  Q1 |  Q2 |  Q3 |  Q4 ]:  %%Load Imbalance
         Count: Recv:     1.63e+03           51           51           51           27           100.0   0.0   0.0   0.0     0.0
         Count: Redu:          256            8            8            8           11           100.0   0.0   0.0   0.0     0.0
         Count: Send:     1.63e+03           51           51           51           29           100.0   0.0   0.0   0.0     0.0
         Count: Test:          371         11.6           10           19           31            75.0   6.2   6.2  12.5    39.0
         Count: Wait:     2.94e+03           92           92           92           21           100.0   0.0   0.0   0.0     0.0
          Time: Recv:      1.34 ms    0.0419 ms    0.0298 ms    0.0948 ms           31            75.0  12.5   9.4   3.1    55.8
          Time: Redu:     0.136 s       4.24 ms     0.321 ms      7.69 ms           30            37.5  12.5   0.0  50.0    44.9
          Time: Send:      58.3 ms      1.82 ms      0.63 ms      2.38 ms           31             6.2  18.8  21.9  53.1    23.5
          Time: Test:     0.436 ms    0.0136 ms  4.15e+03 ns    0.0379 ms           29            65.6   3.1  15.6  15.6    64.1
          Time: Wait:     0.102 s        3.2 ms     0.699 ms       6.4 ms           16            50.0   0.0   9.4  40.6    50.0
Volume Recv TOTAL   :      49.5 MB      1.55 MB      1.55 MB      1.55 MB            0            96.9   0.0   0.0   3.1     0.1
Volume Recv0: <= 64B:           33         1.03            1            2            0            96.9   0.0   0.0   3.1    48.4
Volume Recv1: <= 4KB:          933         29.2           29           34            0            96.9   0.0   0.0   3.1    14.2
Volume Recv2: <= 2MB:          736           23           23           23           12           100.0   0.0   0.0   0.0     0.0
Volume Send TOTAL   :      49.5 MB      1.55 MB      1.55 MB      1.55 MB            4           100.0   0.0   0.0   0.0     0.0
Volume Send0: <= 64B:           64            2            2            2           24           100.0   0.0   0.0   0.0     0.0
Volume Send1: <= 4KB:     1.09e+03           34           34           34            8           100.0   0.0   0.0   0.0     0.0
Volume Send2: <= 2MB:          736           23           23           23           16           100.0   0.0   0.0   0.0     0.0

Timestep 2       Time=2e-05       Next delT=1e-05       Wall Time=0.244004  EMA=0.0776992   Memory Used=146.62 MBs (avg) 147.81 MBs (max on rank: 0     )
Runtime Summary  summary stats for time step 2 at time=2e-05
  Description       Units       Minimum           Rank   Average (32)      Std. Dev.         Maximum           Rank   100*(1-ave/max) '% load imbalance'
  TaskExec          [seconds] : 0.0442869       : 16   : 0.0475114       : 0.00214052      : 0.0501721       : 2    : 5.30328
  TaskLocalComm     [seconds] : 0.00722124      : 16   : 0.00913883      : 0.000962388     : 0.0104348       : 14   : 12.42
  TaskWaitCommTime  [seconds] : 0.00156283      : 13   : 0.0043721       : 0.00229526      : 0.00768862      : 16   : 43.1355
  NumberOfTasks     [tasks  ] : 10              : 0    : 10              : 0               : 10              : 0    : 0
  NumberOfPatches   [patches] : 1               : 0    : 1               : 0               : 1               : 0    : 0
  NumberOfCells     [cells  ] : 32768           : 0    : 32768           : 0               : 32768           : 0    : 0
  SCIMemoryUsed     [MBytes ] : 1.45945e+08     : 25   : 1.46624e+08     : 357012          : 1.47808e+08     : 0    : 0.801124
  SCIMemoryMaxUsed  [MBytes ] : 1.45945e+08     : 25   : 1.46624e+08     : 357012          : 1.47808e+08     : 0    : 0.801124
  MemoryUsed        [MBytes ] : 7.65325e+08     : 25   : 7.70304e+08     : 3.43093e+06     : 7.78949e+08     : 0    : 1.10975
  MemoryResident    [MBytes ] : 1.45945e+08     : 25   : 1.46624e+08     : 357012          : 1.47808e+08     : 0    : 0.801124
  Percentage of time spent in overhead : 5.00399

________________________________________________________________________________
--------------------------------------------------------------------------------
MPIStats:+
--------------------------------------------------------------------------------
                Name:       Total:         Avg:         Min:         Max:    Max rank: Hist %% [  Q1 |  Q2 |  Q3 |  Q4 ]:  %%Load Imbalance
         Count: Recv:     1.63e+03           51           51           51           27           100.0   0.0   0.0   0.0     0.0
         Count: Redu:          256            8            8            8           11           100.0   0.0   0.0   0.0     0.0
         Count: Send:     1.63e+03           51           51           51           29           100.0   0.0   0.0   0.0     0.0
         Count: Test:          371         11.6           10           19           31            75.0   6.2   9.4   9.4    39.0
         Count: Wait:     2.94e+03           92           92           92           21           100.0   0.0   0.0   0.0     0.0
          Time: Recv:      1.31 ms     0.041 ms    0.0285 ms    0.0725 ms           31            65.6   9.4  15.6   9.4    43.4
          Time: Redu:     0.136 s       4.24 ms     0.266 ms      8.07 ms           31            50.0   0.0   0.0  50.0    47.4
          Time: Send:      24.8 ms     0.775 ms     0.385 ms      1.09 ms           28             9.4  34.4  34.4  21.9    28.9
          Time: Test:      0.49 ms    0.0153 ms  4.34e+03 ns    0.0715 ms           31            68.8  18.8   9.4   3.1    78.6
          Time: Wait:     0.101 s       3.15 ms     0.799 ms      6.11 ms           19            50.0   0.0   3.1  46.9    48.4
Volume Recv TOTAL   :      49.5 MB      1.55 MB      1.55 MB      1.55 MB            0            96.9   0.0   0.0   3.1     0.1
Volume Recv0: <= 64B:           33         1.03            1            2            0            96.9   0.0   0.0   3.1    48.4
Volume Recv1: <= 4KB:          933         29.2           29           34            0            96.9   0.0   0.0   3.1    14.2
Volume Recv2: <= 2MB:          736           23           23           23           12           100.0   0.0   0.0   0.0     0.0
Volume Send TOTAL   :      49.5 MB      1.55 MB      1.55 MB      1.55 MB            4           100.0   0.0   0.0   0.0     0.0
Volume Send0: <= 64B:           64            2            2            2           24           100.0   0.0   0.0   0.0     0.0
Volume Send1: <= 4KB:     1.09e+03           34           34           34            8           100.0   0.0   0.0   0.0     0.0
Volume Send2: <= 2MB:          736           23           23           23           16           100.0   0.0   0.0   0.0     0.0

Timestep 3       Time=3e-05       Next delT=1e-05       Wall Time=0.299775  EMA=0.0667348   Memory Used=146.84 MBs (avg) 148.11 MBs (max on rank: 0     )
Runtime Summary  summary stats for time step 3 at time=3e-05
  Description       Units       Minimum           Rank   Average (32)      Std. Dev.         Maximum           Rank   100*(1-ave/max) '% load imbalance'
  TaskExec          [seconds] : 0.0445712       : 19   : 0.0472958       : 0.00214651      : 0.0498066       : 15   : 5.04101
  TaskLocalComm     [seconds] : 0.00713739      : 19   : 0.00815741      : 0.000782754     : 0.009268        : 5    : 11.9831
  TaskWaitCommTime  [seconds] : 0.00176855      : 15   : 0.00429143      : 0.00224284      : 0.0072273       : 19   : 40.622
  NumberOfTasks     [tasks  ] : 10              : 0    : 10              : 0               : 10              : 0    : 0
  NumberOfPatches   [patches] : 1               : 0    : 1               : 0               : 1               : 0    : 0
  NumberOfCells     [cells  ] : 32768           : 0    : 32768           : 0               : 32768           : 0    : 0
  SCIMemoryUsed     [MBytes ] : 1.46203e+08     : 30   : 1.46843e+08     : 369306          : 1.48107e+08     : 0    : 0.853868
  SCIMemoryMaxUsed  [MBytes ] : 1.46203e+08     : 30   : 1.46843e+08     : 369306          : 1.48107e+08     : 0    : 0.853868
  MemoryUsed        [MBytes ] : 7.65325e+08     : 25   : 7.70304e+08     : 3.43093e+06     : 7.78949e+08     : 0    : 1.10975
  MemoryResident    [MBytes ] : 1.46203e+08     : 30   : 1.46843e+08     : 369306          : 1.48107e+08     : 0    : 0.853868
  Percentage of time spent in overhead : 3.33576

________________________________________________________________________________
--------------------------------------------------------------------------------
MPIStats:+
--------------------------------------------------------------------------------
                Name:       Total:         Avg:         Min:         Max:    Max rank: Hist %% [  Q1 |  Q2 |  Q3 |  Q4 ]:  %%Load Imbalance
         Count: Recv:     1.63e+03           51           51           51           27           100.0   0.0   0.0   0.0     0.0
         Count: Redu:          256            8            8            8           11           100.0   0.0   0.0   0.0     0.0
         Count: Send:     1.63e+03           51           51           51           29           100.0   0.0   0.0   0.0     0.0
         Count: Test:          371         11.6           10           19           31            71.9   9.4   9.4   9.4    39.0
         Count: Wait:     2.94e+03           92           92           92           21           100.0   0.0   0.0   0.0     0.0
          Time: Recv:      1.32 ms    0.0413 ms    0.0291 ms    0.0767 ms           31            68.8   9.4  12.5   9.4    46.2
          Time: Redu:     0.127 s       3.97 ms     0.292 ms         8 ms           23            50.0   0.0   0.0  50.0    50.4
          Time: Send:      20.2 ms      0.63 ms     0.336 ms      1.07 ms            7            31.2  31.2  31.2   6.2    41.1
          Time: Test:     0.405 ms    0.0127 ms  4.36e+03 ns    0.0439 ms           31            68.8   6.2  18.8   6.2    71.2
          Time: Wait:       100 ms      3.12 ms     0.787 ms      5.96 ms           31            50.0   0.0   0.0  50.0    47.6
Volume Recv TOTAL   :      49.5 MB      1.55 MB      1.55 MB      1.55 MB            0            96.9   0.0   0.0   3.1     0.1
Volume Recv0: <= 64B:           33         1.03            1            2            0            96.9   0.0   0.0   3.1    48.4
Volume Recv1: <= 4KB:          933         29.2           29           34            0            96.9   0.0   0.0   3.1    14.2
Volume Recv2: <= 2MB:          736           23           23           23           12           100.0   0.0   0.0   0.0     0.0
Volume Send TOTAL   :      49.5 MB      1.55 MB      1.55 MB      1.55 MB            4           100.0   0.0   0.0   0.0     0.0
Volume Send0: <= 64B:           64            2            2            2           24           100.0   0.0   0.0   0.0     0.0
Volume Send1: <= 4KB:     1.09e+03           34           34           34            8           100.0   0.0   0.0   0.0     0.0
Volume Send2: <= 2MB:          736           23           23           23           16           100.0   0.0   0.0   0.0     0.0

Timestep 4       Time=4e-05       Next delT=1e-05       Wall Time=0.355596  EMA=0.0623697   Memory Used=147.04 MBs (avg) 148.11 MBs (max on rank: 0     )
Runtime Summary  summary stats for time step 4 at time=4e-05
  Description       Units       Minimum           Rank   Average (32)      Std. Dev.         Maximum           Rank   100*(1-ave/max) '% load imbalance'
  TaskExec          [seconds] : 0.0444638       : 31   : 0.0473322       : 0.00216575      : 0.0497069       : 6    : 4.77747
  TaskLocalComm     [seconds] : 0.00687051      : 17   : 0.00810631      : 0.000852938     : 0.00929237      : 14   : 12.7638
  TaskWaitCommTime  [seconds] : 0.00186699      : 6    : 0.00427936      : 0.00225018      : 0.00714813      : 31   : 40.1332
  NumberOfTasks     [tasks  ] : 10              : 0    : 10              : 0               : 10              : 0    : 0
  NumberOfPatches   [patches] : 1               : 0    : 1               : 0               : 1               : 0    : 0
  NumberOfCells     [cells  ] : 32768           : 0    : 32768           : 0               : 32768           : 0    : 0
  SCIMemoryUsed     [MBytes ] : 1.46473e+08     : 15   : 1.47041e+08     : 344358          : 1.48107e+08     : 0    : 0.719824
  SCIMemoryMaxUsed  [MBytes ] : 1.46473e+08     : 15   : 1.47041e+08     : 344358          : 1.48107e+08     : 0    : 0.719824
  MemoryUsed        [MBytes ] : 7.65325e+08     : 25   : 7.70312e+08     : 3.42037e+06     : 7.78949e+08     : 0    : 1.10881
  MemoryResident    [MBytes ] : 1.46473e+08     : 15   : 1.47041e+08     : 344358          : 1.48107e+08     : 0    : 0.719824
  Percentage of time spent in overhead : 2.50131

________________________________________________________________________________
--------------------------------------------------------------------------------
MPIStats:+
--------------------------------------------------------------------------------
                Name:       Total:         Avg:         Min:         Max:    Max rank: Hist %% [  Q1 |  Q2 |  Q3 |  Q4 ]:  %%Load Imbalance
         Count: Recv:     1.63e+03           51           51           51           27           100.0   0.0   0.0   0.0     0.0
         Count: Redu:          256            8            8            8           11           100.0   0.0   0.0   0.0     0.0
         Count: Send:     1.63e+03           51           51           51           29           100.0   0.0   0.0   0.0     0.0
         Count: Test:          371         11.6           10           19           31            71.9   9.4   9.4   9.4    39.0
         Count: Wait:     2.94e+03           92           92           92           21           100.0   0.0   0.0   0.0     0.0
          Time: Recv:      1.32 ms    0.0411 ms     0.029 ms    0.0773 ms           31            65.6  12.5  15.6   6.2    46.8
          Time: Redu:     0.131 s       4.09 ms     0.262 ms      8.17 ms           31            50.0   0.0   0.0  50.0    49.9
          Time: Send:        20 ms     0.626 ms     0.343 ms     0.952 ms           14            21.9  37.5  25.0  15.6    34.3
          Time: Test:     0.465 ms    0.0145 ms  4.44e+03 ns     0.061 ms           31            68.8  12.5  12.5   6.2    76.1
          Time: Wait:     0.104 s       3.24 ms     0.809 ms      6.46 ms           19            50.0   0.0   9.4  40.6    49.8
Volume Recv TOTAL   :      49.5 MB      1.55 MB      1.55 MB      1.55 MB            0            96.9   0.0   0.0   3.1     0.1
Volume Recv0: <= 64B:           33         1.03            1            2            0            96.9   0.0   0.0   3.1    48.4
Volume Recv1: <= 4KB:          933         29.2           29           34            0            96.9   0.0   0.0   3.1    14.2
Volume Recv2: <= 2MB:          736           23           23           23           12           100.0   0.0   0.0   0.0     0.0
Volume Send TOTAL   :      49.5 MB      1.55 MB      1.55 MB      1.55 MB            4           100.0   0.0   0.0   0.0     0.0
Volume Send0: <= 64B:           64            2            2            2           24           100.0   0.0   0.0   0.0     0.0
Volume Send1: <= 4KB:     1.09e+03           34           34           34            8           100.0   0.0   0.0   0.0     0.0
Volume Send2: <= 2MB:          736           23           23           23           16           100.0   0.0   0.0   0.0     0.0

Timestep 5       Time=5e-05       Next delT=1e-05       Wall Time=0.41179   EMA=0.0603109   Memory Used=147.16 MBs (avg) 148.38 MBs (max on rank: 0     )
Runtime Summary  summary stats for time step 5 at time=5e-05
  Description       Units       Minimum           Rank   Average (32)      Std. Dev.         Maximum           Rank   100*(1-ave/max) '% load imbalance'
  TaskExec          [seconds] : 0.044533        : 29   : 0.0475923       : 0.00223458      : 0.0500442       : 11   : 4.89954
  TaskLocalComm     [seconds] : 0.00694604      : 19   : 0.00807589      : 0.000831167     : 0.00920204      : 13   : 12.2381
  TaskWaitCommTime  [seconds] : 0.00197049      : 11   : 0.00439456      : 0.00233223      : 0.00757263      : 19   : 41.9678
  NumberOfTasks     [tasks  ] : 10              : 0    : 10              : 0               : 10              : 0    : 0
  NumberOfPatches   [patches] : 1               : 0    : 1               : 0               : 1               : 0    : 0
  NumberOfCells     [cells  ] : 32768           : 0    : 32768           : 0               : 32768           : 0    : 0
  SCIMemoryUsed     [MBytes ] : 1.46502e+08     : 30   : 1.47164e+08     : 358481          : 1.48378e+08     : 0    : 0.817719
  SCIMemoryMaxUsed  [MBytes ] : 1.46502e+08     : 30   : 1.47164e+08     : 358481          : 1.48378e+08     : 0    : 0.817719
  MemoryUsed        [MBytes ] : 7.65325e+08     : 25   : 7.70312e+08     : 3.42037e+06     : 7.78949e+08     : 0    : 1.10881
  MemoryResident    [MBytes ] : 1.46502e+08     : 30   : 1.47164e+08     : 358481          : 1.48378e+08     : 0    : 0.817719
  Percentage of time spent in overhead : 2.00024

________________________________________________________________________________
--------------------------------------------------------------------------------
MPIStats:+
--------------------------------------------------------------------------------
                Name:       Total:         Avg:         Min:         Max:    Max rank: Hist %% [  Q1 |  Q2 |  Q3 |  Q4 ]:  %%Load Imbalance
         Count: Recv:     1.63e+03           51           51           51           27           100.0   0.0   0.0   0.0     0.0
         Count: Redu:          256            8            8            8           11           100.0   0.0   0.0   0.0     0.0
         Count: Send:     1.63e+03           51           51           51           29           100.0   0.0   0.0   0.0     0.0
         Count: Test:          371         11.6           10           19           31            75.0   6.2   9.4   9.4    39.0
         Count: Wait:     2.94e+03           92           92           92           21           100.0   0.0   0.0   0.0     0.0
          Time: Recv:       1.3 ms    0.0407 ms    0.0298 ms    0.0798 ms           31            68.8  18.8   6.2   6.2    49.0
          Time: Redu:     0.131 s        4.1 ms     0.259 ms      8.33 ms           23            50.0   0.0   0.0  50.0    50.8
          Time: Send:      18.6 ms     0.582 ms     0.325 ms     0.933 ms           14            37.5  25.0  15.6  21.9    37.7
          Time: Test:     0.431 ms    0.0135 ms  3.91e+03 ns    0.0604 ms           31            68.8  21.9   3.1   6.2    77.7
          Time: Wait:     0.109 s       3.39 ms     0.859 ms      6.51 ms           27            50.0   0.0   0.0  50.0    47.9
Volume Recv TOTAL   :      49.5 MB      1.55 MB      1.55 MB      1.55 MB            0            96.9   0.0   0.0   3.1     0.1
Volume Recv0: <= 64B:           33         1.03            1            2            0            96.9   0.0   0.0   3.1    48.4
Volume Recv1: <= 4KB:          933         29.2           29           34            0            96.9   0.0   0.0   3.1    14.2
Volume Recv2: <= 2MB:          736           23           23           23           12           100.0   0.0   0.0   0.0     0.0
Volume Send TOTAL   :      49.5 MB      1.55 MB      1.55 MB      1.55 MB            4           100.0   0.0   0.0   0.0     0.0
Volume Send0: <= 64B:           64            2            2            2           24           100.0   0.0   0.0   0.0     0.0
Volume Send1: <= 4KB:     1.09e+03           34           34           34            8           100.0   0.0   0.0   0.0     0.0
Volume Send2: <= 2MB:          736           23           23           23           16           100.0   0.0   0.0   0.0     0.0

Timestep 6       Time=6e-05       Next delT=1e-05       Wall Time=0.468126  EMA=0.0591753   Memory Used=147.32 MBs (avg) 148.38 MBs (max on rank: 0     )
Runtime Summary  summary stats for time step 6 at time=6e-05
  Description       Units       Minimum           Rank   Average (32)      Std. Dev.         Maximum           Rank   100*(1-ave/max) '% load imbalance'
  TaskExec          [seconds] : 0.0443885       : 27   : 0.0475828       : 0.00238227      : 0.0501838       : 11   : 5.183
  TaskLocalComm     [seconds] : 0.00688568      : 19   : 0.00809033      : 0.000824358     : 0.0092176       : 4    : 12.2295
  TaskWaitCommTime  [seconds] : 0.00199256      : 11   : 0.00454681      : 0.00246034      : 0.00782341      : 27   : 41.882
  NumberOfTasks     [tasks  ] : 10              : 0    : 10              : 0               : 10              : 0    : 0
  NumberOfPatches   [patches] : 1               : 0    : 1               : 0               : 1               : 0    : 0
  NumberOfCells     [cells  ] : 32768           : 0    : 32768           : 0               : 32768           : 0    : 0
  SCIMemoryUsed     [MBytes ] : 1.46743e+08     : 15   : 1.47318e+08     : 353576          : 1.48378e+08     : 0    : 0.714027
  SCIMemoryMaxUsed  [MBytes ] : 1.46743e+08     : 15   : 1.47318e+08     : 353576          : 1.48378e+08     : 0    : 0.714027
  MemoryUsed        [MBytes ] : 7.65325e+08     : 25   : 7.70312e+08     : 3.42037e+06     : 7.78949e+08     : 0    : 1.10881
  MemoryResident    [MBytes ] : 1.46743e+08     : 15   : 1.47318e+08     : 353576          : 1.48378e+08     : 0    : 0.714027
  Percentage of time spent in overhead : 1.66573

________________________________________________________________________________
--------------------------------------------------------------------------------
MPIStats:+
--------------------------------------------------------------------------------
                Name:       Total:         Avg:         Min:         Max:    Max rank: Hist %% [  Q1 |  Q2 |  Q3 |  Q4 ]:  %%Load Imbalance
         Count: Recv:     1.63e+03           51           51           51           27           100.0   0.0   0.0   0.0     0.0
         Count: Redu:          256            8            8            8           11           100.0   0.0   0.0   0.0     0.0
         Count: Send:     1.63e+03           51           51           51           29           100.0   0.0   0.0   0.0     0.0
         Count: Test:          371         11.6           10           19           31            75.0   6.2   6.2  12.5    39.0
         Count: Wait:     2.94e+03           92           92           92           21           100.0   0.0   0.0   0.0     0.0
          Time: Recv:      1.32 ms    0.0413 ms    0.0285 ms    0.0812 ms           31            68.8  12.5  12.5   6.2    49.2
          Time: Redu:     0.132 s       4.12 ms      0.28 ms      7.83 ms           31            50.0   0.0   0.0  50.0    47.4
          Time: Send:      19.2 ms       0.6 ms     0.317 ms      1.22 ms           28            31.2  53.1  12.5   3.1    50.9
          Time: Test:     0.521 ms    0.0163 ms  4.19e+03 ns    0.0601 ms           30            68.8   6.2  15.6   9.4    72.9
          Time: Wait:      97.8 ms      3.06 ms     0.758 ms       5.8 ms           19            50.0   0.0   0.0  50.0    47.3
Volume Recv TOTAL   :      49.5 MB      1.55 MB      1.55 MB      1.55 MB            0            96.9   0.0   0.0   3.1     0.1
Volume Recv0: <= 64B:           33         1.03            1            2            0            96.9   0.0   0.0   3.1    48.4
Volume Recv1: <= 4KB:          933         29.2           29           34            0            96.9   0.0   0.0   3.1    14.2
Volume Recv2: <= 2MB:          736           23           23           23           12           100.0   0.0   0.0   0.0     0.0
Volume Send TOTAL   :      49.5 MB      1.55 MB      1.55 MB      1.55 MB            4           100.0   0.0   0.0   0.0     0.0
Volume Send0: <= 64B:           64            2            2            2           24           100.0   0.0   0.0   0.0     0.0
Volume Send1: <= 4KB:     1.09e+03           34           34           34            8           100.0   0.0   0.0   0.0     0.0
Volume Send2: <= 2MB:          736           23           23           23           16           100.0   0.0   0.0   0.0     0.0

Timestep 7       Time=7e-05       Next delT=1e-05       Wall Time=0.523393  EMA=0.0581982   Memory Used=147.43 MBs (avg) 148.65 MBs (max on rank: 0     )
Runtime Summary  summary stats for time step 7 at time=7e-05
  Description       Units       Minimum           Rank   Average (32)      Std. Dev.         Maximum           Rank   100*(1-ave/max) '% load imbalance'
  TaskExec          [seconds] : 0.0441251       : 29   : 0.0468524       : 0.00208255      : 0.0493216       : 1    : 5.00646
  TaskLocalComm     [seconds] : 0.0070421       : 24   : 0.00797988      : 0.000718588     : 0.00916682      : 12   : 12.9482
  TaskWaitCommTime  [seconds] : 0.00174471      : 1    : 0.00421603      : 0.00216725      : 0.00698456      : 29   : 39.6378
  NumberOfTasks     [tasks  ] : 10              : 0    : 10              : 0               : 10              : 0    : 0
  NumberOfPatches   [patches] : 1               : 0    : 1               : 0               : 1               : 0    : 0
  NumberOfCells     [cells  ] : 32768           : 0    : 32768           : 0               : 32768           : 0    : 0
  SCIMemoryUsed     [MBytes ] : 1.46772e+08     : 30   : 1.47429e+08     : 354452          : 1.48648e+08     : 0    : 0.820107
  SCIMemoryMaxUsed  [MBytes ] : 1.46772e+08     : 30   : 1.47429e+08     : 354452          : 1.48648e+08     : 0    : 0.820107
  MemoryUsed        [MBytes ] : 7.65325e+08     : 25   : 7.70312e+08     : 3.42037e+06     : 7.78949e+08     : 0    : 1.10881
  MemoryResident    [MBytes ] : 1.46772e+08     : 30   : 1.47429e+08     : 354452          : 1.48648e+08     : 0    : 0.820107
  Percentage of time spent in overhead : 1.4263

________________________________________________________________________________
--------------------------------------------------------------------------------
MPIStats:+
--------------------------------------------------------------------------------
                Name:       Total:         Avg:         Min:         Max:    Max rank: Hist %% [  Q1 |  Q2 |  Q3 |  Q4 ]:  %%Load Imbalance
         Count: Recv:     1.63e+03           51           51           51           27           100.0   0.0   0.0   0.0     0.0
         Count: Redu:          256            8            8            8           11           100.0   0.0   0.0   0.0     0.0
         Count: Send:     1.63e+03           51           51           51           29           100.0   0.0   0.0   0.0     0.0
         Count: Test:          370         11.6           10           19           31            75.0   6.2   9.4   9.4    39.1
         Count: Wait:     2.94e+03           92           92           92           21           100.0   0.0   0.0   0.0     0.0
          Time: Recv:      1.32 ms    0.0413 ms    0.0287 ms    0.0705 ms           31            65.6   9.4   9.4  15.6    41.4
          Time: Redu:     0.129 s       4.03 ms     0.269 ms      8.17 ms           23            50.0   0.0   0.0  50.0    50.6
          Time: Send:      18.2 ms     0.569 ms     0.324 ms     0.855 ms           12            28.1  25.0  34.4  12.5    33.5
          Time: Test:     0.421 ms    0.0132 ms  4.22e+03 ns    0.0417 ms           25            68.8   3.1  12.5  15.6    68.4
          Time: Wait:     0.104 s       3.24 ms     0.793 ms      6.32 ms           29            50.0   0.0   0.0  50.0    48.7
Volume Recv TOTAL   :      49.5 MB      1.55 MB      1.55 MB      1.55 MB            0            96.9   0.0   0.0   3.1     0.1
Volume Recv0: <= 64B:           33         1.03            1            2            0            96.9   0.0   0.0   3.1    48.4
Volume Recv1: <= 4KB:          933         29.2           29           34            0            96.9   0.0   0.0   3.1    14.2
Volume Recv2: <= 2MB:          736           23           23           23           12           100.0   0.0   0.0   0.0     0.0
Volume Send TOTAL   :      49.5 MB      1.55 MB      1.55 MB      1.55 MB            4           100.0   0.0   0.0   0.0     0.0
Volume Send0: <= 64B:           64            2            2            2           24           100.0   0.0   0.0   0.0     0.0
Volume Send1: <= 4KB:     1.09e+03           34           34           34            8           100.0   0.0   0.0   0.0     0.0
Volume Send2: <= 2MB:          736           23           23           23           16           100.0   0.0   0.0   0.0     0.0

Timestep 8       Time=8e-05       Next delT=1e-05       Wall Time=0.579133  EMA=0.057652    Memory Used=147.57 MBs (avg) 148.92 MBs (max on rank: 0     )
Runtime Summary  summary stats for time step 8 at time=8e-05
  Description       Units       Minimum           Rank   Average (32)      Std. Dev.         Maximum           Rank   100*(1-ave/max) '% load imbalance'
  TaskExec          [seconds] : 0.0439376       : 29   : 0.0471231       : 0.00227526      : 0.0495568       : 15   : 4.91105
  TaskLocalComm     [seconds] : 0.00698735      : 17   : 0.00802096      : 0.000780261     : 0.00924504      : 12   : 13.2404
  TaskWaitCommTime  [seconds] : 0.00197738      : 15   : 0.00440773      : 0.00237023      : 0.00767349      : 29   : 42.559
  NumberOfTasks     [tasks  ] : 10              : 0    : 10              : 0               : 10              : 0    : 0
  NumberOfPatches   [patches] : 1               : 0    : 1               : 0               : 1               : 0    : 0
  NumberOfCells     [cells  ] : 32768           : 0    : 32768           : 0               : 32768           : 0    : 0
  SCIMemoryUsed     [MBytes ] : 1.47014e+08     : 15   : 1.47567e+08     : 369493          : 1.48918e+08     : 0    : 0.90758
  SCIMemoryMaxUsed  [MBytes ] : 1.47014e+08     : 15   : 1.47567e+08     : 369493          : 1.48918e+08     : 0    : 0.90758
  MemoryUsed        [MBytes ] : 7.65325e+08     : 25   : 7.70316e+08     : 3.41974e+06     : 7.78949e+08     : 0    : 1.10827
  MemoryResident    [MBytes ] : 1.47014e+08     : 15   : 1.47567e+08     : 369493          : 1.48918e+08     : 0    : 0.90758
  Percentage of time spent in overhead : 1.24621

________________________________________________________________________________
--------------------------------------------------------------------------------
MPIStats:+
--------------------------------------------------------------------------------
                Name:       Total:         Avg:         Min:         Max:    Max rank: Hist %% [  Q1 |  Q2 |  Q3 |  Q4 ]:  %%Load Imbalance
         Count: Recv:     1.63e+03           51           51           51           27           100.0   0.0   0.0   0.0     0.0
         Count: Redu:          256            8            8            8           11           100.0   0.0   0.0   0.0     0.0
         Count: Send:     1.63e+03           51           51           51           29           100.0   0.0   0.0   0.0     0.0
         Count: Test:          373         11.7           10           19           31            75.0   6.2   6.2  12.5    38.7
         Count: Wait:     2.94e+03           92           92           92           21           100.0   0.0   0.0   0.0     0.0
          Time: Recv:      1.34 ms    0.0418 ms    0.0291 ms    0.0754 ms           31            59.4  21.9  12.5   6.2    44.5
          Time: Redu:     0.164 s       5.11 ms     0.274 ms      9.67 ms           31            50.0   0.0  12.5  37.5    47.1
          Time: Send:      17.9 ms     0.558 ms      0.31 ms     0.787 ms            7            12.5  34.4  37.5  15.6    29.1
          Time: Test:     0.504 ms    0.0157 ms  4.07e+03 ns    0.0529 ms           23            68.8   3.1   9.4  18.8    70.3
          Time: Wait:     0.124 s       3.86 ms     0.765 ms      8.06 ms           17            50.0   0.0  15.6  34.4    52.1
Volume Recv TOTAL   :      49.5 MB      1.55 MB      1.55 MB      1.55 MB            0            96.9   0.0   0.0   3.1     0.1
Volume Recv0: <= 64B:           33         1.03            1            2            0            96.9   0.0   0.0   3.1    48.4
Volume Recv1: <= 4KB:          933         29.2           29           34            0            96.9   0.0   0.0   3.1    14.2
Volume Recv2: <= 2MB:          736           23           23           23           12           100.0   0.0   0.0   0.0     0.0
Volume Send TOTAL   :      49.5 MB      1.55 MB      1.55 MB      1.55 MB            4           100.0   0.0   0.0   0.0     0.0
Volume Send0: <= 64B:           64            2            2            2           24           100.0   0.0   0.0   0.0     0.0
Volume Send1: <= 4KB:     1.09e+03           34           34           34            8           100.0   0.0   0.0   0.0     0.0
Volume Send2: <= 2MB:          736           23           23           23           16           100.0   0.0   0.0   0.0     0.0

Timestep 9       Time=9e-05       Next delT=1e-05       Wall Time=0.636515  EMA=0.0575979   Memory Used=147.68 MBs (avg) 148.92 MBs (max on rank: 0     )
Runtime Summary  summary stats for time step 9 at time=9e-05
  Description       Units       Minimum           Rank   Average (32)      Std. Dev.         Maximum           Rank   100*(1-ave/max) '% load imbalance'
  TaskExec          [seconds] : 0.0434161       : 17   : 0.0479609       : 0.00292318      : 0.0511667       : 2    : 6.26529
  TaskLocalComm     [seconds] : 0.00682501      : 16   : 0.00812781      : 0.000927236     : 0.010391        : 15   : 21.7804
  TaskWaitCommTime  [seconds] : 0.00192744      : 2    : 0.00513063      : 0.00306465      : 0.00999129      : 17   : 48.6489
  NumberOfTasks     [tasks  ] : 10              : 0    : 10              : 0               : 10              : 0    : 0
  NumberOfPatches   [patches] : 1               : 0    : 1               : 0               : 1               : 0    : 0
  NumberOfCells     [cells  ] : 32768           : 0    : 32768           : 0               : 32768           : 0    : 0
  SCIMemoryUsed     [MBytes ] : 1.47014e+08     : 15   : 1.47678e+08     : 376252          : 1.48918e+08     : 0    : 0.832629
  SCIMemoryMaxUsed  [MBytes ] : 1.47014e+08     : 15   : 1.47678e+08     : 376252          : 1.48918e+08     : 0    : 0.832629
  MemoryUsed        [MBytes ] : 7.65325e+08     : 25   : 7.70316e+08     : 3.41974e+06     : 7.78949e+08     : 0    : 1.10827
  MemoryResident    [MBytes ] : 1.47014e+08     : 15   : 1.47678e+08     : 376252          : 1.48918e+08     : 0    : 0.832629
  Percentage of time spent in overhead : 1.1056

________________________________________________________________________________
--------------------------------------------------------------------------------
MPIStats:+
--------------------------------------------------------------------------------
                Name:       Total:         Avg:         Min:         Max:    Max rank: Hist %% [  Q1 |  Q2 |  Q3 |  Q4 ]:  %%Load Imbalance
         Count: Recv:     1.63e+03           51           51           51           27           100.0   0.0   0.0   0.0     0.0
         Count: Redu:          256            8            8            8           11           100.0   0.0   0.0   0.0     0.0
         Count: Send:     1.63e+03           51           51           51           29           100.0   0.0   0.0   0.0     0.0
         Count: Test:          370         11.6           10           19           31            75.0   6.2   9.4   9.4    39.1
         Count: Wait:     2.94e+03           92           92           92           21           100.0   0.0   0.0   0.0     0.0
          Time: Recv:      1.32 ms    0.0413 ms     0.029 ms    0.0828 ms           31            65.6  21.9   6.2   6.2    50.2
          Time: Redu:     0.136 s       4.26 ms     0.261 ms      8.23 ms           31            50.0   0.0   0.0  50.0    48.2
          Time: Send:      17.6 ms     0.549 ms     0.303 ms     0.989 ms            4            28.1  53.1  12.5   6.2    44.5
          Time: Test:     0.401 ms    0.0125 ms  4.33e+03 ns    0.0464 ms           31            68.8  15.6   6.2   9.4    73.0
          Time: Wait:     0.103 s       3.21 ms     0.775 ms      6.03 ms           29            50.0   0.0   0.0  50.0    46.8
Volume Recv TOTAL   :      49.5 MB      1.55 MB      1.55 MB      1.55 MB            0            96.9   0.0   0.0   3.1     0.1
Volume Recv0: <= 64B:           33         1.03            1            2            0            96.9   0.0   0.0   3.1    48.4
Volume Recv1: <= 4KB:          933         29.2           29           34            0            96.9   0.0   0.0   3.1    14.2
Volume Recv2: <= 2MB:          736           23           23           23           12           100.0   0.0   0.0   0.0     0.0
Volume Send TOTAL   :      49.5 MB      1.55 MB      1.55 MB      1.55 MB            4           100.0   0.0   0.0   0.0     0.0
Volume Send0: <= 64B:           64            2            2            2           24           100.0   0.0   0.0   0.0     0.0
Volume Send1: <= 4KB:     1.09e+03           34           34           34            8           100.0   0.0   0.0   0.0     0.0
Volume Send2: <= 2MB:          736           23           23           23           16           100.0   0.0   0.0   0.0     0.0

Timestep 10      Time=0.0001      Next delT=1e-05       Wall Time=0.692681  EMA=0.0573376   Memory Used=147.81 MBs (avg) 148.92 MBs (max on rank: 0     )
Runtime Summary  summary stats for time step 10 at time=0.0001
  Description       Units       Minimum           Rank   Average (32)      Std. Dev.         Maximum           Rank   100*(1-ave/max) '% load imbalance'
  TaskExec          [seconds] : 0.044666        : 29   : 0.0475607       : 0.00222988      : 0.0500073       : 6    : 4.89246
  TaskLocalComm     [seconds] : 0.00680384      : 17   : 0.00801581      : 0.000801131     : 0.00942131      : 4    : 14.9184
  TaskWaitCommTime  [seconds] : 0.00184285      : 6    : 0.00437969      : 0.00233538      : 0.00733327      : 29   : 40.2764
  NumberOfTasks     [tasks  ] : 10              : 0    : 10              : 0               : 10              : 0    : 0
  NumberOfPatches   [patches] : 1               : 0    : 1               : 0               : 1               : 0    : 0
  NumberOfCells     [cells  ] : 32768           : 0    : 32768           : 0               : 32768           : 0    : 0
  SCIMemoryUsed     [MBytes ] : 1.47284e+08     : 15   : 1.47814e+08     : 335235          : 1.48918e+08     : 0    : 0.741862
  SCIMemoryMaxUsed  [MBytes ] : 1.47284e+08     : 15   : 1.47814e+08     : 335235          : 1.48918e+08     : 0    : 0.741862
  MemoryUsed        [MBytes ] : 7.65325e+08     : 25   : 7.70316e+08     : 3.41974e+06     : 7.78949e+08     : 0    : 1.10827
  MemoryResident    [MBytes ] : 1.47284e+08     : 15   : 1.47814e+08     : 335235          : 1.48918e+08     : 0    : 0.741862
  Percentage of time spent in overhead : 0.992547
Sus: going down successfully
