Parallel: 64 MPI processes (using MPI)
Parallel: MPI Level Required: 0, provided: 0
Date:       Thu Aug 25 13:58:02 2022
Machine:    notch191
git branch:wasatch-low-cost-integ-cmake
git date:   Sat Jul 30 10:34:22 2022 -0600
git hash:   9315f9f96fa6304db4fe79378b145f37ea40016d
Assertion level: 0
CFLAGS:          
CXXFLAGS:        
______________________________________________________________________
Application Component: 	'wasatch'

-------------------------------------------------------------
Wasatch was built against:
  SpatialOps HASH: bd7a2bac76e42e2cb528b02e2cf1291d05c71926
             DATE: Fri Nov 12 11:34:54 2021 -0700
     ExprLib HASH: d2950c77edb22e5f3669ddaaf2d2ed29ceb24d2c
             DATE: Thu Aug 5 12:26:26 2021 -0600
    TabProps HASH: eca0dc5f26b20d4f6b1cebe51b1ae97e11871e83
             DATE: Wed Aug 11 20:11:26 2021 -0600
-------------------------------------------------------------

Linear Solver: 		hypre
Load Balancer: 		Simple
Scheduler: 		MPI
Patch layout: 		(4,4,4)
Grid statistics:
Number of levels:		1
Level 0:
  Periodic boundaries:		[int 1, 1, 1]
  Number of patches:		64
  Total number of cells:	2097152 (32768 avg. per patch)
Total patches in grid:		64
Total cells in grid:		2097152 (32768 avg. per patch)

Using small, individual MPI messages (no message combining)
Detected solver: hypre
SETTING UP CONVECTIVE FLUX EXPRESSION IN X DIRECTION USING CENTRAL
SETTING UP CONVECTIVE FLUX EXPRESSION IN Y DIRECTION USING CENTRAL
SETTING UP CONVECTIVE FLUX EXPRESSION IN Z DIRECTION USING CENTRAL
Setting initial conditions for scalability test equation: scalability0
SETTING UP CONVECTIVE FLUX EXPRESSION IN X DIRECTION USING CENTRAL
SETTING UP CONVECTIVE FLUX EXPRESSION IN Y DIRECTION USING CENTRAL
SETTING UP CONVECTIVE FLUX EXPRESSION IN Z DIRECTION USING CENTRAL
Setting initial conditions for scalability test equation: scalability1
SETTING UP CONVECTIVE FLUX EXPRESSION IN X DIRECTION USING CENTRAL
SETTING UP CONVECTIVE FLUX EXPRESSION IN Y DIRECTION USING CENTRAL
SETTING UP CONVECTIVE FLUX EXPRESSION IN Z DIRECTION USING CENTRAL
Setting initial conditions for scalability test equation: scalability2
SETTING UP CONVECTIVE FLUX EXPRESSION IN X DIRECTION USING CENTRAL
SETTING UP CONVECTIVE FLUX EXPRESSION IN Y DIRECTION USING CENTRAL
SETTING UP CONVECTIVE FLUX EXPRESSION IN Z DIRECTION USING CENTRAL
Setting initial conditions for scalability test equation: scalability3
SETTING UP CONVECTIVE FLUX EXPRESSION IN X DIRECTION USING CENTRAL
SETTING UP CONVECTIVE FLUX EXPRESSION IN Y DIRECTION USING CENTRAL
SETTING UP CONVECTIVE FLUX EXPRESSION IN Z DIRECTION USING CENTRAL
Setting initial conditions for scalability test equation: scalability4
------------------------------------------------
No BoundaryConditions specified
  This message will only occur once

Compiling initialization taskgraph.
------------------------------------------------
SETTING INITIAL BOUNDARY CONDITIONS:
------------------------------------------------
Setting Initial BCs for transport equation 'scalability0'
Setting Initial BCs for transport equation 'scalability1'
Setting Initial BCs for transport equation 'scalability2'
Setting Initial BCs for transport equation 'scalability3'
Setting Initial BCs for transport equation 'scalability4'
------------------------------------------------
Wasatch: done creating initialization task(s)
Scheduling Task 'compute timestep' COMPUTES 'delT' in NEW data warehouse
Wasatch: done creating timestep task(s)
Done with taskgraph compile (0.000174411 seconds)
Warning: addContribution not implemented for LoadBalancerCommon.
WARNING at time step 0 and sim time 0 : lowering the next delT from 1 to the maximum: 1e-05

________________________________________________________________________________
--------------------------------------------------------------------------------
MPIStats:+
--------------------------------------------------------------------------------
                Name:       Total:         Avg:         Min:         Max:    Max rank: Hist %% [  Q1 |  Q2 |  Q3 |  Q4 ]:  %%Load Imbalance
         Count: Gath:          128            2            2            2            0           100.0   0.0   0.0   0.0     0.0
         Count: Redu:           64            1            1            1            0           100.0   0.0   0.0   0.0     0.0
          Time: Gath:     0.575 s       8.98 ms     0.415 ms      12.8 ms           63            18.8  15.6   3.1  62.5    29.8
          Time: Redu:     0.401 s       6.27 ms     0.265 ms      7.87 ms            1             4.7  18.8   1.6  75.0    20.4
Volume Recv TOTAL   :      70.6 KB       1.1 KB       1.1 KB       1.1 KB            0           100.0   0.0   0.0   0.0     0.0
Volume Recv0: <= 64B:           64            1            1            1            0           100.0   0.0   0.0   0.0     0.0
Volume Recv1: <= 4KB:          128            2            2            2            0           100.0   0.0   0.0   0.0     0.0
Volume Send TOTAL   :      17.4 KB      278.5 B        277 B        281 B            0            62.5   0.0   0.0  37.5     0.9
Volume Send0: <= 64B:          128            2            2            2            0           100.0   0.0   0.0   0.0     0.0
Volume Send1: <= 4KB:           64            1            1            1            0           100.0   0.0   0.0   0.0     0.0


Simulation and run time stats are reported at the end of each time step
EMA == Wall time as an exponential moving average using a window of the last 10 time steps
Timestep 0       Time=0           Next delT=1e-05       Wall Time=0.0558172 EMA=0.0526556   Memory Used=108.10 MBs (avg) 108.71 MBs (max on rank: 42    )
Warning: finalizeContributions not implemented for LoadBalancerCommon.
Warning: resetCostForecaster not implemented for LoadBalancerCommon.
Compiling taskgraph(s)...
------------------------------------------------
SETTING BOUNDARY CONDITIONS:
------------------------------------------------
Setting BCs for transport equation 'scalability0'
Setting BCs for transport equation 'scalability1'
Setting BCs for transport equation 'scalability2'
Setting BCs for transport equation 'scalability3'
Setting BCs for transport equation 'scalability4'
------------------------------------------------
Wasatch: done creating solution task(s)
Wasatch: done creating solution task(s)
Wasatch: done creating solution task(s)
Wasatch: done creating post-processing task(s)
Scheduling Task 'compute timestep' COMPUTES 'delT' in NEW data warehouse
Wasatch: done creating timestep task(s)
Done with taskgraph compile (0.0193808 seconds)

________________________________________________________________________________
--------------------------------------------------------------------------------
MPIStats:+
--------------------------------------------------------------------------------
                Name:       Total:         Avg:         Min:         Max:    Max rank: Hist %% [  Q1 |  Q2 |  Q3 |  Q4 ]:  %%Load Imbalance
         Count: Recv:     4.99e+03           78           78           78            0           100.0   0.0   0.0   0.0     0.0
         Count: Redu:          512            8            8            8            0           100.0   0.0   0.0   0.0     0.0
         Count: Send:     4.99e+03           78           78           78            0           100.0   0.0   0.0   0.0     0.0
         Count: Test:          730         11.4           10           20           63            82.8   1.6  10.9   4.7    43.0
         Count: Wait:     9.34e+03          146          146          146            0           100.0   0.0   0.0   0.0     0.0
          Time: Recv:      2.75 ms     0.043 ms    0.0286 ms    0.0882 ms           63            65.6  21.9   9.4   3.1    51.3
          Time: Redu:     0.465 s       7.26 ms     0.416 ms      14.6 ms           40            18.8  34.4  35.9  10.9    50.2
          Time: Send:     0.104 s       1.62 ms       1.4 ms      2.22 ms           14            54.7  35.9   7.8   1.6    27.1
          Time: Test:      1.73 ms     0.027 ms  6.94e+03 ns     0.142 ms           60            85.9   3.1   1.6   9.4    81.0
          Time: Wait:     0.909 s       14.2 ms      2.02 ms      22.4 ms           38            21.9   4.7  42.2  31.2    36.7
Volume Recv TOTAL   :        99 MB      1.55 MB      1.55 MB      1.55 MB            0            98.4   0.0   0.0   1.6     0.1
Volume Recv0: <= 64B:          577         9.02            9           10            0            98.4   0.0   0.0   1.6     9.8
Volume Recv1: <= 4KB:      3.4e+03         53.1           53           58            0            98.4   0.0   0.0   1.6     8.5
Volume Recv2: <= 2MB:     1.15e+03           18           18           18            0           100.0   0.0   0.0   0.0     0.0
Volume Send TOTAL   :      99.1 MB      1.55 MB      1.55 MB      1.55 MB            0           100.0   0.0   0.0   0.0     0.0
Volume Send0: <= 64B:          640           10           10           10            0           100.0   0.0   0.0   0.0     0.0
Volume Send1: <= 4KB:     3.71e+03           58           58           58            0           100.0   0.0   0.0   0.0     0.0
Volume Send2: <= 2MB:     1.15e+03           18           18           18            0           100.0   0.0   0.0   0.0     0.0

Timestep 1       Time=1e-05       Next delT=1e-05       Wall Time=0.142764  EMA=0.0869015   Memory Used=116.86 MBs (avg) 117.45 MBs (max on rank: 39    )
Runtime Summary  summary stats for time step 1 at time=1e-05
  Description       Units       Minimum           Rank   Average (64)      Std. Dev.         Maximum           Rank   100*(1-ave/max) '% load imbalance'
  Compilation       [seconds] : 0.0141658       : 16   : 0.0164524       : 0.00295563      : 0.0226909       : 44   : 27.4935
  TaskExec          [seconds] : 0.0441843       : 32   : 0.0499695       : 0.0032118       : 0.0568624       : 59   : 12.1221
  TaskLocalComm     [seconds] : 0.00738551      : 9    : 0.00872092      : 0.000991079     : 0.0111851       : 22   : 22.0312
  TaskWaitCommTime  [seconds] : 0.00425837      : 59   : 0.0157233       : 0.00590426      : 0.0231998       : 38   : 32.2265
  NumberOfTasks     [tasks  ] : 10              : 0    : 10              : 0               : 10              : 0    : 0
  NumberOfPatches   [patches] : 1               : 0    : 1               : 0               : 1               : 0    : 0
  NumberOfCells     [cells  ] : 32768           : 0    : 32768           : 0               : 32768           : 0    : 0
  SCIMemoryUsed     [MBytes ] : 1.164e+08       : 45   : 1.16864e+08     : 252163          : 1.17453e+08     : 39   : 0.50158
  SCIMemoryMaxUsed  [MBytes ] : 1.164e+08       : 45   : 1.16864e+08     : 252163          : 1.17453e+08     : 39   : 0.50158
  MemoryUsed        [MBytes ] : 6.99154e+08     : 60   : 6.99412e+08     : 82271.9         : 6.99544e+08     : 4    : 0.0187459
  MemoryResident    [MBytes ] : 1.164e+08       : 45   : 1.16864e+08     : 252163          : 1.17453e+08     : 39   : 0.50158
  Percentage of time spent in overhead : 18.1062

________________________________________________________________________________
--------------------------------------------------------------------------------
MPIStats:+
--------------------------------------------------------------------------------
                Name:       Total:         Avg:         Min:         Max:    Max rank: Hist %% [  Q1 |  Q2 |  Q3 |  Q4 ]:  %%Load Imbalance
         Count: Recv:     4.99e+03           78           78           78            0           100.0   0.0   0.0   0.0     0.0
         Count: Redu:          512            8            8            8            0           100.0   0.0   0.0   0.0     0.0
         Count: Send:     4.99e+03           78           78           78            0           100.0   0.0   0.0   0.0     0.0
         Count: Test:          735         11.5           10           20           62            81.2   3.1   9.4   6.2    42.6
         Count: Wait:     9.34e+03          146          146          146            0           100.0   0.0   0.0   0.0     0.0
          Time: Recv:      2.74 ms    0.0428 ms    0.0259 ms    0.0982 ms           47            68.8  20.3   4.7   6.2    56.4
          Time: Redu:     0.388 s       6.06 ms     0.278 ms      9.91 ms           55             7.8  21.9  43.8  26.6    38.9
          Time: Send:        74 ms      1.16 ms     0.843 ms      1.55 ms           63            10.9  53.1  25.0  10.9    25.2
          Time: Test:      1.05 ms    0.0164 ms  4.88e+03 ns    0.0898 ms           31            82.8   9.4   4.7   3.1    81.7
          Time: Wait:     0.437 s       6.83 ms      1.81 ms      12.8 ms           26            17.2  51.6  12.5  18.8    46.8
Volume Recv TOTAL   :        99 MB      1.55 MB      1.55 MB      1.55 MB            0            98.4   0.0   0.0   1.6     0.1
Volume Recv0: <= 64B:          577         9.02            9           10            0            98.4   0.0   0.0   1.6     9.8
Volume Recv1: <= 4KB:      3.4e+03         53.1           53           58            0            98.4   0.0   0.0   1.6     8.5
Volume Recv2: <= 2MB:     1.15e+03           18           18           18            0           100.0   0.0   0.0   0.0     0.0
Volume Send TOTAL   :      99.1 MB      1.55 MB      1.55 MB      1.55 MB            0           100.0   0.0   0.0   0.0     0.0
Volume Send0: <= 64B:          640           10           10           10            0           100.0   0.0   0.0   0.0     0.0
Volume Send1: <= 4KB:     3.71e+03           58           58           58            0           100.0   0.0   0.0   0.0     0.0
Volume Send2: <= 2MB:     1.15e+03           18           18           18            0           100.0   0.0   0.0   0.0     0.0

Timestep 2       Time=2e-05       Next delT=1e-05       Wall Time=0.199041  EMA=0.0664855   Memory Used=118.83 MBs (avg) 119.40 MBs (max on rank: 42    )
Runtime Summary  summary stats for time step 2 at time=2e-05
  Description       Units       Minimum           Rank   Average (64)      Std. Dev.         Maximum           Rank   100*(1-ave/max) '% load imbalance'
  TaskExec          [seconds] : 0.0372438       : 26   : 0.0431656       : 0.0026096       : 0.0484834       : 53   : 10.9683
  TaskLocalComm     [seconds] : 0.00672754      : 2    : 0.00814837      : 0.00100236      : 0.0111454       : 42   : 26.8905
  TaskWaitCommTime  [seconds] : 0.00289468      : 53   : 0.00821715      : 0.00258743      : 0.0141798       : 26   : 42.0501
  NumberOfTasks     [tasks  ] : 10              : 0    : 10              : 0               : 10              : 0    : 0
  NumberOfPatches   [patches] : 1               : 0    : 1               : 0               : 1               : 0    : 0
  NumberOfCells     [cells  ] : 32768           : 0    : 32768           : 0               : 32768           : 0    : 0
  SCIMemoryUsed     [MBytes ] : 1.18354e+08     : 45   : 1.18829e+08     : 251689          : 1.19398e+08     : 42   : 0.476737
  SCIMemoryMaxUsed  [MBytes ] : 1.18354e+08     : 45   : 1.18829e+08     : 251689          : 1.19398e+08     : 42   : 0.476737
  MemoryUsed        [MBytes ] : 7.00809e+08     : 60   : 7.00999e+08     : 76409.5         : 7.01145e+08     : 8    : 0.0208482
  MemoryResident    [MBytes ] : 1.18354e+08     : 45   : 1.18829e+08     : 251689          : 1.19398e+08     : 42   : 0.476737
  Percentage of time spent in overhead : 9.05301

________________________________________________________________________________
--------------------------------------------------------------------------------
MPIStats:+
--------------------------------------------------------------------------------
                Name:       Total:         Avg:         Min:         Max:    Max rank: Hist %% [  Q1 |  Q2 |  Q3 |  Q4 ]:  %%Load Imbalance
         Count: Recv:     4.99e+03           78           78           78            0           100.0   0.0   0.0   0.0     0.0
         Count: Redu:          512            8            8            8            0           100.0   0.0   0.0   0.0     0.0
         Count: Send:     4.99e+03           78           78           78            0           100.0   0.0   0.0   0.0     0.0
         Count: Test:          732         11.4           10           20           63            81.2   3.1   9.4   6.2    42.8
         Count: Wait:     9.34e+03          146          146          146            0           100.0   0.0   0.0   0.0     0.0
          Time: Recv:      2.71 ms    0.0423 ms    0.0271 ms    0.0902 ms           63            73.4  10.9   7.8   7.8    53.1
          Time: Redu:     0.416 s        6.5 ms     0.279 ms        11 ms           29             7.8  17.2  57.8  17.2    40.9
          Time: Send:      48.4 ms     0.756 ms     0.484 ms      1.14 ms           61            26.6  40.6  18.8  14.1    33.6
          Time: Test:     0.993 ms    0.0155 ms  4.43e+03 ns     0.104 ms           55            87.5   9.4   1.6   1.6    85.1
          Time: Wait:     0.388 s       6.06 ms      1.61 ms      12.1 ms           32            15.6  65.6   6.2  12.5    49.9
Volume Recv TOTAL   :        99 MB      1.55 MB      1.55 MB      1.55 MB            0            98.4   0.0   0.0   1.6     0.1
Volume Recv0: <= 64B:          577         9.02            9           10            0            98.4   0.0   0.0   1.6     9.8
Volume Recv1: <= 4KB:      3.4e+03         53.1           53           58            0            98.4   0.0   0.0   1.6     8.5
Volume Recv2: <= 2MB:     1.15e+03           18           18           18            0           100.0   0.0   0.0   0.0     0.0
Volume Send TOTAL   :      99.1 MB      1.55 MB      1.55 MB      1.55 MB            0           100.0   0.0   0.0   0.0     0.0
Volume Send0: <= 64B:          640           10           10           10            0           100.0   0.0   0.0   0.0     0.0
Volume Send1: <= 4KB:     3.71e+03           58           58           58            0           100.0   0.0   0.0   0.0     0.0
Volume Send2: <= 2MB:     1.15e+03           18           18           18            0           100.0   0.0   0.0   0.0     0.0

Timestep 3       Time=3e-05       Next delT=1e-05       Wall Time=0.254662  EMA=0.0610527   Memory Used=120.72 MBs (avg) 121.29 MBs (max on rank: 42    )
Runtime Summary  summary stats for time step 3 at time=3e-05
  Description       Units       Minimum           Rank   Average (64)      Std. Dev.         Maximum           Rank   100*(1-ave/max) '% load imbalance'
  TaskExec          [seconds] : 0.037149        : 19   : 0.0433636       : 0.002431        : 0.0481496       : 14   : 9.9398
  TaskLocalComm     [seconds] : 0.00634298      : 22   : 0.00764566      : 0.000904098     : 0.0105056       : 47   : 27.2231
  TaskWaitCommTime  [seconds] : 0.00274546      : 14   : 0.00738255      : 0.00231356      : 0.0133122       : 26   : 44.5432
  NumberOfTasks     [tasks  ] : 10              : 0    : 10              : 0               : 10              : 0    : 0
  NumberOfPatches   [patches] : 1               : 0    : 1               : 0               : 1               : 0    : 0
  NumberOfCells     [cells  ] : 32768           : 0    : 32768           : 0               : 32768           : 0    : 0
  SCIMemoryUsed     [MBytes ] : 1.20242e+08     : 45   : 1.20716e+08     : 249974          : 1.21287e+08     : 42   : 0.470634
  SCIMemoryMaxUsed  [MBytes ] : 1.20242e+08     : 45   : 1.20716e+08     : 249974          : 1.21287e+08     : 42   : 0.470634
  MemoryUsed        [MBytes ] : 7.02321e+08     : 60   : 7.02574e+08     : 80501.9         : 7.02718e+08     : 4    : 0.020501
  MemoryResident    [MBytes ] : 1.20242e+08     : 45   : 1.20716e+08     : 249974          : 1.21287e+08     : 42   : 0.470634
  Percentage of time spent in overhead : 6.03492

________________________________________________________________________________
--------------------------------------------------------------------------------
MPIStats:+
--------------------------------------------------------------------------------
                Name:       Total:         Avg:         Min:         Max:    Max rank: Hist %% [  Q1 |  Q2 |  Q3 |  Q4 ]:  %%Load Imbalance
         Count: Recv:     4.99e+03           78           78           78            0           100.0   0.0   0.0   0.0     0.0
         Count: Redu:          512            8            8            8            0           100.0   0.0   0.0   0.0     0.0
         Count: Send:     4.99e+03           78           78           78            0           100.0   0.0   0.0   0.0     0.0
         Count: Test:          732         11.4           10           20           63            82.8   1.6   9.4   6.2    42.8
         Count: Wait:     9.34e+03          146          146          146            0           100.0   0.0   0.0   0.0     0.0
          Time: Recv:       2.4 ms    0.0374 ms    0.0278 ms    0.0692 ms           48            73.4  17.2   1.6   7.8    45.9
          Time: Redu:     0.452 s       7.06 ms     0.272 ms      14.3 ms           40             3.1  68.8  18.8   9.4    50.8
          Time: Send:      45.4 ms     0.709 ms     0.397 ms      1.09 ms           32            21.9  34.4  34.4   9.4    35.1
          Time: Test:      1.06 ms    0.0166 ms  3.94e+03 ns     0.237 ms           31            98.4   0.0   0.0   1.6    93.0
          Time: Wait:     0.283 s       4.42 ms      1.02 ms      12.2 ms           32            39.1  50.0   7.8   3.1    63.9
Volume Recv TOTAL   :        99 MB      1.55 MB      1.55 MB      1.55 MB            0            98.4   0.0   0.0   1.6     0.1
Volume Recv0: <= 64B:          577         9.02            9           10            0            98.4   0.0   0.0   1.6     9.8
Volume Recv1: <= 4KB:      3.4e+03         53.1           53           58            0            98.4   0.0   0.0   1.6     8.5
Volume Recv2: <= 2MB:     1.15e+03           18           18           18            0           100.0   0.0   0.0   0.0     0.0
Volume Send TOTAL   :      99.1 MB      1.55 MB      1.55 MB      1.55 MB            0           100.0   0.0   0.0   0.0     0.0
Volume Send0: <= 64B:          640           10           10           10            0           100.0   0.0   0.0   0.0     0.0
Volume Send1: <= 4KB:     3.71e+03           58           58           58            0           100.0   0.0   0.0   0.0     0.0
Volume Send2: <= 2MB:     1.15e+03           18           18           18            0           100.0   0.0   0.0   0.0     0.0

Timestep 4       Time=4e-05       Next delT=1e-05       Wall Time=0.30888   EMA=0.058318    Memory Used=120.99 MBs (avg) 121.56 MBs (max on rank: 42    )
Runtime Summary  summary stats for time step 4 at time=4e-05
  Description       Units       Minimum           Rank   Average (64)      Std. Dev.         Maximum           Rank   100*(1-ave/max) '% load imbalance'
  TaskExec          [seconds] : 0.0356681       : 32   : 0.043912        : 0.00255009      : 0.0477728       : 10   : 8.08151
  TaskLocalComm     [seconds] : 0.00620526      : 0    : 0.007393        : 0.000697136     : 0.0105057       : 4    : 29.6287
  TaskWaitCommTime  [seconds] : 0.00177129      : 41   : 0.00565347      : 0.00253599      : 0.013698        : 32   : 58.7276
  NumberOfTasks     [tasks  ] : 10              : 0    : 10              : 0               : 10              : 0    : 0
  NumberOfPatches   [patches] : 1               : 0    : 1               : 0               : 1               : 0    : 0
  NumberOfCells     [cells  ] : 32768           : 0    : 32768           : 0               : 32768           : 0    : 0
  SCIMemoryUsed     [MBytes ] : 1.20513e+08     : 45   : 1.20991e+08     : 250769          : 1.21557e+08     : 42   : 0.465375
  SCIMemoryMaxUsed  [MBytes ] : 1.20513e+08     : 45   : 1.20991e+08     : 250769          : 1.21557e+08     : 42   : 0.465375
  MemoryUsed        [MBytes ] : 7.02321e+08     : 60   : 7.02577e+08     : 79967.8         : 7.02718e+08     : 4    : 0.0200456
  MemoryResident    [MBytes ] : 1.20513e+08     : 45   : 1.20991e+08     : 250769          : 1.21557e+08     : 42   : 0.465375
  Percentage of time spent in overhead : 4.52527

________________________________________________________________________________
--------------------------------------------------------------------------------
MPIStats:+
--------------------------------------------------------------------------------
                Name:       Total:         Avg:         Min:         Max:    Max rank: Hist %% [  Q1 |  Q2 |  Q3 |  Q4 ]:  %%Load Imbalance
         Count: Recv:     4.99e+03           78           78           78            0           100.0   0.0   0.0   0.0     0.0
         Count: Redu:          512            8            8            8            0           100.0   0.0   0.0   0.0     0.0
         Count: Send:     4.99e+03           78           78           78            0           100.0   0.0   0.0   0.0     0.0
         Count: Test:          734         11.5           10           20           61            81.2   3.1   9.4   6.2    42.7
         Count: Wait:     9.34e+03          146          146          146            0           100.0   0.0   0.0   0.0     0.0
          Time: Recv:      2.48 ms    0.0388 ms    0.0293 ms    0.0854 ms           61            79.7  10.9   7.8   1.6    54.5
          Time: Redu:     0.397 s        6.2 ms     0.255 ms        15 ms           40             6.2  79.7   4.7   9.4    58.8
          Time: Send:      46.2 ms     0.722 ms     0.377 ms       1.1 ms           28            20.3  32.8  26.6  20.3    34.3
          Time: Test:     0.906 ms    0.0142 ms  5.02e+03 ns     0.066 ms           31            79.7  14.1   3.1   3.1    78.5
          Time: Wait:     0.265 s       4.14 ms      1.02 ms      12.4 ms           32            45.3  43.8   7.8   3.1    66.6
Volume Recv TOTAL   :        99 MB      1.55 MB      1.55 MB      1.55 MB            0            98.4   0.0   0.0   1.6     0.1
Volume Recv0: <= 64B:          577         9.02            9           10            0            98.4   0.0   0.0   1.6     9.8
Volume Recv1: <= 4KB:      3.4e+03         53.1           53           58            0            98.4   0.0   0.0   1.6     8.5
Volume Recv2: <= 2MB:     1.15e+03           18           18           18            0           100.0   0.0   0.0   0.0     0.0
Volume Send TOTAL   :      99.1 MB      1.55 MB      1.55 MB      1.55 MB            0           100.0   0.0   0.0   0.0     0.0
Volume Send0: <= 64B:          640           10           10           10            0           100.0   0.0   0.0   0.0     0.0
Volume Send1: <= 4KB:     3.71e+03           58           58           58            0           100.0   0.0   0.0   0.0     0.0
Volume Send2: <= 2MB:     1.15e+03           18           18           18            0           100.0   0.0   0.0   0.0     0.0

Timestep 5       Time=5e-05       Next delT=1e-05       Wall Time=0.362147  EMA=0.0566352   Memory Used=121.27 MBs (avg) 121.83 MBs (max on rank: 42    )
Runtime Summary  summary stats for time step 5 at time=5e-05
  Description       Units       Minimum           Rank   Average (64)      Std. Dev.         Maximum           Rank   100*(1-ave/max) '% load imbalance'
  TaskExec          [seconds] : 0.034131        : 32   : 0.0431524       : 0.0026195       : 0.0467666       : 18   : 7.72813
  TaskLocalComm     [seconds] : 0.00626921      : 0    : 0.00750979      : 0.00068517      : 0.0104172       : 4    : 27.9096
  TaskWaitCommTime  [seconds] : 0.00196336      : 31   : 0.00538023      : 0.00259993      : 0.0141656       : 32   : 62.0189
  NumberOfTasks     [tasks  ] : 10              : 0    : 10              : 0               : 10              : 0    : 0
  NumberOfPatches   [patches] : 1               : 0    : 1               : 0               : 1               : 0    : 0
  NumberOfCells     [cells  ] : 32768           : 0    : 32768           : 0               : 32768           : 0    : 0
  SCIMemoryUsed     [MBytes ] : 1.20783e+08     : 45   : 1.2127e+08      : 250008          : 1.21827e+08     : 42   : 0.457408
  SCIMemoryMaxUsed  [MBytes ] : 1.20783e+08     : 45   : 1.2127e+08      : 250008          : 1.21827e+08     : 42   : 0.457408
  MemoryUsed        [MBytes ] : 7.02321e+08     : 60   : 7.02577e+08     : 79967.8         : 7.02718e+08     : 4    : 0.0200456
  MemoryResident    [MBytes ] : 1.20783e+08     : 45   : 1.2127e+08      : 250008          : 1.21827e+08     : 42   : 0.457408
  Percentage of time spent in overhead : 3.61874

________________________________________________________________________________
--------------------------------------------------------------------------------
MPIStats:+
--------------------------------------------------------------------------------
                Name:       Total:         Avg:         Min:         Max:    Max rank: Hist %% [  Q1 |  Q2 |  Q3 |  Q4 ]:  %%Load Imbalance
         Count: Recv:     4.99e+03           78           78           78            0           100.0   0.0   0.0   0.0     0.0
         Count: Redu:          512            8            8            8            0           100.0   0.0   0.0   0.0     0.0
         Count: Send:     4.99e+03           78           78           78            0           100.0   0.0   0.0   0.0     0.0
         Count: Test:          739         11.5           10           21           63            78.1  14.1   3.1   4.7    45.0
         Count: Wait:     9.34e+03          146          146          146            0           100.0   0.0   0.0   0.0     0.0
          Time: Recv:      2.44 ms    0.0381 ms    0.0298 ms    0.0841 ms           60            81.2  17.2   0.0   1.6    54.7
          Time: Redu:     0.376 s       5.88 ms     0.246 ms      9.94 ms            7             3.1  23.4  57.8  15.6    40.9
          Time: Send:      42.9 ms      0.67 ms     0.358 ms      1.29 ms           20            39.1  40.6  15.6   4.7    48.2
          Time: Test:     0.967 ms    0.0151 ms  4.35e+03 ns    0.0624 ms           62            71.9  15.6  10.9   1.6    75.8
          Time: Wait:      98.7 ms      1.54 ms     0.913 ms       3.3 ms           24            46.9  48.4   1.6   3.1    53.3
Volume Recv TOTAL   :        99 MB      1.55 MB      1.55 MB      1.55 MB            0            98.4   0.0   0.0   1.6     0.1
Volume Recv0: <= 64B:          577         9.02            9           10            0            98.4   0.0   0.0   1.6     9.8
Volume Recv1: <= 4KB:      3.4e+03         53.1           53           58            0            98.4   0.0   0.0   1.6     8.5
Volume Recv2: <= 2MB:     1.15e+03           18           18           18            0           100.0   0.0   0.0   0.0     0.0
Volume Send TOTAL   :      99.1 MB      1.55 MB      1.55 MB      1.55 MB            0           100.0   0.0   0.0   0.0     0.0
Volume Send0: <= 64B:          640           10           10           10            0           100.0   0.0   0.0   0.0     0.0
Volume Send1: <= 4KB:     3.71e+03           58           58           58            0           100.0   0.0   0.0   0.0     0.0
Volume Send2: <= 2MB:     1.15e+03           18           18           18            0           100.0   0.0   0.0   0.0     0.0

Timestep 6       Time=6e-05       Next delT=1e-05       Wall Time=0.415329  EMA=0.0556486   Memory Used=121.62 MBs (avg) 122.40 MBs (max on rank: 42    )
Runtime Summary  summary stats for time step 6 at time=6e-05
  Description       Units       Minimum           Rank   Average (64)      Std. Dev.         Maximum           Rank   100*(1-ave/max) '% load imbalance'
  TaskExec          [seconds] : 0.0425631       : 27   : 0.0456918       : 0.00077906      : 0.0469279       : 5    : 2.63414
  TaskLocalComm     [seconds] : 0.00679348      : 16   : 0.00750881      : 0.000465808     : 0.00949847      : 27   : 20.9472
  TaskWaitCommTime  [seconds] : 0.00193007      : 11   : 0.00279318      : 0.000548094     : 0.00494777      : 24   : 43.5467
  NumberOfTasks     [tasks  ] : 10              : 0    : 10              : 0               : 10              : 0    : 0
  NumberOfPatches   [patches] : 1               : 0    : 1               : 0               : 1               : 0    : 0
  NumberOfCells     [cells  ] : 32768           : 0    : 32768           : 0               : 32768           : 0    : 0
  SCIMemoryUsed     [MBytes ] : 1.21053e+08     : 45   : 1.21616e+08     : 288683          : 1.22397e+08     : 42   : 0.638083
  SCIMemoryMaxUsed  [MBytes ] : 1.21053e+08     : 45   : 1.21616e+08     : 288683          : 1.22397e+08     : 42   : 0.638083
  MemoryUsed        [MBytes ] : 7.02321e+08     : 60   : 7.02583e+08     : 77662.8         : 7.02718e+08     : 4    : 0.0192624
  MemoryResident    [MBytes ] : 1.21053e+08     : 45   : 1.21616e+08     : 288683          : 1.22397e+08     : 42   : 0.638083
  Percentage of time spent in overhead : 3.01357

________________________________________________________________________________
--------------------------------------------------------------------------------
MPIStats:+
--------------------------------------------------------------------------------
                Name:       Total:         Avg:         Min:         Max:    Max rank: Hist %% [  Q1 |  Q2 |  Q3 |  Q4 ]:  %%Load Imbalance
         Count: Recv:     4.99e+03           78           78           78            0           100.0   0.0   0.0   0.0     0.0
         Count: Redu:          512            8            8            8            0           100.0   0.0   0.0   0.0     0.0
         Count: Send:     4.99e+03           78           78           78            0           100.0   0.0   0.0   0.0     0.0
         Count: Test:          735         11.5           10           20           63            79.7   4.7   9.4   6.2    42.6
         Count: Wait:     9.34e+03          146          146          146            0           100.0   0.0   0.0   0.0     0.0
          Time: Recv:       2.6 ms    0.0405 ms    0.0288 ms     0.107 ms           62            82.8  12.5   3.1   1.6    62.2
          Time: Redu:     0.523 s       8.17 ms     0.204 ms      15.8 ms           50             3.1  68.8   9.4  18.8    48.3
          Time: Send:      42.3 ms     0.661 ms     0.374 ms      1.07 ms           27            34.4  29.7  17.2  18.8    38.1
          Time: Test:      1.03 ms    0.0161 ms  4.52e+03 ns     0.118 ms           53            81.2  17.2   0.0   1.6    86.4
          Time: Wait:       0.4 s       6.25 ms     0.974 ms      15.6 ms            7            45.3   9.4  40.6   4.7    59.9
Volume Recv TOTAL   :        99 MB      1.55 MB      1.55 MB      1.55 MB            0            98.4   0.0   0.0   1.6     0.1
Volume Recv0: <= 64B:          577         9.02            9           10            0            98.4   0.0   0.0   1.6     9.8
Volume Recv1: <= 4KB:      3.4e+03         53.1           53           58            0            98.4   0.0   0.0   1.6     8.5
Volume Recv2: <= 2MB:     1.15e+03           18           18           18            0           100.0   0.0   0.0   0.0     0.0
Volume Send TOTAL   :      99.1 MB      1.55 MB      1.55 MB      1.55 MB            0           100.0   0.0   0.0   0.0     0.0
Volume Send0: <= 64B:          640           10           10           10            0           100.0   0.0   0.0   0.0     0.0
Volume Send1: <= 4KB:     3.71e+03           58           58           58            0           100.0   0.0   0.0   0.0     0.0
Volume Send2: <= 2MB:     1.15e+03           18           18           18            0           100.0   0.0   0.0   0.0     0.0

Timestep 7       Time=7e-05       Next delT=1e-05       Wall Time=0.469802  EMA=0.0553549   Memory Used=121.94 MBs (avg) 122.67 MBs (max on rank: 42    )
Runtime Summary  summary stats for time step 7 at time=7e-05
  Description       Units       Minimum           Rank   Average (64)      Std. Dev.         Maximum           Rank   100*(1-ave/max) '% load imbalance'
  TaskExec          [seconds] : 0.0322422       : 7    : 0.0420827       : 0.0041366       : 0.0478524       : 25   : 12.0573
  TaskLocalComm     [seconds] : 0.00650513      : 36   : 0.00744824      : 0.000785179     : 0.0108924       : 27   : 31.6199
  TaskWaitCommTime  [seconds] : 0.00202516      : 55   : 0.00764591      : 0.0041526       : 0.0175039       : 7    : 56.3189
  NumberOfTasks     [tasks  ] : 10              : 0    : 10              : 0               : 10              : 0    : 0
  NumberOfPatches   [patches] : 1               : 0    : 1               : 0               : 1               : 0    : 0
  NumberOfCells     [cells  ] : 32768           : 0    : 32768           : 0               : 32768           : 0    : 0
  SCIMemoryUsed     [MBytes ] : 1.21324e+08     : 45   : 1.21941e+08     : 280074          : 1.22667e+08     : 42   : 0.591703
  SCIMemoryMaxUsed  [MBytes ] : 1.21324e+08     : 45   : 1.21941e+08     : 280074          : 1.22667e+08     : 42   : 0.591703
  MemoryUsed        [MBytes ] : 7.02321e+08     : 60   : 7.02585e+08     : 73231.5         : 7.02718e+08     : 4    : 0.0189527
  MemoryResident    [MBytes ] : 1.21324e+08     : 45   : 1.21941e+08     : 280074          : 1.22667e+08     : 42   : 0.591703
  Percentage of time spent in overhead : 2.58041

________________________________________________________________________________
--------------------------------------------------------------------------------
MPIStats:+
--------------------------------------------------------------------------------
                Name:       Total:         Avg:         Min:         Max:    Max rank: Hist %% [  Q1 |  Q2 |  Q3 |  Q4 ]:  %%Load Imbalance
         Count: Recv:     4.99e+03           78           78           78            0           100.0   0.0   0.0   0.0     0.0
         Count: Redu:          512            8            8            8            0           100.0   0.0   0.0   0.0     0.0
         Count: Send:     4.99e+03           78           78           78            0           100.0   0.0   0.0   0.0     0.0
         Count: Test:          737         11.5           10           20           63            78.1   6.2   9.4   6.2    42.4
         Count: Wait:     9.34e+03          146          146          146            0           100.0   0.0   0.0   0.0     0.0
          Time: Recv:      2.59 ms    0.0404 ms    0.0285 ms    0.0811 ms           63            76.6   9.4   7.8   6.2    50.2
          Time: Redu:     0.531 s        8.3 ms     0.247 ms      15.5 ms           54             3.1  59.4  18.8  18.8    46.3
          Time: Send:      38.9 ms     0.608 ms     0.371 ms      1.06 ms           50            37.5  42.2  14.1   6.2    42.6
          Time: Test:     0.859 ms    0.0134 ms  4.81e+03 ns    0.0484 ms           62            71.9  14.1   6.2   7.8    72.3
          Time: Wait:     0.375 s       5.86 ms      1.05 ms      15.3 ms            7            46.9  12.5  35.9   4.7    61.8
Volume Recv TOTAL   :        99 MB      1.55 MB      1.55 MB      1.55 MB            0            98.4   0.0   0.0   1.6     0.1
Volume Recv0: <= 64B:          577         9.02            9           10            0            98.4   0.0   0.0   1.6     9.8
Volume Recv1: <= 4KB:      3.4e+03         53.1           53           58            0            98.4   0.0   0.0   1.6     8.5
Volume Recv2: <= 2MB:     1.15e+03           18           18           18            0           100.0   0.0   0.0   0.0     0.0
Volume Send TOTAL   :      99.1 MB      1.55 MB      1.55 MB      1.55 MB            0           100.0   0.0   0.0   0.0     0.0
Volume Send0: <= 64B:          640           10           10           10            0           100.0   0.0   0.0   0.0     0.0
Volume Send1: <= 4KB:     3.71e+03           58           58           58            0           100.0   0.0   0.0   0.0     0.0
Volume Send2: <= 2MB:     1.15e+03           18           18           18            0           100.0   0.0   0.0   0.0     0.0

Timestep 8       Time=8e-05       Next delT=1e-05       Wall Time=0.524105  EMA=0.0551208   Memory Used=122.26 MBs (avg) 122.94 MBs (max on rank: 42    )
Runtime Summary  summary stats for time step 8 at time=8e-05
  Description       Units       Minimum           Rank   Average (64)      Std. Dev.         Maximum           Rank   100*(1-ave/max) '% load imbalance'
  TaskExec          [seconds] : 0.0324305       : 7    : 0.0422413       : 0.00385667      : 0.0478045       : 1    : 11.6373
  TaskLocalComm     [seconds] : 0.0064656       : 40   : 0.00746446      : 0.00076406      : 0.0106108       : 27   : 29.6524
  TaskWaitCommTime  [seconds] : 0.00201705      : 21   : 0.00724273      : 0.00390133      : 0.0170281       : 7    : 57.4661
  NumberOfTasks     [tasks  ] : 10              : 0    : 10              : 0               : 10              : 0    : 0
  NumberOfPatches   [patches] : 1               : 0    : 1               : 0               : 1               : 0    : 0
  NumberOfCells     [cells  ] : 32768           : 0    : 32768           : 0               : 32768           : 0    : 0
  SCIMemoryUsed     [MBytes ] : 1.21594e+08     : 45   : 1.22259e+08     : 276642          : 1.22937e+08     : 42   : 0.551513
  SCIMemoryMaxUsed  [MBytes ] : 1.21594e+08     : 45   : 1.22259e+08     : 276642          : 1.22937e+08     : 42   : 0.551513
  MemoryUsed        [MBytes ] : 7.02321e+08     : 60   : 7.02587e+08     : 71255.7         : 7.02718e+08     : 4    : 0.0186521
  MemoryResident    [MBytes ] : 1.21594e+08     : 45   : 1.22259e+08     : 276642          : 1.22937e+08     : 42   : 0.551513
  Percentage of time spent in overhead : 2.25459

________________________________________________________________________________
--------------------------------------------------------------------------------
MPIStats:+
--------------------------------------------------------------------------------
                Name:       Total:         Avg:         Min:         Max:    Max rank: Hist %% [  Q1 |  Q2 |  Q3 |  Q4 ]:  %%Load Imbalance
         Count: Recv:     4.99e+03           78           78           78            0           100.0   0.0   0.0   0.0     0.0
         Count: Redu:          512            8            8            8            0           100.0   0.0   0.0   0.0     0.0
         Count: Send:     4.99e+03           78           78           78            0           100.0   0.0   0.0   0.0     0.0
         Count: Test:          733         11.5           10           20           63            81.2   3.1   9.4   6.2    42.7
         Count: Wait:     9.34e+03          146          146          146            0           100.0   0.0   0.0   0.0     0.0
          Time: Recv:      2.68 ms    0.0419 ms    0.0307 ms    0.0853 ms           62            75.0   7.8  14.1   3.1    50.9
          Time: Redu:     0.513 s       8.01 ms     0.274 ms      15.1 ms           58             3.1  62.5  15.6  18.8    47.1
          Time: Send:        40 ms     0.625 ms     0.334 ms      1.04 ms           58            35.9  26.6  25.0  12.5    39.9
          Time: Test:     0.892 ms    0.0139 ms  4.29e+03 ns    0.0534 ms           60            71.9  17.2   1.6   9.4    73.9
          Time: Wait:      0.37 s       5.78 ms       1.2 ms      15.1 ms            7            46.9  17.2  31.2   4.7    61.6
Volume Recv TOTAL   :        99 MB      1.55 MB      1.55 MB      1.55 MB            0            98.4   0.0   0.0   1.6     0.1
Volume Recv0: <= 64B:          577         9.02            9           10            0            98.4   0.0   0.0   1.6     9.8
Volume Recv1: <= 4KB:      3.4e+03         53.1           53           58            0            98.4   0.0   0.0   1.6     8.5
Volume Recv2: <= 2MB:     1.15e+03           18           18           18            0           100.0   0.0   0.0   0.0     0.0
Volume Send TOTAL   :      99.1 MB      1.55 MB      1.55 MB      1.55 MB            0           100.0   0.0   0.0   0.0     0.0
Volume Send0: <= 64B:          640           10           10           10            0           100.0   0.0   0.0   0.0     0.0
Volume Send1: <= 4KB:     3.71e+03           58           58           58            0           100.0   0.0   0.0   0.0     0.0
Volume Send2: <= 2MB:     1.15e+03           18           18           18            0           100.0   0.0   0.0   0.0     0.0

Timestep 9       Time=9e-05       Next delT=1e-05       Wall Time=0.578321  EMA=0.0549397   Memory Used=122.56 MBs (avg) 123.21 MBs (max on rank: 42    )
Runtime Summary  summary stats for time step 9 at time=9e-05
  Description       Units       Minimum           Rank   Average (64)      Std. Dev.         Maximum           Rank   100*(1-ave/max) '% load imbalance'
  TaskExec          [seconds] : 0.0328302       : 7    : 0.0420481       : 0.0037071       : 0.0472668       : 33   : 11.0409
  TaskLocalComm     [seconds] : 0.00661194      : 16   : 0.00766081      : 0.000831166     : 0.011066        : 19   : 30.7719
  TaskWaitCommTime  [seconds] : 0.00224443      : 33   : 0.00721043      : 0.00376266      : 0.0164888       : 7    : 56.2707
  NumberOfTasks     [tasks  ] : 10              : 0    : 10              : 0               : 10              : 0    : 0
  NumberOfPatches   [patches] : 1               : 0    : 1               : 0               : 1               : 0    : 0
  NumberOfCells     [cells  ] : 32768           : 0    : 32768           : 0               : 32768           : 0    : 0
  SCIMemoryUsed     [MBytes ] : 1.21864e+08     : 45   : 1.22555e+08     : 266653          : 1.23208e+08     : 42   : 0.529733
  SCIMemoryMaxUsed  [MBytes ] : 1.21864e+08     : 45   : 1.22555e+08     : 266653          : 1.23208e+08     : 42   : 0.529733
  MemoryUsed        [MBytes ] : 7.02321e+08     : 60   : 7.02587e+08     : 71255.7         : 7.02718e+08     : 4    : 0.0186521
  MemoryResident    [MBytes ] : 1.21864e+08     : 45   : 1.22555e+08     : 266653          : 1.23208e+08     : 42   : 0.529733
  Percentage of time spent in overhead : 2.0002

________________________________________________________________________________
--------------------------------------------------------------------------------
MPIStats:+
--------------------------------------------------------------------------------
                Name:       Total:         Avg:         Min:         Max:    Max rank: Hist %% [  Q1 |  Q2 |  Q3 |  Q4 ]:  %%Load Imbalance
         Count: Recv:     4.99e+03           78           78           78            0           100.0   0.0   0.0   0.0     0.0
         Count: Redu:          512            8            8            8            0           100.0   0.0   0.0   0.0     0.0
         Count: Send:     4.99e+03           78           78           78            0           100.0   0.0   0.0   0.0     0.0
         Count: Test:          734         11.5           10           21           63            79.7  14.1   1.6   4.7    45.4
         Count: Wait:     9.34e+03          146          146          146            0           100.0   0.0   0.0   0.0     0.0
          Time: Recv:      2.64 ms    0.0412 ms    0.0292 ms    0.0917 ms           60            73.4  15.6   9.4   1.6    55.1
          Time: Redu:     0.469 s       7.33 ms     0.229 ms      14.6 ms           50             1.6  73.4   6.2  18.8    49.8
          Time: Send:      37.3 ms     0.583 ms     0.341 ms       1.1 ms           45            50.0  26.6  17.2   6.2    47.1
          Time: Test:      1.02 ms    0.0159 ms  3.76e+03 ns     0.074 ms           55            78.1   9.4   9.4   3.1    78.5
          Time: Wait:     0.372 s       5.81 ms      1.22 ms      14.9 ms            7            46.9  14.1  34.4   4.7    61.1
Volume Recv TOTAL   :        99 MB      1.55 MB      1.55 MB      1.55 MB            0            98.4   0.0   0.0   1.6     0.1
Volume Recv0: <= 64B:          577         9.02            9           10            0            98.4   0.0   0.0   1.6     9.8
Volume Recv1: <= 4KB:      3.4e+03         53.1           53           58            0            98.4   0.0   0.0   1.6     8.5
Volume Recv2: <= 2MB:     1.15e+03           18           18           18            0           100.0   0.0   0.0   0.0     0.0
Volume Send TOTAL   :      99.1 MB      1.55 MB      1.55 MB      1.55 MB            0           100.0   0.0   0.0   0.0     0.0
Volume Send0: <= 64B:          640           10           10           10            0           100.0   0.0   0.0   0.0     0.0
Volume Send1: <= 4KB:     3.71e+03           58           58           58            0           100.0   0.0   0.0   0.0     0.0
Volume Send2: <= 2MB:     1.15e+03           18           18           18            0           100.0   0.0   0.0   0.0     0.0

Timestep 10      Time=0.0001      Next delT=1e-05       Wall Time=0.631803  EMA=0.0546746   Memory Used=122.82 MBs (avg) 123.48 MBs (max on rank: 42    )
Runtime Summary  summary stats for time step 10 at time=0.0001
  Description       Units       Minimum           Rank   Average (64)      Std. Dev.         Maximum           Rank   100*(1-ave/max) '% load imbalance'
  TaskExec          [seconds] : 0.0321818       : 7    : 0.0414594       : 0.00375315      : 0.0464939       : 37   : 10.8284
  TaskLocalComm     [seconds] : 0.00649639      : 36   : 0.0074195       : 0.000779785     : 0.0111338       : 19   : 33.3604
  TaskWaitCommTime  [seconds] : 0.0023119       : 55   : 0.00717409      : 0.00381629      : 0.0164296       : 7    : 56.3343
  NumberOfTasks     [tasks  ] : 10              : 0    : 10              : 0               : 10              : 0    : 0
  NumberOfPatches   [patches] : 1               : 0    : 1               : 0               : 1               : 0    : 0
  NumberOfCells     [cells  ] : 32768           : 0    : 32768           : 0               : 32768           : 0    : 0
  SCIMemoryUsed     [MBytes ] : 1.22135e+08     : 45   : 1.22817e+08     : 270141          : 1.23478e+08     : 42   : 0.535415
  SCIMemoryMaxUsed  [MBytes ] : 1.22135e+08     : 45   : 1.22817e+08     : 270141          : 1.23478e+08     : 42   : 0.535415
  MemoryUsed        [MBytes ] : 7.02321e+08     : 60   : 7.02589e+08     : 72870.6         : 7.02718e+08     : 4    : 0.0183516
  MemoryResident    [MBytes ] : 1.22135e+08     : 45   : 1.22817e+08     : 270141          : 1.23478e+08     : 42   : 0.535415
  Percentage of time spent in overhead : 1.79567
Sus: going down successfully
